100
92 22 6 200
415 802 796 445 703 949 
R U R R R D D R D R D D D D D D D D D D D L D D L L D D L L L L D D D D L L R R U U U U R R R R U U R R U U R U U U U U U U U U U U L U L U U L L U U U U D D D D L L L U L L L L L L L D L L L L L D L L L L L L U U U U U U U L L L D U R R R D D D D D D R R R R U U R R R U U L L U U L U U L L L U L L L U L L L U U L L L U L L L L L L L R R R R U U L L L L L L R R R D D D D U U U U R R R R L D D R R 
49 76 4 200
662 141 200 633 
R U U D D L D D D D D D D L L L D L D D U U R U R U U D D R R U U U U U U U R R R R R U U L L L L L L L L U U D D D L L L D L L R R U R R R U R R R R R R R R D D L L L L L R R R R R R R R D R W W W W W W W W W W W W R D R D D D D L D D D D D D W W W W W W W W W W W W W W W W W W W W W W W W W W W W W W W W W L L L L L L D U R R R R R R D R R R U U R U U R U R R D U L L D L D D D D D D D D D D U U 
6 44 6 200
543 899 399 50 475 249 
R R D D D R R D R D D R D D D D D D D L U L L L L U U L U U L R D D R D D R R R R D R U R L U U U U U U L U U L U L L U L L L L L L L L U U U U U U U U U U U U R U U U U U U U R U R R R R R U D L L L L L D L D D D D R R R U U R D D D D D R D D U U D D D R R D R R D D D R L U U U L L U L L U U U L U U U U U L L L U U L U L U U R R R U R U R U R R D D D D D D D R R D R L U L L U U U U U U U L L D L 
60 84 3 182
441 612 307 
D D D D D D D L D L R U R U U R R R L U U U U U U U L L L L D D U U R R R R D D D D D D D L L U U U U U D R R U U U L L L L U W W W W W W W W W W W W W W W W W W W W W W W W W W W W W W W W W W U R R R R R R R L L L L L L L D D D D D L D D D U U U R U U U R R R R D L L U L U L L U L L U U D D R R D R R D R D R R D D R R D D D D R R D R L U L L U U U U L L L L U 
18 92 3 56
208 32 884 
R R R R R R R D R R D D D D D R D D R L D L R U U R R R R R R R L L L L L L L U L U U U U U L L U L L L L L L L 
37 75 3 200
401 813 492 
R R U U R U D L D D L L D D D W W W W W W W W R D R D D D R R D R R D D D R R D D D R D D L L L U L L L L L D D L L D D D D R D D D D D D R D D D D D D D D D D D D D L D D D D D D D D D L L L D D L L L L R R R R U U R R R U U U U U U U U U R U U U U U U U U U U U U U L U U U U U U L U U U U R R U U R R R R R D R R R L D D L L L D D L L L D U U D R R R U U R R R U U R U U L U U U L L U U U L L U L 
92 12 3 22
811 849 29 
U U L R U U D L L R R U R R R L L L D D D D 
22 87 2 128
283 126 
U U U D D D U U U W U R R D R R W W W W W W W W W W W W W W W W W W W W W W W W W W W W W R R R R D R R W W W W W W W W W W W W W W W W W W W W W W W W W W W W W W W W W W W W W W W W W W R R R D D U U L L L U U U U D D D D L L U L L L L L L U L L D D D D 
52 79 6 119
268 897 371 936 72 894 
U U U U R U R R R D D D R D R D D U U U U U U U U U D D D D D D D L L L L U D R R R U L U U U L L L D L D D D D R U U R U R U U R W W W W W W W U U U U L U U U U U U L U U U U U L L R R D D D D D R D D D D D D R D D D D L D D L D L D D L 
29 82 3 63
731 793 446 
R R R R D R R R D W W W L D D L L D D L L D D D D D R R D D U U L L U L L L R R R U U U U R R U U R R U U R U L L L U L L L L 
7 14 4 200
0 524 639 988 
R R R U L L L U L L L L L D D D D D D L L R R U U U U U U R R R R D D D L R U U U L L U U U D D D R R R D R R R D R R D R L U L L L L L U L L U U L U U U R U U R R W W W W W W W W W W W W R D W W W W W W W W W W W W W W W W W W W W W W W W R R R U R R R U U U U U R U U U U U L D L L L U U L U L U U U U U L L U L L L L U D R R R R D R R D D D D D D D L D L U U U U U L L U L L L L U L U D R D R R R 
8 35 3 182
257 808 49 
L L D D L R U U R R R R R L L L U U L L L L D D D D D D D D D D D D D L L L R R U U U U U U U L L L R R R D D D D D D D R U U U U U U U U U U U U U R R R R D D L D D D D L L D D D D D R R U U W W W W W W W W W W W W W W W W W W W W W W W W W W W W R R U U R R R R R R L L D D D D D D D L L L D U R R R U U U U U U U L L L L D D L L D D L L U U U U U R R U U U U R 
2 69 9 170
772 964 52 777 227 362 44 579 891 
R L L U U L R D R R R R R R R R R R U R R U R U U R U D L D L L L L L L L L L U U U U U U U U L U U U U U U U U R U U U U L U U U U U R R R R D D L D D D D D D D D D D D D U U U U U U U U U U U U R U U L L L L D D D D L L D D D U U U R R D R D D D D L D D D D D D D D R D D D D D D D D R R R R R R R R R D L D L L D L L L L L L L L L L D R 
24 56 8 66
848 688 861 942 440 749 267 676 
U U R L U L U L U U D D D D D L L U U U U U U U D D L L L L L R R R R R D D R L U U U U D R D U L D D D D D D R R U U U R D R D D D 
71 68 4 134
647 748 206 300 
L L L L L L L U L U U L L D D L D D D D D D R R D D D R D D L L L L U U U U U U U U D D D D D D D D R R R R U U L U U U L L U U U U U U R U U R R D D R D R R R R R R L L L L U U U L L L L L D D L D D D D D R R D D R L U U L L U U U U U R U U R R R R R D D D R R R R R 
75 90 4 200
812 134 659 911 
U U U L L L L L D D D R D D D D R R R D R D R R D D R D D D D D U U U U U L U U L L U L U L L L U U U U L U U U R R R R R D D D R R D R D R D D R U U U U R U R U U W W W W U U U U U L L W W W W W W W W W W W W W W D L L R R U R R D D D D D D D L D L D D D D L U U L U L U L L R R R R U U R R R R R U R U R R D R D D D D U U U U L U L L D L D L L L L L D D D D D D D D D D D R D D R R L U U U U U D D 
87 12 3 200
591 485 108 
U U U U U U L R R R R U U U U U U R R R U R R L L D L L L L R R R R R R R R R L L L L L L L L D D D L R U U L L L L D L L L L L D L D L L L L L L L L L U U U U U U U L D L L D D D L L D D D D D L D D D D D L L L L L L L D L L L L L D D R D R D D D D U U U U L U L U U R R R U U U D D D R R R R R R R R L L L L L L L L L L L D D R R R R D R D R D U L U L U L L L L U U R U U U U U U D D D D D D R R R 
69 95 7 200
536 516 228 102 873 606 14 
R R U R R U U R R R R L L U L L L L L R R R R R D L D D D D U U U R R R R R R R U D D D D D D D D D D U U U U U U R R R R R R D D R D D R U U U D D D L U U L U U L L L L L L D D U U U U L L L L L L R R R R R R U L L L L L L L U L U D D D R R R R R R R R D D L D L L L L L L L L D D D U U U R R R R R R R R U R U U L L L L L L L L D D R D D R R R U R R D R D D D D D D D W W W W W W R R R R D D U U L 
41 78 3 200
820 38 489 
D D U U D W W L D D L L D D D W W W W D D U U U U U R R U U R U R R R U U U R R R L L L D D D L L L R D W W W W W W W W W W W W W D R R D W W W W W W W W W W W W W W W W W W W W W W W W W W W W W W W W W W W W W W W W W W W W W W W W W W W W W W W W W D L L L L L U U L U L L L U L L L U L L L L L L U U U U U L U D R D R R R R R R D R R R L L L U L L L L L L D L L L L L L L R R R R R R R U U R L D 
67 32 7 178
129 544 653 454 419 517 794 
U U U U L L L U U L L U D L L L L L L R R R R R R R R R R R R U U R R L D U U U U U U R U U U U U U U D D D D R D D D D D D D D R D R R D R L U L L U L U U U U U U U U L D D D L D D D D D L D D L L L L D D L L U L U L L L U L U L R D R D R R R D R D R R R R R D D D D R R L L D L L D D D D D D D L L D L D D L L L L R R R R U U R U R R U U U U U U U R R U 
8 62 3 171
165 303 493 
L L L D D L D D D U U U R U U R R R R R R U U R R L D D D D D D D D D U U U U U U U U R D R D U L U L U L D D L L L U U L L L L L L L U U U L W W W W W W W W W W W W W W W W W W W W W W W W W W W W W W W W W W W W W W W W W W W W W W W W W W W W W W W W W W W W W W W U U U U R R R R L L L L D D D D R D D D R R R R R R R D D R R R R L L L L 
48 88 4 200
137 651 876 978 
U U U U U U U U U D D D R L D D D D D D U L L U L L L L L U U L U L U L U L L U L L L L L L L L L U L U L L L L D L L L L L D D L D L D D D D D D D D D D D D D D D D D R D D D D D L D D D L L D D D D L L L L L L L L L L L U U U L L U U U R R R R R R L L L L L L D D D R R D D D R R R R R R R R R R R R R R R R R R R R R D R R R D D R D D D D D D L L D L L L L L L U U U U L U L L L L L L L L U L R D 
26 89 3 110
393 3 59 
U L L L U L L D U R R D R R R D D D D D D D D D D D D D D L D D L D L D L D D L L L D L R U U U U U U U U U D D D R L U D D D D D L L L R R R D R R R U U R U R U R U U R U U U U U U U U U U U R R L L U L L U L R D R R U 
86 93 4 200
85 210 761 829 
R L D L D D L D D D L D L L D D L D D D D D D L D D L D D L D D D D D D D D L D L L L D U R R R U U U U U U D D D D D D L L L L L L D D D L D U U U U L L U L L L U L U L U U D D R D R D R R R D R R D L L L U L L U U U D D D R R D R R R D D R U U U R R R R R R U R U U U U U U U U R U U R U R R R R R R R R R R R R R L L L L L L L L L L R R R U U D D L L L L L L U R U U U U U U R U U R R U R R R R R 
99 39 8 166
654 624 33 46 643 613 716 99 
U U U L L L L L L D L D D D D L D D L L L R R R U U U U U U U U U L L L U D L D D D D D D D U U U U U U U R R R R D R L D D D D D D R U U U R R R R R L L L L L L L L L L L R R R R U U U U U U U U D D D R R L L D D D L L R R U U U U R U R U R U R R R R U U U D D D L L L L D L D L D L D D D D D D L D U R R R U R U R R R R R R D D D 
85 57 10 182
293 379 252 710 597 668 461 621 682 119 
D D D D D D D D L R U L L L U U L U L U U L L U U L R D D R R D D R D R D D R R R U R U U R U U U R R R R U U R U D L D D L L L L D D D L D D D D U U U U R U R U U R U R U D R R D D D R R D D U U U R U U R U U U U L L U U L U L L U L L U L R D R R D R R D R D D R R D D L L L L U L U U D D R D R R R R D D L D D L D L L U U U L L L D L D D L D L D D L U U U U U U 
16 9 6 200
367 770 498 407 420 451 
D U R R R U U R R R R R U U U U U U L U L L R R D R R R R R R R D D D R R D U L L U L L U L L R R D R R U U U L L L U L L U L R D R R D R R R D L L L L L L D D D D D D L L L L U D L D D L L L L L L L L D D D U U R L U R R R R R U U U U U U U U U U U U U U U U U U R U R U U U U L U U R U U U U U U U L U U L L U L U U U U L L U L U U L U L L U U L U U U L U U U U U U U U D D L L L L L R R R R R D D 
84 78 2 200
815 707 
L L L D D U U R R R U U U U R U U W W W W W W W W W W W W W W W W W W W W W W W W W W W W W W W W W W W W W W U U R R R R R R R R D R R R R R D D L D D D D D D D D D D D D D D D D D D D D D D D D D D D D D D L D D D L L L L D L L L L L D L L L L D L D D D D L D D D D D L D D L L U U U U U U U U U U L L L U L U U U L L R R D D D R D R D D D U U U R R D D D D D D D D D D R R U U R U U U U U R U U U 
6 87 6 162
434 478 567 320 939 277 
D D L D R D D D D D D D D R R R R D D R D D R L U U L U L L L L R R R R U L L L L U U U U U U U U L U U U U U D D D D R D D D R R R R R U R U U U U U U U U R U U U U R U U U R R R R U R R L L D L L L L D D D L D D D D D D D D D D D D D L D L L R R U R U U U U U U U U U L D D D D D D D D L D L L L L L U U U U U R U U D D L 
1 43 6 200
570 30 706 113 465 150 
U U U U U U U U U U U U L R D D R R U U U U R R D D D U U U L L U L U U U U L U U D D L R R D D D R R R R R R R R D D D R R L L D D D U U U U U U L L L L L L L L D R D D D D D L D D D D D R R R R R R W W W W W W W W W W W W W W W W W W W W R L L L L L L L U U U U U L D D D D D D D D D D U U U U U U U U U R R U D R D D D R D R D W W W W W W W W W W W W W W R D L R U L U L U L U U U L L L D D D D D 
71 35 8 200
311 917 360 669 60 313 298 326 
R R R R R R R R D D D D D D R R R D D R R R U U R R L L D D L L L D D D U U U U U L U D L L U U U U U U L L U U U U U U D D D D L L L L L L L D D D R R R R R D R D R D D D D D R D D D D L L L L U U U R L D D D R R R R U U U U R R U U R U U R R R U U D D L L L D D L D D L L L U U U U U L U L U L L L L L U U R R L L U R R R R R R U U U L U L U U L U U U U U D D D D D R D D R R R R R U R U U R W R L 
45 75 2 58
247 176 
L U U R R R R R R R R R U U R U U D D R R R D D D L L L D L D U R U R R R U U U L L L L D D L L L L L L L L L D D R 
23 3 8 196
924 720 91 410 364 314 791 164 
U U D L L L L L L L U L L R R R R R R R R U R R R U U U R R R U R U R R U R U U U U L U U U U L U U U L L L U L L U U U U U U U L L R R D D D D D D D D D D L L D D D L D D L L D D L D L R D D D D U U U U U R U U R R U U U U U U R U U U U R L D D D D L D D D D R U U U R R U U U R R R L D R R R D D D R D D D D R D D D D L D L L D L D L L L D D D L L L D L L L L L L L L R R D R R R R R R R D 
5 14 7 200
745 70 674 531 349 163 996 
L U L D D D D D D D D D D D L L L D D D R R R R R U R R R R D R R R R R R L L L L L L U L L L L D L L L L L U U U R R U U U U U U U U U U U U U U U U U U U U U U U U U L L U U U U U U U R R U R U R R R R R R D D D D D D D L D L L D D D U U U R R U R U U U U D R D R D D R R R L L L U U L U L U U U U L L L L L L D L D L L D D D D D D D D D D D D D D U U U U U U U R R D R L U U L R D D D L R D D D D 
90 93 8 200
626 575 125 719 577 136 817 734 
L L U U L L R R D D D R R D D D U U U L L U L U L L U L U U L R D D R D R R D R R R R D D R D R D D L R R R R R D D R R D D D D D D D L D D D D D D D D D D D D D D D D D D D D D D D D D D D D D D D L D L D L L L U D R R R U R U R U U U U U U U U U U U U U U U U U U U U U U U U U U U U U U R L U R U U U U U U U L L U U L L L L U U L U L U U L U U R U R R R R U U R R L D D D D D D D D D D U U U U U 
92 78 6 200
599 864 925 862 568 783 
R R R D R D D D D D D D U U U U L L L L L D D D L L L D L D D L L R R R R R R R U U D R R R R D D D D D D D D D D D D D L D D D D D U U U U U U L L U U U L L D L L R R U R R D D D R R D R U U U U U U U U U U U U U L L L L D L L L L L U U R U U U U U U L L L D D D D D D L L D D U U R R U U U U U U R R R D D D D D R R D D D D D U U U U U U U U U U U U U D D D D D D D D R U U U R R R R R U U U L U L 
49 46 8 200
198 474 874 785 898 540 758 609 
R R R R D D R R R R U U D R D D D U U U L L L U L U L L L U U U U R R U U R R R R R R R D D D R D R R D D D D D D D D D R L U U U U U U U U U L L D D D D U U D D D L D D D D R D W W W W W W W W W W W W W W W W W W W W W W W W W W W W W W W W W D R R R R R R U U R R R U U D D L L L D D L L L L L L U U L U U U U R U U U U U U L U U U L L L L L L L D D L L D D D D R R R D R D R R D L L L L U U L L L 
17 49 6 186
497 930 479 444 952 234 
U U D D R R U U U U U R U U D D L L L L L L L L D U R R R U U U U U D R L D D D D L L L R R R R R R R D D D D R L L L L U L L U L L U U L L U L L U W W W W W W W W W W W W W W W W W W W W W W W W W W W W W W L R U R U R R R R R R D R R D D D R R D R D D D R R R R R D R R L L U L L L L L U U U L U L L U U U L L U L L L L L L D L D D R R D R R D D R R D R R D R R R D L L 
47 19 4 180
114 301 226 2 
U U U U U R U R U U U L L L L L L R R D D D D D D D D D D D R R R R R R R R D R R R D U L L L U L L L L L L L L U U L L L L L L D D D R R R R R R R R R D R U U U U U R U U U R U D L D D D L D D D D D L U L L L L L L L L D D D D D R R R R R D U L L L L L U U U U U R U D L L U U U R R U D R R R R U U U U U U U U L L L L R R R R U R R R R D D D L D L D D D D D 
54 72 5 200
806 775 733 78 244 
R R U U R R R U R U R L D L D L L L D D L L D L L L L D D D R D D D D D D D L D D D D D D D D D D D D L L D D D D R R D R R D R R R D D D L D D D D D R R R R R R R R R D D R R D D R R R R R R D R R R R R D D D D R L U U U U L L L L L U L L L L L L U U L L U U L L L L L L L L L L L L L L L L L L D D U U R R R R R R R R R U U U U U R U U U L L L L L L D L R U R R R R R R R R R U U U U U U L L L U D 
28 52 6 184
754 151 128 926 709 259 
R D D D D R U R R R U R R R R R R L L L L U U U U U U U U L R D D D D D D D D L L D L L L D L L L D D L D L L L L D L D D D L D D D D D L D L L D D L L R R U U R R U R U U U U D D D D D D D L L L L R D D L D L L L L L L L D L D D D D L L R R U U U U R U R R R R R R R D U U R U U R R R U U U R R U U U D D D L L U U U U U R U U U R U R R R R U R U U R R U U U U U D L 
84 56 7 200
504 677 184 795 296 84 918 
U U U U U U U R R U R U R U D L D L D D U L L D L L L L R R R R D D D D D D D D D D L L L U U L U L U D R D R D D R R R U U U U U U U U U R R D R L U L L D D D L R D D D D D D L D U R U U U U U L U L R U U U R R R R R R L L L L L L D D D D L D L R D D D D D D R R R R R U R R U U R U R U D L D L D D L L D L L L L L U U U U U U U R R U R R R R R R R R D D D D R D R L U L U U U U L L L L L L L L D D 
93 95 3 86
480 229 739 
R D R R R R R L L L L L U L U U U U L L L L D D D D D R R U U U U R D D D D R R R D D D R L U U U L L L U U U U L D D D D L L U U L L U D R R U U U R R R R D D D D R R L L 
38 90 2 32
481 955 
U U U U U U U L L L L U L L U L R D R R D R R R R D D D D D D D 
40 84 2 44
496 417 
R D D D D D R D D D D D D L D D L L L R R R U U R U R L U U U U U L U L L R R U U U U L 
33 17 4 200
469 93 972 366 
U U U U R L D D D L L D D D D U U U U R R R R U U R R R U U L L U U U R R U U U U R R R R U U L U U U U U U U U R U U U U U U D D D D D D L D D D D D D D D L L L R U U U D D D R R R D D R R R R R R R R R D D R D D D D D D D D D D D L L L L R R R R U U U U U U U R R R R R R R U U U R R R U U U D D D L L L D D D L L L L L L L U U U U U U D D D D D D R R R R R R R U R R L L D L L L L L L L U U U U L 
42 99 2 46
956 191 
L D R R R R D R D D L L L D L L D L L R R R D R D U L U L U R R U R R R U U L U L L L L U R 
2 2 7 200
195 405 403 962 278 365 852 
L U L U U U D D D R R R R R R R R U D R R D R R R R R R R R D R R R R R R R R R U R R R R R R R R R R R R R R R R L L U U U U U U L U U L L L R D D D U U U R U U L U U U U U U L U D R D D D D D D R D D R D D R D D D D D D R R L L L L L L L U U U U U U U U U U L R R R R R D U L L L L D D D D D D D D D L R U U U U U R R U R U R R R R R R U U R U U D D L D D L L L L L L L L L U U U U R L D D D D R R 
75 77 3 148
518 58 773 
L U L L L U U U L L U U U U U U L U U R L L L L U U U L L U U L U D D D D D L R R L U U U U R R R R R R R R R R R R R R D D R D R D R R D D D R L U U U L U U D D L U L U L L L D L R U R R U U R R R U R L D L L L L L L L L L L L L L L L L D D R R D D D R R R D D R D D D D D D R R D D D R R R D R 
91 9 4 68
640 185 265 595 
L D U L L L U L U U U L L R R D D D R R R R R R U R U U U U D D D D R R R L L L L D L L L L L D R R R U U U U U U U U D D D D D D D D R 
54 42 6 200
590 638 218 526 322 950 
L L D L D L L L D L D D D U U U U U U U U U L L L L R R U U U U U U R L D D D D D D D D D D D D D U U U U U U U U U L R R R L L D D R R D D D D D D R U R R R D D D D R D R D R D R D R R D D R L U U L L U L U L U L U L L L L L L L L R R R R R R R U U U U U R R R L L L L D L D L L D L D D L L D D D D R U U U R R R R R R R R R U U U U D D R R R R R R R L L L L L L L L L U U U D D D R R D D L L L L L 
61 41 5 200
983 426 693 400 974 
U U R U U L U U L L L R U U L L U U L L L U U L U L R D R D R R R R L L L L D R R R D D R R D D R R D D R D D D D D D R R R R U U R R U U U U U U U U U U L U L L L U L R D R R R D R R R R R R W W W W W W W W W W W W W W W W W W W W W W W W W W W W W W W W W W W W W W W W W W W W W W W W W W W W W W W W W W W W W W W W W D D D L D D D D U U U U R U U U L L L L L D D D D D D D D D D L L D D L L L L 
62 97 4 200
422 158 799 690 
R R R D D D D U U U U L L L W W W W W W W W W W W W W W W W W W W W W W W W W W W W W W W W W W W W W W W W W W W W W W W W W W W W W W W W W W W W U U D L L U L L L L L D D R D D D R R R R R D D R D R R D U L L U U W W W W W W W W W W W W R L D L U U L L L L L U U U L U U R R D R R D D R R D R D R R R R U R R U R R U U R U R R R L L L D L D D L L D L L D L L L L U L U L L U U L L U R R R D R R D 
57 63 7 200
127 981 656 123 378 680 617 
L L L D L U U D D L D D L D D D D D D D U U U U U D D D R R R D R R R R R R R R R R D U R R R R R R R R D R D L L L L L U D R R R R R U R U U U U U U U D D R R R R R D R R D D R R D D U U L L U U U U U U R U R R R U D L L L D L D D D D L L D D D D D L L L L L L L L L L L U D R R R R R R R R R R R U U U U U U L L L L L D D D D D L R D D D D D D D D D U U U U U U U U U L L U L L L L L L L L L L L L 
32 75 6 200
986 670 428 859 882 752 
D D D D L R U R R D D D D D R R D R D D L L L D U R R R U U R L L L L D D D W W W W W W W W W W W W W D R R R R R R U U U D D D L L U U U U D D D D L L L L U U U U R R U L L U U U U L L L L L L L L U U U U U U U L U L L L U L L L L U U U R R R R R U U R U R R L L L L L U U U U U U R R R R D U L L L L D D D D D D R R R D L D D L L L L L D D D R R R R D R R R D R D D D D D D D R R R R R R R R U L L 
48 63 2 48
557 18 
D D D D D D D L L D L D U L L L L L L L L L D L R U R R R R R R R R R R U R U D R U U U U U U U 
3 46 7 184
96 5 41 905 760 774 854 
R R R R U R R U U R U U U R L D D D L L L L L L U U U L R U U U U R R R R R L L U U D D D D D R R D R D R R D R R R L L D D D D U U L L D L D D D D L D D D U U U R U U U U R U R R U U L U L L U L U L L U U U L L L D D D D D D D R R R R R D D D R D D D D D D D D D D R D D R R D D U U R R R U U U R U U D D L D D D L L L L L U U L U U U U U U U U U U L U L L D L L L L 
93 33 6 178
193 264 502 152 562 319 
L D D D D D L R R R R R R R L L L L L L L L L L U U L L L L D D D D L D D L L L L D D L L L D L L L U U L U U U L U U U D D D R D R R L U U U U D D D D L D D R D D R R R U R R R U U R R R R U U R U U U U R R R R D D R R R R U U D D L L L L U U U U U U U U R U R R R R R U R R R D R D R D U L U L U L L L D L L L L L D L D D D D D D D D R R R R U U U U U R 
70 79 3 118
580 387 345 
L U L U L U L L D D D D D D D D L L D U R R U U R R R L L L U U U U U U U U U L L U U L L L L U L L U U U L U U L U D R D D R D D D D D D L L R R D D R D D D D L L L R R R U U U U L U U U U U R R D R R R R D D R R D D D R R D R D R D R 
30 68 5 200
650 828 722 89 725 
U U R R R L L L D D D D D D D U U U U U R R R U U U D D D D D D D D D D R R L L U U L L U D R R W W D D D D D D D D D D D D L L D D D D D D D D D L D U L U L U D L L L L L D L D D L D D D U U U R U U R U R R R R R R D D D D D D D D D D D D D D D R R D D D D R R D D D U U U U R U R R U R U U U R R U R R R R L L L L D L L D D D L D L L L R D L D L L U U U U L L U U U U U U U U U U U U U U R R U U U 
91 16 4 200
830 916 130 944 
U U U U U R R R R D R D R D D D D D D D D D L D L L D D L L L L L L L U L U U U U U L L L U L L L U L L L L L U L L U L L L L L L L U U U U U U R R U U U R R U U D D L L D D D L L D D D D D D D D D D D L D D L D L D L R U U U U D L L L L L L L L L R R R R R R R R R D D R U R U U R U U U U U R R R R R R R D R R D R R R R R D R R R D R R R D D D R R R R R R R L L L L L L L D D D L L L D U R R R U R 
61 84 3 134
404 189 147 
R R R R R R R L L L L L L L U U D L L D L R D D D D D D D R R R R R D R D R D D R D D R D U L U U L U U L U L U L L L L L U R R R R R R R R R D R R D R D D L L L L L L L L L D L L D D D U U U R R U R R R R R R R R R U U L U L L U L L L L L L L L L U U U U U U U R R D 
73 10 6 200
637 456 757 318 529 172 
D D L D D L D D L L L L D D D D L L U U U U L L L L R R U U R R U U R U D L D D L L D L L L L L L L L L L L L L U U U U U U D D D D D D R R R R R R R R R R R R R D D D D U U U R R D D D D R R U U U U R R R R U U R U U R U U R D W W W W W W W W W W W W W W W W W W W W W W W W W W W W W W W W W W W W W W W W W R D D D D D D R R R R D R R R U R U U L U U U U U U R L U L U U L U R R R U R L D L L L D 
86 75 6 200
361 53 166 179 561 836 
D D D D D D L L D D R R R R R D D D D L L D D D L R D R R R D D R R R R L L L L U U U D L D U L L U U U U L L L L L L L U D R R R R R R R U D R D D U U U D R U U U U R L L L D D D D D D D D D L D D U U R U U U U U U L L L D L L L L D D D D L L L L L L L U U D D D D D U U U R R R R R R R R D D D D D D D D D D L D U U U U U U U U U L L L L L L L U U L U U U L U L U L L L U L R R R R R L L L L D R R 
88 80 2 36
835 982 
R R R R R R R R D U R L L L U U U U R R R L D U L L D D D D L L L L L L 
3 93 5 200
592 138 171 457 285 
L R U U R U U D D L D D D D D D D D R D U L U U L L L R R R U U U R R R R R L L L L L D D D D D D L L L D D D R D D R R L D D D D D D D D R D R R W W W W W W W W W W W W W W W W W W W W W W W W W W W W W W W W W W W W W W W W W W W W W W W W W W W W W D U L L L L W W W W W W W W W W W W W D L D D D D D D D U U U U U U U R R R R L L L U R R U L U U U U U U U U R R R R U R R L L D L L L L L U U L U 
15 19 4 128
487 574 889 701 
L D U L L L L L U U U L L L U D R R R U U U R R U R U U U U R R R R U U R D D D D D R D R D D R D R D R R L L U L U L U U L U L U U U R R R D R R R D D D R L U L L L L R R R R U U L L L U L L L U U L D D L L L L D L R D D D L D L L D D D D D D R R R R R R 
32 39 6 200
242 550 453 645 83 819 
L U U R U U U U U U U R R U D D D D D R D R D R L D D D D D D D D D D D D L L L L L L L R U U U U U U U U L L U L L U U U L L L L U D R R R R D D D D D D D U R R R L L L U U U R R D R R R R R U U U U U R L D D D D D L L L D D D D D D D D R R R R R R U U U U U U R L U U U U U U U L L L R R D D D D R D D D D D D D D R R U R R R U U R R U D L L D D L L L D L L U U U U U L L L R R R U U U L U U U U U 
61 15 12 180
170 992 865 927 868 427 932 631 274 671 832 989 
D R R D U U U U R L L L L L U U U U U U R R R R R U R U R L U U L L R U U U U U L L U L L U D D D D R R L L U U U R R D R R D D D D D R D D D L D L L L L L L L U U U D D D R R D D D D D D L L L D U R R R R R R R R U U U U U U U R U U R L D D D D D U U U L D D D D D D L L L L L L D D D U U U L L L U L L D D D L R U U U R R D R R R R R R R R R D L D D D L L U 
78 1 5 170
86 630 823 661 585 
L L D L L L L R R U U U U U U U R U U U U L L U L U L U L L L L U L L U U U L L L L R R R R D R R R R R R U D L L L L L L D D D D D D D R L U U U U U R R U R R R R R L L L L L D D R R R D D D D D L D D L L L D L L D D L D L L L L L R R R R R D D D U U U U R U U R R U R R R U U R U U U U U R D R D R D R R D D D D L D D D D D D D R R U R R 
75 76 5 200
224 299 225 708 491 
D D D D D D D D D D D R R D D R L U U L L U L L L U U U L L U D R R D D D R R R U U U W W W W W W W W W W W W W R L U U U L L L L L L L L L L L L L L W W W W W W W W W W W W W W W W W W W W W W W W W W W W W W W W W W W W W W W W W W W W W W D D D L D D R R D D D R R D D D D D R D D D R D R R R R R R R L L L L L L L U L U U U L U U U U U L L U U U L L U U R U U U R U U U D D D D L D D U U R U R R 
67 99 3 118
883 863 1 
R D D D L L U U L L L L L D D D D D D L L L R U U U U D D D D R R U U U U R R R R D D R L U U L L L L D D D D L D D D L L R R U U U R U U U U U U R R R R U D L D D L L L L L L L D D U U U U L R D D R R R R R R R U U R R D D R R U U U L 
79 80 2 189
960 519 
U U U U U U U U U U U U U U L L L L L L U L R D R R R R R R D D D D R R R L L L D D L L L L L U U L U U L R D D R D D R R R R R D D D D D D D D U U U U U R L D D D D D L D D D L D D W W W W W W W W W W W W W W W W W W W W W W W W W W W W W W W W W W W W W W W W W W W W W W W W W D R R R R R R U U R R R R R W W W W W W W W U U U D D D L L L L L D D L L L L L L U U U R U U U R 
72 88 4 200
573 957 346 767 
R D R R R D R L U L L L U L R D R R R D D W W W W W W W W W W W W W W W W W W W W D L L L L R R R R U U U L L L U L D D D D D D R D D D R R R D R L D D D D D D D L L D D L L D D L L D L W W W W W W D U R U R R U U R R U U R R U U U U U U D D D D D D D D D L L L D U R U U U D D D R R U U U U U U U U U U L L L L L L L L D L L L U L R D R R R U R R R R R R R R D D D D D D D D R D R D R R L L U L U L 
28 28 6 158
880 384 424 711 222 55 
D D D L D D U U U U U U U U U U L U L L U L U U U R U U D D R R R R D R D R D U L U L U L L L L U U U L D L D D D D D D D D D D R R D D U U L L U U U U U U U U U U R U R D D D L D D R U U U U R R R U R U D D D U U L D L L L L R D D D D L D R D R R D R D D D D D D D D R U R L L D L D D D D D R L U U U U U R U R U U 
81 3 6 200
205 686 467 513 501 809 
D L D U R U R R U U R U R U U U U U D D L L D L D U R U U D D D D L D U R U U U R R D D D D D R R D D U U R U R R R R R R R U D L L L L L L L D L L L U U L D L D D L L U L L L L U L U U U U U U U L U L L U U L U L L L L L D D D D D D D D L L L L L L D L D L L L L L L L L U L U U U L L L D D D D U U U U R R D D D D D D L L L L D L D U R U R R R R U U U U U U L U U U U U D D D D D R R D D D R D R R 
7 83 6 146
559 528 576 350 341 260 
R R U U U R R L L U U U U U U U U U U D D L L L L L L L D D L R U U R R R U U U U U D D R R L D U L D D D R R R R D D D D D U U U U U U U U U U L L L L L L D D L L R R U U R R R R R R R R R R R R R R L L L L L L L L D D D D D D D D D L R R R U U R R U U R L D D L L D D L L D D D D D D D L L 
58 24 7 184
618 850 594 798 73 188 845 
L D U R R R R D D D U U U L L L U U U L U U U U U L R D D D D R R D D R R R L L L U U L L U L L U L U U L U L U L L L L U L U U L U L L U U U U U U D D D D D D R R D R D R R R U U L R D D L L L D L D D D D D U U U U U R R D R R R R D R R L L L L L L L L D D L R R R R R R D R R D R D D R D R L U L U U L U L L U L L L L L U U R R R R R R R D R D D R D R R D D R D D D 
89 22 5 122
355 780 347 885 106 
L L L L R R D D D L U U U U U L U D L D D D D D L L D D D D L R U U U U R R U U U U U R R U R U R R L L D L D D D D D D R R R L L L D D D U U U L L L L L L L L L L L L L L L L U U U U U L R D D D D D R R R R R R R R R R R R R R R R R U U U R R 
4 10 5 200
450 747 9 980 473 
R R R R R R R R R R U U U U U U L U U L L L L L L U L L U U U U U R U U R R R R U U D R L U L L R R D D L L L L D D L D D D D D L D L D U R U R R R R U U U U U U U R R U R L D L L D D D D D D D L L L R R D R R R R R R D D R D D D D D D L L L L L L L L L L R R R R R R R R L L L U U U U U U U U U D D D D D D D D D R R R R R D D R W W W W W R R U U U U U U U R U R U R R R U R R R R R U R U U U L R D 
45 60 5 200
587 803 196 174 954 
R R L L L U L L U U U U U L L U L L L U U U L U U U U L R D D D D R D D D R R D D L L L D L D D L L R R U U R U R R R U U L U L U L U D R D R D R D D D D U U L L L L U L W W U U U L L L R R R D D U U L L L L L D D D D D L D L R U R U U U U U R R R R R D D D R D D D D D D D D D D D D D D D D L L D R R R R R D D D R D R D R L U L U L U U U L L L L L U R R U U U U U U U U U U U U U U U R R R R U U R 
79 0 8 200
510 62 990 105 77 209 297 549 
R R R R R U U L L L L L U U U U U U U U D D D D D D D D R R R R R R R U D D R R R U U R R D R R R R R U U U U R R L D D D R R L L U U U L L L L L L L L L L L L L L L L L L L L R R R R R R R R R R R R R R R R R R R U R U U R U U U U U U U U U U U L U L U L U U L U U L U L L L L L L U L L U L L L L U L L L U U U L L L L L L U L L L U U U U R R U R R R R L L L L U U U U U L U L R D R D D D D D D L L 
34 83 3 94
429 462 875 
R R R R D D D D L L L U D R R R R L L D D L L D L D D D U U U R R R R D R R R D D R R R D R R D R L U L L U L L L U U L L L U L L L U U U L U U U L R D D D R D D R R U U R U U U U L L L L 
82 42 5 122
385 907 117 115 902 
U U U D D D R R D D D D D R R D D D D D U R R U R R L L D L L D L L D L D D D D L L D U L U L U D D L D D D L D L L L D U R R R U R U U U R U R D R R R U U U U R U R R U U U U U U R R R R R R R U R U U D D L D L L L L L L L D L L U U U U U L L 
40 82 4 170
330 675 705 201 
L U U U U L L L L L U U U U L L U U U L U D R D D D D U R R D D D D R R D D L L L L D L L L L D D R R R R D R R L L U L L L L U U R R R R U R R R R U U L L U U L U U U L U L U D R D R D D D R D D R R R R R D R R R D D D D D D L L D D U U R R U U U U U U L L L U L L L L L L U U L R D D R R R R R R D R R R D D R D R L U L U U L L L D D D R 
94 97 4 158
197 560 833 466 
R R R R D R D D D L D D L D L D D D D L U U U U U U L R D D D D D D R U U U U R R L D D D D U U U U U U L L L L U U D D R R R R D R U U L L L L L U L L L U L R D R R R D R R R D D D D U U U U U U U L L L U U L L U L L L L R R R R D R R D D R R R L L L U L L L U U L R D D R R R D R R R D D D R R R U U U L U L L L L 
44 83 5 200
47 946 23 66 383 
D D D U U U R R R R R U U R R R R U R R R U U R U R R R U W W W W W W W W W W R L D L L L D L L L R R D D L L U U U U D D D D L D L L L L D D L L L L L U R U U R R R R R R R R U R U U U U U L U U R R D D R D R R R R D R R R U W W W W W W W W U U L U U L D L L L L L R R R R R U R D D R D D D L L L L L L D D D D L L L D L L L L L L D U R R R R R R U R R R U U U U R R R U L L L L U L U U L L D D R D 
27 76 4 200
82 443 76 146 
D D D D D D D D L D L D L D L D L L D D D D D D U U U U U U R R U R R R L L L L L L L L L R R R R R R R U R U R R R R L L L U R U U U U R R R R D R D D R L U U L U L U U U U U U U U U D D D D D R R R R L L L L D D D D L L L U U U U R R R R R R D D R D R D D D L L L L L L D D D D D D D D D D D D D D D D R D D D D D D D D D L D D L D D D D D D D L L D D D D D D D D D D D D R R R D R D R R R R D U L 
35 35 1 42
698 
U U L U L L L L U L U L U L R D R D R D R R R D D D D D D D U U U U U U U R D R D D 
38 89 1 34
866 
L U U U U U U U L L L L L L L L L R R R R R R R R R D D D D D D D R 
22 10 5 180
386 332 664 190 906 
D D D L L D D U U L D U L L L U L L L L L L L L L L L L U D R R R R R R R D D D D R R D U L L U U U U R R R R U U R U U U U U R R L L D D D D D L D D R R R R R U R U W W W W U U R R R U R U D L D L L L D D D L D L L L U U U U U U U U U U R U U U U U U U R R U U R R U U U U R U D L D D D D L L D D L L D D D D D D D L D D D D D D D D D D L D R R R R R R U U U 
78 73 8 200
558 886 15 768 97 57 755 807 
R R R R R R R U U U R R R U U R R L L L L U U U U U U U U U U U U U D D D D D L D L D L L D D D U U U R R U R U R D R R R R R R L L L L L L D D D D D D D R R D D L L L D D D L L D D L D D D L D R D R R L L D L D L L D D D D U U U U L L L L L L L W W W U U U U U L U D R D D D D D R R R R R R R R R U R U U L U D L L L L L L L L L L D L L L L L L D D R D D D R D D D R D D D R R R R R R L L L L L L U 
39 81 1 166
10 
W W W W W W W W W W W W W W W W W W W W W W W W W W W W W W W W W W W W W D D D D D R W W W W W W W W W W W W W W W W W D R R R D R R R D R R U R R R R R R R R D D U U L L L L L L L D U R R R R R R R R R R U U U D D D L L L L L L L L L L L D L L U L L L U L L L U L U U U U U L U U U D D D R R R R R R R R D D R L U U L L L L L L L 
25 89 2 84
797 715 
L L D D D L L U U U L L L U L L U U L R U R U R R R U R U R R R R U U D D D R R R D R D U L L R U L L L U L L L L D L D L L L D L D D D R R D R R R D D D R R U U U R R 
28 0 10 200
765 107 421 877 37 600 744 971 75 660 
U U U L L U U L U L U D R D R D D R R D D D R R R R L L L L U R R R R R R R R R R R R R R R R U U L L U U R R R R R R R U U U U U U U U L L U L L D L D L L L R R R R R D D D L D L L D U R R U R U U U L L U R U R R D R R D D D D D D D D L L U U U U U U U U U D L L R R U U U R U U D L L L L L L L L L U U U U R R R U R U U R D D R L U U L D D L D L L L D D D D D D D D L D U R U U U U U U U U U U D D 
44 66 8 200
888 837 746 914 153 68 520 649 
D R R R D R R D D D D D D D D D L L D L L L D D U U L L L L U U U U U L U L R R R L U U D D L D D D L L D D R R D D L R U U L L U U R R U U R D D D D D R R R U U U D L L R R D D R R D D D D D D D U U U R R R R L L L L L L L L D D L R U U R R R R U U U U R U U D D L L L L D D L L L L L R R R R R R R R R R U D L L L L L L L U L L L U U R U U R R R U R R U D L L D L L L D D L D D R R R D R R U U R R 
20 93 3 200
304 104 691 
R R R R R R D R R R R U U U R R R D D D R R R D D D D R R R R R R R D R R R R R R R R R U U U D R R L L U U U U L U L U L U U U L L L U L R R R R R R R R R R L L L L D D D D R D U L U U U U L L L L L D R R D D D D D D D D U U U U U U L L L L L L R R R R R R U U R D D D R D R D R D D D D D D L L L L L L L L L L L L L L L L L L D L R U R R R R R R R R R R R R R R R U U U U U U U U D D D D D D D D L 
96 26 4 148
871 646 42 67 
R R U R U U L L L L L U U U U U U U U U U L U R R R R R U D L L L L L D R D D D D D D D D D D D L R U U U U U U U U L R U U D D D R R R R R L L L L L D L L L L D D U U R R R R D D D D D D U U U U U U L L L L L U L R R R U R R R R R U D L L L L L D L L D R R R R R D D D D D R R R R R D D L D L L 
32 64 2 149
425 256 
U L W W W W W W W W W W W W W W W L D D D D R D D D D R R L L U U U L L L L L L L R R R R D D D D D D D L L L L L L D L D D D D L L L L L L D D D L L L L R R R R D D D R D D R R D D D D D L R U U U U U L L U U L U U U U U U R R R R R R U U U U R U R R R R R R U U U U U U U R R R U L U U U U R R D 
51 70 5 200
788 818 351 79 909 
R R R D D R D U U U U R R R R R U R R U U D D L L D L L D D D D D D D D D D D D D D R R R D R R R R R R R R R D U L L L L L L L L L L L L L L L L L R R R R R R R R U L L L U U U U U U U U U U U U U U L L L U U L L L L D L L L L L L L L R R R R R R R R U R R R R D D D D D D D R D R R D D D D L L U D R R U U U U L L U L U U U U U U U L L L D L L L L L L L L L D R R R D D D R D D U U L U U U L L L U 
