100
83 93 3 162
626 85 102 
R U R U R R D D R D U L U U L L D L D L U L U U L W W W W W W W W W W W W W W W W W W W W W W W W W W W W W W W W W W W W W W W W W W W W W W W W W W W W W W W W W W W W W W W W W W W W W W W W W W W W W W W W W W W W W W W W W W W W U U D D R D D R D R R D R R R D D L L D L L L D L L R R U R R R U R R R L U U L L L U L L 
9 7 4 152
450 487 0 159 
R R U R R U U U R L U U U U U U U L L L L L L L U U U U U U U U R R R R U U D D L L L L D D D D D D D D R R R R R R R R L L L L U L U L L L U U U D D D R R R D R D D D D U U U R R R U U R R R R R D R R D R D R D D R D D D D U U U U L U U U U D D L U L U L L U L L L L L D D D D D D D D D D D D L L D L L 
93 33 7 200
193 646 46 902 319 643 67 
L D D D D L D R R R R R R R L L L L L L L U U U U U U U U R R L U U U U U R R L L D D L L L L L L L L D U R R R R R R R R D D D L D D D D D D D R U D D L L R R U U U U U R R R R R R R U U D L L L L L L L L L L U L R U U U U U U U R R U U D D L L D D D D D D D D R R R R R R R R R R D L L L L L L R R R R R R U U D D L L L L L L L L L D D D D D R R R R L L L L U U U U U L U U L R R R U R R R R R U D 
35 75 7 160
731 401 820 875 489 429 793 
U U U U R U D R R R R D D D R L D L L D L L L L U U L U U U U U U R R R U U L L L U L L L L L L L L R R R R R R R R D R R R D D L L L D L L L L L U L L L L L L L L L R R R R R R R R U U D D R D R R R R R D R R L L D D D D R D D R R R R U R R U U U U L L L L L D D D D D D L R U U U U U U D D D D D D D D L L R R U U U U 
61 15 5 200
170 850 631 989 246 
R R D D U U L L U U L U U U U U U U L R D D D R L U L U U U L U L U U D D R D R D D D D D D D D L L L D U R R R U U U U U R R R R R R U U U R U D L D D D L L L L L D D D D D R D D L L L U U U U U L L L L L W W W W W W D D D L D U R U U U R R U D D L D L L D D L D D L D L D L L L W W W W W W W W W W W W W W W W W W U L L D L L U U R L D D R R R D R R R R R R R R L L L L L L L L U L U R R D R R R U 
77 81 6 200
573 58 306 589 862 166 
U U U U U R R R R U D D D D D D D D R D R D D D D D D D D D D R D R R D R D D D R D R R R D D D D D D D R R D U U U U U U R R U U D D L L D D D D D L L D D D D L D L L L R R R D D D D R L U U U U U R U U U U U D D D D D D R D R D D D U U U U R R U D L L D L U L U U U U U U U U U L L D U R R U U U L L L U L L L L L L L L U D R R R R R R R U D D R D U L U U U U L U L L U L U U U U U U U U U U L U L 
91 13 5 200
811 347 885 849 958 
U R U U D L L U L U L L U L U U U U U U U L R D D D D D D D L L D D L L L D U R R R U U R R R R U U U U U U U U R L D D D D D D D R L D L D D L R U R R D R D D D D R D R R R R U U U R R U U L L R R D D L L D D D L L L L U L U U U R R D L D L L L L L D D D R D D D R R R D D R R L L U U L L L U U U L U U U R R R R U D L L L L D D D R D D R R D D U U L L U U L U U U R R R R R D D R D D R R D D U U L 
75 77 2 92
518 404 
U U U U U U U U L U U U U L L L U L L D U L U L L L L L L U U U U D D D D D L R R R R D R R R D D D D D U U U U U L L L U L L L U R R R R R R D R R R D R R R D D D D R D D D D D D D D 
18 14 5 92
364 367 770 190 532 
D D D D R D D L L L R R R U D R R U U U U R R U R R U D R R R R D U L L L L L L D L L D D D D R D U L L L U U L U U U U U U U U U U L L L L D L R U R R R R D D D D D D R R R R L L L L 
46 84 4 200
208 47 254 446 
L L L L L U L L L L L L L L L L U L L U L L R R D D D D L L R R U U U R R D R R R R R R R R R R D R R D D D D R L U U U U L U L L L L L L L L L L L L L L L L D L L L L L D D D D D D D R R R R D R D R D R D D D D D R D U R R R R R R R R R D D D D R D D D R R D D R D R R D D D D U U U U L L U L U U L L U U U L U U L R U U L L L L L L L L L L U U U U U L U L U L U L L L L U U U U U U U R R R R R U R 
48 38 5 200
590 638 219 248 207 
D D L U U U U U U U U U L L L L R R R R R U U U U U L L U U U R R R R R U R R R R R D R D R R R U U R U U R R L L D D L D D L L L U L U L L L L L L U L L U U L L L L D L L L L U U U U U U U U U L L R R D D D D D D D D D R R R R U R R R R D D R R D R D L D D D L D U R U U U L L U U D D L L D D D R R D D D D D L D D R R R R R R R U R U U U U R U U U D D D L D D D D D D D R D D D D D D L R U U U U U 
33 4 5 200
765 107 962 278 512 
D D L D L L L L U L U L U U U U L L R R D D D D R D R D R R R R D U L L L L R R R R R R U U U U U U U R R U R U R R L U U U U U U U U L U D R D D D D D D D D D D D D D R R R D D R D R L U L L L L L U L R D R R R R U U L L L U U U U U L L U L U D R D R D L D L L D D D D D D D L L U R U U R D D D D R L U U U L R U R R R U R R R R R R R R L L L L L L L L U U U U U L U U U D D D R D D D D D D L L L L 
61 59 4 200
748 300 129 633 
R U R D D L L L L U U U U U U U R R R R U R R R R R R U U R L D D L L L L L L D D D D U U U U U R U U R U R D D D D D D D D D D D D D D D D D D D D D D D D D D D D D D R R R D D D D D L L D D U U R R U U U U U L L L L L L L D U R R R R U U U U U U U U U U U U U U U U U U U U U U U U U U U U U U L D L D D L D D L L L L D L L L L L L D U R R R R R R R R R R R U R R U U D D L L D D D D D D D D L R U 
47 46 5 200
526 888 670 828 144 
U U U L L L U U U L L L L L L L L L U L U U U R R U U U U R R R R R L U U D D L L L D D D D D U U U U U U U U U D D D D L D L L L L D D L D D D D D D D D D D D D D D D L D U U U U U U L L U L L U L L D D D D L L D D L D D D D D D D D L L L L L L L L D L L L L L L R R R R R R U R R R R R R R R U U U U U U U U R U U R R U U U U R R D R R D R R D D D D D R U U U U U U U U U U U U U U U R U U R R R R 
94 22 4 168
415 445 115 483 
U L R U U U U D D D D L R D U U U U U L U L L L U L L L L L L U U U U R U U U U U R L D D D D D L D D D D R R R R R R D R R R D R D D D D D U U U U U U U R R R U U U W W W W W W L L L L L D L L D L R U R R U R R R R R D D D D D D D D D R D D R D D D D L D D D D L L R R U U U U R U U U U L U U U D L L R U U U U U U L L L D D D D D D D 
29 25 4 148
880 645 698 711 
L L D D U U R R U U U U U R R U U U U U U U L L L L U U U U L U U L L L L R R R R D D R D D D R R R R R R R L L L L L L L U U U D R R R R D D R D D D D D D R D U L U U U U U U L U U L L L L D D D L L L L D U R R R R R U U U U U D D D L L L L U L R D R R R R D D R R R D D D D D D D L L D D D D D 
32 21 6 165
146 469 93 539 89 500 
R R L L D D L D D D D D U U U U U R U U R R R R R R U L L U U U R U U R U U D D L L L R R D R R R L L L D L D D D R R D L L L L L R R R U R U R U R R R R R R R U R R R R U U U U U L L L L L L U D W D D D D U U U L L L L U L L U U U R L D D D R R D R R R R U R R R R R R D D D D D L L L L D L L L L L L L D L D L D D D U U L L L L 
79 44 4 200
385 710 916 162 
R R R U U U L U U U R L D D D R D D D D R D D D D D D D D D D D D D D D D D D D D L L L L L L L L L L L L D L L L D L D L D U R U R U R R U U U U U U D D D D D D L D L L D D L L L D L D D D D D L D D L D D D R L U U U R U R L L L L L L L L L D R R R D D D R D D L L U D R R U U L U U U L L L U R R R R R R R R U R U U R R L L U U U R U R R R U U R R U R R U R R R R R R R R R R R R U U U U U U U U U 
32 62 4 200
428 425 774 281 
R R U L U U L W W W W W W W W W W W W W W W W W L L D D D D D R R R D D D U U U L L L L L L L L L R R R R D D D D D D D L L L L L D L D D L L L L L L L D D L D D D L L L R R U U U U U U U U U R R R R R U U R R U R U R R R R R R L L L L L L D L D L L D D U R R U D L L D L L L L L D D D D D D D D D R U R R R R R U R R R L L L D L L L L L U U R U U R R R R U U U U U U U D D D D D D D R R R U U R U R 
68 15 6 154
823 637 318 529 726 172 
D R R D D D D D D D D D D R L L L D D L D D L L U U U U L R D D D D R R U U R U U R U U L L U U L U U L R D D R D D R R D D R U U U U U U U U U U L U D L D D L D D L L L L L R R R R R U U R U U U R R U R R R R R R R R R D R D R R R D D D U U U L L L U D R R R U R U D L D L L L U L U L L L L L L L L L D L L 
24 72 4 168
82 443 563 329 
D D D D D D D D D D D D D D L L L R R R U U U U U U U R R L L L L L L L L L R R R R R R R U U R R R R R L L R R R R L L D D D D D D L L L L L D U R R R R R U U U U U R R R R R D D R D D D L L L L R R R R U U U L U U L L L L L U L L L L L L R R R R R R R R D R R R R D D D U U U L L L L L L L D D U U L R R R R U L L L L L L L U U U U U 
12 97 5 138
838 961 283 393 853 
R U D R R R R R R R R R D R R R D R R D R D D D L L D L L L L L L U U L U U L L L L L L L L L L L L L L L R R R R R R R R R D D U U R R R R R R D D R R L D D R R L R R R R R U R R U U U L U L L U L L L U U U D D L L L L L D D L D R R R R R R D U L L L L L L U R U U L L L L L 
57 62 6 200
127 981 788 176 25 859 
L L L L U U U R U R U U U U U L L U U U L L L L D L L L U L L U D R R D R R R D D R L U U U R R R R D D D U U U U U U D D D D D D R R D D D D R R R R R L L L L L D L D L D D D R R R R L U L L W W W W W W W W W W W W W W W W W W W W W W W W W W W W W W W W W W W W W W W W W W W W W W W W W W W W W W W W W W W W W W W W W W W W W W W W L U U L L L L U U U L L L L L L L D L L D L L R R U R R U R R R 
47 1 7 200
405 403 421 237 600 870 167 
L L U L L L U L L U L U U U U L U L U D R D D U R D D D D R D D D U U R R U U R R R R R U U R R D U L L D D L L L L L D D D R R R D L L D U R R R R R R R R L L L L L U U L L U U U L L L L L U U U U U U R R L L D D D D D D D L U L U U R U U U U U U U U U U D D D D D D D R R R R R R L L L L L L D D D L D D R D R U R R R R R D D D R R D R R R U U R R U U U R U R U U R U U L L L U D R R R D D L D D L 
57 48 3 156
426 309 506 
R D R L U L U U U L U U L U L L L R R R D R D D R D D D D R D D L L L L L D L D D D L L L R R R U U U R U R R R R R U U L U U L L R R U U D D D D D D D D L D D L L L L L D D L L L U U U U U R R R U U U D D D L L L D D D D D R R D D D D L L L L U U U U D D D D R R R R U U U U R U U R R R R R U U R U U U U U U D 
83 46 3 98
379 461 296 
U R R U U R U U U U R U U U R R U U R L D D L L D D D L D D D D L D D L L D R R U U R U U U U U R U U U U U U U D D L L L L D D D D D D D U U U U U U U L R R R R R D D D D D L D D D D D L D D L L 
11 24 3 200
889 685 222 
R U U U U R U R R U U R U R D D D D D D D R D R R R R R D D U U L L L L L U L U U U U U R R R R R R D R D D D D D L D D D D D D D D U U U U U R R R R R R R D R R R D D R D D D D D D D D L L D D L L L L D L L L L R R R R U R R R R U U R R U U U U U U U U U U R R R U R L D L L L D D D D D L R U U U L U U L L U U R U R R L L D L D D L U L L L L U U U R R U U R L D D L L D D D R D U L L L L U U U R U 
1 5 1 30
195 
D D D U U U L U D D D U R R R R R R R R L L L L L L L L U R 
4 6 2 200
745 511 
L U U U U U U U U U D D D D D D D D D D U R D W D D R R R D R R R W W W W W W W W W W W W W W W W W W W W W W W W W W W W W W W W W W W W W W W W W D R R R R R R R R R R R R U U L U U L L L L L L L L D L L U L L L L U U U L U U U U L U L U U U U L U L U U U L U L U U U U U U U U U U U U U U U U U R R L L U U U U U U U U R U D L D D D D D D D D D D D D D D D R R R L L L U U U U U U U U U D D D D D 
98 5 6 188
77 802 796 105 130 642 
U D L L L L L L L D D D D L L R R U U U U R R R L D L L D U R R U R R R U U U U U L L D D D L L L L L L L U U L U L L L L L U L L U U L L L L U L U L U U L L L R R R D D R R R R R R R D R R R D U L L L U L L L L L L D R D R R R R D D R R D R R R R R D R D D R R R R R R R U U U R R D D D D D R D D D D D U U U U U L L L L U L U L U L U U L U L R D R D D R D R D R D R R R R R 
78 73 5 200
815 53 677 680 997 
R R U U U R R D D D D D D D D D D D R R D D R R D R D D L R D R R R R D D R R R L L L U U L U D L L L U U U L L L D D L L D L D D D U U U R U R R U U R R U L L U U L L U U U U U U U U U U U U D L L D D D L L D D D D D D D D D L D D D L L L L L D L L L U U U U U U U U U U U U U U U U U U U U U U U U U R U U R R R U U R R R U U U U U L U L L R R D R D D D D D L L L D D L L L D D L D D D D D D D D D 
62 57 5 200
79 693 540 604 678 
L L D L D D L D D R R D R D D D D D D R R D D D R D D U U L U U U L L U U U U U U L U L L U U L U U U U L L L L L U U U U U U L L L L L L L L L L L D D L D L D U R U R U U R R U U U U U U U U U U U U R R R R R U R R L L D L L L L L D D D D D D D D D R R D R L U L L D D D R R R R R R R R R D D D D D D R R R R R L L L L U L U L L L R R U U U L L U L L L L L L L L L L L L D D D D D D D R R R R U R L 
81 7 5 160
686 62 86 501 941 
R U L L L D D L D L L L D L L D L D D D U U R R R R R R R R R R R R R R U R R R U U R R R U R R R L L L D L L L L L L L L L R R R R R R D D L L L D L L L L L L L L L L L L L L U U U L L U L U U U L R D D D R D R R D D R R R R R U D L L L L U U U U U U L U U R L D D D D U U R R L D D D D D R R U R R R U R U U R R R D L 
76 24 3 200
669 311 307 
R R R R R R U U U U U L U U U U U L L U L L R R D D D D R D D D D D D L L U U L U L U U L U U U U U U U R U U U L U L U U U L U U U U U U L U U U U U U L L L L U U U U U U U U U U L U U U U U U U U U U U U U U U U U L U L U U U U D D D D D D D L L L L L L L L D U R R R R R R R U U U L L U L L L U U U L L L L U U D D R R R R D D D R R R D R R D D D R U U U R D R D D D D D D D D D D D D D D D D D R 
64 95 6 200
422 560 734 873 611 145 
D R D U R R R R R R U U R R R R R R R R R D D D D R R R R D D R R R R R R R R R R U U D D R R R R L D D D D U U U U L U U D D D R R R U U U U U L L L L L L L U L L R R U R R R U U R R L L D D L L L D D R R R R R R R D D D D D L L L D U U L L L L L L L U U U D D D L L L L L U U L L L L U U U U L L R D D D D D R D R R R D D D D R R R L L L U U U U L L R R R D U U U U R D R R R U D L L L U L D D D L 
4 41 6 200
543 5 113 952 841 895 
R R R R U U U U U U U U R U R R U U D D L L D L L L L L U U U L R U U U U D D D R R R R R R L U U U U U U D D D D R L L L U R R U R U R R R R R R U U R R R R R R R D U L L L L L L L D D U U R R R R R U U R R U U U R U L L L L L U L L L U U U U U U U U U U L U U U U L L L L L L U U U U D D D D R R R R R R D R R L L U U U U L U L U L L U U L L U D R R D D R R D R D R D D D D D D D R D D D D D D D D 
27 35 4 200
384 722 95 790 
L L L L U R U U U U D D D D R R R R R R D U L L L L L L U U U U U L L D D U U R R U R U R R R U D L L L D L D D D D D L L L R R R D L D R R R R L L L L L U U U U U U U R R U R R U U U L L L U U D D R R R D D D R R R D D D R D D R R R R R R L L L L L L U U L U U U L L L L L D L L D D D D D D D R R R R R R R L L D D D D U R R R R R L L D D D D D D D D L D D D D D L L L U L L L L U U L U L U L L L U 
78 92 3 104
812 835 575 
L L L R R R D W W W W W W W W W W W W W W W W W W W W R R R R D R D R R R R R R R R R R D D D D D D D D D R R R D U R L L L U U U U R R R L L L D D D D L U U U U U U U U U L L L L L L L L L L U L U L L L L U 
17 36 4 200
256 808 257 24 
D U U U U U U U U U U L L D D D D D L L L D L D D D D L D L L L U U L U L L D D D D D D D D D D D D D L L L R R U U D D R U U U U U U U L L L L R R R R U U R L U U U U R R D R D D R R R U R U U U U U U U U U L U U U U U U U U U U U U R R R R U R R R R U R R R R U R R U R U D L D L L D L L L L D L D D D D D D U U U U U U R U R R D U L L D L L L L D L L L L R R R R R R U R R U R R D D D D D D D U U 
20 22 3 200
498 574 473 
D D D D D D D R R R D R D U L U L L U U U D D D L U U U U U U U L L L L L L L L L L L L L R R R R R R R R R R R R R L L L L L L L L L L L U U L U L L D D D D D R R D R D D D R D R D D R D D D U U U L U U L U L U U U L U L L U U U U U R R D R D D R R R R R R R R R R R D R D D D R R R R R R R R R R R R R R R R U U U U U L L U L L L L D L D L L L R R R U R U R R R R D R R D D D D D L L L L L L L L L 
50 62 3 199
557 18 288 
D D L D L D D D D D L L L U L L L L L L L L L L D U R R R R R R R R R R U U R R L L D D D R R R U U U U U R U R U U D L L W W W W W W W W W W W W W W L L L L L L U W W W W W W W W W W W W W W W W W W W W W W W W W W W W W W W W W W W W W W W W W W W W W W W W W W W W W W W W W W W W W W W W W W W L U U U U U R U R R R R L L L L D L D D D D D L L L D D L R D D U U U U R R R R D R R R R R R R R U 
67 98 5 200
536 197 51 833 228 
R R R R R R R R R R D R R R R R R R D R R R R D D D R D R R R R U R R R R R R U U D D D D D D D D D L D L L U L R D R R U R U U U U U U U L L L L L L U D R R R R R L L L L L L L U L L U D R R D R R D L L L L U L U U U L L L L U L L L L L L L U L L L L L L L U D L L L L L L L L L L L L L L D D D D D D R R R U R R R R R R R R R R R R R R R U D L L L L L L L L L L L L L L L D L L L U U U U U U R R R 
12 96 5 154
592 362 528 559 341 
L L L L L L L L D L D L D U R U R U U D D L D L D D D D D D D R R D U L L U U U U U U U R U R R R R L L L U R R R U D R R R R D D D D D D D D D D U U U U U U U U U U L L L L L L L U L U L L L D D D D D R D U L U U U U U R R R R R U R R R R R R R R R R R R L L L L L L L L L L L L D L L D R D R R R R R R R R 
75 25 2 36
562 152 
U L U U U L D D L D D D U U U L U U D D R R D D R L U U U U R D D D R D 
25 73 4 200
650 712 126 752 
R R R R D R D R R D R L D L D D D D D L D U R U U U U U R U U R D D D D D R D D R D D D L L L L U U U D D D R R R R U U U L U U L U U U U U L L L L L L L R R R R U L U L L L L L L D D D D L L D L L L R R R U R R U U U U R R R R D U L L L U L L U L L U L U U U U U R U U U U R R R R R U R R R R R R R R R R U U U U L L U L U U D D R D R R D D D D L L L L L L L L L L U L U U U U R L D D D D R D D L L 
56 57 6 170
656 123 492 837 746 458 
L L L D D L L D D U U U U U U U U U U L L D L L D D D L L L L L L D D L D D D L U U D D D L R U R U U U R R R L L U U R R R U U U U D D D D R R R U U U R R U R R D D D D D D D D W W W W W W W W W W W W W W W W W W W W W W W W W W W W W W W W W W W W D D D D W W W W W W L U U U U U U U U L L U D R R D D D D D D D D R U U U U R R U U R R R 
85 57 8 200
293 252 33 654 624 577 840 716 
D D D D D D D L D U R L L D D L D D D R R R R R R R D D R R R R D D U R R R R R R D U L L U U U U U D D D D D L D D D D D D R D D R R L L U U L U U U U U U L L L U L L L L U U U U U U D D D D R R R R R R R R R R D D L L L L L R R R R R U U L L L L L L L L L L L L D D D D D D D D U U U U U U U U R R R R R D D R R D R D D R R L L U U L U L L U U L L L L L L D D D D D U U U U U R R R U U U R L D D D 
24 99 4 180
866 59 32 470 
R R R R R R R R R R D D R D R L L L L L L L L R D D D D D D D D D L L L L L U U L R D R R R L L L D D L L L L L D D L D D D D D D D D D D D D D D D L L L L D D L L D D L L L L L D L D D L L L L R R R R U U R U R R R R R U U R R U U R R R R U U U U R L U U U U U U U U U U U R U U R R R R R U R R R R R U U U U U U U U U R R R R R R U L U U L L L L L L L L L L 
92 12 4 200
265 438 485 250 
U R U U U U L U U L U D D U R D D R D D D D D D D R R R R R R L L L L L L U U U U U U U U U L L U U U U U U L U U L U D R D D D W W W W W W L R U R D D D D D D R R D R R R R W W W W W W W W W W W W W W W W W W R U U U U U U D D D D D L L L L L L U L L L U R U U R R U U U U U U U U U L U U L L L U L L L D D U U R R R D R R R D D R D D D D D D D D D L L D D L D R R R D R R R R R R D L L L L L D D D 
61 28 6 200
868 798 427 413 78 48 
R R D D L R U U R U U U U U L U L U L L L L L U U R R R R R R R R R U U U U R R U D L L D D R R R U U R R R R U U R L D D L L L L D D L D D U U L L D D L L L L L L L L L D D L L L R R R R R R R R D R D R R U U R R R R R D D D R D D R R R D D D R D R R L L U L U U U L L L U U L U U U L L L L L D D L D D D D D L L L L L L D L L L L L L L D D D D L L L L L D D U U R R R R R U U U U R R R R R R R U R 
82 4 6 193
205 640 944 990 510 513 
D D D L L R R U U U U U R U U U U R R U D R D R D R R R R D R R R U U R U L L R R D L D D L L L U L L L L U L U L L L D D D D D D R R R W W W W W D L L D L L L L L L L L L L L L L U L U L U L U U W W W W R R U R U U U U R R R D D R R R R R R R R R L L L L L L L L L U U L L L D D D D L D L L D D R D R D R D R R R R R R R R R R R R R U R R U L L L U U L D D R R R R D D R L U U L L L L 
75 45 3 100
400 836 225 
L L L L L L L R R R R R R R U U R R R R R U U L L U L U U U U L U U U L L L L L U L L U U U U U U U L L L R R R R R L L D D D D D D D R R D R R D D U U R R R D D D R D D D D R D R R D D L L L L L D D 
94 68 4 176
925 864 361 985 
R R U U U U L L U L U L L D D D L L L L D L L D D R R R R R R R U U D D L L L L L L U D L U U R R U R R R U U U U U R R U R R R U U R U R R L L D L L L L L L D U R R R R R D D L L L D L L D D D D D R U R R L L L U U U U R R U R R R U U R U R R R D D D D D D D D D D U U U U U U U U U U L L L D L D D L L L D L L D D D D R U U R R D R D R R D D D D L L 
47 93 4 200
137 282 66 822 
R D D U U R R R R U R U R R U U R R U R R R R R R R U D L L L L L L L D L D D D D D D R D R L U L L L L L L L L D D D D D R R R R R R L L L L L L U U U U U R R R R R D U R R U U U U U U L D D L L L L W W W W W W W W W W W W W W W W W W W W W W W W W W W W W W W W W W W W W U L L L L L L L L R R R D D D D R D D R D R D D D D D L D L L L D L L L L D U R R R R U R R U U U U L U L R D R D D D D R U R 
52 53 4 200
898 198 729 153 
D D L R D D D D D R R D D U U R R R L L L L L U L D D D L D L D L D D D R D R D D D L L L L U U U U L U U L L U U U L L U L R D R R D D D R R D D R D D D D R R R R U U U L U L U U U R U R U R U U U R U U U U U U D D D L D L W W W W W W W W W W W W W W W W W W W W L U D R R D D D D W W W W W W W W W W W W L L L L L L U U U L L L L L R R R R R D D D R R R U U U U U U L U U U L U U D D R D D D R D D 
51 90 4 200
104 946 158 72 
U U U U R L D D D D L L L R R D D D D D U U R R R R U R R R R R U U R W W W W R L L D D L L L L L D L L L L U U U R L W W W W W W W W W W W W W W W W W W W W W W W W W W W W W W W W W D L L U U U L L U U R R R R U U R R R U U R R R R R R R R R U D L L L L L L L L L D D L L L D D L L L L D D R R D D D R R R R D D R R D R R R U R R R R R R R U U U D D D L L L L L L L D L L D D D D L D U R U U U U L 
82 20 6 200
355 264 780 116 22 149 
R R U R U L U U U U R R R U R U D L D D D D D D D D W W W L L L L L L L D D D D D R R R D R R R R R R D D R R R R R R R L U U U D D D L L L L L L U U L L L L L L U L L L U U U U L L L L L L L L L L L D L D L D D D L D L D L L L L D D D D D L L L L L R R R R R U U R R R R R R R U R U R L D L D L L L D D D D D D D D R R R R L L L L L L L L L L L L U D R R R R R R R R U U U U U U U U U U R L D D L L 
58 1 3 168
456 108 951 
R R U R U U R U R U U U R R R U D L L L D D D L L L L L L L L U U U U L U L U U U R R U U R L D D L L D D D R D R D R R R R R D R R R U U U U R U D L D D D D L L L L R U L L L L L U U L L U U U U U U R U U D D L D D D D D D R R D D R L D D D L L L D L L D L D D L D L R U R U U R U R R U R R U U U D D D R R R R R R R R D L D D L D L L 
37 46 4 200
550 813 856 83 
D D D D D D D D D D D D D D D L L D D D D L D D D L L L L R R R R U U U R U U U U R R U D D D R R R R R R R R R R R D D D D D D R D D D D R L U U U U L U U U L L U L L L R R R D R R U U U L L L L L L L L L L L U U U U U U U U U U U U U U U U U D D L D L D L D D L D D L L L U U L L L U L L L L L D D D D R R D R R D U R R R L L L L L U L L U U U U R R R R R D R R R D D R R R U U R U U U D R U R U R 
93 20 3 124
830 871 356 
L U D R R R R R D U L U U U U R U U R R U U U L L L L U U L U U U U U U L U U U R R R R R U D L L L L L D D D R D D D D D D R D D R R R R D D D L D D D D D D D D D D D D L L R R D D D D D L R U U U U U U U U U U U U U U U U U L D D L D D D D L L L 
66 80 7 200
580 491 818 496 986 417 189 
U U D D D D L D L D D D D L L U U D D D L D D D U U L L L R R R U R U U U U U L L U L L L U L L U L L L L L L L D D L L L L U L L D D D D D L L D L L D D U L L L L L L L D U R R R R R R R U R R U R R U U U U U R R D R R R R D D L L L L D D L U U U U L U L U L L R R D R D R D D D D R U U R R R R U U U U R R R R R U U U U U R R R R R R R R U D L L L D U L L L L L D D D D D R R D R R D R R D U R D R 
18 42 3 200
847 259 50 
R U U U U U U R U U R L D D L D D L L L L L D D D D D U U U U U R R R R R D R R R R L L U U U L U R R R R R R R R R U U U U D D D D L L L L L L L L L D R D D D L L D D D L D D D D D D W W W W W W W W W W W W W W W W W W W W W W W W W W W W W W W W W W W W W W W W W W W W W W W W W W W W D L L L L L L L L D L L L L L L L U U U U L U U U U L L U U U U U U U U U U U U U U R U R U R U R U R R U U U R 
59 41 7 186
874 474 983 785 544 218 972 
L U U U U D R R R R L L L L U D D D D D D L L D D L L L D L L D D L L D L L L L U U U U U L U U L L U U L L L L U U U U U U R R R R R R D U L L L L L L D D D D D D R R R D D D D D D D D D D D R L U U U U U U U U U U U R D D U U U U U D D D D D D D D D D D D L D D L L L R U U U D D D R R U U R U U U U U U U R R D D R D D D D D R R R R U R R U U R R U R R R U U R R U U R 
40 7 5 162
744 757 661 877 979 
R R R R R R U R U R R R R D D D R R R R R D R L U L L L L L U U U L U U D D D D D D D D R R D R D R D R R R R R R R R R U D L L L L L L U U U R L D D D R R R R R R L L L L L L L L L U L U L U L L U U U U U U L U U U L U D R D D D L L D L D L L R R R R R R R R R U U R R R D U L L L D D L L L L L D D D U U U L L L L L L L L 
62 97 4 120
883 799 894 1 
R R R R D R L L L L L L L L L D D D D U U U U R R R R R D D D U U U L L L L L U U U L L L L L L R R R R R R D R R R R R R U R L D L L L L L L D D R R R R R R L D D L L L L L L U U U U L R D D R R R L L L D D R R R R R R U U R R R U L L L L 
7 81 4 110
434 503 350 138 
L U U L U D R D D L D U R U U U U R U U U U U D D D D D L D U L U U U U U U U L L R R R R R R R R R L L L D D D U U U L L L L L L L U U U U L U D R D D D D D D D L L R R U U U R R R R R R L L L D D D D D D D R D D D D R 
91 75 5 170
599 982 177 238 468 
R R U R R R U U R U R U U L U U L R D D R D D D D D D D D R L U L L L R R D D D D D D D L D L L D D D D L R U U U R R R R L L L L D D D D R D D D D U U U U L U U U U U R R U R U R R L D D D D D R D D D D D D L L L L U U U D D D R R R R U U U U U U L U U U U U U D L D L L L L U L R D R R R R U U U U U U U R U U U U U L D L D D L L L D L L 
87 34 5 200
360 502 907 995 488 
D D D D D U L L L R U U U U U U U U U U L U D R D D D D D D D D R U U U R R R R D U L L L L D D D L D D R R U U U U D D D D D D D R D D R D U L U U U U R R D R R R U U R R R U U D D L L L D D L L L U L L D D D D D D D D D D D L L L L D L L D D L R U U R R U R R D D D L D L D D D D D R D D D R R R D R R R D R R D D R R R R R R L L L L L L U U L L U L L L U L L U U U U U U U R R R D R D U L U L L L 
0 18 4 90
349 163 112 534 
U U U U U U U R R U U R U U U L L R D U R D D D L D D L L D D D D D D D D D R D D R D D D D R D R D D R D D R R R R R D R R R L L L U L L L L L U U L U U L U L U U U U L U U L U U 
0 79 9 200
964 52 772 165 777 227 376 493 457 
D D D D R D D D D L R D R R D D D D D D D R D R L D D D U U U U U U U U U R U U R R R R R R R R R R R R U U U U L U L L L D L L D L L L L L L U U U U D D D D R R R R R R U R R U R R R D R D D D D L L L L L L L D D D D D D D D R L U U U U U U U U L L L L L L U D R D D R R D D D R R D D R D R R L L U L U U L L U U U L L U U U D D D L D D D D D L U U U U L L L D D D U U U R R R U U U R U D L L L U U 
36 46 5 200
242 754 151 776 161 
L D D L L D D D L U U U U U U U R R U L L L L U L U D R D D U R R R R R R R U R R L L L L L L U U U U U U U U R L D D D D D D D D R R R R D L L L D D D U U U U R R R D D D R D D D D D D D D R R D U U U U U U R U U R R D R D R D R D D D W W W W W W W W D D D D D R R R U R U U U U U U U U U U U U L R D D D D D D D D D R R R R R L L L L L D D D L D L L L U U U U U U U U L U L U L U L L D D L D D D D 
69 23 6 200
106 703 139 832 671 231 
U U U U U R L U U U U U U L U L L L U L L L L L L L R R R R R R R D R R R D D D D D D D L L L D L L L L D L L U D R R U R R R R R R D R D D D L L D D L L D L D L D L R U R U R U R R U U R R U U U L U L L U R R R U U U U U U R D D D D D D D D D D D L L L D D L L L L D D D D D D D L L L L L L L D D L D D D L L L L U L R D R R R R U U U R U U R R R R R R R R L D L L D L L L R R R U R R U U U U U U U 
56 31 5 200
594 932 618 658 322 
U D R R R D D D U U U U U U R D D D D R R L L L D L L L D D D D D D R L U U U U L L L L L L L D U R R R R R R R U U R R R U R U U U U L D D D L L L R U U U R W W W W W W W W W W W W W W W U U U U R U R U U U U U U U U U L U U L L L D D L L L D D D L D L L D L D D L D U R U U R U R R U R U U U R R R U U R R R D D R D D D D D D D D D L D L D D D D D D D D L L L L L L L L U L L L L L L U U U U U D D 
70 61 4 170
224 647 755 148 
R U R R R R R U R R L L L L L U L U U U U U U L L D L W W W W D U R U R R D D D D D D R R R R R U U U R R R U R L D L D D D D D D D D D D R R U U R R R U U U R L D D D L L L D D L L U U U U U U U U U U L L D D D L L L L L U U U L L L U L R D R R R D D D R R R U R R U U U U U U U U U U D D D D D D D D D D L L D L L D R R R D L L L L L D L 
95 63 5 200
719 337 302 842 466 
R R D D R D L D D L L R D D D D D D D D D D D D D D D D D D U U U U U U U U U U U U U U U D D D D D L D L D L R U R U R U U U U U U U U U U D D D D D D D D U U U U U U U U U L U L U U U L L U U L U U U U L L L U U U R U U U R R U U U U U R U U U R U U U U R R R R U U U U L L U L L L U L L U L U U L L U D R R D D R R R R R R R L L L L L L U U U L R D D D D R R D R R R D R R D D D D L L L L D D D D 
43 20 3 182
226 660 301 
R R R U U R R U R R R U D L L L D D D D D D D D D D D D L L D L L U L L U U U U U L U U U U D D D D L L U U U U U U U D D D D D D D R R R D D D D D R R D R R U R R U U U U U U U U R R R R R R R D D D R D U L U U U L L L L L L L D D D D D L D L L L D L L U U U U L U U U L L D D D U U U R R D D D R D D D D R R U R R R U U U D D R U R L U U U U U U U L L D D L L L 
14 3 3 100
91 386 70 
U U R R R R R R R R U D L L U U D D R D D R D D L L L L L L L L L L L L L L L L L L L L L U L U R R R D R R R L L L U L L L D R D R R R R R R R R R R R R R R R R R R R R R U U L U U L L L L L L L D D 
66 11 2 66
630 992 
U U U L U L U U U L L L R R R D R R R R R R R U D L L L L D D D D D D D L R U U U U U U R R R R R L L L L L U L L L D D R D R D D D 
16 61 11 200
440 861 942 688 848 930 479 860 295 891 96 
L U R R R R U R U D D R R D D D R W W D R R L L L L L L L D D L L D D L D L L L R R R U U U U U U D R L D D D D L L L R R R R U U R R U U R R R R R U L U U U L L U L D R U R U U U U D D D D L L L L L L L L L L U W W W U U U U U U U U U U R R U D D D D D D D D U U U U U U U L L D D D D L L L R R R D D D D D D D R R D D L D L L L D L D L L D D L L D L D D L D D D D R D R R D R R L L U L L U L U U U 
46 18 6 200
37 114 865 927 75 800 
D D D D L L U U U U U L L U U R U U R R R R R U U R U U U L L L L L L R R R R R R D D D L D D L L L D D U U R R W W W W W W W W W W W W W W W W W W W W R R R R R R R R R R R R D D D D D U U U U U R R R R R R U R U D L D L L L L L L L L L L L L L L L L L L L L D U L L D D L D L L L L D D D D D D D D U U U U R D D D D D R R R D D U U L L L U U U U U L U U U U U U U U L L U L U L R D R D R R D D D D 
17 91 6 196
736 939 449 277 260 320 
R R D D D D R R U R L D L L U U L L L L L L D U R U U U D D D R R R D D D D L L L L D L L D D D D D D L L D D D U U L L L R R R U U U U U U D D R L U U U U U L U U L U R U R U U R U R R R U R L D L L L D L D D L D L L L R R D R D D R D D D D D D D D R R U U U U U U R R U R R R R U U U U R R U U R U R R R U U U L L L L U U L U L L L L R R R R U R R L L D D R D D R R R R D D D L L L D L L L 
14 28 4 200
399 701 747 354 
D D D D L D L L L U U R U U U U U U U U U R U U U D D D L D D D U L L L L L U U U L U D R D D D R R R R R R R L L D D D D D D D L D D R R R U R U U U R R R R R L L L L L D D D L D L L L U U U U U U R D D U U L D D D D D D R R R U R U U U U D D D D D L L D R R R D R R R D R R D D D R R R R R R R R D D D R D D D D D D D D D D D D D L U U U U L L U U L U U L L L L D D L D U R U U R R R R D D R D D R 
69 99 2 200
516 125 
R R R R R R L L L L L L W W W W W W W W W W W W W W W W W W W W W W W W W W W W W W W W W W W W W W W W W W W W W W W W W W W W W W W W W W W W W W W W W W W W W W W W W W W W W W W W W W W W W W W W W W W W W W W W W W W W W W W W W W W W W W W W W W W W W W R R R R R R R R D R D R R R R R R D R R R R D D R D D D R D D R R D W W W W W W W W W W W W W W W W W W W W W W W W W W W W W W W W W R L U 
75 90 2 188
960 23 
R R R R U U U U L L L L L L L U D R R R R R R R D D D D R R R L L L L L L D D U U L L U L L U L L L L L L L L L L L L D D L L L L W W W W W W W W W W W W W W W W W W W W W W W W W W W W W W W W W W W W W W W W W W W W W W W W W W W W W W W W W W W W W W W W W W W W W W W W W W W W W W W W W W W W W W W W W W W W L D D R L U U R R R R R U U R R R R R R R R R R R R D R R D R 
8 35 5 200
899 303 30 570 150 
R U U R U U U L L L L L L L U U U U L U U U U U U U U U U U U R U R R R R U U U R R U R U U R U R R L D D D D D D D D D U U U U U U U U R R D D U U L L U L D L D D L D L L D D D L L D D D U U U L L U U L U U U U U L D D D D D D D D L D U R U U U U U U U U R D D D D D R D D D D D D U U U L D D D D D D D D D D D L R U U U U U U U R U D L D D D D D R R D R R L L U L L D D D R D D D D R R R R R R R D 
15 19 2 200
664 789 
R D R D D R D R D D D D R D D U U L U U U U L U U U U U U U U D D D D D D D L D D D D D D D D D L L D L L L L L L L U U U U L U U U L U U U U L U U U U U U U U U U R R R U U U U U R R U R R R R R R R R R R R R R R R D D R D D D D D D D U U U U U U R R L D D D D D D R R R U R R R U U U U R U R R U U U U U D D D D D L L D L D D D D L L L D L L L U U U U U U L U L U L L L R R R U L L L L L L L L L L 
51 70 5 200
462 662 141 71 10 
L L L L U U U R U U U U U R R L L D D D D D L D D D D D D D L L R R U U U U U D D R R R R R U U U U U U U U U R R R D D D D D L L D D D D D L L L L L L D D D L R U U U R R R R R R U U U R R U R L D L R U R L D L L U U R R U U U U U L L L D D D D L L L D U R R R R R R R R R U U U R L D D D L L L L L L D D L L L L L L L L L L L U U L L U U U L U U U U U U U D R R R R R D R R D D R D R L U L U U L L 
83 99 2 66
480 739 
R R R R D R R R D D R D D R R R R R R R R L L L L L L L L U U L U U L U D D D D D R R R R R U R L D L L L L L U U U U L L U L L L L 
86 75 3 146
558 886 903 
U U R R U R R L L L L U U U U U U U U U U U U U D D D D D L D D D D D L L L R R R U U U U U R D R R R R R R L L L L L L D D D D D D D R R D L D D D D D D D D D R D R D R D D R R D D D D D D D D D D D R R D D R D R L U L U U L L U U U U U U U U U U U L L U U L U L U L U U U U U U U U U L D D 
26 0 4 174
924 410 407 490 
L U U U U L U L U U U U R R R R R R R R U U U U U R L U L L L U L U U U U L L U U U U U U U U U U L U L R D R D D D D D D D D D D R R D D D R R R R D R D D D U U U L U L L L L D L R R U U R R L L L L L U U L R D D R R R D D D R R R D D D D D D D D D D D D D D D R R R L L L U U U U L L L L R R R R U U U U U L L L L L L L L D D D D R D R D D D D R 
73 38 4 200
454 60 653 80 
U R R R R U U D D L L L L D L L L D U U U D W W W W W W W W W W W W W W W W W W W W W W W W W W W W W W W W W W W W W W W W W W W W W L R U U U U U U U U U U U U U D D D D R D D D D D D R D R D R D R D U L U L U L U U U U U U U D D D D D D D D R D R D D L L L L L L L L L L L L L U U U W W W W W W W W W W W W W W W W W W W W W W W L U U U U U U U R U R R U R R U U U U U U U U D D D D D D D D L L D 
80 58 5 200
597 795 184 768 8 
L L L D R D D R R L U R R U U U U R R R U R R L L L L U L L R U U U U U D D D D D R D R R D L L L D D D D L L D L U U L U R R R U W W W W W W W W W W W W W W W W W W W W W W W W W W W W L L R R D D D R R D R R D U L U U R U R R D D D R D D R D R D R D D R D R D D W W W W W W W W W W W W W W W W W W W W W W W W W W W W W W W W W W W W W W W W W D R R R R U U U U U U U U U U U L U U U U L U D R D D 
13 77 5 200
478 3 567 171 20 
L D L L L L L R R R R R D D D D R R R D R R R D D U U U U U U U U U R D D R D U L U U L D D D D D D D L L L U L L L U U U L L L L L L U U U U L U U L L L L U L U D R D R R D D D D D D L R U U U U U U U U U U U U U U U U U R U R R R R R U R L D L L L R R U R R R U R R R R D D R R R R D R R U D L L U L L L L U U L L L L L L L L L L L L L U D R R R R R R R R R R R R R D D D L D L L D D D D U U U U R 
47 88 4 154
304 956 655 216 
U R R R R R U D R R L L L L L L L U U L U U U U U U U L U R R R R R R R R R R L L L L D D D U U U L L L L L L D L L L L R R R R R D D D L L U L U D R D R R D D D D R D D R R R R R L L L L L L U L U U U L L U L L U U L L L L L R R R R R D D D D D D D D D R D U L U U U L L R R U U U U R R D R R D D D R D R D 
74 76 5 200
65 299 380 887 397 
U U L L L U U L U D R D D R D D D D D D U R D D D D D D D D R U U U R R U U U U U U U U U U U U U U U U U U U R R R R R R R R R D R R R L U D L L D D D D D D D L R U U U U U U U U L L L L L L L L L D D D U U U R R R R R U D L L L L L D D D D D D D D D R R R R L L L L U U U U U U U U U R R R R R R D D D D D D R D D R R D D D D D D D D D D R R D R R L L U L L U U U U U U U U U U L L U U L U U U U U 
21 2 2 68
720 332 
L U U L D L D L L L L L U U U U R R R R R R L L L L L L L L L L L L L L U L U U D D R D R R R R R R R R D D D D R R R R R U R U R D D R 
63 82 5 162
441 614 321 352 371 
L L L D D D L D L D D U U R U R R R R L L L U U U L L L L U U L L L L L L L L U U L L U U L U L U U U L L U L L L R D D L L U L L R R D R R U U U U D D R R D R R D D D R D R D D R R D D D D L L L L L L L U L L R R D R R R R R R R U U R U U U U D L L L L U U L U U U D D D R D D R R R R D D D R R R R R R R D D R R R R R R R 
79 26 2 200
778 504 
U U U U L L U L U U U U U R R R R U U U U U L U L L L U L U L R R U R U R L D L D L D R D R R R D R D D D D D L L L L D D D D D R D R R D D D D U U U U L L U L U U U U R U U U U U U U U U U U U U U U U U U R U U U U R U U R R R R R U U R R R D D D D D R D D R D R D R R U U U U U U U U U U U L U U L L L U D R R R D D R D D D D D D D D D D D L L U L U L U U L U U U U U L L L D D L L L L L D D L D D 
58 73 5 65
806 775 733 936 247 
L U R R R R U U L L U W L U D L L L L L L L L L L L L L L R R R R R R R R R R U U U U D D D D R R R D U R R D R R D D L L L L D R 
36 94 6 136
481 675 705 414 268 330 
R D R D D U U U U L L L L L L L D D D D D D R R R R R R D R R R R D R D R D R R R R D D D D D D D R D D D U U U L U U L L R R U U R R R R R L L L L L L L L L L L U L L U D R R D R R R R R R U U U L L L L U L U L U L L L L U L L L L L L U U U U U U R R R R R R R D D L U L 
