100
54 72 6 200
806 936 247 981 197 739 
R U R U R U U U U R L D L L L L L L L L L L L L L R R R R R R R R R R U U U U D D D D R R R D D D L D L D D D D D D D L D D W W W W W W W W L R U U R U U U U U U L D R R U U R U R U U U R R R R R R R R R R U U U U R U U L U L L U U U U L U U L L L U U U U U U R R R R R R R R R R R U R R R R R R R R R R R U R R R R R R R R R R R D D R R R R D U L L L L D D D D D D D D D D U U U U U U U U U U U U L 
22 68 2 200
208 571 
U U U U R U U U U U R U U R U U R U U U U U R U D D R D R L L D U R U R R R R R R R L L L L L L L L D D D D D D R D D D R R R R R R R R R R R D R R D D D D D D D D D D D L L D D D D R R U R R R R R R R R R R R R R R U R U U U U R R R U R U U U R R U R R U R R R R R R R R U U D D L L L L L L L L D L L D L L D D D L D L L L D D D L R U U U R R R R U U U R R U U R R R R R D D L L L D U R R R U U L L 
93 33 3 200
193 250 169 
L D D D D D L R R R R R R R L L L L L L U U U U U R L D D W W W W W W W W W W W W W W W W W W W W W W W W W W W W W W W W W W W W W W W W W W W W W W W W W W W W W W W W W W W W W W W W W W W W W W L D D W W W W W W W W W W W D R D D U U L U U U L L L L L U L U D R D R R R R R R D D D D D D D R D D D R R R R R D D D L L L R R R U U U L L L L D D D U U R R R L L L U L U U U L U L L L L L R R R R R 
11 24 4 200
808 349 574 531 
L L L D L L L L U L L L R R U U U U U U L L U L R D D D D L D D D D D U U U U U R U U U R R D D U L L U D R R D D D D D R D R R R D U R U R R R L L W W W W W W W W W W W W W W W W W W W W W W W W W W W W W W W W W W W W W W W W W W W W W W W W W W W W W W W W W W W W W W W W W W W W W W W W W W W W W W W W W W W W W W W W W W W W W W W W W L U U L U L R U U U U U R R R U U U L R D D D R R R D R L 
51 90 3 160
104 614 321 
U U U R U D L D D D L L L R R R D D R D R D D D R R L L U U L L L L L L L L L L L U U U U L U U U L L R R D D D R D D D D R R R R R R R R R R R U L U L U U U R R U U L L L L L U U L L U U U L L L D L L L L L L L L L L D D D D D R R R L L L U U U U U R R R R R R R D D U U R R R U R R R D D D R R D D R R R R R D D L L D 
94 14 5 88
265 802 640 105 501 
L R D D D D D D D D D R L L L D L D U U U U L U D R D D D D U U L L R R D R U R R U R L L L L L L L L D L D D L L D L U U U D D D R U R R U U R U R R R R R R R U U U U U U U U 
2 34 3 200
257 593 112 
R R D R R R R R U R R U D L L D L D D D D D U U U U U L L L L U U U U U L L U U U U U R U D L D D D D L R D R R D D D D L L R R R R U R U R R R R R R R R R W W W W W W W W D D D D D D D D D D R R D D D D D D R D R R R R D R R D D D D D D D D D D D D D D D L D L L D L L L L L L L L L L U L L L L L U U U U U U U L U L U U U L U L L L R R R D R D D D R D R D D D D R L D D D R R R R R D R R R R R R R 
92 78 7 170
599 835 51 982 480 734 985 
R R R R D U U R U U U U U L L L R R R U D D L R U R U U U U U U U U U U R L L U L U L U U L L L L L U L R D R R R R R D D L L L L D L L D R R L L U R R U R R R R R R U U D D L D D D D D D D D U U U U U U U R D R D D D D D D D D D D L D D D D R L D L D L L L L L L R R D D D R D D D L L L R R R R R R D R R D R L U L L U L L L U U U L U U U 
49 24 4 200
114 214 448 75 
U U U U L L L L L L R R D D D D D D D U U U U U U L L L L L L L L L R R R R R R R R R R D D L D D D D D D D U U U U U U U U L U L U D R D R D R U U L U R R R R D D D D U U U U U U U U U U L U L L D L L D D D D L L D D D D D D D D D D D R R L L U U L L L L L L L D D D D D D D D D D R L U U U U U U U U U U R R R R R R R U U U U R R R D D D R R R R R R L L L L L L D D L D L L L D D L D D D D L D L R 
46 46 4 140
526 656 309 506 
U R U U U U U U R R R R L L L L D D D D D R R R R R R R R R U U U D D D L L L L L L L L D D D R D R R D D D L L R R U U U L L U L U U U R R R R R R R U U U R R L L D D D L L L L D U L L L L D L D D D D D D D D U U U U U U U U R R R R U R U R R R R R R L L L L L L D L D L L L L D 
91 13 2 162
811 488 
U R U U D D L D R W W W W W W W W W W W W W W W W W W W R D W W W W W W W W W W W W W W W W W W W W W W W W W W W W W W W W W W W W W W W W W W W W W W W W W W W W W W W W W W W W W W W W W W W W W W W W W W W W W W W W W W W W W W W W W W W D R R R D D R D D D D D R R D D U U L L U U U U U L U U L L L L L L R R R U U L L 
80 58 6 200
597 224 755 361 179 317 
L L L D U U U U U U R L U L U L L U L L U U U U L L R R D D R R R R R R R R R R R U R R R L L D D R R R R R D D L D U R U U R L D D L D D D D L L L L D D R D R D D U U L U L U U R R R R U U U U R U U L L L L L U U L D L L L L L L L L L L L D D R R D R R D R D D D D D D R R R L L U U L U U U L U U L L U L L W L D D D D D D D R R R L L L L L L L R R R R R R R R R R D D R R R R R R D D D U U U L L L 
12 96 4 200
592 362 260 831 
L L L L L D L L L L L D D U U R R U U D D R D D D D D D D L D D U U R U U U U U U U R R D D D D D R U U U R R R R R R U D L L L L L L D D D L U U U U U U R R R R R R D R L L D L D L D D L L L L L D L L U W W W W W W W W W W W W W W W W W W W W W W W W W W W W W W W W W W W W W W W W W W W W W W W W W W U R U U U U U R L D D D D D L D D R R R R R D D D R D R L U L U U U L L L U U L L L U L L R R D 
45 75 3 38
401 820 496 
L L L L U L U U D D R R U U U D D D L D D L L D D D L R U U U R R U R R R R 
78 73 4 200
815 558 548 495 
R R U U U R R R R R R R R U U R R L L L U L U U U U U U U U U U U U D D D D D L L L L D D D D D U U U U U R R R R D R R R R R R L L L L L L D D D L L L U U L L U U L U U U L L R R D D D R D R R R R R R R R R R R L L D D D D D D D D D U U U U U U U U U L L L L L L L L L U L U U R R R R R L L L L L D D R D D R R D D R R R D D D R D R R L D D L L L L L L L L D L L L L L L L U D R R R R R R R D D L L 
47 74 6 200
462 662 632 771 920 216 
D D D U U U R U U U R R U D L L D D D L D D D L D D L D D D U U U R U U R D D R R R D R R U U U U U U U U U R R R R R R R R U L L L L L L L L L R R R R R R R R R D L L L L L D D D D D U U U U U L L U U U U U R R U U U U L L U L U L L U U D D R R D R D R R D D D R L U L L L L L L L L R U D R R R R R R R D D R D D D D R L U U U U L L L L L L L L L L L L L L U U U U U U L R D D U U L U L L U D R R D 
79 26 3 200
917 355 903 
U R U U D D R R R R R L D D D D D R L U U U U U L L L L L D R R R R U R R R U R R W W W W W W W W W W W W W W W W W W W W W W W W W W W W W W W W W W W W W W W W W W W W W W W W W W W W W W W W W W W W W W W W W W W W W W W W W W W W W W W W W W W W W W W W W W W W W W W W W W W W W W W W W R R U U L U L U U L L U U U U U U U U U U R U R U U U U U U R U U U U R R U U U R D D D D D D R D R R R L L 
11 85 3 200
434 503 895 
D L L L L L L R D D D L D U R U U U R U U U U U U D D D D D D L L L L U U U U U U U U D D D D D D D R R R U R U U R R U R U R U U R L D D L D L D L L D D L D L L L D R D D D R D D D D D D D D R R R R R R U U R R R R R L L L L L L L L L L U U U U U U U R R R D R R R R R R R R R U U U U U U U L L L L L L L L L D D D U U U R R R R R R R R R D D D D D D D L D U U U U R U U U U L L L L L L L L U L R D 
85 12 5 200
591 415 416 438 116 
R U R U U U U U L R R R R U R U R U R U U U U R R L L D D D D L D L D L D L L R R U R U U U U R U R U R R L L D L D L D D D D L D L L L D D D R R U U U R R R R U L U L R D R D L L L L D D D L L D D R R R D R D R R R R R R D R R L L U L L L L L L U L U L L L U U U U U U U U U U U U U R R U U D D L L D D D D D D D L R D D D D D D R D R D D R R R R R R U R L U U U D D D D L L L L L L U U L U L L D L 
50 12 6 180
877 37 744 661 881 971 
L D D U U U L L L L U D D D D D D D L L R R U U R R R R D D R D R R R D D R R R D R R R D D D R R R R R R R R R R U U U U U U D D D D D D L L U U D D L L L L L L L L U U U L U U U U U L R D D D D D D R D R R D R L U L L U L U L L U L L L U U L L L U L U U L L L L U U U U R R U D L L R R U U U U U R U U L L L L U U U U D D D D R R R R D D L D D D D D R R D R 
24 99 1 40
853 
L L D D L L L D D L L L D R R R R R D R L U L L L L L U R R R U U R R R U U R R 
75 25 5 200
562 152 933 225 913 
L L U U U U D D D D L D U U U L U U D D R D D R R R D U R R D D D D D D D D D D D U U U U U U U U U U U L L L L W W W W W W W W W W W W W W W W W W U U U U U U L L L U U U L U U L L L U U U L U U U U U U L L U U U L U U U U U U U U L U U R R R R R R R R R R R R D D D U U U L L L L L L L L L U U U U U U U U D D D D D D D D R R R R R R R R R D L D D D D D D D L D U R U U U U U U U R U L L L L L L L 
81 9 4 200
686 185 205 108 
R D U U U R U U R D D D R R R R R R U R R R U U U U D D D D L L L D L L L L L D D D L D D L D D L D L D L R U R U R U U R U U R U U U U D D D D D D L L L L L L L L L L D L D L D D D L L L L L L L L L U U L L L U L L U L L U L L R R R R R R U U R R U L L L L U U U U L U U L L U D R R D D R R R R R R L L L L L D D D D D U U U U U U U U L L U L L U L U D R D R R D R R D D D D D D D R R R R D L L D D 
7 24 2 92
889 701 
U R R U R R R U U U U U U R R R R R D D D D R D R R R R D D D R D D U U L U U U L L L L U L U U D D D R R R R R D R R L L U L L L L L U U U U U L L L L L D D D L R D D D L L L D L L D 
7 81 5 200
478 567 227 952 706 
D D D D D R R D D R D R R D U L L U L U L L L U U L R D D R R R U U U U R R R R R R R R R R U R R D D D L D D D D D D D L D D D L L D L D L D D D D D D D D D L L L L L D U L L L R R R R R R R R U U U U U U L L L L D D L D D U U L L L L L L U U L L L L R R R R D D R R R R R R D R R D D D U U U L L U R U U R R R R U U U R U R U R R U U U R U U U U U U U R U U U L L D L L L L L L L L L L D D D L L U 
60 29 6 200
868 932 284 660 644 927 
R R D D R L U U L L U U U U U D D D D R R D D D L D L L D D D D L L L L L L L D L D L L D L D D L L L L U U U D D D D D D D D L R U U U U U R R R R R L L L L L L L L L L D U U U U U U U D D D D D D R R R R R R R R R U U R U R R U R U U U U U U R L D D D D D L L L L L L L U U U U U U U U U U U R R L L D D D D D D D D D D D R R R R R R R U U U U U U D D D D D D R R R R R R R U R R R R R U R U R L D 
69 12 5 84
823 170 865 832 603 
U U L L L L D L L U U L U U L L U L R R L D R R D D R D D R R U R R R R U R U U L L L R R R D D L D D D L L L L U L L U U U L L U U U U D D D D R R D D D R R D R R R R 
32 67 2 200
428 813 
R D D D D R L U U U U L W W W W W W W W W W W W W W L U U L L L L D L L L D L L D L L D L L L D D D D D L D D D D R D D D D L L L L L D L D L L D L L D L L D D D D L D D L D D R R R R R D R R D R R R R R R R D R D R R R R R D D D R R R R R R D R R D D R R R R R U U U R L D D D L D D D D L D D L L L L R R R R U U R U U U U R R U U D D L L L L L L U U L L U L L L L L L U U U L L L L L U L U L L L L 
94 22 3 156
871 840 319 
U R U R U R U R R U U U L L L L L U U U U U U U U U U L U R R R R R U D L D D D D D D R R L L U U U U U U L L L L U U U U L U L L U U U U L R D D D D R R D R D R R R R R R L L L L L L D D D D R D D D D D D D D D L L D D L L R R U U R R R R U U U U R R U R L D L L D D D D L L D R R R R R D D D L L D L D L D L D 
10 85 3 128
736 393 449 
U R R R R R U R R R R R R U R L L L L L L L U R R R R R R U L L L L L L U L U D R D R R R R R R D L L L L L L D R R R R R R D L L L L D D L L L L L D D L L L L D L L D D D D D D D R R R L L L U U U U U U U R R U R R R R U U R R R R R U U L L D L L L L L D 
41 53 5 138
837 670 859 587 746 
L L L L L U U U U U U U U U R U U U U R R R R R D R R R D D D D R D R L U L U U U L L L R R R U L L L U L L U U L L U L L U U U U U L R D D D D D R R D R R D D L L L D D D D L D D D D D D D D D R R R R U D L L L U L U U U U R R R R R R D R L U L L L L L L D D D D R D R R R R 
12 5 8 138
91 386 770 364 367 0 639 420 
R R R R R R R R R R U D L L U U U U L U U U L U D R D D D L L D L L L L L L U U U U U L U U D D L L L L L R U U L U U U L U D R D D D R D D R R R R R R R D D D R R R R R R U R R R L L U D L D L L L L L L U U U L L D D D D D D D U U R R R R R R U R R R D D D D L L L L L L L L 
31 77 2 48
731 429 
U U R U R R R R L L L D D D D R R R R R U U R U D L D D L L L L D D D U U U L U U U U L D L D D 
16 53 4 200
5 479 144 217 
L L L L L D L L L D L D L L D L U U U L R U U U U D D R R R R R R R R L L L L L L L L D D D D D L L D D D L D L D D D D D D D D D D D R D R R R R R R R R R R U R R R U R R L L D L L L L L L L R R R R D L L L L L L L L L L U L U U R R R R R R L L L L L U U U U D D D D L D D R D R R R R R R R R R R D D D D D D D D L L L D D D D D D U U U U U U R R R U U U R L U U U U U L L L L L L L L L L U L U U U 
34 77 4 180
875 324 176 417 
R R R R D D U U L U U U U L L L U L R R U R R R D D D R R R R R D R R D D D R D D D D L D D D D D D D D D D R D D U U R R R U R R R R U U D D L L L L D L L L L L L L L L D U R R R R R U U U U R R R R R R U R R U U U U U U U D D D D D D D L L D L L L L L L U U U U U U L U U U D L R D D R R U U U U L U U U L L U L L L L L U U U L L L D L D R R R D D D D L L L 
95 63 5 200
719 468 864 177 839 
D D R D R R L L L R U U U U U U R U R U U L L L L L D L R U R R R U U L L U U U L L L D D D D D L L D L L L L R R R R U R R U R L U U U U R R R D R R R R R L L L L U D L D D L L L L R R R R R R U U U U U U R U R L D L D D D D D D D D D L D D L D D D D D D D R D D D D D D D L D D L D D D D R R R R U U R R U U U U U U U U U U U U U U D D D D D D D D D D D D D D L L D D L L L L U U U U R U U R U U U 
84 8 3 108
637 318 941 
L D D L L L L L L L L L L L D D L L L L D L D D D L L U U U U L R D D D D R R U U U R U U U U U U D D D D D R R R R U R R R R R D U L L L L L U R U U U R U U L R D D L D D L R U U R L D D D R R R R R R R R R R U U R 
12 3 4 200
195 332 534 827 
L L L L L L L L L L L D U L U U U D D D R R R R R R R R U R U R U R R R R R R R R R L L L L L L L L L L L U L L L L U U D D R R R R D R R R D D R R D U L L U U L U U U U U U U U L U L L L L L L L L L D D D R R D D D R L U U U L L U U U R R U U U U D D D D R R R R R R R D R L U U U L L R R W W W W W W W W W W U D D D L L L L L L L L D R D D D L R U U U L U R R R R R R R R D R D D D D D D D D D L D 
75 90 5 162
812 960 773 573 887 
U U U U R R R R L L L L U L L L R R R D D D D D R R R R R R R L L L L L L D D U U L L L U U L R D R R R R R R U D L L U D L L L L U U U R R R R U R R R L L L D L D D D D D D D D R L U U U U U U U U L L L D D D D R R R R R D D R D D D D D D R D R R R D D R L U U L L L U L U U L L L R R R U U U U U R D R L U L D L U U L L L 
82 64 4 72
184 677 53 504 
L D D L R R R R R R R D D L R U R R R R R R D D D D R L U U U L L L R R R U L L L L L L L L L D U R R R U U U U U R L D D D D L L L L L L U U R 
58 73 8 200
775 733 491 788 127 931 818 886 
R U U U R R R D D D D D D D L L L L L L L D D D D D D L D L R U R U U U U U U R R R R R R U D R U U U R R R R R R U R R U R R R R U D L L L L D L L D L L L L L L L L D L D D L D D L D U R U U R U U R U R R U U R L D D L L D L L R R U R R U U U U L L L D D D L R R R U R R R R R R R U R R R U U R R R U R R R R R R R U R R R U R R L L D L L L D L L L L L L L D L L L D D L L L D L L L L L L L D L L L 
0 8 3 72
745 70 524 
U R R U U U U U U R D D D D D D D D D D D L D L L R R R R R D R L U L L L U R U U U U U U U U U U U R U R R L L D L L D D D D D L L R R D L L D 
40 30 3 104
590 73 336 
R U R R R U U U R U R U R U U U U U U U U U L L L L R R R R D D D D D D D D D D U L U U U U U U L U U L R D D R D D D R R R D U L L L D D D D D D D D D R D D R D U L U U L U U U U U L L R D L D D D L L L D L 
95 47 7 108
577 654 624 302 682 238 842 
R R R R D D D D D D U U U U U U L L L U U U U U U U U U U U U U D L L U U U L L L R R R D D R R R U U U U R U D L D D D D L L L D R D D U U R U R U U U U R U U R U U D D L D D L D D D D L D D D D D D D D D D D D D L 
17 58 4 68
82 861 942 688 
R R R R U U U U R R U U U R R R L L L L L L L L L R R R R R R R R R R U U R R L L D D L L L L D L L L D U R R R D D L L D D D D L L L L 
28 52 3 78
754 698 828 
R D R R R D D D D D D D D D D R D D D R L U U U L L L L L L R R D R R D D R R D D D D D D D U U U U U U U L L U U L L U R R R U U U U U U U U U U L L L U L 
8 61 3 88
165 570 30 
L L U L D D L D U U U U U U U U U U U L L L D D D D D D D D D D D D L D D D R R R D D U R R L L U L L L U U U R U U U U U U U U U U U U R R R D D D D D D D D D D R U U R D R R 
0 72 4 106
964 493 777 457 
D R R R R R R R R D D D D D D D D R R D R R L L U L L U U U U U U U L L L R R R U U R U R U U U U U R R R R R D D D U U U L L L L L D D D D D L D L D L L L L L L L L D D D D D D D U U U U U U U R R R R L L L L U 
64 3 3 200
456 757 312 
L L L U R R U U R R U U U R L D D D L L D L L L L L L L U U U U L L L L L U U L R D D R R R R R D D D D R R R R D D D R R R D U L L L U U U R R R D L L D R R R U U U W W W W W W W W W W W W W W W W W W W W W W W W W W W W W W W W W W W W W R U U U W W U U U U L L U D R R D D D D R R R R R R R R R U U U U U U U U U U U L L U U U U L L L U L U L U L U U U L L U L L L L L D D D D L D L L D L D U R U 
68 15 6 200
130 290 671 106 751 951 
U R R U L R D R R D R D R L U L U L L L L L L U L L U L L U U U L R R R R R R R R U R U U L R D D L D L L L L L L L L L L L L L D L D L L L L L D D D L L D D R R R R R D D D R R R R D D R R D R R R R R R D D D D R D R R D D U U L L U L U U U U L L L L L L U L L U U L L L L L L R R R R R R D D R L L D D D D D D D L D D L L L L L L L L R R R R R R R U U U U U U U U D D D D D D D D R U U R U U U U U 
86 46 4 64
379 252 668 862 
L U U U U R U U U R U U U U U U R R R R R D D D D D D R R D D R L U U L L U U U U U U L L L L L D D D D D D L D D D L D D D D R 
47 93 3 195
137 304 345 
R D D U U R R R D D R D R R D U L L U L U U L L L L U U U L L U U U R R R R R R R R R R L L L L D D D U U U L L L L L L D D D R R D D D W W W W W W W W W W W W W W W W W W W W W W W W W W W W W W W W W W W W W W W W W W W W W W W W W W W W W W W W W D R R R D D D R R R R D R R R R R L L L L U U U U U U D D D D D D L D D D R D R D D D D L D U R U U U U L U L U U U U L L L L U U U L L L U 
26 0 4 190
765 410 469 407 
R U R L U U L U U U U L L R R R R R R U U U U R U U U R L U U U U U U U L L U L U U L L L U U U U U U U L L R R D D D D D D D R R R D D R R R R R R D U L L L L L D R R D D D D D D D U U U U R R U U U R R R R U R L D L L L L D D D L L D L L R R D D D D R L U L L L U L U L R U R R R U L L L L U U L L R R D D R R R R D L L L D D R D R R R D D D L D D D D L L L L D D D D R D D D L 
25 73 2 200
650 95 
R R R R R R D R D R D D L D L D D D D D L R U U U U U R U R U U D D R D D D D D R D D D L L L L U U U D R R U U U L L L L D D D D D D D D D D L D L L L L D D L D D D L L L L D D D D D R R R R R R R L L L L L L L U U U U U R R R R D D U U L L L L D D D D D R R R R R R R R R D D R D D D R D D R R R R R R L L L L L L L D D D U U U R U U L U U U L U U L L L L L L L L L U U U U U R R R R U U U R U U R 
33 45 4 200
242 550 93 222 
D D D D L R U U U U U U U R U D D D D D R R D D R D D D D D D R D D D D D D D D D D D D D L L R R U U U U U U L D L W W W W W W W W W W W W W W W W W W W W W W W W W W W W W W W W W W W W W W W W W W W W W W W W W W W W W W W W W W W W W W W W W W W W W W W W W W W W W W W W W W W W W W W W W W W W W W W W W W W W W W L D L L L L L D L L D D D D L D D U U R U U U U R R U R R R R R U R R U R U U U 
51 2 5 200
405 962 278 600 237 
L L L L L L L L L U L U U U U U L U L U L L R R U U U L U L U U U U U D D D D D R D R D D D D R D R D D D D D R D R U U U L L L L L L D L U U U U U U U L U R R R R R R L L L L L L D R D D D D D D D R U R R R R R R D D D R R R R R R R R L L W W W W W W W W W W W W W W W W W W W W W W W W W U U U U D D D D L L L L R D D L L L R R R U U R R R R R D U U U U L L L L U L L L L L L L L U U U D D D R R R 
32 64 2 167
888 151 
U W W W W W W W W W W W W W W W W W W W W W W W L L D D D D D D D D D R D D R D R R D R R R R R R R R R R L L U U U U L U L L L U U U R R R L U U D D L L D D D D D L R U U R R R D R D D D D L L L L L L L L D D L D L D L L R R U R U R R R R R R L L L L U U U U U U U U L R D D D D D D D D L U U U L L U L U U L U U U U U U U U U R R D 
33 4 4 200
107 403 512 421 
D D D D L L L L U L R D R R R R U U U U R R R U R R U U D D L L D L D D D D U U U L L R R R R R R R D D R R R R R D R R R R R R R U U U L L L L L L U U L U U U L U U L U L U U U L U L L L U U U U U L L D D D D D D D U U U U U U U R R D D D D D R R R D R D D D R D R D D R D D D R D D R R R R R R D D D L L L L L L L U L L L L L U U U R U R R R R R U R U R R L L D L D L L L L L D L D L L L L L U L L 
29 78 4 142
463 283 59 32 
U U R R U R U U U R R R R U U L L L L L U U L U L L L U D D L L D D D L D D D D L U U U U U U U L U U R R R R R R U L L L L L L L L R R R R R R R R D L L L L L L D D R D D D D D D D R U U U U R U U R R R L L L U L U L R D R R R U R R R D R D D R R R R R D D L L L L D D D L D L L D D 
68 69 5 200
647 748 300 542 486 
R D L D L D L L D L D D D D L D D D L L L L U U U U U U U R R U R U R U R R R U R U R R R D D U U L L L D L D L L L D D D D D D U U U U U U U U R R R L L L D D D L D L D L L D D D D D D D R R R R U R R R R R R R L U U U U D D D D L L L L L L U U U U U L R D D D R U U U U R U R R U R U R U U U R U U U R R R R R D D D R D R D D U U R R R R U U U R R R R R R U U R R U R R U U U R U U U U D D D D L D 
96 26 6 200
264 360 885 780 445 67 
L L L L L L L L U U U L R D D D R R D D D D D D L D L L L D D D U U U R R R U R U U U U U U R R R R U D R D L D L D U R U R U R U U W W W W W W W W W W W W W W W W W W W W W W W W W W W W W W W W W W W W W W W W W W W W W W W W W W W W W W W W W W W W W W W W W W W W W W W W W W W U U U U U R R U U R L D L L L L L L L D L D U R U R R R D D D D D D U U U U U U L L L L L L U R R R U R R R U R R L L 
13 77 2 200
3 376 
D D D R R R R R D D D D D U U U U U U U U U R D D D R L U D D D L L D D L R U U R R U U U U U L D D D D L L L L L U U U D R R U R R R D D D L D D U U R R W W W W W W W W W W W W W W W W W W W W W W W W W W W W W W W W W W W W W W W W W W W W W W W W W W W W W W W W W W W W W W W W W W W W W W W W W W W W W W W W W W W W W W W W W W W W W W W W W R D D D D L L D D D L D L D D L L D L L D L R U R R 
77 81 2 146
518 412 
L L U U U U U L L U U U L U L L L D U L U L L L L L U U U U L D D D D D L R R D D D R R D R R R R R R R D D R D D D D R R R R R U U U D D D L L L L L U U U U L U U L L L L L L L U L L U U U L U U U U U R D D R R R R R R R R L L L L L L L L D D R R R R R D R R R R D R D D D R R D D D D D R R 
82 42 4 169
385 907 643 716 
U U U D D D R R D D D D D D R R D D D D U R R R R U L L U U U U U U U R U U U R R L L D D D L D D D D L R U U U R R U U R R U L U W W W W W W W W W W W U R R R R R R R D R D D D L D L R U R U U U L U L L L L L L L D D L L D D L L L D U R R R U U R U U U U U D D D D D R R D L L D D L L D D D D D D R R D L L L L U U U L L U U U U U U L L 
85 57 5 200
293 461 589 369 166 
D D D D D D L D D D D D D R R R U U U U L R U U R U U U U U U U R R D D R D D D D D D D R R D D D U U U L L U U U U U U U L U U U U U U U U U U U U L L L L L U U L U U U L U D L L D L L L L U U U U L U U L L D U R R R U R U U U U U U U U L R D D D D D D D D L D L D D R D D D D R R R R U R R R D D D R D D R R R R R D D D D D D D D D D L L L L L L L L L U U L U U U U D R R R R R R U R R D D D U U U 
11 46 2 14
774 96 
R R L L L L L U L R D R R R 
94 97 7 164
626 85 560 575 380 58 26 
L L L L L D L L D L R D D D R L U R R D R R R R R R R D D R R L D D D D U U U U L U U L L D D D D D L L L U U L L D D D L U L L L L L L L R R R R R R R D R U U U R R R L D D R R R U U U U U L L L L L L L L L D L R U R R R R R D D R D D D D D D D D L L L L U L L R R D R R R R U U U U U U U U L U U L U L L U U U R R U R R R R R 
55 38 2 32
544 949 
R D D R R D D R U R R R U U R U D L D D L L L D L U U L L U U L 
71 53 5 130
351 79 974 454 80 
U L U L L L L L L U L L L L L L L L L L L R R R R R R R R R R D D D R R R D R R R D D R D D R R D D D D D D D D D R L U U U U U U U U U L U U U R U U U U U L L L L L L U L R D R R R R R R D D D D D L D D D L U U L U U L L L U L L L U U U R D R R R R R R D R D 
49 46 4 200
198 874 594 539 
R R D R D R R R R U U R D D D R D D L L L L L L D D D D D D D D R D R R R R D D R R D D U U L L U U L L L L U L U U U U U U U U R R R R R R U U L U U U R U U U U U U R U U U U U L U L U L L L L L L L L L L L L D L D D D D D D L D L L D D D D D D D D D D D D D D D D L D D D D L D D D D D D L D D L L L L L L U U U U R R R L L L D D D D R R R R R R U U R U R L U U U U U R U U U U R U U U U U U U U U 
28 34 2 200
384 281 
L L L L U U L R U U U U D D D D R R R R R R D U L L L L L L U U U U L U D L D U R R D D D D D D R R R R L L U L L U U L L L L U L L U L L U U U U U U U U U U U R R U R U R R R U U U R U U U R R R R L L L L D D D L D L L L L R R U U D D R R D D L L L D L D L L D D D D D D D D D D D R R D R R D R R R R D D R R D R R R R U U U R U U U U U U U U L L U L L L L L U L L D D L L L U U U U U U U U U U U U 
26 47 2 96
976 847 
L L L L U D L L L D D D R D D D U U U L U U U U L U U D D L D D D L D U R U U U R R U U R R L L D D D D L L D D L L L D D D U U U R R R U R R R R R R L L L L L L U R R U R U U D D R R R R R R 
86 14 6 200
669 311 878 609 60 313 
L L U U U U U U U L U L U U L L L L U U U U U U R R R L L U U U U U L L R L L D D D D D D L U U U U U L U L L U L L U U U U U U L U L L L L R D D D D D U U U U U L L L L L U U U U D D D D R R R R R R R R D R D D D D D D R R R R R U U U U R R U D L L D D D D L L L L L U D R R D R R D R D D D D D D D D U U U R U U U U U U R R R D R R D R R R L L L U L L U L L L L L L U L R D R R R R R R D D D D D L 
44 37 3 174
218 153 89 
U R L U U U L L U U U U U U U R R D U R U R U R R R L L L D L D L L L L L R R U R U R R U U U U U R U D L D D D D D L L D L D D D D D D D D R R D D D D U U L L W W W W W W W W W W W W W W W W W W W W W W W W W W W W W W W W D D D D D L D D D D D D D D D D D L L D L L L L L L D U R R R R R R U R R U U U U U U U U R R L L U U U R U U U U U R R D D 
79 0 3 136
86 356 796 
L L L L L L L R R R R R R R R R R R R R R R R R U R R R R R U R U R U U U U U U U U U U R U U U U U R L D D D D L R D R L D D D D U U U U U U U U U U U L L R R D D D D D D D L D D D D D D D D D D L D L D L L L L L R U U R R U R R U D L L D L L D D L D L L L L L L L L L L 
66 33 4 200
129 78 703 139 
R L L U U U U U L U L L L L L L L L L L D D D D D D R R R R R R R R R R L D D D D D D D D D R R R R R U U R U U U U R R D D D R R D R R R R L L L L U L L U L R U U L L U U U L U U L L R R D D D D L L L L U U U L L U L L U L L R R D R R D R R D D D R R R R U U U D R D D D D D D D L D D L L L L L U U U U U U U L L L L D D D D U U U U R R R R U U L L L L L L L L L U U U U U U R R R R R R R R R R D R 
40 98 4 200
956 822 268 946 
R R D R D D R R R L L L U D D D D D D D D D D D D L L D D D U U U R R U U U U R R R U R R R R U U R R D D R R D D D D L D D D L R U U U R U U U U L L U U L L D D L L L L D L L L U U U U U U U U U L U L L L L L L L L L L D D D D D D D R D R R U U L L U U U U R R U R R R R R R R R R D D D R D R D D R D R R D D D D D R L U U U U U L L U L U U U R R R R R D R R R R D R D R R R R D R L L L L L L D D L 
24 95 5 200
675 705 171 320 961 
R R R R R R D R D D D D R D U L U U L L L L L L L W W W W W W W W W W W W W W W W W W W W W W W W W W W W W W L L L L L U L L L L U U U U U L L L L L L L L L L D D L D D D D L L L L D D D D D D D D D R R R D D D D D D D D L R U U U U U U U U U U U U U R U R L D L D D D D D L L L U U U U U U U U U R R R R U U U U R U U R R R R R R R R R R R R U R R R L L L D L L D D D D D L D L R U R R R R R D R R 
21 56 1 12
848 
R U R U R R L L D L D L 
88 14 5 200
849 77 485 830 483 
R R U U U R R R D R R L U U U U U R R R R D D R D D D D D D D L D D D D D D U U U U U U R U U U U U U U L U U L L L L L L L U U L L U D R R D D R R R R R U U R U R L D L D D L L L L L L L R R R R R D D R R R L L L L L L U U U U U U U U L U U U L R D D D R D D D D D D D D R R R D D R R R R R U U U U U U L L R R D D D D D D L L D D D D L R U U U U R R U U U U U U U L D L L R R U R D D D D D D D L L 
34 93 4 200
866 414 352 81 
U U R R U L L L L L L L L R R R R R R R R D R D D D D D D D D D R R D D D R R D R R R R D R R D D D R D D D U U U L U U L L R R U L L U L L L L U L L R R R R U R R U R R R R U U U U L L L L L U U U D D D R R R R R D D D D R R R R R D U L L L L L L L L L U D D L L D L L L L U U U L L U U U L L L L L R R R R R D R R D D D D D R R U U D D L L U U U U U L L U U L D L D L L L L R R R R U R U R U U U U 
69 95 7 200
536 228 125 102 611 323 873 
R R U U U R R R R R R L L L L L L L U D R D D D R R R D U U R R R R R R R U R R D R D D D D R R R R D R R R R D D R D L R U L U U L L L L U L L L L U U U U L U L L U D D D D D D D D D D U U R R R R R R R R L L L L L L L L U U U U U U L L L D D D R R R D R D D R R R D R D D D U U U R R R R R U U D D D D D D D D D D U U U U U U U U L L L L L L U L L L L D U R U U R R R R R U R R L L D L L L L L L U 
17 49 1 24
497 
U U R R D D U U U U U U U R L D D D D D L L D D 
49 51 4 200
898 426 638 207 
R R D D R R R R R R R D D R L U U L L L L L U U U U U L L L L L L D D D D D L L D D D D L R U U U U R U U D D R U U U U U R R R R R R D D D D D L L U U L L L D D L L L D D D D D D W W W W W W W W W W W W W W W W W W W W W W W W W W W W W W W W W W W W W W W W W D R U R L D L U U U U U U U R R R U U R R R R R R R R L L L L L L L D L L D L D D L D D D R R D D R D D R D R R D D R D R D R R L L U L U 
81 46 4 200
710 836 291 697 
U U U U R L D D L L L L L L W W W W W W W W W W W W W W W W W W W W W W W L U U U U U U U U R U L L L L L L U U U U L L U L U U U R R R R R L L L L L D D D R D R R D D D D R R R R R R D L D D D D D D D D R L U U U U U U U U U U U L R D D D D D D D D D D D L L D D D D U U U U R R U U U U U R U R U D L D L D D D D D L L L L U U U U U U U L L R R D D D D D D D R R R R U U U D D D L L L L U U L U L R 
75 49 4 188
795 296 680 471 
R U U U R R U U U R R L U R R R U R R U U U U R R D R L U L L D D D L R D L D D D D D D U U U U U U L U D D L U U U U U L U U U U R R R R D R D U L U L L L L U U L R D D D D D D R D D D D D D D D U U U U U U U U U L L R R D D D D D L L L L L U U U U U L U L L U U L L U U L U U R R U U U U D D D D L L D D R D D R R D D R R D R D D D D D R R R R R D L L D L D D D L L D D D L 
60 95 7 142
422 883 72 371 66 23 282 
R U R R R R D D D U U U R R L L L L L L U U L L L D D D D D D D D D D D D D L D L L D D L D U R U U U U R U U L U U L R D D R L U U U U L L L L U D R R R R D D D D R D D L D D R R U R U U U U U U U U U U U U U R R R R R U R L D L L L L L D D D D D D D D U U U U U U U U R R R D D D L 
79 44 2 78
707 928 
R D R D D L L L D D D D D U U U U U U U U U L L U L L U U U L U L R D R D D D R R D D D U U R R R R R R U U U R L D D D L L L L D D D L R D R R R U U L U L 
25 48 2 70
240 259 
L U U U U R R R U U U U D D D D D D D D D D L L L L D U R R R R U U U U U U U R R R L L L D D D D R R L L U U U U R R L L D L L L D D D D R 
40 84 3 166
481 797 394 
U U U U U U L U L U U U U U U L L L L L L L L L D L L L L L L D D D D L L L L U L L D L L R R U R R D R R R R U U U U R R U U D D L L D D R R R R R R D U L L L L L L U U R R R R R R U R R R R R R R R R D D D D R R R R R R R D R R R R R R R L L L L L L D D D D D U U U U U L U L L L L L L L U U U L L R R D D D D D R D R D D D D D D 
4 41 3 90
543 256 722 
R R R R R R D R R R R D R D R D D D R L U U U L U U U U U U U D D R R R R R R R R R R R R R U D L L L L L L L D D D D D D U U U U U U L L L L L L D D D D L U L L L L U L L L L L L 
92 35 4 108
33 46 778 646 
U U U U U U R L D D D D D D D L D D L L L L L L L L U L U L L U U U U U U L L L U L L U U U L U U R R R R L L L L D D R D D D R R D R R R D D D D D D R R D R D R R R R R R R R D D D D R R L L U U U U U U R U U R L D 
58 55 4 198
693 678 123 7 
D D D U U L L L U L L L U U R R U R R R L L L L L L L U L U D L L L L L L D L R U R R R R R R R D R R R R D L L D D R R R D R R R U D L L R D D W W W W W W W W D D L W W W W W W W W W W W W W W W W W W W W W W W W W W W W W W W W W W W W W W W W W W W W D D L L L L L D L L L D W W W W W W W W D R D R D D D R D D D D R D U L U U U U L U U U L U L L L R R U U R R R U R R R R R U U R U U U U R U 
60 97 4 190
441 580 404 307 
L D D D D D D D D D D D D D D R D D D D L D D L D U R U U R R R R U U R U R R L L D D D D D D D D D L R U U U U U U U U U U R R U R R L L U L W W W W W W W W W W W W W W W W W W U U U D D D R D D L L D D L D D L L L U L L L R R R U U U R R U U D D L L L U U U U U U L L U L L R R D R R R R D D D R D D R R R D R R D D D D D U U U U U L L U L L L U U L U U U L L U U U U U U U U R 
73 10 2 162
301 977 
L L L L L L L L L L L L L L L U U L L U U U L L L L L L L L U L L L L L L L U U U L L D D D U U U R R D D D R R R R R R R D R R R R R R R R D D D R R D D R R R R R R R R R R R R U U U U U L U U L U L L R R D R D D R D D D D D L L L L L L L L L R R R R R R R R R U U U U U U L U L L U L U U D D R D R R D R D D D D D D R R R 
69 48 6 200
400 983 474 540 785 663 
D D D L L L D L L L L L L L L U U U U R R R U D L L L D D D D R R R R R R D D D D U U U U L L L L L U L R D R R R R R R R R R R R D R D D D D D R D R R U U U U U U L U U U U R R R R R R D D R R D R R R R R R R U U U U U R R R D D D R R D R R D R D R D U L U L U L L U L L U U U L L D D D D D D U U U U U U U U R L D D L D D D D D L L L L L L L U L L U U L L L L L L D D D D R D D D D D D L L U L U U 
23 3 6 200
924 498 880 450 396 487 
U U U U U U U U U R U U U U U L L U L R U R U R R U R R U U D D L L D L L D L D D D D D D L L L L L L D L L D U U U U U U U L L L L L L L L U U U U L L L L U U U U U L L U U U U R R D R R D D D D R R U U R R R R L L L L D D L L U U U U L L U L L D U R U D L D D D D R R D D D D D D D U U R R R R D D D D R R R R R R U U U U U U U U U D D D D D D D D D R R L L L U U U L L L U L L U D R R D R R R D D 
2 69 4 170
772 303 113 470 
R L D D D D D D D D D D D D R R R R R R R R R R U U R U U U U U D D D D D L D D D D U U U U U U R U U D D R L L D D D D L L L L L L D D R R D R R D U L L U L L U U R R R U U U U U U U R R U R U D L D L L D D D D D D D L L L L L L L U U U U U U U U U U U U R R R R U R R R R R R R R R R R U R R U U D D L L D L L L L L L L L L L L D L L L L 
46 24 4 200
850 618 729 322 
R D R R R R R R R R R R R R U D R D R D U L U L L L U U U U U D D D D D L L L L L L U U U U U U U U U U U U U U U U U L L U U U U U L U U R R R L L L D D D D D D D D L D D L L D L L U U L L U U U U U U L U D R D D D D D D R R D D R R U U U U U U L U U L R D D R D D D D D R R U U R U U U U U U R D D D D D R R D D D D D D D D D D R R R R R R R L L L L L L L U U U U U U L L L L L L L R R R R R R R D 
64 25 3 74
798 427 413 
U L L R R U U U U U U U D D R R R R U U U U U U U U U U U D D D L L R R R R R R R R U U U U D D D D L L L L L L D D D D D D D D L L L L D D D D D D 
