100
90 0 5 91
105 802 796 944 990 
U U U R R U R R U R L D L L D L L D D L R U R U R R U R U R R U U U U L L L U D D D L L L D L L L L L L W L R R R D D D U U U R R R R U R R R U U R R R D D D D L L D L D L L D L D D 
95 4 4 200
77 356 209 958 
R R U U R U U U U U U U U U U U U D D D D L L R R D D D D D L R U U U U U U U U U U U L L L R R R D D D D D D D D D D D D D D L D D R R D U L L L L D W W W W W W W W W W W W W W W W W W W W W W W W W W W W W W W W W W W W W W W W D L L L U U U R U R R R R R U U U U U W W W W W W W W W W W W W W W W W W W W W W W W W W W W W W W W W W W W W U L L L L L U U L L L D D D D D D D D L R U R R R R L L L 
32 17 8 172
498 664 770 364 367 420 407 190 
L D D L L L L L L L D D U U U U L L L U D D L D L L R R D D D D D D L U U U U L R D D D D L L D L R U R R R U U R R L L U L L L D L D L D L L D D L L D U R U D R U U R R U R U R U R R R U U U U R U R R R R R R R R L L L L L D D R R R R R R R D D R L U U L L L U L L R R U U R R L L L L U L U L R D D D D D D U U U U U R D R R D D D R R R U U R 
4 41 5 200
543 899 399 854 737 
R R R R R R D R D R D D D D D D D L D U L L L L L L U U U U D D D D R R R R R R R R L U U U U U U U L U L L R U L U U U U U U U D D D D D D D R D D R D D D D D R D R D U U U U U U U R R R R L L L L D D D D D D L U L L L D L L L L L D D L L D D U U R R U U R R R R R U R R U U U U U L U U U D L D D D D D D D D L R U U U U U U R R R L L L D D D D D L L L L L D D L L D D U U R R U U R R R R R U U U U 
57 42 6 192
874 474 983 400 836 60 
R U U U D R R R R R R R R R U R D D D D R D D D D D D R D R R R R R R U U R R R R R R U U L U U U U L U U U U U U U U U U L L L U L U U U U L U U U U L L U L L L L U U L U L L R R R R R L L L D R D D R R R R D R R D D D D R D D D D R D R R R D D D D D D D D D D D L L L R R R U R D D D D R D D L L L L L L D D L L L L L L U U U D D L U U U U U U L U U U U L D L L L L L L L L L D D L 
20 79 4 200
208 59 752 463 
R U U U U U R R U R R R U U R R D R D D L L D U R R U R R R R R R L L L L L L U L U L L L L L U U D D R R R D U L L L U L U L U W U R R R R L L L L D D R D R D R R R D D L L L D L L D D D D D L U U U U R R U U U R R U R R R R R R R R R U L L L L L L L L L U U R R R L L L D D R R R R R R R R R D L L L L L L L L L D L D D D D D U U U U U U U U U L R R R R R U R L D L L L L L L L U D R R R D D D D L 
82 20 5 200
669 311 117 917 485 
U U U U U U U U U U L U U U U L L U L L R R D D D D D D D R D D R L U U L U D D L D D D L D L L L D U R R R U R U U U R U U R L U U U U U R R D D D D R D D D D R R R W W W W W W W U D R R D R D R L L D D W W W W R D D D D R D D D D D D D D D D W W W W W W W W W W D R R R R R R U R U R U U U R U U U U U U U U U U U U D D D D D D D D D D D D L D D D L D L D L L L L L L U U U U U U U U U U U U U U D 
69 23 5 200
106 130 301 989 966 
U D R D D D D D D U U U U U L L L L L L L L L L D D D L L D W W D D D L L L L L L L L L L L L U U L U L L U L L L L D D D U U U R R R R D R R D R D R L D R R R R R R R R R R R R U L L L L L L R R U U U U W W U L L L L L D U R R R R R R R R R U U R R R R R R R U U U R R R L L L D D D L L L L L L L D D L L L L D D D D D L L D U R R R R R R U U U R U U U U U U U R L D D D D D L L L L L L L L L R R R 
67 99 4 200
536 516 197 739 
R D R R R R R R R R R L L U D L L L L L L L U L R D R R R R R R R R R R W W W W W W W W W W W W W W W W W W W W W W W W W W W W W W W W W W W W W W W W W W W W W W W W W W W W W W W W W W W W W W W W W W W W W W W W D R R R R R U R R R R R R R R R R R R R R R D D D R L U U U L L L L L L L L L L L L D D D D L D D D R D R R D D D D R R R R R R R L L L L L L L U U U U L L U U R R R R R R R U R U R U 
92 8 7 166
640 811 265 29 849 250 595 
L L U U U U U U R R U U D D R L L L U D R R R D R R R U R U U L L L L L U U L U U L L U W W W W W W W W W W W L U U R R U R R U U L L L L L L U L L W U U U U U U R L D D D D D D R R D R R R R R R D D L L D L L D D R D R R D D R R R R L L L D D R R R R R D D L D D D U U L L L U L L L D D D D D U U U U U U U U D D D D D D D D D R R 
68 15 6 184
823 992 290 671 154 246 
D U U U L L L L R R R R R D R R R D R D R L U L U L L L U L U L L U L L U L U L L R R R R L L D R D R R D R D D D U U U L L L U U L U D D D D L D D D L L L L L L L L L L L L L L U U U U R U U R R R R U R R L L D L L L L D D L D D D D R R R D D D L L L L L L L L L U U U R L D D D R R R R R R R R R R R L L U U U R R R R R R R R R R R U U U R U U U R D D R R R R D D D 
8 35 3 114
257 531 593 
L L D L D U R U R R R R R L L L U U L L L L D D D D D D R R D D D D U U U U U R U R U R U D R D R D D R R R L L L D L L D L D U R U R R U U U L U L L D L D L D L L U U U U U U U L U U U U U U D D D D D L L R R D R D R R R R D D 
25 51 7 200
754 151 837 520 428 882 738 
R R R R D D D R R U R R U R R R R R R L L L L U U U U U U U U L R D D D D D R R R L D U L L U U U U U U U U L U U D D R D D D D D D D D R R R R U U U U U U U U U U R U U D D D U L U U U L R D D D D D D D D D L L L L D D D U U U R R R R D R R R R R U D L L L L L U U L L U U L L R R D D R R D D R R R R R R R R U R R R R R R R R U R R R U U U U U U L L L L L L L L L L L L L R R R R R R R R R R R R R 
42 32 6 200
590 638 73 336 188 353 
R R U R R U U R U U U U U U U U U U L L L L R R U U U R U U U D D D L D D D R R D D D D D D D D D D L U U U U U U U U L L U D R R D D D D R R R D U L L L D D D D D D D D D U U U U U R R D D R D D D D D D L R U U U U U U L U U L L L L R R R R R R R D R R R D U L L L U L L L L L D D L D D U U L D L L R R U U U R W W W W W W W W W W W W W W R R L L L D D D L L D D D D L D L L D D L L R R U U R R U R 
70 84 3 178
404 307 387 
L L U U L U U L L L D L D L D L L L D L L D D D D U U U U R R U R R R U L L L L L L U U L U U D D R D D R R R R R R R D R D R D D D D D R R D W W W W W W W W W W W W W W W W W W W W W W W R W W W W W W W W W W W W W W W W W W W W W W W W W W W W W W W W W W W W W W W W W W W W W W W W W W W W W D D U U L U L L U U U U U L U L U U R U R R R D D R D D R R 
81 37 5 200
778 80 225 807 628 
L D U U U U L L L L U L L U U U R R R U R U L U L L L U L L R R U U U U U U U L U L L L L L L L U L R D R R R R R R R D R L L U L L L L L U U L L U L U L R D R D R R D D R R R R R D R R D D D D D D D L L L U U U U L U U L L L L L L R R R R R R D D L L L L D L R U R R R R R D D D D R R R U U U U U U U U U U L U L U L R D R D R D D D D D D D D D D L L L U U U L U U U L L L L L L L L L L D D L L D U 
40 18 4 200
405 962 692 636 
R D D D D D D D D R D D D D D R D D D U L L U U U U U L L U L L U R R L U U L L L U U U U U R R U U D D L L D D D D D L L L L L L L L L L L L D D D L D D D D D D L L D L L R R U R R U U U U U U R U U U R R R R R R R R R R R R U U R R L L D D R L L L L L L L L L D D L R U U R R R R R R R U U U U U R R U U U U U U U R U R R U R L D L L D L D D D D D D D L L D D D D D L L L L D L R U R R R R R R R R 
1 5 5 200
195 70 524 745 294 
D D D U U U L U D D D U R R R R R R R R L L L L L L L L D R R R R R R D U U U U U U U U U U U U U U D D D D D L L L D L L L R R R U U U U U D D D D D D D D D D U U U U U U L R R U U U U U U U U U U U U R U U U R R R R R R R R R D D D D D D D D D D D D D U U U U U U U U U U U U U L L L L L L L L L D D D L D D D D D D D D D D D D L D L L L R R R U R R R D D D D D D D R R R L L L U U U U U U L U L R 
88 97 6 180
626 85 125 734 833 229 
L D L D R D D D R L U U U L U L L L U D R R R R D D D D R R R R U R R R R R R D D L L D L L D D L R U U R R U R R U U L L L L L U U L L R R U R R R U R U R L D D D D D D D D D D U U U U U U L L L R R R R R D U L L U U U L D L L L D L L L R R R U U W W W W W W W W W W W W W W W W W W W W U D D D D D R R R D D R L U U L L L L U L L R R D D L L L L U U U U U R 
39 92 5 158
481 675 955 191 651 
L D U U U U L L L L L L L D D U U U U U U D D D D R R R R R R R D D R U U U R R R D D R D D D U U U L U U L L L D D D L D R W W W W W W W W W W W W W W W W W W W W W W W W W W W W W W W W W W W W W W W W W W W D W W W W W W W W W W W W W W W W W W W W W R R U R U R R U U U R R R R U D L L L L D D D L L D L D L L U 
29 82 4 200
731 946 496 174 
R R R D D R R R R D D D D D D R R R R R R R U R U U U U U R R U R U U R U R R U R R R R U U U U R U R R R R R R L L L L L L D L D D D D L L L L D L L D L D D L D L L D L L R R D D D D L D L L L L L D D D U U U L L U U U U U U L L L L U U L L L R R R R R R D D R D D D D D D D R D R D D D R D D D D D R D D D D L L L L L L L L U L L L U U L L R R D D R R R D R R R D D D D D D U U U U U U R R R R R U 
0 79 5 200
503 277 138 171 350 
R R R R R U R U U U U R U U U U U U D D D D D D L U U L U U U L U L U U R R R R R R R R R L L L D D D D D D D D R D D D U U U L U U U U U L L R R U U U L L L L L L D D L L L D U R R R R R R R R U U D D L L L L D L L L L D D D D D D R R D R D U L U L L U U U U U U R R R R R D D D R D D D D D D L D L L L D D D D U U U U L L U U U R U U R R R R U R U R R U R U U U U U U U L U L L L U L U L L L R R R 
7 81 6 200
478 567 777 457 945 433 
D D D D D D D D D R R R R R L L L L L U U U L R U U U L L L D D D D D D D D R R R R R R R R R R U U U U U R L D D D D D L L L L L L L L L U D L U L L L L D D D D D D D U U U U U U U R R R R L L D L D D D D D D D D D D D D D L D D D D D D D D D D D D D D D D D D D D D D D D D D D D D D D D D D D D D D R D D L R U U R R U U R R L U U U L R D D D R L L D D L L L U U U U U U U U U U U U U U U U U U U 
47 88 4 200
137 480 799 394 
U U U R U U U U R R R R R R R R R R U U U R R R R R D R R R R R R R R R R R R R R R R R R R U R R R R R R R R R R R R R R D R R D R D D U U L U L L U L L L L L L L U D D D D D R R L L U U U U L L L L L L L D L L L L L L L L L L L L L L L L L L L D D D D U U U U U L L L L L U L R D D D D L L L L L L D D D U U U L L L L D D D D L D D D D L L L L L L L L L U L U U U U U U U L U D R D D D D D D D R D 
68 11 7 200
170 865 832 162 231 726 603 
L U L L U L L U U U U L U L L L R R D D L D D D L D L D D L L D D D U U U R R U U R U R U U U R U U R D R D D R R L L D D L L D L L L L L L L L L L D L L D U R R U R R R R R R R R R R U R R U D L L L L D L L R R R R R R R D R D U L U L L L L L U R R R R R R R R R U R U D L D L L L D L L L D D U U R R R R R U U R R U U U R L D D D L L U U U D D D D D U U R R U U U U U U L L L U L L L L D L R U R R 
78 73 5 200
815 224 647 597 928 
U U U R R R L L L D D D D D D D D D D D D D U L L L L L L U U U U U L L U D D L R U R R D D D D D R R R R D D D D D D R D U L U U U U U U R R U U U U U U U U U L D D D D D L D D D D L L L L U L L L D D D R R R R D R R D D D D R D D D R R D R R D R D R R D D D L D D D D D L L L L L D U R R R R R U U U U U R U U U L L U L U L L U L L U U U L U U U U L L U L L L L U U U R R R D R R R R U U U U R U U 
49 76 5 200
662 462 782 607 176 
R U U D D L D L D D D L L L D D D D D D U U U U U R R D D U U L L U R R R U D D D L L D D R D D R D R R R D R R R R D U R R R D R R R R D U L L L L D D D D W W W D L L L D L R U R R R U U U U U U L L L L L L L U L L L U L L L D L L L D D D D L D D D D R R U U R R L L D D L L U U U U R U U U U R R R U R R U U U R R U U U U U R R R R L L L L D D D D D L L D L U U U U U U L L U D R R D D D D R R U U 
66 32 3 200
129 517 499 
D R R U U L U U U U U L L U L L L R R R D D D D D L L D D R D W W W W W W W W W W W W W W W W W W W W W W W W W W W W W W W W W W W W W W W W W W W W W W W W R L U L U U R R U U U U R R D D D D D R D D L L U D D R W W W W W W W W W R R R R D D D R D D W W W W W W W W W W W W W W W W W W W W W W W W W W W W W W W W W W W W W W W W W D D D D D D D R L U U U U U U U U U L U U U R R R R R D D U U L L 
56 57 5 200
79 693 813 453 856 
R R D R D D L D D U U L L L L U L L L L L D L L L L D D D L L L L L L L L D D L L D D D D D D D D D R D D D D D D D R L D D D D D D D D L L D L L L L R R R R U R R U U U U U U U R L U U U U U U D D D D D D D D R R D R R R R R R R R R L L L L L D D D D D D D R R D D R R R R R D R L U L L L L L U U L U U U U U D D D D D L U U U U U U U L L L L U L L U U U U U U U U U U L U U U U U U U U U R R U U R 
16 78 5 200
736 528 434 579 20 
U U R U U U R U R U U R U R U R L L L L L L L U U U U L U U U U U U L L L L L L L D L L L L L L D L D D D D D D R D D D R D R D R R D L D D U U R U L L U L U L U U U L U U U U U U R U R R R R R R D R R D R D L L D L L R R U R R U L U L L U U R R R R R R R D D D D R R R R R R R D U L L L L L L L L L L L L L U U L L L L U L L D U R R D R R R R D D R R R R D D D D D D D U U U U U U U R R D D R D D D 
87 91 5 200
575 560 238 925 337 
R R R D D U U R R R U R R R R R D D D D D D L R U U U U U U L L L L L D L L D D D D R R R R R R R D R D D D D D D D D D D D D D D D L D L L D L D D L D D D D L D U R U U R R R R L L D D D D D D L D D U U R U U U U U U U U U R R R L L L D D D L L U U R U U R D D D D R D D D D D D L L D D D D D D D D D D D R D D R D R D D D D D L L R R U U U U U L U L U U U U U U U U U D D D D D D D L L L R R U U U 
47 75 2 174
247 547 
L U L U L R R R R R U R U U R R U R R D D R D R D R D U L U L U L U U L L D L L D D D D D D L D D D D D D D D R R R R R R R R R R R R R R R R R U U R U U U U U U U U R U U U U U R L D D D D D D U L D D D D D D D D L D D L L L L L L L L L L L L L L L L L U U U U U U U U R U U U U U U R R R R R R R R R R L L L L L L L L L L D D L D L L L L D R D R 
47 46 5 200
526 656 78 878 276 
U U U R U R R U U U R L D D D D D D D D D D D D D D D R D R R R D D U U L L U U U R R R R R R R R R R R R R R R R D D D D D D R D D D D L L L L U U U L R D D D R R R R R R R R R D R D R D R D U L U L U L U L L L L L U U U U L U U U U U U L L L U U U D D D R D D U U L L L L L L L L L L L U U D D L L L D D D D R R L L L L L L L L D D D U U U R R R R R R U U U U U R R L L D D D D R R D D R L U U L L 
17 3 7 188
720 386 924 332 674 164 696 
R R U R U U U D D R R R L L L L U L L L L L L L L L L L L U L U L L U D R R D R D R R R R R R D D D D R R D U U U R U L L R R D L D D L L U U U U R R R R R R D R D L D L L L L D L L L L L L W W W W W W W W W W W W W W W W W W W W W W W W W W W W W W W W W W W W W W W W W W L R R R R R R D D U U L U U L L L U U L L U U R U U R U U D D L D D L D D R R D D R R R D D R R U R R 
87 80 3 162
886 558 947 
L R D R R R D U L L L U U U U U U U U U U U L U D D D D L D D D D D L L D L R R R D R D R R R R R U U U U U R U D L D D D D D L L L L L U L U L L U R R U U U D D D D D D R R R R R R R R D R D R D R R L L U L U L U L L L L L L L L U U U U U U U U R U U U R D D D D D D D D D D D R R R R D D R D R R D U L L U L U U L L L L U 
54 42 3 38
198 785 898 
U U R R U U R R D U L L L L L L U L U U U U D D D D R D R R R R D D L L D D 
53 38 6 200
544 949 469 48 594 583 
U R R R D D D R D R D R U U R R R R U U D D L L L L D D L D D D L D L L D D D D L L D L D D L L L L D D L L D L L U L L L L L L L L L L D D D D D D L L D L R U R R U U U U U U R R R R U D R R R R R R D R R U R R U U R R R R U U R U R R U R R R L L L L L L L D D D D L L D L D L L R R U R U R R U U U U R R R R U U U U U R L D D R R D D R R L L U U U R U U U L L L L L L L L L U U L U L U U U R U R L 
34 83 2 200
875 345 
R D D R R D D D D D R D U L U U U U U L L U L L R R U R L L R R R R R R R R D R R R U R W W W W W W W W W W W W W W W W W W W W W W W W W W W W W W W W W R R R U R U U U U L U U U U U U R R R R R R R R R D D R D D D D U U U U L U U L L L L L L L L L D D D D D D R D D D R R R R R R D D D R R D R R R D D L L L L L L R R R R R R U U L L L U L L U U U L L L L L L D L D L L L L D L L L U L L L L L L L 
71 35 6 200
454 653 609 298 549 27 
U R U U U R L L L U D L R U U U U U U U U U U U U U D D D D R D D D D D R D D R D R D D R L U U L U L U U L U U U U U L D L L L L L L L L L R R R R R R R R R D D D D D U U U R R R D D D D D R R D U L L U U U U U L L L L R U U U U U D D D D D D D D L R D D D R R D D D D W W W W W W W W W W W W W W W W W W W W W W W W D D D U U U U L U U U U U U U U U U U L U U U L U L U D R D R D D D R D D D D D D 
3 61 6 200
165 570 30 475 150 249 
R R U D L D D L L D D D D L L R R D D R U U U U R R D D D U U U U U U U U U U L L L L D D D D D D D U U U U U U U R R R R D D D D D D D D D D D R D U U D L U U U U L L D D D D L D D D R D R R R R R R R R D D U L L L L L L L L D L D L D U R U R U R R R R R R R R U L L L L L L L U U U L U D R D D D D R D D R L U U L U L U L U U U U U U U U U R R U U L L R R R R D R R R R D U L L L L U L U U U U U U 
17 76 6 160
376 440 706 41 905 303 
D D D D D D D D D D L L L D D D L L L D R R R R L L L L U L L U U L L L L L L L L L D D D U U U R R R R R R R R R D D R D D D D R R D D D L L L L L U U D D L D L U U L R R R R R U U U U U U U R R R R L L L L D D D D D D D L L L L D D R U R R R R R R D U U U U L L U U U U R R R R D D U U U U U R R R U U U U U U U U U U 
57 93 4 167
104 863 876 282 
L L L U L L L L D D D D L L R R U U U U R R R R R R R R R U U D D L L L L L D R R R D D R R R U R R R U U R R R L L L D D L L L D L L D D U U L U U L L L L L L L W W W W W W W W W W W W W W W W W W W W W W W W W W W W W W W W W W W W W W W W W W W U L R D R R R R R R R R R U U U R R U U R U R R L L D L D D L L D D D L D D D U U U L 
30 68 4 159
986 196 200 859 
U U R U D L D D U R D R W W W W W W W W W W W W W W W W W W W W W W W W W W W W W W W W W W W W W W W W W W W W W W W R R D U L L L U L D R R R D D D R D D R D R R U R U U L U U R R R R U U R R U U U U U U U U R U U R U R L D L D D L D L L R R D D D D D D D L L D D L L L D U L D D R D D L D L L U L U U L U U U L L L 
40 82 5 140
401 820 417 38 47 
D D D D D R D D D R R L L U U U L U U U L R U U D D D D D R R D D W W W W W W W W W W W W W W W W W W W W W W W W W W W W W W W W W W W W W W W W W W W W W W W W W W W W W W W W W W W W W W D D D L L L D D L R U U R R R U U U U U U U U R R U R R R L L L D L L D D D L L U U U U U 
37 11 5 200
403 765 107 505 91 
L D D D D R R L L D L L L D L D L D L D D L L U U L L U U U L L U D R R D D D R R D D R R R R D U L L L L R R R R R L L L U U U U L L L L U U U U L L W W W W W W W W W W W W W W W W W W W W W W W L L D D D D D D D D L L L L L L L L L L L L L L U U U U U U U R L D D D D D D D R R R R R R R R R R R R R R U R R R R R L L L L L D L L L L L D U R U U U L L L L U D R R R R D D D R R R R U U U U U U U U 
24 95 4 76
283 715 884 341 
D D D D L L D U R R U U U R R R L D D D L L L L L L L U U L L L L U U U U U U R R L L L L L L R R R R D D D D D D R R R R D D R R R R R R R U U U L L U 
64 3 5 200
318 637 951 661 852 
D D D R R R U U U U R R R R L L L L D D D D L L L U U U U D D D D L L L L L L L L L U L U L L U U W W U U U R U R R R L L L D L D D D D D D L L L L D L R U R R R R U R R U U U U U U D D D D D R R R R L L L L D D R D R R R R R R R R R U U U L D L L D D L L L L L L L L L L L L L L L L L L L U L L L L L L L L U R R R R R R R R R R U U U U U U U U L U U L U U U U U U U L L L D D D D D L L R R U U U U 
64 35 3 200
932 742 312 
L L L L D D D D D R R R R D R R R R R D D R D D D R D D D D D D D L D D D D D D D L L L L L L L L L D D L L L D D L L D D L R U U R R U U R R R U U R U U D D R R R R R R R R L L L L L L L L R R R R R R D D D D D D D D D U U U U U U U L L L L L L L U U U U U R R U D L L D D D D D R R R R R R R U U R R U U U U U U U R U U U U U U U R L L U U L L L L L L L L L W W L L L D L D L L R R U R U R R R R R 
60 27 7 175
868 427 631 927 618 845 658 
R R R R U D L L L L U L U L L L D D D R D D D D D D D D D R R L L D L R U U U U U U U R R R R R R U U U R R R L L L D D D L L L L R R R R R R U R U D L D L L L L L L L L U U U L U U U R R R D R D L W W W W W W W W W W W W W W W W W W W W W W W L L L D L L W W W W W W W W W W W W W W W W W W W W W W W W W W U D L L L L L R R R R R R R U U D R R R R 
62 6 2 82
456 757 
D D L R U U R R R U U U R L D D D L L L L L D L L L D D L L L U U L L U U U U L L U U D D R R D D D D R R D D R R R R R R R D R R D U L L U L L L L U U R R R U R R 
24 99 3 168
853 216 866 
L L D D L L L L L D D L D R R R R R R D U L L L L L L U R U U R R R R R U R R R R R R R D R D D D D D D D L L L L L L D D R R R R R R R R R R R R R R D D R R R R L L L U U U U U L U U U U L L U D R R D D D D R D D D D D L U U L L L L L L L L L L L L L L U U R R R R R U U U U L U U D D R D D D D R U U U U U U U L U L L L L L L L U R R 
50 12 6 176
877 37 744 512 660 971 
L D D U U U L L L L U D D D D D D L L D U R R U R R R R L L L L D D D D L D D D L L L L L L L L D D L U U U L L R R D D D R U U R R R R R R R R U U U R U U U U U U U U L U U U U U U L L L L L D D D D D D L L L R R R U U U U U U U U U U D D D D R R R R R D D D D D R R R L L L D R R R R U U U U U U U L L L U U U U L R D D D D R R R D D D D D D D R D R 
71 85 3 200
518 812 134 
L L U U L U U R L L L L L L U L U U U U U D D D D D L R R R R U U U R W W W W W W W W W W W W W W W W W W W W W U R R R R R R R R R D D W W W W W W D R R R D R R D D R R D D D L L L D D D L D W W W W W W W W W W W W W W W W W W W W W W W W W W W W W W W W W W W W W W W W W W W W W W W W W W W W W W W W W W W W W W W W W W W W W W W W W W W W W W W W W W W W W W W D D D D U U U U U U L L U L U D R 
25 73 8 200
650 446 688 676 267 848 335 714 
R R R R R R R R D D D D D D D D D D L L L R R R U U U U U U U U D D D D D D D D R R D D U U L L L L U D R R U U U U U U U U U L L L L L D D D D D D D D L L L D L D L L L U D R R R D D D D R L U U U U U R U R U U U U U D D D D D L L L D D L D L R U R U U R U U U U U U U D D D D D D D R R D D R R W W W W W W W W W W W W W W W W W W W W W W W W W W R L L D D D D D U U U U U L U U R U U U U U U U D D 
75 77 9 200
65 299 293 379 252 710 385 795 561 
L U L U U U L L L R R D D D D D D D D D U R D D D D D D D D R R U U U U R U U U U U R R R D D D D D D D D D D D L L D D D D R D D R R R R D D R R D D R D D D L D R L U R L L L R D D D L D D U U U L U U U U U U L U U L R D D R D D D D D D R D R U U U R R U U U L U U L U U U U R U U R R L L D D L D D D D L U U L L L L U U L U U U L L L W W W W W W W W D L D D D D D U U U U U R U R R R U R R U U U U 
60 84 6 200
441 371 612 66 383 72 
D D D D D D D L D L R U R U U R R R L L L U U U U L L W L L L U R R R L L L D R R R R R U L U L L W W W W U L L W W W W W W W W W W W L L U L U L W W W W W W W W W W W W W W W W W W W W W W W W W W W W W W W W W W W W W W W W W W W W W W W W W W W W W W W W W W W L L U U U R R R R D R U R U R U U D D L D L D L U L L L L D D D D L D D D U U U R U R R R D R D R R R R R U D L D D D L L D L D U R U R 
16 86 4 200
939 449 953 333 
L L L U U U U R U U D D D D D R R R D D D L D D D L D D D L L L L L D D L D R R R D R D D D L L L L L L L L U U U U U U R L D D D D D D R R R R R R R R U U U L U L L L U U U U U U U U D D D D D D D R U U R R R R R U U U R U U D D L D D L L R R U U R U U U R U U U L L L U U U L D D D D R R R D D L D D D D D D D D D D D D D U U U U U U U L L L L L L R R R D D D D D D D D D D D D D D D D R D U L U U 
28 80 8 200
82 443 861 942 860 749 479 406 
L D D D L D L D L L D D D D D D D D D D D D D L D D D D L R U U U U R U U U R R R L L L L L L L L L R R R R R R U U R R R R R R L L L L L L D D L L D D L U D L D U R R U U U U D D D D D D D U U U U L D D D D D D D L D L L L D L D D L L L U D R R R D R R R R R D R R D R R R D R R D R D R R R R R R U D L L L L L L U L U L L U L U U U R R R R R R U R R R L D D D U U U L L U D D L L L L L L D D D L L 
60 25 4 113
798 850 274 794 
R U R L D L L D D D D R R L L U U U U U U L U L R D R D D R R U R U R R R W W W W W W W W W W W W W W W W W W W D U L L L D L D L U R R R R R R R R D D D L L L L L L L L L L D D U U R R R R R R R R R R U U U L L L L L L L L D 
26 89 5 200
32 705 321 126 723 
R D U R R R R R U U R U R R R R D R R R U U U U D D D D L L L U L L L L D L D D L L L L L L R R R R R R R U U U U U R R U U U R R R D R R D D D D D D D D D W W W W W D W W W W W W W W W W W W W W W W W W W W W W W W W W L L L L U L R D R R R R U U U U U U U U U U L L U L L L D D D L L D L R D D D D L L L L L L L D D D D L D D D D D D R D L L D L L D D D L D D D D D D D D L D L L L U U U L U D R D 
85 17 5 200
780 355 347 490 569 
R R U U U U L L U D R D D U U U U U U L L D D D D D D D D D L L L D D L D L L D D D L D D D L D D L L D D D L L L L L D D L L U U L L U U U L L U U L L L U L L L L L U L L L L L L L L D L D D L L D D D D L L L L L L L L L L D D L L L L L U U U U L L L L L U U U U L R D D D D R R R R R D D D D R R R R R U U R R R R R R R R R R U U U U R R U R R R R R L L L L L D D D D D U U U U U U U U L U D R D D 
93 20 9 200
415 193 445 646 33 46 613 439 716 
U U U U U U L U U L R R R R R R R L L L L D U L L D D R D D D U U U U U U U L U U U U L U U R R L U U U U U R L D U U U U U L L L L L D D D L R U U U R R R R R U U U U U U U L R D D D D D D D D D R L D D D D D D L L L L L R R R R R U U U U U U L L U W W W W W W W W W W W U R R R R R R D R R W W D D D D L R U U U U L L U L L L L L L D D D L L L D D L R U U R R R U U U U U U D D D D D R R D D D D D 
29 25 7 186
880 55 645 698 146 711 725 
L L D D U U R R U U U U U U U R R U U U U U L U U U L L U L L L U L L L U D R R R D R R R D R R D D R R R R L L L L L L L U U U D R R R D R D R D D D D D D D R D D D D D D D D D D R L U U U U U U U U U U L U U U U U U U L U L U L L L D D L L L L D D U U R R R R R U U U U D D D L L L U L L R R D R R R D R R D R D D D D D D D D D D D R R L L U U U U U U L L D D D D D D D 
72 49 6 200
351 123 18 748 708 15 
U U U U U L U L L L L L L L U L L L L U L U L L L L L D L D U L U L L L L L D U R R R R R R U R R R R R R U R R R R D U L L L L D L L L L L L D L D R R U R R R R R U U U R R R R U U U L L L U L R D R R R D D D L L L L D D D D R D R R R R D R R R R R R R D R D D D D D U U U U U L U L U U U L L U U U U U U U U R U U U U U U U U U U U U U U U U U R R R R R D D D R D D R D D R R R D R D D R R R D D U 
26 47 5 200
976 926 410 424 159 
L L U L L L L L D D D D D D D R L U U U U U U U L U U D D L D D D L D R R D R D D D R L U U U U U U U R R R R D R R R R R R R R R R R D D D D D D D D D D D D D D D D D R D D D D D D D D D D D L D D D L L D U R R U U U U U L L L L U L U L L U L L U U U U U L U U L U D R D D D D D D D L D W W W W W W D D D D D D D D D D D U U U U U L U U U D L L L L L L L L L R D D D D D D D D D D L R U U U U U U U 
10 85 6 200
559 576 227 891 113 952 
U R U U U U U R R U U U L U L L U L L L L L D L D L L D D L R U U R R U R U U U U D D D R R R R R D R R D R D D D L L D D D D D L D L L D D D D D D D D L L L R R R D D D D D D D L L L W W W W W W W W W W L L D D D D D D D R R D D D D D D D R R D R R D R D U L U L U U U U W W W W R D D D R D U L U U U L D D D D L U R R U U R L D D L L L L U U U U U U U L L U U U U U U U R R R R R U U U U U U U U U 
18 66 6 200
3 964 52 772 50 762 
U U U U U U U U U U U R U D D D R L U U L L L D D D D D D D L D L L L L L L D L L L L L L L L U U L U D R R R D U L L D D D D D D D D D D D D D D U U U U U U U R R R R R R L L L L L L U U U U U R R R U U D D R R R R R R R R R R D R L L D L L D D L L D D D D D D D D R R L L U U U U U U U U L L L L L U U D D R R R R R R R U U R R U R U L L L L L U R R R R R R U R U U U U U U U R R D D D D D D D D D 
52 79 5 162
806 818 771 23 189 
D R R D R D R D D R D D R D R R U U R R U D L L D D L L U L L L R R U U L U U L U L U L U U D D R D R D D R D D R D D R R R U R U R U U U U U U U U U U U U L L U L L U L U L L U L L L L L U D R R R R R D R R D R D R R R L D R R D D L L L L U D R R R R D D D D D D L L L R R R D D D D L D L D L L L U U L U U L U U L U L L U 
9 7 6 200
450 9 487 574 0 787 
R U R U U R R U R L U U U U U U U L L L L L U U U U U U U L U L R R R U U R L L R D D D D R D R R R D D R D D D U U U L U U L L L U L U U L L D L D D D R L D D D D D R D R R R D U L L L U L U U U U U U U U R R D D D D D D D R R R R R D D D D D D R R R U U U U U U U U U U R R D D R R R R U R R R L L L D L L L L U U L L D D D D D D D D D D L L L L L U L L L L L D L L R R U R R R R R D R R D D L L D 
89 22 8 196
830 871 654 624 577 719 840 42 
R D R R D D R R R R R L L L U U R R U U R U U U R R U U U L L L L U U L U U U U U U U U L U R R R R R U R U U U U U L U L R U U U U U U U U U U U U U D D D D D D D D D D D D D D R D D D D D L D L D D D D D D R R L L U U U U U U L L L U U U U L L L U L U U U U L R D D D D R D R R R D R R R R R L L L L L D D D L D R D D D D D D D D R D D R R R R D D D L L D D D L D D L L D D L L U U L L U L 
63 82 3 200
580 491 931 
R R R L L D D D D D D D D D L R U U U L L D U R R D D D D L D D L D L U D R U R U U R U U U U U R R R W W W W W W W W W W W W W W W W W W W W W W W W W W W W W W W W W W W W W W W W W W W W R R D D D D U U U U U U U U U R R R R R D D D R R D D D D L L R R U U U U L L U U U L L L L L D D D D D L L D D D D D D D D D D D L L L L L L L L L L R R R R R R R R R R U U U U U U U U L L L L R R R R U U U L 
45 60 5 200
557 492 746 68 633 
D D D D D D U L L L L L L L L L L D U R R R R R R R R R R U U U U R L D D L L L L L D D W W W D L U U D D R U U U R R R D D L D D U U R U U R R U U U W W W W W W W W W W W W W W W W W W W W W W W W W W W W W W W W W W W W W W W W W W W W W W W W W W W W W W W W W D R R R R U U U U R R R R L L L L D L L L L L U U U R R R R R R R R R R R R R R R R R R R R U R R U D L L D L D D D D D D D D U U U U U 
96 81 7 200
982 51 864 903 842 302 136 
U U R R U U L R D D L D D R D D D D D D D D D L D L D U U L U U L L L L D D D D L D L D L L L L R R R R U R U R R D D D D D D D D D D D D D U U U U U U U R W W W W W W R R W W W W W W W W W W W W W W W W W W W W W W R D D D D D D D D D D D D D D U U D U U U U U U U U U L L L D D D D D D D L D D D D D D R L U U U U U U R U U U U U U U R R R U U U U L L L L U U U U U U L U U U U R R R R D D R D R U 
3 96 3 200
592 362 838 
D L L D D W W W W W W W W W W W W W W W W W W W W W W W W W W W R U R R U U U D D D L L D D D D D D R R D D U U L L U U U U U U R R R R U R L D L L L L D L U U W W W W W W W W W L U U U R R R R R U R R R R R R R R W W W W W W W W W W W W W W W W W W W W D R R R R R D R R R R D R R R R D D D R R L L D L L D L D U L L U L L U L U L L L U L L L L L L L L L D L L R R U R R R R R R R R R D R R R D R D 
67 32 3 200
703 419 139 
W W W W W W W W W W W W W W W W W W W W W W W W W W W W W W W W W W W W W W W W W W W W W W W W W W W W W W W W W W W W W W W W W W W W W W W W W W W W W W W W W W W W W W W W W W W W W W W W W W W W R D D W W W W W R R D D U U L L U U L U U U L L U L L L L L L L R R R R R L U U L L U L U L L L R R R D R D R R D D R R R D R R D D D R R L L R U U U L L L U L L L L L L D D D D D D D D D U U U U U U 
75 25 4 200
562 152 755 768 
L L U U U U D D D D L D U U U L U U D D R D D R R R R R W W W W W W W W W W W W W W W W W W W W W W W W W W W W W R U U U U U U U U W W R U R U R R R U U U U U U U U U U R U U R U R U U U U R U U U U R U R U U U U U U L L L L L L L L U U U L U U U U U U U U U L U L U U U U L L U L U L L L L D D D D D D L D D D D D D R L U U U U U U R U U U U U U R R R R D R D R R D D D D R D R D D D D D D D R D U 
81 9 7 184
686 467 62 185 885 642 513 
D R D U L L L R R U U R U U R U R R R R R R U U U U R R R R D D U U L L L L U U L U U U U U U R U D L D D D D D D R D D D L L L R R R D D D L L L L L L D D D R R R D R D D R R R R R R R R D R D R L L L D L D D R R R R D D U U L L L L U U R U R R U L U L L L L L L L U U U U D D D D L U U L U L L L D D D L D D R D R R D R R D U L L U L L U L U U R U U U U U L D D L D 
20 93 2 58
393 797 
R D D D L L L L L U L U D R D R R R R R U U R R U U U U R R U U D D R R R R D D D U U U L L L L L L D D D D L L U L 
47 34 6 200
114 93 2 500 214 644 
D D D R D D D R D U L L L L L L R R D D D D D D D U U L L L L L L L L L R R U U U U U U D D R R R R D R L U L L L L U U U U U U D D D D D D D D D D L D L W W W W W W W W W W W W W D D D U U U U U U U U D D D D D R U R R R R R R R R U U U R L D D D D D D D D U U U U U U U U U U L L R R R R R D D D R R R R L L L L U U R R R R R L L L L L D L L L D U R R R U U U U U L U U D R D R R D D R D R L U L U 
87 34 7 200
360 264 502 907 643 115 923 
D D D D D R D U L U L L L R U U U U U U U U U L U U D D R D D D D D D D R U U U R R R R D U L L U U U U R U U U U U R R L L D D D D D L D L L R R D D D L L D D D L D D R R U U U U R R R D R L D D L L L D L L D L L L D D L D L D L D L D L L L U L U U U U U U U R U R U W W W W W W W W W W W W W W W W W W W W W U U D D D L D L D D D D D D D R D R R R U R U R U R U R U U R R R U U U U U U U U U U U L 
27 76 4 148
888 670 793 429 
R R R R R R D R D D D D D R R D D D D D D R D R D D D D D D D D R D R R R R R D D U U L L L L L U L U U U U U R R R L U U D D L L D D D D D L R U U U U U U U U L U L U U U U U U L L U U U U U U R U U U D D D L D D D D D L R U U U U U R U U U U D R R R R L L L L D D D L D D D U U L U L L L L L L 
14 28 5 200
701 747 889 314 790 
D R R R R R L L L L L U L U L L D D R D U R R R U U U R U U R D D D D D D D R D R R D R D R R L L U L U L L U L U U U U U D D D R R R R R R R D D D D D L D L D D U U R U R U U U U U L L U U U U U R R R D R D D D D D R D R D U L U U U U U U D D D D D D R D R R U U U U U U R U R U D L D L D D D D D D L L U L U L U U U U U L U L L L D D D D D L L L L L D D U U U U U U U L D D L D D D L L L L U U R R 
19 28 6 200
384 722 828 390 530 144 
U U U R U U R U R R U U U U R U U D D R R D R D R D R R L L U L U L U L L U U L U D L D U R R U R U R U R R U D L L D L D L D D D L D L L R R U R U U R R U R R R R L L L L D L L D D L D D D D L L D L L L L L L D L L L L L L L L L D D D L L L D U R R R U U U R R R R U D L L L D L D U R U R R R R R R R R U R R R R R D D L U U R R R D D D D D D L L D L L U U U U U U U U L L U D L L L L L L W L L L R 
69 53 4 200
426 729 972 758 
L L L L L L L L D D D D D L L L D R L U U L L L L U U L U U U L L D D D D D D D U U U U U U L L L L L D D D L L L L D D D L D D L R R R D D D D D D D D D D D L D L D D R L U U R U U U U U U U D D D D D D R U U U U U U U U U U U L L D D D D D D D D L D L D D D D L D U R U U U U R U R U U U U U U U U U U R U U U R R R R U U U R R R R R U R R D D D R D D R R R R D R R R U D D D D U U U U U U U U R R 
73 10 4 200
86 529 418 620 
D D D D D D D L D D D U U U L L L U U U U U R R U U U R R R R U U U R U R R U U R R U R R R U U U U U U U U U U U D R R R R R R R R R L L L L L L L L L D D D D D D D D D L L L L L L L L L L L R U U U U U U U U U U U W W W W W W W W W W W W W W W W W W W W W W W W W W W W W W W W W W W W W W W W W W W W W W W W W W W W W W W W R U U U U U R R R R R U R L D L L L L L D D D D D L D D D D D D D D D D 
50 67 5 185
141 788 300 25 206 
U U L R D R R R R R D R R R R R R R U R R R R R R R R L L L L L L L D D D D D D U U U U U U R R U U R L L L L L L L L L L L U L L L L L R R R U U U U U U D D D D D D R R D R R R R R R R R R R D D L L L D L L L W W W W W W W W W W W W W W W W W W W W W W W W W W W W W W W W W W W W W W W W W W W W W W W W W W W W W W W W W W W W W W W W W W W D U L L L L U L L L L L D 
29 78 4 174
304 894 956 330 
U U U L U U R R R R U R R R R R R R U R R R R R R R R R R U U R U U R R U D R R L L L L D D L L L L U U U U U U U U U L U U U R R R R R R R R R R L L L L D D D U U U R L L L L L L L D L L L L R R R R D D R D D D D D D D D D R R R D D L L L L L L L L L L D L L L L U U U U U U U U U U L L L L R R R R D D D D D D D D D D L L L D L L L L D D R D D D 
44 46 2 46
550 218 
L L D L L L L D D D L R R R D R R D R R D D R L U U L L U L L U L L U U U R R R R U R R U D 
32 40 7 200
242 128 256 96 465 402 514 
U U U U U U R U U R U D L D D L D L L L L L L L L L L L D D D D D D D L L D D D L L D D L L R R U U R U U U U U L L U L U U U U D L L L L L U U U L L L R R U D D D D D L D L L L L U U U L L D D D L D D L D D D R R R L L L U U U R U U R D D R R D D D R R D U L L U U U L L U U U U U R R R R R U U U U U U R D R R R R D R D D D R D R L U L L R U U U L U L L L L U L D D D D D D L L L D D D R R R R U R 
78 62 5 82
184 677 53 296 57 
R R R R R R R R D D R D R R R R R D D R R L L U U L L U D L L L U D D L L L L D D D D D D D U U U U U U U L U L U L L R R D R D R R R R R U U L U U L L L L L L L L 
2 34 5 200
808 349 163 279 827 
D D D D D D D D D L D U R U R L U U U U U L L R D D D D L D D D D D U U U U U R U R R L L U U R D U L L R U R U U U U U U U R R U U R L D D L L D D D D D L D D D D D D R D D R R D L L D D D D D U U U U U R R U U U R R R R R R W W W W W W W W W W W W W W W W W W W W W W W W W W W W W W W D D D D D D R D D D D D D L D U L U L L U R R U D L L D L L D L D D L D L L D U R R U R U U R U R R R R D R R U 
84 75 4 200
835 599 380 783 
R U R R R R R R R R R R R U U U R U L L U U U L U R R R L L L D R D D D R R D L D D D L L L L L L L L L L L D L L U U U U U R W W W W W W W W W U W W U U U U U W W W W W W W W W W W W W W W W W W W W W W W W W W W W W W W W W W W W W W W W W W R R U U W W W W R D D R L U U L D D L L D D D D D D L D D D D D R R U U U R R U R R R D D R D R D R R W W W W W W W W W W W W W W W W W W W W D U L L U L U 
76 4 4 116
205 501 510 297 
R R D D R R D U R R U R U U U U R R U U U U D D D D R R R D R D U R R R R R R L L L L L L L U L L L L L D D D D R D U L U U L L L U U U U L U D L D D D L R U U U R R D D D R R R R R R R L L L L L L L D R R R D D L D L L L L U U L L 
32 67 6 200
425 774 497 444 760 803 
L L D L D D D D D D D R R D D R R L L U U L L U L L L L L R R R R D D D D D D D L L L L L L D L D D L L L L L L L L D D D D L D L R U R U U U U R R R R U D R R D U R U U U U U U D D D D D D L L L L L L U U L L D L L R R U R R D D R R R R R R R U U R U R R R R R R U U U U U U U R U R R R R U D L L L L U U U U U U U U R R R R R R U R L D L L L L L L D D D R D D R D R R D R D R R R R U R U D L D L L 
31 84 2 167
5 930 
L W W W W W W W W W W W W W W W W W W W W W W W W W L L L L D L L D L L D D D D L D L D D L D D D D D D D D D D L L D D D D D L D D L L D D L D D L L D D L L L D L L L D L D U U U L R U U U U D D D D D D R U R R R U R R R U R L U R R U U R U U R U D R U U R U U U U U R R U U U U U U U U U U R U U R U R U U U U R R U R R U R R R R R 
64 95 5 200
422 883 306 589 119 
R D D U U R R U L L L L L L D D D L L L D U R R R U U U R R R R R R R R R R R R R R R R R R R R R R R D D D D D D D D D L D D D D L D D D D D D D D D R R R R R R R D R D D D D D D D D R D D D D D D D D D D D R R U U U U U U U R U R L D L D D D D D D D L L D L D D L L L D R R R R D D D D U U U U L L L L U R R R U U R U U U D D D D D D D D D D R R L L U U U U U U U U U U U U U U U U U U U L U U U U 
59 72 6 200
775 733 936 268 897 1 
U U R R U U D L L L U U U U L L U U U L L L L U D R R R R D D D R R D D D D R R R D L L D D U U U L U U U R R R W W W W W W W W W W W W W W W W W W W W W W W W W W W W W W W W W W W W W W W W W W W W W W W W W W W W W W W W W W W W W W W W W W W W W W W W W W W R U U U U U U U U U U U U U U U U R U U R R U U U D D D L L D D L L L L L L U U U U L R D D R R R L L L D D R R R R R D D D D D D D D D D 
66 80 4 114
412 573 58 957 
U W W U U U U L U D R D D R R R R R R R R R R R R L L L L L L U U U L U U U U L L L U L U U R R R R R D D D R R D R D D R D R R R R R U D L L L L L U L U U L U L L U U U L L L L L D D R D R R R D D D D R D D D L L L L L L D D D 
83 95 2 86
960 773 
L L L L D L L L L L U L L R R D R R R R R D D R R R D D L L L L L D L D U L L U U U L L R R D D D R R R U R R R R R U U L L L U L L D L D L L L R R R U R U R R U U R R R R 
57 62 4 126
127 981 587 678 
L L L L U U D D L L D L L L L D U L L U L L U U L L L U U U U U U L L U U L U L L U D R R D R D D R R D D D D D D R R R D D R R D R R R R R R D R D D R D R U R R R L L L D L U L U U L L L L L L U L L L D L D D U U R U R R R D R R R R R U U R R R R R R 
