100
4 91 4 54
592 362 528 576 
L L U U U R R U U U D D D D R D D D L D D D D U U U U R U U U U U R R U U D L R D L L D D L U L L D D D R R 
0 79 6 86
964 52 772 777 891 579 
D D D D D D R D D L R D R R D U R R R R R R R R R R R R U U U U U D D D D D L L L L L L L L L L L L L L U U U U U U U U U U R R U R U D L D L L D D D D D D D L U U U U U U 
54 42 8 140
198 474 983 785 874 540 400 506 
U U R R R U U D R R R R R D U L L L L D D D U U U U R R U U R U D D D D R R D R D D D D U U U U R R R R U D L L L L L U L L U U U L D D L L L L L L L L L U D R R R R R R R D L D L L D D D D D L L L L L L L L L R R R R R R R R R U U U U U R R U U R U U U L R D D D L D D L L L D D 
24 56 5 132
848 803 670 859 912 
U U R R U R R R R R U U R R U D D R R R R U U U U U U U U U U L R D D D D D D D R R L L U U U R L D D D D D D L L L L U L L U L U U U L L U D R R D D D R D D R R R R R R R R R U L L L L L L L L L L U D R R R R R R R R R R D L L L L L L L L L D L L L L L D L L D D 
0 18 4 200
349 163 745 945 
U U U U U U U R R U U R U L L U U D R L D R R D L D D L L D D D D D D D R D R D R D D D D D D D D D D D U U U U U U U U U U U L U L U L D R R D D R D D D D D D D D D D W W W W W W W W W W W W W W W W W W W W W W W W W W W W W W W W W W W W W W W W W W W W W W W W W W W W W W W W W W W W W W W W W W W W W W W W W W W W W D R R R R R R U U L U U U U U U U U U U U L U U L U U L R D D R D D R D D D D 
50 62 11 200
127 981 788 806 775 936 176 268 897 371 632 
R R R U U R U U R U U U U U U U U R R R R L U U U U D D D D L L L L L D D L D D D L D L L L L L U U U U U U L L U D R R D D R R R R R U U U U U U U U U U R U R U R W W W W W W W W W W W W W W W W W W W W W W W W W R L L D L D L D D D D D D D D D D L L L L L D D D D R R R R R U R U U U R U U U U U U U U U U U U R R D R R D D D R R D R D U L U L L U U U L L U L L D D D D D D L L R R D D D D R R D D 
62 6 5 200
456 529 941 149 881 
D D L R U U R U U R U R R D D D D D R R R L U U U U U D D D D R R R R R R R R R D U L L U U U U U U L L R R D D D D L L L R R R U U L R D D D D L L L L L L L D L L L L L L D L L L D D D L L U D R R U U U R R R U R R R R U U U U U U D L L D L D D L R R R R R R R L D D D L D U L L U L L L D L L L L L L L L U U U U W U R R R L L L D D D D D R R R R R R R D D D R L U U U R U R R R D R R R U U U L L L 
70 89 5 130
518 883 422 799 1 
L L L L L U L U L U U U U L D D D D D L R R L U U U U U R U R R R R L L L L D D D D L L L L L R R R R R U R R L L L L L U L L L U U U U U D R R R R R R R U R L D D D U U L L L L L L L D D D D U U U L U D R D R R R L L L D D R R R D R R R D D R D R D R R R R R 
80 3 6 162
205 686 467 562 152 510 
D D U U U U R R U U U U R R U U R L D D L L D D U L L L U U L L U U U U U U U L L U U U L L L U U U L U U U U U U R R L L D D D D D R L U U U U U D D D D D D R D D D R R R R R R U U U U U U L L L L D U R R R R D D D D D D L L L D D D R R D D D D D D D R R D D R R R D D D R D D D R L U U U L L L U U U U U L R D D D D D D D 
62 24 5 200
868 850 845 916 162 
R U U U D D D L L L L R R D D D U U U U U L L L L U U D D L R D D D D D D D D D R R R R R R R U R R U D L L D L L L L L L L U U U U U U U U U R R R R R R R R R R R R R U U D D L L L L L L L L L L L L L D D D D D D D D D R R R D D D D D D D R D D R L U U U R R U D L L D D D D D D L D L L L L L U U U U L U U U D D D R D R L D D D R R R R R U R U U U U U R R R U U R U U U D D D L D D L L L L U U U U 
60 9 3 200
170 108 951 
R U U U R R U D L L D D D L D D D L L D L L L R U U U U U U U U U U D D D R R R R R R R R L L L L L D D D D D U U U U U L L L U U U U L U U L R D D R D D D D D D D D D D D R R U R R U U U L L L W W W W W W W W W W W L W W W W W W W W W W W W W W W W W W W W W W W W W W W W W W W W W W W W W W W W W W W W W W W W W W W W W W D D D L L D D D D D L L L D L L L L R R R R U R R R U U U U U U U D D R R 
85 60 6 200
677 504 361 864 468 985 
U U R L D D L R U R U R U U R U U U U L L U D R R R R R R R U R R R U L L U U U L U L L D D D L L L D L L L D D U U R R R U R R R R D U L U U U R R D R D D D R R D D D D D D D D L D D U U R U U U U U U U R R L L L L L D L L L L D D D R R R R R U R U U U U U U U U R R U U U U U U R L D D D D D L L L L L U L L U U D D R R D R D D D L L L R R R U U U R R R R D D D D D R R L L U U U U L L D D D D D D 
33 17 3 200
469 789 790 
U U U R U D L D D L L D D D D U U U U R R R R R U U U R U R L L L L L L L L L L L L L L D L L D L L L L U U U D D D R R R R U R U L L U U R R R R R U U U U U R R U U U U L U L U U U U U U U R R R R R R R D R D R D D R D D U U L U U L U L U L L L L L L L D D D D D D D D L L L D L R R R R R D U L L L L U R R R U R D R D R R R R L L L L D D D L L D D D D L L L L L L L L L R R R R R R R R R D L L L L 
39 44 4 200
550 242 673 828 
L L D D L L L L L D U U U U U U U R U R L D L D D D D D D R R R R R R D D U U L U U L L L L L L L L L U U L R D D R R R R R R R R R D D D D D U U U U U L L L L L U L L L L L L L L L L D L D D R R R R D D D U U U L L L L U U R U R R R R R R R R R R U R U R U U U L L L D L D L D D D D D D W W W W W W W W W W W W W W W W W W W W W W W W W W W W W W W W W W W W W D R L U U U U U U U R U R U R R R D D 
3 60 4 118
165 30 475 465 
R U R U D L D D D R D D D D U U U U L U U L L U U U U L D D D D D D D U U R R R R D D D D D D R D U U D L U U U U L L D D D L D D D D R D R R R R D R R D R R L L U L L U L L L L U L U U U U R U U U R R U U L L L L U U U U U R D D D D R 
52 53 5 160
656 123 18 351 7 
L U U U U U D L L L L R R R R R R R U R R R D R R R D R R R R R R R R R R D U L L L L L L L L L L U L L L U L L L D L D R D R D R L U L U L U L L D D D D L L L L D D R D R D D D R D D D D L D L D D L W W W W W W D R R R R R D D D U U U L L L L L U U U U L U U D D R D D D R U U R U R U U U U L U U U L U L U U R R R R R 
27 6 4 164
924 490 512 852 
L L L D L R R R R R R R D D R D R R R D D U U L L L U L U L L L L L L L U U U U R R R U R R R R R R D R D R D D R D D D D D U U U L L R R U U L U U U U U U U U R R R R D R R R D D R R R D D D D R D U L U U U U L L L U U L L L U L L R U D L L L D D D D D D L U L U L L L L L L D L L L D D D D R R R R R R R U L L L L L L U R R R 
88 60 4 184
53 862 57 568 
L L R R R R R R R D D D R L U U U L L L R D D D D R D D D D D R R R L L L U U U U U L U U U L L L D D L D L D L L L U U L L L L U U U D D D R R R R D D R R R U R U R U U R R L L L D L L U L U U U U U U U U U R R U R U U U R L D D D L D L L L R R R U R U R U R R R R D R D D D L L L D U R R R U U U L U L L L L D L D L D L L D D D D D D D D D R D R R U R R R R U L L L 
77 56 7 186
597 224 755 768 15 886 387 
U U U U U U U R L L L L L L U U U U U U L L U R L D R R D D D D D R R R R R R R R R U U U U D U U U U R R U U R U R U U U U U R U D L D D D D D L D L D D L L D D D D D D D L L L L L L L L L D R R R R R D D D D D D D U U U U L L L L L L L L L L U U L U U U U U U U L L U U L U U U R R R U R R U D L L D L L L D D D R D D R R D D D D D D D R D D R R R R R R R R R R D D D D 
92 35 9 200
193 646 33 46 654 624 902 42 116 
D D L D D D D D R R R R R R R L L L L L L L U U U U U R U U U R L U U U U U R L D U R R R U R R R R D U L L L L D L L L D D D D D D U U U U U U R R L L D D D D D D D D D D L D L L L L L L L L U U U U U U U U R L D D D D D D D D R R R R R R R R U R U U U U U R R U U D D L L D U R R R R R R D D D D D D D D D D D D D D D L D L L D L L L L L L L L L R R R R R R R D D D D D D D R R D R L U U U D D L L 
12 97 4 88
208 59 283 884 
R R R R R R R R R D D D D D R D D R D D D R R R R R D R D D L D L R U R U R R R R R R L L L L L L U L U L L L L L U U U L U U R R R R D U L L L L L U U U U U L L L L L L L L L 
20 96 2 200
736 879 
L D D D D D D D D D R R U R L D L L U U L L L L R R R R U U U U U U U R W W W W W W W W W W W W W W W W W W W W W W W W W W W W W W W W W W W W W W W W W W R R R R R L L W W W W W W W W W W W W W W W W W W W W W W W W W W W W W W W W W W W W W W W W W W W W W W W W W W W W W W D D R D D R R R R R R R U U R U U W W W W W W W W U U U D D D D D L D D D R L U U U R R U U R L D D L L D D L L L L L L L 
47 1 5 180
405 403 278 365 600 
L U L L L L L U U U U U U L U U L L L R D D D U U U R R D D R D D D D D D R R L L L L L L L U U U U U U U U L U U D D R R R R R U D L L L L D D D D D D D L R R R R R R R R R U U W W W W W W W W W W R U U U U U U U U R U D L D L L L W W W W W W W W W W W W W W W W W W W W W W W W W W W W L R R R R D D D D D D D L D D L L L L L L L L D R R R R R R R R R R D R 
23 3 4 200
386 889 424 420 
L L L U U U U R U U U U U U U U U L L L L L U U U U U U L U L L U L U U R R R U U U R U U U R R R D D R D D D D D R D D D R R L L U U U L U U U U U L L L R R R D R R R D R D D U U L U L L L U L U U L L L D D D L D D D L L L D D R D R R D R D D D D D D R R R R R D D D D D R L U L D D D D L D D D D D D L L L L L L L L U U U U U U R L D D D D D D R R R R R R R R U U U U U U R U U U U R D D D D D L D 
61 68 4 200
748 206 818 384 
D D D D R D D D D R D L D L L L U U U U U U U U U U U U L U R R U U R U R L D L D D L L D D D D D D D D D D D D D L L L L L L L L L L L L L L L L L L L D L L L D D D D D D L L L L L L L L L D L L D L L L D D D L D L D D D D R D D D D R R D U U R U U R U R R R R R R R R D D D D D D R D D D D D L L U U L L U U U D D D R R D D R R U U U U U L U U U U U U L L L L L L L L L L D L D U R U R R D L D D L 
56 55 5 161
79 693 426 219 72 
R U R R D D D D L D D D D D R L U U U U U U L L L L U L L R R D R R R R D R U U R R R U W W W U R R U U U U U U U U U U U L U U L U L L U L L L U L U U U U U U U U U U L U U U L U U U R R D R R L L U L L D D D R D D D L D U R R D D D D D D D D D D R D R R R D R R D R D D R D D D D D D D D D D D L L D D L L L U U L L D L 
37 46 3 200
888 807 353 
U R U U R U R R R R U R U U U L L L L U U L U U U U L R R R L U U D D L D D D D L L D U R R R D D R R R R D D D L D L L L L D L D D L D R U U U R U R U U R R R R R U U R R R R R R R R R R D R R R R R R R R R R R R R U U R U R R R R R D U L L L L L D L D D L L L L L L L L L L L L L D D D D D D D D L L D D L L D L D L D D L L D D D D L L L L L L L D D D L D D D L D D D D L R U U U U R U U U R U U U 
32 17 3 200
498 190 89 
D D D D L D L L L L U L L L U U U U U L L L R R R D D D D R L D R R R D R R R R U R U U U U U U R U U D D L D D D D R W W W W W W W W W W W W W W W W W W W W W W W W W W W W W W W W W W W W W W W W W W W W W W W W W W W W W W W W W W W W W W W W W W W W W W W W W W W W W W W W W W W W W W W W W W W W W W W W W W W W W W W W W W W W W W W R U U R R R U U U R U U U R U U U U R R U U R R U U D D L L 
65 20 8 200
671 992 865 618 927 106 454 382 
U D D L D D U U L L L L D L U U U U U L L R R R R R R R U R U R D R R R R U W W W W W W W W W W W W W W W W W W W W W W W W W W W W W W W W W W W W W W W W W W W W W W W W W W U U U U U U U U U U U R R U U U R L D D D L L D D D D D D D D L L R R D D D D L L L L U L D L D L L L L L D D D L R R U R U R R U U U U U U R U U U R R R R R U R R R U D L L L D L L L L L D D L L R U U U U U U U U U R L D D 
83 91 9 174
626 85 536 516 611 606 773 659 873 
U R U U U R R R D D R D U L U U L L L U L L L L L U L L L U L L L R R R R L L U D R D R R D U R D R R R R R D D D D R R R R D D D L D D D L R U U U R U U U L L L L L L U U L L L L U L U L L L L U U U D D D D D D D D D L R U R R R R R R U D L L U D L L L L U U U U U R R R R D R R R L L U U D D D R R R R R R R R R R R D U L L L L L L L D D L R R D 
84 34 4 200
502 360 643 919 
D D D D R R R D U L L L U U U U D D D R R R R R R U R U U U L L L R R R U U U U U U U U U D D R R R U R R U R R U R U U U U U U U U U U L L L L U L L L L W W W W W W W W W W W W W W W W W W W W W W W W W W W W W W W D L D L D W W W W W W W W W W W W W W W W W W W W W W W W W W D D D L L D D D D D L L L L D U R R R R U U U U U R R U U U U R U R U R R R R D R R R R D D D D D D D D D D L D L L D L L 
14 77 4 84
478 567 227 171 
D L L L L L L L R R R R R D D D D U L L L L L L L U U R L U U U L U L L L U L U U U D D R R R L L L D R D R D D D D U U U U R R D R D D D D D R R R R R R R U U U R R U 
61 28 6 200
798 427 413 139 758 226 
R D D U U R R U U U U U D D R R R R U U U U U U U U U U U D D D L L R R R R R U R U R U R U D L D L D L D L L L D D D D D D D D L L L L D D D L L L L L D U R R U U U U U R U U U U U U U U U L U U U U U U U D D D D D D D R D D D D D D D D D L D D D D D U U R U U U U U L L L D L L L D L L L L L D D D D D D D D D D L L D L D D D D D D D D D D D L L D L L L L L L L U U U U U U U R R U U U D D D L L D 
22 23 5 200
880 55 93 2 954 
R R R R R U U D D R R R R R R R R R U U U U R U R U D D R R R L L L U L D L D D D D L L L L L L L L L L L L L L R R R R R R R R R R R R R R U U U R U U W W W W W W W W W W W W W W W W W W W W W W W W W W W W W W W W W W W W W W W W W W W W W W W W W W W W W W W W W W W W W W W W W W U U U L U U U U U U U U L U U L U L L L L U U U U U R U R R U D L L D L D D D D R R R R R R R R R R U R L D L L L L 
32 21 4 200
791 146 813 962 
L D L R U R R R L L L L L L L L L D L L D L L L D D R R D D D D R D D R R R R R R R R R U R U U R U U U R R R R R R R U U U U U U U U R R R U U U U U L U L L U U L L L L D D L D D D L D L D D D L L L L R R R R U U U R U R U U U R U U R R R R D D R R D R D D D D D L L L D D D D D D D D L L D D D D D D D U U U U U U U L L U U D D L L L D D D L D D L D L L L L L L L L L U U L U U U U L L U U R R R U 
96 0 7 200
802 811 105 209 488 640 958 
U U U U U L L L L L D D U U R R R R R U U U U U W W W W W W W W W W W W W W W W W W W U U L L U L L U L R U U D D D R D D D D D D D D D L L D U R R U U U U U U U U U R D R R D D D D D D D D D R R R L L L D D D R U R U R L U U L U U U L L U L L U L U L U W W W W W W W W W W W W L D D D R D D R W W W W W W W W W W D U L U U L U U U U U U D D D D D D D D L R U R R R R L L L L U U U U R D R D R D R R 
90 93 8 200
575 51 982 599 177 666 26 739 
D D D D R R D R D R D R R D R R D D L L R D D R D D L D L D R D R D R D D U L L L L U U U U L R D D D D R R R R U L U L U L U R U R U U L U U R U U L L U L L L R D D D D D D D D D R D D R D D R D D D D U U U U L U U L U L L R R U L U U U U U U U U U U L U L U R R D D U U L L L L U U U L L L L D L L R R U R R D D D D D D L D D L L D U R R R R R R R U U R R U R U U U U U U U U D D D D D D D D L D L 
18 96 3 200
449 953 728 
L D L D D L L D D D D D R R D R D D D D L L L D L D D D L L L D D D D L L L U L U U U U U U R R U R L D L L D D D D D D R D R R R U U U U R R R U U U R U R R D D L D L D L R U R U R U U R U U U U U U U R U R U U U R R R D D D R D D D R R R D D R R R D R D D D U L L L L L L L L L R R R R R R R R R U U L U L L L U U L L L U U U L U U U L L L D D D L D L D D D L U L L D D D D D D R D D D R R L L U U 
80 33 2 200
311 928 
U U L L R R D D U U W W W W W W W W W W W W W W W W W W W W W W W W W W W W W W W W W W U U U R U U U U U R R R U R W W W W W W W W W W W W W W W W W W W W W W W W W W W W W W W W W W W W W W W W W W W W W W W W W W W W W W W W W W W W W W W W W W W W W W W W W W W W W W W W W W W W W W W W W W W W W W W W W W W W W W W W W W W W W W W W W W W W W R U L U U L L U D L L L L D D L D D L D U R U U R 
10 85 1 12
434 
L L L L L D U R R R R R 
99 5 3 163
77 356 236 
U L U U U W W W W W W W W W W W W W W W W W W W W W W W W W W W W W W W W W W W U U U U U U U U U D D D D L L R R D D D D D L U U U U U U U L L U U U U D D D D R R D D D D D D D R D D D R D U U U L U U U U U U U U L L U L L U U D D R R D R D D L L D L L U U U L U L U U D D R D R D D D R R U R R U U R D D D D D D D D R D D D 
71 68 6 200
647 300 974 80 708 251 
L L R L L D D L L L D D L L D D U U R R U U R U U U U D D D D L D D D D D D D D R R D D D L L L L D D R R R R R D R D D R D D D R R D D D U U U U D L L U U U L U U L U L L L L L U U R R U U D D R R U U U L L U U U U U U U U R R U U U U W W W U D D D D D R R R R R R R R R R D D R R D D D R D R R R U U L U L U U U U L L U L L L U U U L L U R R R R R R R R U D L L L L L L L L D R R D D D R R R D R R 
7 21 7 200
574 808 279 996 70 674 433 
U L L L L L U L U R R U U R U U U U L L U L L R D L R U R U U R U U U U R U R U U D D L D L D D D D L D D L R D R R D D D D D D U U L L U L R D R D D L L D R D R R R R R D D D D D D D R D D D D D D D D D D D L L L D L L L L L R R R R R D R R R R D R R R R R R L L L L L L U L L L L U U R R R U U U U U U U U U U U L U U U U U U U L L L U U L R D D R W W W W W W W W W W W W W W D L L L D L L R R U R 
85 23 5 200
355 780 907 115 169 
D R D D R D U L U U L U U U U U L U L U U U U U U U U U U U U R U D R R D D D D D D D D U R R R R U D L L L L U U U U U U U L L L D D D D D D D D D D D D R D R D D D D U L U U U U R R R U W W W W W W W W W W W W W W W W W W W W W W W W U R R R R R U U U U R R R R W R D D D D D D D D D D L D D D R L L D D L D U R U R R L L U R U U U R U U U U U U U U U U L L L L L D D D D L L L L L D D D D D U U U 
68 15 6 140
823 130 290 832 154 726 
D U R R U U L R R R R D R D D U U L U L U U L L L U L L L U L L L L L R R R R R D R D W W W W W W W W D L L L L L L R R R R R R D D D U U U U U L U L L L R R R D D D D D D D L D D D D U U U U R U U U U U U R R R D R R R D D L L D D L L L D L L D D D L D L L R R U R U U U R R U R 
17 59 7 200
82 443 688 676 749 270 841 
R R R D R U U U U R R R U U U R R L L L L L L L L L R R R R R R R R R R R R U U L L R R D D L L L L L D D D L L L D D U U U U L R D D D D D D L L D L L L L D L D U R U R R R R U R U U U U U L L L U L R R U R R R R U U R U U R U R L D L D D L D D L D D D D D D D L L D L L L L U L R D R R R R U R R U R R L L D L L L D L L U D R R U R R R U U U U U U U R R U R L D L L L L L D L D R R R D D D D L L L 
45 15 4 180
37 744 971 114 
D D D D D D L D D L R U U R R R R R L L U U U U U D D D D D L L U U U U U U R R U U R U D L L L U U U L U U U U D D D D R D D D R R U R U U U U R U R U U U U L R D D D D L D L D D D D L D L L U U U U U U U U U U U U U U U L L U U L L L L L L L D D D R D D R D R R R R R L L L L L U L U U L U U U R R R R R R R D D R R D D D D D D D D D D D D D D D R R D D L L 
57 62 5 200
678 587 882 610 132 
D D D D U L L L L L L L U L L L D L L L L D L R U R R R R U L U L L L L U U U L L U U U L L L L U U U U U L U U D D R D D D D D R R R R D D D D D U U L L U U D D R R R R D D D R R R R D R R R R D R R R R R R R U U U D D L D L L L L L L U L L L U L L U U U L L L L L L U U U D D R R R R R R R R R U R U U U L U U U D D D R D D D D R L U L D L L L L L L L L L D R R R R R R D D D R R D R R R D R R R R 
71 85 7 163
404 580 491 699 66 23 189 
L L L D D L L D L D D D D D D D D L D L L U U D D D D D D L R U U U U R R U R U U U D D L D D D D D L D U R U U U U U U U U U U U U U L L L L L U L U L L U L R R R R U U U U L L L L L R R R D D W W W L R U U R R D D D D R R L L L L L D R R D R D R R R R R D D D D D D L L L L L R R R R R D D R U U U U U U U R U R R U U R R R 
34 93 6 112
675 705 32 935 715 126 
L L L R D D D D L L L D L L U U U L L L U D R R R D R R R R L L L L U U U U U U U U L L L L R R R R D D D D R R R R R R R R D D L L R R U U L L U D L L L L L L D D D D D D R R D R R R R R R L L L L L L U U R R R U U U U R R 
0 59 5 196
570 706 41 295 333 
D D D D D D R R R L L L U U U U U U U U U U U U R R R R R R R D D R R D D D D R D D D R R L L L R U U U R R R U R R R R R R U U R U D L L L L L L L D L L U L U U L L U U U U U R R R R U U U R U U U D D D D D D D D U U U U R R L L U L U L L L U U U U U D D D D D R R R D D D D L L L L D D D D D R R D D R D R R U R R R R R R D D L L L L L L D L L L L U U U U L L U U L L L L L L L D D D D D D 
20 46 4 200
976 926 524 112 
R R U U D D L L L D D D D D R L U U U U U U U U U L D D L D D D D L R D D D R D R R D D D D D D D L L L L L U U U U U U U L L U U L L L U L L L L L L L U L L L D D D D D D D D D D D D D D D D D D D D D D D D D R R D R R R R D D D D D D D D D D D D D L L D L L U U U U L U L U R U U R U U L R D D L D D L D R D R D D D D R R U R R R R L L U U U U U U U U U U U U U L L L L U L L U U U U U U U U U U U 
17 76 9 200
376 440 861 942 860 267 493 196 329 
D D D D D D D D D D L D L L L D D L L D R R R R R R R R U R U D L D R U U U U U R D D D D U U U U L D D D D D L L L L L L L L L U U U U L U L U U U L L U L L L R R R D R R D D D R D R D D D R D U R U U R R R U R U R R R R W W W W W W W W W W R R R R R R R R R R U U D R R D R L D D D D D D L L R R U U U U U U U L L D L L L L L L L L R R R R R R R D R R R D D D R R L L L L L L U L U U L R D D R D R 
17 3 7 200
720 770 364 195 0 164 390 
R R U U U U U U U U L U U D D R D D D D D D D D L L L L D L L L L L L L L L L U L L L L D U L U U U D D D R R R R R R R R U U R U R U U U U U U U U U D D D D D D D D D L D L D D L L L D R R R R R R R R R R U R U U L L R R D D R R U U U U U U R U U U U U U L U L U L U U U U U L L U L U U L U U U U U L L L L L L L L D L D U R U R R R R R U U U R L D D D L L L R R R R R R D D D D D R D D R D R R D D 
82 49 7 172
710 379 252 293 461 668 613 
U D R R R U U U D D D L R R U U U U R R U U U R R U U D D L L D D D L L D D U R U R U U U R R U U R R U D L L D D L L D D D L D L D D D L L L L W W W W W W W W W W W W W W W W W W W W W W W W W W W W W W W W W W W W W W W W W W W W W W W W W W W W W W W W W W W W W W W W W W W W W W W W W W W W W W D W W D D D R R R R R R L L L L L L U U U U 
28 0 4 200
107 765 505 627 
R R R R L L L L U R R R R R L L L L L U U L L R R D R R R U U U U L L L U L L L L R R R R D R R R D D D D L L L D L L L L L L L L L L L L L L L L L L L L L L L L U U U R R U U U R R U R L D L L D D D L L D D D R R R R R R R R R R R R R R R R R R R R R R R U D L L L L L L L L D L L L L U L L L L L L L L L L U L U L L L U R U U U U U U U L U L U D R D R D D D D D D D L D R R R D R D R R R R R R R R 
85 97 4 182
480 734 229 466 
R R D R R R R R R R R R R R R D D U U L L L L L L L L L L U U U D D D D D R R L U U U R U R R R R R R D D D D D D D D D D L U U D D R U U U U U U U U U U L L L L L R R R D D D D R D D D U U U L U U U U L L L L D L D D D L U U L L U U R R R R R R R R D D D D D D D D D R L U U U U U U U U U L L L L L L L L U D R R R R R R R R D D R L U U L L L L L L U D L L D L L 
29 25 2 104
645 698 
U U U U U U U U U U U R U L L L U U U U U U L L L L L R R R R R D D D D D R R R R R R R L L L L L L L U U U D R R R R D D D D D D D R R D D U U L L U U U U U U U L L L L D D D R R R D L D D D D D D D D D D D 
20 93 5 200
393 304 894 956 822 
D D D R L D D W W W W W W W W W W D D D L L D D D D R R D R R R D R R R R R R U R R U U R R R R U U R R R R U R R R R R R R U R R R R U U R R U U D R R L L L L L L L U U L U U U U U U U U L R R R R R R R R R R L L L L D D D U U U R L L L L L L D L L L L L R R R R R D D D L L U L R D R R D D D D R D D R R R R R D L L D D L L L L D L L L L L D D D D U U U U R U U U R R R L L L D D D L L L D L L L L 
93 52 6 200
842 302 903 577 589 682 
R R R D U U U U U U U U U D D D L L L L R R R R D D D D D D D L L L D D R R R D R R U U U U U U U U L L L L L U L L R R D R R R R R D D D D D D D D L L D L L L U L U U L L L L D W W W W W W W W W W W W W W W W W W W W W W W W W W W W W W W W W W W W W W W W W W W W W W W W W W W W W W W W W W W W W W W W W W W W W W W W W L L U U U U R U U U U R R U R R R R R R U R U L L L U U L U L R D R D D R R 
90 0 5 200
438 485 849 501 796 
U U U U U U U U U U U U U U U U U U U R U D D R D D D D R D D D R R R R R D R L U L L L L L U U U L U U U U L U L U U U U U U U L U U D D D D U U R D D R R R R R R R R L L L L L L L L D D D L R D D D D D D U U U U U R R U R R D D D D R D U L U U U U L L D L L D D D D D D D D D D D D D D D L R R R R R R U D L L L L L D D D D L L L L U U U U L L L R R R D D D D R R R R U U R R R U R U D L D L L L D 
22 73 6 196
650 428 446 986 793 959 
D D R R R R R R R R R R R D D L L D D L D D D D U U U U R U U R R U U D D D D R R D D D D D D U U L L L L U D R R R R U U U U L L U U U U L L L L L U D R R R R R U U U U U U U R R U D L L D D D D D D D U U U U U U U U U U R R R U U R R R R R D D D D L D D D D R U R U U U U U U U U D D D D D D D D L D L U U U U R U U U U L L L L L D D L L L D D D D D L R D D D D D L L L L L L L L L L L U U 
12 3 4 160
450 9 593 572 
R U U U U U U U U R L U U U U U U U L L L L L U U U U U U U U L L R R R R U U L L L U L U U U U L U U L U U U L U U L U L L U U U R R R L L L D D D R D D U U R D R D D R D D D R D D R D R L U U U U U L R U R R R R U D L L L L D D D D D D D D D R D R R R D D L L D D D D D D D D R R R R R D D D D D D D D D D D D D D D L 
40 18 2 200
214 870 
U U U U U L U U L L U L U D R R R R R R R R R R L D D D D D D D D U U U U U U U U L L U U D D L L L L L L D R R D D R D D D D D U U U U U U U U R R R U W W W W W W W W W W W W W W W W W W W W W W W W W W W W W W W W W W W W W W W W W W W W W W W W W W W W W W W W W W W U R D D D D D D D D D D D D L D L L L D D L L D D D L D D D U U U R U U U U U U U U D D D D D R R D D R R R R L L L L U U U U R R 
51 2 3 200
877 421 448 
U U U U L U U U U L U U U L R D D D R D D D D D D D D D L D L L L L L L L U L L R R D R R R R R R U U L U U L U L L L L R R R R R R U U R L D D L L D R D D R D D L L L L L L L L L L L U L L U U U R R U U U U R U R U R U R U U U U U R U U U R R L L D D D L D D D D L L L L L D U R R R R R D L D L D L D L D D D D L L D D D R R D R R R R R R R R R R R R U U U U U U U U U U U U U U U U U U U U U R U R 
46 18 3 200
590 73 291 
U U U R U U R U U U U U U U U U U U U U L U U U U U U U U U L L L L R R R R D D D D D D D D D D U U U L U U U U L U L U D R D R D D D R R R D U L L L D D D D D D D D D U U U U U U U U R D D R D R R R R R R U R U R U U U U R R U U U R U R U U R R R R R R U U U U U R R R R R R U R R R R D D D D D L R U U U U U L U U U U U U L L R R D D D D D D L L D D D D D D D D D L R U U U U U U U U U R R U U R L 
84 8 3 200
669 439 99 
R U U R U U U L U U L U U U U U U U U L U L U U U U U U L U U U U U U L L L L D U R R R R R U U U U U R R R R U U U R R R U R U U U R U U U U D D D D D D R D D D R L U U D L L D L D L R U R U R R U R R R R R U U R U U U U U W W W W W W W W W W W W W W W W W L R D D D D D L D D L L L L L D L D L D D D D L R U U U U R U R U U L U U L D D D L D L L L D D D L L L L D D D D D L D D D D D D R D D D D D 
70 84 4 200
65 299 369 694 
D D D R D D D D D D R D D D U R D D D D D D D D R U U U R R U R R U U R U R U U R R R L L L L L L L L L U L U U R U U U U U U U U R U U R R L L D D L D D D D D D D D L D D R D R R R R R R D D L D L D D L L D L L D D D L U U U U U U U U L U U L U U L L L R R R D D D R D D D R D R D D R D R R R D R R D D D D R D R L U L U U U U L L U L L L U L U U L U L U L L L L L L L L U D R R R R R R R R U U L U 
96 26 5 127
415 830 265 29 445 
L L D D D L D D L R R R R D R D U L U L L D D D D D D L W W W W W W W W W W W W W W W W W W W W W D U R U U U U U U L U U R U U U R R R D R R D D L L L D D L L L L D D D D D D D U U U U U U U R R R R U U R R R U U L L U L U L L D D D D L R U U U U R R D 
19 34 7 200
256 774 543 930 479 760 124 
L L U L U U U U U U U U L U U L L U D D D L D L L L D L R U R R R U R U U U U U U U U L U U U U R U R U U U R R D U L L D D D L D L D D D D L L R R R D R R L L D D D D D L L L L L L U U L L L L L L L U U U U U U D D D D D D R R R R R R R D D R R R R R R U U U U U U L L U L L U D R R D R R D D D D D D L L L L L L L L L L L U U U U L U U D D R D D D D R R R R R R R D U R R R R R R D D R D D D D D D 
66 34 6 190
129 544 949 419 609 703 
R D U L U U U L U L L L U D L L L L L L R R R D D D D U U U U R R R R D D U U L U U L L L L L L R R R R R R D D R R R D R R U R R D D D D D D U U U U U U L L U U U U L U L U U U L L U L L R R D R R D D D R D R R R R D D D D D R R D D R D D D D D D L L D L R U R R U U U U U U L U U L L U U U U U L L L D D D D D L D D U U U L U L L L D D D L L L L R R R R U U U R R R D R D D D D 
76 24 4 200
933 878 60 973 
L R U R D D D D D D D D D D D U U U U U U U L L L L U U U U U U U R R U U U U U U U U U U U U U L L L U L L L U L L L L R D D D D D U U U U U R R R D R R R D R R R R R L L D L L L L D D L D U R U U R R R R D D D D D D D D D D D D L L D D D D D D D R R R R U U U U L D U U L U L L U U L R D D R D D D D D D D D D D L D L D U R U R U U U U U U R R R R R U R U R U W W W W W W W W W W W W W W W W W W R 
6 87 4 200
320 341 216 797 
U U L R U U U U U R R U U U R R R U R R R R R R R U R R L L L L L L L L L R R R R R R R R R R D R R R R R R R R D R R R R R R R D R D D D D D D D D D R D R R R R L L L U U U U D D D D L U L U U U U U U L L U L L L L L L L L L L L L U L L L L L D D L D L L R R U R U U R R R R R D R R R R R R R R R R R R D R R U U U L U L L L L L L L U L L L L R R R R D D D D D U U U U U L L L L L L L L U L L L D L 
37 71 8 200
875 731 401 820 496 38 429 288 
U U U R U U U U U L U L U U L L L R R R U D D D R D R D R R D D R R U U U D D D L L D D D L D L D U R U R U U U U D D D D D D L D L R U R U U U U U U R R U D L L U L L U U U U R U R R D R D R R R R R L L L L L U L U L L D L D D L L L R R R D R L D D D D D L D L L L R R R D D R U R R R R R R R R D D D D L L W W W W W W W W W W W D L L L L L L D D D D W W W W W W W W L D D D R W W W W W W D D U U L 
52 31 6 200
594 932 658 246 757 989 
R R R U R R R R D D D D U U U U U R U D D D D R R L L L L L L D D L D L L L L L L D U R R R R R R U R D D D D L D D D D L L D D D D D L L L D L L L L L L L R R R R R R R R R D D R D U R R D D D R D D D R D U L U U U L U U U L L L D L L R R R D D D D D D R D D R R R R R R R R R D D U U L L L L L L L L L U U L U U U U U U U U U R R R R U R L D L L L L D D D L U U U L L U R R U D R U U U U U R R U U 
99 65 7 134
719 296 184 680 665 238 925 
L D D D D D U L L L L L L L L L L L D D D L L L L D D D D D D D U U U U U U U L U U U U L L R D D D D D D U U U U U U R R U R R L L D L D D D D R R R R R U U U R R R R R R U D R R R R R U U U U D D D L D L D D L D D U U R U U R U R U U U R U U U L L U L R D R R D D D 
44 37 5 188
218 526 950 638 729 
R U U U U L U L U U L U U U U R R D R R R R D D R D D R D R R R D R D D R R R R R R D R D U L U L L L L L L U L L L U L L L U U U L U L L L R R R D R D D D R R R D R R R U L U L L L U L U U L U U L L U U U U D D D D L D D D D D R D D D D R D R D R R U U U U R U U U U U U U D D D D D D D L D D D D L L U L U L U U U U L U U U U U L U L L D D D L L R R D R D D R D R D D D D L 
16 78 3 194
3 858 689 
R R D D D D D D D D D U U U U U U U U U R D D R D U L U L L L D D D D D D U U U U U U R R R D D D D D D D R R R D R D D L R U U L U L L L U U U U U U U L L L D D L L D L D U R U R R U U R R R D D D D D D D D R D U R U D L L U U U U U U U U L L L D D D D D D D U U U U U U U R R R R R R R L L L L L L L L D L L L L D L D L L R R U R U R U U U U U U U D D D D D D D R R R U R R R R U L L L 
41 53 7 200
68 837 520 557 746 776 914 
R L L L L L D D D D D L D L D D R R R R R R U U U U R R R U R U U U U U L U U L L L L L L L L L D D D U U U R R R R R R D D D L R U U U R R R D D R D D D D D L D L L L D D D D L L L L L L U L R U R U R U U U U U R R R R U U U D D D L L D D L D L D D L D L D D R R R R W W W W W W W W W W W W W W W W W W W W W W W W W W W W W W W W W W W W W W W W R R R R R R U U D D L L L L L L L L L L U U R U R U 
78 34 2 200
117 261 
R D D R D D D D D D R L U U U L D D L L L L L D D D D D U U U U U R R U U U U U U U U U U U R R U R R U U U U U R R U U U L U U U U R U U U D D D L D D D R R R R R R U U U R U R R U R R R R R R U R L L L L L U L L R R D R R R R D R D D D D L L L R R R U U U U L L L L L L L D L L D L D D D L L L L L L D R D D D L L D L L L L L L U U U U U U U U U R L D D D D D D D D D R R R R R R D D D D L L D L L 
87 91 6 200
380 835 228 812 887 947 
D D D R D D U L R R D R R R R D R R D D D D D D R U R L D L U U U U U L R R R L L U L L U L L L L U L U L U U L L L L L L L L U L L U L L U U L U L L U U L U L U D R D R D D R R D R D D R R D R R D R R D D D D D D D D D R R D R D U L U L L U U U L L L L L R R R R R U U U U D D D R R R R L D D D R R R R R R R R R R D R D R D D D R D U L U U U L U L L L L L L L L R R R R R R R D D D D D D U L R U U 
75 45 4 162
385 836 761 317 
R R R R R R R L L U U U U U U U L L U U L U L U U L L L L U U L U U U L L U L U L L U R R R R R L L D U U R R U R U U L L U L L L L L D D L R U U R R R R R D R R D D L D L L D L L L D R R D R D R R D D R R R R R R L L L D U L L L D L L L L R R R R R D D R R R R D D R D R R R R R R L L L L L D D R R D D D D D D D L L L L L 
87 11 5 192
637 318 86 661 347 
D D L D D L L D D D D D L L L L L L L L L L L U U L L D D D L L L D L L L U U U U L R D D D D R R R R R R R L L L L U U L L L L L L L L L L U D R R R R R D D U U R R R R R D R R R U U U R R D D R R R R R R R R R R R U U U U U R R U U R U U R U U L U U U U U L U U U U U U U L R D D D D D D D R D D D D D R D D L D D L D D L L L U U L U L U U U U U D D D D D R D R D D R R R U U R U U 
74 8 4 200
62 630 603 566 
R R R R R L L L L L L L U U L L L L L U U L U L U U U L L U L L U D R R D R R U R R U R R R R L L L L D L L D D D D D D D R L U U U R R R R R R R R U U L U R U U W W W W W W W W W W W W W W W W W W W W W W W W W W W W W W L L L D L L L R R R U R R R D D L D R D D L L L L L L L D R R U U R U U U L U L U L U U L L L L D L R U R R R R D D R D R D R U U U U U R U R U R R D D D D D R R R R L L L L U U 
10 31 6 200
257 899 96 402 531 272 
L U L U L L L R R R U R U R R L U U U U U L L L U U U U U U U D D D D D L L L L D L L R R D D D D U U U U U L R R R R R D D R R R D D D D D L D L D D R D R U R U U U U U U U U L L L L L L L D D D D D D D D D D D D R D R L U U U U U U U R R R R U D L L L L D D D D D D L U U U U U U U U U U U U R R R R R R R D D D D D D D R R R D D R R R R R R R R R R R R L L L L L L L L L D U L L L U U L L L D L D 
34 57 3 200
281 563 50 
L L L L L L L U D L L D D L L L L L L D L R U R U D R R D D D D D D D D U U U U U U U U L L U U L R R R U U U R R U U U U R U R U U R R R R R L L D D D D D D U U U U U U L L L D D L D L D D D D L L D D D L L D D R R R R R U U R R R R R R R R R L L L L L L L L L L L L D D D L D D D L L L L L L L L L L U L L L U L L D L L U L L L L U U U R R R R U U U U U U R U R R L L D L D D D D D D L L L L D D D 
28 80 2 88
489 752 
L L U U L U U U D D D R D R R R R R R R R R U D L L L L L L L L L L L L L L U L L R R R R U U R R R R L U U L L U U U U U R L D D D D D R R D D L L L D D L L D R R R R R D R R 
48 52 3 132
898 309 225 
R R D R R R R R R L L L L L D D D D D D D D D D L L R R U U U U U U U U R R R R R U R U D R R R R R R R D R R D R R D R D D D R D R R R U U U U U U U U U L U U U R L D D D R D D D D D D D D D L L L U L U U U L U L L U L L U L L L L L L L L D L L L L L U U L U L L 
39 92 6 200
481 866 955 321 191 655 
D L U U U U U L L L L L L L L L L R R R U U U D D D R R R R R R D D D D L R U U U U R D R R L D D R D R R R D U L L L U L U U L D D D D R U R R U U R U U U R L D D D R R D D D R D D R D D R R R U W W W W W W W W W W W W W W W W W W W W W W W W W W W W W W W W W W W W W W W W W W W W W W W W W W W W W W W U R R R L L L L L U U U L U L U U L L L L L L L U L L R R D R R R R R R R D D R D R D D D R R 
75 77 8 200
815 960 573 58 519 997 134 957 
R R R R R R D U L U U U U U U U U U U U U U U U L U U L L L L L U L L R R D R R R R R D D R D D R R L L D D L L L L U U U L L L U L R D R R R D D D R R D D L R U U R R D R L D D D D D D D D D D R R R D D U U R R U R R U R L D L L D L L L L L L L L L L U U L L U U U U U L U U U R U U U U U U U U D D D D D D D D R D D D D D R R R R D D D D D U U U U U L L L U U U D D D L U U U U U L L D D D R D D D 
89 72 3 190
558 548 495 
U U U U U U R L U U U U U U U L U L L U U U U U D D D D D L D D D D D L L L R R R U U U U U R R R D R R R R L L L D D D L L L L L L U U U U L L U U U L L L R R R D D D R R D R R R R R R R R R L L D D D D D D D D D U U U U U U U U U L L L L L U U U D D D L L D D L L U D R R D R R R R R R D D D D D D L L L L L L L L L L L L D L L L L U D R R R R U R R R R R R R R R R R R D D D D 
16 96 3 200
559 503 350 
L L D D L D D D D D D L L D D U U U U U U U U U L U L R D R D D D D D D D R D D D D L L L L L L D L L U U L U L U U U U L U U U U U R R R U R U U U D D D L D L L L D D D D D R D D D D R D R D D D D R D U L U U R R U R U U U U U U D D D D D D L U U L L U U U L U U U D D D R D D D R R R U U U U R R R U U R R L L D D L D U L L D D D D L L U U U U U U L L L U U U U L U D R D D D D R R R D D D D D D R 
88 2 6 200
990 871 319 264 885 591 
L U L R U U U U R R U U U U U U U U L U U U U U U U U U U U U U U R R D D R R R R R R R D U R R U U L L U U L L L U U U U U U U U L U R R R R R U D L L L L L D R D D D D D D D D D L L R R U R R R D D R R D D L L L L L L L L L U U R R R R U U U R U R R U R U R L D L D L L D L D D D L L L L L L D D D R L D D D D D D D R L D D D L L R D D D U U U L U U R R R U R U U U U R R R R U U R L D D L L L L D 
63 82 4 148
441 733 247 547 
L L L D D D D D D L L R R U U U R R R L L D D D U U U L U L L L L L L L L L L L L L L L L D D D U U U R R R R R R R R R R U D R R R D D D D R R R R D R D R R R R U U U U U R U U R R L L D D D D D R D U L U U U L D D D D D L L L D D D R R R R L L L L U U U L U L U L L L L U U U U R R R U U R R R 
57 93 4 176
104 137 412 946 
L L L L U L L D L D D D L L U D R R U R R R R R R R R R R D R D R R R D R D D R R R R R R R D D R R R R R R D U L L L L L L U U L U U U U L U L U U L L R R R R L L D D R D R D D D D L L L L L L U U L U L L L U L U L L L L L L L D D R D D L L D D L L R R U U R R U U L U U R R R R R R R D R L U L L L L L L L D D R D U L U U L L L U U R U R R D R R R R 
8 61 5 200
5 905 952 444 150 
D D D D D D D R D R R D L L L D L L L D L D U U U L R U U U U D D D D D D R U R R R U U L U U U U U D D D D D R D R R R U L U U D D L U L U U L R U U R R D D R R R R R R D R D D R R D R D D U U L L L L L L L L U U L L L L L L L L L L L L D D D D D D D D D R L U U U U U U U U R R R R D D D D D R D R D U L U L U U U U U L L L L U R R R R R R R R R R R R D D R R R R R R R U L L U U L U L L L L L L U 
94 97 5 192
560 197 833 125 641 
W W W W W W W W W W W W W W W W W W W W W W W W D D D D D R R R R D D D D D D L R U U U U U U L L L D D D D D R R R U U U U U U R U U D D L D D D D D D L L L D U U U U U U L U U L R D R D R R R U D L L L U L U L L L U L D L U L L L L L U U L R D D R R R R R D R U R D R R D D D D D D L R U R R R R R R L L L L L L U U U U U R U D D D D D D D L L D L D D U U R U R R U U U U U U U U U 
14 7 6 182
367 664 399 701 747 487 
R U R R U U U U U U U R R D D D R D D D U U U L U U U L L L L L U U U U L L U L U L U U U U R U U U U U U U U U U R U U D D L D D D D D L L L U L U U U U L U L R D R D D D D R D R R R R R U U D D R R W W W W R D D D R R R L L L U U U L L L L L D D D D D L D D D D R D R D R R D U L U L L U L L U U L L L R R R D D R R D R R D R D D D D R R R D D D D D D D L L D L 
49 79 7 200
662 462 141 417 47 200 507 
R D D D D D L D D D D D L L D L L D D U U R R U U U D D U U D D R R U U U U U U L U L L L L L D D U U U U U L L L L U R R R R R R R L L L L L L L D R R R W D D L D U R U U R D D D R R R R R D R D R U U U U U L L L L U L L U L U R R R R R R R U U R R W W U R R R R R R R R R R R R R R U R R U R R R U U U L L L U U U L L L U L L L L U U U U L L D L L L L L L D L D L L L L D D D D D U U U U U R R R R 
32 56 4 200
754 259 240 909 
L D D L D D D L D D U U U U D D L L L D L L D U R R U R U U U U U D D D D D D D D D D L D L L L R R R U R U U U U U R R R U U U R U U R R R R U U R R R U R R R U U U L L L L U U U U U U U U R R R R U R R U D D R D D D R D R R R D D R D D D R R R R R R R U D L L L L L L L U U U L U U L L L U L U U U L U D D D D R R D R R L L U L L U U U U L L D L L L L D D D D D D D D R R R R D D D L L L D L L L D 
