100
35 35 4 174
590 218 73 336 
R R R R R R R R R U R R R U U U U U U U U U L L L L R R D D D D D D D U U U U U U U U U L R D D R R D D D D D D D D D W W W W W W W W W W W W W W W W W W W W W W W W W W W W W W W W W W D U L L U U U U U U U U L R D D D D D R R R R D U L L L D D D D D D D D D U U U U U R R D D D D D D D D U U U U U U U U L L U U U U L D D D L D L L L L L L L L L 
40 98 4 102
956 822 216 191 
R R D R D R R D R L U L L D D L L D L L L D D R D D D D D D D D R R D D U U U U U R R R R U U D D L L L L D D D L L U U U U U U U U L U U R L D D R R R D R R U D L L U L L L U U R R R U R R U U U L U L L 
11 55 5 200
479 930 557 837 240 
R D D U U R R U U U R U D R D R R R R R R R R R R R R R R R R R D R R D D R R D R R U R R R R R R L U D L L L L L D L L U L L R R D R R U R R U D L L D L L U L L U U L L U L L L L L L L L L L L L L L L L L U L L D D D L L L L D D D D D D D D D D R R D R D R R R R R R R R R R R U U U U U U U L L U U U U U R R R U R R L L D L L L D D D D D R D D D D D U U U U U L U U U U U R R R R R R R D D R L U U 
83 93 8 190
626 85 480 734 229 873 102 145 
R U U R R R D D D R L U U R R R R R R R R R R R R L L L L L L L L L L U U U U U D D D D D R R L U R R U R R R R R U U D D L D D D D D D D D U U U U U U U U L L L L U U D D D D R R R D D R D U L U U L L L U L L D L L L U U U D D D D R R L L D L L L L L L U U U U U U D D D D D D D D D D U U R R R R R R R R L L L L L L L L R R R D U L L L U U R R R R U D R R U R L U U L L L D D L 
0 59 4 200
570 475 30 153 
D D D D D D R R R L L U U U U R R R U R U D D R D D D D D U U R R D D R R D D D D R D U L U U U U L L U U L L L R U U U L U U U U U U L L L L U D R R R R D D D D D L D L L L D D D D L U U U U U U R R R R R R R R R R R R D R R R D R R R R R R R R R R R R R R R R R R D R R D R D D R D R R D R D R R R R R R R R R L L L L L L L L L D D U U U R R R R U U U U R U R L D L D D D D L L L L L U L L U L U U 
78 1 4 177
86 529 881 22 
L D L L L L L U U U U U L L L D U U D D D D L L R R U U U R R R R U R R U U U U U W L L L L L L D L L L L D D L W W W W W W L L L L L L L R R R D D D D D D R D D R L U U L U U U U L L L L R R R R U U R R R R R U U R R R R R L D D D D D L D L L D L D D D R R R R L L L L U U U R U R R U R U U U U U U R R R R R R D D D D D L L D L D D D D D R R R R R U R 
9 7 5 186
450 593 531 390 574 
R R U U R U R U R L U U U U U U U L L L L L U U U U L L U U U U U U R R R R L L L L U U U U U U L U L U L L L U U U U U L U U U R R R L L L D D D R D D D D D R R R D R D R D D D D D D D U U R U U R U U R U U D D R R R D R R D U L L U L L L L D D L D D L L L L D U R R R R U U R U R R U D L L D L D L R D L D D D D D D D R R D D D D R R R R R D D D D D D D D L D L D D L L 
80 58 5 200
597 836 761 542 680 
L L D L R D D D D D D D R R D D U U L L U U U U U U U L L L L L L U U U U U L L L L U U L U L R R R R R L L D U L L U U L U L L R R D R D D D R D D R R R D D L D U R U U L L U U L L L L L L L R R R R R R R D D R R R D D D D D R R R R R R U R R D D W W W W W W W W W W W W W W W W W W W W W W W W W W W W W W W W W W W W W W W W W W W W R U U U U U U U U U R R W W W W W W W W W W W W R D D R L U U L 
88 60 5 160
677 361 666 599 864 
U U L L U U U U U U U U U U R R U R U U R U R R U R U R R U U R R U U U R U U L L L L U L R D R R R R D D L D D D D D D D D D D D D D D U U U U U U U L L L L R R R U D D D D D D D U U U U L L L L R R R R U U R U U U U L L D D L L D L D L L D L D D L D L L D D D D L R R R R R R U U R L D D L L L L L D D D D D D R R D D 
21 76 2 200
208 728 
R R R U U U R U U R R U U U U U U D D D R R L L D U U R R R R R R R R L L L L L L L L D D D D L L D D L D D D L L L R W W W W W W W W W W W W W W W W W W W W W W W W W W W W W W W W W W W W W W W W W W W W W W W W W W W W W W W W W W W W W W W W W W W W W W W W W R U U U R R U U R R R R R U U L L L L L L L L L U U U U U L L L L L L L R R R D D D D D D D D D U U U U U U U U U R R R R D D D D D R R 
7 14 3 200
0 745 396 
R R U R L L L L L L L R D D D R D D D D D D D L L R R U U U U U U U L U U U R R R R R D L L L U L L W W W W W W W W W W W W W L U U W W W W W W W W W W W W W W W W W W W W W W W W W W W W W W W W W L U U U U U U L U U L U U U U U D D D D D R D D R D R R U R U U U U U U U U U L L L L R R R R D D D D D D D D D L D L L D D U U R R R U U U U U U U U U R R R D R R R D D D R L U U U L L L U L L L D D D 
88 43 5 200
385 60 878 454 663 
L L U L L L L U D L L D L L D D L D D L D L D L L L L L R R R R R D D D D D D D D U U U U U U U U U L U L U L L U L L L L U L U L R D D D D D U U U U R D R R R R D R R D R D R R U R U U R U U R R U R R R R R R D R R R R R U W W W W W W U R W W W W W W W W W W R R R W W W W W W W W W W W W W W W W W W W W W W W W W W W W W W W W W W R R D D D U U U L L L L L L U U D D D D L L U U U U U U R U U D D 
17 59 3 160
82 688 151 
R R R D R U U U U R R U R R U U R L L L L L L L L L R R R R R R R R R R R U R U D L D L L L D D L L D L L D D D D L U L L L R R D R R R R R R R R R R R R R R R R D R D D R R R D D D L L L L L L D L D D D L L R R U U R R R R R R R L L L L L L L U R U R R R R R R U U U L L L U U L U L L L L L L L L L L L L L L L L U L L 
88 80 5 200
835 982 51 238 468 
R R R R R R R R D U R L L L U U U U R R R L D U R W W W W W W W W W W W W W W W W W W W W W W W W W U D L D D R D R D D D D D D D D D D D D L L D L D D D D L L D D U U R R U R R R L D D D D D D L L D D U U R R U U U U U U U U R R U D L L D D L D D D L D D U U R U U U L U U U R U R R D D D D D D L L D L D D D D D D D D D D D L L L L U U U U U U U U U R U U U U U U U U D D D D D D D D L D D D D D D 
78 73 7 200
815 960 812 573 833 466 739 
R R U U U R L U U U U U U U U U U U U U U U U U L U L L L L L L L U D R R R R R R R D R D D D R R L L D D L L L L U U U U L L L L R R R R D D D D R D D U U R R R D D D D R R R R R R R R R R R R R U R R R U U U U U U U L L L U U D R R R R R L L L L L L L U L L U D R R D R R D R R R D D D U U U L L L L U U L L L U L U L U U U D D D R R R R R R R R R L L L L L L L U U U D D D R R R R R D R L U L L L 
82 64 5 196
184 261 461 179 296 
D D L L R R D D D D D D D D U R R R R R R D R R R R R R R R R L L L L L L L U D R R D D D R D R D L L L L L L L L D L L L L L L L L U U U U L L L R R R D D D D R R R R R R R R U R R R R R R R R U L U L U U U L L U U U U U U U U U U U U U L L L D D R D U L U U R R R D D D D D D D D D D D L L L L R U U U U D D L L L L R R R R D D R R R D D L L U L L L L L D D D D U U U U L U U U U U U U U U 
0 18 4 200
349 163 945 144 
U U U U U U U U U U R R R L L U U D R L D L D D D D D D D D D D D U U U U U U U U U U U U U U U R R R D R D D D D D D D D R D D U U L U U U U U U U U L U L L L D D D D D D D D D D D D D D D D D D D D R D R D D D R R R R W W W W W W W W W R D D D R R R D D D R R R R R U U U L L W W W W W W W W W W W W W U U U U R U U U U U U U U U U U U U U U U U U L U U U U U U U R R U R L D L L L L L L L L R R R 
34 57 4 170
428 803 848 746 
U U U U U U D L R D D R R U U R U U U U U U L U U D D R D D D D D R R L L D L D D L L D D L L L L L L L L L R R R R R R R R R D W W W W W W W W W W W W W W W W W W W W W W W W W W W W W W W W W W W W W W W W W W W W W W W W W W W W W W W W W W W W W W W W W W W W W W W W W W W W R R R R D D R D R U U R R U R L D L L D D L U L U U L L L L 
84 8 3 170
686 669 778 
L L R U U U U U U U U U U U U U L U U U U U U U U U L U U U U U U L L L L D U R R R U U U U D D D D R D D D D R R R R R R R R U U U U U U U R U U R U R U U U L L L L L L L L L L L L L L D L L L L R R R R U U D R R R R R R R R R R R R R R D D D L D L D D L D D D D D D D L L L L L L L L D D R D D D D D D D D D R D D D D D D D D D D D D D R 
24 19 3 116
498 880 790 
D D D D D D U U U U U L L L R R R U R U U R U R U D L D D D R R R U U U U U R U U U U U U L U L L R R R R R U D L L L D D D D L L L D D L L L L L L L L L R R R R R R R R R U U R R R U U U R D D D D D D L D D D D D L L L U U L D D L 
65 20 5 162
671 850 594 927 366 
U L L L L U U U L L R R D D D L U L U U U U U U L L U U U U L R D D D D R R D D D D D R R R R U R R R U D L L L D L L L L L L L L L L L U U U D D D L L L D L D D D D D D U U U U U U R U R R R R R R R R R R R R U U U R U U U D D D L D D D L L L L L U U L U U U L U L L R R D R D D D R D D R R R R R U D L L D R D R R R R R D 
6 44 5 180
543 899 399 988 279 
R D R D D R R D R D R D D D D D D D D L U L L U U L L U U L L R R D D R R D D R R D R U R L U U U U U U U L U L L L L L L L L U D R R D D D D R R D D D D U U U U L L U U U U L L L L L D D D D D D D D D D U U U U U U U U U U R R R R R L L L D D D D L L D D D D D R D D D R D D D D R R L L U U U U L U U U L U U U U U R R U U U U R R R R R R R R U L L U U L U L 
32 55 5 156
754 242 550 638 406 
L D L D L D D D D D D D D D D D R R R D U U U U U R U U R U D D R D D D D D R R R R R R R R U R U U D D L L L L U U L U L U U R R U R R R U U R R R L L L D D L L L D L L D D R D R D D R R R D L L L L L L L L U U U U U L U L D D L D D D D L L L U U U U U U U U U U U L L L R R R R U R R R L D D D U U U L U L R R 
18 14 3 132
364 367 889 
D D D D D R L L D L L U U L U U U U U U U U U U U U U L U U U L R R R R R R R U R U U U U L L L U D R R R D D D D D D D R D D R R L L U U L U U U U U U L L L R R R D D D D R R R R L L L L U L D L L L L L L D D D R D D D D D D D D D D D D D R D D R R U R U U U U U 
25 69 2 94
3 478 
L L L L L L L R U U U U U U U U U D D D R L U D D D D D L L L R R U U U U U U L L L D L L L D L L D L L U L U D R D R R D R D R L U L U U R R U R R R U R R R D D D D D D R D D R R R R R R 
15 14 3 200
664 469 214 
R R U R R D D D R D D D U U U R R R R R R R R R R R R R U U R U U U U U U U D D D D D D D L L L R R U R U R R U U U R U U R U L U L U U U U U U L L L U L U U U L U U U U U U U W W W W W W W W W W W W W W W W W W W W W W W W W W W W W W W W W W W W W U R R R R R R R R R R R R R R R R D D D D D R R D D D D R D D R R R D R D D L L L L D L L L L L D D D D D D D D U U U U U U U U U U L L R R D D R R R 
22 73 4 200
650 446 712 689 
R D D R R R R R R R R R D R L D L D D D L D D D U U U R U U U R U U R D D D D D D D R R D D D U U U L L U L L D U R R U U U U U U L L L L L U D L L L L L U D D L L L W W W W L D D L R U U R R R R U R R R R U D L L L L D L L L L L L L R R R R R R R U U U U U U U D D D D D D D L L L L L L L L L L L L U U L U U L L R R U U U U U U U U U R R L L D D D D D D D D D D D R D D R R R R R R R R R R R R U U 
39 92 3 200
481 304 345 
L D U U U U D D D R R R R R R R R R R R R D R R D R R D U L L U L L U L L U U U U U L U L L U R R R R R R R R R R L L L L D D D R R R R R R D R D D D D D D R W W W W W W W W W W W W W W W W W W W W W W W W W W W W W W W W W W W W W W W W W W W W W W W W W W W W W W W W W W W W W W W W W W W W W W D U L U U U U U L L L D D D D D D L D D R D D D D L D D R D U L U U R U U U U L U U R U U U U U U R R 
60 95 6 200
422 518 799 611 773 19 
R R R D R D R R R R D D D D R L U U U U L L L L U L U L D D D D D L R R U U U U U U L L L L L U U U L R D D D R R R R R R R D R U R R R R R R R R R R R R R D D D D R R R R R D D D D R R D D U U L L U U U U L L L L L U L L D L L L D L R U R R R U R R U U R L U L L L L L L L L L L L L L D L U L L D D D R U R U U R R R R R R R R R R D D D D U U U U L L L L L L L L L U D L D D L D L D D D L U U U U U 
68 15 4 200
823 130 916 442 
D U R U R U R R U U L L U L L L D L U U U U U U U R R U R U R L D L D L L D D D D D D D L D L L L D D D D D D D R D D D L R U U U U D L L L L L L L L L R R R R R R R R U U U U U U U R R R U R R U R R R D R R D D L L D L D L U U U L U U U U U U D D D D D D L L D L L L D D D D D U U U U L L L L U U U U U U U L L U U L L L R R R D D R D D D D D D U U U U U U R D D D D R R R R R R R R U R R U U R L D 
2 69 6 200
772 964 706 165 912 841 
R L U U L L D D D D D D D D D R R R R R R D D R R R R D R R D D D U U U L L U L L L L U U L L D D D U U U L L L L U U U R R R R R R D D D D R D R R R R R R R R R R R R U U U R U R R R R R R R R U U D D D D D R R R R R R R R D U R R R R L L L L L L L L L L U D L L L L D D L L L R R R U U R R U U U L L L L L L L L D L D D D L L L D D U U R R R R R U U R R R U U U U D D D D L L L D D L L L L L L L L 
66 33 6 106
129 983 540 544 949 419 
R L L U U U U L U L U L U U U U U U L U U U U D D D D R D D D D D R R L L D L L L L L L D D D R D D R R L L U U L U U U R R R R R R R D D D U U L L L L L U U L L R R D D R R R R R R D R D D D D R R R D R L U L L 
94 14 5 140
265 811 185 885 438 
L L L R U U D D L L D L L L L L L R R R R R R U R R R U U U U U L L L U L L U U U R U U U D D D L D D D R D U L L L D D D D U U U U R R R R R L D R D U R R D D D D D R R R R R D D D D R L U U U U L L L L U U U L U L U U L U U U U U U L L U U D D R R D D D D D D R D D R D R D D D 
75 77 2 200
65 307 
L U U U L L L L U D R R D D D D D D D D U R D D D D D D D D R L U U U U U U U U L U U U U U U U L U L U L U L L D D L L D L L D L L L L L L L L L U U U R R U R U R R U R R U U U R R R R L L L L D D D L L D L L D L D L L D D R R R L L L U U R U R U R R R U R R R L L L U U U L L U U L L R R D D R R D D D D L L L D L D L D D D R R R R R R R R R U R R U R R D D D U U U U U R R D R D R D R R R D D D R 
49 79 3 72
662 462 176 
R D D D D D L D D D D D D L L D D L L R R U U U U U D D U U D D D R R U U U U U U R R R R L L L L D L L L U L L U D R R D R R R U R U U U U U L 
52 79 5 200
268 946 23 66 247 
U U U U U U L L R R R R R R U U U R R R U R U R L D L D L L L L L R R D D L L U U U U D D D D R R D L L L L D D D D D D L U L L L D L D D L L L R R R U U R U R R R U R R W W W W W W W W W W W W W W W W W W W W W W W W W W W W W W W W W W W W W W W W W W W W W W W W W W W W W W W W W W W W W W W W W W W W W W W W W W W W R L L L D L L L D L L L L D D L D D D D D R R R R R R R R R R U R U U R U R R 
86 75 3 200
558 886 668 
R R U R U U R L L L U L U U U U U U U U U U U U D D D D D L D D D D L D L L R R U R U U U U R D R R R R R R L L L L L L D D D D D D R D R R D D L D L L R R U U U U R R R R R R W W W W W W W W W W W W W W W W W W W W W W W W R D D D D D D D D D L L D D D D D D D D D D D D D D D D D L L L L D L D L L R R U R U R R R U U U U U U D D D D D D R U U U U U U U U U U U U U U U U U R R U U U U U U U U U L 
55 81 4 200
371 936 412 132 
U U U D D D R R R D D D U U U R U R R R U R U U U U R R D R R R R R R R R R R R R D D D R L U L L L L L R R R R R U U L L L L L L L L L U U U U U U U L R R R R D R D D D R D D R D D R D D R D R R D D D D D D D D L L L L L L D D L D D L D D L L L L L L D L L L D L L L L L L L D L L L L R R D D D D D D R L U U U U U U R R U R R R R R R R U R R R U R R R R R R U U R U U R U U R R R R R R U U U U U U 
60 25 4 42
798 868 427 932 
R U R R U R U U U L U U L L L U U D D D D R R L L U U R R R D D R D D D L D L L D L 
20 96 4 78
283 59 32 463 
R D D D D D R D R R R R R R D D D U L L L L U L R D R R R R U U L L L L L D D D D D D D D D U U U U U U U U U L U R R R R R R L L L L L L L L R U U U U U L 
23 54 4 188
976 95 828 722 
D D D D L D D D D L D L L D D D R D U L U U U U U U L U U D D L D D D L D U R U U U R R D D D R R U R U U U U R U U R R R D D D D R D D D L R U U U L U U U U L L L D D D D U U U U R R R D R D D D D D R D D D D D R R R R R D D R R R D U L L L U U L L L D D D D D D L R U U U U U U L L U U U D L L D L L L D L D L D D D U U U R U R U R R R U R R U U U L U U U U U L U L L L U U 
19 28 3 200
701 711 118 
D U L L L L U L L L L R R R R U U U R U R R R R U R U U R R R R R R R R U U U L U U U D D D L L L U L L R R D R R R R D D D L L L L L D D D D D D D U U R R R R R R R D D D D D D R L U U U U U U L L L L L L L U U U U U L L L D D L D L L L L U L U L U U L U D R D D R D R D D R R D D R R R R D D U U R R R R R R U R R R D D D D D D D D D D D D D L L L L L L L L L L L L L L L U U R R R R R U R L D L L 
0 79 6 200
503 350 567 227 171 260 
R R R R R U R U U U U U U R U U U U D D D D L D D U U L U U L U L U U U R R R R R R R R R L L L D D D U U U L L L L L L D L L L U U U U R U U D D L D D D D R R R D D R D R D D R D D D D D D D D D D D U U L R U U U L U L L L L L U U D D R R R R R D D L L L D D D D U U U U L L R U U U U R R R U R R U R R U U U U U L L L U U L L L L U U U U U U R R R R R R R R R R R R D R D D D U U U L U L L L L L L 
81 75 5 160
224 647 755 768 317 
D D D D D D D D L L D D L D D U L L L L L L U U U U U L L U D D L R U R U D R D D D D D R R R R R R U R U U R R U D D D L D D L D D L L D L L L D R R R R R R R D D D D L L L L L L U L L L L U L U L L L U D R R R D R D R R R R D R R R R R R D R R L L U U U U U L L L L L L L U R R R U R R U U R U U R U U U U U U U U U U 
80 33 5 164
311 117 933 584 917 
U U L L R R D D D D D D D D D R L U U U L D D L D D D L D L L L D U R U D R R U U D D D D D D D D D D D U U U U U U U U U U R U U U R U U U U U U U U U L L R R D D D D D D D R D D D D L D U R U D L L D L D L L U L U U L L L U U L U L L L U D R R R D R D D R R R D D R D R R U R U R R U U U U R R R R R D D U U L L L L L U U U U 
99 11 2 100
77 871 
D D D D D L R U U U U U U U U U U L U U U U U U U L U U U R R U U U L L L L L U U U U U U U U U U U L R R R R R U D L L L L D D D D D D D D D D D R R R R R D D D L L D D D R D D D D D D D R D D D D D 
3 96 5 170
592 434 362 797 853 
D D L D U R U U U R L D D D L D D D D D D D D R R D R D U L U U D L L U U U U U U U U R U R R R R U U R R U R R R R D D D R D D R D U R R R U U R U U R R R R U R R D D R R R D R D D U U L U L L L U U L L L U L L L L D D L D D L D U R U U R U U R R R R D R D L D D D D U U U U L L L D D L D D L L L L U U L U U U L L L L D L L D D L L L L U 
47 88 4 105
137 104 771 507 
U U R U R R R U U R U D L D D L L L D D R D D D D D R R D D D D D D R R R D D R D D D D U U U U L U U L U U D D L L U U U U U U L U U U U U U D D D D D D L L L D L D L L W L R R R U R U R R U U U U U L U L D D 
62 1 3 200
318 637 751 
R R D R R R U U U R R R R U D L L L L D D D L L U U U U L R D D D D L U L L U W W W W W W W W W W W W W W W W W W W W W W W W W W W W W W W W W U L U U W W W W W W W W W W W W W L L L W W W W U U U W W W W W W W W W W W W W W W W W W W W W W W W W W W W W W R R R R R D D D R D R D D R R D R L U L L U U L U L U U U L L L L L L L L L L L U L U U D D R R R R R R R L L L L L L D R R R R R R D D D R R 
26 0 3 200
765 698 512 
R U R L U U L U U U U L L R R R R U U U R R R R R R U U U R R R U U U U U R U U R U U U U U U U L L U U U L U L U U U L U U U U L L L U U L L L L U D R R R R D D R R D D D D D D D U U U U U U U R D D D D R D D D R D R D D D R R D D D D D D D L D D L D D D D D L D D D D D D D D D D D D L D U L U U L R D D R R U U U U R R R R R R R R R L L L L L L L L L U U U U U U U U L L D D D L L L L L L D D D L 
45 15 8 200
37 405 403 744 600 365 870 971 
D D D D D D D D D D L D D L D U L L U U U U U L L L L U U D D R D U R R R D R R L L D D D D R R R U U R U U U U R R R R L L L L U U U L L L L L D D D L L D L L D D D D L D U R U U U U R R U R R U U U R R R R R U U R L D W W W W W W W W W W W W W W W W W W W D L D L L D L L D L L L D D U U R U U U U U U U U U D D D D D D D D D R R U R R U R R U R U U R R L L D U U R R R U U U U U L L L L U U U U D 
90 87 7 162
575 560 197 380 323 58 125 
U U R R U U R R U D R R D R R L D D D D U U U U L U U R R U U R U D L D D L L D L D D D D D L L L L L L L L U U U U R R R U R L D L L L D D D D R R R R D D D D D U U U U L L L L L L U L L L U L U U D D U U U U R U U U U U U R L D D D D D D L D D D D R D R R R D R R R R R R U R R U U L R D D R R U U U U U L L L D D L L D D 
42 99 4 188
866 414 330 394 
L L L D D L L D L L L L L L L L L R R R R R R R R R D D D D D D D D D D D D D R D D D R R R R R R R R R R D D D D D U U U U U L L L R R U L L L L U U L L L L U D R R R R D D R R R R D L L L L L L L L L U U U L U U U U U U U U U U L L U L L L L R R R R D R R R D D R R D R R R R R R R R R R U R U R L D L D L L L L D D D U U U L L L L L L U L L U U L U U U L R U R R U U R R R 
33 83 3 200
731 875 559 
D R R R D D R R R R D D L L D D D U U U R R U U L L L L U U L L L R R R U D L D D D D D D L D D D D D D D D D D D D D L L L L U U U R U U U L L L D D L L L L L L L L L D D L D D L L L D L L D L L U U L L U L U L U U L L U U U U U U R R U U U U U U U R U U U U R U U R R U U U U R R U U U L U L U L L U D D L L L L L L L L D D U U R U U U R R R U U D D L L L D D D R R R R R R R U R R D R D R D D D L 
82 42 4 200
907 360 643 337 
R R D D D D D D R R D D D D U R R U R R L L D L D D D D U U U U R U U U U U U U R U U U R U R L D L D D D L D D D D D D D L L U U U L L U U U U U U L L L L L D D L D D L D L L L L L U U U U U R U R R R U U U U R R R R R R U R U R R R R U R R R R R D R R R R R U U U U U U U U L U L R D R D D D D D D D D L D D D D D D D D D U U U U U U U U U R U U U U U U L R D D D D D D L L L L D U L U L L L L L D 
41 78 6 200
401 820 496 859 670 25 
L R D D U U U R L D D D D D D D L L L D D D D D D D D W W W W W L R U U U U U U U U R R R U U U U U U D D D D D D D D L D D L L L D D D D D R D R W W W W W W W W W W W W W W W W W W W W W W W W W W W W W W W W W W W W W W W W W W W W W W D R D D R R R D R R D R R R R U U U U U U U U U U U U U R U R R R R R U U R U R R U U U L L L L L R R R R R D D D L D D D D D R R D R D U L U L L U U U U U L D L 
40 30 3 176
813 284 226 
U U U L L L D D D D D D L L D D L D L L L L R R R R U R U U R R U U U U U R D D R D D R D D R D R D R R D D D D D D D D D D D D L R U U U U U R R R R R L L L L L L L L L L R R R R R R R R R R R U U U U U U U R L D D D D D D D L L L L L L D D D D D R D D U U L U U U U U L L L U U U D D D R R R U U U U U U U L L U L U L U U L U U L U U L U R R R D D D 
59 72 7 200
775 806 733 491 818 404 147 
U U L L R R R U R U D R L D D D D D D U U L L L R R R U U U R D D D D D W W W W W W W W W W R R R R R U U U U R R R U R U R R R R R U U U U U U L L L U U U U L U L L D L D L R U R U R R D R D D D D R R R D D D D D D L L L L L D L D L L D D D U U U L U U L U L L L L L L L U U R R R R R R R D R D R D D R R R L L L U U L U L U L L L L L L L D D R R R R R R R D R D D D D D D L L L L L U L L R R U U U 
8 35 2 78
257 572 
D D L L L R R R U U R R R L L L U U L L L L D D D R R D R D U L U L L U U U R R U R R R U R L D D D D D D D D D L D L R U R U U U U U U U U L L L D R R D D 
22 87 3 98
393 736 449 
U U L U D D D L R U U R D L L L L L L L U U U L U D R D D D R R D D D L L L L L D L D D D D D D L D L D D U U L L L R R R U U U U U U D D D D D D R U R U U U U U U R U R R R R R U U U R R R R R D 
88 2 4 88
105 802 488 944 
R R R U U U R R U R R D U L L D L L D D D R R R R R R R R L L L U U U U U U L L U L U L L U L R D R R D R D R R D D D D D D L L L L L L L L L L L L U U U U L R D D D D R R R R 
4 6 2 56
195 70 
L L D D D L D U U L U U D D D U R D R U R R R R R R L L L L L L L L D R R R R D R R L L U L L L L U R R U U R R 
80 3 4 166
205 640 780 551 
D D U U U U R R U U R R R U U U U D D D R R R R R L L U U U U U L U U U U U U D D D D D D R D D D D D L L L D L L L D D L L D D U R U U R U R R R R R R R D D U U U U U R R R R R D U L L L L L D D D L L L L L L L U U U U L U U U L U L L U U L L R R D D R R D R D D D R D D D D R R R U U U L U U U U D D D D R D D D L L L D L D D L D 
36 94 3 70
675 705 935 
L L L L L D D D D D R L U U U L L L L L L L R R R R R R R D D U U U U L L L L U U U L U L L L R R R D R D D D R R R R R R D D U U U D R R R 
27 8 4 168
924 770 332 534 
L L L L D D D U U U L L L L U D D D L L L L L L L L L L L U U R U R U U U U U U U L L L L L L L D D D D D D D R L U U U U U U U R R R R R R R D D D D D D D L D L D D R R R D D R R D U L L U U L L L U U U R U R U U U U U L L D D L D D L L L L D D U U R R R R U U R U U R R D D D D D L D L D D D R R R R R R R R R R R U U R R R R R R R R 
84 75 7 200
53 719 302 903 862 504 795 
D D D D D D D D D D D R D D D R D R D R R R R R D D R R L L U U L L U R R R R R R R R L L D D D D D D D D D U U U U U U U U U L L L L D D D D D R D D R D D R D R L U L U U L U U L U U U U U L L D L L L U L U L L D U R R D R D R R U U U U U U U L R D D D D D D D L L U L U L U U U L U L L W W W W W W L D D D D D D D D D D L L U D R R U U U U U U U U U U R R R D R D D D R L U U U L U U U U U U U U U 
17 19 3 100
314 222 407 
R R R R R R U R U U U U U U D D R R R R U U R L D D D D D D L R U U U U L L L L D D D D L D D R R R R R R D R R D D D D R L U U L L L L L U D R R R R R U U L U D L U L L L L L L U U R L D L L L L L L 
57 62 6 192
127 981 788 678 914 269 
L L L L U U R R U U U D D D R R R D D D D D D L L L L L L U L U L L D D D L L L L L L L U D D L R R R D D D R R R D D D D D L L D U R R U U U U U L L L U U U L L U R R R R R R R U U U U U D D R R D D D U U R U U U U U U R R R R R R R U D L L L L L L L D D D D D D D L L D D L D L L L D L D L D L L D L R U R R U R U R U R R R U R U U R R R R R R R R U U U U U U L L L L L D D R R R R 
57 42 8 200
874 474 426 656 898 309 785 259 
R U U U U U R L U U L L L L U U U L U U L L D D D U U U R R D D R D R R L L D D R R R R D D D D D D D L L L D L L L L L L R R R R R R U R R U U U R U U U U L L L R R U U D D R D D D D L D D D D D D D D D D D L L L L U L L L U U W W W W W W W W W W W W W W W W W W W W W W W W W W W W W W W W W W W W W W W W W W W W W U U U U U L L L L L L L L L L L L L L U U U L U L U L L U L L U L R U R U U U L L 
25 51 2 110
384 444 
D D L D D D D D D D D D D D D D L R U U U U R R R R D R D R D D D U U U L U L U L L L L U L L D D U U U U U U U U L U L U U D D L L L L U U U U L L L L R R R R D D D D R R R R R D R D D D D D D R R U U U U U U U U R U U 
46 67 2 92
888 882 
L L L D D D D D D D D D D D R D D D D U U U U L U U U U L L L L L R R R U U L L L D D D D D D D L R U U U U U U U R R U U U D D D U U U U L L R R D D D D R D D R R U U U U U U U R R R 
17 76 2 92
376 777 
D D D D L L D D D D L L L D D D D L D D U U U U U L L L U L L U U L R R R R R R U R R U U R U U R L D D L D D L L D L L L L L D D R R D R R R D D D R U U U U R R R U U U U R R U U U U 
27 6 1 32
107 
R D D D D D R D R R R L L L U L R R R R R L L L L L U U U U U L 
47 34 3 170
114 644 660 
R D D D D D R D D U L L L L L L R R D D D D D D D U U U U R R R R R R R U U R L D D L L L L L L L U U U R R U U U U U D D D D D R R U R R D R L U L L L U U U U U L D D D D D L L L U U U U L L U L L L L L L L D D D R D R D R D D D R D D D D D D D D D D U U U U U U U U U U L U U U L U L U L U U U R R R R R R R D R R D D D D R R R U U U U U 
94 3 3 92
796 501 958 
D D L L L L L R R R R R U U U U L L L L L R R R R R R U D L L L L L L L L L L L L R R R R R R R R R U U L U L U U L U U U R U D L D D D D D D D U U U U R D D R D R R R L L D D R R D D 
12 5 5 200
91 386 696 112 639 
R R R R R R R R U R R L L D U U D D L L L L L D D D L L L L L L L R R R R R R D D U U L L L L U U U L L L U U U U U U R R U W W W W W W W W W W W W W R L U U U U U L L U L L L L L D D D D L R U U U U R R R R R D R R D D D D D D L L D D D D D D R R R D D D R R R R R U U U L L L L W W W W W W W W W W U L L L U U U U U U L L L U R R R U U U U U U L L L L R R R R D D D D D D R R R R R L L L L L L L L 
64 86 2 76
441 547 
D D D D D L L L L D D D D L L D U R R U U R R R U R R U R R R R L D D D D D D D D D L D U R U U U U U U U U U L L L D L L D L L L U U R R R R U U U U U 
25 73 4 200
429 844 752 321 
R R R R R R R R U R U U R U U U U D R R R R L L L L D D D L D D D U L L L U L U L U L L U U L R R R R R R U U U U U R R R R U U U U U U U U L L L U L U U U R R D U L L D D D D D D D D D L L L L L L L D L D D D D D L D L D D D L L D D D D D R D R L U L U U U U U R R U U U R U R U U U U U R R L U U L U U U R L D D D R D R R R R R R R U U U U U U R D R R R R U U R U R R L L D L D D L D D D D D D D D 
50 12 3 164
877 301 108 
D D L U U L U R R R R R R R R U U L L L L L U L L L L L L L L L L U U U L L D D D U U U R R D D D R R R R R R R R D U R R D R R R R R D D L L L D D D D D D R D D R L U U L U U U U U U R R U R U D L D L L D D D R R R R R R R R R R R U U D D L L L L L D D D U U U L L L L L L U U U U U R U U U D D D L D D L L L L L D R D D R U U 
86 54 8 200
293 379 252 710 183 400 80 291 
D D L D D L D R L U R L L L U U U L U U U U U U L L L L L L L L R R R R R R R R U U U U U U R R L L D D D D D D D D D D D D L L L L L L L D D D D D D D L L L L D L L L U U U U U L R D D D D D R R R U R R U U D D R R U U U U U U U U U U L L L L L L L L U L R D R R R R R R R R D D D D D D D D R L U U U U U U U U U U U L R D D D D D D D D D D D D D D L L D U R R U U U U U U U U R R U U D D R R R R R 
89 22 5 200
415 193 264 355 250 
R U R R R L L U U U U U R R R R R R R L L L L L L L L L L D D L D D L D D L R U U R U U R U U R R R D D D D D L D L U U L U U U U U R R D R D R D U L U L U U U U U U U W W W W W W W W W W W W W W W W W W W W W W W W W W W W W W W W W W W W W W W W W W W W W W W W L L L L L D D U U R R R R U U U U U U U R R R U R U R R W W W W W W R D D D D D D D D D D D D D D D D D R D D D D L D D D D D L R U U U 
58 24 6 184
618 865 832 78 562 631 
L D R D D R D D D R W W R L L U U U L U U L U U U L U U U U L U U U U L U D R D R R R R R R R R R D D R R R R R R D R R R D D R D R D R R L L U L U L U U L L L U L L L L L L U U L L L L L L L L L D D D R D D D D R U U U U R R R R R R R D R D D D R D D D D D D D L L L L L D D L L L L D L R U R R R R U U R R R R R U U U U U U U L U U U L U L L L L L L L D D D D D D R 
18 66 4 82
861 942 860 493 
L L D D R R D R R U D L D U L U L L U U R R R R R U D L L L L L L L D D D L L L L L L U U U L U L L U U U U L R D D D D R R D R D D D R R R R D U R R U U U R R R R 
70 61 4 200
748 632 7 207 
L L L L L D L L D D L L L L U U U U U U U L L L L L L L U U U L R U R R U R R U R U U U R U R U R U U L L L L L L L L L R R R R R R R R R D D L D L D L D D D L D L L D L L D D D D R R R R R R R D D D D D D D D L D L D D L D D D D D L D D D D D D D D D D L D D L L D U U L L L U L U U U U L U L U D R D R D D D D R D R R R D R R U U R U U U U U U U U U U R U U D D L D D D D D D D D D R D D D D L D U 
9 51 4 194
5 150 965 514 
R R U D L L L L D D L L L U U U L R U U U U D D D D D D D D L L D D L D U R U U U U U U U R L D D D D D R R D D R R W W W W W W D R R D R R R R W W U U R U U U U D D D D L D D L D D D D D L L L L L L L L D R D R D R L U L U L U R R R R R R R R U U U U U L L L U L L U L L U U U R R R U U R R U U U U U R R R D D D D D D D R D D R D D R L U L L R R U L U U L U U U U U U U L L L D D D D D 
61 99 5 200
883 863 536 228 158 
D R R R R D R R D L L L L L L L L D D D D L R U U U U R R R R R R R D D D D D D D L L L L L L L L R R R R R R R R U U U U U U U R U R R R R U R R R R R R L L L L L L U L R D D L L L L L L U L L L L L L D D D D D D D D R R D R R R U U U R U R R U R R R R R R R L L L L L L L D L L D L D D D L L L U L L U U U U U U U U R R U R L D L L D D D D D D R D D R D R R R U D L L L U L U U L U U U U U U R R U 
66 11 3 108
170 630 162 
U U L L L U U U U L U L R D R R R R R R R U R R L L D L L D D D D D D D L R U U U R R R R R R U U U L R D D D L L L L L L U U U U L L L L D D D D D D D L L L L L L D L D D U U R U R R R R R R U U U R R U U D D R D D 
92 22 10 186
830 445 646 33 46 654 624 577 842 840 
D R R R R D D R L U U L U U U U U U L D D D D L U U U U U L U U U U U U L U U R R L U U U U U R L D U R R R U R R R R D U L L U U U U U U U U U U L R D D D D D D D D D D L D D D D D D D D R R R L L L U U U U U U U U L U U L U L U U L L U L L U D R R D R R D D R D R D R R R R L L L L L R D D L L L D D D D D L D D R D D D D D D R D D D D D R U U U U R D D D D D D L L L U 
66 34 3 200
413 313 199 
R R D D D L L L L U U D D R R R R U U U U U U U U U U U D D D L L R R R R R R R R U U U U D D D D L L L L L L D D D D D L L R R R R D R R D R R R D D D D D D U U U U U U R R R R U U R R D R R R L L L U L L U L L L L L L U L R R R R R R R R U U D D L L L L L L L L L L L L L L L D D D D D R R L L U U U U U R R R R R R R R D R R R R R R D D D L L L L L L L U L L U L L L L L L L L U U U L U U L U D R 
64 3 2 74
456 941 
L L L U R R U U R R U R U U R R R R R R R R R R D R D D D D U U U U L U L L U U L R D D L L D D U U R R L L L L L L L L D D L D L L D D L L D R R R 
19 34 6 192
256 774 96 402 128 763 
L L U L U U U U U U U U L U U L L U D L L L U L L U L D D L L D D R D L L L L L D D D D D R R L L U U U U U R R R R R U L U U R R U U R D R R D R R R R R D D R D D D R R R R R R R R R U U U U U D D D D D L L L L L L L L L D D D D D R L U U U L L U L L D D D D R D D R R L L D D D D D D D L L L U L R D R R R U U U U U L L R R U U U U L U U U U R R D R R D D D R D R R U U R R L L D D 
66 80 2 66
580 300 
U U D D D D D D D D L L L D D D D D D R R R R R R R L L L L L L L D D D D D D U U U U U U U U R R R L L L U U U U R R R U U U U U U 
1 6 2 103
808 524 
U U U U U U R U U U U U U U U U L U U U R R U U U U U U L U L L R R D R D D D D D D L D D R D D R D D D R R W W W W W W W W W W W W W D U L L U U U L U U L U U L D D D R D D D D D D D D D L D D L R D D D D 
47 46 5 200
526 198 729 244 43 
U D R D R R R D R R R R U R U R L L L L L L U L L L L L U L L L L L D D D L R R D R L U L U U U R R R R R D R R R R R D R R R R R D L D L L L L D D D D D D D L D L D L L L D L D U R U R R R U R U R U U U U R R R R U D L L L L U L L L R R R U U U U U U U U R R R R L L L L D D D L L L L L L D D L L L L L L L U U U U U L L D L D D L D D D L D D L L R R U U R U U U R U U R U R R D D D D D R R R R R R 
17 49 5 174
497 113 952 760 847 
U U R R D D U U U U U U R U D L D L L L L L L L L D L U U U L U U U D D D R D L L U L R U U R R L L D D D R R D D D D R R R R R D U L L L L L U U R U R R R R R R R R D D D D R R L L U L L U U U L L L L L L D D D D D R D R D R R D R R L L D D D D L D U R U U U U U L L U L U L U U U U U R R R R R R D D D D D R R R R R D R D D D U U U L U L L L L L 
73 54 8 200
225 351 123 79 693 609 974 653 
U L L L L L L L L L U L L L L L L L L L L L L U L U D R D R R R R R R R D D D L D D D R D D D R R R R D D R D R R R R D D R R L L U U L L L L U L U U U U U U U U D D R R R R R D R D R R D D R L U U L L U L U L L L D D D D D D D R R R R R R R L L D D D D D L R U U U U U U U U U U U U U D D D D R D D D D D D D D D D D D R R R R R R R U R U R U U U R R R U U L L L L L D L D L D D D L R U U U R U R U 
58 1 5 200
661 278 421 809 237 
U U D D R D R R R R L L L L L L L L L L L L L L L L L U U L L L L L L L L L U L U U U U U U U U U L R D D D D D D D D D R D R R R D U R R U U U R R R R U R R U R L D L L D L L L L D D D R R R R U U U U U U U U U U U R U U R R L L D D D D D R D R D D D U U U L U L U U U L D D D D D D D D D D D L L L D D U U R R R R R R R D R L U L L L L L L U U U U U U L L L L L U D R R R R R D D D D D D R R D D R 
98 5 3 200
356 169 347 
L U U U U U U U U U U R U U U D D D L D L R D R L D D D D U U U U U U U L L U U U U R R U D L L D D L R R U R U D L D L D D R R D D D L L L L L U L L U L L L L L U L U U U U U U U U U R R R L D D D D D D U U U U U U L L D D D D D D D D D R D D D R D D D D D D D L L D D D L L D L L L U U U U U U U U U U U R U U R L D D L D D D D D D D D D D D R R R U R R U U U R R U U U U U U U L U U R R R R R D R 
44 66 4 200
458 587 38 288 
D D D D D D D R R D R R D D R D R D D D D U U U U L U L U U U U L U U U U U U U U L L L L L D D D D U U U L L R R U U U U U U U U U U U U L L D D L D L L L D D L R U U R R R U R D D L D D D D L D U R U U U U R U U U U R R D R U U R U R R R L L L D L D D L D D D D D D D D D D R R R R L L L U U L U U U U U U U U U L L L L L D D L D D D D D D L D D D D D D D D D D D R R D D R L U U L L U U U U U U U 
67 25 4 200
106 152 510 312 
R R D R R R L U U U U U D D D D R R R L D D D D D D D R D D D R R D D D D D D D D D D R D R D R D R R R R R L L L L L U U U U U U U U D D D D D D D L U L U L U U U U U U U U L L L L L U L L L L L U U L L D L D U R U R R D D R R R R R D R R R R R U U L L U U U L U U U U U U L R D D D D D D D D D D D L L L L L L U U L U L L L D D D D D D L L L L L L L L L L U U R U U R U U U U U U U U U U D D D D D 
