100
91 16 3 112
811 438 236 
D D U U R L U U U U D D R R U R U R R R R D D D D D D D D D D R L U U U U U U U U U U L L L L U L L L U U U U U L U L U D R D R D D D D D R R R D D U U R R R D D D D D D D L L R R U U U U U U U L L L D D L L L R R D L L D D 
50 62 5 200
127 45 542 206 728 
R R R R R R L D D D L R U U U U R U R R U U R R R R R R R R R D R D D D R R L L U U U L U L L L U U D D R R R D D R D D R D D R D U L U U U D L U U L L L L L L R R R R R U U L L L L L L L L L D D L L D L D L L L L L U U U U R U U U L L L L L L L L L L L L U U L U U U U U U U U U U U U L L L U L L L U L L D D D U U U L L L L L L L D L D L L L L U U L L L U U L U D D D D L D D L D D D D R R U R R R 
87 34 7 200
360 264 502 319 871 840 716 
D D D D D R D U L U L L L R R R R R R R R L L D D U U R R R R R R U R U R U U R U D L D D L D D D D D D U U U U U L L L U U U U U U U U L U R R R R R U D L D D D D D D R R L L U U U U U U L L L L U L U U L L U L U U U U U D D D D D R D R R R R R R R R R L L L L L L L D D D L D D L L L D L R U R R R U U R U U U D D R D R R R R L L L L D L D L L L L U U L L R U U U U R U U R U U R L D D L D D L D D 
20 96 3 200
208 935 44 
R R R R R D D D D D D R R D D D D R D D R L D L R U U R R R R R R R L L L L L L L U L U U U U L L U U L R R R R R R D R D U L U L L L L L U U U U L L U U R R R R R R D R R R D D D R D D U U U D L U U U L L L U L L L L L L D D L L L L D D D D D L D L L L L D L D D D L D D L L L L L R R R R R U U U U U U U U U U U L U L L L L U U L D D L D L L L D D D D U U U U R R R U R U U R D D R R R R D R D D D 
9 7 4 176
450 487 574 159 
R R R R U U U U R L U U U U U U U L L L L L U U U U L U L U U U R R R R U U D D D D D D D R R D R R D D U U L L U L L U U U U U L L L L D D D R D R D D D D R R R R R D D D D D D D D R R R R R R R D R R R U U D D L L L U L L L L L L U U U U U U R R R R R R R R U U U D L L L L L L L L L R R R R R R R R R D D L L L L L L L L D D D D D D L D D D L L L L 
32 17 6 200
498 407 791 222 146 636 
L L L L L L L L D D D D U U U U L L U L R D R R R R R R R R R R D D D D U U L L L L L U L R U R R U R L L L L U U L L R R R R R R U U U U U U L R D D D D D D L L L R R R R R R R U D L L L L L L L L D D R R R D L L D D R R R R R U U U R U U R U W W W W W W W W W W W W W W W W W W W W W W W W W W W W W W W W W W W U R R D U R U U U R R U R L D L L D D D L L L D D L D D L D D D D D D L L D L R U R R 
45 60 6 200
557 18 882 335 859 259 
D D D D D D U L L L L L L L L L L D U R R R R R R R R R R U U R R L L U U U L L L L U U U L U U D D D U U U L U L U U U U L W W W W W W W W W W W W L L L L U L L L L L D L D L D L L D L D L D D L D D D U U U R U U R U R U R R U R U R U R R R R R D R R R R R D D D D R D R D D R D D D R R R R L U U U L L L L U L L U L L L L L L L L L L D D D D D L D D D D L L D D D L L D D D D R R R R R R U U U U D 
22 23 7 183
880 55 701 747 889 424 530 
R R R R R U U L L L L L L L U U L L L U U L L L L L L D D R D U L U U R R R R R R U U U D D D D D R R R D D R D D D R R L L U U U U U U U L U L L L R R R D R D D D R R R U U D D L L L D R R R R R R D D L L L L L W W W U U U R U R U U U U W W L L L L L R D D D D D L U L U U U L L L U U L U U R R L L D D R D D R R R D D D R D R U U U U U R R R R D D D D L D L D D D 
14 7 7 200
91 770 364 367 420 332 473 
D D U R R R R R R R R L L L U U U U U U U L R D D D D D L L L R R R U U R R U R L L U D R D L L D D D D L L L L L L L L L L L U U R R R R L L L L D D R R R R R R R R R R R L L L L L L D D D D L L L L L L L U U U U U U L L U D R R D D D D D D R R R R R R R U U U U L L R R D D D U U U R U D L L L L L L U U R R R R U U L L U L U U U U U U U U D R R R R R R R R R R R R R U U U U R R R R R L L L L L D 
49 37 4 200
590 638 549 609 
L L D U U U U U U U U U L L L L R D D L L L U U U U U U U R R R U R R L L D L L L D D D D D D D R R R U U R R R D D D D D D D D R R R R R R R R R R R R R U R U W W W W W W W W W W W W W W W W W W W W W W W W W W W W W W W W W W W W W W W W W W W W W W W W W W W W W W W W U R R R R R R R R R R R R R R D U L L L L L L U U U U U L L L L L L U U L L R R D D R R R R R R D D D R L D D L L L L L L L L D 
96 15 2 75
830 356 
U U U U U U L L L L R R R R D D R D W W W W W W W W W W W W W W W W W W W W W W W R L D D D D L R D R L D D D D U U U U U U U U U U L U L R D D D D D 
37 75 5 200
401 820 875 909 489 
R R R U U U D D R L D L L L U U U U U L L L L U U R R R U D D R R D D D D D R D R R R R D D D D D D D D D D D D R D R R R R R D R R R R R R R U D L L L L L L L U L L L L L U L U U U U U U U U R D R R D D R D D U U L U U L L U L U U U U L L L L U L U U U U U L L U L L L L L L U L L U L U L L R R D R D R R D R R R R R L L D L L L L L L L L L L L L L L U R R R R R R U R R U D L L D L L L L L L D R R 
91 9 9 184
640 105 802 796 990 209 488 501 944 
D L R D D D D D U U R R R R L L L L D D D D L L R R U U U U R R R L L L L L D L L D L R R R R R R D R R R U R W W W W W W W W W R R R D U L L L U U U U U U U L U L L W W W W W W W W W L L L R R R R R D R D D D D D D D L D L L L U L L L L L U R R U R R U R R R R L L L L L L L L L L L L D U R R R R R R R R U U U R R U D L L L L L L L L L L D D D U U U R R R R R R R R 
52 32 3 200
114 469 89 
L D D L D L D D U L L L L L L R R D D D D D D D U U U U U U U R R R D D D D D D D D D D D L L L L U U L L U U L L L L L L L L D D D D D D D L L L R R R U U U U U U U R R R R U L L W W W W W W W W W W W W W W W W W W W W W W W W W W W W W W W W W W W W W W W W W W W W W W W W W W W W W W W W W W W W W L L L D U R R R R R D R R R R R R U U U U U U U U U L U D R D D D D D D D D D L L D D R R D D R R 
77 34 4 90
311 778 928 669 
U R R R U U U U U U U L L U L U L L L R R R U R U D R R R R U U R U D L D D L L L L L D D D U R D R R D D D D D D D R D D R D D D D D D D D D U U U U U U L R U U U L U U L L L L D 
57 48 6 200
426 214 2 93 453 914 
R D R L U L U U L U L L L U U U L L L L L D L L L D L L L D L L L D D L L D D L L D D D D D D D D D R D D D D D D D D D D D D D D D R R R R D R R R R D D R R U U R U U U L U D R D D D L D D L D D U U L U U L U U U U U U D L L R R D D D D D L L L U L L L L U U U U U U R R L L U U U U U U U U U L U U U U U U U U U R R U U R R U U R R R U U U L U U D D R D D R R R D D D D D U U U U U U R R R U R R R 
18 96 5 105
736 939 283 393 463 
D D D R D D R D D D D U R R L L U L L L L L L D L R U R R R R R R U R R L R R R W W W W W W W W W R R R L L L L L L D D D D D D D D R R D U L L U U U U U U U U R R R R R R U R L D L L L L L L L U L U U L U U U 
69 88 5 200
518 422 606 773 397 
U U U U U L L L L L L U L U D D D D D L R R L U U U U R D R R R R R R R R R R R R U U U U U U L L R R D D D D D D L L L L L D D D R R U U U R R R R R R R D U L L D U L L L L D D U U R R R R R R U U R L D D L L L L L L L D D D L L U U U L D D D D D R R D R R R R R R R D R D D D D R D D D D D D D D D D D D D D D R D R R W W W W W W W W W W W W W W W W W W W W W W W W W W W R R R R U U R R L L D D L 
43 9 3 134
744 742 726 
D D U U R R R R R R D D R R D D R R R D R R R R R R U R U U U U U U R U D D R R R R R R R R L L L L L L L L R R R R R D D D R D D D D D D U U U U U U L U U U L L U U R U R R U R U D L D L L D L D D L L L U L D D D D D D L D L L L L L L U L L L U U L L U U L L L L L L 
90 87 5 200
575 560 26 886 211 
U U R R R R U U U D D R R R R L D D D D U U U U L U U D D L L D L L L D D R R R L L L U U L L L L L L L U U D D R D D D D D D D D D R D D D D R D D D R R R D R R R L L L U L L L U U U L U U U U L U U U U U U U U U R R R R R D D D R D D D D D D R R D D R R D D R R D U L L U U L L U U L L U U U U U U L U L L U L L D D D D D D D D D D D R D D D R D R R D R R D D D R L U U U L L U L L U L U U U L U U 
95 63 4 199
719 337 302 468 
D D R R D R L D L L D D D D D D D D D D R D D D D D D D D D U U U U U U U U U U U U U U U D D D D D D L L L D U R R U U R L U U U U U U U U R U D R U U L L U U D D D U U U R R U W W W W W W W W W W W W W W W U U W W W W W W W W W W W W W W W W W W W W W W W W W W W W W W W W W W W W W W R U U U D D D L D D D L L W W W W L U U U U W W W W W W W W W W W W W W R U U L L L D U R R R D D L D D D D R 
10 31 8 199
257 514 774 465 96 217 9 390 
L L L L U U L R R R R R R U U D L L L L U U L R U U U U U U U U U U U U U U R U D R R R R R R D D R D D D U L L L R U U L L L L R R R R D D R R U U L U U L L L L L L L D D D D D D D D D D D D D D L U U U L U L L L L R R R R D R D D D R D D R R R R D D D D D D D D L D D D D D L D D L R U U R U U U U U R U U R L L L L L L L U W W W W W L L D U R R D R R R R R R U U U U U L L L L L D D D U R R R R 
67 90 6 200
404 580 647 387 755 147 
D D D D R D D D L L D D L D D D D D L D D D L R D R R R D R D R D D U U L U U U U U U D D D D D D R R R R D D D D D W W W W W W W W W W W W W W W W W W W W W W W W W W W W W W W W W W W W D R R R U R R U R R R U U R L D D L L L D L L D L L L U U U U U U L L L L U L U L L L U U U U L L L L L U U D D R R R R R R U U D R R D R D D R R R L L L L L L L L L L L L L L D D R D R D R L U L U L U U R R R R 
81 9 6 147
686 467 62 205 642 513 
R D D U L L L D D D D D D D R R R U U R U U U U U U U R R U L L U U D D R R D R R R R R R R R R R R D D R D D D D D D D D U U U U U U U U L U U L L L L L L L L U D L L L L L D D D D D L R D D R D R W W W W W W W W W W W W W W W W W W W W W W W R R L L L U L L D D L L L U U U U U U U R R R U L 
57 93 5 184
104 137 282 372 19 
L L L L U L L L L L D D D D U U U R R R R D R R R R R D R R R U R U U U U U U R R R U D L L L D D D D D D L D L L D U L U L L L L L U L L L L U R R R R R R R R U U R U R U R R R R R R R D R R R R R D R R R R R R R R R L L L L L L L L L L L L L L L L D D D U U U R R R R R R R R D R D R R D R D U L U L L U L U L U L L L L L U L L L L L L L D L D L D D L L L D R R R R 
59 41 6 138
874 474 983 785 803 746 
L U U U U D R R R R L L L L U U U U U U U L U L U L U U L L L L L L L L L D L L L L L L U U U L L L U U U U U U U L L D D L L R R U U R U U U U U U D D D D D D R D R R L L D D D D D D R R R D D D R R R U U U D D D R R R U R R R R R R R R R D D R D R D R D D D D D D D D D D R 
24 99 3 200
866 307 23 
R R R R R R R R R R R D D R D L L L L L L L L R R R R R R R R R R R R R D D D D D D D D D R R R R R R R R R R R U U R R R D R R R R R R R R R R D D D D D L D D D D D L L L L L U U L L R R D D R R R R R U U U U U L U U L R D D R R U U U U U L L L L L L L L L L U U D D R R R R R U R R R U R R U R R R D D D D R D D D D D D L D D L D U R U U R U U U U U U L U U U U L L L D L L D L L L D L L L L L U L 
8 35 6 178
543 899 399 49 854 144 
U U U U U U D R R D D R D R D D D D D D L D L L L L L L U U U U U U D D D D D D R R R R R R U R U R R D R D L L D D D D D D D L D L L R R U R U U U U U U U R R U L U L L U U U U U L U L U U L U U U U U U U U D D D D D D D D R D R D D D D R D D D R U U U U U R R R U R U D L D D D U U L L L D D D D D L U U L L L L L R R R R R U L U U U U L U L L D D D D D 
86 47 14 200
379 252 668 589 33 46 654 624 577 842 663 919 136 461 
U L U U R U U R R R U R R U U U U U R U D L D D D D D D D D D D D D R R D D D D D L D U R U R R R R R R D U L L U U U U U U U U U L U D R D D D D D D D D D L L L L U U U U L L U D D L D D L R U U U U U U U U D L L D D D D D L L L L L D U R R R R U U U U D D D D R U U U U U R R D D D D D R U U R W W W W W W W W W W W W W W W W W W W W R L L U U L L L L L R R R R R U U U U U U U U U L R D D D D D L 
84 56 8 200
293 907 643 613 115 903 119 862 
D D D D R L D D D D D D D D D D D D D D D D R D D D R D U U U R R R R D U L L U U U U U R R U U U U R L L U L L D D D D D L D D U U R U U U U U R R D R D D D D L L D D D D D L L D D L U U U L U U U U U U U U U U U U U U U U U U U U R R R R R R R U R D D D D R R D D R D R L U L U U L L U U U U L D L L L L L L L R D R R D R R R R R R D R D D R L U U L U L L L U U L U U U D D D R D D L L L U L L U L 
5 14 7 196
0 524 808 163 996 402 279 
R U R R R R L L L L U L L L L D D D D L D D L R U U R U U U U U U U U U U U U L R U U R L U U U U U L L R R D D D D L R R R U U U U U U L U U L U U U L L U U U R R U U R R D R R L L U L L D D L L D D D R R D R L L L U U U U U R R L L D D D D D D D D D D D D U U U U U U U R R U U R R U R L D L L D D D D R D D D L L D U R R U R D D D D D D D D D U U U L L D D D D D D D D D D D R R R R D D L 
83 95 6 200
626 85 873 125 238 177 
R R R R D D R D U L R R L L D L L L L L L R U U U U U R D R R R R R D D D D R R R R R R R U R R D D D D L L D L L L R R D D D D D D D R D R D R R D D D D D D D D L D D D D L L D D D L D L D U R U R U R R R L L L D L D D D D D R D D U R R R U U U U U U U U U R U U U U U U D D D D D D L D D D D D D D D D L L L U L U U U U U R U U U U U U U U U U D D D D D D D R R U U U U R U U U U U U U U L L U L U 
50 28 4 186
226 37 246 658 
D D D R D D D L D D L D D D D D D D L L D D L L D U U U L U L L L U U U U U U D D D D D D R R R R L D R D D R R U U R R U U U U U U U R U R R R R R L L L L L D D D D D L L L L L L L D D R R R R R R R R R R D D D U U U U U U U U U U U U U U U U R L D D D D D D D D D D D D D L L L L L L L L L L U U R R R R R R R U U U U U U R U U U L U L R U R R R R R U R L D L L L L L U 
54 83 7 200
268 897 371 441 189 614 66 
L D L U U R R R R R R R D R D D D D D D L L D U R R U U R R R L L L U U U U L U U R R U D L L D L R D R D D D D W W W W W W W W W W W W W W W W W W W W W W W W W W W W W W W W W W W W W W W L D D U U R U U U U L U L L L L L L L L L U L U L L L L L L L L D L U U U U U U U U U L D U R D D D D D D D D D R U R R R R R R R R D R D R R D D R U R U U U R R R R R R R R R U R U U U L L L L L L L L L L R R 
10 85 10 192
434 227 567 964 52 772 891 457 493 376 
L L L L D L R D D D D D D L D R D D L L L D D D L D L L R D R R D U R R R R R L L L U D L L L L D D D L D D D U U U R U U U U R R R D D D D D D D D D D D W W R R R R R R U U R R L L L U U L L L L U U U U U R U R R R R U U R R R R R R R L L L L L L L D D L L L L D L D D D D D R R R R D D R R L D D L L L L L L U U U U U U U U U U U L L U R U U U R R R U U L U R U U U U U U U R R R R 
58 55 6 184
79 693 540 400 708 153 
R U D L D D D R R R D D D D D D D R R D D D D D R U U R U U R R R U U U U U U U U U U L U D R D D D D D D D D D D L L L D D L D D L L L L L L L L D L L L L L U U L U U U U L L U U U U U R L D D L L L L L L L L R R R R R R R R D D D R R D D D D R D D R R R R R U R R R R R R R U U U U U L L U U U U U U U L L L U U U U L L L L L L L L L L L L R R R R R R R R R R R R D 
52 53 6 200
656 898 729 526 758 625 
L D D D D D D U L L L L L L L L L D D D L L R R D R L U U U U R R R R R D U R R R R U U U U U R D L D L D D L D D W W W W W W W W W W W W W W W W W W W W W W W W W W W W W W W W W W W W W W W W W W W W W W W W W W W W W W W W W L D D D R D D D D R R D R R R R R R R R U R U U U U U U U U W W W W R U D D D D U U U L D L L R R D D D R R L L D D D D L D L L L L L L L L U L L L L R R U U U U R U R U R 
23 54 7 200
82 443 986 563 688 196 711 
U U L U U L R U U U U R U U R U R R L L L L L L L L L R R R R R R R R R R R U U R L L R U U R U R R U D D D D D D L D D D L D L L L L L D U R R R R R U R U U U R U U U U U L L D L D D D D L L L L D L D D L R R U U U R U R R U R R U U R R R D R D R L U L U L L L D D L L D L L D L D D D L L D D D D D D R D D W W W W W L D D D D D D D D D D D D D D D D D D R R R R R U U U R U U U D D D L L L U L L R 
57 13 6 200
170 992 832 108 630 154 
R R R R R R U U U R U L L L U D D L D D L L L L D D D D D D D L D D U U R U U U U U U U U D D D R R R R R R R R L L L L L D D D D D U U U U U L L L U U U U U L L U R R R R R R R L L L L L L L D R R D D D R R R R U U R U R R R R R D R R R R R U U D D L L L L D D D D D D L R U U U U U U R R R R R L L L L L L U L L D L D D D L L L L L L R R R R R U R U R U R R R D U L L L L L U L U U U U R R L L D D 
3 93 5 194
592 350 171 320 362 
L R U U R U U D D L D D D D D D D D D R R R R R U R U U L L L U L U U L U U L L U U L U D D D D D D D D D D D D L D D R D R D R L D D D D D D U U U U U U U L U L U U R U U U U U U U U U U U R D D R R D D R D D D U R U U U U U R U R R R U U R R R R R R R R U R R L L D L L L L L L L L D D L L L D L D D D D D D L D L D U R U R R U U U U U U D D D D D D R R D D L D L L L L L U U U U U U U 
18 66 4 200
3 165 706 333 
U U U U U U U U U R U U U D D D R L U D L D D D D L L L L L L L D D L D L L D D L D L D L D D D D D L U U U L U L U U L L D D D U U U R R D D R D R D D D R U U U U U R U R R R R R R R R R R R W W W W W W R D D D D D L L L L L L D L L R R D D D U U U U R R R R R R U U U U U L L L L L L L L L L L U R U U R R U R U U R R R R L L L L U L U U L U U U U D D D D R D D R D R R D D D D D D D D D D U U U U 
32 77 5 188
731 429 781 961 953 
R U U R R U R L D R R R R L L L L D D D L D D D U U U L L L L L L U L L U L L R R R R U R L L L L L L L U L L L L U L L L L L L L L U L U L U R R R R R U U U U U U U U D D D R R R R R R R R R U U U L R D D D L L L L L D D D D D L D U R U U U U U L L L L D D D D D L L L L L D R D R D R R R D D U U R R R R R D R R R R D R R R R R R D L L D R R D R R R R R R R U U U L L D D L 
36 63 5 188
670 428 281 848 497 
U R L D L L R R D D D L L L L L L L D L D L L D L D D L D D L L L L L U L R U R U D L D D R R R D D D D D D U U U U U U U L U L U L U D R D R D R D R R U U R U U U D D D D D L L D D L D D L D L L L L L L L L L L U U U U U R R R D R R D R L U L L U L L L D D D D D R R R R R R R R U D R R U R U U U U U U L L U D R R D D D D R U U R R U U U U R U R R U R U R R R R R R R U U U 
33 9 3 200
403 278 162 
R R D R D R R L D D D D R R D R R R R L L L L U L L U L R U U U L U L U U U U U U U U U U R U U W W W W W W W W W W W W W W W W W W W W W W W W W W W W W W W W W W W W W W W W W W W W W W W W W W W W W W W W W W W W W W W W W W W W W W W W W W W W W W W W W W W W W W W W W W W W W W W W W W W R R D R D D R D D D D D R D D R R R R R R R R R R D R R R R D D R U U U R R R R U U R R R R U R U U D D L 
4 10 5 200
745 70 349 627 511 
U U U U U L D D D D D D D D D D D L L L D R R R R D R R L L U L L L L U R R U U U U U U U U U U L U U U U U U U U L U U U U U U U U U U R R R D D D D U U U U L L L D D R L D D D D D D D D R D D D D D D D D L D U R R D D D D D D D D D D D U U U U U U U U U U U L U U U U U L U U U U U U U U U U U U U U U U U R R U U U U U U U U U U U U L R D D D D D D D D D D D D R D D D D U U U U L L L U U U U U D 
13 0 4 200
674 765 505 696 
R U R R R R R R R R R R R R R R L L U U U L L U U U D D D L L L L L L L L L L L L L L L U L U U U R L D D D R D R R R R R R R R R R R R R R R R R D D R L D L L L L L L L L L D U R U U U R U R L D L D D D L L L L L L L L L L W W W W W W W W W W W U D R R R R R R D U R U U U U U U U U U R U U U U U L W W W W W W W W W W W U L L L D D L D D L R U U R U U R R R D R D D D D D L D D D D D D D D D L D L 
13 57 6 120
479 303 952 41 905 113 
D D D L L L L L L L U L U U L R R R U R U R U R U R U U U R R L D D D D D D D D D U U U U U U U U R D D R L U U L U L D D D L D L D D D D D R L U L L R R U U R L D D U U U L D L D L L D D R D R R R R D U U U U U L U D R D D D D R R R U U U 
7 52 6 200
5 570 30 150 475 579 
R R R R L L L L D L D D L L U U U L R U U U U D L L L L R R R D D U U R D R L U L U U U U L U U U L U U D D D D D D D D D D D D D D D D D D D U U U U U U U U R R L D D D D D R R R R D D U U L L L L U U U U U L U U U U U U U U U R D D D R R R D D D D D D D R U U D R R D D D D D R R R D U L L L L L L L L U U L U U U U U U U U U U U U U U U U U U L U U U U U U U U U U U R U U U R R L L D D D L D D D 
60 29 7 200
868 798 427 631 927 274 16 
R R D R D D L R U U R L D D D D D D L L U L U L U U L L R R D D D D D D D D D L L L D U R R R U U U U R R R R R U U U R U U R L D D L D D D L L L L L U U U R D R D R R U U R R U R L U D D L L U U U U L U L L L D L D D D R D D D R D R R R R U U U R U U R R R R R D R D R D D R L U U L U L U L L L U U U U U D D D D D R R R R D D D R R R D D U U L L L U U U L L L L L L D D L D D D L L L L U L U U U L 
49 46 3 70
198 544 950 
R R D R D R R R U U R R L D D D D D D D D U U U L L D D R R R R R D D R R L L U U L L L L L U L L R R U R R U U U U U L D D L L L U L U L L 
56 31 9 200
594 850 618 845 865 989 794 322 73 
U D D D D R R R D D D D R R D D D U U U L L U U U U L L D D D D D U U U L R D D D D D D D D R W R L D D D U U U L U L L L L D D D L R U U U R R R R U U R L U U U U U U U L U U U R R R D R U U U U U L L L L L L U L L L L L L U L U U R U D L D D R D R R R R R R D R D D D D D R R R L L L U U U U U L L L L L L L L L L U L R D R R U U L U U U U L U U U L R D D D R D D R R R D U L L L D D D D D D D D D 
22 10 7 142
924 720 386 664 164 190 532 
D D D R D D L L L L D U R U U U U U U U U U U L L R R D D D D D D D D D D L L L L L L R R R R R R R U U U U U U R U R R U R U D R R D R R L L U L L L D L L D L D D D D D D R R U U L U U U U L U L U L L L U U L U L U U L U L R D R D D R D R R R R R R D U L L L L L D D R R R D R D R D 
94 97 5 148
480 833 197 739 817 
R D R R D D R R L L U U L L U L U U L L L L L D D D D D R R R R R R R R R D U L L L L L L L L L U U R R R R R R R R R R D D D D D D D D L D L L L D U R R R U U U U U U U U L L L R R R D D D D D D D R D D D D D D D D D D U U U U U U U U U U U U U U U U U U L L L L L L L L L L U U U R R R R R D D 
71 85 5 144
65 299 369 573 134 
D D D D L R D D D D D R D D D D U R D D D D D D D D R U U R U U R U U U U U U U R R R R R R R D D U U L L L L L L L U U L L D U R R U U U U U U U R U U D D D D D R D D D D D U U U U U L U U U L L R D D D D D D D D D D D D D D D D L D D L D D L U U U U U U U U L U U U L U U U U U U U U U 
24 97 6 152
675 705 59 32 752 126 
R R R D D R R R R D D D R D D D L L L D D L R R R R R R R R D D D L L L L D L L L L L L L L U U U U U L U D R R R R L D D U U R R U U R U U L L L L D U R R R R D D L D D L L L L D D D D D R R R R R R R R U R R R R U U U L L L U U U U U U L R D D D D D D L L L L U U R R R U U U L U U U L L L L U U L L L 
12 96 3 116
559 138 260 
D D D D D D D D D D L U U U U U L U U U U L U D L L L L L L L D D D L R U U U R R R U U U U D D L L L L L D D D D D D D D U U U U U U U U R R R R R D D R R R D D D D D U U U U U R R D D D D R D D D D D R U U U U U U U U R R L L U U 
79 80 6 134
815 960 812 58 659 957 
R D D D D R L U U U U L U U U U U U U U U U U U U U L L L L L L L U D R R R R R R R D D D D R R R L L L D D L L L U U U L U L L L R R R D R D D D R R R D R R L U U U U U U R U U U U L L L R R R D D D D L D D D D D D L D L L L L L D D L L R R U U R R R R R D D D D D D 
7 83 4 200
478 777 858 451 
D R D D D D D D L R D R D R D R R D L L L L L D L D L R U R U R R R R R U R U U R R R R D D R D R D D D D D R R R L L L U U U U U L U L U U L L L L D D R R R R R D R D D D D R U U R L D D L U U U U L U L L L L L L L L U L U L U U U U U U U L U D R D D L D D D D D D D D D D L D D D L D D R D R R R R R R D D D D D D D D D D D D D D L D D D L L L L L L L L L U U L U U U U U U U U U U U U U U D D D D 
81 46 9 200
385 710 795 296 680 665 97 768 15 
D R L U U U U U R L U U U U L U U L R R R R U U U U R U R R D R L U L L D L D D D D D D D D D U U U U U L U U D D L U U U U U R R R U U R L L R U U U L L L U D R R R R R R U R R U U W W W W W W W W W W W W W W W W W W W W W W W W W W W W W W W W W W W W W W W W W W W W W W W W W W W W W W W W W W W W W W W W W W W W R U U L L L L L L L R R R R R R R D D L D D L L D L L L D D D D D L L L D D D D D 
37 46 4 152
550 78 932 218 
D D D D R R R R D D D D R R R R D D R R R R R R R R D R R R R R R R D D R R R R D D R R R R R R R D D D D R R R R R D R L U L L L L L U U U U L L L L L L L U U L L L L U D D D D R R L L U U U U U L L L L L L L U L L L L L L L L U U U U U U U U U U U L R D D D D D D D D D L L L L U U U U L L L L U U U U 
94 68 6 200
925 835 51 982 666 99 
R R U U U U U U U U R U U U L R U U U L L U U L R R R U D L D U L D D D D D D L R U U U U R R U U U R L L L L L U D R R R R D D D D D D D D D D D D D D D D U U U U U U U L D D L L L L L L U U R R R L L L D D R R R R R R D D D D D D L L L D D D D D D D D D D D D R D D R D D R D R D D L L L L D D D D L D L D D L L L R R R U U R U R U U U U R R R R U U U D D D D D D D D L L L L L L L L D D D D D U U 
72 28 8 179
562 917 117 454 327 517 139 620 
R U R R R R R R R R R R R R D D L L L L D U R R R R U U L L L L L L L D D D D D D L L L D L R U R R R U U U U U U L L L L U U U U U U U U U U L R D D D D D D D D D R R R R L L L L L L L U L L L L L L R R R U U U D D D L L L D D L D D D L L L L L U D R R R R R U U U R U U R R R R R R D R R R W R R R R R R R U U U U U U L R D D D D D D L L L L L L L D L D L 
35 35 2 200
698 128 
U U L U L L L U L U L U L L R R D R D R D R R D D D D D D D U U U U U U U L L U L L L U L U U U L U L U D R D R D D D R D R R R D R R R D R D D D D D D D D D D D D W W W W W W W W W W W W W W W W W W W W W W W W W W W W W W W W W W W W W W W W W W W W W W W W W W W W W W W W W W W W W W W W W W W W W W W W W L L U L U U L U U U L U L L L L L L L L L L U L L U U L D D L L R R U U R D D R R D R R R 
66 34 4 200
129 653 878 703 
R D U L L L L U L U U U U R R R R R R R R U D L U U U U U U U U R U U U U U D D D D R D D D D D R R D R D D R D D D D D D D D D D D U U U U U U U U U U U L U U L U L L U U U U U L D L D D D D L L L L R R R R D D D D L L L D R R R R R R D R D D D R D R D D D D D D L L L L L U D R R R R R U U U U U U L U L L L L L L U L L R R D R R R R R U U U L U L L L L L L U L L L L D D D L L L L R R R R D R D R 
79 14 7 200
185 265 849 591 250 169 885 
R R R R R D U U R R R R R R R R R D U L L L R R R R U R L D L L L L L L L D D U U L U U U R R R R U U U U U L L U U U U U U R R R R D D D R R D R L U L L U U U L L L L L L U U U L W W U D R D D D R R D D D D D D R R D D R R R R D D D R U U R R U D L L D D L U U R R R L L L U L L L U U R U L L L L U L R U R L D D L D L D D D R R D R L U L L U U U R U R R R R R D L D D L D D D L L L L D D D L L D L 
17 58 5 200
847 926 444 760 976 
D D D D D R D R R R D D L L L D D L D D D D D D D L L L R R R U U U U R R R R R R L L U U U U L R D D D D L D D D D D U U U U U L L L U U U R U U R R L L L L L U L L U L D W W W W W W W W W W W W W W W W W W W W W W W W W W W W W W W W W W W W W W W W W W W L L R R U R D R R D R R R R R R D D R L D D D L L D D D R D U L U U U U U U U U L D D L D D D D L R U U U U R U U R D D D D D R R U U U U U U 
56 57 4 126
678 587 123 68 
R U L L L L L L L U U L L L L U L L D D D L L R R U U U R R D R U L L L L L U U U U U L U L U U U U L U L L L U L U D R D R R R D R D D D D R D R D D D D D R R R R R D R R R D D R L L L L L L L L L D D D D D U U U U U R R R R R R R R R R R R R R R D L 
82 64 7 200
184 597 225 807 584 152 60 
L D D L D D L D D D L L L L L D L D R L U R U R R R R D D D D D D D D L D D D L D D D D D D D D D D R L D D D R R R D D D D D D R D D L D U R U D D D D L L L D L L L L U L U U U U L L U U U U L L L R R R D D D D R R D D U U U L U U D D R D D R R L L D D D R D R R R R U R R R U U U U U L U U U U U U U U U U U U L U L U D R D R D D D D D D L L L U U U U L L L L L L R R R R R R U U U U U U U U U R U 
54 72 5 129
806 936 946 72 612 
R R U U R U U U U R L U L U L L U L L L U U U U L R R R U R U U R U U R R R R R R L L L L L L D D L D D R R U R R L L D L L L D L L D D D D R R R D R R D R D D D D D L D D L L R R U U U R R U U U U U R U W R U U L U L R D R D D L D L D D D D D L L D D D L L 
54 67 5 200
788 981 176 25 617 
R L D L D D U U U U U U U U U U U U U U U U L L L L L D D L L D D L L D U R R U U R R U U R R R D D D D D D D D D L R U U U U U U U U U R R D D D D D D D D D U U U U U U D D D D D D D D D R R R R R R R D R R R R D R D D R R R D R D D D R D D D R R D D R R D D D D D D D D D D L D D L L U U U L U U U U U U L L U D R R D D D D D D R D D D R R U U U U U U U U U U D D D D D D D D R D U U U U U U U U U 
60 95 2 82
883 863 
U R R R R R R R L L L L L L L D D D L L D U R U U U R W W W W W W W W W W W W W W W W W W W W W W R R R R R R D D U U L L L L L L L D D D D D D D L R U U U U R U U 
40 82 4 176
496 417 200 247 
D D R D R D D D D D D D D L L L L R R R R U U U R L U U U U U L U L L R R R R D R R U R L D L L L D D L D U R U U R U L L L U U R D D D R D D R R D R R D D D R R D D W W W W W W W W W W W W W W W W W W W W W W W W W W W W W W W W R R R R D R U U U U U R U U U U U U D D D D D R R R L L L D L D D D D D L U L L L L U U L L U U U L L U L L U U L U U U L 
17 49 2 194
384 965 
L D D D D D D D L L L D D R R R D R R R R D D D R R R U U R U U D D R R R R R R D D D U U U L L L L L L U U L U D L D U R R D D L D D L L L U U U L L L L U L L L U U R R R U U U U U U U R L L L L W W W W W W W W W W W W W W W W W W W W W W W W W W W W W W W W W W W W D D D D D L R U U U U U U D D D D D L L L D D L L D L D D D L L D L L R R U R R U U U R U R R U U R R R U U U U R R R R 
69 23 7 200
106 130 823 603 671 568 179 
U D D D D R D D D D D D L L R R U U U L L L D D D D D U U U U U U L L L L L U L U D R R R R R U U L R U U R U R R R D D D R R D R R R R R R R R R U U U U U R U U U U U U U U U U U U U U U U L U U R U U U U U R U U U U U U U U U R U R R R R R R U U U U U U U U U U U U U L L U D L L L L L D D D U U U R R R R R R R D D D D D D D L L R R U U U D D D D D D D D D L L L L D D U U L L D L D D D D D D D D 
12 3 3 200
195 593 531 
L L L L L L L L L L L D U L U U U D D D R R R R R R R R U L U U U U U U U U R U U U U U L U U U L U U L U U U U U R R R U L L U L U U U U U L U U U U U L U U U U U D D D D D L L R R R D D D D D R D D D D D R D R R D L L L U U U U U U U U R R D R R U D L L U L L D D D D D D D D D D D D D R R R R R U U U R R U U R U U U U R L D D D D L D D L L D D D L L L L D D R D D D R D D D D D L D D D D D D D D 
92 22 7 200
415 193 445 77 29 595 585 
R U U U U L U L U R R R R R R R L L L L D U L L L D R D R D D D R R R R R R D D D D D D D D D D D L D D D D D D U U U U U U L L L L U L U L R D R D R R D R D D D D D D D D D L D L L L L L L L L L U L U U U U U U R U R R R L L L D L D D D D D D R D R R R R R R R R R U R U U U U U U U U U L U L L U L L U U L L U U D D L L L D D L L L D L L L L L D L D L D D D L L L D U R R R U U U R U R U R R R R R 
60 62 4 198
748 291 974 80 
D R R R D D L D L L L U U U U U U U D D R R R R R R D R D R R D D R D D D R R D D R D D D D R D D R R L L U U L U U U U U U U R U U D D L D D D D D D D R D D D D D D L R U U U U U U U U U R R R U U D D L L L D D D L U U L L L L L L L L L U D R R R R R R R R D D D D D R D D D U U U U D L U U U U U R U U L U U L L U U U L U U L L U L U L L L L L L D D D D D R R R R D R R L L U L U R U U L L L U 
66 1 7 200
318 86 637 529 958 172 510 
D R R R R R R L U U U U D D D D L L L L L U U U L U L R D R D D D R R R U U U U D R R R R R R R R R U U U U U U R U R U R R R R U U R R R R D R R R D R D D R D D D D L R U U U U L U U L U L U U D D L D D D D D D U U U U R R R R D R D D U U L U L L L L U U L U L L L L D D L L L L U U L L U U R R R R R U R L D L L L L L D D R R D D D D D D D R R D R D D D R L U U U L U L L U U U U L D L D D D D D D 
24 72 4 200
650 446 704 298 
R R R R R R R R D D R L D D L D D L D D D U U U R U U R U U U R D D D D D D D D D D R R L L U U L L U D R R U U U U U U U U L U L L L L L L L L U U U U L U L L U D L L L L L L U L L L D D L L R R U U R R R D R R R R R R R R D R D D D D R R R R R R R R D D R D R D R R D R R R R R D R R D R R D D D D R D D D D L D D R R R R R R R R R D R R R R R R R R R R R D D D D R D R R R R D D D D D D R R R U U 
91 75 4 116
599 558 380 783 
R R R U U R R L L L L L U L U U U U U U U U L U L L L U U U U D D D D L D D D D D L L L D U R R R U U U U U R R R R D R D R R L L L U L L U D R R D R D D D D D D D R D R R R D D L L L R R R U U L L L U L U D R D R R R D D D U L L L 
35 7 3 106
107 490 354 
D D D D D D L D L L L L U L L R R R R R L L L D R R R R U L L L L L U U L L U U L U U U L L L R R R D D D R D D R D D U U U U L L L L W W W W D L L L L U U D D R R R R U R R R R D D R D D R R R R R R U U U U U U 
62 1 4 200
456 661 410 314 
U U U L R U R U R R U R U U D D L D L L D L D D L L L L R R R R D D D R L L L L L L L L L L L L L L L L L L L L L L L L L L U U U U L U U U U L L L L U U U U U U L L L L L L U L U L L U U U U U L U L U U R R R R L L L L L U U U U U R R R U U D D L L L D D D D D R D D R D D D U U R U U U U R U D R R D R R L L U L L L D D D D D D D D D R R D R D R R R R R R D D D D D D R R R R D D D D R D D D D R R 
61 99 4 126
894 304 876 799 
L L L L L L L L L L L L L L D D D D D L D D D D D R R R R R R U D R R L L L L L L L L U U U U U R U U U U U L L R R R R R R R R R R D D L L L D L L D D L R D R D R R R R R R R R R R R R U D L L L L L L L L L L L L U L U U U R R U R R R U U R R R R R R 
42 99 4 200
956 822 651 690 
D L R R R R D D D R L U L L D D D D D D D D D D D D D D D L L R R U U U U U U U R R U U U U U R U R U U R U D L D D L D L D D D D D L L U U U U U U U U R R U U L L L U R R D D R D D D R R R D D R D R R R R R U L L U U L U L U R R U R R R R U R L D L L L L D L L D R D R D D R R R R R R R R R R R U U R R R R R R R R R R U R U U U U D D L L L L L L L L L L L U L L L U D R R R D R R R R R R R R R R R 
37 11 4 200
405 962 852 646 
R R R D D D R R D D D R D D D U L L U U L L U U U U L U L R R L L L U U U U R U U U U U D D D D D L D D D D R R D R D D D D R R D D R R U U L U U U L L U U U L L L R R D D R D R R R R R R D D D R R R R D R R R D R R R R R R R R U R U R R R U U R U R R U U R R R U U R R U U R R U U U U R U R R R R R R R U U U U U U U R R R U R R U R R R R R L L L L L U L L U U U U U U R R R R R U R R L L D L L L L 
16 53 10 200
930 440 861 942 860 267 676 749 270 689 
L L L L R R R U U U U U U D R L U U U U R R R R R U U D D L U R U R U U U D D D D D D D U U U U L D L D L L L L D D D D D D D L R U U U U U U U U U R R R U R U U R R U U R R R U R L D L L L D D L L D D L D L L L D D D D D D L R D D D D D R L U U U U L U U U U U U U R R R R U L U U U U U L R D D D D D R R U U U U U U U U U R R R U U R U D L D D L L L L L L L L L L L L L L R R U U U U U U U U R U R 
25 48 3 193
754 151 954 
U U R R U R R D D R D U R R U R R R R R R R L L L L L L U U U U U U U U R L D D D D D D D D L D L L L U U L L D L L D D R R R R R R R R U D D R D D D D D D D D D D R W W W W W W W W W W W W W W W W W W W W W W W W W W W W W W W W W W W W W W W W W W W W W W W W W W W W W W W W W W W W W W W R R U R R R U U U R U U U D D D L D D D L L L D L L L U U U U U U U U U U L U L L L L L L L L 
89 22 5 164
355 780 347 941 485 
L L L L R R D D D L U U U U U U L L D D D D D D D L L D D L D L L L L L D D L L D D L L L D L L D L R R R R D D R R R R R D D D U U U L L L L L U U L L L U R R U R R L D D D D U U R R L L U U R R U U R R U U R R R R R U R U U R R U U U U U U U R R D R R R R R R R R R R R R L L L L L L L L L L L L D D D D D R U U R R L L U R R 
62 97 4 89
536 516 228 1 
R R R R R R R R R R R U R R R R L L U L L L L L R R R R R D L D D D W W W D U U U U L D L L L L L L L L U U D D L W W W W D L L L L L L L D D U U U L U D R D R R R R R R R U L L 
81 75 2 130
224 148 
D D D D D L L D D D D D D D L L L L L L L U U U U L L U U U D D D R R D D D D R R R R R R R U U R R R R R D D R D U L U U L L L L L U U L L L D D L D L L L L L L U U L U U D D R D D R R R R R R U R U U R U U U U U U U U D D D D D D D D R R U U U R R U U U U U 
40 84 6 186
481 321 47 414 216 330 
L U U U U U U U L U U U U D D D L L R R U R U R U D D D D D D D D D D R R D D D R R D D U U L L U L L L L U U U L U U D D R D D D R R R R D R R D D R D R D R R D D D U U U L L U L U R R U U U L L U L U U L L R R D D R D R R D D D L L L U U L L U U U L L U U U U U U U U U L D L D D R D D D D D D D U U L L L U L L L U U U U U U U L L R R D D D D D D D R R R D R R R D D R 
59 72 6 191
775 733 491 818 761 561 
U U U U R R D R L D D D D D D U U L L L R R R U U U R D D D R R R D D D R D R R D R D D U U L U L L U L L R U U U L L L U U U L U U L L D D D D U W W W W W W W W W W W W W W W W W W W W W W W W W W W W W W W W W W W W W W W R R R R D D R R R D R D D R D D D R D R D R R D R R D R R R R D D U U L L L L L D D D D D U U U U U R U L L U L L U L U L U U U L U U L U L L L U U L L L L D 
18 92 7 174
341 528 576 853 715 884 797 
L U U U U U U U L L L L L L L L L D D L L D U R R U U R R R R R R R R R R R R R R L L L L L D D D D D L R U U U R R D D D R R R D U R R W W W R R R L L L D D D W W W W W W W W W W W W W D R R U D L L U U U U L L L L L U U U L L D D D D D L L R R U U U U U R R R R R U R R R L L D D R R D R D R R R D U L L L U L U L L U U L D L L L L L D D D D D R 
38 54 3 200
837 492 800 
D U R R R R R R R R U U U U U D D D D D L L L L L L L U U L W W W W W W W W W W W W W W W W L L U U U L L L L L L D D D D L D D L L D L L L D D D D D D D D D D D R D D D R R D D R D R D D R R R D D D D R D D R D D D R D D D R R D R D D D R D D D R D R D R D D D U U U L U L U L U U U L U U U L U L L U U U L U U U L U U L U U U U L L L U U L U L U U L L U U U L U U U U U U U U U U U R R R U R R U U 
34 57 3 200
888 520 910 
D D D D R R D R R R R R R R R L L L L L L L U U U U U U U R U R R R L U U D D L L D L D D D D D D D L U L L U U U U R D D D D D R R R D D U U R U R W W W W W W W W W W W W W W W W W W W W W W W W U U U U U U L U U U L U U L L L L L D D D L L L L L L D D L R U U R R R R R R U U U R R R R R D D R D D D R D D D D D D L L L U U R L D D R R R U U U U U U U U U L U L L U L L L L D D D U U L L U D R R U 
26 47 5 200
242 776 43 828 722 
R R R R D D D D D D R R U U U U U R U U U R D D D U U U R R U R L D L L L D D D L D D D D L R D L L U U U U U U L L L L R D R D D R D D R R D D D D R D R D R R W W W W W W W W W W W W W W W W W W W W W W W W W W W W W W W W W W W W W W W W W W W W W W W W W W W W W W W W W W W W W W W W W R D D D D D D D D D D D D L L L L U L U L L L L U L U L U U L L L L L L L L L L U U L U U U U U R R R R R R R 
61 62 3 200
351 604 841 
R R R D D D D R R R R D D R R D U L L L L L L L L L L U L L D L L L L L L L L L L L L L L L U U L L L U U L R D D R R R D D R R R R R R R R R R R R R R R U U U L L L L L U L U L L L U U U U U U U U U U U U U U R U U D D L D D D D D D D D D D L L L U L U L L L U L L L L L U U L L L U L U U L L L L L L U L L L D L D D D D D D D D D D D L D D D R L U L L L L L L D D U U R R R R R R U U R U U U U R L 
88 69 7 200
361 677 53 504 323 102 911 
L L D D D D D D D R D D L R U R R D R R R R D D D R L U U U L L L L U L L L L L D U R R R U U U R U U D D L D D L U U U U U L L L L U U U U U U U U U U U U U U U U U U U U U R U U R R R R R U R R R D D D D R R D D D D D D L L R R U U U U U U L L U U U U L L L D L L L L L L L D U U U U U U U U U D D D D D D D D D D U U R R R R R R R R L D U L L L L L D D L D D D D D D D D D U U U U L U D R D D D D 
49 79 4 137
662 462 141 632 
R D D D D L L D D D L L L D D D D D D U U U U U R R D D U U R R D D U U L L L L U R R R U U U R R U U U U L U U R W W W W W W W W W W W W W R D D D D D D D R D D D D D D L R U U U U R D R R R R R R R U U U U U U U D D D D D D D L L L L L L L U L U U L U U U U U U U L L D D 
40 30 4 186
813 644 188 972 
L L L U U U D D D D D D D L L D L D L L L L R R R R U R U R R U U U U U U R R R U R R R R R R R R R R R R R D D D L D D D D D U U R L U U U R U U U L L L L L L L L D D D D D D D D U U U U U U U U R R R R R R R R D D D L D D U U R U U U R L L L L L L L L L D D U U L L L L D D R L U U U U U U U U U R U U U U U D D D D D L D D D D D D D L D L L D U U R U D L D L D D R R R 
