100
4 6 6 200
195 70 674 164 354 661 
L D D D L L D U U L U U D D D U R D R R U R R R R R L L L L L L L L D R R R R R D R R R R R R D R R R R U U U U R L L R D D D D L L L L U L L L L L L U L L L L L U R R R U U R D D D D D R R R R R R R R R W W W W R R R R R R R R R R R R R R R L L L L L L L L U U U U U D D D R R D R R R R R R R R R R R R R R R R R R R R R R R R R R R R D R R R R R U R R U R L D D D R R R R R R L L L L L L U U L L D 
44 66 4 200
557 678 288 200 
D D D D D D D D D R D D D U L L L L L L L L L L D U R R R R R R R R R R U U R U R R R R R R R R R R R L L L L L L L L U U D D L L L D L L U L L R R U R R U U U U U U R U U U L R D D D L D D D D D D L L U U U L L L L L L D L D R D D U U L U R U R R R R R R U U U U D D D L L L U L U U U U U U U U U U U R R R R U R R U U U U L L L U U L L U L L D L D L L L D D D R R R D D D R U R R L L D L U U U L L 
54 42 8 183
198 474 426 693 785 874 609 653 
U U R R R U U D R U U R L U U U U U L L L L U L U L R D R D R R R R D D D D D D D D D D U U U U U R R R R R D R R D D R R R R D D R D D L D U R U U L U U L L L L U U U U U U U R R R R R W W W W W W W W W W W W W U D D D D W W W W R L U U U L L L L L D D D D D D D R R R R R R D D D D R R D R R D U L L U L L U U U U L L L L L L U U L L U L L L L L D D L D L L L D D 
94 14 7 200
265 830 871 42 842 902 907 
L U U U U U L U U D D R R R R R L L L U U R U R U R U U U R R U U U L L L U L U L U U U U U U U U U L R R R R R U D L L L L D D U R R U R W W W W W W W W W W W W W W W W W W W W W W W W R U U U U U W U L U U U U U L U D D D D D D D D D D D L L U L L U L L L D L L D L L L D D D U U U R R D D D D D D D D D U R R U R R L L D L L U U U U U U U U R U R R U R R R D R R D R R U U U U U U U U U U R D D D 
18 92 8 200
208 59 32 752 321 191 879 961 
R R R R R R D R R D R D D D R R D D D L D L R U R U R R R R R R L L L L L L U U L L U L L L U L R D R R R D D L R U U U U L U L U R R R R R R R R R R R U R U U R R R L D D R R R R D D U U L L L L U U L L L L L L L L L L L L L L U R R R R R U R U R U D L D L D L L L L L D R R R R R R R R R R R R D D L D L L L L D U U U U U R R L L D D D D L L L L L L L D L U L L L L L L L L L L L R R R R R R R R L 
85 17 9 200
780 415 445 646 33 654 624 717 810 
R U U R R R U R R U R R U U U U U U R L D D D D U U U U U U L U U U U L U U U R R U U U W W W W W W W U U R R U R R R R D U U U U U U U D D D D D D L D D D D D D D D R D U L U U U U U U U U L L L D L L D D D D D L L D D D R D D D D R D D D D D U U U U U L U U U L U U U U R R U U U U U L L L U D R R R D D D D D L L D D D D L D L L D L R U R R U R R D D D R D D D D D D R L D D L L D L L D L L L D D 
87 11 5 172
811 849 642 488 29 
R U R U U R R R U U D L L R R D D R R R U R R U U L L R R D D L L D L L L U L L L D L L L L L L R R R R R R D D R D R R D R D D R R D R D R D D D D D U U U U U L U L U L L U U L U L L U L U L D R R R R R R D D D D R D R R D D D R R D U L L U U U L L U L U U U U L L L L U U U W W W W W W W W W W W W W W W W W W W W U R R D U L L D D D D L L L 
67 25 6 176
106 850 927 274 334 499 
R R D L L L D L L L L L L U L R D R D D U U L U L U U U U L L R R D D D D D U R D R R R R R R U U L U D R D R R R U L L R U R R R U U U R R U U U U L R D D D D L L D D D L L L D L L D L L D L L L L D R R R R R R R R R R D D D R D R R L L U U U U U U U U U U U R R R R R D U L L L L L D D D D D D D D D D L U U U L L L L L L L L L L U R R R R U R R U R 
60 95 4 186
422 518 799 383 
R R D R R D R D D D D R R R R L L L L U U U U L U L L U D D D D D L R R U U U D D D L L L U L L W W W W W W W W W W W W W W W W W W W W W W W W W W W W W W W W W W W W W W W W W W W W W W W W W W W W W W W W W W W W W W W W W W W W W W W W W W L L U U U U U U U U R L D D D D D D D D D L D D L D L L L L D L L D D U U R R U R R R R U R U U R U R R R R D R R U U U U U L L 
19 98 5 200
341 592 320 831 277 
U L L L L L L L L L L L L L L L L L D D D D D D U U U U R R L L D D D D D D D D D D D R R R R R U U L U L R R R R R R R R U U U U U U U U R U D R R R R R R U U D D L L L L L L D D U U L D D D D D L L L L L L L L L L R R U U U U U D D D D D R R R R R R R R D D D L L L D D D L L D L L L L L L L U U U U U U U L U D R D D D D D D D R R R R R R R D D D D R R L L U U U U U R R U U U L L L L D R D D L L 
71 53 9 200
351 656 123 18 79 80 708 807 758 
U U L L L L L L L L U L L L L L L L L L L L D L D D U U U U U D L L L L R R R R D D R U R R R R R R R R R R R D R R R R R R R D D D D D D D R R L L U U U U U U U L L L U L U L R D R D R R R R W W W W W W W W W W W W W W W W W W W W W W W W W W W R R R L L L D D L D L L L L L L L D L L D D U U L L U L L W W W W W W W W W L L L L L D D D D D D D D D D D W W W W W W W W R R R R R R U U R U U R R L L 
43 9 5 181
744 162 751 877 175 
D D U U R R R R R R L U U U U U U U R R R D D D D D D D R R R R D R D U U R U R R R R R R R R U U U U U D D D D D L L L L L L D D R R R R R R D D D D R R D D R D U L U U L L U U U U L L L L L L U U L L D L D L U L L L L U U D D R R R R R R R L L L L L L L U L L R R U U U U U U L L L D D D D D D D L L L L L W D D D L D U R U U U R R R R R U R R L L D L L L L L 
73 10 8 200
637 318 86 941 585 209 40 513 
D D D D L D L D D D L L L D D L L L U U U U L R D D D D R R R R R R R L L L L U U U U U U U U U D D D D D D D R R R U R R R R R R U U U U U U L L U L U L R D R D R R D D D D D D L L L L L L U U R U U D R U U U R L D D D R D D R D D R R R R R R R R R R R R D R R R R R R R R R R R U R U D L D L L L L L L L L L L L U L L L L U U U U U U U U D D D D D L R D D D R R R R L L L L L L L L L L L L U U L U 
71 68 5 184
647 300 210 761 542 
L L R L L L D D D D L D D L L L R R R U U U U U U U U D D D D D D R R R R R R R L L L L L L U U U U R R R R U R R R R U R U D L D L L L L D D D D D L D L D D U U U U U U U L L L L L L L U U D D R R R R R R R D D D D L L L U U U U L L R R D D D D R R R D R U R R D D D D D D D L L U U L U U U U U L L L L L L L R R R R R R R D D D D D R D D R R U U U U U U U L U U U U 
63 82 3 200
441 404 987 
L D L L D D D D D L L R R U U U R R R U U R U U U R R R R L L U U U U U U U U U U R R R R R R R U U U U R R R R D D D D L D D L L D D D D D D R R R R D D R R D D D D D D D D R R R R R R R D R D R L D D L L L L L D D L D D D D L D D U U R U U U R R R D D R R R R R R D D D D D D L D D D L R U U U R U U U U U U L L L L L L U U L L L U R U U R R U U U D D D R R R U U U L U L L L L L L L U U U U U U U 
99 65 7 200
719 337 577 302 461 589 903 
D D D D D L D D L L L R D D D D D D D D D D D D D D D D D D U U U U U U U U U U U U U U U D D D L D D L D L D R R R D R L U U U U D D D L L L U R U R U U R U U U U U U U U D D D D D D D L D D D D L L D D D D L L L L L U L U U L U R U U R U U U R R U U U W W W W W W W W W W W W W W W W W W U D D R L D D L L D D D L D D L D R D D R D R R R R R U U U U L U U U U U U U U D D D D D D D D R R R U R L U 
39 92 7 168
481 866 675 705 956 463 884 
D L U U U U U L L L L L L L L L L R R R D D D D D D D R L U U U U U U U R R R R R R R R U R R U D R R R R R D D U U L L L L L L L D L D D D D D L L L D L L L L L L L L D D D D D D L D L L L D D U U U U U U U U U L R R R R U R R L L D L L L L L U L R D R R R R R U D L L L D D D D D D D R R R U R U U U U U U R R R R R R R R U R R R R U 
82 89 6 200
626 85 734 833 145 817 
U R R R U U U U R U R D D R D U L R D R R R R U U U L L R R U R R R R U U R L D D L D D D D D D D D R U U D D L U U U U U U L L R R D D D D R R U U U R L D D D L L U U U U U U L L L D L L L R R R D D D L L L L U L U U L D L D D D D L L L L R D R R U R U U U D R R U R R D D R R R U U U U U R R R R R D R D D R D D D D D D D D D D D D D D D U U U U U U U U U U U U U U U L U U L U L L L L L D D D D D 
91 75 6 200
599 177 925 197 12 641 
R R R R U U R D D R R D R D U L L L L R R D D D D D L R U U U U U R U L L U U L L L L L U U R U R R R R R R R U U U U U U U U U U U U U U U D D D D D D D D D D D D D D D L L L L U U U U U U D D L R D D U U U U L L U U U U U D D D D D R R D D D D D D R R R R U U U U U U U U U D D D D D D D D D L L L L L L U U U U U U U U U U U U U R U U D D L D D D D D D D D L L R R D D D D D L D L D D R R R R D D 
6 87 8 200
434 503 362 528 576 260 431 876 
D D D L R D D D L D U R U U U U U U U U U R L D D D D D D U U U L L L U U U U U R R R R R R R R R L L L L L L L L L D D D D D R R U U U U U U U U R R U U D L R D L L D D D D D D D D R L U U U R R R L L L L L U W W W U R U U U U W W R R R R R R D D R R R R U U R U R R R R R R R R U R R R R R R U R R R R R R R R R R R R D R R R R R R R R D D D D U U U U L L L L L L L L U L L L L L L L L L L L L D L 
10 31 4 200
257 49 747 272 
L U U L L L L R R R R R U U R L D D L D D R U R W W W W W W W W W W W W W W W W W W W W W W R R W W W D W W W W W W W W W W W W W W R R D L L D L L D D L D D D D D U U U U U R U U R R U R R U L L U L L L D L L D D D D D R R W W W W W W W W W W W W W W W W W W W W W W W W W W W W W W W W W W W W W W W W R U U U R R R R R R R R R R R R R R U R U D L L L L L L L L L L U L U L L L L R R R R D R D R R 
30 68 6 198
986 650 848 28 178 357 
R U U U D R R L L D D L D D D D D U U U U U R R U R U U D D L D L D D D D D R R D D R R L L U U L L U L L L D D L D D D D L L R R U R R R R R R R R D D R D R R R U R L D L L L U L U U L L L L L L L L U U U L L R R R U U R R R U R R L L U U U L L L L L R R R D D R R R R R R R L L L L L L L D D D D D D L L D L R R R R R R R D D D R D D D D D U U U U U L U U U L L L L L L U R R U U U U U U U U R 
7 69 6 192
891 772 52 706 470 457 
R U D L L L L L U L L D D D D L D D D D U U U R R R R R R R D D R R D D R D D R D D R D U U U U U U U U U R U U L D U R D D L D D D D D D D D L U U L U L L L L U L L U L L R R D R R D R R R R U R R U U U U U U U U R U R U R U R R R R U D L L L L D L D L D L D D D D D D D D L L L U U L L U U L L L L L L L U R U U U U R R R R U D L L D D L L L D D D D U U U U R R R U R U U D D R R R 
20 22 4 186
701 765 490 532 
U U U L U U L L L L L L U U L L R R D D R R R R R R D D R D D D D D D D D D D D D R D D R R D D D D D D R D R R D R R D D U U L L U L L U U U D D D D R D D R R R R R R R R D R L U L L L L L L U U U D D D L L U U L U U L U U U U U U R R R R R R U D L L L L L L D D D D L R U U U U L L U U L U U U U U U U L L L L L L D L R U R R R R R R D D D D D D R R L L U U U U U U U U 
96 81 7 200
982 51 560 575 466 739 648 
U U R R U U L U U U L U L U L U U D D R R R R L L L D R D R D D U U U U U U L R D D D D D L L L U U L L W W W W W W W W W W W W W W W W W W W W W W W L L R R R R R R L U U U U U U U U U L L U L L L L L L R R R R R R D R R D D R L U U L L L L L L U D R R R R R R D D D D D D D D D L D D R R R D D R D D L L D D R R W W W W W W W W W W W W W W W W R U U U U L L U U U L L L D L L D L L D D D L D D U U 
17 91 8 200
283 393 797 715 853 955 953 629 
R R R R D R L U L L L L L U L R U R R U R R R R R U U R R U U D D D D R R R D R L U L L L U U L L L U U U D D D D L L L L L L D U R R R R R R U R D D L D U U U U U R R R R U R R R R R L L L L L D L L L L D D D D L L L L D L L D D D D D D L D D R D D D D L D L L D U R R U R U U U U L U U R U U U R R R R R D D D D D D D D D D D U U U U U U U U U U U L L L L L D D D U U U R R R R R D R R L L U L L L 
3 60 7 200
165 570 905 41 760 777 723 
R U U R L D D D L L L D L D D D R D R D R U U U U U R W R R R D R D R L U L U L L L L D D D D D L D D D D R R R R R R R R U U D R R R R R L L L L L D L L L L L L L L U U U U U U U U R R R U U R U R R R R R R R U U R R U U U R R U U R U U R U U R U U U L L L L L L L L L L D L L L L D L D D U U R U R R R R U R R R R R U R R R R R R R R R R U R U U D D L D L L L L L L L L L L D R D D D D D U U U U U 
44 37 6 187
590 638 898 506 7 322 
R R R D U U U U U U U U U L L L L R R U U U U R U U D R R R R U R D D D D U U U U L D L L L L D L D D D D R D D D D D D U U U U U U R R R R R R R R U U R U R U R L U U U U U D D D D D D L D L D D L L D D D D D D D D D U U U U U U U U U L L L L L L R D D D D D R R D D W W W W W W W R D D D D D D D R D R R R R R R R L L L L L L L U L U U U U U U U L U U L L D D D L L L D U 
28 34 4 196
384 477 83 766 
L L L L L U U U U R U U D D R R D R R D D R R L L U U L L U L L U U L U D L D U R R D D R R R L L L L D D D D R R R R R L L U U R R R L L L L L L L U U U U U R R R R R R D R R R U R R U R U D L L L L L L L L L L L L L L D L L L L R R R R D D D D D D D R R D R R D R L U L L U L L U U U U U U U U R R R R R R R R R R R R R D L L D L L L U L L L L L L D D D D D R R R R D D R R U U U U D D D D 
0 79 7 200
964 493 376 171 567 451 230 
D D D D D D R D D L R R R R R R R R R D R D D D D R R D D D D U U U U U R U U R U R U U R R L L D D L D L D D L D L D D D D U U U U L U U U U L U L L L L L L L L U U L U U U U U U U U U U D D R R R L D D D D D D R R W W W W W W W W W W W W W W R R L D D W W W W W W W W W W W W W W W W W W W W D R R R D D D D D D L D L L L L L D L D U R U R R R R R U R U U U U U U U U U U U U U U U U U U R U D L D 
94 97 5 162
480 588 229 873 395 
R R R R D D R D U L U U L L L L L L L L U U L D D D D D R R L L U U U U U R D D D L L L L L L D D U U R R R R R R U R R U D R R R R D D D D D D U U U U U U L L L L L L D L D D U U L L U D R D D R D U L U U L L L D L D D D L L L U U U U U U D D D D D D R R R U U R R R R R R R D D U U L L L L L L L U R U R R R R R U R R R R 
29 25 8 200
880 55 469 146 89 93 556 636 
D L L D U U D R R D R R R R R D D D D D D D D D L L L R R R U U U U U U U U R R R R L L L L D L R U U R R R U R R R U R U U R U U R U U D D L D D L D D L D L L L D L R R R U U R U U U L L U D R R D D D L D D L L L L L L L L L L U L R R R R D R R R R D D U U R R U U R R U L L L L L U L L L L L L L L D L D D D D D D D D D D D R D R D D R D U L U U L U L U U U U U U U U U U U R U R R R R R R R R D R 
54 83 6 158
268 897 371 614 822 872 
D L L U U R R R L L L L L L U L U L L L L L L U U L U U U U L U L R R U U R U R L D L D D L D R D D D D R D D R R R R R R D R D R D D D D D D L L L L L U U U L L L L R R R R D D D R R R R R U U U U U U L U L U L L U U L R D D R R R R R R R R U U U U U U U U U L R D D D D D D D D D L L L L L L D R D R R R D D R R U 
40 46 6 198
550 698 539 222 819 453 
D D D L L L D D D D L D L L L L L U U L L L U L R D R R R D D R R D D D D D D D R R D D D D R R R R D R L L L L L L L L L L L L D D D D D L D U R U U U U U R R R R R R R R R R R U L L U U U U U U U U U D D D D D D D D D L L U U U U L L U U U U U U U R R U U U U U U L L D U R R D D D D D D R R R R R R R D R D D U L L L L L L L L L L R R R R R R R R R R U L U L L L L L L U R U U U U R R R U U U 
26 47 6 200
754 128 256 945 433 988 
U U U R U R R L L D L D D D D D L U L U U U L U L L L L L L L D D D D L D D D D D D D D D D D R R L L D D U U R R L L U U U U U U U U U U U U U U L L L L L L L L L L L D L D L D D D D D D D D D D D D R D D D L D D D L D D L D D D D D D D R D D D L R U U U R U R R R L U U U L R D D D R L L L D L L U U U U U U U R U U R U U U R U U U U U U U U U D D D D D D R R R D D D R L U U U L L L L U U U U L L 
92 78 4 200
835 306 238 535 
R U R R R R U L L U U L U U R R R L L L D D R D D R R D D D D R R D D D D D D D D D D L D D D L D L L D D D D D D D L D L R U R U U U U U U U L L D D D D L D L D D D D D L D L D L L R R R R D D D D U U U U L L U R U R U U U U U R U R U U U U R R R R U R U U D D D D L D D L L D D U U R R U U R U U U U U R U U U U U U U U L L L L L L L R R R R R R R U U L L U U U L L L U U U U R R R U R L D L L L D 
23 61 9 100
688 861 942 267 440 860 930 749 676 
L U L L U U D R L D L L L L L R R R R L U L L U U U R U R R R R L L L L D L D D D L D D D D D D D D D D L L L R R R U U U U U U R D U U R R R R R L L L L L D L U U U U R R R R R U D L L D R R R R D R 
37 46 4 180
242 151 910 174 
D D L D D L D L L L U U U U U U U R R U D L L L L R R D D D D D D D R R R U R U U R U U U U R U U R L L L U L L L U U U U U U U R L D D D D D D D R R R D R R U L L U U L U L L L L L L L L L U U U U U D D R R R R R R R D R R R R R D U L L L L L U U U U U U U L L U D L L L L R R R R R R D D D D D D L L L L L L L D D D R R R R R R R R R D R D D R R D D D L D D 
12 47 5 184
774 899 531 572 390 
R D D D D D L D L L D U U U L U L U L L L D D D D D D L D D D D D D D D D D D R R D U U U U U R R U U R U D L D D D D R R R R R R U D L L L L L L U U L L U U U U U L R U R R R R U D L L L D D D D D D D D D U U U U U U U U U L D D D D D D D D D D L L U L D U R U U U U R R R R R R L L L L D D D U U U L L U U U U U U R U U U U U U R R R D R D R D D R R U R U U U U U L 
57 63 7 184
127 981 176 462 141 324 607 
L D L L L U U U U U U U U U U U U L L L L L D L L U L L U D R R D R D D D R D R L U L L L R R D D D D D D D D D D L R U U U U U U U U U U U U U R U R R R R R D D D D D D D D D D D D L L D D L D L D L L D L L L L L L U U L U U D D R D D R R R R R R R R R R R R R L L L L L L L U U U U U U U L U U D D D D D D D L R U U U U U R D D D D D D R R U R U R U U R R R R R U R 
61 28 7 200
868 798 427 78 878 703 517 
R D R L D U U R R L U U U L U L L L L L L L U U U L R D D R R R R R R R R R D D R R R R R R D R R R R R R R D D D D U U U L L R R U L L L L L L L U U U U U U U U L L L L L U U U U U D D D D D R R R R R D D D D D D D D D D U U U L L L L L U U U U R L D D D D R R R R R U U U U U U U L L L L L L L L L L L L D D U U R R R R R R R R R R R R D D D D D D D L L L L L L U U L L L L L L L L L D R R R R R R 
47 88 7 200
137 946 23 66 216 623 126 
U U U R L D D D D R R R D D U U R R R R U R R R R R R R U U D D L L L L L L L R R D D L R U U L L U U D D D L L L L L L L U U L L L D D L D L U U U U L L L D D L L L L L L D D D L L L L L D D L D D L D D D U U U R U U R U U R R R R R U U U U D R R R R R L L L L L L D L R U R R R R R R R U U R R R D D D D R U R U U R R R D L D L L L L L L L L L L L L U L U U U U L U D R D D D D R D R R R R R R R R 
6 44 2 64
543 399 
R D D D R R D D R R D D R D D D D D D L R U U U U U L L L L L L L R R R R R R R D D D D R L U U U U U L U U L L U U L L U U U L 
75 90 6 200
812 773 659 102 611 825 
U U D R R R R U D L L U D L L L L R R R R U U R R R U U U L U L R R R U D L L D R D D D D D D D D W W W W W W W W W W W W W W W W W W W W W W W W W W W W W W W W W W W W W W W W W R R R R R R R R U R U D L D L L L L L L L L U U U U U L L U U U D D D R D D D R R D D R R R R R R R R R R D D L L L L L R R R R R U U L L L R R R D D L L L L L L L D D D D D U U U U U R R R R R R R U U L L L L L L L L L 
90 36 9 200
193 264 360 502 643 613 99 46 136 
D D D D D D D D R R R R R R R R L L L L L L L L L L L U L L L U R R R R U U U U U R U U R R U R U U U U U U L L L L U R R R R L L L L D R D D L R U U R R R R R R R R U U R U U U U U U L R D D D D D D L D D L L L L L D D D D D L L L R R R U D D L D L L D D L D D D D D L L L L D R R R D R R R U U U U U U U U D W W W W R D L D L L L L U U U U U U U U R U R R U R R R D R R U U U U L U D R D D D D L L 
19 23 3 176
664 639 396 
D L D D D D D D D R D D D R D D D U U U L U U U L L L L L L L L L D L L D L L L L U U U U U U D D D D D D R R R R R R R R R L L L L L U U U U L U U U L U U U U U L L U L U L L U U U L R U U D D D D D R D D D D D D D U U U U U U U R D R D R R D D D D D R D D D R D D D R R U R R R R R R R R U U U U U U U L L L L U U L U L U U D D R D R D D R R R R R U 
59 72 6 200
775 806 936 733 491 767 
U U L L U U U U R D W D R R R R D U R R D D D L D L L D D D U U U R R U R U U U L L L L L L U U L D D D D R R D D R R D R R R D D R R W W W W W W W W W W W W W W W W W W W W W W W W W W W W W W W W W W W W W W W W W W W W W W W W W W W W D D R R R R U U R R U U R R L L D D L L D D L L L L U U L L U U L L U U U U U R U R U D L D L D D D D D R R D R D R D D R R R R U U R R R R R R R R D R R L L U L 
39 81 4 196
401 820 875 779 
R D D D D R D L L D L U U U L L U L L U L U U R R U R L D L L D D R D R D D D L L L L L U L L L L L L L L L L L D L D L L U D L L L L L L L L R R R R R R R R R R U R U R R R R R R U U D D L L L L L D D L L L L L L L L L L L L L L L D D D U U U R R R R R R R R R R R R R R U U U U U U U U U U D D D D D D D D D D R U U R R R R R R R R R R D R R R R R U U U R D R R D D D R U R R U L U U U U L 
72 28 6 174
562 152 933 313 620 239 
U R L D D D D D U U U U U L R D D D R R D U R R D R D D L L U D R R U U D D D D D D D D D D D U U U U U U U U U U U L U L R D R R U U U U U U U R U U R R R R D R L U L L L L U L L L L L L U L R D R D D D D D U U U U U R R R R R R U L R D L D D D L D D D D D R L D D L L U L L L L D D D U U U U R R R R R U U U U R R R R L L L L D D D D L L L L L U 
49 37 4 200
114 214 644 583 
D D D D D D D D D D U L L L L L L R R D D D D D D D U U U U U U L L L L L L L L L R R R R R R R R R R D L L L D D D D L D D D R D R R L L U L U U U R U U U U U U D D R R R R R R R R R D U R U D L L L L L L L L D U R U L U R R U U U U U D D D D D R R U R R D R U R R R W W W W W W W W W W W W W W W W W W W W W W W W W W W U R R U R L D L L U L U U L U U L U L U L U U U L U D R D D D R D R D R D D R 
23 44 5 200
976 926 828 605 954 
U U U U L D D D L D L L R D D D U U U L U U U U U L U D D L D D D D L R D D D D R R R U U U R R W W W R R R R R R R D D R L U U L U U U U U U L L R R D D D D D D L L L L L L L L D D D L L L U U U U U U U U R U R D D D D D R R U R U U U R D D D D D R W W W W W W W W W W W W W W W W W W W W W W W W W W W D R R R R R R U U U U R U U R R U D R D D D D D D D D D D D R R R U R U U R R U U R U U D D L D 
76 95 6 136
536 516 606 299 134 957 
U U L U L L R R R R L L U D D D U L U U L R D D R D D D D L L D D L D D R D D D D R D D D D D D D R R D D R D D D D D D D L R U U U U U U U U U R U U D D D U L U U L U U U U U L R D D D D D R D D D D L U U L L U U U U U U L L R R U L U U U U L U U R U U R R U U U U R D D 
85 23 7 182
355 669 311 60 454 917 944 
D U L L L U U U U U U L U U U U U U L L L L R L U U U U U U D D D D L L L L L L L R R U U R L D D R R R R R D D R R D D D R D D D U U U L U U U R R D D D D D D R D D R R R L L L D D D D D L D D D D L D D L D L D D D D R R D D D D D D R R R R R R R R R R R R R U U U U U D D D D D L L L L L L L L L L U D L L L U U U U U U L L U U U U R U R U U R U U U U R U R R R 
53 88 5 162
104 304 894 655 651 
U U U U U U L D D D L L L D L R U R R R D U U U U R D D D D D R L U U L L U L U U L U U U L U U L L L R R R R R R R R R R L L L L D D D U U U R L L L L D D L L L L L R R R R R R D D D R D D R D R D D U U L U L U L L U L L L U L L L U L L L L L L R R R R R R R R R R R R U D L L L L L L D R R R D R R R D R R D R D R R D D D 
44 46 4 200
888 218 520 649 
U U U U U U L L L L L L L L L L U U U U R R R R U U U U R R R L U U D D L L D D D D L D U L L L D D D D R R R R R R R R R R D D D D D D D D D D D D D R D U L U U U U U U U U U L U U U L L W W W W W L L U L L R R D R R R R D D D R D D U U L L D D D D R R R R R U R U U U U U R R U U U L W W W W W W W W W W W W W W W W W W W W W W W W W W W U L L D U U U U L L U L U L R D R D R R D D D R R D R D D D 
15 14 5 200
0 364 505 696 332 
L L L L U L R D R R R R R R D R D D D D R L U L L L L L L L L L D D R R R R R R D R R D R D R R R D R D D R R R R R L L L L L D L L L L L D U R R R R R U U U L U L L L D D D L L L L L L L L L L R R R R R R D D U U L L L U U L L U U L U U U U U R R U D L L D D D D D R D D R R D D R R R R R R R U U U U R L L U L L U L L L L L L U L L L L L R R R R R D R D R D R R D D D U U U L L U L U L U U R R R R 
60 29 6 200
932 618 845 658 602 48 
U U U U U D D D D R R L L D L L L L D D D D D R D U L U U U L L L L L L L D U R R R R R R R U D L L D D D D D D L L L L L L L L L L L W W W W W W L L L L L L L L L L D L L D D D D L D L D L D L L D D D D U U U U R R U R U R U R U U U U R R U R R R R R R R R R R U U U U D D D D R R R R R R R R R R R U U U U U U R R R R L L L L L L L D D D D L L L L D L D U R U R R R R U U U U R R R R R U U R R R R 
80 58 6 200
597 224 755 183 111 109 
D L L L U U U U U U R L U U L L U L L L U U U U L L R R D D R R R R R R R R R L L L L L L L L L D D R D D D D D D D U U U U U U U R R D R R D D D D R R R R U U W W W W W W W W W W W W W W W W W W W W W W W W W W W W W W W W W W W W U U R R L L D D D D L L L L D D D D L D L D D D L L D D D D D D D L D L L L L L U U U L U U D D R D D D D D L L D D L L R R U U R R U U U U U U R U R R R U R U U U U D 
77 56 3 200
795 291 680 
R R D R L U R R U U U U R R U R R R L L L D L L D D D D L L L L D D D D D D D D L L R U U U U U U U U U U L U L L R D D D D D D D D D D D D D D D L L R R U U U U U U U U U U U U U U U R D R D D D D D D D D D D R U U U U U U U U R R R W W W W W W W W W W W W W W W W W W W W W W W W W W W W W W W W W W W W W W W W W W W W W W W W W W W W W W W W W W W W W W W W W W W W R U U R R U U U U U R R L L D 
16 9 8 200
367 386 924 720 91 770 524 745 
D R R D R D R D U U D R R D R L L L D L L L L L L U D R R R R R R U R R U L L L U U U D D L U L L U R R R U U U U U U W W W W W W W W W W W W W W W W W W W W W W W W W W W W W W W W W W W W W W W W W W W W W W W W W W W W W W W W W W W W W W W W W W W W W W W W W W W W W W W W W W W W W W L L L L L L L L L L L L L U D L L D L D D D L L D L R U R R U U U U D D D D D D D D D D U U U U U U U U U R U 
1 35 3 168
808 511 996 
D D D D D D R D D D D D L R U U R L U U U L U U L R U U U U U U U R U U U U U U U U U L U D R D D D D D D D D D D D R D D D D U U U U L U U L U L U U D D R D D D D D D L D D W W W W W D D D W W W W W W W W W W W W W W W W W W W W W W W W W W W W W W W W W W W W W W W W W W W W W W W W W W W W W W W W W W W W W D R L U U U U U U R U U 
58 1 4 200
456 529 569 421 
U R U R R U R U R U U U U R R R D D D R R D R D U L U L L U U U L L L D D L L D L L L L L L L L L L U D D D D L L L L L D U L L U U U U U L L U U R R U R L D L L D D W W W L L L L U U U U U L L L L D D D D D D D D R D D D D R R R R R L L L L L U U U U L U U U U U U U U R R R R D D D D D R R R R D D D U U U R R D R R R R R L L L L L D D D D R R R R R R R U U U R R R R R R R R R R U R R D D L D L D 
71 15 8 200
130 823 290 671 794 832 154 566 
U U L D D L D L R U U U D D R U U R R R R D D D U U U L L L U L U L U L L U L L L L L L R R R R L L L L L L L R R R R R R R R R D R R D R D R D D D L L U L U L L L L L L L U D R R R R R R D D U U U U U U L L L L R R R R D D D D R D R D R R L L U U R U R W W W W W W W W W W W W W W W W W W W W W W W W W U U U U U R R U D D D R R D R R W W W W W W W W W W W W W W W W W W W W W W W W W D U L L U L L 
82 49 6 200
710 385 707 778 157 439 
U D D D D D D D L D D D D D L D L L D U U U U U U U U U U U L L L L U L U U L R D D R D R R D D D D D D D D D D R D R R R L L L U L U U U U U U U U U U R R D D D D D D D R R L L L L U U U L U L R R U U R R L L D D L D R D D D R R D D D R R U R R R R R R D D U U L L U D L L L U L L R R U U R R R R U R U R U U W W W W W W W W W W U R R U R U U U R U U D D D D D D R D R D D U U L U L U U U U L D D D 
38 54 4 200
837 309 153 368 
D U R R R R R R D R R R R R D R R R R D R R R L L L D D D D D D D D L L D D L L R R U U R R U U U U U U R R U U R R L L D D L L U L L L L R R R R U U L L L L U L L L L L U L L L L D D D D D D U U U U U U R R R R R R U U L L L L L L L L L U U U L U U U R U R R U U U U U U U U L U U L L L L L L L L L L L D D D R D R R R D D L R U U L L L U L U U U R R R R R R R R R U U U R L D D D R R D D R D D D D 
47 34 2 108
813 972 
L L L L L L L L L L D D D D D L L D D L D D D L L L L R R R R U U U R U U R R U U U R R R R D R L U L L L L U U R R R R R U U U U U U U U U U U D D D D D D D D D D D L D D L D L L R U U U D D D R U R U U R R R R R R 
86 46 9 200
379 252 668 568 504 97 665 292 621 
L U U U U U R U R U U U R U U U U R R R R L L L U U U U L L L L U U L U U U U U R R U U R R L L D D L L D D L R D D R R R R R R L L L L L L D D D D D D U U U U U R R R R U L L L L D D D L R D R L D D D U U U U U U U R R R R D L L L D D R R R R D D D D W W W W W W W W W W W W W W W W W W W W R R D D R R R D D D D D U U U U U R U U R L U U D D D D L L L L U U L L U U U U U U U L R D D D D D D D L D 
98 5 4 194
77 356 169 250 
U U U U U U U U U U U U U D D D D L L R R D D D D D L R U U U U U U U U U U U L L L R R U D L D D L L R R U U R D D D D D D L L D L L L U L U L L L L L L L U U U U U U R R U U U U R R R R R R U L L L L L L L L U L U U U U R R U U D D L L D D D D R D R R R R R R R R D L L L L L L D D D D L L D D D D D D R R R R R R R D R D R R R U R R U U U U L L R R U U R D D D D D D D D D D D D D D D 
64 3 5 178
405 403 107 278 149 
D D L D L L L L L L L L L L L L L L L L L U L L U L L U L U U U U U L U L L L U D R D D D D L D D D L D L L L D L L L L U L R D R R R R U R R R U R U U U R U U U U R R D R D D D D D R D R L L L L L L U U L U U U U U U U L U D R D D D D D D D R D D R R R R R R R D R R D R R R R R R R R R R R R L U D R R R R R R U R U U U U R U U U U U R L D D D D D L D D 
36 46 4 200
82 443 858 270 
U L U U U L L L L L U U U L L L L L L L L U U U U U L R U R U R U U U R U R U L L L L L L L L L R R R R R R R R R U R R U R L L L L L L L L U U U L W W W W W W W W W W W W W W W W W W W U U U U L L L L L L D L R U R R R R R R D D D D D D U U R D D D D D D D D D L L D L L L D D D L L D D U U R R U U U R U U L U U R R U R U U U R U R R R U R R L L D L L L D L D D D L D L L D D R D D L L L D D U U R 
32 64 7 200
428 670 859 3 712 446 196 
R R D U R R R R U U U U U L U L U U L L L L L L L L L L D L L L L D L L L D L R U U U U U U U U U D D D R L U D D D D D L L L R R R D R R R U R R R R L L L U D L L L L L D D D U U U R R R R R R R R U R R R R R R R D D D U U U L L L L L R R R D D W W W W W W W W W W W W W W W W W W W W W W W W W W W W W W W W W W W W W W W W W W W D R R D D R L U U L L U U U R R R R R D D R D R D D D D D L L L L L 
61 62 5 176
748 206 913 225 65 
R D D R D L D L L L U U U U U U U U R R R R R D D D D D R D R R R R R R D D D R R L D D D D D L D D D U U U R U U U R L U U U U U U U U U U U U U U U U U U U U U U U U U L U L R D R D D D D D D D D U R D D D D D D D D R L U U U U U U U U L D D D D D D D D D D D D D D D D L U U U L L L L L L U L U U U U U L L L L L D D D D D D D D R R R U R U L U U L 
68 69 4 200
412 580 251 15 
U U U U U U U L U U U U U U L U U L U U D D R D R R R R R R R R R R R R L L L L L L U U U L U U U U L L L U L U U R R R R L L L L D D R D R R R D D D D R D D D L L L L L L D L D D D D D D D L D D L R D R D R R D D D R R U U U U U R U R R R R D D R R R R R R R R U D D W W W W W W W W W W W W W W W W W W W W W W W W W W W W W W W W W W W R L U L L L L L L L L U U L L L L D L D D D D D L L U U U L L 
43 53 4 200
68 914 526 896 
L R L W W W W W W W W W W W W W W W W W W W W W W W W W W W W W W W W W W W W W W W W W W W W W W W W W W W W W W W W W D L L L L L U U U R R R R U D L L L L D D D R R R R R R R D D D R D D R R U U U U U U R U U D R R R R R R R R D D L L D D D L D D D L D D D D D L D L D D D D U U U U R U R U U U U U R U U U R U U U R R U U L L L L L L L L D L D D D D D D L L D D L L U D R R U U U U L U U U L L U 
55 38 7 200
544 949 983 400 540 419 139 
R D D D R R R D U U U R R R R U U U U U U U L R R R U R R R L L L U L U L L L U U D D R R R D R D D L D D D D D D D D L R U U U U U U U U L D D D D L L L L L L L R R R R R R R D D D R R R R D D D D R D R L U U D L U U U U L L L L L L L L D D L L U U U U R R R R R R R R R R R R R R D D R D D D D D D L D L L L L L L D D L D L L L D L L U D R R U R R R U R U U R R R R R R U R U U U U U U L U U L L L 
29 16 8 200
498 190 407 791 2 500 852 660 
L L L D L D L D U L L L U U U U D D D D R R R R U R U R R R U D R R D D D R L U U U L L L L L R R R U U R L L U L L L U L R D R R R R R U U U R R R R R R R R R R R U U U U U D R R L L U U U L L U L U U U D D D R D R R D D D D D D D L L L L L L L D R D D R D D D R D D U U R W W W W W W W W W W W W W W W W W W W W W W W W W W W W W W W R L L L U U U U R R U R U U D D L D L L D L U U L U L L L L D D 
84 78 3 108
815 558 886 
L L D L D U R U R R R R R R R R U U U U U U R U U R R U U U L L L L L L L U U D D R R R R R R R D D D L L L L L L L L D D D D L D L L R R U R U U U U R R R R R R D R L D L D D D L L L L D U R R R R D D D L L L L L L 
22 23 5 200
645 722 711 336 424 
U U U U U R R R R U R R U R U U U R U R U U L U U L L U L U L L U U L L U L R R R R R R U D L L L L L D L L D D D D D R R D U L L U U U U U R R R R R R R L L L D D R R D R L L L L U L R D R R R R D R R D D R D D D D D D R R R D R R R U R R D R R R R R R R R D R D U U U U U U U U L L L L R R R R D D D D D D D L U L L L L L L L L U L L D L L L U L L L U U U U L D L D D D L D L L D L L L L D D D D D 
61 34 4 200
413 129 219 207 
R R R D U R U U U U U R R R U U U D D D L L R R R R R R R R U U U U D D D D L L L L L L D D D D D D L R U U U U U U L L L D D D D D L L L L L L L L L L U L U U U U R R R R R R R R L L L L L L L L U U L U U U U R U U U R U U R R U U U R R R R U U U R R L L D D D L L L L D D D L L D D L D D D L D D L L L L L L R R R R R R U U U U U U U U R R R L L L D D D D D D D D D D R D D D D D D R D R R R R R R 
67 99 5 197
228 883 690 158 545 
R D R R U D R R D D R D R D U L U L L L L L L L L L L L L L L L D D D D U U U U R R R U W W W W W W W W W W W W W W W W W W W W W W W W W W W W W W W W W W W W W W W W W W W W W W W W W W W W W W W W W U L L L L R R R R D D R R D D R L U U R R R R R R R R R U U U R R L L D L L L L U L L L D L L L L L U D R R U D R D D D D R D D D D U U U U L U U U U R R U R D D D L L L L L R R R R R U U U R 
17 19 5 179
487 574 450 9 980 
D L L L L L L L U L U L L L U U U D R L D D L L L D D D D D D D D R R R R R R R R R R R D U L L L L L L L L L L L U U U U U U U U R R R R R R D R D R R R L L L L L U U U U U U U L U L R U U R R R L L L D D D R D D D L W W W W W W W W W W W W W W W L D D L L D D L D U R U U R R U U R R U U U R R R U U D D L L L D D D D D D L L L R R R D R R R R R R R R R U 
3 46 5 200
96 465 889 763 144 
R R R U R R U R R R R R R D D D D D D D D D D D D D D D D D L L L D L D D R D R D U L U L U U R U R R R U R R R D D D R R R D D R D D D D D R R L L U U U U U L U U L L L U R R R D D R D D D D D D R R U U U U R L D D D D L L U U U U U U L U U L L L U U L L L U L D L D L D L D D D L R U U U R U R U R U R U R R R R U R R R U D L L L L L R R D L L L L L L L L L L L R R R R R R R U U U U U U U U U U U 
45 60 4 186
587 496 275 662 
R R L L U U U U U U U L L D D D L U L U L U U U U U L L U U L U L L R R R R R U R R U U U U D D D D L L D L L L D R D D R R U R R L L D D D D D D D D D D L D D D D L D L R U R U U U U R R R R L L L U U U U R U U R R R U U R R U U U R R R U U R U R U R L L U D R D L D L D D L L L D D D L L D D L L L D D D R D R U U U R R D U U R U U U R D D U U L D D D L D D D D D D D D 
78 62 7 200
184 677 296 57 768 974 298 
R R R R R R R R R D D D D L L L L D D D D D D D U U U U U U U L U L L L U D R R R D R R R R R U U U U L L L L L L L U U U U U R L D L L L L D D D D D L L L D D D D D L D D D D L L L L L L L L L U D R R R R R R R R D D D D R D U L U U U U R U U U U R U U U U R R R R R R R R D D D D D D D L L D D L D D D D L L L L D D D L L R U D R U U U R R R R U U U U R U U R R U U U U U U U L L L L L L L L U R R 
20 79 7 200
736 939 449 227 579 138 478 
U U U U U U U U U R R L L L U L L L L L L D U R U U U D D D R R R D D D D D D D D D D D D L L D L L L L L L D U L L L U U U U U U R R U R L D L L D D D D D L U U U U L U L U L U L L U U U U U D D D D D R R R R R R R R R R R R U U R U U R U U U U U L L L L L L D U R R R R R R D D D D D L D D L D D L L L L L L L L L L D R D R D R D D D D R D R R R R R R D D D D U U U U R R R U R R U U U U U U U U U 
45 4 2 200
809 962 
R U R R U D L L D L D D U U R R U R U R U R U U U L U U U U U D D D D D R D D D L D L D L D L L R R R R U R U U R R R R R R W W W W W W W W W W W W W W W W W W W W W W W W W W W W W W W W W W W W W W W W W W U R R R U U L L L U U U U R R U U R R U U U L L L L L L L L L L L L U L L L L D L L U U L L D D L D D D D D D D D D U U U U U U U U U L L R R R U U R R D D R R U R R R R D R R R R R R R R R R 
85 97 2 103
125 323 
L L L D D D D L D D D D D R R R R R R R R R R R R L L L L L L L W W W W W W W W W U U R R R R U R D D D D R D R D D D D L D L R U R U U U U L U L U U U U L D L L L L D D L L L L L U U U U U R U U U U R R R 
64 86 4 200
189 72 98 71 
L L L L L L D D D D D D D R D D U U L U U U U U U U U D D D D L L D D D L L U D R D D D D D D D D D D D D R R D D R D D D D D L D D D D D D D D R R R D D D R L U U U L L L U U U U U U U U R U U U U L R D D D D L L L L L D L D D U U R U R R R R R U U U U U L U U L L U U U U U U U U L L L D D L D D L L L D D D D L D D D L R U U U R U U U R R R R R R R R U D L L L L L L L L U R R R U U R U U R R R U 
1 6 4 193
349 163 294 627 
U U U R U U U U U U U U U U U U U L L R R U U U U U R U L U L U D R D R D L D D D D D D D D D D D D D D D D R R R R R R R R R R U R R U D L L D L L L L L L L L L L D L L R R D R R R R R R D D D R D D U U L U U U L L L U U L R D D L L L L D D D U U U W W W W W W W W W W W W W W W W W W W W W W W W W W W W W W W W W W W W W W W W W W W W W W W U U U L U D R D D D D D D R D D D U U U L 
25 51 4 200
5 952 113 497 
L L L L L L L L L L L L U L L L L L D L L L D L D U U U L R U U U U D R R R R R R L L L U D R R R U U U D D D L L L L L L D D D D D R U R R R U R R U D L L D L L L U L U U U R R R R R U U U U D D D D L L L L L D D D R D R R R U R R R R R D R R R R R R R R R R R R D D R D R D D D R D D L L L U L U L U U L L L L U U D D R R R R D D R D R D R R R U U L U U U L U L U U L L L U L L U U U U D D D D R R 
65 67 4 200
788 818 282 132 
L L L L L L L L L L R R R U U U U R R U U R R U D L L D D L L U L U L U U U U U U R U R R U U R R U R U U R R R U U L L L L L L L L U U U U U L L L L L U L R R R R U R R U U U R R U R R R R U R L D L L L L D L L D D D L L D L L L D R R R R R D D R L D D D R R R R R R R R D D L L L D D L D L L D D L L D L D D D D D D R D D D L D D L L L D D D L L L R R R R R R R R D D D D D D L L L L L R R R R R U 
34 77 6 200
731 429 414 47 417 330 
R R U U U L R D R R R L L L D D L L D D D D U U U U L U L U U U U U U R R R R U U R U U D D R R R R D R R R R R R D D D R D D D D D D D U U U U U L L L R R U L U L L W W W D D D D D D D D L U U U L U U U U L U U L L L D D D R L U U U R U D R R D D R D D D D R D D D R U U U U U U U U R R D R D R U U L U U U U U R R U U U L L L L U L U L L L L U L L L L L U U U U L L L L D D D U U U R R R R D D D D 
94 3 7 120
105 802 796 205 62 510 990 
L L L R R R U U R L D D L L L D D L L R R U U R R R U U D D L L L L L L L L L L L L D L L D U L U U U U U U U U R R R R R U R L D L L L L L D D D D D D D D R R R R R L L L L L U U U U U U U U D D D D D D D D R R R U R R R R R R R R R R R R 
41 9 4 102
600 37 971 226 
U U U R R R U U R R R L L D U R U U U R R U U U L L L L U U U U D R R R R R R R U D L L L L L L L D D D R R R R D D D L L D D D D D D D L R U U U U L L U U L U L L U U U D D D R R D R D D D D L L L D D D 
91 9 6 200
640 501 686 467 551 117 
L D D D D L R U R R R R R L L L L L L L L L L L D L U U L U D R D D R R R R R R L L L L L U R R U U U U U U U R R R R D R D R R D R D U L U L L U L U L L L L L L D L L L L U L L L L U U U U D D D D R R R R U R R R R L U U U U U U U U R R W W W W W W W W W W W W W W W W W W W W W W W W R U U U L L U L L L R U U W W W W W W W W W W W W U L L L R D D D D L D L D L L L L D U R R R R U R U R U U U U R 
90 87 6 200
380 58 573 864 361 179 
L L D U L L L L L L L D L L L L R R R R D D D D D D R D D R D R R R R R R D R D D R R R D D D R D R R L L U L U U U L L L D D D L L D L D L D L R R R R U R U R R L L D L D L L L U R D R R R R R D D D D D D D D L W W W W W W W W W W W W W W W W W W W W W W W W W W W W W W W W W W W W W W W W W L U U U U L L R R U U U L L L L L L L D L D L D D R D D D D R D R R R D D U U L L L U L U U U U L U U R U 
84 56 6 200
293 716 115 928 327 672 
D D D D R L D D D D D D D D D D D D D D D R R R U U U U R U R R R U R R D R R D D R R L L U U L L U L L D L L L D L D L R U U U U U U U R R R U D L L L D D D D D D D D D L R D L L L U U U U U U U U U U U L U U L L D D L D D D L L D L D D D D D D D R D R R R R D D D D D D L L L L R R R R U U L L L L L U L L U D R R D R R R R R D D L L L L D D D D U U U U R R R R R R L L U U L L L L L U L L L R R R 
7 52 3 100
30 303 479 
U L L U U U U U U U U U L U L L L U D R R R D R D D D D D L R D D D R R R R R R R R R U U U U U U U U U L U D R D D D D D D D D L L R R U U U U U U U U L R D D D D D D D D D L L L L L L L L L D R R D 
57 13 4 200
170 992 312 418 
R R R R R R U U U U R L D D D U U R R R D D D D W W W W W W W W W W W W W W W W W W W W W R D D R R R R U R U R R U U U U U U U U U U U U L L D L D L L L L L L L L L L L L L L L U L U D R D R R R R R R R R R R R R R R R U R U R R D D D D D D D R R R R U U U U U U U R U R U U U U R R R D D R R R R R R R R R U D L L L L L L L L L U U L L L D D D D L D L D D D D D L L L L L L R R R R R R D D L L L L 
52 10 3 200
630 865 725 
U R R U U U U R R U U R R R U R R R R R R D U R R R R R R L L L L D D D D D D D D L R U U U R R R R R R U U U L R D D D L L L L L L U U U U U L L L L L L L L D L L L L L L L L L L L L D D L D L D D D L D L L D W W W W W W W W W W W W W W W W W W W W W W W W W W W W W W W W W W W W W W W W W W W W W W W W W D L L U L L U U U L L U L L L L U L L L U L U U L U U U U U U U U R U R R R R R L L L L L D 
