100
32 17 3 200
498 407 459 
L L L L L L D L L D D D U U U L L L U U D D R R R R R U R R R R R R D D D D U U L L L L L L U R R U R U R L U L L L U L L R R D R R R D R R R R R D D D D D D R D D R D R L U U U U U U U U U U R U R R U U R R U U U U U R U R U U U U U U L U L L R R D R D D D D D D L D L D D D D D L L D D L L D L L L L L L L L L L R R R R R R R R R U U U U R U U U U D D D D L D D D D D D D D D D D D D L U U L U U U 
11 85 3 194
208 781 489 
R R R R R R R R R R R R R R U R R U D D R D R L L D U R U R R R R R R R L L L L L L L L D D D D D D L L L D U R R R R R L L U U L L L L L L L L L L L L L L L L L L L U U U D D D R R R R R R R R R R R R R R R R R R R U U U U U L L D R R R R R R R R R D R D D L L L L L U L L L L L L L L L L L D U R R R R R R R R U D R R R D R R R R R U U L U L L L L L L L L L L L L L L L L L L L L L L L 
19 34 3 200
384 722 163 
R R R R U U U U R U U D D R R R R D D D R R L L U U U L L L L U U U L L D D U U R R R R U U U U R R D U L L D D D D L L D D D L D L L R R D D D L L L L L L L D W W W W W W W W W W W W W W W W W W W W W W W W W W W W W W W W W W W W W W W W W W W W W W W W W W W W W W W W W W W W W W W W W W W W W W W W W W W W W W W W W W W W W W W W D L L L L L L L L L L L L L L L L D D D R R L L U U U R R R R R 
13 0 5 196
91 808 349 70 627 
U U U U R U R R R R R R R R U D L L L L L L L L D L D D D L L L L L L L L L L L L L U U U U U U R U U U U R U U U U U U U U U U L U U U R U R U U U U U L U L L R R D R D D D D D L D L D D L R U U U R U U R U U U L L R R D D D L D D L D D D D R D D D D D D D D D D L D D D D L D D D D R R R R R R D U L L L L U U U U U U U L U U L U D R D D R D D D D D D D L L D D R R R R R R R R R R R R R D 
71 73 3 200
518 422 753 
U U L L U U U U U U U U U U U U L U U R L U U L L U L U U L L U L D D D D D L R R L U U U U U R D R R D D R D R R D D D D R R R U U R R D D D D D D D U U U U U U U L L D D L L D D D D D D D D D D L L L L L U L R D R R R R R U U U U U U U U U U R U R U R R D D D D D D D D D D D D D D R R R R R R D D R R R R L L L L U U L L L L L L U U U U U U U U U U U U U U L L D L D L D D D D L L L L L L L L L L 
78 34 4 181
311 703 139 620 
U U L L L D D D D D L L D L D L L D U U U U U U L L U L L L U L L L L L L L R R R R R R R D R R R D U L L L D L L L D L L L L D D D D D D R L U U U U U U R R R R U R R R U R R R D R R D D D D D R R U R U R R U U U U U R R R D D D D L L L D L D U R U R R R U U U U W W W W W W W W W W W W W W W W W W W W W W W W W W W W W W W W W W W W W W W W W W W R R L L D D 
69 23 6 200
106 630 154 671 419 949 
U D L L L L D D L D L D L D L R R R R D U R R R R R R L L L L D D D D D D D D L R R R U R U U U U U R R L L D D D D D L D L L U U U U U U U U L L L L L U R U U D R U R U U R R R R L L L L L L L L U U U L L U U U U U U U U U U R R R R R R R R U U U U L L L L L L L L L L L R R R R R R R R R R R D D D D R D D D D R L U U U U L L L L L L L L L L U U L L R R D D R D D R U R R R U U U D D D L L L D L D 
38 4 3 200
403 108 421 
U U U D D R R R R R R R R R R R R R R R R R U U U U U U U U U U R R R D R R R R R D D R L D L D L D D L D L R U R U U R U R U U U L L L L L U L L L U U U L D D D L D D D L D L D D L L L L L L L U L L L L L L L D L D D D D D D D R D R R R L L L U L U U U U U U U R U R R R R R R R D R R R R R R R U U R U R U U U R U U U R D D D D D D D D D D D D D L L L L L L L L L L L L L R R R R R U U R R L L D D 
76 95 6 200
536 516 560 734 833 125 
L L L U U U R R R R L L U D R R D R R R R R R R U R R R U R R D R D D D R R D D R D R R R R R D D D D D D L R U U U U U U L L L L L U L U U L L U U U R R R R R R R L D D D D D D D D D D U U U U U U L L L R R R R R D U L L L L L L L L L U D R R R R R R R U U U U L L L L L L L U L L D L L L D L R U R R R R R D D D D D D D R D R R R D D L R U U L L L U L U U U U U U U L L L L L D L L L L L L L U L L 
19 28 8 200
701 747 257 531 639 0 524 980 
D U L L U L L L L L L D D U U U L L U L L U U L L R R R R R U U R L D D L L L D D D D D L D U R U U U R R U U U U D D D R R D R R R L L L U L L D D D L L D L L D D D D D D D D D D D D R D D D L L U U U U U U D D D D D D R R R R R R R R R L L L U U D D L L L L U U U L D L D L L D D D L D L R U R U U U R U U U D D D R U R U U U U U U U U U U U U R R R R R R L L L L L L D D D D D D D D U U U U U U U 
16 61 8 200
440 281 688 676 267 749 860 841 
L U D R R R D D D R R D R R R U R U R R D R L D D L D L L L L L L L D U R R U D R R D D D D D D D D U U U U U U U U L L U L U D R D R R R R R U R U U U L L L L U U U L U D D D U U L U U D D L R R R R R R R R R U W W W W W W W W W W W W W W W W W W W W W W W W W W W W W W U U U U L L L L L L L R R R R R R R D D D D D L L L L L L D D D R R D L D L L L L L L L U D R R R R U U U U U U R U R U R R U D 
90 0 5 143
105 802 796 944 488 
R U U U U U R R R R L L L L D D D D L L R R U R R U U U R R R U U U U U L L L U L L L D D L L L L D L D L L D U R R U R U R R R R U U R R R D R R R D D D D D D D D W W W W W W W W W W W W W W W W W R R R L L L U U U U U U U L U L L L U L L R R D R R R D R D D D D L L L D D D L L D D L 
25 89 6 200
32 736 341 528 563 335 
D R R L L L L L L L D U R R L L L L L L L U U U U U U U U U R U R U L L L L L L L L L L D D U U R R R R R R R R R R D L D L D D D D D D D D D R R R R R R R R R R U L L L L L L L L L L U U U U U U L L L L L D D D D D D D D D L D D R R R D R R D R D R R D R D D R D D D D D D D R R D R R R R R D D R R R D R R L L D D D D D D L L L L L D U R R R R R U U U U U U U L L L U D D D D L D D L D L L L D U R 
99 5 4 200
77 356 642 236 
U L U U U U U U U U U U U U D D D D L L R R D D D D D L U U U U U U U U L L U U U D D L L L L L L L D D L L D L L D L D U R U R R U R R U U R R R R R R R D R R D D D D D D D D D D D D D D D D D U U U U U U U U U U U L L L U L U L U L L D D L L D U R R U U R R D R D R D R R R D D R D D D R D U U U U L U U U U U U R U U U U U U U U U L D D D D D L L L D L U D R D R D R D D L L D L L U U U U U L L U 
33 45 5 200
242 240 492 746 776 
D D D D L R U U U U U U U R U R R R R R R U U U U U L W W W U U R U U U R U L U L L L L W W W W W W W L L D D L L D L D D D D D D D D L L L L L L D L R U R R U U U U U U D D D D D D L L L D D D D D L R U U U U U R R R R R R U U U D D D R U U U U U U U U R U R R U U R R R R R R D R D R R R R R L L L L L L D D D L D D U U D D R U U R U R R L L D L D D D D D D D L L L L L L D D D U U R R U U R L D D 
17 76 3 200
376 3 362 
D D D D D D D L D D D L L L L L D D D D U U U U R R R R R U U U R R U U U U U U U U R U D D R D U L U L L L D D D D D D U U U U U U L U L L L L L L L L L U U U U U U U U R U U U L U U U U L L U L L U U U U L L D D D D D D R D R D D R R D D U U L L U U L U L U U U U U U R R D D D R R R R R L L L L L D R R D R R D D D D R D D D L D D D D D D D D R R R R R R R R R D R R R D D D D D D D D L U U U U U 
50 62 10 200
127 981 788 806 775 936 441 699 176 496 
R R R U U U R U R U U U R U U U U U R R R L U U U U U U R U R L D L D D D D R R R R U U R U D L D D D D R R R U U U D D D L L D D D D D U U U U U L U U L L L L U U U U U U U U U U L L R R D D D D D D D D D D D D L L L L L R R R U R R U U U U U U U L L L L L L L L L L L D D L L D L D D D D U U U U L L D D D D D D L L L L D D U U R R R R U U U U U U R R R U R R U U R R R R R R R R R R R D D D D D D 
62 57 5 200
79 351 974 80 609 
L L L D R R R R R R R R R R R D U L L L L L L L L L L L L L L L L L R R R R R R R R D R D D R R R R R R D D R R R D D D R D D D D U U U U L U U U L L L U U L L L U U U U D D D D L L L U U L U L L U R R R D D D D D D D D L W W W W W W W W W W W W W W W W W W W W W W W W W W W W W D D R R R R R R R R R R R R R R R U R R R R R R R R D D D D D R D D R D D D L L L L U L U L L L U L U L L L L L L L R R 
44 46 4 166
638 673 828 698 
D U U U U U R U R L D L D D D D L L D D D D D D L L L L L L L L L U L L U L U U L L U L U D R D R R D D R D R R D R R R R D L L D L L L L L L L L L L U U R R U U U R R R U R U D L D D D U U L L L D D D L L D D R R R R R R R R R L L L U L L U U L L R R D D R R D R R D D D D D D D U U U U U U U R R U R R U R R R R R U U U U U U R R 
72 88 3 156
65 210 761 
D D D D D D L L D D R D D D D R D D D D U R D D D D D D D D R L D U U U U U U U R R R L L L L L L L L L D D D D D D R R R D D D L D U L L L U L U U U L U U L L U U D D R R D D R D D R R R R L L L L U U L U U D D R D D D R D R R R R U U U L L L U U U U U U R R R R R R U U L U U U L U U U U L U U R R U U U U U U 
62 6 5 200
456 992 832 742 751 
D D L R U U R U U R R R U L U U U U U U L U U L L L U D R R R D D R D D D D D D R D L L L D D L L L L L L L D D L R U U R R R R R U U U U R U U D D R R R R D R R R R U D L L L L U L L L L R D D D D R R R D D R D D R D U L U U L U L L L L L L L U U U D D D R R R R R R R D D R D R D U L U L U U U L L L U U U U L L L L L U L U L U U L L L D D L D L R R R R R D R D R L U L U L L L L U R U U R R R D D 
19 23 2 148
789 539 
L R R U R R R R R R U U U U R U U R R R R R R U U U U R R R U D L L L D D L L L L L L L L L L L R R R R R R R R R R R D D L L D D D D D D R R U R R U U U R U U U U U R R R R R D D D D D L D D U U R U U U U U L L L L L D D D D D L D D D L L D L L U U U U U U L L L L D D L D D D D L L L L L L D L 
82 89 8 200
626 85 575 380 197 26 911 519 
R U R U R U U U U R R D D R D U L R R D R D D D L D D D L L U D R R R R R R R R R D R R R U U U U U U U U U U D D D D D D D D D D L L L U L L L L U U U D D R R L L D L L L U U U R U U U L U L L U U L L D D D D L D R R D R D D D D D L D L R U R U U U U U R L L D D L L L D D D L D D D D D U U U U U L U L R D R R D D D D D D D D D U U R R U R R U R L D L L D L L U U U U U U U U U U R R R U U U L L L 
27 6 5 166
924 195 745 332 386 
L L L L D U U L L L L L D L L L L L L L L L L L L L D L L L D D L D U L U U U D D D R R U R R R R R R L L L L L L U R U U U U U U U U U U D D D D D D D D D D R R U R R R R R R R R R R R R R R L L L L L L L L L L L L U L L L U U D D R R R D R R R R R R R R D D D D L L U D R R U U U R R R R R L L L L L U R R R U R R R R R D R R R R 
20 96 6 152
283 559 260 939 752 884 
R D D D D D R D U R R R R R D D D L D L L D L L L U L L L L L L L L L D L R U R U U U U U U L L U U L U L L L L L L D L L D L D D U U R U R R U R U U U D D D R R R D D D D D D U U U U U U R R D R D R R R L L L D R R D D D D D D R R R R R R R R D R R R R R L L U R R U R U U U L L R L L L L L U U U U U L 
58 55 7 200
693 426 540 400 98 678 132 
D D D D D D D D R L U U U U U U U L L L L L L R R R R R R R R R D D D D D D D D D R R D R D D D D U U U U R R R R U D L L L L L U L L U U U U U U U U U L L L U U U U U U L U D R D D D D D D D D R D R D R L U L U L U U U U U U U U U U U U U L L D D L D D L L L D D D R R R R R L L L L L U U L L W L L L D L L L L L D U R R R R R U R R U U U U U R L D D D D D R R R D R L U U R R R U U R U U R R D D D 
14 3 4 200
720 696 534 83 
R R U R R R L L L D L L R U R R R R R U D L L L L L D L D L L L L L L R R R R R R D D U U U U L L L L L L L L L L L L U U U U U U W W W W W W W W W R U R R R R R R R U D L L L L L L L D L D D D D D D R R R R R R R R R R R L L L U L L L L L U U L U L U R R R U U U R U R U R R R R U R R R R R R R R R R R U U U U U U U L L U U R U R R R U U U U U U U U U R U U R R R U U U U R U R R R R U U D D L L L 
92 8 6 200
640 811 265 958 591 416 
L L U U U U U U R R U U D D R D D D D D D D D D L R U U U U U U U U U L L L D D D D D D D D L R U R R R R L L L L U R R L L L L U L U L U U U R U U U U U L R R R R U D R R R R R R R U R R U U U U U U U U U U L L D D D D L L R R U U U U R R D D D D D D D D D D L L D L L L L L L L L L R R R R R R R U R R R U U U U L L U U L R D D R R D D D D L L L D L L L L L L L L D D D R R U U U U R R R R L L L L 
93 20 5 200
415 830 438 810 169 
U U U D D L R R R R D R D U L U L L L D L L D D U U R R U R R R D R D D R D D D D D D D D R L U U U U U U U U L U U L U L L L L L U U U L U L U U U U U U R L D L L R R D D D D D R D R D R R R L L L D D R R D W W W W W W W W W W W W W W W W W W W W W W W W W W W U W W W W W W W W W W W W W W R R R R L L L D D W W W W W W W W W W W W W W W W W W W W W D U U R R R L L L U L D L L L L L L U U U U U D 
53 28 5 200
114 927 661 149 726 
D L L L L U L L L L L L R R D D D D D D D U U U U R R R R R R R R R R R R R R D D U U U R R R R R R D R L U L L L L L L D D D D D D D D D D D D D D D D D D D D D D D L R R D D R D R R L L L L L L U D R R R R U L U U L U U U U U U U U R R R R R R D R L U U R R U R R U R U U L D U R D D L D L L D L L D L D D L U L R D R U U L L L L L U U U U U U U U U U U U U U L L L L L L L L L L L L L L U U U R R 
3 51 4 92
570 5 479 760 
U U U L L U L R D R R D D D R R R R R U R R R L L L D L L L L D D U U L U U U U R U D D D D D R R R R U R R R R U U D D L L D R R R R R D U L L L L L U L L D L L L L U U U U L D D D D 
22 73 4 118
82 443 986 196 
D D D D L D D D D D D D D D D D U U U U U U U R R R R R L L L L L L L L L R R R R U U R R R R R R R R L L U U R R U U R R L L D D L L D D L L L L L L U U R U U U U D D R R R R R R R R R D D R R D D R L U U L L U U L L L L L L L L L U U 
30 98 4 196
675 866 414 81 
D D D D D R R U R R R U U R L D D L L L D L L U U U L L R R D D D R D D R D D R R R R R D U U U R R D D D D D D D D R R D D D D R D D D R R R R R R D U L L L U U U U R R U D L L D D D D L L U U U U U U U U R U U R L D D L D D D D D D D D L U U U L U U U U L L U U U U U U U U L L D D L L L L L U R R R R R U R R D D D D D D R R L L U U U U U U L L D L L L L L D L D U R U U L U U L U U U U U 
52 32 5 200
590 218 729 506 7 
L U U U L U L L L U U U U U U U U U L L L L R R D D D D D D D U U U U U U U U U L R U R R R R R D R L U L L L L L L L L L D D D L R U U U R R R R D D D L L D U R R U U U R R R R R R D U L L L L L L D D D R D D D D D D U U U U U U L U U R U R R R R R R R R R R U R L U U U U U D D D D D D L L L L L D D D D D D D W W W W D D D D D R L U U U U U U U U U U U U L L L L L D L D D R R D D D D D D D D D R 
84 78 4 200
815 58 573 397 
L L L D D U U U U U U U U U U U D L L L L R R R R D D D D D D D D R R R L L L L R R R R U U W W W W W W W W W W W W W W W W W W W W W W W W W W W W W W W W W W W W W W W W W W W W W W W W W W W W W W W W W W W W W W W W W W W W W W W W W W U U U U R R R R U U R R R R W W W W W W W W W W W W W W W R D D D D L L D L L D W W W W W W W W W W W W W W W W W W W W W W W W W D D D D D D D R D D D D D L R 
76 4 5 200
637 318 529 554 566 
L L L L L L L D D L D D L L L U U U U L R D D D D R R R U U R U U L U U U R R U R U U U U U R R U R U R R R U U R U D L D D L L L D L D L L D D D D D L D L L D D D R D D D D L L L R R R U U U U U L U L R U U R U R U R U U R R U U U U U U U U U U U U U R U U U D D D L D D D D D D D D L L L L R R R R U U U U U U U U U R R R D R D D D D D D U U U U U U L U L L L D D D D D D D D D D D D D D L L D D L 
60 95 4 188
104 137 799 691 
L L L L L L L L D L D L D L D L D U R U R U R U R U R R R R R R R R L L L L D D D R R R U R R R R L L L L D L L L U U U R U U U U D D D D R R R L L L L L L L L L L L L U L L L L L L R R R R R R L L L L L L L L L L L U L L L L L L U U L L D D D D D D D D D D D R D D R R R L L L U U L U U U U U U U U U U U R R D D R R R R R R D R R R R R R R R R R R D R R R R R R R R R R R R 
7 52 5 200
30 165 113 952 965 
U U L L U U U U U U U U L U U L L L R R R D D R D D D L R D D D D D R R D R R R L U U U U U U D D D D R L U L L R R U U R D D D D R R R R R D D R D D D L L D D D D D L L R U U U U U U D D D D D D R D D D D D R D D D D D D W W W W W W W W W W W W W W W W W W W W W W W W W W W W W W W W W W W W W W W W W W W W W W W W W W W W W W L L L L L L L L L L L U U L U U U D D D R D D R R R R R R R R R R R U 
51 2 4 198
405 278 237 870 
L L L L L L L L L L U L L L L U U U U U U U D D D D D D D R R R R D R R L L L L L L U L U U U U U U U U U L R D D D D D D R R R R R R R R R R R R R L L L L L L L L L L L L L D D D R D R R R R R R R R D D L L R R R R R R R U R L D L L L L L U U L L L L L L U L L U U U U U R R U D L L D U U R U U U U U U U U U D D D D D D D R R R R R R L L L L L L D D L D D D D D D R R D R R R R R R R R R R R R 
83 91 3 124
960 812 611 
L L U U L U L L L L L L L L U D R R R R R R R R D R D D R D L L L L L L D D U U U L L L L U R R R R R U R R R R R U R R U U L L L L L L R R R R R R D D L L D L L L L L D L L L L L D R R R R D R R R R R D D R R R D W W R R D U L L U L L L U U R U R 
91 75 5 200
599 177 864 985 739 
R R U U R R R D D D R R D R L U L L L R D D D D U U U U L L L L L D L L L L L D L D D D D U U U R R R R R R D R L U L L L L L L U R U R R R R R U R R R R R U U U L L L D D L L R R R R R U U R U R U U D D L D L L L L L L U L D D D D R D D R R L L L R R R R R D R W W W W W W W W W W W W W W W W D R R R U U U U U U U U U U U U U U U U U U U U U U U U L L L L U D R R R R D D D D D D D D D D D D D D D 
79 26 6 178
917 360 445 319 193 485 
U U R U D D R R R R R U U R R R R R R R R D R D D D D D L R U U U U U L U L U D L L D U L L D D D D D D D D R D R R R D R R U U R R R R U U U U U U U U U U U U R U U D D L D D D D D L L L L L L L R R R R R R R D D D D D D D L L L L L L L U U L L U D R R D D R R R R R R R U U U D D D L L L L D D L L U L L L U L U U U U U U U U L L L D D L L L L L U L D D 
88 97 5 199
480 229 873 323 145 
R R R D R R R D R D R R R R L L L L U L U L L L U L L U U D D D D D R R D D D R R R R R R W W W W W W W W W W W W W W W W W U U U L L U U L L L U U D D R R R D D R R D D D L L L L L L U U U L L U U U L L R D D D D R L D L L L L L L L R R R R R R R R R D R D D D D R R D D D D L D D L R U U R U U U U L L U U U U L U L L L L L L L L D L D D U D D R R R U D L L L U U U R U R R R U D R R R U U U U U 
14 77 7 200
478 567 227 592 579 493 457 
D L L L L L L L R R R R R D D D D U U U L L L L L L U U L U U U U L U U U U U U L U L U U U U U D D L L U U U U U R U R R R L L L D L D D D D D R R D D D R D R D D D D D D R D D D D R D D R R R R R R U R R U D L L D L D D L L D D L L L L L L L L D D D D D D R R R R R R R D D R R D R R L L U L L U U L L L L L L L U U U U U U R R R R L L L L D D D D L D D D U U U R U U U U R R R R R R R R U U R R U 
99 65 5 200
719 468 925 339 998 
L D D D D D L L L R R R U U U U U U U U U L L L L L D L R U R R R D D D D D D D D D D D D D D D D D D D D D D D L L L D L L L L D D D L D D D D D D L L D L L L D D D D U L L L L U U U U U L L L L L L L D L L L U U U U U U U R R R R R R R R R R R R R R D D D D R R L L U U U U L L L L L L L L L L L L L L D D D D D D D R R R D D U U U R R R R R R R D D D D D R R R R U U U R R R U R R R L U U U U U U 
61 62 5 200
748 206 818 700 542 
D D R R D L D L L L U U U U U U U U U U U U U L R R U U R R U D L L D D D D D D R D D D R D D R D R R R R D R R R R R D R L D L D D D D R D R R U R R R U R U U U U U U R U U U R R U R U R U U U L L L L U L L L L U L U U U U L U U U R L D D D R D D D D R D R R R R D D U R R R R D D D L D L D L L D D D L D D D D D D L D L L L D L L U L U U U U L U D R R U U L L L U U U D D D L L U L L L L U L U U L 
76 24 5 200
669 562 117 933 881 
R R R R R R L L L L U U U U U R R R U L L L U U U L L U U R L D D D D D L D L L R R U R U U U R R D D D R R R D L L L D D D D R R R U D L L L U U U U R L D D D D D L L L L D D U U R R U R L D D D D D D D L D D R D D R L L L D D D D D L L D L L D L D R R R R R R R D R D D L L L L L L L L L D L L L L L U L U U L L U U U L L L R R R D D D R D D D D D R L U U U U U R D D R D R R R R R U R R R R R R R 
38 54 4 200
837 888 520 604 
D R R D R R R R L L L L U L L L L L L U U R U U U U U R R R R R R L U U D D L L L D D D D D U U U U U L L D D D D D L D D R R R D U R U U U U R U U U D D D L D D D D L D L L L D L D L D L L L L L W W W W W W W W W W W U U R R U U U U R U U U U R U R R U U R R R R R R U R U R U R R U U R U U R U U U R U R R U U R R U U D D L L D D L D D D D D D D L R U U U U U U U L D L D D D L D D L D D L L D L D 
19 64 6 200
861 942 847 976 497 50 
R D U L L D L L D L D D R D D D D D D R D R D D D R R R L L L D D L D D D D D D L L L D U R R R U U U R R R R R R L L U U U U L R D R L D D D L L D D D D R L U U U U L L U U U R U U D D L D D L D D U U R U U R U U U L R D D R U U U U U U U R L D D D D D D D L U U U U L U L U U U U U U L L L L L L L L L L L U U L L L D D L D D D D U U U U R U U R R R U R R L L D D D R R R R R R R R R R U U R U R R 
41 53 5 199
68 309 607 153 914 
R U R R D R R R R R R D R R R R R R D D D D L D L L L D D D D D D L L L R R R U U U U U U R R R U U D R U U U R L U L L U U U U U D D D D D L L L L U L L L L U U U U U U U U U U U U U D D D D D D D L R D D D D D D D D R D R R L L L L L L D L D L L R R U R U R R R R U L U U U U U L L L L L R R R R R D D D L D D D D D W W W W W W W W W W W W W W W W W W W W W W W W W W W D U U U U U U L U L L D L 
29 78 4 72
731 429 401 820 
R R U U R R R R R L D D D D R D D R R R U U U U U D D D D D L L L L L D U R R U U R R R U U R D D R L U U L D D L L L L U U U U L L L L D D L L 
85 60 6 200
677 504 361 179 148 251 
U R U D L D L R U U U U R R U R U U U L L U D R R D D D D U R R U U D D L L L D L L D D D D D D R D D U U L U U L D D L W W W W L W W L U U R U R U R W W R L U U U U U U U U L U L L L L L W W W W W W W W W W W W W W W W W W W W W W W W W W W W W W W W W W W W W D D D D R L L L L L L L L L L U L R R U R R R R U U U U U R R R U D L L L D D D L L L L L L L R R R R R R R U R R R R R R U R R L L D L L 
37 11 3 70
744 962 660 
R D R D D R R R D R R R R R R R U U D D L L L L L L L U L L L U U L U L U U U U U U U U D D D R R U U U U U U U D D D D D D D L L D D D D D 
94 58 6 108
903 842 302 862 680 668 
L L D R R D D R D D D R D D U U D U U U U U U U U U D D D D D D D D L D U U U U L U U L L U U L L L L L U L U L L L D D L L D D D U U U R R U U R R U U D D R D R D D D D D D D L D D U U R U U U U U U R R R R R D R R 
50 12 4 198
877 618 865 73 
D D L U U L U R R R R U U U U U R U R R U U U R R U D D D D D R R L L U U U U L L L L L L L L L L L U L L U U U U U U U U U U U U R R R L L U U U U U U U U U L R D D D D D D D D D D D R D R R R R D R D R R U U U U U U U L L L U L R D R R R D D D D D D D L L L L L L L R R R R R U L U L L L L U L U U L D D D D D D D D D D D D R R D R R R R R R R R R D D D L L D L D D D D D L L L L D R D D R U U 
47 46 10 172
526 898 198 474 983 785 874 544 758 219 
U R R R U U U U R L D D D D L L D D D D D D D R R R R R U U U U R R R U U R D R R D R R R L L L U L D D D D D D D L L R R U U U U U U U U U R R U R U D D D D U U U L L U L U U L U U D D R D D R D R R R R R U R U U U R U U U U U U L L D D L R U U R R D D D D D D L D D D L D L L L L D L L D D L U L D D L L L D D D D L L L L L U U U U U U U L D 
68 82 6 200
404 580 733 491 307 134 
U U D D L L D L D D D D D L D D D L R U U U L L L R D U R R D D D D L L L D D D U U U R R R U U U U R U U U U U U U U U U U U D D D D D D D L L L L L L L L D U R R R R R U U U U U L U U L U L L U L L L R R R D R R D R D D R D D D D D R R R R R D D D U U U L U R R D D D D D D D D D D R R R R U U U U U U W W W W W W W W W W W W W W W W W R R R R R R U U D D D U L L L U U U U U U U D D D D D D D L L 
84 8 6 102
686 467 62 185 849 510 
L L D U L L L R R R R R U U U U U R R R R R U U U U R R R R D D L L L R R R U R R L L U L L L L D D D D L L L L L D D D D D L L L L D D L D D D D R R R R R L L L L L U U U U U U U U D D D D R U U R R R R 
22 23 6 200
880 469 93 146 222 951 
R R R R R R R R R R R D D R D D D D D D L L L D U R R R U U U U U U R R U R R L L U U U U U R R U U D D L L D D D D D D L L L U U L L L U U U L R D D D L L L D D D L D D D L D D D R R R R D D D R D R D R D D R R D R D D D D D R D R R R R R R R R R R R R R U R R R U R U U R R R U U U U D D D D L L L D D L D L L L D L L R U R R R R R R U R U U R U U U L U L R D R D D D L D D L D L L L L L L D L L L 
36 94 9 181
481 321 946 23 268 897 371 614 216 
R R D D D U U U U D L L D D U U R R R R U D D D D D D D R D R R R R R R R R R D D U U R R R R U R R R R R R R U U D D L L L L L L L R R L L D L L D D D D D U U R R R L L L U U L L L L R R R R U L L L L L L L L L L L U L U U U U U L R D D D D D D R R D U L L U U U W W W W W W W W W W W W W W W W W W W W W W W W W W W W W W W W W W W W W W W L R U U U U L L L L 
73 54 9 200
225 807 597 224 647 755 768 299 913 
U R R R U U R U U U U U U R L L L L L L U U U L L U U U U D D L R U U R R D R R R D D R R R R R U R D U L D L L L L U U D D L U U L L L U L L D D D D R R D D D R R R R R D D D D D D L D D L L L D U U U U U U U U L L U U U U L L L W W W W W W D L L L L U D R R R R U R R R D D D D R R D D D D D R R U R U R U R D D D D D D L L L D L L L D D L D D U U R U U R R R U R R R U U U U U U L D L D L D L L D 
5 82 5 200
434 503 350 171 320 
U U D D D D U U U U U U U U U U R R D D D D D D L R U U U U U U L L L L U U R R R R R R R R R L L L D D D U U U L L L L L L L U W W L U U U U D D D D R D R D D R R D D D W W W W W W W W W W W W W W W W W W W W W W W W W W W W W W W W W W W L L D L L D D L D R R R D D L D D D D D D U U U U U U R U U L L L U R U U R R U R R U U L L U U L U U L U U U R U R U R R R R R R R R R R R R R R R U R R L L D 
38 89 5 200
705 875 247 417 38 
L L L L L L R R R R R R D D D D D D D D D D D D D D U U U U U U L L L L U L R R R U D L L D L L L L D D W W W W W W W W L L D D R R D R R R D R D R R R R R R R R R R R R U U U U R R U U U U L L D L L D D D D U U U U R R U R R D R R R R R R D R R R D D D D U U U U L L L U L L L L L L D D D L L D D D D L L L L L L L U U U U U U D D D R L D D D L D D D D U U U U R R R U R U U U U U R U R R R R L L L 
61 91 4 200
304 956 655 394 
L L L L L L L L L D R R D L L L L L L L U U U L U U U U U U L U R R R R R R R R R R L L L L D D D U U U L L L L L L D L L L L R R R R R D D D U U L L L R R R D D D D D R D D D R R R R R L L U L L L U L U L U U U L L L L L L L L L U D R R R R R R R R R D D D R R R R R R R L L L L L L U L L L D L L D D D D R R R R D R L U L L L L U U U U U U U L L L L L U D R R R R R D D D R R U R R R D D R D R R R 
6 66 8 200
772 964 52 777 803 329 295 891 
L L U L U U U L L L U D R R R R R R R R R R R R R R U U U U U R D D D D D R D D R R R D D R D R D R R R R R R R R D D D R R R R U R R R R U U U U U U U L U D R D D D D D D R R L L D L L L L D L L L L U U U L L L L L L U U U D D D R R R R R R R D R R R R R L L L L L U L L L U U D D L L L L L L L D U R U L U L U U L L L U U L U U U U U L L R D D D D D L D D D U U U L L L L L L L L L L D D D R D R R 
24 56 1 6
848 
U R U D L D 
11 46 6 200
774 543 899 303 706 475 
R R L L D D L D D D L L R R D U U U U U U L L U L L L L L U U L U U U U U U U U R R L L U U U U U L U L U U R R R R R R R R R D D D D R R R U U R U D L D D D D D D D D U U U U U U U R U D D R L U L D L L L U U U U L L L L L L L L L D D D U R D R D D D R R R R R R R R R D D D R L U U U L L L L L L L L L D D W W W W W W W W W W W W W L R R R R U U D D D D D D R D U U D D D D R R R D D D R R L L U U 
69 95 2 78
883 1 
L U L L L L L L L D D D L D L L R R U R U U U U U R R U R R L L D L L D D R R R L L L D D L L L L R R R R U U L L U U L L L R R R D D R R R R R R R R R D R 
3 46 4 200
96 399 593 150 
R R R R U D D D D D D D D R D R D R R R L D D D D D D U U U U U L L L L L L R R R R R R R R D D D D U U L L L W W W L L D D D D D D U U U U U U L L L U U L U U U U L U U U U D D D D L L D U R U U U U L U D R D D D D R R D D D D R D D R R R R R R R R U U L U U U U U U U U U R U U U L L L L L U L L L L U U U L U D R D D D R R R R D R R R R R D D D L D D D D D D D D D L U L L U L U L U U U U U U U L 
21 2 1 38
765 
R R R R R R D R L U L U U U R R U U L L L L R R R R D D L L D D D L L L L L 
69 12 2 200
823 312 
U U L R D D W W W W W W W W W W W W W W W W W W W W W W W W W W W W W W W W W W W W W W W W W W W W W W W W W W W W R U W W W W W W W W W W W W W W W W W W W W W W W W W W W W W W W W W W W W W W W W W W W W W W W W W W W W W W W W W W W W W W W W W W W W W W W W W W W W W W W W W W W U L L L L L U L L D U R R U R R R R U U U R U R U U U U R L D D L L L L L L L L L L L U L L L U L L R R D R R R D 
47 19 1 14
37 
D D D D L D L R U R U U U U 
19 21 4 144
664 770 364 889 
D D D D D D L R D D D D D D R L U U U U L R D D D D U U U U U U U U U U U U L L L L L U L L U U U U R R R R R U R R R U U U U U L L L R R R D D D D D L L L D L L L L L D D D D R R D R R R R R R R R U R L D L L L L U U U R U U R U U U U L L L R R R D D D D R R R R L L L L L D D L D D D R 
26 0 2 58
107 354 
R W W W W W W W W U R R R D R R L L U L L R R R R R L L L L L L L L L L U L U U U U L L R R D D D D R D R R R R D L 
79 0 2 86
86 941 
L L L L L L L R R R R R U U U U U L L L L L L L L L U U U U D D D D R R R R R R R R R D U U U U L L U U U L L L D D D D U U R R L L U U R R R D D D R R D D D D D D D D R R 
68 15 4 138
130 290 170 603 
R U U R L R R R R D D R D U L U U L U U U U U U U L L L L L L L L L D L L D D D D D D R R D R D R D D L W W W W W W W W W W W W L R R U U L U L U L L U U U U U U R R U R R R R R R R R R D D D D D D D L L L L L D D D D D U U U U U L L L L L L U U U D D D R R R R R R R R D D L 
40 46 3 200
550 151 118 
L L D D L D D U U L L L L L U U U L U L R U R U R R R R R R R L L L L L L U U U U U U U U R L D D D D D D D D L D L D D L L L L D L D D D L D L D D D D D D D D D L L L D D R D D R R L L U U L U U R R R R R R R R R R R R R D D D D L D L D D D U U U R U R U U U U L L L L L L L L L L L L L L L L D L L L L U U U U U U L R D D D D D D R R R R R D R D D D R R L L D L L L D D D D D D D R R R U R R L L D 
43 20 5 200
226 600 365 284 971 
R R R R R R U U R U U R L D D L D D L D D D D D D L D D D L L D U U L U U U U U L L L U U U D D D D D D D D L D L L D L L D D L L D D R D D D U U U L U U R R U U R R U R R U R U U U U U R R R D D D R R L L D D R D R R U U U R U U U U U U L L L L R R R R D D L D D D D D L D L L L R R R U R U U U U R R L L L D D D L L L L L L L U U U D D D R R R R R R R R L D L R U U U U R U R U U L L L L U U U U D 
25 48 4 96
754 259 128 256 
R R U U U R R D D U U U U D D L L D D D L L D D D D L D L L D L D D L L D D L D D D L D D L L R R U U L U U U U U U U U U U L R D D D D D D D D D D R R U U U R U U R R U U R U R R U R U U U U 
85 17 5 173
780 355 264 347 116 
R U R U U U L L U R U R U R U U U U D D D D L D L D L D R D D U U U U U U L L D D D D D D D D D L D L L R R U R U U U U U U U U U R R D D D D R D D D L D L U U R L D D D D D D L D D D R D D R R D R R R R R R U U W W W W W W W W W W W W W W W W W W U R R R W W W W W W W W W U U U L U D R D D D L L L D D D L L L L L L U L L U U L U U U R U U U U 
84 75 4 194
835 51 982 306 
R U R R R R U U U R R R R R R R R U U U L L U L U R R R U D L D R R R D D D D D D D D D L D L D D D L L D D D D D D L D D R D D D D D D D L D L R U R U U U U U U U D D D D D L L L L D D D L L L D D D D L R D D R D R R D U L L U L U U U U U U R R R U U U R R R R U U U U U L U U R U U U U U U R R U U U R U R U U U U U U U U U L L L U L L D R D R R D D D L L L L L L L L D D D L L L L D L 
52 53 7 180
656 123 18 662 141 670 248 
L U U U U U D L L L L R R U U U U U U U U U U U U U U U U U R U U U U D D D D L D D D D D D D D L L L L R R U U U U U D D R R L U U U L L L L D D D L D L L D L L D D D L L R R R R R D D D D D D R D R R L L U L U U U U U U L L L U L R U U R R U R R U R U U U R R R R D D D L D D D R R D D D D D D D D D R D D D D D D D D L R U U U U U U L L R R U U R D D D D R 
80 33 5 200
778 60 454 115 616 
U U U U U U U L L L L U L U L U U R R R U R U D L D D D D U U U L L L D D L L D D L D D L D U R U R R L L U R U U R R R D R D R R R R D D R R R R R R L L L L L L D D D D D R R U U U R U R R R R U U U U U U L U U L U U U U L U L R U U U U R U U R U U L R R U U U U U U U U U U U U R L D D D D D D D D D D D D D D D D D D D D D D D R D R L U L U U U U U U U U U U U U U L U D R D D L D D L D D L D D D 
88 2 4 84
990 205 501 513 
L L U D L L L L L D L R U R R R R U U U U U U U U U D D D D D D R R R R R R U R R R R L L L L D L L L L L L L L R R U U U U L U L R D R D D D D L L L R R R D D D R R R 
28 0 5 200
450 487 574 420 367 
R W W W W W W W W W W W W W W W W W R R R R R U U U U U L L L U L U U U L L L L L L L L L D L L L L L L U L U U U U U U U U L U L L L L L U U U U U U U L L U R R R R U U D D D D D D R D D R R D R D U L U L L U U L U U U U L L L L D D D D R L U U U R R D D D D D D D R R R R R D R D D D D D R R R R R R R R D U L L L L L L L L D D D D L D L L D U R U D R U R U R D R R R R R R U R R R R R R R R R D D 
21 76 4 122
650 428 446 859 
R R R R D R R R R R D D D R R D D R L D L D D D D D D L R U U U U U U R U U R D D D D D R D R D D D D U U L L L L U D R R R R U U L U L U U U U U L U L L L L R R R R R R R D D D R D D R D R L U L U U L U U U L L L L L U U U L L L L L U L L L L 
75 45 6 166
385 379 461 296 919 928 
R U R U R R R D D R R U U R U R R U R U U R U U U U U U U R R R L L L U U D D D D D L L L L U U U D D D D D D D U U U U U L U U D D R D R R R R D D D D L D D L D L D D D D L R U U U U R R R U D L L L L D R D D D D D D R R D D D L L L L U L U L U L L L U D R R R D R D R D R R R R U U U L L U U U U U U L L D D L L U U L L L D L D L 
47 27 4 200
850 413 129 950 
R D R R R R R R R R R R R D D R R D D D U U U L L U U L L U U U L U L U U R R U R R R R R R R L L L L L L L U U U U R R R R R R R R U R U U R U R U D L D L D R R R R U U U R U R R R L L L D L D D D L L D D D D L D D U U R U U U U L L L L L L L L L L L L L U U L D D U U R D D R R R R R R R R R R R D L D L L L L L L L L L L L L L U U U D D D R R R R R D D D D D L L D D R D R D D D L L L L L L L L L 
75 49 8 136
293 252 710 795 184 665 57 697 
R R R R R R U R U U R R R L D D D U R L U U L L D D L U U U U U L L U U U U U R R R U R R R R L L L L L L U R U R R L L D L D R R D L L L D D D D D D L D L L L D L L L L L U U L U L R D R D D R R R R D L L L L L L R R R R R R U R U R R R U R U R R D D D D D D L L L L L L 
84 34 4 156
907 643 577 67 
U U U U U U U D D D D D D D D D R R R R R R U U U L L R R R U U U U U U U U U R R R R R R U U U D D D L L L L L L D D D D D D D D D L D D D L L L L L L U U D R R R R R R R R U R R R R R R R U D L L L L L L L D L L D R R D D D R D R L U L U U U L L U L L U U R R R U U R R R R R L L L L L D D L L L D D L L L L U 
20 93 4 168
393 797 935 853 
D D D R L L L L L U U L R U R R U U R U U R R R U R R R R R D D D D R D R L L L L L D R R R R D R D R R L L U L U L L L L U R R R R U L U U U U L L L L R R R R U R R R R D D D D D R D D R U U U D D D L U U L U U U U U L L L L D L L L L L U D D L L L D D L D L L R R U R U U R R R D D D D U U U U L L L D D L D D L L D D D R R R R U U U 
97 22 7 200
871 654 624 33 46 646 717 
U U U U U U U L L L U U U U U U U U U U U L R R R R R U R U L L L L L L D D L R U U R R R R R R D L D L L L L D D D D D D D D D D D L D U R U U U U U U U L R D D D D D D D R R R D D D D D D D L L U U L U U U R U U U U U U U U U R R R U U U U U U R U U U U U U D D D D D D L D D D D D D D D R D U L U U L L L D D D D D D D D D L D D D L R U U U U U U U U U R R U U U R U U L U U L U L U L L L L R R R 
60 29 6 200
868 798 427 932 594 551 
R R R D D D L R U U R L U L L L U U U U U D D D D R R L L U U L L L L R R R D D D D U U U U R D D D R R R R R R R R R D R R D R R U U R R R U R R R R D L L D D D D D D D D D D D D D D D D D D D D D D D D D D D R R R R R R D R R R R R U U U U R R R U R R R U U L U D R D D L L L D L L L D D D D L L L L L U L L L L L L U U U U U U U U U U U U U U U L L R R D D R R D R R R R L L L L U L L U U U U U U 
62 97 5 200
228 158 282 863 72 
R R R R R R R R U U D D D D D R R R R L L L L U U U L L L L L L L L U U D D R R R R R R R R D D D L L L L L L D D D D U U L L L L L L L L L L L U L L R R D R R R R R R R R R R R U U R R R R R R U U U L L L L L L U U D D R R R R R R D D D L L L L L L D L L D D D L L L L R R R R U U U U U U L L L R R R D D D R R U R R D D L L L D L D L L L L D D D D D L D L D L W W W W W W W W W W D L D U R U R U R 
45 15 3 200
813 75 800 
U U U L L U L U U L L U U U L U U U U U U L U L U U D D D D L D L D D L D D L L L L R R R R U U R U U R U R U U U D R D R D D D D D D R D D R R R R R L L L L L D D D L D D D D D D D L R U U U U D D D D R R R D W W W W W W W W W W W W W W W W W W W W W W W W W W W W W W W W W D D U U U L L L U U U U U U U R U U R R U U U U U U U U U R U U U L U L L L L L L L D D D D L D L D D R D U L U U R U R U U 
83 95 2 200
558 369 
L L L L L L W W W W W W W W W W W W W W W D L D L L L L L L D D D R R R R D D R R D D D D D D D D D D R R R D R D D D R R R R R R R R R R U U U U D D D D L L L L L L L U U R U R U U U U U U U U U U U U U R U D L D D D D D D D D D L L L R R R R R U U R R U R R U R L D L L D L L D D L L D D D D L D L D D L L L U U U L U L L L L L D U R R U U U U U U U U U R L U L L U U L L L L U U U R R R R R R U R 
42 91 4 198
822 191 47 352 
U U U U U R L D D D D D D D D D D D D D D L D U R U U U U U U R R R L L L U U U U U U U L L L L L L L D D R R R R L L L L U U R R R R R R R D D D D R L R R R D R D D W W W W W W W W W W W W W W W W W W W W D D D L D D D D L D U U L U L W W W W W W W W W W L L L R R R R D R D R U U U U R U U R R R U D L L L U U U L U L U D D D R R R R R D D D D R R R R D R L U L L L L U U U U L L L L L U U L L 
26 89 2 199
59 126 
R R D D U U L L U L L D L R U R R D W W W W W W W W W W W W W W W W W W W W W W W W W W W W W W W W W W W W W W W W W W W W W W W W W W W W W W W W W W W W W W W W W W W W W W W W W W W W W W W W W W W W W W W W W W W W W W W W W W W W W W W W W W W W W W W W W W W W D R R D R W R R R R R R L L L L L L U U U U U U U U U U U U R R D D D D D R D U L U U U U U L L D D D D D D D D D D D D L U L L U 
44 66 5 186
557 882 462 458 288 
D D D D D D D D D D D R D U L L L L L L L L D L L R R U R R R R R U U U U U U L U U L U U D D D U U U U L L R R R R U R R R U U U R U R L D L D D D L L L D L L D D D R D D R D D D D D D R R U U U U U U U U R R R D D D D D D D R R R D D D D D U U U U U L L U U U U D D D D L U U U U U U U L L U U U U U R L D D D D D L D L L L D L L D L L R D D U U R U R R U R R R U U U U 
87 80 1 2
886 
L R 
