100
23 54 7 140
82 443 688 676 267 848 113 
U U U L U L R U U U U R U U R U R R L L L L L L L L L R R R R R R R R R R R U R U L L R R D L D L L L L D L D D L L U D R D D D D R R R L L L D D D L L L L L L U U U L L L L L U L L D L L L D D D R D R R D R L U L L U L U U U R R R U R R D R R R R R D D D R R R R R R U U R D D D 
9 66 5 184
165 30 50 457 444 
L L D L D D D L L D D D D D R D D D U U U L U U U U U L L L U U D D D D D D D D U U U U U U R R R R R U R L U U L L U U L L L U L U U U R R R R R L L L L L D D D D D D D U U U U U U U R R R R L L L L D D D R D R R R D D R R R D D D D D D D D D D D R R R R R R R R R R R D D R D R D U L U L L L L L L L R R R R R R U U L L L L L L L L L L L U U U U U U U U U U U U R R 
77 34 9 200
311 907 33 46 654 624 643 669 42 
U R R R R R R R U U U U U U D D D D D D R R D D D U R R R R U U R U U U U U R U R L D R R R U U R R R R D U L L L L D D L L L L D D D D D L L L R R R U U U U U U U U U D D D D D D D D D L D D L L L L D D D D D D L L D L D D L U U U U U U L R D D D D D D R U U R U R R U U U U U U U U L L L L L L L L L D D R R U R R R R D W W W W W W W W W W W W W W W R R U U R U U R R R R R R R R U D L L L L L L L 
57 62 6 200
127 981 788 176 132 632 
L L L L U U R R U U U U U U U U U L L U U U L L L U L L L L D L L D U R R U R R R R D R R D D D D D D D D D D L L D U R R U U U U U U U U U U R D D D R R D D D D D D D R R W D R R R R R D R D D D L D L L L L L L L D L L R R U R R R R R R R U R U U U L U L L L L L U L L L L L L U U R U U U U U U U L U L U W U U U U R R U R R R R D R R D R D D R L U U L U L L U L L L L D L D D D U U U L D D D D D R 
27 8 5 200
924 332 91 354 167 
L D D L D L L U U L U L L L D D L L L L D D L L L L U U U L U L L L U L L L R R R D R R R D R D D D R R D U R U D R U U R R R R R R R L L L U U R R R D R D D R R R R D D R D D U U L U U L L U L L L L L R R R R R R D D R D R D R R R R R U R R R R R R R R R R R U D D D R U R R R R R U R U U U R R R R R R R U R U U U L L L L L L U L L U U D D R R D R R R R R R D D D L D L L L L L L L D D D L D L L L 
93 52 6 200
842 862 296 302 903 84 
R R R L D U L L U U L U L L U U L U U L L U D D L L L L D D D D D D D U U U U U U U L R R R R R U R R D R R U U R R D R R R D D D D D D D D U U U U U U U U U D L L L L D D U U R R R R D D D D D D D D D U U U U U U U U U L L L U L L D D L L D R D D R R D R D D L L L L L U L U U L U R U R U U R U U D D L D D L D L D L L L L U L R D R R R R R D R R R U R L D L L L D L L L L L D U R R R R R R D R R R 
81 37 3 200
778 707 717 
D L U U U U L L L L L U U U L U R R R U U R D D D R R R D D U U L L L U U U L D D L L L D R D D D R R R D D D D U U U U U U U U U L U L U L L L U U U L R D D D R R R D D D D U U U R D R D D R R R R R U R R U R R U U U R U U R R R R D D L D D R D R R R R R R R U U U D D D L D D D D D D D D D D D D R L D D D D D D L L L D D L L D U R R U U U U U U U U U U U U U U U U U U U L L L L D L D U R U R R R 
89 22 6 200
415 193 871 319 840 250 
R U R R R L L U U U U U R R R R R R R L D D U U L L L U U U U U U U U U U U L U D R R R R R U U D D L L L L D D D D D D D D D L L L L D D U U R R R R U U U U U R R R R R L L D R R L L U L L L U U U U U U U U U U L L U L U U U L L R R D D D R D R R D D R R R R R L L L L L D D D D D D D D D D D D D D D L L D D U U L U L L U U L U L U L L R R D R D R D D R R D D D D D D D D R R R D D D R L U U U L L 
72 88 5 200
518 799 282 863 104 
U U L L L D U U U U U L L L L L L L U D D D D D L R R U U U D D D L U U L L L L L L U U U L U U U U R R L L D D D D L L L D L D U R U R R R R R R R U U U R R R R U R L D L L L L D D D L L L D D D R R R R R R D D L L L L R R R R U U U U U U L L L R R R D D R R R R L L D L D D L D L L L L D U R R R R U U L L L L L L L L L U L U D R D R R R R R R R R R D D L L L L L L L L L L D L L U L L R R D R R U 
18 96 4 130
208 59 32 463 
D R R R R R D D D D R R D R R D D D D D D R R L L D U U R R R R R R R R L L L L L L L U U D D L U U U U U L L L D L R U R R R D D U U L L L D D D D D D L D D D U U U U U U U U L U D R D D D D D R U U U U U U R U R R R L L L L L L L L R R R U U U U L L L L L U 
62 24 4 180
868 850 139 594 
R U U U D D D L L L L R R D D D U U U L L U U U U L L R R D D D D R R R W W W W W W W W W W W W W W W W W W W W W W W W W W W W W W W W W W W W R U U U U U U U U U U R R U R R R D U L L L D L L D D D D D D D D D D L L L L U U U D D D R R R R U U U U U U U U U U U U L L L L L L D D D D L R U U U U R R R R R R D D D D D D D D D D L L L L U U D D R R R R D D L 
17 91 7 200
283 393 449 939 728 953 34 
R R R R D R L U L L L L L L U L D D D D D D D R R R L L L D D D D D D D L L L L L L L D D D R R L L U U L R U R R U U U U U R R U R R U U U U D D D D L L D L L D D D D D R R R R R U U U R R R R R R R R R R R R R R R R U D L L L L L L L L L U U D D L L L L L L L U U U U U U U D D D D D D D R R D D R L U U U U D D L L D D L U U U U U U U U U U U L L U L U L U L L U U L L L D D D L R U U U R U U U U 
85 17 6 200
780 830 356 445 438 646 
R R U U R R R R R U U D D R R R R R D R L D D D D L R D R L D D D D U U U U U U U U U U L L U U U R U U L U U U L D D D D L D D L D L R U R U U R U U U U R D D D R D D L D D D L L L L D D R D R D D D R R R D D R D R R L L U L U U L L L U U U L U L U U L L L U U U U U U U R U U L L U L U U U W W W W W W W W W W W W W W W W W W W W W W W W U R R R D D R D R D R D R U U R U U U U U U L R D D D D D D 
83 99 6 200
626 85 125 197 466 641 
R D D D D R R R D D D R L U U U L L L U U L R U U R R R R W W W R R R R R R R D D D D D R R R R D D D D D D D L L L L L U L L R R D R R R R R U U U U U U U U D D D D D L L D L D L D D U U R U R U R R U U U U L L L L U U U U U L L L L L L L L R R R R D R R D D R R R L L L U U L L U L L R R R R R R R R R D R D D D D D D D D D L L D D L L U U U U U U U U L D D D D D D D D D L L D L R U R R U U U U U 
85 97 4 200
480 873 611 14 
D R R R R D D R R R R R R R R R R L L L L L L L L L L U U U U U D D D D D R R L L U U L L L L U R D R D R R D D U L L L L L L L D D D W W W W W W W W W L U U U L L L U U D D R R R D D D R U U U R R R R R R R D W W D D D L L W W W W W W W L D D D D U U U U R R R U U U U U L L U L L L L L L L L L L L L L L R R D D D D R L U U U U R R R R R R R R R R R R R D R D D D D D D L D L L L L D D D D D U U U 
1 13 5 166
745 349 163 639 112 
U U R R D D D D D D D D D D U U U U U U U U R R R R R U U U U L U U L L L L L U L L U U U R R U U U U R U U U L L R D U R D D D L D D D D L L D D D R R D R R R R R D D R D D D D L L L R R R U U U U L L L U U L R D D R R R D D D D R R R R R L L L L L L L L L L U U L L D D R R D D R R R R D D D R D D D U U U L U U U L L L L U U L L 
79 98 7 200
536 516 812 659 575 26 734 
L L L L L L R R R R L L U D R R D D D D D L L D U R R U U U U R R R R R R R U R R R R R D R D D R R D D R R R R R R D D L L L D L L L D L L R R R D D R L U U L L L W W W W W W W W W W W W W W W W D L L L U L U U W W W W U L L D U R R D D D R D R R D D D D D L L L L R R R R U U U U U R U R R U R R R U R R R U U L L L L L L U U L L U U U R R R R R R R L D D D D D D D D D D U U U U U U U U U U L L L 
23 3 4 200
386 195 70 980 
U L L L U U U D D D D D L L L L L L L L L L L L L L D L L L L L U U U L U U D D D U R R R R R R R R L L L L L L L D L R D D R R R R R U R R R R R R R R R R R R R R U U R R R D L L U L U L U U U L U U U U U L U U U U L U U U U U U U L U L L U L L U L L L L L L L D D D D D D D D D D L R U U U U U U U U U U R R R R R R R L L L L L L L D D D D D D D D R L U U U U U U U U R R R R R R R D R R D R R D R 
65 73 5 200
733 775 491 300 251 
L L L U U L U D D L L R R U R D D D D D D L R R R R R R D R R R L L L L L L D D D D D D L R U U U U U U R R R U L U D L L L L U U U U R R R R R D D D D L W W W W W W W W W W W W W W W W W W W W W W W W W W W W W W W W W W W W W W W W W W D D D R R R R R R R R U U U U U U D D D D D D L L U U U U U U U U W W W W W W W W W R U U U R U R R D D D D D D D W W W W W W R R U R U R R R L L L D L D L L U U 
3 60 4 200
570 706 475 124 
D L L D D D D L R D R R D U L L U U U U U U U L U D R D D R R R R R R R R R D D R R D U L L U U L L L L L L L U L L W W W W W W W W W W W W W W W W W W W W W W D D D U U R R R R D D D D D R D D U U D D D D D D R R R R D R L U L L L L U U U U U U L L L L L L D U R R R R R D D D D R D D R D U U U R U U R U D L D D L D D L U U L U U U U L L L L D D D U U U R R R R D D D D R R D D D D D R D R L U L U 
26 89 4 200
736 81 330 752 
D L L L L L D L R U R L L L L L L L U D R R R R R R R R R R R D D D D R R R R D R R U R R R R U R R R R R R R U R R L L L L L L L L L L L U L U U L R D D R D R R R R R R R R R D L L L L L L U U U U U D D L L L L L L R R R R R R D D D D R R L L U L L L L L L L L U U U U U U U U R R U D L L D D D D D D D D R R R R R R R D L L L L D L L U L L L L U U U U U D D D U U U R U W R U U W W W W W W L L L D 
27 6 3 88
107 490 765 
D D D R D R D R D R R L L U L L R R R R R R D U L L L L L U L U L U U U U R U U L L L L D L R U R R R R D D D D D D D D U U L L R R U U U U U U L L L L D D U U R R R R D D L D 
65 67 5 200
748 206 351 913 542 
D D D D D D L D L D D L L L L U U U U U U U U D D D D D D D D R R R R R R D R D R D R R R L L L U L L L L L L D D L L L L L L U L L U D R R D R R R R R R U U R R R R R U L U L L U U R U U U U U U D D D D D R R R R R D R R R R D D D L L L D L D D L D D L D D R R D R R L L U L L U U R U U R U U R U U U D D R R R U U U L L L L U U U D D L D D D D D D D L L L U U U U U L L U U L U U U D D D R D D R R 
20 96 2 60
853 961 
U U R U R L D L D L L L D D L D R R R R R R D U L L L L L L D L L L D U R R R R R R D R R L L U L L L U U R U U R R R D 
70 79 5 200
65 571 647 761 755 
U U D D D D D D R R D D D U R D D D D D D D D R L U U U U U U L L L L L L L L L U D R R R R R R R R R U U L U D D L D L L D D D L L L L L L L D L L L D L D L L D D L R U U R R U R U R R R U R R R R R R R D L D D D R L U U U L L U L L R R D R R R U U U R R L L U R R U R U U U U U U R U U U U R R R R R R R D D R D D R D D D D D D D D D D L R U U U U U U U U U U L U U L U U L L L L L L L D D D D L D 
48 52 5 189
656 898 309 153 914 
R R R U D D R R R R R L L L L L D D D D D D D D D D L L R R U U U U U U U U R R R R R R U U D D L L L L L L U U U L L L R R D D W W W W W W W W W W W W W W W W W W W W W W W W W W W W W W W W W L R U U L U U U U L L L L L L L D L L L L L D D D D D R R R D D U U L L L U U U U U R R R R R U R R R R L L L L L R R R R R R D D D D D D D L D L D U R U R U U U U U U U R R D D D D L 
7 81 5 152
434 503 350 138 579 
L U U L U D R D D D L R U U U U U U R U U U U D D D D L D D U L L L U U U U U U U D D D D D D D R R R R U U U R R U U R U R U R L D L D L D L L L L L L L U L U L U U U U U U R L D D D D D D D D U U R R U R R R R R R L L L L L L D L D R D R R D D D D D D D U U U U U U U R R R R R D L L D D D L D D D D R 
49 37 6 193
590 638 526 729 207 188 
L L D U U U U U U U U U L L L L R R U U U U U U R D D D D R R R R W W W R L L L L L U U U U L D D D D D D L L L L L R R R D U R R R R D D R R R U U U U R R U R U R U U R R L L D D L D L D L L D D L L L L L L L D D D D D D D D D D D D D R R D D D R R R U R U U R R U R R R U R U D L D L L L D L L D D L D L L L U U U L L U U U U U U U U U U U U U R R R R R R R D D L L L D D D D D D R R 
12 97 4 62
592 362 528 576 
L L L L L D L L L D D L L D U R R U U U D R D D D D D D D D D D L U D R U U U U U U U U U R R L L U R R U L D U R R R R R R 
79 79 5 196
815 53 184 795 504 
R D D R D L L L D D L D D D R D R D D D D D D D D R R R R R D R R D U R R R D R D D R D R R R L L L U L U U L U L L L L L U L L L L R D D R D R D D D D R D D D L L L U U U L U L R D R D D D R R R U U U L U U U U R U U R R L L D U U U U U U U U U U R U R R R R R D D D D L D L R U R U U U U L L L L L D L D D D D D D D D D D D L L U L U U L L U U U U U U U U L U L U U U R U U R R R U L U U L 
74 76 5 200
224 378 680 682 57 
D D D R D D D R D R D D D D D R D U L L L L L L U U U U U L U L D D D L L L L D D D D D D D D D R D D D L L D L D R R R R D R R R R R L L L L L U L L L L U R U R R U U U L U U U U U U U U U R R R R U U U R D R D D D D D R R D D D D R R R R R R D R D D R D D D R D U L U U L R U R R U R R R U U U L L U U D D R R D D R R R R R R R R R L L L L L U U U D D D L L L L D L L L D L L L U U L U L L L L L L 
43 9 4 196
744 162 751 979 
D D U U R R R R R R R R R R R R D D R U R R R U U R R U R R U R U R U U D D L D L D L L D L L D D R R R R R R U R U R U U R U R R D D D D D D D D D D D L D L R U R U U U U U U U U U U U L L D L D D L D L D L L L L L L L L L U U L L L U L L R R D R R R D R R L L D D L U L L L L L L L L L L D L R U R R R R R R R R R R R L L D L L L L D D D L L R R U U U R R R R U R U L L L L L L L L L L L L 
61 91 5 200
304 894 651 876 126 
L L L L L D L L L L R R D U L L U L L L U L U U L U U L U U U L R R R R R R R R R R L L L L D D D U U U R L L L L D D D D R D U L U U U U L L D D D R D D R D D R D R R R D R R R R U R R R R R L L L L L L L L L L L U U U L U L L L U U L L L L L L L L L L L D D D D D L L D L L D D L D D R R R R R L L L L L U U R U U R U U D D R U R R U U U U U R R R R R R R R R R R D D R R R D R D D D R R R R R R R 
1 43 5 200
543 808 279 737 996 
R R R R D D R R R L L L D L D D L D L D L L D D D D D D D D D D D R D U R U R L D L L U U U U U U R L D U U U U U U R R U R U R U U R L L L L L D D D D D D D D D R R R R D D D D D D D U U U U U L L R R U U L L L L U U U U U U U U U R R R R R U U R R R R R L D D D D D D D D D L R U U U U U U R R R L L L L L L L D L L L D D L L D D R D D D R D D D L D U R U U U L U U U L U U R R U U R R R U R R R R 
79 26 7 136
917 264 360 502 485 117 327 
U U U R R R R R R D D U R R R L U L U L L R R D R D D D D D R R L D D D R R R R R U U R R U R R R L L L D L L D D L L L L L U U U L U U L L L L L L R R R R R R U U L L U L L L L L L D D R R D D D L D L L D L L L L R R R R U U U U U U U U D D D D D D D R R U R U U U L L D 
11 55 7 200
479 5 41 905 930 952 424 
R D D L D L L L D L L L L D D U U U L R U U U U R R R R R L L U U D D L L L D D D D D R R R R U R R R U R U U R U R U U U R D R L U L D D D L D L L W W W W W W W W W W W W W W W W W W W L L L U L R U R R U D L L W W W W W W W W W U U U R R R R R R D R R W W U R R D R R R R R D R R D D D D D L L L L L L D D L L L L L D D D R D R D D R R D D R R R D D R R R R D D D D D D D D D D D D D L R U U U U U 
69 12 6 200
823 456 661 941 585 637 
U U L R D D D D D L L D L D D D D L L L L L R R U U U U U R R R L L L D D D D D L L L L L D D R R D D R R R L L L U U L L U U R R R R R R R R U U U U R U R R D D D D D R R R R R R D R R U U U U U L L U L U U L L D D D D U U U U R R D D R D D D L R U U R R D D D D D L L U L L L L L L L L W W W W W W W W W W W W W W W W W W W W W W W W W W W W W W W W W W W W W D D D D L R U U U U L L L R R R R R U 
63 75 5 200
936 806 818 782 247 
U L U L L L L U D R D D L L D D D R D R R U U U R R L L D D D L L U L U U U L U U L L L L U L L L L L L L D L L D D D R R R D R R L L D D D D D R D D R D D R R R D D D R R R R R R R U U U L L D L R U R R D R R R R D U L L L L D D L L L L L L L U U U L L L U U L U U L U U U U U U L L L U U U R R U R R R R R R R R U U U R D R R R D D D D U U U U L L L U L D D D L D R R R R D D R R R U U R R R D R D 
49 76 4 200
662 462 141 324 
U U R L D D D D D D D D L D L L L D D D U U U R R U U D D U U D D R R L U R U U U U U U D D D D D D L L D W W W W W W W W W W W W W W W W W W W W W W W W W W W W W W W W W W W W W W W W W W W W W W W W W W W W W W W W W W W W W W W W W W W W W W W W W W W W W W W W D L L U U D D D D D D D D D R D U R U R R U U R U R R R L L L D L D D L L D L L L L L L L R R R R R U U U U U U U R R U U R R U U U U 
30 13 7 188
498 314 880 645 766 83 55 
L L L L L L U U U U U L L L R U R U U U U U U R U D R R R R D L D U R U U U R U U U U U U U U U U R L U L U U L L L U L L U L U D L L D L L L L R R R R U R R R D R R D D D D D D D D D U L L R R U R R L L U U U U U U R R R D D D D L L D U R R U U R D D U U R R U U U R R R U U D D L L L D D D L L D D D D D D D D D D D L D D L L L L L D D D D D D L D R R D D D D D R R R R R R 
28 52 4 200
754 259 128 73 
R D D D U U U U D L D D L L L D L D D D D R L L L D L D D D D D D D D D L L L L D D L L R R U U R R R R U U U U U U U U U R U R R U U U U R U R R R U U R R R R U U R U U U U U R R R R R R R R D D R R R R R R R R R R D D R D R D R R R R R D D D D D D D D L D L L D D D L D D D D L L L L D L D L L L U U U U U U U U L U L R D R D D D D D D D D R R R U R U U L R D D D D D L L D D L D L R U R U U R R U 
66 80 5 170
404 957 560 323 145 
U U R U R U D R R R R U R R R U R R R R R R R U R U U U R R U U U R R R R R R R R R R R R D R D D D D L D U R U U U U L U L L L L L L D D L L D D R R D R D R D D D D L L D U R R U U U U L U L U L L U U R R U U L L L L L L D D L L L L D U R R R R D L U U U R U D R R R U D L L L L D D D L D D D L D L L L L L L L D L L L D L L L L L D L D D 
75 49 8 200
293 710 597 668 589 928 974 298 
R R R R R R U R R U U R R L D D D U U U L D D L L U U U U U U L L U L L R R D R R D D D D D R R R R R R R R R R R R R U U U U U U L L U U D D D L R U R R D D D D D D L D D D D D U U U U U L L L L L L L L L L D D D U U U L L L L L U L U U L U L L U L L L D D L D D R D D R R D D D R R D R R D D D D U U U U L L U L L U U U L L U U L L L L L L L L U D R R R R R R R D D D D R R D D D D U R L U U U L L 
2 34 6 200
257 572 9 407 190 791 
R R R D U R R R R R R U D L L L L D D U U L L U U U R U R R R R U D L L L D D D D D D D D D D R U R U R R R R R R R R R R R D D D D D D R D D D D D D D D D D D R D R R R R R R R R R U U U U U L L R R D D D D R L U L L L L L U U R R U R U R L L L U L L U L R D D D D D D U U U U U R R R R R U D L L L D R R D L D L L D D R R R R R D D L L L L L L L L L U L U U U U U U U U U U U L U U U U U U L L L L 
56 55 7 196
79 678 746 882 607 123 98 
R U R R L L U U L L L L L L U L U L L L L D L L D L L D D L D L D U R U R U R L U U U U U U U L L U D D D U U L U U L R D D R R R D D D D D D R R U R R U R R R R D R D R R R D U L L L L L L L L U U U U U U U U D D D D D D D L R D R R R R R R R R R R R U U U D D D D D D D R R D D R D R D U L U L U U U U U U U U L U U U U L U D R D D D D L L D L L L L D U R R R R U R R R D D D D D D L L U L 
17 76 8 200
376 440 861 942 860 712 546 749 
D D D D D D D D D L D D D L L D L D L L R R R R R R R R R U U D D L U R U U U U R U U U U R R R R R L L L U D L L D D D L L L R R R U R R U R R U U R R L U U U L L U L L U U L L D D D D L D U R U U U U R R D D R R D R R D D D L D D L D D D D D D U U U U U U L U U U U U U U U U L L U D R R D D D D D D D D D D L L D D D D D D D D D U U U U U U U L D D D D L D L L L L L L U R U R R U U U R U U U U U 
83 46 6 200
385 836 697 225 918 461 
D L L L U U U L L L L L L U U U U U U U U R U L L L U L L L U L U U U U U L U L R R R R R L L L L D R D D D D D D D D D U U U U R D R R R D R R R D L D D D D D L L L L L L R R R R U U U U R L D D D D R R D D D R R R R R R R R R U U U U R U U U L U U R L D D R D D D R R R D R R R R R R R U U D D L L L L L L L D D L R U U R R R R R R R U U U U U L L U L U L R D R D R R D D D D D L L L L L L L U L L 
52 10 5 200
877 971 413 932 48 
L L L U U L U L U D L L L U U U R R R R U U U U L L L L U U U U D D R R R R R R U U U U R U U U R R R U R R R R U R R U U R R R R L L L L U U L L L U U R R R R R R R U R R R U U R U U D D L D L R R R R R R R U U R U U D D L D D L L L L L D D U U L D L L L D L L L L L L L D D R R R D D D D D R R L L L D L D D U U R U R U L L D L L L L D L L L D D D L D D D D L L L L D U L L D D R R R R D D D D L L 
16 78 3 200
3 559 831 
R R D D D D D D D D D U U U U U U U U U R D D R D U L U L L L D D D D D D U L L L L L L L L L L L L L L U L U U U U U U R R R R R R U R U U U U U U R R R U U U R U R U U U L L U U L U L D D L L L L L L L D L D U R U R R U U U U U R L D D D D D R R R R R U U R D R R R R L L L D D L L L L L L D L L R R U U U U U D D D D R R R R R R R R D D D L D L D D D L U U U U L L L L L L L U L U L L U D R R D R 
83 95 4 200
960 773 708 580 
L L L L D L L L L L L L U D R R R R R R R R D D R D D R L L L L L D D L L L U U U U L L R R D R R R R R U D L L U D L L L L R D D D R R R U U R R R R U U L U U L U R R R R L L L D D D D D D L D L L L D L D L L L L L L L L D D L L D D D D D D D D L D D D D D D D L D D D R D D D D D D R R D D D D R D U L U U U U L L U U U U U U L U U U R U U U U U U U R U U U U U U R L D D D D D D D D L D L R U R U 
92 78 10 200
599 835 51 982 864 15 97 665 911 887 
R R R D R U U R U L L U U L U U R R R U D L D D R D R D D D D D D D D D D L L D U U L L U L U L L D L L L L L D L D D D D U U U R R R R R D R R L L U L L L L L L L R D D D D D D D D L R U U U U U U U U R U U U U U U U U U U U L U U R R R U U U U U R L D D D D D L L L D D D D D L L U U U U L U D R D D D D R R U U U L L L U L L L L U L R U U R R U R U R L D L D L L D D D R R R R D R R R R D D D D D 
79 0 11 200
86 205 802 796 105 990 501 510 513 77 944 
L L L L L L L R R R R R R R R U R R R U U U U R R U U U U U U D D D D D D R R R R R R R R R R L L L L D D L L D D U U R R U U R R R L L L D D L L L L L R R R R R U U L L R R R R R U R L D L L L L L L L L L L L D D D R L U U U L U L L U U U U L R R R R L L L D D D D R R D R D D D R R R R U R R R R R R U R U R R R U R L L L L U U U U L R D D D D L L L L L L L L L L L R R R R R R R R R R R R R R D L 
28 97 5 200
675 705 866 464 884 
D R D D R R D D D R D D U U U U U R U R R R U D L L L D L D D D L U U U L L U U L U L D W W W W W W W W W W W W W W W W W W W W W W L W W W W W W W W W W W W W W W W W W W W W W W W W W W W W W W W W W W W W W L L L L L U L L L L D D D D R R D D D R R R R D D D D D L L L L D L L R R U R R R R U U U U U R R R U R U U U U R R U U R R R U U D D L L L D D L D D D D D D D U U U U U U U L D D D D L D L 
10 31 3 200
384 256 991 
R R R R R R R R R R R U R U U R U U R U U U U D D D D R R R R D R R L L U L L L L U U U U L U D L D D D D L L L L D L R U U U U U L L L L L U U U W W W W W W W W W W W W W W W W W W W W W W W W W W W W W W W W W W U U R R D L R U L L U U U L L L L U U W W W W W W W W W W W W W W W W W W W W W W W W W W W W W W W L R D D R R R R D D D D D D D D R R R D D D D U U U U R R D D D D R R R R U U U U R R 
89 70 7 200
361 677 468 925 577 179 568 
L L L D D D D D D D D R R R R R R R R D D R U U R U U U U U U R R U L L L L L L D U R R R R R R D L D D D D D D D D D D D D D D D D D D D D D U U U U U U U U U U U U U U U U U U U U U L D D D D L L L L L L L L R R U U U D D D R R R R R R D D L D D L U L L L L D D L L D D L D L R U R U U R R U U R R R R U L L L L U U U U U U U U U L L U D L L L D D D L L R R U U U R R R R R D D D D D D D D D L L L 
73 38 8 200
454 703 152 562 517 845 274 313 
U D D D D D D D D L D L D D L U U U U L U L L U U L U L L L L L L L L R R R R R R R R D R D D R R D R D D D D R D D D D R L U U U U U R R R D D D D U U U U L L L U L U L L L L L D D D D D D D D L L L L L L D L L L U U U U D D D D R R R U R R R R R R U U U U U U U U R R R R R D R R D R D D D R R L D D R W W W W D R R R R U R U U U U U R U U R U R R U D L L L L L L L L U U U U U U U L L L L D D D U 
6 44 6 200
96 465 899 854 150 451 
U U U R R R U D D D D D D D D R L U U U U U U U U D D D D D D D D R D D D D D D D D R R R U U U R U R U R R U U D D L L D L D L D D D L L L U U U U U U U U L U U U U U U U L L L D D L L L L L R U U U U U U U U R D R D D D D R D R D U L U L U U U U L U L D D D D D D D D R R R R D D R R R R U U U U L L U U W W W W W U U L L U U U U U U U U U U U U U U D D L L L L L R R R R R D D D D D D D D D D D D 
67 99 3 148
883 1 19 
R D D D L L L L L L L D D D D L L L R R R U U U U R R R R U U U D D D L L L L L L L L D D U U L U U D D R R R R R R R R R R R R R R D D D D R R D R D D D D L L L L L U U U U L U U L L L L R R R R D D R D D D D R R R R R U U U U L U L U U U U D D D D R R R R L L L L L U U U U L L U L L R R U U L 
81 7 9 200
686 467 62 290 865 130 671 551 640 
R U D L U L L U U U U L U L U U L U L L L U L L L L R R R R D R D D U U U L L L L L U U U L L L U L L L L L D D L L D U R R U U R R R R R D R R R D D D R L L U L U U U L L R R D D D R D R R R R R R D R R D R D D R D R D D D D R R D R R R R R R R R D D U U R R R R U U R L L U L L L L L L L L U U L L L L U L L U L U U U L R D D R R R R R R R D U L L L L L L L D R D R R D R R R R D D R R R R R R D D 
43 47 3 200
888 248 89 
R U U U U U L L L L L U U U U U L U U U R R R L U U D D L L D D D D D L R U U R D D D R R R R R U U U R L D L L L U U U L L L U U U U U U D D D D D D R R R D D D R R R D D D R D D R R R D R D U L U L U U U R U D L D D D L L U U L U L L L L L D D R R D D D D D D D D D D D D D D D D D D L D D D L D L D D L D D L D L D D D D D L L U D R R U U U U U R U R U U R U U R U R R R R L L L U U U R U U U U U 
32 64 5 200
428 425 774 912 610 
R D R L U L U W W W W W W W W W W W W W W W L L D D D D D R R D D D R L U U U L L L L L L L L R R R R D D D D D D D L L L L L L D L D D U L L L L L L L D D D D D L L D L R U R R U U U U U R R R R R R R U R U R R R R R R U U U U U U U U U U U U U D D D D D D R R R R R R R R R R R R U D L L L L L L L L L L U U U U U R R D R R R R U R R R U U D D R R R R R W W W W W W W W W R U U U U U U R R U R L D 
57 13 4 200
170 992 726 742 
R R R R R R U U U U R D R R D D D D L D D U U R U U W W W W W W W W W W W W W W W W W W W W W W W W W R R R U D L L L D D L D D L L L R R R U U R U U R R R R R D R R R R R D R D D R D D D D D D D D L L L L L L L L L L U L L U L L L L L L L L L L L R R R R R R U U U U U U U R U R R R R U R R R R D D D U U U L L L L D L L L L D D U L D D D D D D D R R R R R D R R D D U R R R R R R R R R R U U U U U 
12 96 4 134
797 715 935 341 
R R R D D D D U U U U U R U U R R R R R R R D R R R D D D D R R D R L U L L L L D D R R R R R R R D D U U L L L L L L L U U R R U U U U L L L R R D D D D R R R D R R D R R R U U U D D D L L L U L L U L L L U U U U L L U L L L L L L L L L L L L R R R R R D D L D L L L 
25 69 4 148
650 803 446 335 
R R R U R R R R R L L D D D D D L D D U U R U U U U U R U R D D D D D D R R D D D D L L L L U U U D R R D U L L D D R R R R U U U U R U U U U U D D D D D R R D D R L U U L L L L L U U U U U U L L L L L U D R R R R D L L L L D L L L D D W W W W W W W W L L L D D D L D D D U U U R U U U R R R U U 
44 66 7 200
670 859 496 38 47 200 213 
L L L L L L D D L R U U R R R R U U U U U U U U U U U U U D D D D D D D D L L L L R R U U U U U U D D D D D D L L D U R R R R U U U U U U U R R U U U R R R L L L D R R L L D D L L D D L L D D D D D D L L D L L L L L L L L L D L L D D D D D D D D D D D D U U U U U U U U U U L L L L R R R R D D D D D D D D D D D D D D D R R R R R R R R R U U R U U R R R R R R R R R L L L L L L L L L D D D D D D D U 
94 58 7 200
719 337 136 613 177 783 817 
R U R U R R L L D L D D D D D D D D D D D R D D D D D D D D U U U U U U U U U U U U U U U D D D D D D D L L L D U L U L L L D D L D D U U R U U R R R D R R R R D D R R U U U U U U U U U U U U U U U U U U U U U R U U U U U U U U U U U U U U U U L U L U L L L L D D D D D D L L D D R D R R R D D U U L L L U L U U L R D D R D R D R D U L U L U L U U R R U U U U U U R R R R D R D R D D D D D D D D D D 
33 4 7 200
403 405 962 660 278 852 921 
R R R U R U R U D L D D D R R R R R D R L U L L L L L U U L U L L U U R U U R R R R L U U U U U U U U U L R D D D R U U U U U U U D D D D D D D L D D D D D D L L L D D L D D R R D D D R R R R R D R R L L U L L L L L U L L U U U U U U U U R U U R R U U U U U R U R R R U D L L L D L D D D D D L L D D L D D D D L L L L L R R R R R U U U U U U U U R U R R U U U R U R R R R R L L L L L D L D D D L L D 
11 77 5 118
478 567 227 171 704 
L L L D L R R R D R R D D D U L L L L L L L U U R L U U L L U L U U U U L L U D R R D R L D D D D D D U U U R D R R D D D D R R R R R R R U U R R U R U U U R R R R U R R D D U U L L D L L L L D D D L L L U D R R D L L L L U L L U R R R 
50 28 4 200
114 226 214 658 
D L U L L L L L L R R D D D D D D D U U R R R R R U R L D L L L L L U U L L D D D D L D D D D D D D D D R R D D R L U U L L U U U U U L U U U U U U R U U U U U L L L L L L D U R R R R R R D D D D D L D D D D D D R U U U U R U U U U R R U R L D D L D L D D L D D R R R D U L L L U U R U U U U U U U R U W W W W R R R R R U R R R R W W W R D D D L L D L L L R R R U R R U R R L L U U L L L L L D L L L 
45 15 5 200
37 630 832 989 416 
D U R R R R R R R R R R R R R R R U U U R R R R R D U R R R R R R L L L L D D D D D D D D L R U U U U U U R R R R R L L L L L U U L L L L L L L D D D L L L L L L L L U R R R U U R U R R R R U R U R R R U R R R R R R R R D R R R D R R R D R R D R R D D R R R R R R U U R R U R U R U R U U R U R U D L D L D D L D L D L D L L D D L D U R R U R R R U R U D L D L L L D L L L L L L L U U L L U L L U L L 
68 82 3 120
547 147 387 
R D D L D D D D D D D D L D U U L U U U U L L L U L U U L L R R D D R D R R R D D D D R D R D D U U U U U U U U L L L L L L L L L R R R R R R R R R D D D R D R R L L L L L L L L L L D D D D L R U U U U R R R R R R R R U L U U U U U R U U L 
78 73 3 114
558 886 768 
R R R R R R R U R R R R U U U R U U U U U U U U L U L L U L U U U U D D D D L D D D D L L L D D U U R R R U U U U R R D R R D R R R L L D D D D L L L L D U R R R R D D D D L D D D L L L L D L L L L D D D D D D U U U U U U L L L 
81 46 5 110
379 252 716 115 919 
R U R R R U U U D D D D D D D D D D D D R R D U R R U R U U U R R U D R R D R D R R L L U L U L L L L D D L L L L R R R R U U U U U U U U D D D D D D D D D L D L L L L U U U U U U L L R R U U U U U R R L L D D L L L D L 
48 88 5 200
137 946 23 371 189 
U U U D D D D D R D R R R R R R U R R U U U R R R U R L D L L L D L L L R R R D D L L D W W W W W W W W W W W W W W W W W W W W W W W W W W W W W W W W W W W W W W W W W W W W W W W W W W W W W W W W W W W W W W W D U L L L L L L U L U U D R R D R R D R R R R R R U R R R L L L D D R D D D R D D W W W W W W W W W W W W W W W W W W W W W W W W W D L L L L L L U L D L D R R R D D R R R R U U D D L L 
5 14 5 200
0 524 627 505 534 
R U R R R R L L L L U L L L L L L D D D D R D D L R U U L U D R R D D D R D R R R D R D R R D D D L L L L L L L R R R R R R R U U U L U U R L D D L D D L L D D D R R R R R R R R R R R R R R R R R U R R R R R L L L L L D L L L L L D U L U U U U U U U R U U U U L D D L D D D D L D L D U R U R U U U U R U U R D D D D L D D D D D D D L L L L L L L L L L L U U U R R U U U L U L L L U L U U U L L U U U 
34 77 8 200
731 401 820 429 986 959 793 623 
U U R U R R R R D D R D R D U L U L U U L L L L D R R R R L L L D D D D D L L D L L L D D U U R R R U R R R R R R R U U U L U U U R U U U R U D L D D D L D D D R D D D L L L L L L L L L L U U R L D D R R R R R U U U U U L R D D D D D D D L D L L R R U R U U U U U U U L L D D R R D D D L L L L L L L L L L U U U U U D R R U R R U U U R R U U U U U U U R R R R R D R L U L L L L L D D L R D D D D D L 
20 46 3 134
976 926 310 
R U U R L D D L L D D D D D R L U U U U U U U U U L D D L D D D D L R D D D R R R D U L L L U U U L L L L L L L U U U U U U U U U U U U L U L L L L L U L L U L R D R R D R R R R R D R D D D D D D D D D D D D R R R R R R R U U U U R U U R D U L L L L R R R R D D D D R 
77 81 5 200
573 495 380 346 134 
U U U U U D D R R R R D D D D R R R R D D R R R R L L L L U U L L L L U L L L D D L L L L D D L D U R U U R R R R U U R R R U U U R R R R R R R U U U L R D D D L L L L L L L L L L L D D D D D D L L L L D D D D D D D D L L D L D D D L D U R U U U R U R R U U U U U U U U R R R D U L L D L D D D D D D D D D D U U U U U U U U U U R U R R R U U U R D D D D U U U U L L W W W W W W W W U U U U L R D D D 
69 88 5 62
422 72 268 897 612 
L L L U L U U U U D D D D L L L L D L D L L D D D L D D L L L D U L L U D R R R R R U U R U U U R R U R U R R R R R D R R R 
60 27 8 200
798 427 631 106 927 618 794 129 
D R R U U R R L L U U L L L D L L L D D R D D D D D D R D R D D D L D L L R R U R U U U U U R R R R U U U U R R R D D R R R L L L U U L L L D D D L L L L R R R R R U R R U D L L D L D L L L L D D L U L U U U U U U L L D D D D D D R R R L L L U U U U U U R U U R R R U R R R D D D D L L U R R U U W W W W W W W W W W W W W W R R R R R R U U U U L R U U U U U U U U U R R U U L L L L L L L D D L D D D 
26 47 8 192
242 776 837 520 469 146 828 906 
D D D D R R D D R R R R U U U U U R U U R U D D D U U R R U U R U U R U D L D D L D D L L L D D L D D D D D L D D D D D D D D D D D D D D D D D D R R R D D D L L L D D D D D D U U U U U U R R R U U R R R R L L L L D U U L L L U U U U U U U U U U U U U U U U U U L L L D D D D L D L D D D D D D D D D L L L L R U U U U U D D D D D R R R U U U U U U U U U R U R U U U U U U L L U U U U 
75 45 7 200
400 426 693 540 758 80 157 
L L L L L L L L L L L L U U L L L L L R U U U U L U L L L U L U L L R R D R D R R R D R D R R D U L L D D D R R R R D D R D D D D D U U U U U U U U U L L L D D D D U U U U R R R D D R R R R R R R U R L D L L L L L L U U U U U U U U U U D D D D D D D D D D L D D R R R R R R R R R R R R D D D D R D D R D D D D R R R R R R U R R L L U U U D D D D L L L L L U U U U D D D D R R R U U U U U U D D D D D 
19 21 7 200
664 770 364 367 701 222 68 
D D D D D L D R D D D D D D R L U U U U L R D D D D L L D L R U U U U U U U U U U R U U U U U U U U R U L L L L L L L U U L R D D R R R R R R R D L D D D D D D D D L D D D D D D D D D R R U U R R R R R R R R R R R R R U U U U L U U U U U U U L U U U U L R D D D D L D L D L R U R U R R U U U U U U U U U U U U U U U R U R R R U U U U U U U U U R R R U U U U R U U U R R R D U L L L D D D L D D D D L 
64 3 4 200
318 529 22 149 
D D R D R R R U U U R U D L D D D L L L U L U U L L L L L L L U U L U D R D D R R R R R R R R R R R U U U U R U R U U D D L D L D D D D L L L D D D R R R R L L L L L L L L L L L L U U L L U L U U R R R R R U R U W W W W W W W W W W W W W W W W W W W W W W W W W W W W W W W W W W W W W W W W W W W W W W W W W W W W W W W W W W W W W W W W W R R R U U R R U R L D L L D D L L L D L D L L L L L D D R 
24 99 3 98
822 956 955 
R R R R R R R R R R R R R R R R R D R R D D D D D D D D D D D D D D L L D D D U U U R R U U U U R R L L U U U U U U U U U U L L R R R R D D D R L U U U L L L L U L L L L L L L L L L L L L L L L L 
67 90 1 169
655 
L W W W W W W W W W W W L L W W W W W W W W W W W W W W W W W W W W W W W W W W W W W W W W W W W W W W W W W W D L L L L L D L L L L U L L L L L U L L L U U L U L L U U L U U D D R D D R R D R D D R R R D R R L L U L L U L U L U U L L U U L L L L L L L L R R R R R R R R D D R R D D R D R D R R D R R R R R D R R R R U R R R R R U R R R 
12 5 5 200
450 747 487 945 433 
U R U U U U R U U U U L U U U U L L L L L U U U U U U U L L U R R R U U R R D D D R D D D D D R D R D U L U L U U U U U L U U U L L D D L L L D D D U U R R D D D D D L L L L L L D D L D L R U R U U R R R U D R D D L W W W W W W W W W W W W W W W W W W W W W W W W W W W W W W W W W W W W L L U U L U U U U R L D D D D R D D R R R U U U L R D D D L L L L L U L U D R D R R R R R U U R R D D R R R R R 
39 44 5 130
550 813 539 972 453 
L D L D D D D D D D D D D D D D D D D D D L L D L L L L L R R R R R U R R U U U U U U U D D D D D L L R R R R R D U L L L U U U U R R R R R L U U U U U U R U U U U U U U U D D D D D D D D L D D D D D D L L L U U U R L D D D L U U U U U U U L R U U U U U R U R 
61 41 9 200
983 198 474 874 785 544 949 584 878 
U U R U L L L L L L L L R R R U U D R L D R D D U U U D D D D L L D D D D D D D R R R L L L U U U U R R R R R R R U R R U U U R U R R R U R R R R R R D D D D D D D R D R L D D D D D D D D D D D R R R D U R U D L L L D D L L L L U L L L U L L U U U U L U D R R R R R R R R L L L L L L L D D D D R R D R R R D R R R R U U L U U U U U U U U U U U U L U U U U U U U L L L L L L D L L L L R D D D D D U U 
35 75 3 200
875 417 352 
U R R R D U L L L L L U U U U U U R R U R R R D D D R R D D D D D D R R R L L L U U U U U U L L U U U R R W W W W W W W W W W W W W W W W W W W W R U R R R R U R W W W W W W W W W W W W W W W W W W W W W W W W W W W W W W W W W W W W W W W W W W W W W W W W W W W W W W W W W W W W W W W W W W W W W R U U L U U R R R D U L L L U U L L U D R R D D D D R D D D R R R R R R R L L L L L L L U L L D L L 
2 69 7 162
772 964 52 777 493 978 891 
R L L U U L R D R R R R R R R R R R R U R U U R R U U D D L L D D L L L L L L L L L R R R R R R R R D D D D D D D D D U U U U U U U U L L L L L L U D R R D D R R D D D R D D D R D R R R D R R R R R R D R R R R R R L L L L L L D D L D L R U R U U U L L L L L L U L L L L L L R R R U L U U U L U U U L L U U L L L L L L L D R 
39 47 5 200
698 93 2 800 328 
D D L L D L D D L D D D L D L L L L L L L U U U D R R L L D D R R R R R R D D D D D D D D D D D D D D R R R D U R R R R R U U U U L L L U D R R R D D D D L L D D D D D D D D R D D D R R D D D D U U U U L L U U U L U U U U U U U U L L L L L U U D D L U U U U U U U U U U U U U U R U R U U U R U U D D D D D D D D D D D D D D D L D U L L D D D D D R R D D R D D U U U U U R U U U U U U U U U R R L L D 
64 95 1 200
216 
R R R R W W W W W W W W W W W W W W W W W W W W W W W W W W W W W W W W W W W W W W W W W W W W W W W W W W W W W W W W W W W W W W W W W W W W W W W W W W W W W W W W W W W W W W W W W W W W W W W W W W W W W W W W W W W W W W W W W W W W W W W W W W W W W W W W W W W W W W W W U R R R R D D R D D D D D D D L L L L L L L L L L L L L L L L L D L L U L L U L L L U L L L L L D D D L L L L U L U U U 
79 14 8 190
185 265 811 849 347 355 642 29 
R R R R D R R R R R R R U R R R U D L L R U U D L L R R U R R R L L L D L L L L L U L L L U U U R R U U U U U L U D L D D D D L D D L D D D L R U U U R U U R U U R L U U R R D D D D D L L D D D R R R D R R R R R D L L D L L L L L L L R R R R R D R R R D R R R R D D D D D R R D D D D D D U U U U U U L L U U U U U L L L L L L L R R R U L U U R R L L D D L L U L L L L L U L L L L 
76 95 2 52
228 372 
L U L L L L L U U U D D D R R R R D D U U R D R L L L L L U R R R R R R R R L L L L L L L L D R R R R R 
14 3 4 143
674 720 164 574 
R D D U U R U R R R L L L D L L R R U U D D L L W W W W W W W W W W W W W W W W W W W W W W W W W W W W W L U U R U W W R U U U U R U U U U U U L U L U U U U U U L L L L L U U U L L L L D D D D R R L L U U U U R R R R D D D R R R R R D D D D D D R D R D D D D D D L D D D D L D L D D R 
35 7 4 194
421 237 600 512 
R R U R R D D D D R D D D U U U R R U R R R R R R U U R D D D L L L D L D D D L L R R R R R R R U R L U U U U U U U L L L L L L L L L L U L R U U U R L D D D D R R R R R R R R R R D D D D D D D D L L L L L L L L L L L L L L L U U U L L R R D D D R R R R R R R R R R U U U R U R R R U U U L D D L L L L L L U U U U U L L U L U L L U L R D R R D R D R R D D D D D D L L L U U U U L L D L L 
82 89 2 88
58 441 
D D L L L L L L L L L L L L L L L L L L L L D D D D L D L D L D L L D D D D R L U U U U R R U R R R R D D U U L L L U R U R U U U U R R R R R R R R R R R R R R R R R R R R U U 
34 91 4 191
481 321 920 191 
R R R R U U U U D D D L L R R U U U R R D D D D D R D R D D W W W W W W W W W W W W W W W W W W W W W W W W W W W W W W W W W W W W W W W W W W W W W W W W W W W W W W W W W D R R R R R D R D R R R R R R R R D U L L L L L L L L L R U D D D D R R R D R R R D R R D R L U L L U L L L U L L L U U U U L U L L L L L U U L R U L U L U U U L R R R R D D U U L L L U U L L D D D D L L L L 
27 44 3 172
151 557 847 
U R U R U R U R U R R U R R R R R R L L L L U U U U U U U U L R R R R R R D R D R D R R D R L U L L U L U L U L L L L L D D D D U U R R U U R R R D D D R L U U U L L L D D L L D D D D D D L L L L L L L L L L L L L L D D D D D L L L L U D D D L L D L D U R U R R U U R R R R R R L L U U U U L R U R R R R R R R R R R R R D L L D L D L D L D L D 
