99
56 57 5 70
79 656 123 18 426 
R R D R L U L L L L L L D D D L D U U U U U D L L L L R R R R D D D R R D D D R R D R D R R D D R L U U L L U L U L L U U U L U U U R R R R 
61 91 5 194
422 81 216 799 863 
R U R U R R L D D D D L L L L L L U U L L L L L D D L L L D D L L L L L D U L L L L L L L L L L U L L U L R D R R D R R R R R R D D U U L L L L U U U D D L L L L L L R R R R R R D R R R R R D U L L L U U U D D D R R R R R R R R R R R U U R R R U U R R R R R D D R R R R R R U U U U L L L U U U L L U L L U U D D R R D R R D D R R R R R L L L L L D D L D D D L L R R U U U R U R R D L D L 
43 47 6 116
638 898 198 474 729 590 
D D R R U U U R U U U D R R R R U R D D D D D D R R D R U U R R R R D U L L L L D D L U L L U U D D L L D L L L L L L L L L U D R R R R R R R D D D D D D D D U U U U U U U U U D R R U R R U U U U U U L D L L L L D D L D D D L L U U 
32 64 3 184
428 425 240 
R R D U L L U W W W W W W W W W W W W W W W W W W W W W W L L D D D D D R D D R R D U L L U U L L L L L L L R R R R D D D D D D D L L L L L L L D D D R D D D D D D L L L L L L L L L L U L R D R R R R R R R R R R U U U U U R R L L U L U U U R R R R R R U U U D D D D D D D D D D L L L D L R U R R R U U U U U R R R U U D D L L L U U R U U U U U U U R R U U U U U R R D 
95 63 6 184
719 302 842 577 337 817 
R D R R D D D D D D D D D D D L L U U U U U U U U U D D D D D D D D D R D D D D U U U U U U U U L L U U U D D D D D D D D D D L L D D D L L L D D D D D R R R R R R L L L L L L U U U U U R R R U U U R R U U U U U U U R D D D D D D L D L L R R U R U U U U U U R D D D D R U U U U U U U U U U U U U U U U U R U U U U U U U U U U D D D D D D D D D D L D D D D D D L L U L 
80 58 8 200
597 795 504 179 680 57 918 862 
L L L D R D D R R L U R U R U U R R R U U R R L L D U U R U R U R R U U D D U U U R R L L D D D L D D D D D D D L D L D L L L L U D R R R R U R U R U U U U U U U L D L D L D D L L L L L R R R R R D L L L D D L D D R R R U L U R R L L D R D L L D D D D R R R R R R R R R D R R R U W W W W W W R U U D D R L L D L L L U L L L L L L L L L U U U U R R R R R R U U U U R R L L D D D D L L L L L L L U L D 
52 79 6 200
268 897 371 936 72 909 
U U U U R U R R D D R D D D D R R L L U U U U U U U R U U R L D D L D D D L L D U R U U L L D L D D D D L L D L L L D D W W W W W W W W W W W W W W W W W W W W W W W W W W W W W W W W W W W W W W W L D D L L D L D D D D D D D D R D R R R R R R R R D R R D R R L L U L L U L L L L L L L L U L U U U U U U U U R U R R U U R U U R R R R R R D D L D D L D D L D D D L L L D D D U U U R R R U U U R U U R 
35 35 4 200
242 711 828 722 
U U U U U L U L L U U U U U U U R R U D L L D D D D D D L L L L L L D L D D L D L D D U U R U R U U R U R R R R D D D L L R R U U U L L L L D L L L D U R R R U R R R R D U L U L U D R D R R D D D W W W W D D D D D D R D D D D D D W W W W W W W W L L U U L L U L L L U U U U U U W W W W W W W W W W W W W W W W W W U U L U U L L L D D D U U U R R R D D R D D D D D D D D R R R D R R D D R R U U U U U 
13 77 3 170
208 489 528 
U R U R R U R R U R R U U U R R R R R R U R U U D D R R D D L L R R U U R R R R R R L L L L L L L L L L R R R R R R R R R R D D D U U U L L L L L L L L L D L L L L L L D D L R U U R R R R R R R L L L L L L L L L L L L L U U U U U U U U U U U L L L L L L L U U D D R R R R R R R D D D D D D D D D D D R R R R R R D D D L L D L L D L L D L D 
34 28 5 176
539 2 469 856 353 
D R R R R R D R R U D L L D D L L D L D L D L D D D D D D L L L D U R R R U U U U U U R U R R R R U R U U U U R U R R U R U U U U L L L L L D D L D L R U R U U R R R R R D D D D R R R R R D D D D R D D D D D D U U U U U U L U U U U L L L L L L D D U U U R U U U U R U R R L L D L D D D D L D D L L D L D D D D L D L L L U R U U D R R U U U L L L L L U 
11 46 6 200
774 5 41 514 465 402 
R R L L U U U U U U D D D L L L L L L L U U U L R U U U U R R R R R L L L L L D D D D D D D R D D D D D D D D D L D D D R R D U L L U U U R U U U U U U U U U R R R U U D D R R R D D D R R R R D U L L L R U U L L L L R R R R D D L L L L D L W W W W W W W W W W W W W W W W W W W W L W W W W W W W W W W W W W W W W W W W W W W W W D D D L D D L L W W W W L U L L R R D D D D U U U U U L R D D R R R U 
32 17 7 170
498 664 770 364 487 473 190 
L D L D L L L D L L L D U U L U U U L L L L D D D L R D D D D D D R L U U U U L R D D D D U U U U U U U U U L L L L L D D D D D D D D L L L U U U L L L L L U U U U U U U U U U D D D D D D D D D D R R R R R D D D R R R U U U U U U U U U L L L L L R R R R R D R R R R R R R R R R R U U U U R R L L D D D D L L D D D R D R R R U R R R U R U R 
38 4 4 200
403 421 108 569 
U U U D D D R D D R D U R W W W R U U U R R R R R R U U R L L L U L L L L U U R R R R R R R R R D D D R D R R D R L U L U U U U U U R R R U U U D D D R R R R R R R R L L L L L L L L L L L D D D D R R R R R D R L U L L L L L U U U L L L L L U U U R R R R U R U U U R L D D D L D L L L L D D D R R R R R D D D D D L U L D L D L D D L L D L R U R R U U R U R U U U U L L L L L L U D L L L D D R R R R D 
96 15 8 194
811 265 849 77 640 62 510 29 
U L L D L D L L R U U D D R U L L L R R R R U R R D D D D D D D D R D D R L U L L L L L L L U D R R R R R R R U L U U U U U U U D L D L L U L L U L L D D L L L L L D L L L D D L D D L R U U R U U R R R U R R R R R D D W W W W W W W W W W W W W W W W D D D L D D D D L L D L L D U R R U R R U U U U R U U U U U L L L L L L D L L L L D D U U R R R R U R R R R R R U U R R D R R D R R U R U 
60 84 2 84
441 632 
D D D D D D D L D L R U R U U R R R L L L L L L L D D L D L D L L D D D D D D L D U R U U U U U U R R U R U R U R R R R L L L L L L L L L R R R R R U R R R R U U U U U 
22 23 4 160
880 789 424 410 
R R R R R L L L L L L L U L L D U R R R R R R R R U U U U R U U R R R R R U U R R R R U U U D D D L L L L L L L L L L L L L L R R D D D D U U U U R R R R R R R R D D L D D D D D D D D D D R D R R D D D D D L L R R U U U U U L L U L U U U U U U U U U U L L L L D D L D D D D L L L U U U U U U U D D D D D D D L L L D R R 
4 6 6 200
195 70 524 945 294 627 
D D L L L D D U U L U U D D D U R R R R R R R R L L L L L L L L D R R R R R D R U U U U U U U U U U U U U U D D D D D L L L L L D L R U U L U U U U U D D D D D R R U U U U U U U U U R R R L L L D D D D D D D D D L D R R R R R D R R R R R R R R U U U D D D L L L L L L L L D L L L L L L U D R R R R R R D D D D D R R R L L L U U U U U U L U L L L L U L U D R D R R R R D R D D D D D D D D L U L L L L 
39 47 4 160
550 813 218 526 
D D L D D L D D D D D D D D D D D D L D L L L D D D D R D D L L L L R R R R U U L U U U U R R R U R U U U U U U U U U U U U R U U R U U D D R D D R D D R R D R D R D U U U U R U U U R R R R R U U U U U U L D L L L L D D L L D U R R D R L U U U R R R R U R D D D D D D L L L L L D D D L D D D L U L U L L U U L U U L U U 
78 92 4 200
812 773 611 997 
L L L R R R R L L L D L L L R R R U R R U U U R R L L U D D D D D D D D R D D R D R D D R D R U U R R U U R L D D L L D D L U L U U L U L U U L U U U U D W W W W W W W W W W W W W W W W W W W W W W W W W W W W W W W W W W R R R R D R D D D D D R R R D D D D D D L L L D L D U R U R R R U U U U U U L L L U L L L L L L L U L L L L R U U U U U U U U D D D D D D D D R R R D R R R R R R R U U U U L U L 
83 91 4 175
626 85 873 229 
R U U U R R U R D D R D U L R R L L U U L D L L D D L L W W L R R R D L R R R W W W W W W W W W W W W W W W W W W W W W W W W W W W W W W W W W W W W W W W W W W W W W W W W W W W W W W W W W W W W W W W W W W W W W D R R R R R R U U R R U U U U L U L U D R D R D D D D D R R L L U L L L L L U U L L U U U D D D R R D D R R R D D L L L L L L U L L L 
32 56 4 200
754 698 776 954 
L D D D D D L L R R U U U U U R U W W W W W W W W W W W W W W W W W W W W W W W W W R U U R R R D D D D D D D D D D D L D D D D D R D D D D D D D D D L L U U U U L L L L L L L U U U D R R L L D D R R R R R R D D D D D D D U U U U U U U R D D D D R R U U U U U U U U U L U U U L R U U R U U R L D D L D L L U W W W W W W W W W W W U D D R R R R R D D R R R D U L L L U U L L L U R U U U U U U U U U U 
81 37 10 200
311 778 60 454 400 983 874 225 974 80 
L L D L D U R R L U R U U U L L L L L U U U U L R R U R U R L D L D L D D D R R L L D D D D L L L L L R R R R U U L U U U L L L L L U U U D L L L L L L D D L L L L R R R R U U R R R R R R R R R U U U U U U U U R U U U R L D D D L D D D D D D D D L L L L L U U U L U U U U L U U L R D D R D D D D R D D D R R R R R U U U R D D D U U U U D L D L L L L L U L U U U U U U U U U U D D D D D D D D D D R D 
78 34 7 200
917 117 152 313 672 327 540 
R D D D D D R D D R R R R R L L L L D U L U U L D D L D D L D D L L L D U L U L U U L U U U D D D R D R R U R U U U U U U U U U R R R R R D R D R R R L L L U L U L L L L L L L L U D R R R D D D D D D D D D L D L L D R D R R R R U U R U U R U U U R R R R R L L L L L U U U L L L L L R R R R D D D U U U R U L W U L L L L L L U L U L U U U U L L L U U U L L U L U U L U U L L R R D D R D D D D D D D U 
45 75 8 200
401 820 417 47 66 23 959 288 
U L L U L L L U D R D D R R D U L L U U R U U U L L L R R R R R L U U U U U U R R R R R R R R R R R R L U U U U D D R R L L D D L L L L L L L L L L L D D D D D D L D D D D D L R U U U U U U U U U D D D D D D D D D D D D D L L D L D L L L L U L L U L U U U L U U R L D D R D D D R D R R D R R R R R R R R D R R R L L L L L L L L L D D D D D D D D D D R L U U U U U U U U U U R R R R R R U L L L L U R 
68 82 4 175
404 580 462 247 
U U D D L L D L D L D D D D D D L D U R U U U U U U U U U L U L W W W W W W W W W W W W W W W W W W W W W W W W W W W U L L L L L L L L L L L L L L L L L D D D R D D D D D D D D D D D R L U U U U U U L L R R U U U U R R R R R R R R D D D D R R R D U L L L U U U U L L L L L L L L U L U U U R R R R R R R R R R R R R R R R R D R D R D D D R U R U R R 
81 3 6 200
205 185 944 642 513 181 
D L D U R U U U U R U U U R U U R R L U U R R R R R U R R R R U D D D D D L L L L L L L D D D L D L L R R U R U U U R R R R R R R U U U U L L L L D L L L L L L R D D R R D R R R R R R R D D R D D R D R R D D D D D U U U U U L L U L U U L U U L L L L L U D L L U L L L D D L D D D D R D D R D R R R L L L U L U U L U L D D D U U R R R R R U U U R R R L L L D D D L L L L L L R U R U U U U R U U U U R 
25 69 4 200
82 443 563 406 
D D D D D D D D D L L D D L L R R U U R R U U U U U R L L L L L L L L L R R R R R R R R U U R R R R L L R R R R L L D D D D D D L L L D L L R R U R R R U U U U U U L L L L U U D D R D D D D D R W W W W W W W W W W W W W W W W W W W W W W W W W W W W W W W W W W W W W W W W W W W D D D D D D D D L D D D D R R R R R R R D R D U L U L L L L L L L U U U D D D R R R R R U R R U U U D D D L L U U U L U 
23 39 3 186
384 407 314 
D D D U U U U R R R R D D D D R R R D U L L L U U U U L L L L U D D L D D D D D D L D D D D D D D L L D D L D D D D R R R R R R R R D D R D R R U R R R R R D D D D L D L R U R U U U U L L L L L D L L D L R U U R R R L L L L U U L L L L D U R R U U U R R R U U U U U L D L L D U R R U R D D D D R L D L L L D D D L L L L L L U U U U R U U R R U U U U U U U R U U U U U U R 
43 9 3 160
744 278 237 
D D U U R R R R R R R D D D L D D L D L L L L D L D L L L L L U U L U L U U U U U U U U L R D D D D D D D D R D R D D R R R R R U R U R R R R U R U U D D L L D L L D L D D L R R R R R U R R R L L L D L L L L U L L L L L L U U L U U R U U R U U D D L D D L D D R D D R R R R R R U R U R R U R R U U R U U U L L L L L L L 
70 79 4 200
65 755 768 753 
U U D D D D D D D D D R R R U D D D D D D D D R L U U U U U L L R R U U U U U U U U U R R R R W W W W W W W W W W W W W W D D D D D D D R D D D D D R R R U D L L L U U U U U L U U U U U U U L L L L U U U D D D D D D D D D D L L L U U U U U L L L L L U L L R R D R R R R R U R R R R R R R D R D R D R D R D R R L L U L U L U L U L U L L L L L L L D L L L L U L L U L U L U U U L L L R R R D D D R D R 
71 68 4 110
647 818 761 299 
L L U U L L L L L L L L L L U L R R U U R R U D L L D D L D R R R R R R R R R R D D D D D D U U U U U U L L L D L L D U R R U R R R D D R R D D W W W W W W W W W W W W W W W W D R R R R U U U R U D L D D D L L L L U U U 
88 80 4 200
835 707 184 665 
R R R R R R R D R U R U U L L L U U R R R L L L D D R R R D D L D L L L L L L D D D L L D L D L L L D D D D D D D D D D D L L L L D L D L D L L D D D D D D D D L L D D D D R R D R R R R D D D D R D D D D R D D D L L L L R R R R U U U L U U U U L U U L L R R U U L L L L U L L U U L L R R D D R R R R R D D D L D D L L R R U U R U U U L L L L L U U U U R R U U U U U U U U R R U R U R U R R R R U U U 
91 75 6 200
599 982 51 466 734 641 
R R U U R R R U R R U U U R U U L L L R R U U L L L L U U U U R R L L D D D D R R R R R U U U U U U U U U U U L L L L L L U L U U L L L L L R R R R R D D R D R R R U U U L L L L L L L R D D D D U U U U R R R R R R D R L D D R D D D D D D D D L U U D D R U U U U U U U U R R D D D D D D D U U U U L U L L L L U D D D D D D D D D D L L L R R R U U U U U U U U U R R R R D R D D D D D D D D L D D R D D 
71 91 2 148
518 690 
L L D D U U L U U L L U L L L L U D D L L D D D R R R L L L U U U R R U R R R R R R R R U U U L L L L L L L U L L L L L L R R R R R R D R R R R R R R D D D L L L L L L R R R R R R U R U R U U U R R L L D D L L L L L L L L L U L L L U D R R R D R R R R R R R R R D L D L D L L L L D R R D D R R R 
50 12 6 200
877 850 618 845 971 658 
L D D U U U L R R R R R R R U U U U U U U U U R R R U R U D R D R D U L U L L L U U U U U D D D D D U U U L L D D D L D D D L L D D D D L L W W W W W W W W W W W W W W W W W W W W W W W W W W W W W W W W W U L L L D D D L D L R U R U U U R U U U U U R U R U U U U L U U L L L L L D D D D D U U U U U R R R R R D D R R R R R L L L L D L R R R R U R R R U D L L L D L L L D D D L D L D D D D D R R D R 
69 88 6 168
536 516 228 14 960 606 
R R U U R U U U U R U U U U R R R R L L U L L L L L R R R R R D L D D D D U U U U L D D D D D R R D R D D D D D D R D R R D D R D D R R R R U U D D L L L L U U L U U U U U U U U U U U L L L L L U L L R R D R R R R R D D D D R R R L L L D D D D D L L U L U U U U U U L U L L U L D D U U U U R R R L L U U U D D D L D D D D D D L D D L L 
61 15 7 200
170 992 916 162 832 154 927 
R R D D U U U R U L L L W W W W W W W W W U U R R R R R U U U U U R R R U U U R U D L D D D L L L D D D D D L D D D D D D D D D D D L L L R U U U U D L L L L L L L L L R R D D W W W W W W W W W W W W W W W W W W W W W D D U U U U R R R R R R R D D D R R U U U U U U U U U U U L L L L D D R R R D R R D R L U L L L U U U U U D D D D D D L L R U U U U W U U L L L U U R R R R U R R R U D L L L D L L L 
72 14 3 200
823 941 22 
L L L L R R D D D D L L D R R R R R R R D D R R D D D U U U L L U U L U U L R D D L L D D U U R R L L L L L L U R R U U U U R R L L D D D D D D D D D D D D L D D L W W W W W W W W W W W W W W W W W W W W W W W W W W W W W W W W W W W W W W W W W L L L L L U U L L L U U L L U U L L R R D D R R D D R R R D D R R R R R R U U R U U U U U U U U D D L D L L D L D L D D D D D R R R R L L L L U U U U U R 
89 70 5 200
361 306 613 84 8 
L L D L R U R R U R R R R D D D D D D D D D D D D D D D D D U U U U U U U U R R L L D D D D D D D L L L D L D D D L L D R D R D R D R D L L L D U R R R U L U L U L U L U R U U U U U U U R U U U D D D L L L L L L D L D L R U R U R R R R R D D D D D D D R U U U R U R D L L L L D L L L L D L U U U U U U U L L L L R R R R D D D D D R R L L D D R U R R R R U R R R R U R R U U U U U U R L U U U U U U U 
68 69 3 200
748 419 878 
L D D D L D D D L D L L D D D D L L L L U U U U U U U D D D D D D D R R R R U U U U R R U R U U U R U U U R L D L D D L D L D D D L D L D L L L D D D L L D L L L L D D D D D D D D D D D D D D D R R R R R D R R R R D R R D D L D U R U U L L U L L L L L L R R R R R R R R R R R R R D D D D D D D D R R R D R D R R D U L L U L U L L L U U U U U U U U L L L L U U U D D D D D R L U U L L L L L L L U L L 
86 14 8 192
591 264 360 502 646 250 169 885 
R D U L U U U U R R R R U U U U R U U U R R R R L L L L U L U L L U U L L L L U D R R R R D D R R R U R R L L L U U U U U U U R U R R L L D D D D D R D D D D D U U U U U L U U U U L D D L L L L L R R R R R D D D D D R D L D R D D D D D R D D R D R R U R R U U D D L L D L R U R U R L D L D L L U L U U L U L U L L U U L R R U D L D D D D D R D U L U U U R R D D D D D L L L L D D D D 
99 65 4 200
864 177 925 998 
U U U U L L L U U U L U U L L L L L L L D D L D L D L D D R R R R U R U R R L L D L D L L L L U U R U R U R U U R R R R R R R D R R R R L L L L U D D R D D D R R R D D D D D D D D D D D D D D D D D D D L D D L D L D D D D L L L L L L D L L L U L L L L L L D D D D D R D D L L L L L L L L L U L L D L D D R R L L U U R U R R D R R R R R R R R R R R R R R R R L L L L L L L U U L U U U U U R R R R R R 
82 4 5 200
637 318 86 554 562 
D D D L L U L L L L L L L L L U U D D D L D L L L L L U U U U L R D D D D R R R R R R R L L U R U R R R R U U U U U U U U U L L U L U L R R R R R R R R R U U R U R U U L L L L L L L L L L L L L L L L D D D D D D R D D D D D R D D D D D D L D L R U R U U U U U L R U L U U U U U L U U U U U U U U U U U U U U U U U U U R R D R D R R R R R D U L L L L L U L U L L D D D D D D D D D D D D D R R R R R R 
95 4 9 200
802 796 105 990 501 958 686 467 488 
U D L L D L L L L D D U U R R R R U R U D L L L D L L L L L R R R U U R R R R R R U D L L L L L L L L L L L L R R R R R R R R R L L L D D R R U R R R R R W W W W W W W W W W W W W W W W W W W W W W W W W W W W W W W W W W R U U L L U U L U L L U U L U L U U D D D D D D D L D U R R R R R L L L L L L L L L L L L U D R R R R R R R R D D D D D R R R R R R R R R L L L L L L L L L U U U U U U U U U U R 
61 68 5 122
788 127 981 132 931 
L L L L L L D D D D D L D L U U L L U L R D R R D D D D D U U U R U R U U U U U R R R R R R U U R R R R U R R R U U R D D R R R R R U U U U D D D D L L L L L U U L D D L L L D L L L L D D L L L D L D U R U R R R U U U U U U R R L L D D D D D D 
2 69 7 200
772 964 52 493 706 592 227 
R L U U L L R D U R R R D D D R R R D R R R D D R R D D D U U U L L L L L L L L L L L L D D D U U U R R R R R R R D D D D D R R D R D D D R R U U U U R U U U U U U U U U L L L U L U L L U U L L U U U U U U U U L U U U U L U L U U U U U U U U R R U U U D D D L L D D D D D D D D R R L D R D D D D R D D D D D D D D R R D D R R D R D R R R D D D D D D D D D L D D D D L L U U U L U L L U U U U U R R R 
84 78 4 200
815 307 330 507 
D L D L L U U L L L U U U U U U L L U L U L L L L L U L L L L U L L D L D L L L D L D D D D L L D U R R U U U U R R R L L U U U L L L U U L L R R D D R R R D D R R R D R R R R R D R D D D D D D L L R R U U U U U U L U L L L L L U L L L L L L L L L L L L L L L L L L L D D L D D L L U L L U U U L U L U U L U U U U L U L L L L R R R R D R D D D D R D D R D R D D D R R D R R U U R U U R R U U U R U R 
90 93 5 200
575 380 197 833 26 
D D D D L D D D L U L R D R U U U R U U U U R R R R R R R U U R R L D D D D D D D D D L L L R R R U U U U U U U U U L D L L L L R R R R D R L L L L L L L L U U L R D D W W W W W W W W W W W W W W W W W W W W W W W W W W W W W W W W W W W W W W W W W W W W W W W W W W W W W W W W W W W W W W W W W W W W W W W W W W W W W D R R D D W W W W W D D R R D U L L U U L L L L L L L L U D R D D D D D D D U 
81 17 3 200
630 130 290 
L L L L L L L L L L L L L L L U L L L L L R R R R D U R R R R R R L L L L L D R D D D D D D D L R U U U U U U R R R R R L L L L L U R R R R R R R R R R R R R R L L L L L L L L L L L L R R R R R D D D U U L L L L D L D L L D W W W W W W W W W W W W W W W W W W W W W W W W W W W D L L L L L L L L L L L U U U U U U U R R U U R R R L L L D D L L D D D D D D D R R R R R R R R R R R U U R R U R U R R R 
26 0 6 200
765 107 490 367 505 354 
R U R L U U L U U U L L U D R R D D D R D D R R D R R R L L L U L R R R R R R D U L L L L L L L U U U U L U U U L L L D L L L L L L L U D L D D L L D L L L U U U U L R D D D D R R R U R R U U R R R R R R R R U R R R D D D R D D D D L L L L L L L L L D L R U R R R R R R R R R D L R U R L L L L L L L L L L L L L L L L L L U U U U U U U U R R R U R U U R R R R R R R R R D D D L L D L D D U U R U R R 
41 78 7 200
731 496 752 884 341 138 260 
U U L L L L L R R R R R D R L L L D D D D D D D D L R U U U U U U U U R R D L D L D D D D D D L D L L U U U U U U U U L U L U U U R U U L U L L L L L L L L U R U R U U U U L L L R R U U U U U L U U L L L U L L L L L L L L L L L L L L L L L L L L L L L D D D D D D D D D D U U U R R R R R R R R D D U U R R R U R W W U R R L L D L D L L L L L L L L L L L U U U U U U U R R R R R R R R R R R R R R R R 
13 57 7 200
479 930 440 503 434 478 50 
D D L D D U U R U U R U R U D R L U U U U U U U U U U U U U L U L L L U U L L L U L L U U U U U L R U U U U U U R U U U U D D D D L D D U L U U U L U U L U U R R R R R R R R R L L L L L L L L L D D R D D R D D D D U R D D D D D D D D D R L D R R D R R R D D R R R D R D D D D D D D D D D D D D L D L R D W W D D L L L L L L U U U U L L U U L U L U L L L D D D D D D U U U U U U R R R R R R U D L L L 
46 84 3 200
662 141 920 
R D D D R D R R D D D D D L D D D D D D D L L D D L L R R U U U U U D D D R R U U U U U U U R U U U U U L L U L U U U L R R R R R R R R R R D U L L L L L L L L L R W W W W W W W W W W W W W W W W W W W W W W W W W W W W W W W W W W W W W W W W W W W W W W W W W W W W W W W W W W W W W W W W W W U D R R R R R R R D R D R D D D D U U L L L L L L L L L L L L L L L U L W U U U U U U U D D D D D D D R 
46 24 6 200
114 75 600 89 882 93 
R R U U U R L U L L L L L R R D D D D D D D U L L L L L D L D L D D D D D D D D R R R L L L U U U U U U U U L L L U U L L D U U U U U U U U R R R R R R R R U U R R L L U U U U U U U U L L U U U L U U U U U U U U U U R U U U U U U U U U U U U R U D D D U U L L U U D D R D D D D D D D D D D D D L D D D D D D D D D D R D D D R R D D D D D D D D D D L D D D D D D L L L L R R R R U U U U U U L L L L L 
82 89 5 200
58 573 102 323 145 
D D L L L L D L R U R R R U U U U U U U U U U U D D D D D D D D D D U U R R R R R R R R R R U D R W W W W W W W W W W W W W W W W W W W W W W W W W R R D D D D D D D D D L L L R R R U U U U U U U U U L L L L L L L L L L L L L D W W U L L L L U U U R R R R U U U R R R U U R R R R R D D D R R D D R R D D D D L L L L L L L L L R R R R R R R R R U U U U L L U U L L U U U L L L D D D D L D D R R U R L 
1 13 5 200
745 349 475 96 965 
U U R R D D D D D D D D D D U U U U U U U U U U L L U U U U U L U U U U U U U U R R R L L U U L U U U U U U U U U U U U R R U U U R R D L D D D D R R U U R U R U U U U U U U U L U U U L U U L L L U L R R R U U R L D D L L D R R R D D R D D U U D D D R D D D D R R R R L L L L D D D R R R R R U U R U U U U D D D D L D D L L L L L D L D L D D L L D D U U U U U U R U L L D D D L L D D D D D D D D D D 
65 67 2 200
678 366 
L L L L L L D L D D D D D D D D L L L L L L U U L L L L D L L L L L L D R R D D R D D D R R R R R R D R D D D D D D D D L D L D L L D R D D D R D D D D D D D D R D D D D R L D D D D D D D D D L L D L R U R R U U U U U U U U U U U U U R R R R R R R R R R D R L U L L L L L L L L L D R R R R R R D R D D R R D D U U L L U U L U L L L L L L U L L U U U U U U U U L U U U L U R R U R U R U U U U U U U U 
34 83 1 32
429 
R D D D D R R R R L L L L D D D L D D D U U U R U U U U U U U L 
17 49 12 200
497 861 942 688 676 267 860 858 277 567 171 285 
U U D D R R U U U U U U U R U U U U U U U U D D R R L U D L L U L L U W U R R R U U R R L L L L L U U U U U L L U L L R R D R R D D D D R R R R U U U U U L U L L L L L L L L U L L U U U U U U L U U U U U U U L U L D D D D D L D D D D D D D D D U U U U U U U U U U L U U L L U L D D L D L D D R R R D D D D D D D D L U U U U U D D D D D R U U U U U U U U R R R D R R L L U L L L L L L U U R U R U U R 
93 20 5 188
415 871 319 67 810 
U U U R R R R U U U U U L U U L U L U U U U U U U U U L R R R R R U D L L L L D D D D D D D D D D L L L L D D U U R R R R U R U U R U R R U R L D L L D L D L L L W W W W W W L W W W W W W W W W W W W W W W W L R R R R D D D D U U U U L L L L L U U L U R R R U R R R R R U D L L L L L D L L L D R D D R D L L D L R U R R U R R R R R D D R D D R D D D D D L L L L D D L L R R D 
26 89 8 150
32 59 283 393 736 939 797 853 
R D R D U L L L L U L L U L D D L D U R R L U L L L L L L L L D U R R U U U R R U U U R R R R R U U U W W W W W W W W W W W W W W W W W W W W W W W W W W R R R D D R R R D D R D U L U U L L L U U L L L U D D D D L L L L L D L R R R R R R D U L L L L L D D L L D D D R R R R R R U R D R R D R R R U L 
27 44 3 176
128 572 645 
L U L D D L D L L D D L D D D D D L L L L D D L L U U U U L L U L L L L L L L L D L D D R D D R R D U L L U U L U U R U R R R R R U D D D D D D L D L D D L D U R U U R U R U U U U U R R R D R R D D D D R R U U R R R R U U U U U R R R D D R D R D D D D R R D D R D U U U U U U R U D L D D D D D L U U L L U U U U L U L U U L L U U U D R R U R U U R D R 
19 34 4 200
701 747 531 926 
D D D D D L D D R L U U L L L L L L L D D U U L L D L L L D U R R R U U U U U U U D D D D D R R R R R U D L L L L L D R R R R R R R R R R U U U U U D D L L L L L L D D D L W W W W W W W W W W W W W W W W W W W W W W W W W W W W W W W W W W W W L L D L D L L L L U U U U U U U U U U U U R R R U R R R R R R R R R R R R L L L L L L L L L L L L D L L L D D D D D D D D D D D D R R R R U R U R R R U U U 
75 77 3 200
224 210 598 
R D D D D D D D D R D D D D D R D U L L L L L L U U U U U L L U D R R D D D D D R R R R R U U U U U L U U D L L L L D D D D D L D L L L L L D D R R R D U L L L U U R R R R R U R U U U U U L L U L L L L L L D L L R R R R R R R D D U U L L L L L U R R R R R R D L L L L L L L L R R U U U U U U U L L L L L D L D L L L R R R U R U R R R R R D D D D D D R R R R R R R R R L L L L L L L L L D R R R R R R 
29 82 2 92
650 446 
D D R D D D D D D D D D R D R R L L D D D D D D D L R U U U U U U U U R R D D D D D D R R D D D D U L L U L L U D R R D R R U U U L L U U U U U U L L L U L L R R U U U U U U U U L U U 
10 31 5 178
257 899 543 399 144 
U U L L L L L R R R R R U U R L U U U U U L L U D R R D D D R R L D D D D D D U U U U U U L D L L L L L R R R R R D D D D R R R L L L D L D D L W W W W W W W W W W W W W W W W W W W W W W W W W W W W W W W W W W W W W W D L L U U U U U U U U U U R R R U R R R R R D R R D D D U U U L L U L L L L L D L L D D D D U U U U L D D D D D D D D D D R R U R U U R 
85 17 6 200
780 355 669 584 106 620 
U U R R L L U U U L L U U L R U U R R R U U L L L L U L U U U U U L U L L L U D R R R D R D D D D D L D D D D L D U R U D D L L D D L L L L L L L U U L U L L U U L U U U D D D R D D R D U R D R D D R R R R R R R U U R R U U U U U R R R R R U U L L U U L U U L L L L L L L L L D D D D D R L U U U U U R R R R R R R W W W W W W W W W W W W W U D R R D D R D D R R D D L L L D R R R R D D L L L D D D D 
58 55 2 191
693 628 
D D D U U U U R U R R W W W W W W W W W W W W W W W W W W W W W W W W W U R R U U D D L L D L L D L D D L L L L D D D D D D D D D D W W W W W W W W D R R R R R R R U U U U U R U U R U U U R U D R D D U U R R U R R U R R U U U U U D D D D D L L D L L D L L L L D D D L D D L D D D D D L L L L L L U U U U U U R U U U R R D U L L D D D L D D D D D D L U U U U U U U U U U U R R R R U 
62 9 6 199
456 529 881 661 149 757 
L D D D D D U R R U R R R U U U D D D R R R D D U U L D D D D L R U U U U L L L L L D L L U U U L L L L R R R R D D D D D D D D R L U U U L L L R R R R R D D D L L L L L L U D R R R R R R U U U U R U U R U R U U U D D D L D L D D L D L L U U U U U U R D D L D L L D W W W W W W W W W W W L L R U U U U L L U L U L L L L L R R R R R D R D R R D D D D R R R D R D R D D U U L U L U L L U R R U R U U 
79 80 3 124
558 886 911 
R R R R R R D R R D R R R L L L U L U U U U U U U U U U U U D D D D D L L L D D D D D L R U U U U U R R R D R R R R R R L L L L L L D D D D D U U U U U U U U U R R L L D D D D D D D D D D L L L L R R R U U U U U L L L L R R R R D D D D L L L L L L 
99 39 8 200
654 624 33 46 907 643 902 445 
U U U L L L D L L L L D U L L L L L L L L R R D D D D D D D D D U R R R R U L L U D R R D L L L L U U U U U U U U R R R R R U U U D D D R R R R R U R R D D D L L L L L L L L L L L L L D L R U R R R R R R R R R R R R R U U U R D D D L L L L L L L L L L L L D R R R R D R R R R D L L L L D L L L D D D L D L D D R R R R R R R D R D U U R U R D D R D D D D D L L L L R R R R U U U U U L U U L D L D L U 
88 14 5 200
830 356 236 115 193 
U U U R R R U U U U R D D R R R R R R D D D L D D L R R D D D D L D U R U U U U L U U R U U U L L L U D L R R D D D R D D D L L U D R R U U U L U U U L L L L U U L D D D D R R R R R R U R U U U U U U U U U U U U U U U U U U U U L L L L L L L L L L L L R R R R R R R R R R R R D D D D D D D D D D D D D D D D D D D L L L L L L U U L U U U U U U U D D D D D D D R D D R R R R R R U U U U U U U U U D D 
93 95 2 52
480 739 
R R R R D R R L L U L L L L L U L U L U L U D D D D D R R R R R U R L D L L L L L U U U U R D R D R D R 
37 11 5 148
405 962 146 222 365 
R D R D D D D R D D D R R D R L U L L U U U L U U U U L L R R L U L U U U U U U U U L L L U U D L L L U U U U L U U L L D D D D D D L R U U U U U U R R D D R D D D D R R R D R R R D D D D D D D D R R R L L L D D D D D L D D D L R U U U R U U U U U R R U R R R R R U U R R L L D D L L L L L D L L 
8 61 4 200
165 303 470 891 
L L L U D D D L D D U U R U U R R R R R R R R U U U D D D L D D D D D D U U U U U U R U U D D R L L U U U U U U U L L L U L U L L U U L L L L L D D D D D D D D D R D R R D R R D D D R D R D D D R R R R U R R R U R U U U U R U U L U U U U U U U U U R R R U U D D L L L D D D D D D D D D R D D L D D D D L D L L L D L L L L U U U L U L U U U L L U L L U L U U U U U U U U U R R R R R D D R R D R D R R 
60 95 5 150
104 137 876 894 191 
L L L L D L L L L L L D D D D L L U U U R U U R R R R R U R R U W W W W W W W W W W W W W W W W W W W W W W W W U U L L L L L L L L L L D L D D L L L L L L D D D R R D R R D U L L U L L U U U R R R R R R U U R U R R R R R R R R R R D D D L L D L L L L L D D L D D D R R U U U U R R R R R R U R R R R 
18 47 6 200
847 848 749 444 976 579 
R R R U U U D D D L L L D L D D D D D L L L R R R U U U U R R R R R R L L U U U U L U U U U U R R U U U U R R R L L L L U U U U U U L R D D D D D D R D D D D L L D D D D D D L L L L L U U U L U L L R R D R D D D R R R R R U R D R L D D D L L D D D R D U L U U U L L U U U L U U R R L L D D D D D D U U U U U U U U L U U U U U U U U U U U U U U U U U U L U L U U L L U L L U U L U U L U U L L U L U D 
37 71 5 200
670 859 935 126 135 
D D D D D D D U U R L U U U U U U U R U U U U U U U U U U L U U U L L L L L L L L U U U U L L L L L U U D D R R R R R R R L L U U U U L U L U L L L L U U D D R R R R D R D R D D R R R R U U U D D D D D R D D R D U L U U L U U L U D L L L D D D D D D R R R R R R R R D D D R D D D D D D D D D D L D D U R U U U U L U U U U U L U U U U U U U L U D R D D D D D D D L R R R U U U U U U R R U U R L D D L 
35 75 4 200
875 559 350 961 
D R R R U D L L L D D L L U U U U U U U U U U L U U R R R R D U L L L L D L L L L L L L L L L D D L D L L D L L D D L D L L L L U U U U U U U U U U L R U U U U R U U U U L L L L U U D D L L L L L L L D D L R U U R R R U U U U U D D D D D R R R R D D D D D U U U U U L L L L L U L L U U L R D D R R D R R R R R R R R R D D R R R R U R R D R R L L U L L D L L L L D D L D D D D D D D D D D D D D D R R 
22 10 5 200
924 332 164 420 951 
D D D D D R L U U U L L L D D U U L L L L L L L L L L L L L L U L R D R R R R R R D D R R D D D U U R R R L L L U L L U U R R R R R R R R R R R U U U L L U D L D L L L L D L D L L L D D U U R D D L D D D D R R R R R R R R U R R R D R R R R R R R R R R R R R R D D R R R R R R R R R R R R R R R U R U U R U U R R U U U R L D D D L L D D L D D L D L L L L R R R R R U R U R U U U U U U D D D D D D L D 
69 95 3 151
883 1 158 
U L L L L L L L L D D L L D D L R U U R R U U R R R R U U U D D D L L L D L D L L L L R R R R U U L L U L L U L R D R R D R R D R U R R R R R R R D L L L U L L L W W W W W W W W W W W W W W W W W W W W W W W W W W W W W W W W W W W W W W W W W U U L U D R D D R R D D D D D D L R U U U U U U R D R R R 
48 88 3 183
304 956 282 
R U R R R U D R R L L L L L L L L U U U U U U U U U U L R R R R R R R R R R L L L L D D D U U U L L L L L D L L L L L R R R R R D D D D D D D D D R R R D L R W W W W W W W W W W W W W W W W W W W W W W W W W W W W W W W W W W W W W W W R R R U U U U L U D R D D R R R R R R R R R R R U R U U U L U U U U R U D L D D D D R D D D L D L L L L L L L L L L L D D L L L L 
40 46 7 200
888 837 520 68 746 914 610 
R R U U R U U R U U U U U L L U L U U U U L L L R R R U U L L L D D D D D D D L D D R L D R R R R R U U L L R R D D L L L L L U U U R U U U U U U U R R R D D D D D R R L L D R D R R D D D D D L D D L D D L L U U U U U U U U U U R D D R D D D D D D D D D D R R U R U U U U U U U L U U L U L U U L U U L L U U U U U U U U R R R R R U R R U U R R U U D D L L D D L L D L L L L L D D D D D D D D R R D D 
25 73 5 196
3 712 986 714 335 
L L D L D L L L L D D U U R U U U U U U U D D D R L U D D D D D L L L R R R R R R R R R R L L L L U R L D L D L D L D L R U R U R U R R R R U R R D R R R R L L L L U L L D L L D D D D D D D D D U U U U U U U U U R L D D D D D D D D D L D D R R R U R R R R U D L L D D D D U U U U L L U U U U U L U U U U R R R U D L D U L L D D D D R D D D D D D L L L U L R U R U U U U U U U U U L U R U R R 
3 61 5 200
570 30 150 760 83 
L D D L D L D D D R R R D D U U U U R R D D D U U U L U U U U U L U L U L R D R D R D D D D D L D D L L D D D D D D D D D D U U U U U U U U R R D R D D D D R R D D U U L L U U U U L U L L U U L U U U R U R U U R L D D R R R D D R D R D D D R R R D D R R R R D R D D D D D D D R R R R R U U R U R R R R R R R D D D D D L D D D D D L D U R R R U U U U U U R U R R R R L L L L D L D D D D D D L L U U U 
17 3 6 196
720 386 91 696 674 692 
R R U R U U U D D L L L L L L R R R R R R R U R L D L D L D L L D L L L L L L L L L R R R R R R D D U U L L L U U L U U U U U U U U D D D D D D D D R D D R R R R D U R R R L U L L U L L U R R U U R R R R R R R U R U R R R R R R U R R R R R R U U R U U R L D D L D D L L L L L L L L L R R R U R R R U R U R U U U U D D D D L D L D L L L D D L L L L L L D L D L L L L L L L D D L L D R R D R R 
70 61 5 170
351 309 785 219 758 
D D D D D D U L L L L L L L D D L D D L D L L L L L U L U U U U L L R R D D D D R D R R R D D D R D D D D L L L L L D L L L D D L L L R R R U U R R R U R R R R U U U L U U L L L R R U U D D R D D D D U U R D D D R U U U U L U U U U U L L R R D D R R U R U U R U U D D L D D D D D L D D D D U U U U R U U U U U R U U R R R R R R R U U U U U 
63 75 6 200
733 775 806 176 275 324 
L U L L D L D L L L L L L D D D D D D L D D L L L L D L L L U U U U U U U L U U U D D D L L L L D D D L D D D D L L D D D D D D D D U U U U U U R R R R R R D U L L L L L L U U R R U U U U R U U U R R R R R D D R R R U U U U U U U R R R R L L L L D D D D D D D L L L D D D D D R R R D L D D D D L R U U U U R U R R R R R L L L L L L D D L L D L L D L L L R R R U R R U R R U U R U R R R R U U R U U U 
85 60 5 200
677 53 296 963 903 
R U U D D R D R R R R R R D D R L U U L L L U D L L L U L L D D L L D D D D D D D U U U U U U U L R R R U U R U U W W W W W W W W W W W W W W W W W W W W W W R U U U U U U U U U U R U R R R D R R R D R D D D D D L D D D D R D D D D D D D L D D D D D D L L D D D D L L L R R R U U U U R R U U U U U U R U U U U U U R L D D D D D D D L L L D D D U U L R U W W W W W W W U U U D D D R R R D D D D R L U 
64 35 6 200
932 798 594 949 544 78 
L L L L D D D D D R R D D D D U U U U L L U U L L L L R R R D D D D U U U U U U U L U L L U U D D R R D R D U U R R U R U R L L L L L L L R R R R R R D L D L L D D D D R U U U R R R R U W W W W W W W W W W W W W W W W W W W W W L W W W W W W W W W W W U U L L L L L L D L L D D L R R R R R R R R R D R W W W W W W W W W W D U R U R R D R D R D R D D R R R R R D D D R R D U L L U U U L L L L L U U L 
87 80 3 118
560 125 648 
U R R U R R R R U U U U U U U U U U R R R R D R D D D D L D U R U U U U L U L L L L L L L L L L L L L U U U U U L R D D D D D R R R R R R R R R D D D D L R D D D D D D W W W W W W W W R R U U U U U U R L D D D D D D L L L L L L D L L D 
2 34 6 200
808 163 279 996 574 390 
D D D D D D D D D D L R U U R L U U U U U L L R R D D U U L L D U R R U U U U R U U U R U R U D L D L D D D L D D D D L R D D D D D R R D D U U L L U L R D R R R D R W W W W W W W W W W W W W W W W W W W W W W W W W W W W W W W W W W W W W W W W W W W W W W W R R D D L D U R U U L L L U L L L U U U U U U U U D D D R D R D L D U R U U U U W W W W W W W W W W W R R R R R R L L L L D D D U U U L L D 
42 99 7 188
866 675 481 321 705 955 822 
L L L D L D L D L L L L L L L L L R R R D D D U U U R R R R R R D D D D D R U U U U D D D D L U L R U U U R R R L L L D D D D L D L L L L D U R R R U U U U U L U L U U L U L R D R D D R D R D D D D D R U R U U U U U R R R R R R L L L L L L D D D D D D D D R D D D D R D R R D D U U L L U L U U U U L U U U R R R D R R R R D D R L U U L L L L U L L L U U U U U U R U R U R R R 
67 63 2 194
700 183 
R R R R D D R R D D D D L L D U R R U U U U R R R R U U R R U R U R R R U U U U L L U U U U L U L L L U U U U L L L R R R D D D D R R D D D D D D U U U U U U R D R D D D D R R D D D D L L L D L D L L D D L L L L D D U U R U R R R U R R U R R U R R L L D L L D L L D L L L D L L L D D D D D D D L D D D D D D D L D D U U L L U L U U D D R D R R R U U U U U U U R U U U U U U U U U L L L L 
45 15 4 200
37 301 284 870 
D U R R R R R R R R R R R L L L L L L L L L L L U U L L U L L U L L D D D D D R R R R R R R U R U D R R L L U U U R U U L L L L R R R R D D L D D D L D L L D D L R U U R R U R U U R W W W W W W W W W W W R L L D D L D L L L L L L L U U U D D D L D L D W W W W L D D D D D R L U U U U U R U R U U U U U D D D D L D L D D D R R R R U R R R R L L L L D L L L L U U U R U R R U U U U U R R D R R D R R D 
28 52 4 186
151 259 28 196 
D D D R R D U R R R U R R R R R R L L L L U U U U U U U U L R D D D D D D D D L L D L L L L U U U U D D D D L U U U R U U U U R U R U R U U R R R R R D R D D R R L L U U L U L L L L U U U U U U U U U L L L L L L L U L L D D D D D D D D R L U U U U U U U U R R D R R R R R R R D D D D U U U U L L L L L L L D U R R R R R R R D D R L D D D D D D D L D D L D L D L D D D D L 
75 50 10 200
710 379 252 293 385 461 668 589 136 836 
R R R R R R R R D R R U U U D D D L L D L D D D U U U R U R R R U U U R U U U U R R R U U D D L L L D D D D L D U U R U U R U U U U R R R R L D D D U U U L L L D D D D L D D L D D D D R D D D D D R R R R R R U U U D D D L L L L L L U U U U L L L L L L L R R D D D L L D D L D L L L L U U L U U U L U U U U U U R U U R U U U U L L U U U L U U L L L L L U L R R R R R L L L L D R R R R R D D R D D D R 
7 14 5 200
0 450 593 217 530 
R R R U D R R D D D R R L U U U U U U U L L L L L U U U U U U U L U L R U R R R U L L L L U L U U L U U L U U U W R L U U U U U U U U D D D D D L L R R D D D R R R L L L U L U U L U D R D D R D D D D R D D R D D R D R R R R R U U U U U D D D D D L D L L L D D R D D D D D D U U R R U U U U U U R U R R D R R U U R R R U U R L D D D D D D R U D L U U U U U R R U U U U U L L L L D U R R R R D D D D D 
57 13 7 188
865 413 868 427 129 671 274 
U U U U U R R U R U R R U U R U U U U U U U U U U U R R U U U U U U R R U U R U D L D D L R R R R R R U U U U R R L L D D D D L L L L D D U U L L L D D D D D D L L D D D D D D U R U U U U U R U U R R D D U U L L D L L U L U U U R D R U U L L R R D D L U L D D D R D R R D D D D D D D D D D D D D U U U U U U U U U U U U L D D D D D L D D D D D D L D D L L D L D L L D D D D D 
