100
28 52 5 164
754 151 882 910 259 
D R D D R D U R R U R R R R R R R L L L L U U U U U U U U L R R R R R R R U U U U U U L U D D D U U U L U L R D R D R D D D D D D L L L L D D D D D D D D R L U U U U U U U U L L L L L U L L L L L L R R R R R R D R R R D D D R R R L L L U U U U U U L L L L U U U D D D R R R R D D D D D D D D D D D L L L D L L L U U U U D D L U 
91 16 4 200
811 485 117 513 
D D U U R L U U U U U U U U L L R R R R R R R R R L L L L L L L D D D L L R R R R R R R R R R D D D D D L D D D D L D D D D L L L D L L L U W W W W W W W W W W W W W W W W W W W W L U L U L L L L L L U U U U U U U U U U U U L U U U L U U L U L U D R D D D D D D L L L L L L R R R R R R U U U U U R D D R D D D R D D D D D D D D D D D D D D D R D D L L R R D D D R R R L L L U U U U U L U U U R R R R 
87 80 3 200
886 558 519 
L R D R R D R L U L L U U U U U U U U U U U L U D D L D D D D L D L D D D L R U U U R U R U U U U R U R D D D D D R R R R R L L L L L D D D D D W W W W W W W W W W W W W W W W W W W W W W W W W W W D D L L W W W W W W W W W W W D L L L L L L D L L D L L L L L U U U U U U U R U R R R R R U R R U D L L D L L L L L D L D D D D D D D R R R R R U R R U R R R R R R D D D L L U D R R U U U U R R U R L U 
36 63 6 148
670 859 946 23 72 429 
U R U U R L U L U U U L U L U U U U U R U U R R R R U U R U R R R R U R R R R U R R U U R R R R U R R U R R R R U U R U D L D L L L L L L R R R R R R D L L L L D L L D L D D D D R L U U U U L L L D D L L D L L L L D L L L L D L L L L L R R R R D D L L L L D D L D D D D D R D R D D D R D D D L D 
69 95 4 158
536 14 229 812 
U R R R U U R R R R R L L L L D D D R R D D D R R U R R U R R R R R U U R R U R U R R R R D R D D D D D L L L D D L D L L L D D L D D D D U U U U R U U R R R U R U U R R R U U U U U U D D D D D R R R D D R L U U L L L U L L L R R R U U U L U L L L L D L D L L D D L L L L L D L L D L L U U U L L U U U L D D L L L D 
84 75 7 200
815 224 647 299 761 755 913 
U L L L L D D D D D D D L L D D D D D D U L L L L L U L U L L U U U U D D L R D D R R D R D R R R U U U U U D D D D D L L L L D D L L L U U U L U U U L L L L R R R R R R U R U D L D L L D D D R D D D R R R U U R R R R R R U U U U U R R W W W W W W W W R D U L L L L L L L L L L L D D L D L L L L L R R R R R U R U U R R R R R R R R R R R D D D D D D L D L D D D L D D L L L L L L D D D D D D D L D U 
89 55 10 200
293 379 252 710 385 461 903 668 862 568 
L D L D L D L D D D L R U L L L R D D D L D D U U R U U R R R U U R R U R R U U U U U U D R R D D D D D D R R R R D U L L L L U U U U U U L L D D D D D L L D L L R U R U R R U U U U R U U R D D D D D D D D R R R L L L U U U U U U U U L L L R R D D L L L L U W W W W W W W W W W W W W W W W W W W W W W W W W W W W W W U U U U U U U U U U U U U R U D L D D D L L L L R R R R D D R R R L L L D D D D D 
24 56 3 200
848 281 980 
U U R R R L L L D D D L L D L L L L R R U U D D R R U R R D D D D D D D D L L R R U U U U U U U U L L L L L U U D D R R R R R D D D D D D D D L D W W W W W W W W W W W D L L L D D D D L D D D D D D L D D D D D L L L L L L D L D D L L L L L D L D D D D D D L D D D L R U U U R U U U U U U R U R R R R R L L L L L L D D D D D D D D U U U U U U U U R R R R R R U U R U R R R R R R U U U U U R U U U U U 
21 56 6 168
82 443 986 563 28 688 
U U U U U R U R U U R R R U L L L L L L L L L R R R R R R R R R U U R R R L L U U R R U R R U D D D D L L D D D D D D L L L L L D U R R R R R U U U U R R R R D D D R R R R R R R D D D D D U U U U U L L L L L L L U U U L L L L D L L D L D L R U R U R R U R R R R L L L L U U R R U U U L L D L L D L R D L D D D L L L D D L D L D D D D D 
4 41 4 200
543 399 497 854 
R R R R D D R D D R R R D D D D D D L U L L L L L U L U U U D D D R D R R R R R D R U R U U U U U U U U U U U U U U U U U R R R U U R R D R D U L U U U U U U U U R R D D U U L L D D D D D D D L L D D L L L D D D D D D D D D L L L L R R R R U U U U U U U U L L L L R R R R D D D D D D D D D D D D D D D D U U U U U U U U U U U U U R U R R R D D D D D D D U U U U U U U L L L D L D D D D D D D D D D D 
84 8 5 130
686 467 62 86 418 
L L D U L L L D D D L D D L L D L L L D D L R U U R R R U R R U U R U U U R U U U U U U U U U L L R R U U U U U U U U R U R U U U R R R R R R R R D R R L L U L L L L L L L L D D D L D L D D D D D D L L L L L L L L R R R R R R R R D D D D D D D D D D D R R R R 
14 77 4 198
208 853 32 752 
R R R R R R U R U R R U R U U R U U U U R R U D R R D D D L L R R U U R R R R R R L L L L L L U U U U U U U L L L L L U L U U U U L U U D D D L D L L L L D L R U R R R R D R D U L U U R U R D D D D R D R R R R R D D D D L L R R D D L L L L D D D D L D D L D L L D L D L L L L L L R R R R R U R R U U U R U R U R R U R U U U U R U U L U L R D R D D L D D D D L D L L D L D L D D D L L D L L L L L 
48 88 5 175
137 866 675 104 66 
U U U U U U L L L U L L L L L U L L L L L L L L L L L L R R R R R R R D D D D D D L L U L U L U D R D R D R R U U U U U U R R R R R D R R R R R D R R R R R R R L L L L D D D D D D R R R U W W W W W W W W W W W W W W W W W W W W W W W W W W W W W W W W W W W W W W W W W W W W W W W W W W W W W W W W W W W W W R R R D D D R L U U U U D L L L D L L L 
62 24 5 166
868 152 106 703 419 
R U U U R R R R R R R D D R R D U L U U U U D D D D R R R L L L L L D U R U U U D D R D D R R R D R R R U R U U U U L L L U U U L L L U L L L L U U L U L L U L L L L L L L R R R R R R U U U L L L L L L L L U D R R R R R R R R D D D R D R R D R D D R R R R D R R R D D D R R R D D D D L D L L L U L L L U U L U L L L L L L L D D D L 
11 46 5 143
774 899 808 163 349 
R R L L D D D D L D D U U L L L L L L L D D D D D D D D D D D D D D D L D D D L R U U R L U U U U U L L R R D D D D L W W W W W W W W W W W W W W W W W W W W W W W W W W W W W W W W W W W W W W W L D D D D D U U U U U R R R U U U L L R R U U U U U U U U U U U U R R R R R R R R U U U U 
86 93 4 192
85 65 495 887 
R L D L D D L L D D D D L D D L L L L L D D L L L L L D L L R R D D D D D D D D D U R D D D D D D D R D U L U U U U U U U L U U U U U U U U U R R R R R U U R R R R R D D R R R D R D D R R R D U L L L L L L L L D L L L L L L L L D D U U R R R R R R R R U R R R L L L U U U U U U U L L L D L D L R U R U R R R U U D D D D D D D D D R R R R R U U L U L L L U U U U R U U U U R R U U R U 
70 84 4 200
404 307 216 345 
L L L U U U L L U D L L L D L L L D D D L L D D D U U U R R U U R R R L L L U L L U U U U L L R R D D D D R R R R R D D D D D R D R R D R R D U L L U L L U L U U U U U U R R R R R D D D R R R L L U L U U L L L L L L L L L L L D L L L L L L L L L L L L L L U U U L U L L R R D R D D D R R R R R R R R R R R R R R U R R R U U U U U L U U L L L R R R D D D D D D D D L L D L R D D D D D D L R U U U U U 
47 46 7 200
526 678 492 458 123 474 506 
U D R D R R R R R R R R R R R U R U U L U U U U U U L L U U U U L L L L L L U L U L L L D L L L L D L R U R R R L L L D L D D D L D L L U U D D R R U R U U U R U R R R U U U U L L R R D D D D R D D D D R R R D D D D U U U U L L L U U U U U R R R D R D R R R R R R D D D D R R D D D D D D R D D L D L L L L L L L L L L L U U R R R L L L D L D D D D D L D D U U R U U U U U R U R R R R R R R U R U R L 
28 80 3 200
731 463 59 
R R R R R R R R L L L L L L L L L L L D D D D L L L D L L D D L L D D D D D D L D D R R R D D D D L L L D L L L L L L L U U U U U U U U U U U U U U U U U U R R R R R U R R R R U U R U R U U U R R U U R R R U R U U D D L D L L L D D D D D D U U U U U U U U U L R R R R R R U L L L L L L L L R R R R R R R R D D D D U U U L L L L L D D D D D L L D D D L D L D D L L L L D L L L L L D D D D D D D D D D 
48 38 6 141
590 638 656 898 309 729 
D L D U U U U U U U U U L L L L R R U U U U U U R U U R R R R R D D R R R W R R L L L L L U U L L L L L D D L D D D D D D R R D D D D R R R R L L L L U U L L U U U U R R R R R R R R R U R U R R U U D D L L D L D L L L L L L L L L D D L L L L L R R R D U R R D D R R D D D D D D R U 
77 34 6 200
311 917 669 454 317 919 
U R R D D D R D D D R R R D D R R L L D D L D U R U U U U L L U D L U U U L U U U L L L L U U U L U L R D R D D R R R R R R R R R U R U W W W W W W W W W W W W W W W W W W W W W W W W W W W W W W W W W W W W W W W R U U U U U L U L L L U U U L U U U U U U U U U L L U U L U L U D L L L L L L L L L L R R R R R R R R R R R D R D D R R D D R R L L D D D D D D D R D D D R R R R U R U U U U D D D D L D 
39 47 4 200
550 410 645 711 
D D L D D L D L L L L L L L L L L L D D D R R R D D D R W W W W W D D D D D D D D D D D D D D D D D R D D D D R D U L U U U U L U U U U U U U L L L L D D L U U U U U U U L L R R D R R R R L L L L D D D D D D R U U R R R R U U U U U U U U U U U D L U U U L L L D D L D L L L L L U U U U R U U U R L D D D L D D D D R R R R R U R U U U U U R R D D D U L L L L L R R R R R U U R R R R R R R R R U R U U 
49 76 5 176
662 462 141 580 210 
R U U D D L D D D D D D L D D L D D L L R R U U U U U D D U U D D D R U R R R R R R R R R R U R R R R R U U U R U U R U R R R U U U U U L L U D R R D D D D D L L L D L D D L D D D D R R R D R D D D R R D R D R R R U U U U U R U R U R U D L D L D L D D D D D L L L U L D D D U U U U L L U U U L U L L L U L L L L L D L L L L L L L L L L U R U U U U U U 
31 84 5 163
875 330 705 321 417 
R D D R R D R R R D R D D D D D U U U U U L U L L L U L R R U R R U R R D R R R U U U U U U L U U L L L L L D W W W W W D L L L L U L L U U U U R L D D D D R R D R R R R U U U R U U U R R R L L L D D D L D R R R R R D D R D D D D D D L D D D D L D D D D R R R D U L L L U U U U U L R D R U U U U L L U L L D L L D L L L U U L 
83 91 2 200
626 316 
R U U R U R U R R D D D U U U L L D L D L D D L W W W W W W W W W W W W W W W W W W W W W W W W W W W W W W W W W W W W W W W L L L L L L L L L U U L L L L U L W W W W W W W W W W W W W W W W W W W W W W W W W W W W W W W W W W W L U U U R R R U U R R R R R R D R D R R R R U R R R R R R R R R R R R R D D D D D D D D D D D D L L L D U R R R U U U U U U U U U U U U L L R R R R R R D D D D D L L L R 
78 99 4 130
516 228 799 606 
L L L L L L L L D D L L D D D R R R R R R L L L L L L L L L D L L R R U R R U U U L U L L L L L L L L L U D R R R R R R R R R D R D D D R U U U R R U U R R R R R D D D U U U L L L L D L L D L D D D D D R R D D R R L L U U L L U U U U U R U R R U R R R R R R R 
94 22 5 200
415 445 871 840 717 
L U U U U U R L D D D D R R R R R R U U L U L R R U U U L L L U L U L U U U U U U U U U L R R R R R U D L D D D D D D R R L U U U U U U U U U U U U U U L L L L L L L L L U D R R R R R R R R R D D D D D R L U U U U U L L D D D D L L D U R R U U U U R R R L D D D D D D D D D D D D D D D R L U L U U U U U U L L L D D D D D D D D D D D D D D D D L L L U U U L U U U U U U U U L U U U U U U U R L D D D 
62 25 4 96
798 631 927 845 
U L L L L L D D L D D D R D D R D D R L L L D U R R U U R R U R R U U R R U U R U U R L D D L D L L L L L R R R R R R U U R L D D L D L L D D L L D L L L U U L U U U U U D D R U U R R R R R D 
14 7 4 192
91 765 396 674 
D D U R R R R R R R R L L L L D D D R R R R D R R R R R R D U L L U U U U L U L L L L U L L L U U U U U L U U L U U U U U U U L U L U U L L L U L L L L L L L L L D L L U U U U U U U R L D D D D D D D R R D D D D D U U U U U U R R R R R R R R R R U D L D R R R D D R D R D D D D D D D R D D R D D D D D R R R D R R R R D R D D D D L L L L U L L L L D L L D L R U R R U U U U L L L L U 
55 81 11 200
268 897 371 936 806 775 176 47 247 920 507 
L L L U U U R R R R D D D D D D R R L D D D D R R L L L L L L L L L U U U L L L L L L D D U U U U U D D D R R R R R R D D D R R R R R R R U U U U L U U U U U U L L L L D D D R R R R D D D R D D U U L U U U U U U L L L L L L L L L R U D R R R R R R R R D D D D D D R L U U U L L L L L L L L L L L L L U L U U U L U U U D D D R D D D R U U U R U U U R R U U R R L L D D L L D D D L D D D D R R R R R R 
17 76 2 200
376 610 
D D D D D D D L D D D D D D L L L L L D U R R R R R U U U U U U R U U U U U U U R R R W W W W W W W W W W W W W W W W W W W W W W W W W W W W W W W W W W W W W W W W W W W W W W W W W W W W W W W W W W W W W W W W W W W W W W W W W W W W W W W W W W W W W W W W W W W U R R U R U U U R R R R R R R R R R R R R R R D D D D D R D D D D D D D D D U U U U U U R R R R R D R R R R L L L L U L L L L L U U 
87 11 4 108
185 265 591 885 
L L L U U R R R R R R U R R R U D L L L D L L L U U U U U L R D D D D D R R U U U U U U R L U L U U U R R R U R R U R R L L L L L L U D R R R R D L L D L L L D D D R D D D D D D D L L U U U L R D D D L L L D D R R R 
33 17 3 106
469 146 800 
U R U U U D D D L L L D D D D U U U U R R R R U U R R U R U D L L L L R R R D L D D D D D D D D D D R R R U U U U U U D D D D D D R R R D U L L L L L L U U U U U U U U U U L U U U U U U L R D D D D D D D D L L D 
7 83 7 152
434 362 528 320 341 138 579 
L L U U U U L R U U U U U U R R U U U U D D D D L L D D D D U U R R U U U R U R U U R U R R R R R R R R U R R L L L L L L L L L L L L L L D D L L D D L D L D D D D D L L R R U U U U U R U R U U R R U U R R R R R R R R R R R R D L L L L L L L L D L D D L D D D U U L D D D L L D D D D D D D D L D U R R R 
33 45 4 200
242 406 240 914 
D D D D L R U U U U U U U R U D L L L L L L U L U U U U L R R R R R R U R L D D D U U L L U U D D L L L D D D D L L L R R R U U U U U U U D D D D D D D D D D L L L D L R U R R R U U U U U U U R R R L L L D D D D D D D D L D D R R U R R R R R R U U R U R U U U U R U U U U R R R R U R R R U R R R D D D D D D D D D D L L R R U U U U U U U U U U L L L D L L L D L L L L D D D D L D D D D L D L D D L L 
6 44 6 116
96 465 570 50 891 150 
U U R U R R U L L L L L L L U U U U U U U L L R R D D R L U U U L R U U R R R R U U U U R U U U R U U U U U D D D D D L D D D L D D D D L L L L D D D D D D D D D D D L D D U U R U U U U U R U D L D D D D R R R R R R R D L L D L D D 
2 69 7 200
772 964 52 165 30 457 639 
R L U U L L R D D D D D R R R D R D D D D D L D R D D D D D U U U U U L U U U L U L U L R D R D R D D R U U U U U U U U U U U D D D D D D L U L L L U L D D D U U U R U U U U R R R L L D D D D D D D D D D D D D D D D D D D D D D D D D D D D D L D D D D D D L D D D D D D D D D D D D D D D D D R D D R D R R D D D R L U U U U U U D D D D D D R R R R R R R R R L L L L L L L L L U U U L L U L U U L U U 
29 78 4 170
650 428 446 844 
R D D R D D D D R D D R L D D L D D D D D L R U U U U U R U U U R D D D R D D D R D D D D U U L L L L U D R R R R U U L U U U L U U U L U L L L L U U U U U L L U U R R R U U R U U U U U U U U U U U U R R R U R U D L D L L L D D D D D D D D D D D D L D D L L L D D D D L L L D D D D L R U U U U R R R U U R R D D D D D R R R U U U U L U U L 
44 46 4 200
888 746 218 557 
U U U U U U U U U U L L L U L L L U U U R R R L U U D D L L D D D D D L R R D R L U L U U R R R R R L L D R R R D D D D D D D D D D D D D D D D D D R L U U U U U U U U U D U U R U W U U U U U L W W W W W W W W W W W W W W W W W W U D L L L L L W W W W W W W W W W W W W W W W W W W W W W W W W W W W W W W W W W W W W W W W W W W W W W W W W W W W W W W W W W W W U L L L D L R U R R R R R L L D R R 
12 3 7 200
450 524 745 0 487 574 534 
U R U U U U U R U U U U U U U U U L L L L L L U U U U U U U L U L R R R R U U D D L L L D L D D D D D D D D D D D D D L L D L D L L L R R R U U U U U D D D D D D D D D D U U U U U U R U R R U U U R R R R L L L L U U U U U U U U U U R R D D D D D D D R R R R R R L L L L L L U U U U L L U D R R D D D D R R R R R R D D D D D D D D D L D D D D D L L L L L L U L L U U L U U L R D D R D D R R D R R R R 
60 29 5 176
932 594 539 93 500 
U U U U U D D D D R R L L U U L L L L R R R D D D D U U L L L L L L L L L L L L L L L L L L D D L L L L L L D R R R D R R L L D L D L D U R U R U U L L L U R R R U D R R R D R D R L U L U U U R R R U U U L L L L L L R R R R R R D D D D D D L D D L L L D L L L L D D D D D U U U U U R R R R U R R R U U R U U U R R R R R R R R R R R R R R R U U R D D D 
88 2 6 200
105 802 796 77 510 205 
U R R R U R R U R R L L D L L D L L D D U U R R R U R U R R R R U R L D L L L L D L D L L L L D L L L L U U U L L L L L U U U U U D D D D D R R R R R D D D R R R R D L L L L L L L L L U U U R U U R W W W W W W W W W W W W W W W W W W W W W W W W W W W W W W W W W W W W W W W W W W W W W W W W W W W W W W W W W W W W W W W W W W W W W W W W W W W W W W W R U U U U U R R R L L L D D D D D L L D D L 
19 64 4 18
861 942 267 440 
D R U D R L L D L L L L R R R R U U 
46 46 2 186
426 785 
U U R R R R R R R R R R U R R D D R L U U L L U L U U L U L U L R D R D R D D R D D L L L L L L L L L L D D W W W W W W W W D D W W W W W W W W W W W W W W W W W W W W W W W W W W W W W W W W W W W W W W W W W W W W W W W W W W W W W W W W W W W W W W W W W W L D D D D D D R R U R U U U U U R R R R R R R R R U R L D L L L L L L L L L D D D D D L D L L U U U U U U R U U 
29 25 5 200
880 498 407 89 972 
L L D D D D D D L D D D D L L D D U U L L U U U L R D D D R R R R U U R R R R D D D R D R L U L U L L L L U D R R R R U U U D L L L L U U U L L R R D R U R R R R R R U U U U U U U R R U R R U U R R U R R R R L L L L D L L D D L L D L L U U U U U U U U U U R R R R R R R R R U U U U U U U U D D D D D D D D L L L L L L L L L D D D D D D D D D D R R U U U R R R U U U U R L D D D D L L L D D D L L D D 
93 31 9 200
193 646 33 46 654 624 577 589 306 
D D L L D R R R R R R R L L L L L L L U U U U U U U U R R L U U U U U R L D U R R R R U R R R D U L L U U U U U D D D D D L L L L U U U L L L L U L U U U U R R R U U U U U U D D D D D D D D D D R R U U U U R R R U L L L L U U R U U U R U R U U U U U D D D D D L D L D D D L D D R R R R D L L L D D D D L L U U U U L L L L R D D D D R R R L L D R R R R D D D R R R D L L L L D D D D D L D D D D D D D 
64 95 4 191
422 883 863 614 
R D D U U R U R L L L L L L D D L L L D D U U R U U D D R R R R R W W W R R L L L L L D D L D D L L D U R R U U R U U U U R R R R R D L L D D L L L L D D D D L L D D D L L L D D U U L L L L L L L R R R R R R R R R R U U U R R U U U U R U U U U U L U L L L L L L L L L L D D L D L L L L L L L D D L L L D U R R R U U R R R R R R R U R U U R R R R R R R R R R D R D D D D D R R R U U 
95 15 3 152
830 849 250 
U U U L U L L U U D D R R R R R L L L D L L D D D L L R R U U U R R R D D D L L L L L U U U U U U U R W W W W W W W W W W W W W W W W W W W W W W W W W U U U R U L L L L U U U U U U U L L W W W W W W W W W W W W W W W W W W W L R R R D D D D D D D R R R R D L D D D L D D D D D D D R R R R R U U U D D D 
88 80 4 198
835 864 768 641 
R R R R R R R R D U R L L L U U U U R R R L L L D D D D L L L D D D R R D R D D R D R D D D U U U L U L L L L L L L D L D L L D D D D U U U R R R R R R D R L U L L L L L L D D D L L L D L R U R R R U U U U R R U R U R R R R R R U U R R R R R U U U U U U U U U U U U U D D D D D D D D D D D D D L L L L L L U L L U U U U U U U U U U U U U U U R R U R U U D D L D L L D D D D D D D D D D D D L L L 
49 46 5 200
198 693 18 444 760 
R R R R R D D U U R R R R W W W W W W U U U U U U L U L U L L U L L L U U L L L L R R R R D D R R R D R R D R D R D D D D D D L L L L L L L L L R R R R R R R R R U U U U U U L L L L L L L U U U U L U U L U L W W W W W W W W W W W W W W W L L L L U L L L L L U L U L L L U L U U L L L L L L L D D L L D D D L L D D D D D L D D D D D L L L L L L L L L L U U D L L R R D R R R R R R R R R R U U U U U R 
40 98 4 162
956 935 879 955 
R R R R R R D D D U U L L L L L L L L L L L L L L L L L U L L D D D R D R R D D L L L L L L R R R R R R D D R L U U U U L L U L U U U L L L L R R R R D D D R R R R R R D D D U U U L L L L L L U L L R R U U R R U R R R L L L D D R R D D D D D D R L U U U U U R R R L L L U U U D D R R R R R R R R R R R R R R R U L L L L L L 
40 46 5 200
698 828 153 68 161 
D D D D L D L L L L D D L D U U U L L L L L L L R R D R R D D D D D R R D D D D U U U U L L U U U U U L L U R R R R R D D R U U R R R R U R U U U U R R U U R U R U R R R R R L L L L L D L D L L L R R U U U U U U R U R R U R L D L L D L D D D D D D D D L L D D D D D D D D U U U U U U U U R R R D R R U W W W W W W W W W U R U R R R L L L D L D D L D D D D D R R R R R R R R R R R D U L L L L L L L L 
66 11 6 153
170 865 832 992 130 442 
L L U L U U U L U L U L U L R W W W W W W W R R R D R R R R R U R R R D L R U L L L L U U U U U U D D D D D D R D L L L L L U L L L D R D R D D D D U U U U L L L U L L U L U L U U U U U U L L R R D D D D D D R D R D R R R R R R R U R U R U R R U U R L D D L L D L D L D L L L L L D R R R D R D D D R D R R 
83 93 3 88
960 58 873 
L L L L U L L L L L U L L R R D R R R R R D R R R D D D L L L L L L D D U U U L L L L U D R R R R D R R R R R D D D U U U R U U U R R R U R R R D R L U L L L D L L L D L R U R 
89 70 7 200
361 677 53 296 184 504 987 
L L D L D D D D D D D D D R D R R R R R D D R R L L U U L L U D L L L U D D L L L L D D D D D D D U U U U U U U L U U L L U U D D R R R R L L D D R R R R R U U U U U U U U R L D D D D D D L U U U U U U U U U R U R R R U U U U L L L L D D L D D L L D D D L L D D D U U U R R U U D D R R D D D D R D R D D D R D R L U L U U U L U L U U U U L L U U U R R U U U W W W W W W W W W W W U U D D D R U U R R 
69 12 6 200
823 637 318 529 941 603 
U U L R D D D D D D D D D D R R L L D D D L L D L L U U U U L R D D D D R R U R R U U U U U U U U L R R D R R D R R R R R D D D U U U L L U U U U L L R R D D D D L L L U U R R L L D L L U L U U U W W W W W W W W W W W W W W W W W W W W W W W W W W W W W W W W W W W W W W W W W W R U U U U U L L L D D D D D D W W D L L L L L U U U U L L U L L U U U R U U R R L L D D L D D D R R D R R D D D D R R R 
92 78 7 175
599 982 51 197 380 466 734 
R R D R R R U R U U U L U L U R R U U L R U U U U U U U U U U R L D D D D D D D D D L L L L L L L L L L U U L D U R D D R R R R R R R R U U U R U U U U U U U U U L L L L U L L L L L L R R R R R R D R R R D D U U L L U L L L L L R R R D W D L D D L R U U R U U R R D R R R D D D D D D D D D L D U U D D D D R R D D D L L D R D R D D D L D L L L U L L 
71 85 3 127
518 189 158 
L L U L U U U R L L L U L L U L L U U U U D D D D D L R R L D D L D W W W W W W W W W W W W W W W W W W W W W W W D L D L D L R D D D D D D D U U U U U U U U R U R U U R U U U R R U R U U U U U U L L L U D R R R D D D D D D L D D R R D R R D D D R D R R 
79 14 4 200
630 671 290 312 
L L L U L L U L L L L L U L L L L L L L U L R D R R R R R R R R R U D L L D L L D D D D D D L R U U U U U U R R R R R L U U U U U U U L U L L L D L D L D U R U R U R R R D D D D D D D L R D D D D R R R R U D L L L L U U U U U U U U U U U L L L L L L D L D L D L R D R D D D L L L L D R R R D R D U L U L L L U R R R R U U U L U U R U R U R R R R R R R R L L L L L L L L L U U L L L L L L L D D L R U 
58 1 4 193
456 162 726 742 
R R R U U U R U R U U U R U R R L L D L L L L L L L L D U R R R R R R R R R R R U W W W W W W W U U U U U L L U D R R D D D D L L R R U U R U R U U D D L D L D D L L L L L L D D D L D L L L D L D L R U R U R R R U R U U U R U U D D R R R R R U U U R R R D D W W W W W W W W D U U U L L L D D D L L L L L R R R R R D D L D D D D D D R D R L U L U U U U U U L L L D D D L D L D D D L L L 
17 58 8 171
5 41 905 113 952 475 930 479 
L L L L L D D D D L D D L L L D L D L L D L U U U L R U U U U W R R R R R L L U U D D R R D D R D U L U U U U U D D D D R L U L L R R U U R L D L L L L L L L L R R R R U U D D R R R R D L L L D D D D U U U U L L D D D D D D D R R R D D R R R R L L L L U U L L U R R U R U R R R U R L U R U U U U R R R U D R D D D D L L L L R R R R U U U U R 
57 93 2 200
304 1 
L L D D L L L D R R D U L L U U U L U U L L U U L U U L L L R R R R R R R R R R L L L L D D D U U U L L L D D R D D R R D D R D D R R R U U R R L D D L L L L L U U U U U R R R R W W W W W W W W W W W W W W W W W W W W W W W W W W W W W W W W W W W W W R R R R D D R D D R R R R R U U U U U U U D D D L R D D D D L L L L L U U L L L R R U U L L L U U D D R R R R L L L L L L L L L D D D D D R R R R R 
61 62 9 200
748 79 540 291 597 225 807 80 758 
D D R R D L D L L L U U U U U U U D D D D D D D D D R R D D D D D D D D D D D D D D R D D R R L L U U L U U U U U R R R R R R R R R R R R U U R D R L U U U U U U U U U U U L R D D D D D D D D D D L D D L D D D U U U U R U U U U R U R R U U U U R L D D L L L R R R D D L L D L D D D D L L L U L L L L U U U U U U L U U D D R D D D D D D R R R R D R R D L L L L L L L L L L L U U D D D D U U U U U U U 
19 23 5 200
701 747 889 314 272 
U U U U L L L L L L U L U L D D D R L U U U R R U R R U U R R L L D D L L D L D R D R R R R R D D D D D D D R R R U U R R L L D D L L L U U U U U U U U U U L R D D D D D D D D D D R R U R U U U R U R U R L D D D D D D L D U R U U U U U R U R R R R R R D D L L R R U U L L L L L L D L L D L D D D L D L L U U U U U U U R D D D D U U U U R U U U U R R R R R R L L L L L L D D L L L U L L L L L U L U D 
3 93 6 200
592 171 567 227 503 260 
L R U U R U U D D L D D D D D D D D D R L L D L L D D R R R D D D D D D D D L R R R R L U U U U U R U U R R U U U U U U U L U D D D D L D D U U R U U U R D D D D D D D L L D D L D D D D D L L U U U U U U U U L L L U U R R U R U U U U U U D D D D D D D D D D D R R R U R R U U U U U U U U R U R R R U D L L L D L U U U R R U U U U R U R R R D D D D U U U U L L L D L D D D D L L D D D D D D D D D D D 
92 12 5 200
640 501 990 642 944 
D D L L D D D D L D U R R R R R R L L L L L L L L L L D L L R R D D R L U U U U U U L U L U U U D D D R D R D D D R R R R R R R R R R R R D D D D D D U U U U U U L L L L L L L U U U U U L L R R D R R U U D D R L U U L L L L U L U U L L U L U U U U U U U L U U U U U U L L L D L D L D D D D L L L L L D D D R D R D R R D R R D R D D D D D D D D R R D D R L U U L L U U U U U U U U L U L L U L L U L U 
51 2 5 200
405 403 989 951 757 
L L L L L L L L L U L U U L L U U L U U U L R D D D R D D R R D R R U R R R R R R R R R R R U U U R R U R U U U R U U U L L L L L U L R D R R R R R D D D L D D D L D L L D D D L L D D D D L L L L D L R U R R R R U U U U U R R U U D D L L D L L L L L L L L L D L L D R D R R R R R R R R R R R R R R R U U U R U U U U U L L L L L U L L L R R R D R R R R R D D D D D R R R R D D R D D U U L U U L L L L 
61 84 6 200
441 733 491 818 547 25 
D D D L D D D D D L L R R U U U R R R L L D D D R D D D D L D D D U U L L L R R R U R U U U U R R U R R R W W W W W W W W W W W W W W W W W W W W W W W W W R R U U U U D D D D L D D D D D D L R U U U U U U L L L L D L L L U U U L U U R U U U D D D D D D L L L D L L W W W W W W W W W W W W W W W W W L L D D L D D D L L L D R R R L L L U R R R U U U U U D D R R R R R R R D D R R D R D D D L L L D D 
17 19 6 200
664 770 364 421 979 278 
D R D D D R D D D D D D R L U U U U L R D D D D U U R R R R R R R R R R R D R R D D D R D R R R R D D D R D D R R L L U U L U U U U U R R R R R D D D U U R R R R R R R L L L L L R R R R R R R R R U U R R R D D D L D L L D L L L L L R R R R U L L L L L L L L L L L D D D R R L L U L L L L L U D R R R R R U U R R R R R R R R R R R D R U R R U R U U U L L L L L L L L L L L L U L L L L L L L L U U L R 
91 13 1 58
356 
R R R R R R U U U U U R L D D D D L R D R L D D D D U U U U U U U U R U U U L L L R R R D D D L D D D D L L L L L L 
64 86 3 196
412 573 200 
R R D D D R R R R R R R R R R R R L L L L L L U U U L U U U U L L U U L L U R R R R L L L L D R R D D R R D D D D R R R R R R L L L L L D D D L D D D D D L D D D D D D D D L L L L U U U U L L L L L L L L L L U U L U L L L L U U U L L L L L D D L D L L L L D U R R R R U R U U R R R R R D D D R R R R D R D D R R R R R R R R R R D D D D R R R R U U U U U U U U R U U U U U L L L L L U U U L L 
60 62 5 191
788 127 981 700 542 
U U U U L L L L L U D D D D L L D U U D R R U U U R R R R R D D D R R R R R R D D R R D R R R R R D L D L D D U U R U R U R U U R R U R R R U U U U R U R U R R U U U U R R U U U U L L L L L L L L U L L L R R R D R R R R R R R R D D D D L L D D D D L L D L L R D L D D D D L L L D L L D D L L L L W W W W W D U L U U U U L L L L L L L R R R R R R R D D D D L U L L U U L L L L L L D 
34 83 4 171
481 81 126 283 
U R R U U U U U R U U R U U U U D D D D R D D R R D D R D D R R R U D L L L U U L U U L L U U L L D D L L L L L R R R R D D D D R R R R R L L L L U U U U U D D L L L L L L R R R R D U L L U U U U L W W W W W W W W W W W U D R D D L L L L U U L L L L L L L L L L D D R R R L L L U U R R R R R R R R R R D D R R R R D D R R R R D D D L D L L D 
45 15 4 102
37 877 971 600 
D R D D D R R R D U L U U L U D R D D L L U U L R U U R U R U U U U U R U U R U U U L U U U L L L L L D D D D D U U U U U R R R R R D D D R D D D L D D L D D D D D L D L D L U L L D L D L D U R U R U R R 
12 96 7 200
797 715 736 939 393 449 559 
D D D R D R R R R U R U R R R R R R R U U U U D D D D R R D R R L L U L L L L L L L L D D D D D D D R R U R L D L L U U L L L L L D L R U R R R R R U R R L L U U U U L D L D L L L D D R R D R D D D D D D L L D L D D L L L L D L D D D D U U L L L R R R U U U U U U U U U R R L L D D D D D D D L L L L L L U L U U U U U U U U U U U U U U R R R R R R R U U D D L L L L L L L D D L R U U U U U R R U U R 
60 25 2 185
618 246 
D L D L L R R U R U L D W W W W W W W W W W W W W W W W W W W W W W W W W W W W W W W W W W W W W W W W W D D L L W W W W W W W W W W W W W W W W W W W W W W D L W W W W W W W W W W W W W W W W W W W W W L R R D D D D D D D L L L L L W W W W W W W W W W W W W W W W W W W W W W W W W L L L L L L L L L R R R R R R R R R R D D D U U U R R R R U U U U U U U U R R U U U R 
0 8 4 200
195 70 112 945 
D D D D R D D U U L U U D D D U R R R R R R R R L L L L L L L L D R R R R R R D U L L L L L L U U U U U R R U W W W W W W W W W W W W W W U U U U U L R D D D D D D D D D D R R R R R R W W W W W W W W W W W W W W W W W W W W W W W W W W W W W W W W W W W W W U D L L L L L L U U U U L L R U U U U L U U U U U D D D D D R R R R R R R R R R R R R R U U L L U L U U L U L L L U L L U U D D R R D R R R D 
88 14 4 200
780 355 347 339 
U U U U U L L L U U U D D D R U U U U U U L L D D D D D D D L L D D L D U R U U R R U U U U U U U U U U W W W W W W W W W W W W W W W W W W W W W W W W W W W W W W W W W U U U U U R U U U R U U R U U U R L D D D L D D L D D D L D D L L L L L L L L U L L L U L L L U U U L R U U U U R U R U R U U U R U R R D R R D D R R R R R R D D R D D U U L U U L L L L L L U U L L U L L D L D D D L D L D L D D D 
61 59 3 200
45 206 633 
L U U W W W W W W W W W W W W W W W W W W L L L L U D D D L L L L U U U U U U U R U U R R R D R R R R R R R D R R R R R D R D D D R L U U U L U L L L L U U D D R D R D R R D D U U L L U L U L L L L L L R R R R U L L L L L L L U L L L D D L D D D D D D D R R R R U U R R R R D D R L L L U L L L U L U U L R R R U R R R R R U R R R R R U U D D R R R R D R D D D D L D L L L L L L D D L R U U R R R R R 
35 35 1 40
813 
D R D R L D D D D D D D D D L L L L L L R R R R R R U U U U U U U U R L U U L U 
20 22 3 172
384 766 790 
U U U U U U U U U U U U U U R R R U R U U U D D D R R R R D D R R L L U U L L L L U U U L U D L D U R R D D D L D L L L D D D D L L L L L L U U U R U R U U U U U D D D D D L D L D D D R R R R R R R R R R R L L U R R R R U L U U R R U U D D L L D D R D D D U R R R R R L L L L L U L L L L D L L L D D D L L L D D D D U U U U R R R D D D D D D D 
37 11 4 200
744 962 2 795 
R R R R D R D D R D U R R R R R R U D L L L L L L L U U L L L R R U L L L L U U U U U U U U U U U R U R R U U R U U D D L D D L L D L D D D D D D D D D D D U U L L L L L L U U U U U U R R R U U U U R U U R R R R U R U R U U R R U U R R R R R R R U R U R R R U R R R R U R R R R U R U R R U U U R U R R R R U U U U R R U R U R U U U U R R R U U R U U R R L U R U R U U R R R U U R R L L D D L L L D D 
62 46 7 200
983 400 129 544 874 950 219 
D D U R R R R R R L D D D D D D D D D D D D U U U U U U L L L L L L L L L D L L R R U U U U D L L L L D D R R D R R R R R D U L L L L L U L L U L L R R U R R R R D D R R R R R R R R R U U U U U U L L L L L U D D L L L L W W W W W W W W W W W W W W W W W W W W W W W W W W W W W W W W W W W W W W W W W W W W W W W U R U U U U U U U U L L R R D D D D D D D D L D R R R R U U U U U U U U U U U R U D L 
81 37 3 166
778 707 157 
L D U U U U L L L L U L U U L U R R U R R U D D D D R R D R D D D R D D L L L L R R R R U U L U U U L U L L U U U L L U L L U U U U L L R R D D D D R R D D D U L L D R D D R D R R D D D L L L L D D D R R D R R R U R R R R U R R R U D L L L D L L L L D L L L U L L U U U R R R R U U U R R D R R R R L L L L L R U R U R L D L D D D R 
32 67 2 149
912 196 
D W W W W W W W W W W W W W W W W W W W W W W W W W L L L L R R D D D D R D D R R R R R R R R R U D L L L L L L L L L U U L U U U U R R U U U W W W W W W W W W W W W W W W W W W W W W W W W W W W W W W W W W W W W W W W W W W W W W W W W W W W W W W W W W W W W W W W W W W W W W W L R D D R R L L 
87 34 7 188
360 264 502 907 643 613 928 
D D D D D R D U L U L L L R U U U U U U U U U U L U D R D D D D D D D D R U U U R R R R D U L L U U U R U U U U U U R R L L L U D R D D D D D D L D D D L L D D D L D D R R U U U U U U U R U U R U U U U U L L L U L U L U L U D R D R D R D R R R D D D D D L D D L D D L L L L L L L L D D L L L L L U U U U U U U U R R U R L D L L D D D D D D D D R R R R R U U R R R R R R R R D 
45 60 6 200
587 401 820 496 604 324 
R R L L U U L L U U L U U U L L U U U U U L L L L L U U R U U U R R R R U D R D U R U U D D L L L L L L D D D L D D R R R D D D D D D D D D D D D R L U U U U U U U U U U U U R R R R U R R U U U R R R U R R R L L D D D D D D L D D D D D L L U L R U U U D D D D R D D D D D D U U U U U R R R R R R R L L L L L L L U R U U U U U R U U U U U U L D L L L D D D L L D L L D D D D D D D D D D D U U U U U U 
22 10 8 200
924 720 386 367 332 164 505 354 
R D D D D D L L L L D U R U U L L L L U D R R R D U R D D R R R U U U R R R D R R D D D D D L D L L L L L L L L L L L L L L L L L U U U L U L L U L U L L U U D D R R D R R R R R D D D D R R U D R R U U U R L L R D D D L L L L U U U U L U U L R D D L L L D R R D R D D D R R R R R R R R R R R R R R R R R U D L L L L L L L L L L D U R R R R R R R R R R R L U L L L L L U U L L U U D D R R D D R R R R 
8 35 5 184
257 531 256 144 390 
L L L D D U U R R R R R R L L L L U U L L L D D D D D R D D D R D D U U U U R U U U R R U D D D R R D R R R R R R W W W W W W W W W W W W W W W W W W W W W W W W W W W W W W W W W W W W W W U U U U L U U U U U U U U U U L R D D D D D D D D D D R D D D D L L L L L L U L L U U L L D D D L D D L L D L R U R U U U R R R U R R L L D L L D D U U L L U U U U U R R R D D R 
93 52 9 200
842 302 719 468 925 177 179 166 663 
R R R D U U U U U U U U U R R L L L R U U U U U U U U R U R L L L L L D L R U R R R R U U U R R U L L L L U D L L D D D D D L D L D D D L L L R R U U U D D D D D D D L D D D L L L D U R R R U U U U L L L L L L L U U L U L R D R R R R R R U D L L L L L D D R R R R R R R D R D R D D D D D D D D R D D D D R D R D D R R D R D U L U L L U U L U L L L L L D D D R D U L U U U R R U U U U D D D D R R U U 
38 54 6 138
837 520 128 926 722 776 
D D L R D R R D D L L L L L D D D L D D L L L L L L U L L L D D L L D L L D D D D D L L L D D L D L L D U R R U R U U R R U U U D D D R U U U U U R R U R R U U R R R D D L L L D D D D D L D L L L R R R U R U U U U U R R R U R R R R R R U U R U U U R R U D R R R U U L L U U U 
40 18 4 161
114 75 190 660 
R R U R R R U R U U U R R U U U U R L U L L L L L R R D D D D D D D U L L L L D L L L D D D D D D D D D D W W W W W W W W W W W W W W W W W W W W W D L L U U L L L L L L L U L U L L L R R R D R D R R R R R R R D D R R U U U U U U R L U U U U U R U U D D R R U R R R R U U U U U U R R R D D D D D L L D D D L D L L L D L L 
56 1 3 184
661 107 22 
R U U R L D D D R R R R R R L L L L L L L L L L L L L L L L L L L L L L L L L L L L L L L L L L U L R R R R R L L L L D R R R R R R R R R R R R R R R R R R R R R R R R R R U U U R U U U D D D L D D D R R R R R R R R R R R R R R U U R R U U R U U U R R R U U U U L L L L D L R U R R R R D D D D L L L D D D L D D L L L L L L D U R R R R D D L L L L L L L L L L L L U L 
18 66 3 168
712 793 76 
R R R R R R U R U R U U U L L L U D L L L L D D D L R U U U R R R R R R R R U D L D D D L D L D L L L L L L R R R U U U R R R U R R R R U R R R R U U U R U U U U U R R L L D D D D D D D D U U U L D D D L L L L L U D R R R R R D R D U U U U U U U U U U L L U U L R D D R R D D D R L D D D D D D L U L L L L D L L L L D L L L D D D L L L 
47 93 4 200
822 894 282 394 
L L L U L U U D D D D D D D D D D D D D D D L L R R U U U U U U U R R R D R R R R R R U U R U R R R R U U R U U U L L U U U U L L L L R D D D D D D L L R R U U U U U U R R R D R R R R R R R U R L D L L L L D D D D D D D D L R U U U U U U U U L L L D D D L L L L D D D U U U R R R R R R D D D L D D L L L L D L D D L L L L L L U L L L U U U U L L D L L L U U U U U L L R R D D D D D R R R U R R U U R 
60 27 4 200
427 226 284 301 
R R U R R L L D L L L L L L L L L L D D D L D D D D D D D D D D D D D L D L L L L L L L U L U L U U U U U L L U U R R U R U R R D U L L D L D L L D D R R D D D D D R R R U U R R U R R U R U L L L L L L L L L L R R R R R R R R R R D L D L L D L L D D L L D R D R R R R R R R U R U U U U R R R R R L L L L L U U L L L L L L L L L L L L U U R L D D D R R R R R R R R D R R L L U L L L L L L L L U R R R 
34 28 4 200
78 562 949 276 
U U U U U U U U R R R R R R R R R R R R R R R R R R R D R R R R R R D R D R R R R D R D R R R R R R D R R D D R D R R D R L U L L U L U U L L U L L L L L L U L U L L L L U L U L L L U U U D D D R R R D U L L U U R R R R R U R L L L L L U U L L U U L D D L D D D D U U U U R U U R D D R R D D R R R R D L L L L L D D L L L L L L L L L D D L L R R U U R R R R R U R U U U U U D D D D D R D U L L L L L 
88 97 3 200
480 26 611 
R R R R R D R R R R R R D D U U L L L L L L U L L L L U U D D D D D R R L L U U U L D D W W W W W W W W W W W W W W W W W W W W W W W W W W W W W W W W D D D D D D D R D D R R U U U R L D D R R R L L L D L L U U L U U U U U U L L L D L D D U U R U R R R D D D D D D D D D D D L L L R R R U U U U U U U U U U U U U L L L L L L L L L L R R R R R R R R R R D D D D D D L D D L D D U U R U U R U U U U U 
23 54 3 200
976 847 706 
D D D D D L D L L D L D D D D D R D U L U U U U U U U U L D D L D D D D L R U U U U R U U R R R L L D D D D L L L L L D D D D D U U U U R R R R R R R R R L L L L L L L L L U R R R R R U R U U D R R U R U U U U U D D D D D D L L L L L L L L L U L L L L L L L L L U U U U U U U U U U U U U U U U U U U U U L L L L D D D D D D D L D U R U U U U U U U R R R R D D D D D D D D D D D R R R R R D D D R R L 
90 87 5 200
575 560 739 125 911 
U U U U R R R R U D R R R R D D D L D D U U R U U U L L U U U U L L U L U U U L L L L L L L L L D L D U R U R R R R R R R R R D D D R D R R D D D D L L L D D D L R U U U L L L D D D D U U L W W W W W W W W W W W W W W W W W W W W W W W W W W W W W W W W W W W W W W W W W W W W W W W W W W W W W W W L D D D D D D D L L W W W W W W W W W W W W D L D L L D L U U U U L U D R D D D D R U R R U R U R R 
