100
57 63 7 200
127 981 492 746 914 520 587 
L L L L D U U D L L L L D L D D L D L D D D D D L L L L L L L U U D D R R R R U U U D L L R R D D R R D D D D D D D U U U U U L L L L L L L L R R R R R R R R U U R U U U U U R U R U U R U R R R R R R R R L L L L L L L L D D L D L L U L L L U U U L L U L U U D D R D D D D D L L U W W W W W W W W W W W W W W W W W W W W W W W W W W W W U L U U U L L U U U U L U U U U U D D D D D R D D D D R R D D D 
85 12 6 160
185 265 849 944 438 885 
L U R R R R R U R R R R U D L L L U R R R U R R L L D D D D D D L L L L L L L L D D D D L L R R U U U U R R R R R R R R U U U U U L L L U U U R U U D D L D D D D R R D R D R R D R R R D R L U L L L U L L U L U L L U U U U U U U U U U U U L U U D D R D D D D D D D L D L L L D D U U R R R U R D D D D D L D L L L L L D R 
7 52 5 200
5 930 440 390 760 
R R R R L L L L D D L L L D U U U L R U U U U D D D R R R R R R R R R U U U R U R U U D R L U U U U D D D D D L D L D D D L L L L L L L L L D D D R D D D D D D D D D R D L D L D D D D D D D D D D D L R U U U U U R R R R R R L L L L D D D U U U L L U U U U U U R U R U L U U U U U U U U U R R U U R R R D U U R R R D D R W W W W W W W W W W W W W W W W W W W W W W W W W W W W D R L U L U U L L L D L 
65 67 4 180
748 206 45 818 
D D L D D D D D L D D L L L L U U U U U U U U D D D D D L L L U D D D L L R R U U R R R D D D R R R R U U R U U R R R R R R L L L L L L U U U U U U D D D R D R D D R R L L U U L U U U L L L U U L L U L L U R R R R R R D R R R R R U U U U U U U U L U L L D L L L D L D D D U U U R U R R R U R R D R D D D D D D D D L L L L L U L L L L L L D R R D R R D D R R R 
66 33 6 200
129 983 351 219 542 697 
R L L U U U L U U L U L U U U U U D D D D D R R R U U U U U U U U U U U U U U R R U R R U R L L L L L L L U L L L U L L L U L L D D L L R R U U R R D R R R D R D D D L L L L R R R R U U U R R D R R R R R R D L D D R R U U U U W W W W W W W W W W W W W W W W U U U U L U U U L U L L L L L L R R R R R R D D D D D D D D D U U U U U U U U R D D D R D D D D D D D D R R R R D L L L L L L R R R R R R U L 
84 75 5 200
815 53 296 568 197 
L L U L R D R R D D D R R D R D D D D D D D D D D D L R D R R R D R R D R R L L U L L U U D L L L U U L L L D D D L D D D D D D D U U U U U U U L R R U U U R R R R R D D R U U U U U U U U U U U U L L U D R R D D D D D D D D D D D D L U U L L U U U U U U U L L L L R R R R R D D R R L L U U L U U U R R R U R U U R U U R U R U U U U R U U U U U U U R U U R U R U U U R U D L D D D L D L D D L D D D D 
68 11 6 162
823 992 832 529 603 162 
U U U L U U L U L L L U L L R R D R R R D R D D R D D D D D D D D D R D U L U U U U L L L U U U U U U U U U U R U R R R D D R D U L L L L D D D D D D R U U U U U D D D D D L U U U U U U R R R U U L L L D L L L L U L R D R R R D D D D D D D D D L L L L L L D L D L L D U R R U R U R R R R R R U U U U U D D D D D D R R R U U 
53 88 5 200
104 137 414 866 956 
U U U L U U U D D D L L L L D U L L U U L L U U U L U U L L U L L L L L L L L L L L L D D R D D D D D D D D D R R R R R R R R R R D R R R R R D D D D D D D D D R R D R D D U U L U L L U U U R R L L U U U U U U L L L L L U L L L L L L L L L L U U U U U U U U U L U U R R R R R R R D D D U U U L L L L L L L D D D L R U U U R R R R R R R R R R R R D R R D D R D R R L L D D R R D D R R R R R R R D D D 
24 72 3 168
208 341 335 
U U U R R U U U U U U U U U R U U U D D D R R L L D U R R U R R R R R R L L L L L L U U U U U U U U U U U L L U U L L L L U L L L L L L L L L L L L R R R R R R R R R R R R D R R R R D D R R D D D D D D D D D D D D L L L D D D D D D D D D D D D D D D U L L L L L L D D D D D D R D D D U U U L U U U U U U R R R R R R U U U U U L L D D D 
18 47 3 191
976 847 96 
R R R R U D L L L D D D D D R D U L U U U U U L U U U D D D D L D L D U R U R U U U R R R U D L L L D D L D D D L L L D D D U U U R R R U U U R R R R R D D R L U U L L U U D D L L D D L L D L L L D D D D D D D L L L L L L W W W W W W W W W W W W W W W W W W W W W W W W W W W W W W W W W W W W W W W U U U U U U U U U U D D D D D D D D D D R R R R R R U U U U U U U R R R U R R U U 
76 95 5 176
536 480 833 873 606 
L L L U U U R R R R R D R R R R R D R R R R R R R R R R R D D R R R R R L L L L L U U L L L L L U U U D D D D D R R R R R R R R R D U L L L L L L L L L U D D U U U L L L L L L L D D D D L R U U U U R U L L L L L L L D L R U R R U L L L L L U D D R R R R R R R R D D D D L L L L L D D L L L D L R U R R R U U R R R R R U U U U L L L L L L L L D D R R R 
64 86 4 200
518 799 1 690 
R U R U R R U R L U U L L L U L L U U L U D D D D D L R R L U U U U R D D D L D L D L L D L L U U U R U U U U U U U L U D R D D D D R R R R R R R R R U U U L U U L D D L D L L L L L L D L D U U U L U D R D D R U R R L L U L U D R D R R R R R R U R U U R D D R D D D L L L R R U R U R R R R U U R R R U D L L L D L L L L L U L L L L L L U D R R R R R R D R R R R R D L L L L D L D L L L L L L L L D D 
31 77 5 166
731 429 959 793 76 
U R U U R R R R L L L L U U U U R R R R R D R D D D D R L D D D D D L L L L D U R R R R U R R R L L L U U U U U U U U R R R R U D L L L L L L D D D D D D D L L L L R R R U U U D D D L L L L D D D D D R R L L U L L L L R R R R D D D R R L L U U U U U U U L U U U U U D D D D D R R R R R R U U U U U U U R U L L L L L D D D D D D L D 
3 51 6 200
570 30 279 163 945 433 
L U U U U L L R R D D R U U U U R R D D D U U U L L U U L U U U U U L D D D D D D D D D D D D D D D D D D D D L D D D D D D D D D D D D D D U U U U U U U U U U R R R R R L L D D D D D D D L D L D R D D D D D D R R D U L L U U U U D D L L D D D D D D D R D D D L R U U U R U R R R L L L D L L U U U U U U U R R D D D R L U U U L L D D D D D D R R R R R L L L L L D U U U U U U U R R U U U U L U R U R 
71 15 6 200
130 290 630 154 671 284 
U U L L R R D D R R R D U L L L L L U U L U L L L U L L L U L U D D D R R D R R L L U L L U U R D R R R D R R R R R R L L L D L D D D D D D D L R U U U U U U U R R D R R R L L L L L D U R R U U U U U L L L L L L R R R R R R D D D D D D R R U U U L L U U L U L L L L L D L L W W W W W W W W W W W W W L L L L L L L L L L L L L L L L L D D D D D D D D L R U U U U U R R R R R L L L L L L L L L L R R R 
32 75 3 136
875 712 196 
R U R R R R R D U L U U U U U L L U L L R R U R L D D R R D D D D D L L L L D D D D R D D D D D D D D D D L D L L U L U U U U U R U U L L L L U U L L L L U D L L L L D L D D U U R U R R R R R R R R U D D D R R R R D D L D D D D D R D R R U R U U U U U U U U U U L U U U L 
16 78 3 126
503 350 138 
L L L L L L L L L L U U L R U U U U U U R U U U U D D D D L D D U U L U U U U U U L L R R R R R R R R R L L L D D D U U U L L L L L L L D L L U U U U U U R L D D D D D D D D U U R R U R R R R R R L L L D D D D D D R D D D D D D D D R R R R R R R R R R 
20 46 3 146
384 711 774 
R D D D D D D D D D D R R U U R U U D D R D D R R R R R D U L L L L L U U L U U U L L D D U U R R D D D L D D U U R U U U R U R R R D D D U U U L L L D L D L U U U L U U U U L U U U L L L D D L L L D L L D U R R U R R R U U R R R D D D R D D D D R D D D R D D L D D L L U U U U U U U U U U L 
70 89 4 200
422 441 894 23 
U U U L L U L L L R R R D R R D D D D D L D L L L D D L D L L L L L D D D D D D D L L R R U U U R R R L L L U U U U R R R U W W W W W W W W W W W W W W W W W W W W W W W W W W W W W W W W W W W W W W W W W W W W W W W W W W W W W W W W W W W W W W W W W W U U L L U L L L L W W W W W W W W W W W W W W W W W W W W W W W W W W W W L U L U U U U U U U U U L L U L U D R D R R D D D D D D D D D R D R R 
87 91 6 200
85 575 560 380 323 739 
U U D D D R R D R R R R R U U U D D R R R R L D D D D U U U U L U U D D L L D L L L L L D D D L L U D R R U U U U L L U R R R R D D D D R D W W W W W W W W W W W W W W W W W W W W W W W W W W W W W W W W W W W W W W W W W D D L D D D U U U U U L L U U L L L U L L D L L L U D R R R U R R D R R R D D D D L D L L D D D D D R R R R R U R R U U U R U U U U U U U U R U U U U U D D D D D L D D D D D D D 
14 3 5 200
674 450 487 574 473 
R D D U U U U U U U U U L U U U U U U U U L L L L L L U U U U U L L U U U R R R R U U D D L L L L D D D R R D D D D D R R R R R R L L L L L L U U U U L L U D R R D D D D R R R R R R D D D D D D D D L L R R U U U U L U L L L U U U L U U U U U U U U U U L U U U U U R R R R R R R D R R R R R R U R R R R R D D D D D D D D D D D D D D D D L L L L U D R R R R U U U U U R L U U U U U U U U U U U L L L L 
98 82 5 176
982 51 835 985 719 
U L L R U U D D D D D D L R U U U U L L L U R R R L L L D R R R D D D W W W W W W W W W W W W W W W W W W R L D D D D L W W W W W W W W W W W W W W W W W W W W W W W W W W W W W W W W W W D L L L L U U L L U D R R D D R D D D L L L R R R U U R R R R D D D D R R L D D D D D D D D D D U U U U U U U U U U L U U U U L L L L U R R R U R U U U U U U U R D 
30 98 6 200
955 675 705 304 66 126 
R U D D D D D D D D D D R R U U U R R U U U R R U R R R R R D D D R D D R D R R R D R R R R R U D D D R R U U U U U L U L L U L L L L L L U U U U U R R R R R R R R R R L L L L D D D U U U L L L L L L D D D D D R R R R R R D R R D R D D D D D D R L U U U U D D D L L U U L L L L L U L L L U L U U L U U U L L L L L D L L D D D L L D D D L L L D L L D R R R R R R R L L L U U U U U U D D D D D D L L L 
27 44 4 184
242 281 828 722 
R R D D D R R R U U U U U U U R R U D L L D L L L L U L U U U U U U U U U U D D D D D L L L L L L L L U L R U R U D L D D R R R D D D D D D U U U U U U U L L U L U U D D R D R R D R R R R R D D D D D R D R R R R D D D D D D L L L U U U L R D D D R R R U U L U U U L L L L L L D D D D L D L D L D L D D U U R U R U R U R U U U U R R R R R R D D D R D D L L L U U U L L 
21 2 6 200
386 720 195 70 505 696 
U U U L U U D D D L D D D L L L L L L L L L L L L L L L L L L U U U L U U D D D U R R R R R R R R L L L L L L L D L R R R R R R D U L L L L U U U U U U U U R R R D D D R R R R L L L L U U U L L L D D D D D D D D L D D R R R R R R R R R R R R R R R R R R R R R R R R R R U D L L L L L L L L L L D U R R U U U R U D D D L D L L L L L L L L L U L L R R D R R R R D U L L U L U U U U U U U U U U L R D D 
4 91 4 200
592 434 362 320 
L L U U U U R R U U D D L L D D D D R R D D D D D D R D U L U U U U U U L L U U U U R R R R R L L L L L D D D D R R D W W W W W W W W W W W W W W W W W W W W W W W W W W W W W W W W W W W W W W W W W W W W R D R R D D D R D D D D R D D R R R D R R R R R R U U L U L L U U U U U U U U U U U U L L L L L L L L U L U U U U R R R R R R R R D U R R R R R R L L L L L L L L L L L L L L D D D D R D R R R R 
7 14 4 120
0 524 745 112 
R U R R L L U L L L L D D D L D D L D L L R R U R U U U U D D D D D D D D D D U U U U U U U U R U U U R R R R D D L L U L L L L L D R R D R R R D R D D R R R D D D W W W W W W D L L D U R R U U U U L L L U U L U L L L U L L U R R R R R D R 
69 12 5 200
637 318 661 22 977 
D D D D D D R D R D L D L D D L D L L L U U U U L R D D D D R L L L L L L L U U U L R D D D R R R R L L U U U L L U U L L U L R D R R D D R R D D D R R R R R R R U R U U R U R U L U U U U U D D D D L L L L D D D L D D D R R R R L L L L U U U R U U U R R R U U U U U U U U U U U L U L L R R D R D D D D D D D R L U U U U U U L U L L L L L L D D W D D D D D L R U U U U U U U R R R R U U U D D D R R D 
6 66 2 66
165 303 
D D D D L D D D L D D U U R U R R R R R R R U R U U U D D D L D D D D D D U U U U U U R U U D D R L L D L L L L L L L U U R U U U U 
72 28 5 198
562 152 933 913 327 
R U D L D D D D U U U U U L R D R D D D R D R D R R U U D D D D D D D D D D D U U U U U U U U U R U U U U U U U U L L L L L U U U U U L L L L U U U U U U R R U R R U U U U U U U U L U U U U U U L L U U U L U L L L L U L U U U U D D D D R D R R R R D R D D D R R R L D D D D D D L D D U U R R D D D D D D D D L L D L L D D D D D D R R R R D D D D D R R R R R D D D D D D D D L L L U L U L U U U L 
47 74 2 48
462 662 
D D D U U U R R R R U U U U L R D D D D L L L L D D D D D D D D L L R R U U U U U D D U U U U U 
40 30 5 194
590 638 18 73 322 
U U U U R U R R U R R R R U U U U U U U U U L L L L R R R R R U U U U U U L L R U U U U U U D D D D D D R D D D D D D L D D D D D D D D D D U L L U U U U U U U U L R D D D D D R R R R D U L L L D D D D D D D D D U U U U U U U U U R U R L D L D D D D D D D D D D D D D R R R R R R R R R R U U U R R U D L L D D D L L L L L L L L L L U U U U U U U U U U U U U L D D D L L D L L D L D D D D 
93 33 5 200
193 646 643 613 963 
L L D D D D D R R R R R R R L L L L L L L U U U U U U U U R R L L D L L L R R R D D L L D L L W W W W W W W W W W W L L U U U U U U U U U U R R R R U U R R L L L U R L D R D D D W W W W W W W W W W W W W W W W W W W W W W W W W W W W W W W W W R R U R W W W W W W W W W W W W W W W W W W W W W W W W W W W W W W W W W W R U U U U U U R U U U U U U U U U R U U U U R L D D D D L D D D D D D L L U U L 
61 99 2 84
883 863 
R R R R D D R R D L L L L L L D D L D L L D U R U U U D D D R U R U U R R R R R D D U U L L L L L D D D L D D D L L D U R R U U U R U U U R R R R R R U L L U U L L L L 
77 56 9 200
597 795 677 184 680 361 665 57 716 
U D R R D R L U R R R R U R U U U U R R U L L L L L L R R R R R R D L L D D D D L D L L U U U U U U R U R R R U U U U U U R L D D D D D D L L L D L D D L L R R D D D D D D D D D D D D R R R R R R D D R R R D D D D D D D D L D L L R R U R U U U U U R R R D D R R R D R L L L L L L L L L L L R R R R R R R R R R U L L L U U L U U U U U L L R R D D D D D L L U U U L L L U U L L L L L L U U U U U U U U 
28 28 6 200
880 645 128 144 572 256 
D D L D D D U U U R U U U U R R R U U U U U U U L L L L U L U L U U U L L L U R R R U U D D L L L D R R R D D D D D D D L L L L L L L L D D L L R U U D L L L L L L L L L W W W W W W W W W W W W W W W W W W W W W W W W W W W W W W D D U U U L L U U U W W W W W W W W W W W W W W W R R R R U R L D L L L L D D D R R D D D D D D U U U U U R R R R R R R R R D R U U L U U U U U U U U U L U D R D D D D D 
0 79 8 152
964 52 772 706 479 952 113 457 
D D D D D R D D D L R D R R D D L L D L D D D D D U U U R R R R D D D D D D R R R R R R D D D R R D D L L U L U L L R R D R D R R U U L L U U D D D D D U U U U U U L L L L L U U U U U U U U U U U U D D D D D D D D D D D D L U U U U U U L L L L U U D D D U U U R U R R U U U R L D L L U U U U L U U U U U 
86 75 4 200
558 886 829 145 
R U R U U R R L L L L U U U U U U U U U U U U U D D D D D L D D L D L D D L R U U R U R U U R D R R R R R R L L L L L L D D D D D D D R R D D D R D R R R W W W W W W W W W W W W W W W W W W W W W W W W W W W W W W W W U U U D D D L L L U L U L L L L L U L R R R U U U U U U U R R U R U U D D L D L L D D D D D D D L L D R R R R D L U U L U U L L U U U U U U U U U L L U U R R R D U U U R U D R R U R 
84 78 4 182
960 812 548 911 
L L U U L U U U U U L U U U U U U L U U U L L L L L L L U D R R R R R R R D D D R D R R L L D D L L L L U U U U L L L L R R R R D D D D R R R R D D D R D D D R R L L U U U U L U U L L U D R R D D R D R R R R R R R R R R R L L D D D D D D D D D U U U U U U U U U L L L L L U U U W W L U R R R R L L L L D R D D D L L L L D D D D D R D U U U U U L R D D D D D D R R 
71 91 5 200
65 369 573 397 768 
D D D D D R D D D L D D L R D D D D D D D R D D U R D D D D D D D D R L U L D D R R R R R R R U R U R U R U U U U U R U U L U U L U L L L L L U L L D U R R U U U U U U U U R U D D D D D R D D D D R R L L U U U U L U U U U L D D D D D D D D D R R R R R D R D D R D D D R D R R D D D D D R R R R R U U L L U D R R D D L L L L L U U U U U L L U L U L D D D D D L D L D L D L L L L L L L U U R U U U U U 
16 86 5 141
736 939 277 260 961 
R R R R U U R R L L L L L L L U D L L D D D D D D L L D L U U U L U U U U L L U R U D L D R R D D D D R D D D R U R R U U U U U U R R R R R R R W W W W W W W W W W U U R U U U R U U W W W W W W W W W L L L L L L L L D D W W D L R U U U R R R R R R R R D D L D D D L D D D D L L L L 
44 66 3 188
557 848 803 
D D D D D D D R D D D D D U L L L L L L L L L D L R U R R R R R R R R R U U U U L U U U U U U U R U W W W W W W W W W W W W W W W W W W W W W W W W W W W W W W W W W W U L L L L U U U L L L U L L D D D D L D D D D D D D L D L L L L L L L L L D D U U R R R R R R R R U U D D R U R U U U U U U U R U U R R D D D R D D D D U U U U L U U U L L U U R R D R R R D D D R R R R D D L 
97 22 5 200
415 445 250 115 67 
L L U L L R U U U U D D D D L R R U W W W W W W W W W W W W W W W W W W W U U L L L L L L U U U L L L U U U L U D R D D D R R R D D D R R R R D D D D D R D D D R L U U U L U U U U U R U U U U U U U U L L L L L L U L U L U U D D R D R D R R R R R R R R R R U R L D L L L L D D L L L L R R R R D D D D U U U U U U L L L L L U L R R R U R R R R R U D L L L L L D L L D R R R R R D D D D D D D D R D D D 
91 16 6 200
830 416 360 810 811 181 
R U U U U U D D R R R R R L L L L L D L L L L R R R U U U U U U R U R R R L L L D L D D D D D D D L D L D L L R R U R U R U R U R L U U L U U U U U U L W W U U L L L R R R U U D L L L R R R D D D R D D D D R R R L L L D D R D D D D D L D D U U R L D D R D R D W W W W W W W W W W W W W W W D L L L D D D L U U U U L U L L D D D D D L D L D L L L L D U R R R U U U U U U U R U D L D D D D D D D R U R 
84 56 9 187
293 379 252 710 385 461 504 179 202 
R D D D D D D L D R L U R L L L R D D L D D D U U U R U R R R U U U U R U U U U U R R R L L L L L U L U D R D R R R R R R U U U U U U L U L L U D D U R R U U D D D R D D D D D D L L L L D D L R D D D D D R D R W D U L U L U U L D D D D L L L U R R U U U U U U L U L U L L U L L L L L U L L L L U L U U U U D D D D R R R R R U R L D L L L L D R R R R D R R R R R D R R D R D 
45 4 3 164
405 962 108 
L D L D U L L U U U U U L U L L L U R R L U U U U U U U U U L R D D D D D D D D D L D R R R D R R R R R R R R R R R R D R D R D R L U L U U U U U U R R R U U U D D D L L L D D R R R R R R R R R U R R U D L L D L L L D D D U U U L L L L L L U U U U U U U U R L D D D D D D D D D D D L U L L L L L L L L L L L D D D D D R R R U R 
99 11 4 200
77 871 319 483 
L D D D D D U U U U U R U U U U U U U U U U L U U U L U U R R U U U L L L U U L L U U U U U U U U U L R R R R R U D L L L L D D D D D D D D D D L L D D L L R R U U R R U R R U R R R U U U D D D L L L D D D R R R D D D L L D D R D D D L L L L L U U U U U U U U U L L L L R R R R D D D D D D D D D R R R R R U U L R D D D D D D D D D L L D U R R U U U U U U U U U U D L L R R D D R D D D D D D D D D D 
40 46 4 200
550 698 222 95 
L D L D D L D D D D D L L L L L L L L U L U L U D R R L D R D R R R R D D D D D D D L D D D L D D L L L D D D D D D L R U U U U U U R R R U U R U U U U U U U U U U L L U L L U L L U U U U U U L L U U L R D D R R D D D D D D R R D R R D R R D D D D D D D R U U U U U U U R R R L L D D D D D D L L D D D D D L L L L L U U U U U U R R U U D D L L D D D D D D R R R R R U U U U U R R U U U U U U R R R U 
44 37 5 200
218 526 729 860 240 
U R L U U U L U U L U U U U U R R D R R R R R R R L L L L L L L U L L D D D L L R R D R L U U L U L U U U U L L L L L L L L U U L L L U U L U L L U L L U U U U U U U U L L L L L L D D D R L U U U R R R U U D D R R R D D D D D D D D R D D D D D L D D D U U U R U U U U U R D R D D D D D D L L L D D L D D D U U U R U U R R R U U U U U U R D R D D R R R D D R R R R R R R R D D D D R D R D D D R D D R 
33 11 4 200
403 765 490 512 
R R D R D D R R D D D L D D D D D L L L L L L L L U L U U L L U U L L U U D D R R D D R R D D R D R R R R R L L L L U U L L U L U L U U L U L U L R D R D R D D R D R D R R D D R R R R R R R U U U U U R U U U L L U U L U L L D R D D D D R D D D D D D U U U L L R R R D R D R R R R R R R R R D R R U U U L L U U L L L L U U U L L U U U L U L L L U D R R R D R D D D R R D D D R R R R D D R R D D D L L 
82 89 3 184
626 666 229 
R U R U U U U U R R R R D D D R R R R R R R U R R D D R D D D D R D D D D D D L D D L D L L L R R R U R U U R U U U U L L L L L L U D D D D D D D D D R D R D R R D D D D D D U U U U U U L L U L L R U L U U U U U U U U R R R R R R U U L U U U U L U U L L U U U U U L L L R R R D D D D D D R D U L L L L L L L U U U U L L U D R R D D D D L U U U L L L L D D D D D L D L 
57 42 8 182
874 474 198 785 540 544 758 678 
R U U U D L L L L R R R U U D R R R R U U U U D D D D R R D D D D D R L L D D D D L L U L L U L L R R D R R D R R U U U U R U U U U U L L U U U U D D D D L L L U U U U U U U L U R R R U R U U U L L L L U D R R R R D D D L D L L L D R D D L L L L L L U L L U L U U U U U U U U D D L L L L L L L R R R R R R R D D D D D D R D R R D R R R R R R D D D D D L D R D D L 
41 53 5 200
68 888 738 882 248 
R D R R L L U L L L L L L L L U U U R U U U U R R R R R R L U U D D L L L D D D D D U U U U U L L D D D D D D U U R R R R R R R R U R L L L L L L L L U U L U R R R R R U U R R R R U R U L L L L L U D R R R R R D L D L L L L U U L U L U D R D R D D D D L L L L L D R D D R R R R R R R R R L L L L L L L U U U U U U U U D D D D D D D D R R R R R D D R R D D D D R D D R R R L L U U U U U U R L D D D D 
22 10 5 144
924 332 534 91 354 
D D D R D D U L L L L L D D D D L L L L L L L U U L U L L U U L U U L L L R R R D D R D R R R R R D D D U U U L L L L L L L L U L U U L R D D R D R R R R R R R R D R L U L L L L L D R R D R D D R R R R R R R U U U U R R R R R D R R R R R D D D D U U U U L L L L L U L L L R R R U L U U U 
94 68 6 200
925 599 177 306 166 668 
R R U U U U U U U U U D D D D R R R L L L L U D D D D L D L D D D D D D D D D D D D D D D U U U U U U U U R R L L D D D D D L D L D D L D L D L L D D D R D D R R R D U L L L U U L U U U R U U U U U U R L L L L L U U U U L U L L U L R D R R R R U R R D D R D U L U U L L D L L D R D D D D R R R D D D D D D L D U R U U U U U U R R R U R R L L D L L D D D D D D R U R U R U U R U R U U U U U U U U U U 
96 0 9 200
802 796 105 990 510 62 488 551 172 
U U U U U L L L L L D D D D L L R R U U U U R R R L L D L D L L L L L L D L L L L L L U U U U U U U U D D D D D D D D R R R R R R U R R R R R R U R U R R R R D D D R R R L L L U U U L L U L L L L L U U U U U R L D D D D D D U R R R R R U U U D D D D L L D L D D L D L L L L L L L L L L U L L U U U U U L U L U U U U U U U U U D D R R R R R R R D R L D D D U U U U L L L R R R R U D L L L L L L L L D 
55 81 7 200
268 897 371 936 775 309 132 
L L U L U R U R R D D R D D D D R R L D D D R D R L U L L L L L D L D L D L D D D D R D R R D R R R R R D D D D D L L L L L D D L L L D D D D D R R R R D R R D D U L L L L L L D D D D D D D D D D D R L L R U U U U U U U U R R R R R L L L L L U U U R R R R R R D R L U U L L U L L L L U U U U U R R R U U R R R R R U U U U L L L L L L L L R R R R R R R R D D D D L L L D D L L R R U U R R R U U U U U 
8 35 6 200
543 899 399 257 926 444 
U U U U U U D R R R D D D R L D D D D D D U U U L L L L L U U L R D D R R R R R D R D R L U L U U U U U U U L L L D D D D D L L D L D U R U R R U R R R D U R R R R R U R R U R R U U D D L L D L L D L L L L L L L L D R U R R R R R U R R U R U R U U R U U U U U U U U R U D L D D D D D D D D L D D L D L D L L D L L L L L L L L U U U U U U L U U U U U U R R R U R R R U U R U D L D D L L L D L L L D D 
23 54 8 200
82 443 861 942 267 688 749 563 
U U U L U L R U U U U R U U R R U R L L L L L L L L L R R R R R R R R U U R R R R L L L L D D D L L L L D L U D R U R R D D L D D L U U U U L R D D D D R D D D R D D D U L L L L U U U U U U L U U U U R U U U U U U R U R R R U U U U R U R R R R D D D D D D D D R D D R R L L D D D D D D L L L L L D U R R R R R U U U U U U U U L U U U U U U U U L L L L D L D D D D L L L D L D D D D D D L D D D D R D 
43 13 4 170
37 813 539 143 
R R U L U U U L U U L U U L L L U U U U U U L L U U U U U U D D D D D D D L L D D L L L L L R R R R R U U R R U U U U U U D D D D D L L R R R R D R L D D D D D R R R D D R D D R R U U U R R R R R U R R U R U R U D L D L D L L D L L L L L U L U D R D R R R R R R R R D R R D D D D D L R U U U U U L L U L L L L L L L L D D D L D D D R D L L 
17 91 5 74
283 393 59 32 463 
R R R D R R L R R R R R R D D R D U L L L L U L R D R R R U U L L L L D D D D D D D D D U U U U U U U U U L R R R R R R U D L L L L L L L L U L L L 
17 76 2 72
376 493 
D D D D D D D D L D L L L D D L D D D L L U U L L U U U L L U U L U L U D R D R D D R R D D D R R D D R R U U U R U U R R R U R U U U U U U U U 
75 76 4 200
224 755 299 519 
D D D D D D R D R D R D D D D D U L L L L L L U U U U U L U L R D R D D D D D R R R R R R U U U U R R R L L L L U L U L U U U U U U D L L U U U U U U U U U R R U U U R W W W W R R R D D R L U U L L L L D D D L L D D D D D D D D D R R U R R R R R W W W W R R D R L U L L U U U U U U U U U U U U U U U R U R U U U U R R R R U U R R R R D D R D D R D R D D D D D D D D D D L D L D D L L D L R U R R U U 
33 9 3 200
107 410 420 
D D D D L D D D D D U L L L L R R R R R L U U U U U U L L U U U U L L L L L L L L L U L U U U U U U U R R R D R R R R R R D R D R D D R L U U L U L U L L L L U U U U U U U U U U U U U L L R R D D D D D D D D D D D D D L L U L L L D D D D D D D R D R L L U D D D D D L D L D L D L D D L L L U U U U L L R U U D D R D D D D R R R U U R U R U R U R U U U U R R R R R R R R R R D D D D R R D D R U U U U 
73 38 6 200
454 778 60 225 807 116 
U D R R R R R R D D R U U U U U L L L U U U L L L R R R U U R L D D D D D L L L L L L D D L D D U U R U U R R R U U U U U U U U U U U U U U L R D D D D D D D D D D D D D D R R R R R R D D D D D L U U L L L L L L D R D D D D R D R R R R D D R R D R D D D D D D R D D D D R R R R R U U U U U U U U U U R R D D R D D D D R R D D R D D D D R R R D D D D D D L U U U L R D D D R U U U U U U L L L U U U U 
14 77 3 200
478 514 465 
D L L L L L L L R R R R R D D D D U U U U R R U R W W W W W W W W W W W W W W W R R R D D D D D D W W W W W W W W W W W W W W W W W W W W W W W W W W W W W W W W W W W W W W W W D D D D L D D D D D D D R D D D D D D D D L D L L D L L L D D L L L D D D D L D D L D D D D L D D U U R U U U U R U U U U U U U U U D D D D D D D R U R R R R R R L L L U D L L L U U U R R R U U R R R U R R U R U U U U U U 
13 77 2 200
171 895 
L W W W W W W W W W W W W W W W W W W W W D L L D L D D D W W W W W W W D D D L D L L L L U U U L L U U U U U L U U U U U U U L R D D R R L L D D D D D R D D D D D R R D D D R R R R U R U U U U U U R R R R R R R L L L L L L U L U L L L L U U U U L U U U U U U U U L U U U R U R R R R R D D D D D D D D D D R D D R L U U L U U D R R D D R D R R R R D R L U L L L L U L U U L L U U U U U U U U U L L L 
57 13 4 112
170 865 631 139 
R R R R R R L L L L U U U U U U U U L L U U U U U D D D D D R R D D D D D L L L R R R U U U U U U U U U U R R R R R R R U U R U R U R R U U U L L U D R R D D D L L D L D L D D L L L L L L L U D D D D D D D D D D D D D D L L 
47 1 4 200
744 421 237 314 
U U U U U L L L U L R R R R R U U R L D D L L L L D R R D D D L W D D L L L L L R R R R R U U R U U L L L L R R R R U R R R U D L L D D D D L L D D L L R R R R R R R R U D L L L L L L U U L L L L L U U U L U U U U L L L U U L L U L L L L L L L L U L U U L U L L L U U U R R D R R U U U U U U U U L R D D D D D D D D L L U L L D D D R R R R R R U U U U R U U U U D D D D L D D D D L L L D R D D R D R 
12 96 2 136
797 838 
R D D D D R R R R U R R U R R U U R U R U R R D D R R R R D D D U U U L L L L U U L L D L L L L L L L L L L U D R R R R R R R R R D R R R D R R D D R L D L D L L D L R U R R U R U U U L L U L L L L D D L L L R D L L D L L L L U U L L L L L L L L L R R R R R R R R R U U L 
61 28 7 164
868 427 932 594 658 48 400 
D R R R U U U L U L U U L L U D D D D R R L L U U L L L L R R R D D D D L L L L L D L L L L L D U R R R R R U R R R R D L L L L L L L D D D D D L L D L L L R R R U R R U U U U U R R R R R R R U R U U U U R U R R D D R D R R R R R R R U U U U U L L U U U U U U U U U U D D D D D D D D D D R R D D D D D L L L L L L D D D L L L U 
47 75 2 200
176 307 
R R R R R R D U L L L L L L L D L L U D R R D D D D D W W W W W W W W W W W W W W W W W W W W W W W W W W W W W W W W W W W W W W W W W W W W W W W W W W W W W W W W D R R U U U U U R U U R U R U U U U U U U U U R R R R R R R R R R R R U U U R R L L D D D L L L L L L D D D D D U U U U U R R R R R L L L L L L U U U L U U D D R D D D D R D D D R R D D D R D D D D R D R D R R R R U U U U R U U D D L 
28 52 4 200
754 151 776 43 
R D D D D R R U R U R R R R R R R L L L L L L U U U U U U U U R L D D D D D D D D D D D R D U R R U R U U D D L D L L L U U U L D L D L L U U U U L R R R D D R R R R R R L L L D D D D D D L D D D D D W W W W W W W W W W W W W W W W W W W W W W W W W W W W W W W W W W W D L L L L U L U U U U L L U U R R R R D D D R L U U U L L L L D D R R D D D D R D R R R R U U U U U U R U U U U U U L L L U U L L 
48 38 4 200
114 214 644 620 
D D D D D D D D D D D R L U L L L L L R R D D D D D D D U U U U U U U L L L L L L L U U U U U L L D D D D D D U U U U U U R R D D D D D R R R R R R R R D D D L D D D D D D D U U U U U U U U U U L L R R D D D R R R R R R R U U R L D D L L L L L L L R U U U R U U U U U D D D D D R U R R R D R U R R R U R R R R R R R R R R R R R R R R R R R L L U U U U U U U U U R R R R R R R D R D D U U L U L L L L 
18 14 5 118
364 367 770 664 531 
D D D R D D L L D L R U R R U U L U U U U D D D D D D R R L L U U U U U U U U U U U L L L U U L L U U U L U L U U U L L L L L D D U U R R R U U U U U U D D D R R D R R R L L L U L L D D D R R D D D R D R D D D R R D D R R R D D D D D D 
6 74 5 64
567 227 777 891 579 
U U U L D D D D D D D U R R R R R R R R U U R U R U D L D L D D L L L L L D U L L L U U U U U U U U U U L U D R D D D D R D D D 
98 5 4 156
356 640 513 467 
L U U U U U U U R U U U U U U D D D D L L R R D D L D D D U U U U U U U U U R U U L L L R R R D D L D D D D D D D D D D D L L L L L L L U D R R R R R R R D D R L U U U U L U L L U L L L U L L L D D L L L L L D D D L D D R R R R R D D D U U U L L L L L U U R U U U R R R R R U U R R R D R R R D R R D R D D D D R 
69 99 5 119
516 228 611 58 773 
R R R R R R L L L L L D D D D D D R R R R W W W W W W W W W W W U R R R U U R D D R D D D D R R D D R R R D R D R L U L L L L R R R U L L L U U L L U U U L L D L L L L D U R R R R U R R U R U D L L U U L D D L L L D L L L L U U U U U U L 
60 25 7 188
798 618 927 106 501 686 117 
R U R L D L D D L L L R R R R R R R R R U U D R R R U U U U U R R D D R D D D R D R D R R D D D D D D D D D R R R D R D R R D D D D D D R R R R R R R R U R R R R R L L L L L D L L L L L L L L U U U U U U L L U U U U U U U U U U U U U U U R L U U U L R D D D D D D D D D D D D D D D D D L U L L L U U U U U U U U U L L U L U L U U U L U U L L D D D D D L L L D L L L L L L U U 
71 85 6 148
404 580 733 491 647 547 
L L L D D L D L L D D D D D D D D L D L U L U U L R D D R D R U R U U U U U R R R D D D D D D D D D R D D D L L L W W W W U L U L L L L R R R R D R D R R R U U U U U U U U U U U U U U D D D D D D D D D D D L U U U U U D D D D L R U U U U U U U U L L L U L L L L L R R R R R U U R R U R U U R R R 
39 92 4 154
481 822 321 191 
L D U U U U R R R R U R L D L D D D D D D D D D D D D D D U U U U U U U R R R R L L L L U U U L L L L U L R D R R R R U U U U L L L D D D R U D R D D R R R W W W W W W W W W W W W W W W W W W W W W W W W W W W W W W W W W W W W W W W W W W W W W W W W W W W W W W W W W W W W W W W W W W W W U D L L L U U L 
85 23 6 200
355 780 264 836 761 317 
D D D R R D U U U U U U U U U R L L L U U U L U L U U U U U U U U U L L U U U L U U U U U U U U U U L L L L U U L U U U U U U L L L U L L L U U L L L R R R R R L L D U U L L L U U L L R R D D R R R D D D R R R D R R R D D R R L L D L L U L U L U L L D D D L L R R U U U R R D R D R D R R D D R R R R R R R D D R D U L U U L L L L L L L D R D D R R R R D D D D D D D D D D R D D D R R D D D D D D D D 
44 83 7 200
47 401 820 496 417 216 135 
D D D L L L L D D D R D U R U U D D L L D D D D L L D D U U R R U R R R L L L U U U U U U L R R R R U U U U U L U D R D D D D D R D D D D R R R W W W W W W W W W W W W W W W R U U U U U U U U U U U L L U L L L L L U L L U D D L L U L L D L L L D L L L L D D D D D D R R D D D D D R R R U U R U U U R L D D D L D D L L L U U U U U L L U U U U U U R R R R U R R R U R R D R R U R R D R R R R R D R R D 
27 76 4 200
650 446 986 912 
D R D R R D R R D D R D D D D D D D D L L L R R R U U U U U U U U D D D D D D D D D D R R L L U U L L U D R R U U U U U U U U L U L L L L R R R D U R U L L U L L U L U D D D W W W W W W W W W W W W W W W W W W W W W W D D D D D R D D D D L L D L L D L L D D R D R R R R R R R R R R R R R U R U U U U W W W W W W W W W W R D D R R D U L L U U L L L D L L L L D L R U R R R R U R R D D D D L D L L L L 
76 4 3 200
86 916 850 
L L D L D D D L U U U U U U U U U U U U U R U U U U U U L L L U L L L D L R U R R R U U U U U U U U D D D D D D L L L L L L L L L L D D D D D D D D R D D D D R R D D L R U U U U D D L L U L L L L L L L R R U U U U U U U R R U U R U U U U D D D D L D D L L D D D D D D D R R R R R U U U L U U U U U U U R L U L U U U U U L L U D R R D D D D D R R R R R R R R R R R D D D R R R D D D D D D L D D D D D 
56 55 6 158
79 693 656 123 974 80 
R U R R D D L D D U U L L L U L L L L D D U U U U U D D D R R R R D R R R R R R R R D U L L L L L L L L U L L L U U U R R U R R R R D R R R R R R R R R R R D D R D D D D D D D D R D R D D D U U U U D L U L U U U U U U U U L U L L L L R R R R U L L L L L L L L L L L U L L L L D L L D D D R R R D R R R R U U L L D L 
33 17 3 124
469 146 278 
U U U R U D L D D L L D D D D U U U U R R R R U R U U R R U D L L L L R R D D D D D D D D D R R D D R D D D D D D R D D R R R L L L U U L U U U U U U L U U L L L L L L D D R R D D D D D R R D U L L U U U U U L L U U R R R R U U U U U U U L D L L D 
49 37 3 200
78 419 609 
R D D R R R R R R R R R R R R D R D R D D R R R R R R D R R R R D D R R D D R L U U L L U U L L L L U L L L L L L U U L U U U D D L U L L L L L L L L U U U U R U R L D L D D D D R R R R R R R R D R D D R R D R R R R U D L L L L U L L U U L U L L L L L L L L L L L L U U L R R R R R R R R R R R R R U U U U U U L U U U U D D D D R D D D D D D D D D D D R R D R R R R U U U U U U U U U U R R U D L L D 
43 9 4 200
877 809 989 231 
R R R R U R R L U U U D D D R R D D D L D L D D D D D D L L U U L R D D R R U U U U U U R U R U U U L U U U U U R U U U R R U R R R D D R D R R D U L L U L U U L L L D D D U U L L D D D L D D D D D L L D L L L L R R R R R R U U U U U U U R U U U R R W W W W W W W W W W W W W W W W W W W W W W W W W R R R D D D D L D D D U U R R R R R R R R R L L L L L D D L R U U L L L L U R U U U U L L L L L D D 
99 39 10 200
654 624 33 46 907 840 577 302 842 682 
U U U L L L L L D L L D U L L L L L L L L R R D D D D D D D D D U R R U R R L L D L L U U U U U U U U R R R R R R R R U R R R R R D D D L D D L D D D R R L L U U U R U U R U U U L L L L L U U L L U U U U L U L L R R D R D D D D R R D R R R R R L L L L L R R R U U U U U U U L U U U U U U U U U U D D D D D D D D U U U U U U U R U U U U U U U U U U U U U U U L L L D L D L D D D D D D D D D L D U R U 
87 11 6 200
669 311 917 347 205 642 
L L L L U U U U U U U U U U L U U U U U U U U L U U U U U L L U L L R R D D D D D R D U L U U U U R R D D D D D R D D R R R L D D D D D D D D R R L L U U U U U U R L U U L L D D D D D D R D D D D D D L L D D D D L D D D D D D L D D D D R L U U U U R U U U U U U R U U U U R R D D D D R R L L U U D D R R R R D D D D R R R R R D R R R R R D D D D D D U U U U U U L L L L L U L L L L U U U U D D D D L 
22 73 4 200
3 559 528 853 
L L L L D D D D U U U U R U U U U U D D D R L U U L L L D D D D D D U U U U U U R R R U U U U U U U U R R U U U U L L L L L L L L L D D D L R U U U R R R R R R R R R R R R U R U U U R U U L U L L L L U L L L L L L L L U L L L D L D U L L L L L L L D L D D D D U U U U R U R R R U U D D R R R R R U R R R D R R R R R R R R U U R L D D D D L L L L D L R R R R R R D U L L L L L U R R R R U R R R R D R 
47 19 6 184
226 600 800 93 75 660 
R R R U U U U R U D L D D D D L L L D D D D D D L D D D L L L L U U U U U U U L U U U D D D D D D D D U U U U L L R R U R D D D D D D D D U U U U U U U U L U U U L L L U U U L L U L U U L R D D R D R R U U U U U U D D D D D D R R R R R R R D U L L L L L L L D D D D D D D D D D D U U U U R L U U U U R U U U D D D R R D D D R D D D D D D D R R R R U U U R U U U U U U 
62 9 4 200
456 757 951 149 
L D D D D D U R R U R R U U U R L D D D L L D L L L L L L L U U U U L L L U U L L L R R R D D R R R D D D D R R R R R D R D R D D U U L U L U U L L L L L U U D D D D D L D D L L L L D L L L L R R R R U R R R U U U U U U U D D D D D D D R D R R R L U U R R R R U R U R U U U U U W W W W W U U U U W W W W W W W W W W W W W W W W W W W W W W W W U U R U R R R D D D D D D L R U U U U U U L L L D L D D 
37 71 4 109
670 428 859 604 
D D D D D D D L L L D U R R R U U R D D D D D R W W W W W W W W W W W D U U U U U R U R U R R R U R R R R U U U U U U R U R U U D D L D L D D D D D D L D D L R U U L L L D L L L D L D L D D D D L U U U U U L U U U U U 
33 16 4 200
498 190 89 336 
D D D L D L L L L L L L L U U L U L L U U U D D D R R D R R L D D R R R R R R R R U R U U U L W W W W W W W W W W W W W W W W W W W W W W W W L U U R U R U U U U U U U U U U U R U R U U R R R D R D D D R R R U R U D L D D D D D D W W W W W W W W W W D R R R R R R R R U R R U W W W W W W W W W W W W W W W W W W W W W W U L U L L L U L U U U U U L U U L L R R D D R D D D D D R D R R R D R D D L L D 
22 23 4 200
701 747 889 407 
L U L L U U U L L L L L L L U L U D D D R L U U R U R R R R U U R U D D R D R R D D D R D R D R D D U U L U L U L U U U L L U L R R D R D D D R R R R L L U U U U U U R R R R D D D D D D D D D D D D R R R D D D R D D R D R D U L U L L L U L L R R D R R U U U D L U U U L L L U U U U U U U U U U U U L L L L D D D D D D D D R D D R D D U U L U U L U U L L U U U L U L L U L D D L L L L D D R R R R R R 
60 49 4 200
426 898 950 259 
D D L L R U U L L L U L L L U U U U L R D D D L L R R D R R R D D L D D D D D D D L D D R R R R R R R D D U U L L L L L L L U L L R R U R U U U U U U U R U R R R D D R U U D D D D D D D D D L L L L L L L L L L U L U L U L U L U L U U U U L U U L L L U L L L L L L L L U U L L U U U L L L L L D D D L D D L L D D D D R U R R R R R L L U U U U R U R D U L D L D D D D L L L D L U U U U R R U U R U U U 
1 26 4 194
808 349 639 851 
D D U U R R L L U U U U U L R D D D D D D D D D L R U U U U U U R R L L U U D D D D D D D D D D R R R R D R R D D R R D D D D L L L L R R R R U U U U L L U U L L L R D D R R R R D D D R R R D R L U L L L U U U L L L L U U U L L L L U U L R R R R R D D R R D R L U L L U U U U U U U R R U D L D D D D D D D D D D D D D D D D R L U U U U U U U U U U U U U U U U L D D D D D L L L L U U U U 
51 70 4 92
141 788 806 300 
D L L R R R R R D R D U U U U U U R U R D D R D R R D R R R R R R R D D R R R L L L L L L D D L D D D D U U U U R U U R R R U U L L L L L L L U L L U L U U L D L D D D D D L U L L L U 
