100
62 46 3 76
983 426 309 
D D U U L L L U L R U U L L L L U U U U U L L L R R R D D D R L D D D D D L D L D L D D D L L L R R R U U U R U R U R U U U R R U U D D R R D D D R R R 
61 84 3 195
441 412 863 
D D L D D D L D D D L R U U U R R R R L L L U U U R U U R R R U R U D R R D R W W W W W W W W W W W W W W W W W W W R D R R R R R R R R R L L L L L L U U U L L L L U U U U U U U L L U L L L U U L L U U R R R R R D R R R R R D D D D U U U U L L L L L U L L L L L D D L L R R R R D D R R R D R R D D D D D D D R R R R D D D L L L U L L U L L L L L L L L U L U U U D D D R D R R R R R D L L L 
62 25 5 200
798 630 154 313 499 
U D R D D D L D D D D L R R R R D U R R R R R R L L L L D D D D D D D W W W D L R U U U U U U R R R R R L L L L L D U U U L L L L U U U D D D W W W W W W W W W W W W W W W W D R R R R R R R U R U U R U R U R U U U U R U R R U R U U U R R R U U R R R L L L D L L L L L L L L U U U L U D R D D D R R R R R R R R D L L L D D D L D L L D L D D D D L D D D D U U U U U U U U R U R U R L D L D L D D D D D 
29 78 4 200
208 844 860 858 
U U U L U U U U U L U D R D D R L D L R U R U R R R R R R L L L L L L D L D D D L D D L R U U R U U U U U U U U U R R U W W W W W W W W W W W U U U U U R R R R D U L L L L D D D D D D D D D U U U L L D D D D D D D D D L D D D D L D D L L L D D D D L D D L L L L L D L D D D D R R D R D U R U U U R U R L D L D D D L L U L L U U U U U U U L L L U U D D R R R D D D R R R R L L L U R R R R U D R U U R 
33 17 6 200
469 93 146 725 222 420 
U U U U R L D D D L L D D D D U U U U R R R R U R U U R U R L U L R U R U U U U U D D D D D L D D D L L L R U U U U W W W L L U D R R D D D D R D D L D L L D U R U U W W W W W W W W W W W W W W W W W W W W W W W W W W W W W W W W W W W W W W W W W W W W L L L L U U U U U U L R D D D D D D L L L R R R R R R R D D L D U L L L D L L D D D D L D L D L L L L U L L D D D D D D L L L L L L L L L R U U D 
54 42 6 200
198 474 874 785 700 317 
U U R U R U R D R D D D U U U R R R R D D D D D D R R R U U U U U U U U U U U U R U R R R R U U U U U R R U U R L D D L D U R R R R R U U R U U U U R U R U R U R U R U U R L U U U U L L U U L L U U U L L L L R R R R D D D R D D D D D D D U U U U U U U R D D R R D D D D D D L D L D L D L D L D D D D L L L L L L L L L L R R R R R R R R R D D R R R R R R R D D D U U U L L L L L L L L L L L L L D D D 
56 31 2 82
594 73 
U D R D D R R D U L L U U L L U U L L L U L L L U L L U U U U U U U L U U L L R R D D R D D D R R D U L L D D D D L D D D D D U U U U U R R R D R R R D R R R D D R 
10 20 4 200
0 524 827 112 
D D D D D U L L L L L L L L L D L D D D R D D L R U U L U U U R U R U U U D D D R R R R R R R R D D U U U L L L R R U D L L L L L L D L L D D L D D R D U L U U R U R R R R R R R R D R R R R W W W W W W W W W W W W W W W W W W W W W W W W W W W D D D D D D L L D D D L D D L L U W W W W W W W W W W W W W W W W U D D R R U U R U U U R R U U U U U U L L L L U L L L L L L L L U R R U R R R R R R R U U 
32 40 5 200
242 240 520 43 144 
U U U U U U U U R R U D L L L L L L L U L L L R R R U U U U U U U D D D D D D D D D D L L L L D U R R R R U U U U U U U R R R L L L D D D D D R R R R R D D D D D D D D R D D R R R R U R U U U R R U U R U U U L U L U U U L L U D D U R R D D D R D R D D D L D D L L D D D L D L L L L U U L U U L R D D L L L L D L D D L L D D L L L L L L L L L L L L L U L U L L L L L L L L L L D R R R R R R D D U U L 
20 46 3 200
976 847 954 
R U R U D L D L D L D D D R D U L U U U U U U U U L D D L D D D D L R R R R R U U R W W W W W W W R U U U L U L R D R D D D L L D D L L L L U U U U R U U L L L D D D L D D D D D D U U U U U U R U U U R R R R D D D D D R R R R L L L U U U U D D D D D D D D D D D D D R R U U R R R U U U U U U U R R U U U U U U U U L U R R R R D R D D D R R D D D D L D D D R D D D D D R R R R R U U U U R U R R U D L 
47 1 5 200
405 600 278 962 365 
L L L L U L L U U U U U U L U U L L L R R R U U R L D D D D R D D D D D D R R L L L L L L U L U R U R R R R U U U L L L L L L L L L U U R R U R U D L D L L D D R R R R R R U U R L D D L L L L L L U U U U U U U R R U U R R U U R L D D L L D D L L D D D D D D D R R R R R R U U U R R L L D D D R R R D D D L L L L D L D L L U U L U R R R R U U U U R R U R R R R R U R U U R L D D L D L L L L L D L L D 
56 57 3 200
79 351 288 
R D R R R R R R D D D D R R R R R R R U U U D D D L L L L L L L U U U U L L L L L L L L L L R R R R U L L D D L D D D W W W W W W W W W W W W W W W W W W W W W W W W W W W W W W W W W W W W W W W W W W W W W W D R D R D R R R D R R U R U U U U U U L U U U R U U U R U U U U U U U L U L L L L L L L U U L L U U L L D L D D D L L L L D L D D D L L D D L D L L L D L D L R D D U U U R U R R R U R U U R 
55 81 7 95
268 897 371 66 23 72 200 
L U L L U R U R R U U L U U R U U L R D D R R R D U L L L L D D R D D L L D L D R R D R U L L L L L L L L L D W W W W W W W W W D L L L D D L D L D U R U R U U R R R U U R R R R R R R R R D 
54 67 6 198
788 981 176 909 462 782 
R L D D L D U U U U U U U U U U U U L U L U L L L L D L D L L D D D D L R U U U U R R U R U R R R R D R D R D D D D D D D D D D D R D D R D R L U L U U U U L U U U U U U U U L L L L L D D L L D L L D L R R R D D D R D D U U L U U U R L L L U R R U R R D L D L D D D U U U R U R U U U R R R R R D D D D D D D D R D D D D R U U U U R R R R R R R D D D D D U U U U U L L L L L L L D D D D L U U U U 
38 54 4 200
837 888 776 910 
D R R D R R R R L L L L U L L L L L U R R U R U U U U U R R R L U U D D L L D D D D D L D L L D D D D D D D D L R U U U U R R L L U U U R R R U L D L D D D D R R U D L L U U U U U U U U L W W W W W W W W W W W W W W W W W W W W W W W W W W W W W W W W W W W W W W W W W W W W W W W W W U L L L L L L L L U L R D R R R R R R R R D R D D R R L L U U U U U L U L L L L U U U D D D R R R R D R D D D D D 
38 89 7 180
481 675 705 935 955 879 330 
R U U L U U U U L L L D L L D L L R D D D D U U U L L L L L L L L R R R R R R R D D U U L L L L L U U U U L L L U U D D R R R D D D D R R R R R R R L U R U U W W R U U U L U L L L L L L D L D L D U R U R U R R R R R D D D D D D D D U U U U U U U U R D R D D D L D R R U R R R D D D D R D D D D D D D U U U U U L L L L L U L U L U U U L R D D D R D R D R R R R 
40 84 4 200
401 820 604 394 
R D D D L D D D D D R L D D L D L L L D D D D D D R R R R D D D D R D D L D L R U R U U U U U U U R U R R R U U R R U U R U U R R U U D D L L D D L D D L L D D D D D R L U L R U U L L L U U U U R U U U U R U R U R U U U R U U R R R R U U U R U U U U U U U U U L U L L L L D L D D D D D D D D D U U U U U U U U U L L L L L L L L L L R R R R R R R R R R R U R R R R D R D D D D D D D D D L D D D L L L 
78 99 7 200
516 228 125 229 873 58 102 
L L L L L L L L R R R R D D D D D U U U U U R R R R R R D R R R D U R R R R R R R D D D R R D D D D D D D R L U U U U U U U U U U D D D D R R R R D D D U U U L L L L U L L D L L U U L U D R D D R D U L U U L L L L L L D D D D W W W L D D D D D U U U U U R U U U U R R R R R R D D R R U U U U L L L L L L L L L D D D D D D D D D D U U U U U U U U R R R R R R R D D D D D D R L U U U U U U L L L L L L 
61 28 4 200
868 631 274 312 
R R D D L L D D D D D L L U U U U L L U D R R D D D D R D D D D L L L D L R U R R R U U U U R U U U U U R R R R R L D D D L D D D D D D L L L D L D D R R R L L L U U R U R R R U U U U U R R R R R R U U R R L L U U U U U L U L L L L L L L L L L L D D D D W W W W W W W W W W W W W W W W W W W W W W W D W W W R D D L L L L U D R R R R U U L U U U U U R R R R R R R R R R R D R D D D D D D D L L L L L 
32 77 3 200
731 793 623 
R U R R R U U D D L L L D L R U U R R D D R D D W W W W W W W W W W W W W W W W W W W W W W W W W W W W W W W W D L D D D L W W W W W W W W W W W W W W W W L R R U U U R U U U L U U L L D D L R U U U R R U U U W W W W W W W W W W W W W W W W W W W W W W W W W W W W W W W W W W W W W W W W W W U L L L D L L L L L L D D D D D U U U U U R R R R R R U R U U U U U D R R R R R L L L L L D L L R R D D D 
68 82 5 200
404 580 699 189 767 
U U D D L L L D D D D D D D L D D L R U U R U U D D L D D D D D D L R U U U U U U U L L L U U L L U U U U U U L L U U L R R R R R L L L L D D R R D D D D D D D U R R D D R R R D R U U U U U U U R R R R D D D D D D D D D D D D D D D D R R D D R R R R U U U U U L U U D D R D D D D D L L L L U U L L U U U U U U U U U U U U L L L L L R R R R R D D D D D D D D D R D D R D R D R D R R U R U R R U R R U 
74 8 4 100
637 318 529 456 
L L D D D L D L L D D D D L L L L U U U U L R D D D D R R R R U U U U D D D D L L L L U U L L L U L U R R U U D D L L D R D R R R D D R R R R U U U U U U U U L L L U D R R R D D D D R R U R U U U R R 
69 53 3 200
748 950 561 
L L L U U U U U L L L U U D D L L L L U U U U U U U D D D D D D D R R R R R D D D L L L D L L L L L L D D D L D D D D L D D D D D D R D D R R R R R D R R D U L L U L L L L L U L L R R U L U U U U U U R U U U U R U U U R R R R R R U R R R U U U R R D D D D D R R R L U U L U U L U U W W W W W W W W W W W W W W W W W W W W W U R R R R R R R R R R R R D U L L L L L U D R R D R D R D L L L D L R U R R 
33 9 5 194
403 813 214 539 660 
R R R D R D R L U L U U U U U U U U R R U U U U U R U U U U U U U U U U U U L L D D D D D D D L L L D D L L L L R R R R U U R R R U U U U U U D D D L D D U U R U U U U R R D D D D D R R R R D D R R R L L L U U L L L D D D D D D D D D R R R R R D U L L L L L U U U U U U U U U R R R L L L L D L L L L R R R R D R L D D D D D D D D D D U U U U U U U D D L D D D D D L L D D D D D D D L L L 
91 13 6 93
811 265 29 944 640 958 
U U R U D D R L R D D D D L L L L D D L L D L L L D L R U R R R U R R R D D R W W W W W R D U L L U U L U U R U U U U D D D D D D D L D U R R R R R L L L L U U U R R R U U U U L U L D D 
52 10 3 145
877 971 226 
L L L U U L U U L L L D U R R R R R W W W W W U U U L L U U U L L L L U U U U D R R R R R R U R L D L L L L L L D D D R R R R D D D R R D D D L L D D D L D L L R R U R U R U R U U U U L L L L L L L L L R R R R R R R U U U L L L U L L L D L R U R R R D R R R D D D R R D D D D L D D D R R R 
54 60 7 198
127 662 141 670 986 196 324 
U U L L U U U U U U U U U U U U L L U U U U D D D D L D D D D L L D L D L D D U U R U R U U D D R R D D D D L L L L L D L D L D L L L U L L U L L U L U U U L L U U U L D D U U R D D D R R D D D R D R R D R R D R R R U R U R U R U U U U U D D D D D R D D D D D U U U U U R R R U U U U L L U R R U U U U R R R D D D D D D D D D R L D D D D L L L L L L L L L L L L R R R R R R R R R R R R U R R D D 
16 9 6 200
367 386 770 364 424 272 
D R R R D D R D U U D L U U U L U U U U D D D D R D L L L U U U U L L W W W W W W W W W W W W W W W W W W W W W W W W W W W W W W W W W W W W W W W W W W W W W W W W W W W W W W W W W W W W W W W W W W W W W W W W W W W W W W W W W W W W W W U U U U U U U U U U L U L U U L U L L L U L U U U R R R R R R R R R R R R R R R R R D D U U R R U D L L L L L L L L L L L L L L L U U D D L L L L D D D R D R 
98 5 3 123
77 356 830 
U U U U U U U U U U U U U D D D D L L R R D D D D D L U U U U U U U U U U U L L R U U U R U W W W W W W W W W W W W W W W W W W W W W W W W W W W W W W W W W W W U L L L L D D D D L R U U U U R R R R D D L D D D R D D D D D D D D D D D R D D D D 
22 23 7 200
880 55 701 747 531 9 627 
R R R R R U U L L L L L L L U L U L L L L L L L U L U D D U U L L L L D D L R U U R R R R R R U U R U U L L U L U L L R R D R D R R D D L D D L L L L D L R U R R D R D R R R R D D D D D D D D D D D D D D R D D D D D D D L L L L D D L L D D L L L L U U L L U U U U L L L U L L U R U U L U D R D D L D R R D D D D D D U U U U U R R R D D D D R R D D R R R R U U R R U U R R R R U U U U U U U L U U U U 
68 69 4 200
647 300 761 251 
R D R L D D L D L L D L L L D D U U R R R U U U U U U D D D D D R R R W W W W W W W W W W W W W W W W W W W W W W W W W W W W W D U L U U U L L L L R R R R D D R U U U L L U W W W W W W W W W W W W W W W W W W W W U D D R D D D D D R D R R R R R R R U R U R W W W W W W W W W W W W W R D D R R R R R U U U U U L L L U L U L L L L L U U L R R R R R R R R U D L L L L L L L D D R R R R R D R D R R R D 
83 93 9 200
626 85 666 599 982 302 903 842 682 
R U R R U R D D R D U L D L L D D L L D D D L D D D L D D D D R R R R D R R R R R R R R D R U U U U R U R R R U U L L L U L L R R D R R R D D L D D D D D D D D D D D D D D U U U U U U U L L L L R R R U D R U U U U U U U L L D D D D D D D D D D D D D D D D D D D R D D D D D D D D D D D D D U U U U U U U U U D D D L L L L R R R R D D D D D D D U U U U U U U U U U U U L L L L L R R R R R U U L U U U 
11 24 5 106
808 163 349 574 945 
L U L L L L L L L L L D U R R U U U U L U U L L R R D D D D D D D L L D D U U R R U U U U U R D U L U L R D R D D D D R R R D D R D L D D D D L L L L D L L R R U R R R U U U D D D R U U U U R U L U U R R R R D R 
61 15 5 120
170 992 832 989 933 
R R D D U U U R U L L L U D D L L L D L L L L L L U D R R R R R R U R R R U R R R D D R D R R D R R R R R R U U U U L L U U U R R R R U U U U D R R U U D D L L D D D L L L L D D D R R D D D R R R R L L L L D L L L L L L U L L U L U L D L L 
7 52 8 200
5 41 113 952 96 150 30 451 
R R R R L L L L D D D L L L U U U L R U U U U R R R R R R D D D U U U L U U U D D D R D U L L L R U R U R L D L D D D D D D D D D L D L L L L L D L D U R U U U U U U U R L D D D D D D R R R R D U R U R U U U U U U L L L R R R U U U U W W W W W W W W W W W W W W W W W W W W W W W W W W W W U L L L L L L U U L U U U R R R R R U D L L L L L D D D R D D R R R R R R D D D L L L L D D D D D D D R R R U 
58 55 4 200
693 540 219 327 
D D D R R D R D D D D R R D D D D D D D R L U U U U U U U L L U U U U L U L L U L R U U R U R R R R L L L L D L L U U U L L L W W W W W W W W W W W W W W W W W W W W W W W W W W W W W W W W W W W W W W W W W W W W W W W W W W W W W W W W W W W W W W W W W W W W W D D L D D D D D D D D D D D D D D D R R R R R D D R D R D D R D R D R R R D D D R R R R R R R R R R R D R R L L U L L L L L L L L L L L 
79 98 5 136
536 960 812 606 773 
L L L L L L R R R R R R D D D D L L L L D L L U L U D R D R R R R R R R R D D R D L L L L D L L D U L L U L L U U R R R L U U U U R L U U U L R D D D D D D D L L D D R R U R R R R R U D L L U D L L L L R D D R R R R U R R R R U L U U L U U D D L L L L L U R R R R U U U U 
3 96 7 200
592 362 138 576 457 277 579 
D D L D U R U U R U D D D R D D D D D D D D L U D R U U U U U U U U U R R L L D L L W W W W W W L D L D D D D L R U U U U R U R R R R D R D R L U L U U U D D L L L L D D D D D D D D D D D D R D D D D D D D D D D R R D D D L D D L L L L D D D U U U R R R R U U U U D D R U U U L L U U U U U U U R R R R U R R U R L U U U U U L U L U U D D D D D L L L D D U U R R R U U U R D R D D D D D D L L D L L L 
54 72 6 200
806 936 496 47 247 633 
R R U U R U U U U R L L U U L L L L L L L L L L L L L L D D D D D D L D L D L L D U R R U R U R U U U U U U R R D D D U U U R R R R R R R R R R U D R R D D R D D D D L D D L D D D D D D D D L L D U R R U U U U U U U U U U U U U R U R U U U R R R R D D D D D R D D D D D D R R R R D D D D D D D D D D L D L L D D U U R R U R U U U U U U U U U U L L L L U U U U U U L U U U U U L L L L D D D L D L D D 
81 3 7 177
205 686 467 501 990 488 181 
D D L R U U U U U R U U U R R U R U D L D L L D D D D R R R R R R R R R R U R R R L L L D L L L L L L L L L R D R D R R R R R R R R D R R R W W W W W W W W W W W W W W W W W W W R R R L L L L L L U L L L L U U U U U U U U R L D D D U L L L L L L U L L L D D D D D U U U U U R R R U U U U R L D D D D D R R R R R R D D D D D D L L L L U L U L L U L D D D 
79 26 8 200
917 264 885 780 355 360 502 646 
R U U U D D R R R R R R R U R D D R L D D D D D D D R L L L D D D U U U R U U U L L R R D D D R U U U U U U U U U L W W U D D L L L L L L L D L R R R U U U R R W W W W W W W W W W W W W W W W W W W W W W W W W W W W W W W U D L L D D D L L L R D R R R R R R U R U U U R R R R R R D U L L L L L U U U U U U U U U U L U U U U U R R R D R D D D D D R R D D U U L L U U U U U L U L L L D D D D D R D D D 
14 3 5 182
674 91 789 790 164 
D R D U L U U U R R R R R R R U R L U U U U U U U U U L U U U L L U U U U U U R R R R R R R R L L L L L D D R R R R R R R U U U U R U U U U L R R R R R R U R U U R U U D D L D D L D L L L L L L L U L L U L L L R R R D R R R R R R R U D L L L L L D R R D D D D L D D D D L L L L L L L U U L L L U L R D D D D D D D R R D D D R D D D D D D D D D D L L L L L L L D D 
75 45 5 184
385 379 907 707 919 
R R R R R R R U U R R R U U D D L D D D D D D D D D D D D R D R D D U R R U R R L L D L L U L U L U U U U U U L L L R D D D D D D D L L L D L L L U U U R R L L D D D R R R U R R R U U U U U U U R R U U U U U U L L D D L L L L L L L U U L U U U L L R R D D D R D D D D R U U R U R R R U R R D D D R R U R U U U R R U D L L D D D L D L L U U U L L D L L L D L D D L U U 
15 14 3 98
664 332 534 
R U R R R D D R D D D D D D L D U L L L L U L L L L L L L L L L L U D R R R R R R R D D D D R R D U L L U U U U L L L L L L L L U D R R R R R R R R R R R R D R R R R R U U U U U U L U U L L L D L 
46 18 3 169
37 301 75 
D D D D L R U R R R R R R R R R R L L L L L L L L L L U U U L L L L U L L L D D D R R R R R R R R R R D U L L L L L L L L L L U U U R R R D R R R R W W W W W W W W W W W W W W W W W W W W W W W W W W W W W W W W D L L L L L L L U U U W W W W W W W W W W W W W R U R U R R R R L L L L D L D L D D D D D D D D L R U U U U U R R R R R R R U 
83 64 4 144
677 53 166 768 
R R D D R R D D L R D R R R R R D R D R L U L U L L U D L D U L L U U U L L U L L L L U L R D R R R R U R R D D R D U L U U L L L L U W W W W W W U L W W W W W W W W W W W W W W W W W W W W W W W W W W W W W W W W W W W W W W W W W W W W W W W W W W W W W W W W W W W W W W U L R D R D D 
58 24 6 200
618 865 281 848 492 746 
L D D D D D R D R L U L U U U U U L U U L L L L L U U U L L L L L L U U U U U U U U U U U U U L L L U U U U U U U U U U L L U U U L U L U L U L L U L L L D L L L L L L L L L D L L L L D L D D U U R R D D D D D D D D R D R L U L U U U U U U U U L U R R R R U R R R R R R R R R U R R R D R R D R D R D R D D D R R R R U U U U U U R R U D L L D D D D D D L L L L U U L U U D D R U U R U R R L L D L D D 
67 32 5 198
129 544 949 413 928 
U U U L L U L L L U U U D L L L L L L R R R D D D D U U U U R R R R L D D R D D D R L U U U R R U R U U R U U U R L D D D L U U U U U U U U R U R U R R U R R R D D D D D D D R L U U U U U U U L L L D L L D L D D D D D D D D D D D R R R R R R R U U R R U U R U U U R U R R R R U U R U D L D D L L L L D L D D D L D D L L D D L L L L L L L U U U U U U U U U U L D D D D D D D D D D L D D R R D D D 
21 76 5 200
82 443 493 295 689 
D D D D D D D D D D D D D D D D D D U U U U U U U R R R R R L L L L L L L L L R R R R U U R R R R R R R R L L L L L L L L U U U L L L L L L L L L L L U L L L L L L R R R R R R D R R D D D D D D D D U R R R R R R R R L L L L L L L L U U U U U U U R U U U U U D D D D D D D D U U U R R R R R R R R U U U U U U R R U D L L L L D L L L L L L L L L L L D U R R R R R R R U U U U L L U L U U U D D D R D R 
14 77 4 196
478 3 777 376 
D L L L L L L L R R R R R D D D D R R R R R R D D D U U U U U U U U U R D D D R L U D D D D D L L L L L L L L L L L L L L D U R R R R R R R R R R R R R R U U U U U U U L D D D L L L R R R D D D L L L L L L U U U U L L L L L L L W W W W W W W W W W W W W W W W W W W W W W W W W W W W L D D D R R D R R D D D D D D D R D R D D R L U U L U L U U U U U U U L L U L L U U U R R R R R R R R R R U 
32 21 4 172
791 498 407 314 
L D L L L L D L D D L L D D D D U U U U L L L U D R R R R R R R R R D D R D R D U L U L L L L L U D R R R R U U U D L L L L U U U L L R R D R U R R R R U R L L L L L L L L L D L D U R U R R R R R R R R U U U U U U U U U R R U U U L L L L L D L L D D D D L D D L R R R R D D U U L L L U U R U U U U R R U R R R R R D D D L L D D D D D D D D D R 
66 33 3 124
932 78 419 
L L L L L L U D D D D R R L L U U U L L L U L L L U D R R R D R R R R R R R R D D R R R R R R D R R R R D D R D R D U L U L U U L L L L U L L L L L L U U L L U U U L L L L U L U L U U L R D D R D R D R R R R D D D R R D D R R R U R L D L L L U U R 
89 22 4 188
415 445 995 319 
R R U R R U U U U R L D D D D L L L U L R U U R R R U U U L L L R R R R U R R U U D D L L L L L L L L L L L L L L L L L W W W W W W W W D D D L D D D D D D D R D D D D R R D U L L U U U U L U U U U U U U R U U U R R R R R R R R R R R R R L L D D U U R R R R D L D D D L D D D R R R R R R U U U R U U U U U U U U U D D D D D D D D D L D D D L L L L L L U U U L L D D D R D L L 
88 14 4 200
591 416 643 117 
L D U U U U U L R R R R U U U R R R R R U U U U D D D D L L L L L D D D L L R R R R U U U R U U U R U R L D L D D D L D D D L L L L L D D D U R U U R R R R R U D L L L L L D D L D D R U L U U U U U U U U U L L L L L L L L L U U U R U U U R R R U R U R U R U U R R R L U U U U U U U U U R R R R L L L L D D D D D D D D D L L D D L D L D L D D D D L D U R U U U L L L D D D L D D D D L L D L L R R U R 
17 3 5 200
720 924 107 237 809 
R R U R R R R U D R D D R R D R W W R R D R R R L L L U L R R R R R R R R R R R R R D R R R R R R R U U L L L L U U L U R R R R U R R L L D L L L L D R D D R R R R D D L L L L L R R R R R R R R U L L L U L L L L U U U U L U U L U U L L D L R U R R D D R D D R R R R R L L L L D D D D R U L U U U R U R U U U R U R R U U U U D D D D L L D L D D D L D L D D D R D R R R D R R R D L L L L L L L L L L U 
88 97 2 90
480 833 
R R R D R R R R R R D R D R L U L U L L L L L L U L L U U D D D D D R R D D D D D D D R R R U U U U L U U U D D D R R R R U U R L D D L L L D D D D L L L U U U U U U U L L U U U L 
25 73 5 200
650 428 859 446 249 
R R R R D R R D R R D D D D D L L D D D L R U U U R R U U U U U D D D D D D D D D R D R L U L U L L U D R R R R U R U R R U D L L D L D L L U U U U U U U U L L U L L L R U L L L L R D D D D D D D D D D D D D L D L L L L L L L D D L L L D L L L U U L L L U L L L L L L L U U D D R R R R R R R R L U U U U L L U U U U L L R R D D D D R R D D D D D R R R D D R R R U R R R U U R R R R R R R U R U U U U 
59 72 4 162
775 818 210 547 
U U D D L D R R U U R U R D D D D D D D D R R R D D R R R R R R R R R R R U U U U U U U D D D D D D D L L L L L L L D D D U U U L L L L U U L L L U U U U U U U U R R R R U U U U U R U U R R L D D D D D D D D L D D U U R U U U U U U U U L D D L D D D D D L L L L L L L U L U U U U U R R L L D D D D D R D R R D L D D L L U R 
70 79 3 200
518 65 659 
U U U U L U U U U L U U R L U U U U U L L L L L U L D D D D D L R R L U U U U U R D R R R R R D D D D D D D R D D D D R D D D D D D D D R R D D D U R D D D D D D R D D U U L U U U U U U L U U L L U U U U R D D R D D R R R R U U U U U U U R U U U U L L L L U L L L L W W W W W W W W W W W W W W W W W W W W L U U U U U U L U L L L L L U U L U U R R R R R D R R R R R R R R R R R R L L L L L L L L L L 
1 35 5 104
257 899 543 399 390 
R R D D R R R R R R R R U U U U U U L U L L U D R R D R D D R L D D D D D D U U L L L L L L U U U D D D R R R R R D R R R L L L L L L D L L D D L L D U R R U U R R U R R R U L L L L D D D U U U L L L U U L L 
40 7 3 171
765 190 89 
D L L L L L L L L L D D D L L L D D U U L L U U U L U L R U U U U U U U D D R R R R R R U U U U U U R U R U U U U L U U U U U U R R R U R U U W W W W W W W W W W W W W W W U U R R R R D R R R D D U U L L L U L L L L D D D D L D L L L D D D D D D R D D D D L D L D D D D D D L L L L L L D D D D D D R D D D R R R R R U U U R R R R R R R R R U 
80 58 8 172
597 795 184 680 665 361 57 136 
L L D L R D D R R L U R R U U R U R U U R R R L L L L U L L R R D R D D L D L D D U U U U R R U U U R R L L L L U U R U R R R U R U U D D L D L L L D L D D D D L D L R U R U U R R D D D L L D D D D L L D L U U U R R R R R U U U R R R U R R R R R R D D D D D D D D D D D D D D D R L U U U U U U U U U U U U U U U L L L L L L D L L L D D D L L L 
69 48 4 200
400 653 454 717 
D L D D D D R D D D R L D U U U U U U U R U U U U U U D D D D R D D D D D D D D R R R D D R L U L R U L L L U U U U U U U U U W W W W W W W W W W W W W W W W W W W W W W W W W W W W W W W W W W W U U R R R R R R R R R R R R R D R R R R R D R D D D R R R R R R R U U R R L D D D D D D D D D D D D D D D R L D D D D D D L D D L L L L D U R R U U U U U U L U L L U L L U L U U U U U U U U R L D D D D D 
25 89 8 200
32 59 752 884 797 853 533 260 
D R R R D U L L L U L L R R D D D R L U U U U U R L L L U L L L L U L L L L D U R R R R U U U U R R U R W W W W W W R R R R R D D R R D D D U U U L L U U L L L L L U D L D L L D D D L L L R R R R R R D U U U R U U U D D D R R D D R R D R D R D D D D D D D L L L L D D L W L L L L L L U U L U U U U L U U U U D D D L L L L L L L L R R R R R R U U U U D D D D R R D R D D D D R D D R R R R R R R U U R 
24 72 3 200
875 429 270 
U U R R R R R R R R R R R R R R U U U U U L U U L L L L U R R R U D L L L D R R D U R R D D R R L D D D D D L L L L D U L L L L L L L L L L D D D D D D R D D D D D D D L D L L L L L L L L D D L D D D L R U U U R U U R R R R R R R R U R U U U U U U L L L L L D D L L L D L R U R R R U U R R R R R U L U U R L D D D R D D D D D D L D L L L L L L L L D D L L R R U U R R R R R R R R U R U U U U U U L U 
49 46 4 200
590 638 526 644 
D D D L L D D D D D D D U U U U U U U U U L L L L R R U U U U U U R D D R D D R R R D D D D D L D D R D D R R D R R R D D R D D D R D D D D D D D R R D D L L L L L L U U L R D D R R R R R R U U L L U U L L L L R R R R D D R R D D L L L L L L L L L L L L L L U U D D R R R R R R R R R R R R R R U U L L U U U U U L L L L L L L L U L L U U D D R R D R R R D D U U R R R R R U U L U U U L U U L L L U L 
60 29 5 191
427 152 106 671 927 
R R R R D R R R D D R R R R D R D U L U U U U D D D R R D R L L L D L L L D D L D L L R R U R U U R R R U R R U L L L L L L U U L L L U L L L L L D D D W W W W W W W W W W W W W W W W W W W W W W W W W W W W W W W W W W W W W W W W W W W W W W W W W W W W W W W W W W W W W W W W W W W W W W W W W D D D U U U U U U R R R R R R R R R D D D D D L L U D R R U U U U U L L L L L L L L 
41 53 7 152
68 656 898 123 18 912 649 
R U R R D R R R R R R R D D U U U U U U U D L L L L R R D D D L L L L U L L U L L L U L U L U U L L L L L L U L U L U U U U L L R R D D D D R D R D R R R R R R U R R L L L L L L L L L L U D R R R R R R R R D D D R D R D R R R D R R D R R R R U U U R R D D D D L L L L L L L U L U U U U U D D D D D L D L 
0 79 8 200
964 52 772 165 50 891 171 350 
D D D D D D R D D L R D R R D D D D D D R R D D D D L D D L L D D L R U U R R U U R U U U R R U U U U U R U U D D L D D D D D L L U L L U U U U U U L L U U U L U U U U U U U U U U D D R R R L D D D D D D U U U U U U L L D D U U U U U U U U U U U U U U U U R R U U R R R R R R R R D D R R R D D D D L L D L L D U R R U R R U U U U L L L U U L L L L L L L L L R D D L L D D D D D D D D D D D D D D D D 
60 27 3 122
850 562 2 
L D D D D D R D R L U L U U U U U L U L R U U R R R R R R R R R R R D R R R R L L L L U L L L L L L L L L L L D D D R R R D D D D D L L L L L L L L L L L L L L L L L L U L U U U L U D R D D D R D R R R R R R R R R R R R R R R R R R U U U U U L 
81 7 4 128
62 185 849 642 
U L L R U U R R U R U U R R R R R R U U U U R R R R D D U U L L L D D U U R R R R D R L U L L L L L D D D D L L L L L L D D R D R D D D R R R D R R R R R R R R R D D D D D D U U U U U U L L L L L L L L L U U U U U D D D D L L L U U U L U L L D L L D D R D 
40 46 5 200
550 698 828 402 497 
L L D D D L D L L D D D L D L L L U U L U L L L R R D D D R D R D D D D D D R R L L U U U U U U L U L U U U R D R D D R R R U U U U U U U U U U U U U U U U U L U U L L L D L D L L L L L L L D D L D D D W W W W W W W W W W W W W W W L L L L L L L L L L D L D L D D L L D D D D L L L L L L D D D R R D D U U L L U U U R R R R R R U U U U R R U U R U R U R R R R R R U D R R D U R U U U U U U D D D D D 
90 93 7 200
575 380 558 985 925 719 835 
D D D D D L D L D U L R R D D D D D D D D R D U L U U U U U U U U U L L U U L U D D D D D L D L D L D L D D U U R U R U R R R R R R R R R R R R D R R R D D D D L D D D D D D D D L L L L L L L U U L U U U U D D D D R D D R R L L L R R R R R R R R D D R L D L L R R D D D D D D D D D U U U U U U U U U U U U U U U U U U U L L R U U U U L L U L R D R R D D D D R U R U U U U L L L U L L L L L L L L L L 
74 76 5 135
224 755 299 573 134 
D D D D R D D D D D D D R D R R D U L L U L U L L L U U U U L L R R D D D D R R R U U U U R R D D R D R R U R L D L L U L U L R U L L U U L U U U U L U U U U U U U R U R R U R U D D D R D D D D W W W W W W W W W W W D D U U U U U U L U U L L R D L L D L D D D D D D D R 
69 12 4 168
823 130 290 246 
U U L R D R R R R U U U U L L L L R R R R D D D R L D L L L L D L W W W W W W W W W W L L U L L L L L L L U L L L L L L L L U U U R R R R R R R R R U U R U U L L L L L L R R R R R R D D L D D L L L L L L L L L D D D R R D D D D D L L L L L L L L U U U L U U L R D D R D D D R R R R R R R R U U U U U R R R R R R D R R R R R R R D R R R 
77 34 5 192
311 778 60 339 157 
U R R R U U U U U U U U L L U L L L L U U R R R R L L L L D D R R R D D D D D L D D L L L L L L R R R R R D D D D D R R R R R R R R R R R U U U R U U R U U U U D D D D L D D L D D D L L L D U L L L L L L L L U U U U L L L L L L R R R R R R U R U U R U U U U U R D R R D D D D R R R R R L L L L L D D L L R R D R R R R R R L L L U U U R L L L L L R R R U U D D R D D D L L L D L L L D 
43 9 3 200
744 421 500 
D D U U R R R R R R L L L L L D D D D D D R R R R D D D L L L L L L L U L R D R R R R R R R U U U L L L L U U L L R R U U R R R R R L L L L L U U L U R W W W W W W W W W W W W W W W W W W W W W W W W W W W W W W W W W W W W W W W W W W W W W W W W W W W W W W W W W W W W R U R U U R R U U U U U U U U U L L L U U L L U U U U L U U L U L L U U L D D D D L D D D D D D D D L D D U U R U U U U U U U U 
1 13 3 178
745 450 294 
R U R U D D D D D D D D D D U U U U U U R R R R R R R R R R R L U U U U U U U U U L L U L L D D L D U R U U R R U U R U U L U L L L L L R R R R U U D D R D R D D L D D D R R D D D D D D D D D L L L L L L L L L L L R U U R R R R R R R R R R R L L L L L L L L L L L D D D L L L R R R D R R R R R D D D D R D U L U U U U L L L U U L R D D L L U U U U U L D L 
45 60 3 188
557 248 607 
D D D D D D U L L L L L L L L D L L R R U R R R R R R R R U U L L L L U L U L U U U U U L U D R D D D D D R D R D R R R R U R R R R R R R D D D D R D D D L D L L L D U R R R U R U U U L U U U U L L L L L L D D D R R W W W W W W W W W W W W W W R R U W W R R R R U D L L L L D L L L L U U U L U U L L L L L L U U R R R U R R U R U U R L D D L D L L D L L L D D R R R R R R D U 
94 97 7 200
560 197 51 466 739 734 648 
R R R R D R D W W W W W W W D L L L L L D D R R R D R D D D D L D U R U U U U L U L L L U U R R R R R U D D D D D D D D L L L L W D R R D U L L U R U U U U U U U U U L L L U U U L L L L L L R R R R R R D D D R R R L L L U U U L L L L R R R R D D D R R D U L L L L D W W W W W W W W W W L R U R R U U R R R R L L L L D D R R R D D D D D D D D U U D D D R R R D D W W W W W D D L L L L L L L D L L L D 
13 57 11 174
479 930 440 861 942 688 676 267 749 841 333 
D D L D D U U R U U U U R R R D U L U U U R R U R R R U D R D R L U D D D U U U L U D D R D R D R D U L L L L L L L D D U U R R R R R R U U R R U U U U D D D D L L D L U L U L L L D L L D L L L L U U U U U U U U U U R R R R L L L L L L U L U L L L U U L U U U R R R R R L L L L L D D D R D D R R R D R D R R D D D D D D D D D D R R R R D D L L D D 
17 49 6 200
384 926 774 256 760 465 
L D D D L D D D D D R R R R D D D R D R D R R U U R U U D D R R R R D D R R D U L L U U L L L L U U U L L D D U L L R R U R R D D D L D D L L U L U L U U L L L L L L U U U U U U D D D D D D R R R D D D D D R L U U U U U R R R U L L L L U U U U U R U U U R L L L L D D D L D L L L L W W W W W W W W W W W W W W W W W W W W W W W W W W W W U U U U U R R U D R R R R R L L L L L L D D U U L D D D D D R 
88 2 6 200
105 802 796 510 485 438 
R U R R R R U R U R L D L D L L L L D D U R R R R U U R U D L D D L L L L L L L L L L L L L L U U U U U U U U U R U R U U R U U R R U U R U U U U R U R R U R L D L L D D D D D D D L D D D R R R R U U U U R R R R R R U U U R U U U R U R L D L D D L L L L L L L R R D D D U U U R R R R R D D D D D R D D D D D D R R L L U U U U U U L U U U U L U L L L L L L L U U U U U U R U D L D D D D D D R R R R R 
61 62 3 200
678 458 98 
U U U U L L L D D D D D D L D D U L L L L L L L L U L L L U L L L D D L D U R U U R U U D D R R D R R R D R R R R D D W W W W W W W W W W W W W W W W W W W W W W W W W W W W W W W W W W W W W L D D R D D D L L D L R U R R U U U L U U U L L L L U U D D R R R R D R U U R R R R U U D R D D D D R D D R R D D D D U U U U L L U U L U U U U U U U U U L D L D D D D D L L L L D U R R R R U U U U U R U R U 
28 52 6 180
754 151 128 711 722 259 
R D D D R D U R R R U R R R R R R L L L L L L U U U U U U U U R L D D D D L L L L L L L D D D D D L L D D D D R D D D D D D D D D D L L L L L L L L D L D L R U R U R R R R R R U D R R U U U U U U U R R R D D D U L L L L L R R R R R U U U U D D L L L D D D D L L L D L R U R R R U U U U U U U L U U U U R R U U U U U R R R R R R R D D D D D L L L L U U U U D L 
75 1 3 164
86 418 941 
L L L D U R R R R U U R U U U U R U U U U U U U U U U U U U U U U U U U U U U R R R R R R R R R R R D R R R L L L U L L L L L L L L L L L D D D D D D D D D D L L L L L L R R R R R R D D D D D D D D D D L L L L L L L L L L R R R R R R R R R R D D L D D D U U L U L U U L U U L L D D D D U U U U R R D D R D D R D R D D D L D D L 
46 24 5 200
114 336 279 433 996 
R R U U U R L U L L L L L R R D D D D D D D U U U U U U U R R R D U L L L L U U U U U U U L L L U L L L L L L L L L L L L L L L D D L L L L L L D L L D L L L L U L L L U L U U L L L L L L L L L L D D D D D D U U U U U U R R R R R U U U U D D D D L L L L L D D R D D D L D D D D R R D D D R R L R D R D D L L L D L L R R U R R R U U L U L L U U U L L U U U U R U U U L U U R R R R R R R R R R D D R D 
62 97 4 200
883 337 862 504 
R R D R R R L L L L L L D D D L D L L R R U R U U U R R R R R R R R R D D D D D D R D R R D R R D R R R D R D R D D D D D D D D D R R D D R D D R R D R R D D D R D D R R R R R D D D D D D D R R D D D D D D D D D D D R D D D D D D D D U U U U U U U U U U U U U U U D D D D D D D L L L R R U U U U U U U U U U U L L L L L L L L U L U L L D U R R D R D R R R R R R U U U U U U U L L L L L U U L U U U L 
96 26 5 200
193 840 902 115 613 
U U L L L L L R R R R R R R L U U U U U U R R L L L L L L L L U U U U U U U U U U U U U U L L U D R R D D D D D R R R R R R R R L L L L L L L L D D D D D D D D D R R R R R R D D D D D D L D D U U U U U U L U U L L L L U U R U U U U U R R L L D D D D D L D D R R R R U U R R U U U U L L U U U U U L L L L L L L L L D D D D D D D L L R R U U U U U U U R R R R R R R R R D D D D D R R D D D D L L D D D 
42 91 9 172
866 715 956 137 126 321 191 507 876 
L U L U U U L U L L L L L L L L L L L D D L R U U R R R R R R R R R R R R U R U D R R R R D D R D D D D R R L L L L L D L D D L L L L L L L D U U L U L U U L U D R R R R L L L D D R D R D R R R R R R R U U R U R R R U U U U L U U L L L L L D L D R D D L R D R D R R D D D D D D D D D U U U U U U U U R R R R R U U U U R L D D D D L L L L L U L 
58 73 3 133
733 491 542 
U U R R R U D R L L L L D D L D D D R R R R D L D D R W W W W W W W W W W W W W W W W W W W W W W W W W W W W W W W W W W W W W W W W W W W W W W W R D D R R D D D D D R D R R R R R L U U U U D D D D L L L L U L U U U U L L R R U L L U U L L U U R U L L L L U U U R 
17 91 8 182
283 393 736 939 449 227 567 463 
R R R R R D L D D L D U R R L U L L L L L L L D L R U U U U D D D R R R D D D D L L L D D L D D L L D D D L D D D L L L L U U U U U U U R R R U D L L L D D D D D L R D D R R R R U U U R U U U R R U U R U U R R R U U U R R R R R R R R R R U U D D L L L L D D D D D D D U U U U U U U L L L L L L U R R R R U R R R D D R R R U R U U D D L D L L L U U L L U L L L L L 
64 86 6 200
422 799 383 894 345 216 
U R U U U U U U L L R D D D D L L L L U U L L L L U U U U U U U U R L D D D D D D D D L D D D L D L L L D D D L L L R R R U U U R U U U U U U U U U U U R U L R D L D D D D D D D D D D D R R U R R R R R L L L L U U U U U U D D D D D L D D D D R D D D R D D D L R U U U L U U U L U U U U U U U U U U U U L L U L L L L L L L L L L D L L L L L L L D D R R D D D D R R R D R R D D D D U U U U L L L R U L 
0 59 5 200
570 303 706 905 124 
D D D D R R D R D U U U U R R R R U U R U R U U U R R R U R L D D D D D D D D D U U U U U U U U R D D R L U U L L L L D D D L L L L L U U L L L L R R R R D D R R R R D R R R D D D R L U U U L L L L D D L L L L D D D L L D L R D D D R D D R R R R R D U R U U U U U R L D D D D D L L L L L L U U L U D D D D D D D L D D D R R R D R R R R R U U U R U D L D D D L L L L L U L L L U U U R U U U U U U U U 
89 55 9 184
293 252 710 668 296 225 807 918 84 
L L L L D D D D D L D U R L L L R R R U R R R R R U U U U R U U U R U L L L L L U D D L L L L D D D D D D D U U U U U U U L D D D L D L L L L L L U L L R R D R R R R R R U R U U R R L L U R R R R R U R R R R R D D D D D D R R L L U U U U U L U L U U L L L D D D L L L D L D L L R R U R U R R R U U U R R R D D R D D D D L D D D D L L L L L U L L L R R R U U U R R R R 
3 93 6 198
434 559 528 320 341 503 
D D D D D D D D D R R R R R R U U R R L L U U U U U U U U U U L L L L U L L L D D D D D L R U U U U U R R R U U D D R R L L D R R R R D D D D D D D L L L L R R R R U U R U R R R U U U U U U R R R R U R R R L L L L L L L L L R R R R R R D L L L L D D D D D D L L L D L D D D D D D D L L L D D D L D U R U U U U U R U U U U D D D D L D D L L L U U U U U U U U R R R R R R R R R L L L L L L L L L U 
1 5 2 46
195 70 
D D D U U U L U D D D U R R R R R R R R L L L L L L L L D R R R R R R D U L L L L L L U U R 
93 35 6 157
33 46 654 624 42 67 
U U U U U U D L R R R R R R U R U D L D L L L L D D R R D R R D R D D D D D D D D L D D D L L W W W W W L U U U U U U L U L L L L R R R R D R D D D L R D D D R R R U U U R U U U U U U U U L U L L U L U U U U U U L L L L L D D D D D D L D D D L R U U U R U U U U U U R R R R R D D D D D D R D U L L U U L D D D D D 
35 75 3 200
304 104 76 
L L U L L L U U U U U U R R U U R R R R R R R U R R R R R R R R R R R U U U R U R U D R R L L L L U U U U U U U L L L L U U U L R R R R R R R R R R L L L L D D D U U R D D D D U U U U L U L L L L L D D D R R D D D D D D U U U U U U R R D D D D D D D R D L D D D L L L L L L L L L L L D L L L L L L L D D L L D D D D D D D D D D L L L R R R R D R D R D U L U L U L U U U U U U U U U D D D D D R R R R 
45 4 4 200
742 22 661 881 
R R R R R R R R R R U U U U U U R U R U R R R R R R R R D D R R R R R L L L L L L L L R R R D D D D D R D D D R D R L U L U U U L L L L L L L L L L U D R R R R R R R R R U U U U U R R R R R L L L L L D D D D D D D D D D R R R R L L L L U U L L L L L L L U D R R R R R D D U U R R U U U U R R R R L D D D D L L L U U L L L U L U L U U L L L R R R D D R D D D D D D R L U U U U U R D R R R D D R R R U 
