100
22 63 5 200
688 281 912 563 446 
D R R R R D D D D R L D D L D L L L L L L L D U R R U D R R D D D D D D D D U U U U U U U U L L U L U D R D R R R R R U R U U U U U U U U U U R R U U U U U R R U R R R R R D R D R D D D D D R D D D D L L D U R R R R L L U U U U L U U U L L L L L L D D D L D D D U U U R U U D D L D D L D D L L L L D L R U R R R R U U R U U R U U U R R U D R R R R U U L U L U L L L L L L L R R D L L D D D D D L L D 
4 91 6 152
592 362 350 138 171 579 
L L U U U R R U U U D D D R D D D D D D D L D U R U U U U U U U R U R D D D D D R D R L U L U U U U U L L L L L U L U D D D D D D L D D U R R R R R R R U U R L D D L L L L L L L D D D D D D D R R D R D D D D D D L D U R U U U U U U R L L U L L U U U U U U U U R U U U U U R D R R R R D L L L L D D D R R 
11 46 4 200
774 899 789 410 
R R L L D D D D D L D R R D D R D D D D R D D D D R R D R D D R D D D D D D D R R R R R U R R U U U R U U U U U U R R R R R R R R U U U U R R U D L L D D D D L L L L L L L L L U U L L L R R R D D R D D D D D D D D D D D D D D D R R R R R R D U L L L L L L U U U U U U U U U L U U U U U L L U U D D R R D D D D D D D D L L D L L L L L U U U U U U U L U U L U L L U U U U L U U U U L U U L L U R U U U 
66 1 3 66
318 637 62 
D U R R R R R U U U D D D L L L L L D U U U U L L R R D R R R R R R R R R U U R R R R U U U D D D L L L L D D L L L L L L L L L D D 
7 21 7 200
574 349 433 745 70 627 827 
U L L L L L L L R R R R U U U U U L U U U L L R R D D D D D D U U U R D D D D D R D L L L L L D D R D D D R D R L D D D L D D D D D L D D D D R R R R R R R R R U U L L L L L L R R R R R R D D L L L L L L L L L R R R R R D R L U L L L L L U U U U R U U U U U L U D R R D D D D D D D D D U U U U U U U U U U U U U U U U D D D R R R R R R R R D D U U L L L U R R U D L L D L L L L L D D D D D L R U U U 
16 86 5 194
208 59 752 884 191 
R R R R R R R R R R U R R D R D D D L L R R U U R R R R R R L L L L L L U L U L L U L L L U D R R R D D L L U U U U U R R L L D D D D D L L L L L L L L R R R R R R R U U R U U R R R R R R R U U U U R R R R D R D D D R U R U U R L U L U L L U U R R R R R R D R D D R D D D U U U L U U L U L L L L L L D D R R D R D D D L D L U U U L U L L L L D D D D L L L L L L L D D L D D L L L L L L L 
70 61 6 200
748 206 818 45 80 697 
L L L L L L L D D D L L L L U U U U U U U U U U U U U L R R D D D D R R U U U U U U U D D D D D D D L L U U U U L D D D D D D D L L L D D D D L D L R U R U U U U R R R D R R R D R R R R R R R R L L L L L L U U U U U U D D D D D D R R R R L L L L L L U L L L D D D D D R R D D D D D D D D D D R D R R R R R R R R R R U L U U U U L L L U U U L U U L L R R D D R D D D R R R D R R R L L L L L L R R R D 
34 93 8 164
675 705 32 414 496 859 135 126 
L L L R D D D D L L L L L D R R R R R R R R R R D D D D D R D D D D R R R R D R R D R R R D R D U L U L L U U U R R U D L L D D D L U L L U L L L L D D D D D D D D D D D D D U U U U U U U U U U U U U U U U U L U U U U U L L U D D D D D D D D U U U U U U U R R R R R U R L D L L L L L D U L L L L L L L L U R R R R R U U U U R R 
80 33 5 190
311 778 504 166 296 
U U L L R R U U U U U U U L L U L U L L L R R R U R U D R R R R R R U U U U U U U U U U L U U U U U R D D R R R R R R R U U U L L U U U U U L R D D D D D R R D D D L L L L U U U U L L L L L U L L U D R R R R R R R U D R D D U U L L L L L L D R R R R R D D D D L L L U U L D D D D D D D D D U U U U U U U L R D D D R D D D D D D D D D D L L L L L L L D D R D R R D D D D D D D D D 
78 1 6 90
86 205 686 467 513 510 
D L L L L L L R R R R R R U R R R R R U U U U U U U U R U U R L D D L D L D U R U U D D D D D L R D D D R R R R L L L L U U U L L L U U U L U U D D R D D D R R R D D D D L L L L L 
95 4 4 121
802 796 105 958 
U D L L L L D D D L L R R U U U R R R U D L D L L R R U R R L U L L R R W W W W W W W W W W W W W W W W W W W W W W W W W W W W W W W W W W W W W W W U U L U U U L L U U W W W W L U U D D D D D D L D D U U R U U U U R D D R R D D D R D D D R 
18 47 4 200
976 926 95 151 
R R R U R L D L L D D D D D R D U L U U U U U L U U U D D D L L D D D R R R R D D D D U U U R R R R R R U U U L L U L U D R D R R D D D D D D D D D D D D D D R R D R R D R R R R U U U U U U R U U R L D D L D D D D D D L L L L U L U U U U D D D D L U L L U U U U U U U U U U U U U R U U U R R R L L L D D D L D D R D R D R R R R R U U U R U U U U R U R R U R R L L U U U U U L L U U U L R D D D R R D 
54 67 4 160
788 981 678 458 
R L D L D D R D D R D D R D R D U L L L L L L L L U D L L L L L L D L R U R R R R R R R R R R R R R U L U U L U U L L L L L L L L L L D U R R R R R R R R R R D D D L D L L L D L L L L D D D L L L L L L D D R R R R D R R R R R R D D U U L L L L L L U L L L L U U R R R R R R U U U R R U D R R U R R R U R U U U L U U R U 
62 97 4 200
422 812 558 606 
R R D R D D D R R R R R R R R R D R L U L L L L D D D R R D R D R R D R R R R R R R R R R R D R D D D D D R R D R D D U U U U U U U R U R R U U U U U L L L L L U L L D U R R D R R R R R D D D D D L L D L D D D D D L U L L U U U U U L L D D L L D L D D U U R U R R U R R R R R R R L L L L L L L U R U L L L L L L L L L L L U L L U L U U U U U U U R R R L L U U U D D D L D D D D D D L L U U U L L L L 
46 24 5 200
114 336 2 153 218 
R U R U U R L U L L L L L R R D D D D D D D U U U U U U U R R R D U U U U L L U U U L U L R D R D D D R R D D D D D D L L L L L L L U U D D R R R R R R D L R U U R U U U U U U L U L U L U L L U U L L L U U U L L L U L U L U U U U U R R R U R R R R R R R R R R U R U D L D L L L L L L L L R R R R R U U R U U U U U U D D D D D D L D D L L L D D D R R D D D R D D D D U U U U L U U U L L U U U R R D U 
81 46 6 200
385 293 252 928 454 25 
R D U U U R U U R R U U D D L D U R L L D D L D L L L L L D L D D D D R L D D L D L W W W W W W W W W W W W W W W W W W W W W W W W W W W W W W W W W W W W W W W W W W W W W W W L R R U R U U U U U U R U R R R U U U U U U U L U U U U U U U U U L L L L L U L L L U L L L L L L L L U L L U L L L L L U U L L L U L U L L R R R U U U U U U D D D D D D L D R D R R R D D R R R R R D R R D R R R R R R R R 
35 7 2 72
403 512 
R R R L L L D D D D D D D U U U L L R R R D R R R R R R R U U R U R L D L D D L L L L L L L U U U U U U U U U U U D D D D D D D D D D L U U U U 
30 13 3 66
498 664 367 
L L L L L L U U L U U U L L D D D L L L R R D D D D D D U U L D L D D L L R R U U R U R U U U U R U U U R R D D D R D D R R R R R R 
32 56 6 200
754 259 803 670 492 196 
L D L D D D L D D D U U U U U U U U U R U R R R U U U U U U U U R R R U U U D D D D D D R D R R L L U D D W W W W W W W W W W W W W W W W W W W W W W W W W W W W W W W W W W W W W W W W W W W W W W W W W W W W D D R D D D D D R D D R D R R R R R U L U L L L L U U R R R R R R U U U D D D L L L L L L D D R R R R D R D L L L L L U L U U U D L U U U U U L U U U U L U U U L L L U L U L R D R D R L D D 
47 27 2 200
490 765 
L D W W W W W W W W W W W W W W W W W W W W W W W W W L L L U U U U L L U L U U U L L L W W W W W W W W W W W W W W W W W W W W W W W W W W W W W L D D D D D D D R D D D R D R D D D D L D L D L D L D D D D D D D D L D D D D D D D D L L L L L U L U L U U U L U U L U L L R R D R D D R D D D R D U U L L U U L L U U D D R R D D R R D D R D R R R R R U U U U U U U U R U U U U U U U U R U R U R U R U U 
93 35 7 200
33 46 654 624 577 716 589 
U U U U U U D L R R R R R R R U U U U U U U L L D D L L L D L L L L D D L L D D D D D L R U U U U U R R U R R L L U R R R R U R R R U U R R D D D D D D D L L L L L L L L L L L L L R R R R R R R U U R U U U U R R U U U U L U L U U L L D D D D L L D U R R U U U U R R D D R D R D D D D L L D D D D L D D D D D D D U U U U U U U U U R R U U R U U L U U U U U L U L L L U U D D R D D D D D R D D D U U U 
64 35 7 200
932 868 427 78 60 400 609 
L L L L D D D D D R R D D D R R U D L L U U U L L L D D L L L U U L U U U U L U D R D D D D R D D R R R U U R U U U R R R R L L L L U U U U U U U U U U U R U R R R R R R R D D R R D D D D D D D D D D R D D D R R R R R R D D D D U U U U L U U U U U U U U U U R U D L D D D D D D D D D D L L L L L U U U L U U U U U U U U U U L L U U L L L L L L L U U D D D R R R R R R R R R D D U U L L L L L L L L L 
27 44 3 200
242 428 650 
R R D R D R R D U U U U U U R U U R L U U U U U U U U U R U U U U U D D D D D L D D D D D D D L L L L L L U U U U U U U U U U R R U R U U U U R U U U U R R L L D D D D L D D D U U U R U U U R R U U D D L L D D D L D D D D L D L L D D D D D D D D D D R R R R R R U U U U U U U R U U U R L D D D L D D D D D D D L L L L L L U U U U U U U U R R U R R U U U U D D D D L L D L L D D D D D D D D R R R R R 
91 75 6 200
599 177 982 484 739 134 
R R R R R U U D D D D R R R L L L U L R U U U U R R U R U U U U L L L R R R U U U U U U U U U L U D R D D D D D L L L L L D D L D D U U R U U R R R R R D D D D D D D D D D D D U U U U L U U L U U U U U U U U U U U L U L U U D D D D D D D D D D D D L L D L L L L L L L L L U L U L L L L D D D L D D D D U U U U U U U U L L L R R R D D D D R U U U R R R R D R D R R R R R R R R R U R R U U U U U U U U 
29 25 4 46
880 55 314 791 
L L D D U U L L L D L D D D D L D U R U U U U R U U D R R R R D R D D D R D U L U U U L U R 
1 35 3 96
257 593 988 
R R D R R D U R R R R R U R L D L L D D D D D D U U U U U U L L L L U U U U U L U U L L U L U U R R R L L L D D R D D D U U R R D D R D D D D D R R R D D U U L L L L U L L U U U L U D R D D D 
11 55 8 148
479 930 113 41 905 706 952 772 
D R D U U R U R U U R U D R L L D D L D L D L L D U U U U U U L D D D U U L L U U U U L L L L L L W W W W W W W W W W W W W W W W W W W W W W L R R R R R R R D D D D R R U R D D D R R L L D L U L L R R U R U L L U L L U U U U U U L U L U L U U D D R D R D R D D D D D D R R D R R D L D D R D R U 
69 99 5 200
536 516 228 894 158 
R R R R D R R R R L L U D L L U L L L R R R D D D R D D U U L U L L L L L L L U L L L L L L U L L L L L L L L R R R R R R R R D R R R R R R D R R R R R R R U U L L L L L D W W W W W W W W W W W W W W W W W W W W W W W W W W W W W W W W W W W W W W W W W W W W W W W W W W W W W W W W W W W W W W W W W W W W W W W W W W W W W W W W W D L L L U U L L L D L D D R R D D D D R D D U U L U U U U L L U U 
17 36 3 200
256 128 144 
D U U L U U U L U U U U U D D R R R W R R R R R R R U U D D L L L L L L D D D D D D D L D L D D L L R R U U R U R U U U U U U U L L L L D D D R D D D R D D L L D D W W W W W W W W W W W W W W W W W W W W W W W W W W W W W W W W W W W W W W W W W W W W W W W W W W W W W W W W W W W W W W W W W W W W W W W W W W W W W W W W W W W W W W W W W W W W W W W W W W W W W W L L L L L L U L L R R D R R R R 
71 15 7 200
130 669 117 152 562 878 162 
U U L R R R R R R R R U R R U U U U R U R U U U L L U U U R U L L L U L L U U U U R L D D D D R R D R R R D L D D D R L U U U L D D L D D D L D L L L D U L L U U U L U U U D D D R D R R L U U U U R R L L L L L U U U L U U U U U U U U U L L L U L U D R D D D D D D R D D R D D D D D D D D D D L D D L L L L L L L D D D D D D D D D D D D L L D D L L D U R R U U R R U U U U U U U U R R R R R D D D U U 
92 22 6 200
415 193 445 885 290 671 
U R L U U U U L U R R R R R R R L L L L D D D D L D U R U U U U L L L D D L L R R D D D D D D L L D L L L W W W W W W W W W W W W W W W W W W W W W W W W W W W W W W W W W W W W W W W W W W W W W W W D D D L D L L D L L D L L L L L L L L L L D L D D L L L U U U U U U U R R L L D D D D D D D R R R U U R U R R R U D L L L D D L L D L L U U U U U U U U U U U L L L L L L R R R R R R D D D D D D D D D 
86 46 6 200
379 461 668 179 84 680 
L U U U R U U U U R U R U U U R R U D L L D D D L D L D D U U R U U R U R R U R R U W U U U U U U U L U L U L L L D D D R L U U U R R R D R D R D D D D D D D D L L D L L L L R R R U U U U U U U U L U L L L L L L L D D D D D D D D D U U U U U U U U U R R R R R R R D R D D D D D D D D R D R L U L U U U U U U U U L L L L L U L L L D D D D D D D D D D D R D D U U L U U U U U U U U U R R R R L L L L U 
53 38 3 200
590 544 989 
L L D D L L L L U U U U U U U U U L L L L R R R R D D D D D D D D D R R R R U U R R R U R R W W W W W W W W W W W W W W W W W W W W W W W W W W W W W W W W D U L L D L D D D D R D W W W W W W W W W W W W W W W W W W W W W W W W W W W W W W W W W W W W W W W W W W W W W W W W W W W W W W W W W W W W W W D D D D D D R R R D R R R R R R D D R R D L L L L L L D D D D D D D D L L L L L L L U D R R R R 
75 50 5 156
710 836 795 542 225 
R R R R R R R L L D D U U L L L L L U U U U U U U L L L L U U U U U U L U L U L L L R R R R R R R R R R R D R R D D D D D D D D D R L U U U U U U R R R R R R R L L L L L L L U U U L L U L L L L L L L L D R D R D D D D L R U U U L U L U L L L L L L L R R R R R R R D R D R D D D D D R R D D U U R R D D D D D D D 
54 72 8 150
806 775 733 936 491 176 462 247 
R R U R U R R R R U U U U L L L R R R D D D R L D D D D D D U U U U U L L L L L L L L L L D D D L D D D L D D L L D L L L L U U U U U U U R U U U D D D R R R D U L L L U U U U U D D D D D L D D D D D D D R R R R U R R U U R U U U R U U U R R R U U U U U U U D D D D D R R R L L L D D R R R D L D L L 
36 46 6 184
550 631 798 850 845 658 
D D D R D R R R D R D D D R R R R D D R D R R R R R R D D R D D D D R R D D D R R D D D D D D D D D R R L L D L R U U U U U U U U U U R R R R R R R R R L L L L L L L D D D R D D R L U U L U U U L L U U D D L L U L R U U L L U U U U L L L D D D D L D D D U U U R U U U U R R R D R D R D D R D U L U U L U L U L U U L L L L L L U L U U L L L L U U U L U L L L U L U U U 
38 54 7 187
837 520 698 828 776 746 68 
D L D D D D D L L D D D D D L D D D D D U U U L L L L L L L R R D D D D D R D R D D R D D R L U U L U U L U L U U U U U R R R R R U U U U U D D D R U U U U U R R U U U U U R U D D R D R R R W W W W W W W W W W W W W W W W W W W W W W W W W W W W W W W W W W W W W W W W W W W W W W W W W W W W W W W W W W W W W W W W W W W U U U L L R R U U U R L D D D D D D L L L U L U U 
14 77 3 200
478 303 295 
D L L L L L L L R R R R R D D D D D D D D R D D R D D D D D D L L L U U L U L U U L L L L L L L L L D D D D D R D R R D R D U L U L L U L U U U U U R R R R R R R R R D D R D R D D R R R U U U U L R D D D D D D D D D L L R R U U U U U U U U L R D D U U U U U L U U L U U U U U U U U R R R R D D D D D D D R D R R D W W W W R D D D D U U U U L U L L U L U U U U U U U L L L D D D D D D D D D U U U U U 
14 28 4 200
701 747 9 531 
R R R D R R L L U L L L L L U L D D U U L L W W W L D U R R R R D R R L L L W W W W W W W W W W W W W W W W W W W W W W W W W W W W W W W W W W W W W W W W W W W W W W W W W W W W W W W W W W W W W W W W W W W W W W W W W W W W W W W W W W W W W W W W W W W W W W W W W W W W W W W W W W W W W W W W W W W W W W W W W W W W W W W W W D L L L L L R R R U U U U U U U U D D D R R R R R D U L L L L L D 
40 18 4 200
405 421 927 618 
D D D D D D D D D D R R D D D D D D R L U L L L U U U U U U L U L R D R D D D D D D R D D U U R R U U U U R R R R R R R L L L L L L L U L L U U U U U U U U U U L D D L L D D L D D D D D R D D D D D D D R D D R R R R R R R R U U R R R U W W W W W W W W W W W W R R U U U U U U U U U R U U U R U U U U U U R R U R U R R R R R R R R R R U U D D L L L L L L L L L L D L D L L D D D D D D L D D D L D D D 
29 16 2 50
407 190 
U D R R D D D R L U U U L L L L L R R R U U R L L U L L L U L R D D D D D D U U U U U R R R D R D D 
75 49 8 197
351 123 18 79 693 219 974 291 
L U U L L U U U L L U L L L L L L L U L L L L L L L L L L U U L L L L D L L R R U R R R R D D R R R R R R D D D D L L U D R R U U U U R R R R D D D D D D D R D R R D R D R R R R R U D D D U U U R R R W W W U R U U U U U U U U U U L L L U D R R R D D D D D D D D D D L D L L L D D D U U L L L L L U L U L L U L U U U U U U R R R R R R R D R R D R R L L D D R R D D R R U U U U U U D D D D D D L 
3 23 5 150
808 163 396 390 996 
L L U R U U R L U L U L U U U R L D D R R L L U U U R L D D D D D D D D D D R R D D U U L L U U U U U U U U U R R R R R R R R R D R R R R D R R D D L L L L L L U U L L L L L L D U R R R R R R D D R R R R R R U U L L U L L U U U L R D D D L L L L L R R R U L L L L L L L L L D D D R D R D D D L D R R 
93 95 7 200
626 85 229 480 833 102 911 
L L L L L L L R R D D D U L R U U R R R R U U U D D D R D D D D R R R L L L U U U L L L L U U L L U U R R R R R R U R R R R R R D D D D D U U U U U L L L L L L L L L L R R R R D L L L L L L D D R R D D R R R R U R U R R R D D R D U L U U L L L D L L L L L L U L U U L L L L L L R R R R R D D L D D D D D D D L D L L L R R R U R U R R R R L D D D D L D L L L D D D D D D L L U U U U U L R D D D D D R 
1 43 4 200
543 399 514 475 
R R R R R R D D R D D D D R R R R D D D D D D L R U U U U U L L L L L L L R R R R R R R D D D R D U L U U U L L L L L L U U U U L U U L L L L L U U U U U U U U U U U U R U U R R R R D R R R D D D D U R R D R R R R R R D D D L D D D U L L L R R R U U R U U U L L L L L L U L L U U U L L L U L L L L U R R R R U U D D D D R D D D U U D D D R D R D R R D D R L U U L L U L U L U U U U L U U L L L L D D 
15 14 4 114
0 524 195 639 
L L L L L U L L L L U D D D D D L L L L D L L R R D D D D D D D L D U L U U U D D D R R U R R R R R R L L L L L L U U U U U U U R R R U U L U U U U U U D D D D D D R D D R U U R R R R R R R L L L L L L L U U R R R R D R R R R R 
24 56 5 194
848 847 444 497 270 
U U R L D L L L L U L L D L D D D D D D R R R D R L D D D L D L L R R U U L L L L D D L D D D D D U U U U U R U U R R R R D R R R D R D U L U L L U U U U L L L U L L L L L R R R R R D R R R D D L R U U U U U U U D D D D D L L L U U U U L L L R R R U U R U R U U U U U L U L L R R U R U R U R U U R R U R R L L D L L D D L D L D L D D R D D D D D D L L L L L U D R R R R R U R D R R R R D 
84 78 4 200
815 53 568 519 
L L D L D R D D D D D D D D R D D R D D D R R R D D L D R D R R R R R R D D R L U U L L L U D L L L U L U R U U L U U U U U U U R R U U D D L L D D D D D D D L L U U U L U U R R R R R R R D D U U L L L L L L L U U U U U U U U R U R R R R R R U U U U L L L L L L L L L L U U U U D D D D R R R R R R R R R R D D D D L L L L L L D L D U U R R R R U U R L D D L L L L D D D D D D D D D L U U U U U U U U 
7 52 4 158
5 570 150 760 
R R R R L L L L L L L D D D U U U L R U U U U D L L L L R R R D D L D D D D D D D D L R U U U U U U U U R L D D D D D D D D R R R U R L D L L L U U U U U U U U R U U R D D D R R R W W W W W W W W W W W W W W W W W W W W W W W W W W W W W W W W W W W W W W W W W W W W W W W W R R R D R R R R R D U L L L L L U L L L 
51 2 5 200
456 108 865 832 951 
R R R R R R R R R U U R R R U U U U R R U R L D L L D D D L L L L L L L L R U U U U U U U U U U D D D D D D D D D D R R R R R R R U U U U U U U R L D D D D D D D L L L L U U U U U U U U L U U U U L L L L U R R R R R R R L L L L L L L D R R D D D D D D D D D U U U U U U U U U R R D D D D R D D D D D D D D R R R R D L L L D D L L L L L L L L L L D D L L L R R R U U R R U U U U R U R U D L D L D D D 
75 77 4 200
518 573 886 920 
L U L L L U U L U U U L U U U U L U U R L L L L L U U U U L U U L D D D D D L R R L U U U U U R D D R D D D D R R R R D D R D R R R R R R R R D D D R R D R D D R R R R R R L L L L L L U U L U L L U U U L L L L L L L L D D D L L L L L L L L L L L L L L U L L L L L L L L R U D R R R R R R R D R R D D D D D U U U U U L L U L L L L L L L U L U U L L U L L L L R R R R D R R D D R D R R R R R R R D R R 
22 68 6 188
82 443 860 267 676 841 
L D D D D D D D D D D U U U U U U U R R R R R L L L L L L L L L R R R R U U R R R R R R R R L L L L L L L L D D D L D L D U R U R U U U D D D D D U U U U U U R D D L D D D D W W W W D R D R D R R D D D D D D L L D D L L D L L L U U L L L L L L U U U U U U U R R R D R L U L L L D D D D D D D R R R R R R D D R R R U R R U U R R U U U U U U L L U L U L U U U U U R R R L L U U 
99 65 3 130
719 306 238 
D D D D L D U L L L D D D D D L L D D U U R R U U U U U U D D D D D D L L L L D D L L D L D L D D D D D R R D R R L L U L L U U U U U R U R U R R U U R R U U U U U U R R R R U R U U D D L D L L L L D D D D D D R R U U U D D U U U U R R R R U U U U U U U D D D 
24 97 7 200
283 393 736 939 449 277 503 
L L D D D D D D D L D D D L R U R L U L L L L L L L D L R U U U U D D D R D D D D R R L L D L L L L D D D L D L D D D D D U U L L L R R R U U U U U U D D D R U U U U L U U U L U L U D D D D D L D D D L D U R U U U R U U U U U U D D D D D D L U U L U U U U U U L L R R D D D D D D R D D R U U U U R D R D D D R D D D R U U U R U U U U U U U U D D D D D D D D R R R U U U U U R R R R R R U R U U U U U 
68 82 4 170
404 580 547 931 
U U D D L L L D D D D D D D L D D L R U U R U U U U U U R R R R L D D D D D D D D D D L U U U U U U U U L L U L L L L L R D D D D D D D D D D U U U U U U U U U U R R R R D R R D D D D D D D D R U U R U R R R R R U D L L L L L D L L D L L L L L L L D L L L D D D D D U U U U U R R R U R R R U U D D R R R R U R U U U U U U U U L L L U R R R 
79 14 3 46
185 265 849 
R R R R R D U U R R R R R R R R R D U L L L R R U R R R L L L D L L L L L L L L D L L L L L 
47 93 6 184
137 662 141 946 23 799 
R D D U U R U U R R R R R R R R R U R R R D D L D L D D L D D D L L L L D D D D L L L D D D D D D L D D D D L D D D L D D D L L L D D U U R R U U U D D D R U R L U U R U U U R U U U U U U U U U U U D D D D D D D R U U U U U U R R R U U U U R R R R U U R R R L L L D D L L L L R R R R U U U R U U R R R R L L L U R U U L L L U U U L R D D D D L L L L L L L L L D D L L 
68 11 4 154
823 413 139 106 
U U U R U U R U W W W W W W W W W W W W W W W W W W W W U U U U U U U L U U L L U L U U U L U U L U D R D R R R U U U U U U U U U U U D D D L L R R R R R R R U U R U U D D L D D L L L L L D D D D D D D D L L L D L L D D L D L D L L U D R R U R U R U U R R R D D D R D R R D D R D D D D D D D D L D D L D D D 
56 31 5 174
594 557 309 474 874 
U D R D D R R D U L U U U U U U U U U U U U U U U U U R U U U U L L L L U U U L U U L L L L L L L L D L U L L L L L U L L L L D D L R U U R R R R D R R R R R D R U R R R R R R R R D D R D D R L D R R R D D D L D L L D D D L L L D L D L L R R U R U R R R U U U R R U R U U U L L L D U R R U D R R D D D D L D D D D D D D D D D D D D D D D D L U U L 
32 21 4 155
146 93 469 89 
R R U U R R R R U U U U U U D D D D D D L L L L D D L L D D L D D D D D U U U U U R U U R R R U R R R L L L D L L U U R U U U U R U U U U U U W W W U W W W W W W W W W W W W W W W W W W W W W W W W W W W W W W L U U R R R R R R D R R D R D D D U U U L U L L U L L L L L L D D R D D D D D D D L D D D D L D D L 
20 22 4 200
384 424 530 711 
U U U U U U U U U U U R R U U U R U U R U U D D R R R D D R D R R L L U L U U L L L U U U L L D D U U R R D D D L D D L D D D L D D D D D R R R L L L U U U U U L D D L R D D D D D L R U U U L L U U U U L U L R R U U R R R R R D D D D R D R R D R R R R U U U U U U U U U U U L U L D D D U U U R D R D D D D D D D D D D D L L L L U L L U U U U U U U U U L R D D D D D D D D L U U U U L L L L L D D L D 
71 7 4 200
529 941 881 661 
L D D D L U U U U L U D R R R R R D R R R R D D D U U U L L U U L U U L R D D R D D L L L R U U R L D L L L L D D D D R U U U R L L D D D D D L L L L L L L L D L L D L L L L L L L L L W W W W W W W W W W W U U U R R U R R R U U U R U R L D L D D D L L L D L L D D D R R R R R R R R R R R R L L L U R R U U W W W W W W W U L L D L R D D R R D R R L L U L L U U U R R D D R R R R R R R R U U U U U R R 
62 6 3 146
630 977 992 
U U L U U U R U U U U U U U L R D R R R R R R R U R R L L D L L D D D D D D D L R R R R U U U R R R U U L U D R D D L L L D D D L L L U U U U U U U L U D D R D D D D D D R R R L L L U U U U U U L U L L L L D D D D D D L D U U U U R R U R U U R U U R U D L D D L D D L D L L D D D D D D R D D 
43 9 4 180
744 757 237 809 
D D U U R R R R R R R R R R R R R D D D D R L U U U U L L L L L L U U D D D D D D D D D D R R R R R D R R R R R R R R U D L L L L L L L L U L L L L L U U U U U L D D L D L L L D D D L L R R R R R U R R R L L L D L L L U U U L U U U U L L U L L U L R D R R D R R D R R R R L L L L D D D R D U R R R U R U U R U U U L L L U U U U U U R R L L D D D D D D L L L L 
87 34 6 200
360 319 42 115 919 807 
D D D D D U R R R R R L L D D U U R R R R U U R U U R U R R R L L L L U L U U D D D D L L L U U U L L L L L U D R R R R R D D D R R R U U R D R D L D D L D D L L L L L L L U U U U U U U U U U L D D D D D D D L U U L U U U U U U L U U U R R R R U U U U U D D D D D L L L L D D D D D D D D D D D L L D L L U U U U U L U U L U U U L U U U U R U U U U U U U U U R U U L L U L L L L D D D D D R R U U D D 
57 93 1 28
104 
L L L L U L L L D D D D L L R R U U U U R R R D R R R R 
78 62 5 200
184 677 597 183 761 
R R R R R R R R L L L L L L L L D D D D D L U U L L L L R R R R D D R U U U U U R R R U U U R R L L D D D L L L D D D D D D D D D D D D L D D L L L L L L L D L D D U U L U U L L U D R R D D R R U R R R R R R R U U R U U U U U U U U U U U U L L L L L U L L W W W W W W L L U L L L L L L L L L L U L L U W W W W W W W W W W W W W W W W W W W W W W W W W W W W W W W W W U U R R R U R R D R R L L U L L 
84 34 6 200
502 264 485 327 998 313 
D D D D R R D D R R D D D R D D R D D R R R R R R R R U U U D D D L L L L L L L L L R U U L U U L U U U L L U U L L L L L L L L R R R R U U U U U U U U U L U U U U D D D D R D D D D D D D L L L L L L U L U L L L R R R D R D R R R R R R D D R R U U R R R U R U U R U D L D D L D L L L D L L L L L L L D D L D D L L D R L U R R U U R U U R R R R R R R U U D L D L L L L L L L L L L U U U L U U D D R D 
33 16 4 200
107 696 332 534 
D D D D L D D D D D D D D D D D D U L L L L R R R R R L U U U U U U U U L L L L L L L L L L D D L D D L R R D D D D L L L L L L L L L L L L L U L R D R R R R R D U L U U U U U U U U U U L L U L R D R R D D D D D D D D D R R R R R U R U U U D D D L D L L L L L L L L L L U U L L U U L U L U U D D R D R R R R R R D D R R D U L L U U L L L L L U L U L L U D R R D R D D D R R D D R R R R R D R R R R R 
66 33 4 200
129 983 949 785 
R L L U U U L U U L L U U U U U U D D D D D D R R D D R D D D W W W W W W W W W W W W W W W W W W W W W D L L D L L L D L D D L L L U U L U U R U U U U U U D D D D D D L D D R D D R R R U U U U U U D R R R R R U R U U U L U L R D R D D D L D L L L L L D D D R U R R R U R R U R L L D D L L L L D L D D L L L L U U U U R U U U U U U U U U U U R R U U D D L L D D D D D D D D D D D L D D D D R R R R U 
96 15 5 124
830 642 811 29 640 
U U U U L L U U L L R R D D R R R L D D D D D D L L L L U L L D L L L L L L L R R R R R R R D D D D D R D D R R R R D R R D D D D D U U U U U L L U L L L L U U L U U U L L R R U U U R R U U D D L L D L D D D D R D U L U U U U R U R R D R R R R U U 
48 63 5 200
127 587 882 98 132 
R R R R R D L D L L L L L D U L L L L U U U L L L U U U U U U U U L L L U L U L R D R D R R R D D D D D D D D D D U U L U U L R D D R R R R R R R R R R R R U U U U R R R R D D D D D D D R R D D D D D D D D D R R R D D R L U U L U U U U U L U U U U U U U U L R D D D D D D D D R D D D D D L L U U U U U U L L L L L R R R R R U U U L L U U U U U U U L L L L D D D L R D R R R D D D L D D U U R U U U L 
94 68 5 199
925 864 361 468 903 
U R R U U U L L U U L L L D D D D D L D L L L L L R R R R R U R U R L U L L L D L L D U R R U R R R U U U R R R D D R R D D D L L D D D D D L D W W L D D D D D D D D R R R R U U U U U W W W W W W W W W W W W W W W W W W W W W W W L R U U U U U U U U R R U L L L L L L D U R R R R R R D L L D D D D D D D D D D D D D L L L L U U R R R D D D R D D D D U U U U L U U U L L L U U U U U U R U R U U U U 
99 5 4 200
77 356 169 717 
U L U U U U U U U U U U U U D D D D L L R R D D D D D L R U U U U U U U U U U U L L L R R U D D L D L L R R U R U R U U U U U U U L L U L L L L L L L D D D L L R R U U U R R R R R R R U U U U U U U U U U U U U U U U U R U U R R U D L D D D D D D D D D D D D D D R L U U U U U U U U U U U U U U L D D L D D D D D D D D D D D D D D D D D D L L D D L D U U U U U U L U U U U L U U U U U U U U L R D D D 
52 31 5 186
226 971 75 877 48 
D L D D D D D D D D D D D D D D D D D L L L L L D D D L U U U L U U U U L L L U U U D D D R R R D D D R R R L L L D R U R U R U U U R U U U L U U L L U L R D D U R R D D R D D D L D D D L D L D D D L L L L L L L U D R R R R R R R D R R R R L L L U U U R R R R R U U U U U U U U U U U U U U R R R R R R R L L L L L L L L D D D D L L D D L L R R U U R R U U U U R U U U R U 
14 3 5 200
674 450 487 851 980 
R D D U U U U U U U U U L U U R R U U U U U U L L L L L L L L U U U U U U U U L L R R R U U R L D D L D D D D D D D D R R R R R R L L U L U U L U L L U L L L L D L L L L R R R R U R R R R D D D D U U U U U U U L L U L R U R L D D R R D D D D D D L L D L L D D D D D D D R R D R L U L L U U U U U L R U U R R U R R U U R R U U U U R U D L D D D D D L D L L L L D U R R R R U R R D D R D R R R R D D D 
45 15 3 106
37 813 600 
D U U U U U U L U U L L L U L U U U U U U L U U U U L L D D D D D D D L L L D D L L L L R R R R U U R R R U U U U U U U R R D D D D R D D D D D D R D D D D D D D D D D D U U U U U U U U U U R R R D D R D D D D D 
34 91 5 200
481 866 715 330 793 
R R R R U U U U L L U D L L L L L D D L D L L U U U U D D L R D D R R U R U U R R R R R R R D D D D R D D D D D D D U U U U U U U L L L L U U U L L L L R R R R D D D L R W W W W W W W W W W W W W W W W W W W W D W W W W W W W D R R W W W W W W W W W W W W W W W W W W W W W W W W D D D D D D L D D D D L R R D R D D D D D D D D D D W W W W W W W W L L L L U L U U D D R D R R R R U U U U U U U U U U 
16 96 4 200
797 935 961 879 
L D D D D U U U U R U R R R R R U R R R R R R R R D D D D D U L L D L L L D R R R R R R D R D U L U L L L L L L U R R R U R R U U U U L L L L L L R R R R R R D R R R D R D R R R R D D D D D L L L L U U D D R R R R U U U U U L L L L U L U L L L U L L L L L L L L D L L L L L D L D D L L D D U R R R R R R D R R U U U U U U R R R R D D U U R R R R U R R R L D D D D D D D D R L U U U U U R R R L L L U 
83 91 3 200
960 773 955 
L U L U U L L L L L L L L L U D R R R R R R R R R D D R D D L L L L D L L D U L L U L U U L R D R R R R R R U D L L U D L L L L R R R R R R U U R U U U L L L L L L L L L L L L U L L U L L L L L L L L L L L L L L L L L L L L L L L L L U L L L L L L L L L L R R R R R R R R R R D R R R R R R R R R R R R R R R R R R R R R R R R R D R R D R R R R R R R R R R R R D D D L D D L L L L L L D R D R R R R U 
44 83 8 200
47 401 820 417 822 216 604 610 
D D D L L L L D D D D R R R D D U U L L L U U U U L R R R R U U U U U U U U U U U U U U U U D D D D D D D D D D D D D D D L L R R U U U U U R R U U D D L L L U L L U U U L R D D D R D D D D D D L D D D D D D D D D D D D D D D D D D D D L D U R U U U U U U U U U U U U U U U U R R R R R R R R R R L L D D D D D D D D D L D D L L U L L L L L L R R R R R R D R R U U R U U U U U U U U U L L L L L L L L 
21 2 7 200
386 924 720 770 364 222 83 
U U U L U U D D R R R L L D L L U U U U U U U U U L R D D D D R U R U R R U R R R R R R R R U U U U U U U U U U L U U U U L L L D D D D D D U U U U U U R R R D D D D R D D D D D D D D D D L L L L L L L L D L L D L D L D D D D D R R D D U L U U U U U U U U U U R U R R U R R U U U R U U R U R U U U U U U R U U R R U U L L L L U U L U U U R R R R R U R R U U R U U U U D D D D L D D L L D L L L L L D 
94 97 5 200
560 51 734 466 613 
D D D D D R R R R D D D D D D L R U U U U U U L L R D D D D D D D U U U U U U U L L L U U U U L L L L D U R R R R U U R R R L D D D D D D D D D D U U D U U U U U U U U U L L U L L L L L L L R R R R R R R D D R D R L U L L L L L L U U D D R R R R R D R D R D R D R D D D D D D R D D D D D D D D D D D D D D D D L L D L L L L L L D D D D D D D D D L D D D D D D D D D D D L D D D D L D U R U U U U R U 
81 28 6 200
917 355 780 347 995 933 
L U D R R R R R D D D L D D D R D D R R D L R U L L U U L U U U R D L D D D D D D L D L D L D U R U R U R U U U U U U R R R R R L L L U U U R U U R R R R R R R R R U U U D D D L L L L L L L L L D D L D D D L L D D D D D D D D L L D L R U R R U U U U U U U U R U U U U L L L L U U L L L D D L D D L L L D D R L U U R R R D U U U R U U R R R D D D R R D D D D D D D D L D D D L L L L D D L R U U R R R 
39 44 3 170
888 638 7 
U R R R U U U R R U U U U L L L L L U U U U U U U U L R R R L U U D D L D D D D D L L R R D D D R R R R R D D D D L L D D D R R L L U U U R R R U R U U D R R R R R U U U U L U R R R R D R R L L U L L L L D R D D D D L L L L L D L D L L L D D D R D D R R D R D D D R R R D R D R D R L U L U L U L L L U U U U U U D D D L U L L U U L L L L D 
22 73 5 190
3 712 335 749 376 
L L L D D D D L R U U U U U U U U U D D D R L U D D D L D L L D R R R R R R R R R R L L L U D L L L L L D D D U U U R R R R R R R R U R L D D D U L L L L L L D D D D D D D D D R D U L U U U U U U U U U R R R R R R U L L L L L L L L L L U R R U U U U U U U L L L L L D L L L D D D D D D D D D D D D D D R D D U U L U U U U U U U U U U U U U U R R R U R R R R R D D D D D D R R R R 
32 77 10 200
731 429 986 781 227 567 964 52 891 457 
R U R R R U U L R D D D D R R U U U R L D D D L L L L D D D L L L D D U U L L L L U L L U U L U U R U R R R R L L L L L L U L L L L U L L L L L L L D D L L L L U U U U U D D D D D D D L L L R D D L L L D D L D D L L R D R R R R R R R L L L U D L L L L D D D L D D D U U U R U U U U R R R L L U U R U U R R R U U R R U U R R R R U U R R R R R R R D R R R R D R R D L D D R D D R R D R R R R R R R U U 
64 14 4 200
170 591 416 236 
L D U R D R D D D W W W W W W W W W W W W W W D R R R R R R U R U U R R R R R R R R R R R R U R R R L D D D D D D D D D D R R R R D R R R R R R U U U U U U U U U U R U U U U L U L L L L L L U L L L L R R R R U R R R R U U R U U U U D D D D L D D L L L L D L L R R R R U U U R U U R R U U D D L L D D L D D D L L D L L D D L R U U R R R R R U U R L D D D D D D R R U D L L U U U U U U L L R R D D R R 
84 75 4 200
835 197 985 397 
R U R R R R R R R R R R U U U R R U U U L L U L U R R R R U U U U U U U U U R U U D D L D D D D D D D D D L L L U U D D L D R D R R D D R L D L L D D L L L L U L R D R R R R D L L L L L D D R R R D D L L L R R R R R R R R R D D U U L L L L L L U U L L L U U L L L L L D L R U R R R R R R U U U U U W W W W L L L L L L L L L D L D L D U R U R U R R R R R R R R R D D D D D L D D D D D D D D L R U U U 
81 75 5 194
224 299 768 665 471 
D D D D D D D L D D D D D L L L L U L U L U L L U U U U L L R R D R R R R L L L L D D D R R D R D R D R R R R U U U U R D D D D R R L L U U U U L U R U U U U U U U D D D D D D D L L D D D D D D D D D D D D D D R D R L U L U U U U U U U U U U U U L L L L L L L L L L L L L L L U U U R R R U R U R R R R U U D D L L L L D L D L L L D D D R R R R R R R R R R R R R R R U U R R U U U U U U U 
34 83 3 200
875 489 728 
R D D R R D D D D R D D U U L U U U U L L U L L R R U R L L D L L L L U L L L L L U U D D R R R R R D R R R R R L L L L L D L L L L L L L L L L U L R R R R R U R R R U D L L L D L L L L D R R R R R R R R R R U R R R R U D L L L L U L L L L L L L L L L L L L L L L W W W W W W W W W W W W W W W W W W W W W W W W W W W W W W W W W W W W W W W W W W W W W W W W W U U U U U D D D D D R R R D D D D U U 
93 52 5 196
842 302 907 643 99 
R R R D U U U U U U U U U D D D D D D D D L L L D D D D D D L D L L L L L L L D D D L D D D D D D D R D D R D U U U R R R R D U L L L L U U U U L U U R R R R U U R R U D L L D D L L L L D D R D D D D D D L U U L U U U U U U U R U U U R R R R R R R D L L D L D L R U U U U U U U U U R U U R U R R R R D D R R L L U U L L L L D L D D L D D D D D D D D D D D D U U U U R U R R U U R U U U U U U 
65 67 5 200
647 300 486 495 58 
R R R R U R L D L L L L D D L D L D D U U R U R U U U R U U D D R R R U U R R R R R R R R D D U U U U U U U U R R U R U R U R R R R D D L L D D D D R L U U U U R R U U R R R R R R U U R U U D D L D D L L L L L L L L L L U U U U U D D D D D R R R R R R R D R L U L L L L L L L D L D L D L L D L L L L U D R R R U U U U U U U U U L L U U R R R R R R R U D L L L L L L L D D R R D D D D D D D D D R D D 
44 46 7 188
426 656 898 198 506 207 526 
R U R R R R R R R R R R D R R U R R L U U L L L L U L U U U U L L D D D U U U R R D D D D R D R R R R D D L D L L D D L R U U R R L L U L L L L L L L D D D L D D D D L D U R U U U U R U U U R R R R R R R U R U R L D L D L L L L L L L D D L D D U U R U U R R R U U R R U R U R R L L D L D D D D D D D D D D R D D D D D R L U U U U U L U U U U U U U U U L L D D L L L L L L D L 
60 95 5 200
304 956 394 655 321 
L D L D D L L D L L L L D R R D L L L L L L L U U U L U U U U U L U U R R R R R R R R R R L L L L D D D U U U L L L L L L D L L L L R R R R D R D D D D D R R R R R R L L L L L D D D L D D U U L L L U L L U U U U U L U L L L L R R R R D R D D D D D R R R U U U U U L U U D D R D D D D D L D R R R R R R R R R L L L L L L L L L L U L U U U U U L L U L L L R D D D L D U R U U U R R D R R D D D D D R D 
63 82 7 200
441 268 897 371 72 189 248 
L L L D L L D D D D D U U U R R R R R L L L L L U U L L U L L L L U D R R R U U U U R R R U D L L L D D D D L D U R R R R R U U U R R U D L L D L R D D L L L D R R R D D D D L L L U U U U U L L L D D D D L D D L L D D L D D D D D D D D L D L L L L L L D D D D D D D D R R R L L L U U U U U U U U L L L L R R R R D D D D D D R D R R R D R D D D D D D D D R R L L U U U U U U R L U U L U L L L U L U U 
3 46 5 117
96 465 30 165 310 
R U R R R R R U U U L U U U L U L L U U U U U U U U L L L U U L R D D R R R D D D L R D D R R R L L L D L L L U U L W W W W W W W W W U D R D D R R R D D R R D R D D D R R R R R R R R R R R D U L L L L L L L L L L D D D L L L L L D L 
17 59 6 150
861 942 440 333 493 777 
R U U U R R U U D D L L L L L U U U U U U U U U U U U U U U U L L L L L L R D D D D D D D D D D D D D D R D R D R D U L U L U L U U U U U U U L L L L L L R R R R R R D D D D D D D D D R R L L U U U U U U U U L L L L L R R R R R U U U U U U U U R R R R R D D D D D D D D D D D D D D D D R R R D D D L 
79 98 7 200
659 125 575 380 26 873 611 
L D R R R R R R D D D D D D D R R R R R R R D D R R L L U L L L D D D U L R U U R R R R L U L L L L L L U U U U R R D R R D R R R R R D D D D D U U U U U L L L L L U L L U L L D D D D L U R D R R R R R R R R D D D D D D L L L D L L L L L R R R R R U R R R U U U U U U L L L L U U U D D D L L L L U L U L L L R R R U U U U U L L L L L L L L L W W W W W D R R R R R D D R R R R D D D D D D D R D R L U 
10 85 7 200
434 559 528 320 341 831 576 
L L L L L D U R R R R R U R L U U U U U U U U U U L L L L L D L L L L D D D U U U R R R R U U U U D D R R L L D R R D D D D D L D L D U R U R U U U U U R R R R U U R R R R R R R U R R L L L L L L L L L R R R R R R R D L L L L D D D U U U L L L D D L D D D L L L L L L D L R U R R R U U U U L L R R D D D D R R R D D D D D D D U U U U U U U L U L U L U L L L U L L L L D D D D U U U U R R R R D R R R 
