100
92 35 3 200
193 646 810 
D D D D L D D D R R R R R R R L L L L L L L U U U R U U U U U R L D D D D L D W W W W W W W W W W W W W W W W W W W W W W W W W W W W W W W W W W W W W W W W W W W W W W W W W W W W W W W W W W W W W W W W W W W W W W W W W W W W W W W W W W W W W W W W W W W W W W W W W W W W W W W W W W W L R U R U U R R R R R U U U U L L L L L L L L L D L D L D D D D D D R D D D D D R R R R R R D D R L D D L L 
9 51 3 200
5 402 470 
U R R L L D L L L D L L D U U U L R U U U U D D D D D D L D L D D D D D R R R D R D L L L L L D D D D D R R L L U U U U U R R R R R U L U L L L U U U U U R U R R R U R R R W W W W W W W W W W W W U R R R R U R U U R U U R U U U R U U L L U L L U U U L R D D D R R D R R D D L D L L L L L L L L L W W W W W W W L L L L L U U U D D D R R R R R R R R R R R R R R U R U U U U U U U U U U U U R R U D L L 
52 79 7 200
268 304 894 104 507 955 655 
U U U U U U U U U U U D R R L L U U U L L U L U U U U L L U L L U R R R R R R R R R R L L L L D D D U U U R D D D D D U U U U U L L L L L L L D R R D R D D D D D D D R R D D D D D D L L L D L L D L L R R U R R U R R R U U U U U U L L U U U U U U U L L L L L L L L L L L L L U L L L U L R D R R R D R R R R R R R R R R R R R R D D D D R D R R D D D L L U U L L U U U L L L L L L U U L L L L L L R R R 
17 19 7 180
664 770 364 0 639 473 159 
D D D D R R D D D D D D R L U U U U L R D D D D U U U U U U L L L L L L L L L L L L L D D L L U U U U U U D D D D D D R R R R R R R R R L D D D U U U L L L L L L U U R R R U U U U D D D D R R R R R R R R U U U R R R R R R R R R U U U R U D L D D D L L L D D D D D D D U U U U U L R U U L U D L L L L L L L L L D D D D D D D D D D U U U U U U U U U U R R R R U 
50 67 8 200
141 788 806 936 426 678 746 153 
U U L R D R R R R R D U U U U R R U U U R U U U U D D D D L D D D L D D D D D D D D D D D D D R D D D D D R D D D D D D R L U U L L D L L L U U U U U U L R D D D D D D R R R U R R U U U U L U U U U U L U U U L L L L L L D L R D D D D D D W W W W W W W W W W L L L L L U L L L U U U D D D L L D U R R R U U D D R R D R R D D D R D R L U L U U U L L L L L D D D D D L D L R U R U U U U U R R R R U U D 
40 30 3 200
590 73 98 
U U U R U U R U R R R R R U U U U U U U U U L L L L R R R R D D D D D D D D D D U L L U U U U U U U U L R D D D D D D D D R R R R R U U L R D D L L L L D D D D D D U U U U U R R R R R R R U U R U U U U R U U U U U U U U U U U U U U U U U R U R U U D D D D D D D D R R R D R D D U U L U L L L U U U U U U R U U U U U L U D R D D D D D L L D L L L L R R R D D D D D D D D D D D D D D D D D L D D D D L 
82 42 6 200
385 907 115 454 609 60 
U U U D D D R R D D D D D D D R D D D R R U R U R R L L U U U L U L R D R D D D D L D L L U U U L U U U L L L L L L L L D L L U U L L L L W W W W W W W W W W W W W W W W W W W W W W W W W W W W W W W W W W W W W W W W W W W W W W W W W W W W W W W W W W W W W W W L U U U U U U U L L L L L U L L L R R R D R R R R R D D D D R R R R D R R R R L L L L U L L L L D D D R D D U U R R R R D D R R U R R R 
3 46 7 196
96 543 899 30 952 760 150 
R R R R U D D D D D D R R R D U U U U U U U U U U U U L L U L L U L U U U L U L L U U U U U U L R D D D D D D R R D R D D R R R R R L L L U U U U R U R R D D U U L L D L D D D D L L D R D R R D R R D D R R R R R L L L L L D D D D D D D D D L L L U U U U L L L L L L R R R R R R D D R R R U U U U U U U L L U L L L U U U U L L D D U U R R D D D D R R R D R R D D D D D D D L L L U U U L L L L 
65 67 8 180
748 206 79 974 80 628 693 219 
L L D D D D D D D D D L L L L U U U U U U U U D D D D D D D D D D R R R R D D D U R R R R R R R R R D D D D R D D L D D D D U U U U R U U L U U U U L L L L L L L U U U D D D L L U U L L L L U U R R R R U U D D D D R D D D D R D U U R U U U R R U R R U U U R L D D D L L D L L D D D L D L L L L L L L D U U L R D R R R R R R U U U U L U U U U U U U U U U U R R 
44 66 4 200
557 458 18 28 
D D D D D D D D D D D R D U L L L L L L L L L D L R U R R R R R R R R U U U U U U U U D D D D R R R R R D R D D D D D D D U U U U U U U L U L U D L D D R D R D D L W W W W W W W W W W W W W W W W W W W W W W W W L L L L L U L U L U L R D R D R D R R R R R R U U L U L U U L L L U U U L L L L L L L L L U U U L L U L L L L D L D L D L L D U R R U R U R U R R R R D U L L L U L U L L L R R R D R D R R 
46 67 5 170
462 176 820 282 662 
R U U U U R R R R R U R U U L L L L L D L L U L L U L U L L R R D R D R R D R R U R R R R R U U U U U U U U U U U R U U U U U U U U L L L R R R U R R R R U U R U U R R R U R R L L D L L L D D L D D L L D D D R R D U L L U U U L L D D D D D D D D D L D D D D D D D L L L R R R D D D D D D L D L L L L L D D D D L D L R U U U R U U D D L D D 
60 27 6 200
868 798 427 290 671 75 
R R R L D U R U R D D R D D D D D R D D D D R R R R R R D R R D D U U L L U L L L L L L U U U U L L L L L R R R R U U U U U L U U L D L L L R R R R R W W W W W W W W W W W W W W W W W R R D W W W W W W W W W W W W W W W W W W W W W W W W W W W W W W W W W W W W W W W W W W W W W W W W W W R D D L L L L L D L L L L L L D D D L D L L L D L W L L L L U U L L L U U D D D D D D L D D D D L L L L L L R 
23 39 2 200
384 112 
D D D U U U R U D R R R R R D R D D D U U U L U L L L L L L U U D D L R L U U R R U R U R R R R U R R R R R D D D D W W W W W W W W W W W W W W W W W W W W W W W W W W W W L D D D L D D D R D R R R R D D D D D D D D D D D D D D D D D D D D D L D D D D L L D D L L L D D D D D L L L L L L L L L L L L L L L L U U U L L L L U U L U U L L U U U L L U U L L L U L L R R D R R R D D R R D D D D D D U U U 
43 53 7 200
68 656 898 492 837 7 729 
L R R R R R R R R R D D U U L L L L L U U U U U U D D D D D L L L L L L L U U D D D L R U R R R R R R R D D D D R D D R R R U U U U U R U U R U R U U U U U R R D D D D D D D R L U U U U U U U L L D D D D D L D L D D D D D D D D D D D D D D D D R D D D L L L L L U U U U U U U L U U D D R D D D D D D D R R R R R U U U L U U U U U U U U D D L L L L L L L L L L L R R R D U R R R R R R R R U U U U U U 
79 26 3 98
917 360 313 
U U U R R R D D R R R U U R R L L D D L L D D D L L L L L L U L U L R D R D R R R R R R U U U U U U U U U R L L U U L L U L L L L L L L L R R R R R R R R D R R D D R D D D D D D L U U L L L D D D 
78 62 9 200
184 597 795 680 361 125 575 911 886 
R R L L D D D D L D R D D R R L U R U R U R U U U R R R R L L L L D D D L D D U R U U U R R U U U R U U U U U R U L L L L U U L U L L L L U U U R U R R U U U U U U U U U U U U U U U R U U U U R U R U D L D D D D D D R D R R R R R R R R D R R L L U L L L L L L L L U L U U U U U L D D D D L D D D D D D D D D D D D R R L U U U U U D D D D R R R R R L L L L L D L D D D L L D L D D D R R R R D R D D R 
46 24 3 200
114 927 631 
R R U U U R L U L L L L L R R D D D D D D D U U R R R R R R R U U R R U U R U R U R R D D D R D D D D D D R R R D R R R R U U U U U U D D D D D D L L L L U L L L U U U U U U L L L D D L L L D D D D L D L D L D D L D D L L D D D D D R R R R R R U U U U R U U R R R U R U R L D L L R D L L L D D L D D D D L L L L L L U U U U U R R U U R U U R U R U R U U U U R R R U U R R R R R R R R R R L L L L L L 
99 39 5 200
654 624 33 46 653 
U U U L L L L L L D L D U R U R R R R R R W W W W W W W W W W W W W W W W W W W W W W W W W W W W W W W W W W W W W W W W W W W W W W W W W W W W W W W W W W W W W W W W W W W W W W W W W W U U L L L L L L L L L L L L L L L L L L D D D D L L L L L L L L L L L L D U R U U U U U U U U U U U U D D D D R L D D D D D D D D R R R R R D D U U R R R R R R U U U U R R R R R R R R R R R R R R R R R R D D D 
43 20 3 166
405 278 237 
D D D D D R D D D D D D D D D D D D D L L L U U U U U U L U L L L U D R R R D R D D D D D D R R L L L L L L U U L U U L L U U U U R U U D D L D D D D R R D D R D D R R R R R R R U U U U R R R R R L L L L L D D D R W W W W D D D L L R R R R R R U R R L L D L L L L U U U L U U U U U L L L L L U D R R R R R U U U U U U U L U U U U U 
67 99 6 200
536 516 883 773 606 542 
R D R R R R R R R R R L L U D L L L L L L L D D L L L L L L L D D L D L D L R U R U R U U R R R R R R R R R R R R R R R R R R D D D D U L L D L L L L D U R R R R U R R U U R L U L L L L L L U U U D D D L D D D D D D R D D D D D D D D D D D D D D D D D D L D L D D L D D D D D D D L D D R D U L U U U L U L U L U U U L L L L D D D D U U U U R R R R D D D R D R D R D R U U U U U U U R U U R U R U U U 
87 12 3 200
811 840 67 
R U R R U R R U U U R R U U U U R U U R R R R U U U U U U U U U U U L L R R D D D D D D D L L L L L L L L L U U U U U U R U U U U U U L U L U U U U U U U U U D D D D D D R R R R R R R R R R L L L L L D D D R R D R R D R D D D U U U L U L L U L L U U U L L L L L D D D R D R D D D D D D L D D D D D R R R R L L L L U U L U U L U U U R R R U R R R R R U D L L L L L D L L L D D D R D D R D D D R R R R 
16 61 7 186
440 861 942 688 303 860 295 
L U R R R R U R U D D R R L L D L D L L L L L L D L L L L L L D L L L D U R R R U R R R R R R U U U U U D D D D L D D D D D U U U U U R U U U D D R L D R R R R R R U R U U L D U R U U U U R L D D D D L D L L L L D L L L W W W W W W W W W W W W W W W W W W W W W W W W W W W W W W W W W W L U U U U U U U R U R U U U U U U D D D D D D D D U U L D L D D D D D D D R R R R R 
58 1 3 200
456 162 149 
U R U R U R U R R U R R U U R U D L D D L L D L L D L D L D L D U W W W W W W W W U U U U L L U D R R D D D D D W W W W W W W W W W W W W W W W W W W W W W W W W W W L W W W W W W W W W W W W W W W W W W W W W W W W W W W W W W W W W W W W D L L L U U U U U U U U U U U R U R U U R R R R R R U R R R L L L D L L L L L L D D L D L D D D D D D D D D D D R R R R L U R U U U U U U R R R R R U R U U R R 
86 59 6 200
677 53 568 179 839 238 
U U U D D D R R R R R R R D D R L U U L L L U D L L L U U U U U U U U U U U U U R L D D D D L L L L R R R R D R R R D D D L L R R U U U L L L D D D D D D D D L D D D U U U U U U U U U R U R U R R U U U U D D R R R R R D R R R U U U U U U U U U U D D D D D D D D D D D D D D R D D L L L L L L R R R R R R U U L U D D D L L D L D D D D U U U U R U R R U U U U U U R L L L L U L L L L L D D L L D L D L 
74 8 4 170
637 318 661 877 
D D L L L D D D D D D L L L L L L U U U U L R D D D D R L U U U U L L L L L L D L R U R R R R R R D D D D L L R R R R R R R R U U U U U U R R R U U R U U U U U U U U L U U U L L L L L D L L L L L L L L L L L L L L L L L D L D D D L D L D D D U U U L R R U R U U U R U R R R R R R R R R R R R R R R R R U R R R R R D D D R D D D D D D D D L 
78 73 7 200
815 835 982 599 177 666 484 
R R U U U R L D D R R R R R R R R R R R R U U R U R U R R U R U U U U U L L L R R R D L R D D D D L D D R R R D D D D U L L L L R R R R U U U L L L U L L U U U U U U U R R R R L L L L L U D R D D D D D D D D D D D D D D R D R D R L U L U L U U U U U U L D U U U U U U U U U U R R U U U U U U R U R R D D D D R L U U U U L L D L D D D D D D L L D D D U U D D D D D D D D D R R R R R R D U L L L L L L 
81 28 6 200
669 311 198 400 620 117 
D D R D D U L L L L U U U U U R R R L L U U U U U L L R L L L L L L D L L U U L L U U U U U U U L L U U L L L L L L U L L L D D L L L R R R U U R R R D R R R R R R R R L L D D R R D D D D D D D R R D D R R R D D D R D U L U U U L U R R R R R R R R U D L D D D D D L D D D D D R R R R U L D L L L U U R U U U R R R R R D D D D D D D L L L L L L L L L L D U R R R R R R R R R R U U U U U U U L L L L L 
48 38 4 152
888 914 526 776 
U U U U U U U U U L L L L U U U U U L L L L L L L L U U U U U U U U R R R R R L U U D D L L L D D D D D U R R R R L L L L U U U U L D D D D D D D D R R R R R R R R D D D D D R R R L U L L L L L L L L L L L L L L L D L D R R R R L L L L U R U R R R R R R U U D D R R R R R R R R R D R R D D D D D D D D D 
14 3 4 84
674 386 195 70 
R D D U U R U R R U R R U U D D L L D L L D L L D L L L L L L L L L L D L L L U U U L U U D D D U R R R R R R R R L L L L L L L D L R D D R R R U R R R R R R R R R R U 
54 60 4 109
127 981 309 123 
U U L U U D D R D D D D D D D D D D D R R L L D D D D D D D L L D D D L L L R R R U U U R R U U U U U R U U R R L L D D L U U U U U U U U U U U W W W W W W W W W W W W W W W W W W W W W W W W W W W L L L D D U U R R R 
70 84 6 184
404 65 755 768 299 189 
L L R R D D D R D D D D D D D R D D U R D D D D D D D R D U L U U U U L L R R U R R W R R R R D R D D R D U L U L L L L R R R R U L U L L L L L L U U L U L U U U U U U U L U U U R W W W W W W W W W W W W W W R U U U L U U U L U L L L L L L D D L L L D D D U U L W L L D D D D D D R D D D D D U U U U U L U U U U U U R R R U R R R U U R R R R R R D R D D D R D D D L L 
83 93 7 192
626 85 560 51 229 641 739 
R U U R R R D D R D U L R D R R R R R R R R R D R D D D D L D U R U U U U L U L D D D D D D D R L U U U U U U U L L U U U U L U L U D R D R D D D D R R D U L L L L L L L U U L U U L U D R D D R D D D R R D R D R R D D D D R R R R U U U U R L D D D D L L L L U U U U U U U U U U D D D D D D L D D L D D L R U U R U U U U U R U U U R L D D D L D D D L U L U L L U L U L U U L L L D D L 
82 64 5 200
224 647 210 761 183 
L L L L D U L L L L L U L U U U U L L U D D L R U R R D D D D R D R R R U U U U U U U D D D D D D D L L L L L L D L D D U U R U R R U U L L L L U U L L L L L L U U D D R R R R R R D D R D D U U U L L U L L L R R R D R R D R R R D D R D D D D D U U U U U R R R R R R R R R U R L D L L L L L L D D L L L L D L D D D D D D L D D D D D D D D L D D U U L U U U L L R R D D D R R U U U U U U U U R U U U U 
46 46 2 145
976 218 
L W W W W W W W W W W W W W W W W W W W W W W W W W W W D L L L L L L L L L L U L L L L L L L L L L U L L U L D D D D L L L R D D D U U U L L L L U U U R U R U U D D L D L D D D R R R R R R U U U U R D R R D R R R R R R R R R R D R R R R R R R R R R D D D D D D D U U U U U U U U U L R D R 
10 31 3 138
257 889 272 
U L U L L L L R R R R R U R U D D D D D L D D D D R R L L U U U U R R R R R R U U R D R D R R D D R D D D D R R D D U U L L U U U U L U U L L L R D R R R R D D D R R L L U U U L U U U U R R R D D R R L L U U L L L D D D D L L L U L R U L U L D D L L L L L U U U U L D L D R D 
7 21 4 200
574 531 572 450 
U L U U U U U U U U U U U R R U R U R U R R R R D D D D D U U U U U L L L L D L D L D L D U L U U L U U U R R R R U R L D L L D D D D D D D D D R R R R R D D D D D D L L U U L L D D D D D D D D D R D R D D D R R R R D U L U U U U U U D D D D D D L L L U U U L U L U U U U U U U U U R R D D R R U U U U U U L L L L L U U U U U U U U U L L D D D R D D D D D D D D D R R R U R U D L D L L L D D D D R D 
0 72 6 146
964 52 777 376 113 478 
D R D R R R R R R R R R R R U U U R U R R U D D D D D R R U U D D L L D D D D L D L L D L D D D D D D D D L D D D U U U U L U U D D R D R U U U U U U U U R U R R U R U U U U U U U U L L D L D D L L L L L L L L U U U U R R R U D L L L D D D D R R R R R R R R U D D L L L L L L L L L L L U L U 
94 58 5 160
719 504 306 613 963 
U R R R R U U L L L L L L L L L L L L L L D U R R R R U U U U U D D D D D R R R R R D D D D D D D U U U U U U U R R U D L L D D D D D D D D L L L L L D D D L R R R R D D D D D L L L R R R U U U U U L L L U U U R R R R R U U U U U U U U R R R D L L L D D D D D D D L D D U U L R R U U U U U U U R R R U R R D D L L L L D 
34 83 5 194
731 496 417 330 875 
R R D D D R R R W W W W W D D D R R R U U D D L L L D D D D D L D U R U U R R R R L L L L U U U U U U L U U U U W W W W W W W W W W W W W W W W W W W W W W W W W W W W W W W W W W W W W W W W W W W W W W W W W W W W W W W W W W W W W W W W W W W W W W W U R D U U U U U U U L U U L L L U L L L L R R R R D R R R D D R D D D D D D L D D D D D D D D D D U U U U U L L U U L L L R R R U L L 
38 4 2 68
403 469 
U U U U L L U U U U U U U U U U U U U L L D D D D D D D L L L R R R U U U U U U U R R R R U D L L D D D D D D D D D D D D D R R D D D D 
67 90 4 200
422 412 307 158 
L L U U U D D D D D D D U R R R R R R R R R R R R R D D D D U U U U L L L L L L D D D U U U L L L L U U U U U L U R R R R L L L L D R D D D D D L L L U D D D D D L D D D D D L L L L L L L U U D D R R R R R R R U U U U U L L U U L L U L U U L L U U L L R R D D R R D D R D R R D D R R R R R R R D D L D D D L R U U U R U U L L L L U U U U U U U U U U U U U U U L L L U D R R R D D D D D D D D L R R R 
0 11 6 172
808 349 163 980 945 827 
U U U U U U R U U U U U U U U R U R L U L L U U U U R L D D D D D D D D D U U U U U R R U R L U L U D R D D D D D D D D D D R D D U U R R R R R U U U U U U R R U U R L D D L L D D D D D D L L L L L L U U U U U U L D D D D D D D D L R R R R U U R U U D D L L L R R D D R R D R D R R R D U L L L U U R U R L D L D L U L L L L L L D D D D D D R L 
33 9 3 150
107 490 512 
L D D D D D D D D D U L L L L R R R R R R D U L L L L L L L L U L U U U L L U U U R R R D R R D D D L R U U U L L U L L L D D D R R D D D R D R R R R R R R R R D U L L U U D D R R R R R R R R R R R R U R U U U L R D D D L D L L L L L L L L L L L L L U U U U U U U U U U U R R U R R L L D L L D D D R 
32 55 4 200
754 151 248 604 
L D L D D L D D D R D U R R U R R R R R R R L L L L U U U U U U U U L R U U W W W W U R R R R R R D D R D R R R D U L L L U L U U L L L U U U U D D D D R R R R R D D D D D R R R R D D D D D R D D R L U U L U U U U R L U L L L L U U U U L L L L R R R R D D R R R W W W W R U U U U U U U R R U U U U U U U U U U R U U D D L D D D D D D D D D L L L L U L R D R R R R D L L D D D D D D D L L L L U U U L 
64 95 5 191
518 228 1 799 863 
R R R D D D R D D D R L U U U L U U U L L L L L D D D D D L R R U U R U R R U R R R R U U U U U D D D D D R R R R L L L L L L L L U U U U L U D L D D L L L D D L L W W W W W W W W W W W W W W W W W L L U U U L U D R D R R R L L L D D R R R R U U R R R R D D L L D U R R U U L U U L L L L L L L U D R R D D U U R R R R R R R D D D D D L L D L D D L L L L L D U R R R R U U U U U R R 
79 14 4 200
591 415 416 116 
R R R R R R D R R U U U U U L R R R U R R R U U R U U R U R U D L D L D D L D D L L L D L U R U R U U R U R R U R R U D L L D L L D L D D L D L D L D D D U U R R R U R R R U D L L L D L L L D D D D L L U L L L L L L R R R R R R U R U U U U D D D D L D L L L L L L L D D L D D D D D D D R R D D D R R R R R R R R D R R R R U U U R U R R R U U U R U U U U U L U D R D D D D D L D D D L L L D L D D D L 
67 32 9 200
129 983 474 874 785 544 950 419 413 
U U U L L U U U L L L U U U U U U L L L U L D D D U U U D D D D D D D L L U L U L U D D D D R R R R R R R L L L L L L L U U U L L R R R D R D R R D D R R R R R L L L L L U U U U L L R R U U U U U R D R R R D D D D D D R R R D D D R R D D D R R L L D L L U U L R U U U U U R U R R U U U D D D L L U R U U U R U W W W W W R R R R D R R L L U L L L L D D D D D D D U U U U U U L D D D L D D L D D D D D 
7 69 6 200
891 772 165 570 50 124 
U R L D L L L L R R D D D D D D D D D L D U U U U U U L L L L D D D D D R D D D D D L R R D D R L U U L U U U U R R R R R U U U U R L D D D D L L L L L D D D D L D D D R D R D R R D R D D R R L L U U L U U U U U U U U U R U R U U U R U R R D D R R D D D D D L D D L D U R U U R U U U U U L L U U L L D L D D D L D L D D D D D D D D L L U L D R R R R D R R D R D D D D R L U U U U L U L L U L L L L U 
68 82 7 200
580 733 775 491 818 931 699 
L L L D D D D D D L D D L D U L U U L D L L D U R R U R D D D D D L D D U U L L L R R R R U U U D D D L D U R U R R R R R R R U U U U U U U U U U U U U U R R R D D D D D D D D D D R D R L U L U U U U U U U U U U L L L D D D D D D D D D D D D D D L L L L L L L L D D L D D D D L L L R R R U U U U R U U R U U R R U U R U D D L D D D D D D L U U U U U L U U U U U U U L L L L U L U L U U U D D D R D R 
7 83 7 200
434 362 528 449 277 939 831 
L L U U U U L R U U U U R U R U U U U U D D D D D R R R R R R R D D D D R D R R D D D D D D D D L L L L D L L L D L D D U U L L L R R R U U U U U U D D R L U U U U U U U L L U D R R R R R R L L L L D D D D D D D D D D D R U R R R U R R R R U U U U U U U U L L U L U U U U U U U D D D L L L L L L L L L L L R R U U U U U D D D D D R D D R D D D R D R R L L U L U U U L U L U L L L L L U D R R R R R D 
25 51 2 145
847 406 
L D L L L L L D D D D L L D D D D D L L L R R R U U U U R R R R R R L L U U U U L R R W W W W W W W W W R R R R R R D R R R R R R L L L L L L U L L U U U U U U R R R R U R U R R D D D D D D L R U U U U U U L L D L D L L L L D D D D D D L L L L L D D D D L L L L U R R U U U U R R R R R U R 
18 96 6 193
208 59 32 752 935 961 
D D R R R R R R D D R D R R D D D D D D D R R L L D U U R R R R R R R R L L L L L L L U U D D L U U U L L L U L R D R R R D D L R U U U U U L L U L D D R R R R R R R L L L L L L L U U U U L U U U U D D D D R R D R D R R R R D D R R R U U D D L L L U U L U U U W W W R R R R L L L L D D D L L L L L L L L L L D L D L L L U U L L R R D D R R R U R U R R R R R R R U L U L L L L L L L U U 
33 16 6 116
498 880 222 190 420 367 
L D L L L L L L L L D D U U U L U L U L R R R R U R U R U U U U U U R R L L D D D D D D L D L D L L L D R D R D R D D D L L L D U L L D D L D L D L L L L L D L L D U R U D R U R R R R R U R U R U U R R R R R U U U R R R R R R R U R 
19 23 4 152
701 747 789 314 
U U U U L L L L L L U U L L D D U U R R D D R R R R R D D D D D D D R R R R R R R U U R U U U U U U U U R R R R R R R R U U R U U R U D L D D L D D L L L L L L L L L L L U L U D R D R R R D D D D D D D D L D D L L L D U R U U U U U R U D R R R R D U L L L L L D D D D D L L L L L U U U U U U U R D D D D 
43 13 5 200
600 78 878 139 540 
L D L R U U U U U U U U U U U U U U U R U R U R R R R R R R R R U U R U U U U R R R R R R R R R D D R D D R R R R R R R D R R R D R R D D R D U L U U L L U L L L U L L L L L L L U U L U U L L L U U U U U U U R R R R U R D D D D R D D D R D D R L U U L U U U L L L L D D D D D D D L L D L D D D D U U U U R U R R U U U U U U U R R R U U U U L L U U L L U U U U D D D D R R D D R D D D U U L L L L D D 
31 84 5 200
429 670 882 793 350 
D D R R D R R D D R R R R L L L L D D D L D D D D D D D D D D R R D D R U W W W W W W W W W W W W W W W W W W W W W W W W W W W W W W W W W W W R D D D R R U U U D D D L L U U U U D L D L U U L L U U U U U U U U U U R U U U D D D L D D D D D L R U U U U U R U U U U U L L U L L U U L L U U L U L L L U L L L U L L L L L L L L L L L L L U U U L L L U L L U L U L U L U D R D R D R D R R D R R R D D D 
61 34 3 108
932 594 933 
L D D D D R R L L U U L L L L R R R D D D D U U R R R R R R D R D D R D R D D D D R R R R R R R U U D R R U U D D D D D D D D D D D U U U U U U U U U L L D L L L L L L L U U U U L U L U U L U L L L L L L U U R U U R 
47 75 4 200
247 771 859 25 
L U L U L R R R R R R R U R R U U R U D R R R D D D D L D D D D L R U U U U R U U U U L L L L D D L L U U U U U U U U U U U L U D R D D D D D D D D D D D D L L L L L L D R D R W W W W W W W R D D D L L D D L L D L L L D D L D L L R R U R U U R R R U R R U U R R U U U L R D D D W W W W W W W W W W W W W W W W W W W W W W W W W R D R R R R U U U U U U D D D D R R R R D R D D D R D R D U L U L U U U 
56 1 2 200
742 630 
L U U U U U U U R R U U R R R R U U R R R R R R D D R R R L L L L L L L L R R R R R D D D D R D D D D D U U U U U R U U R R R R U R U U L U L L U U L L L L U L U L L L L U U L R D R R R R R R R R R U D L L L L L L L L L D R R R R D R D R R R R D D R R D R D D L D L L L L D D L L U U U U L R R R R R D R R R U U U L U U U U L R D D D D R D D D L L L U L L L L U U L L L L L L D D L L L L D D L L D D 
25 69 2 56
82 443 
D D D D D D D D D D L L L D L R U R R R U U U U U U R L L L L L L L L L R R R R R R R R U U R R R R L L L L U U 
45 60 2 104
587 803 
R R L L U U U U U U U L L D D L D U U U L L U U L U L L L U U U U L R D D D D R R D D D D D D D D L L L L L R R R R R U U U U U U U U L L R R R D D D D D D D U U U U U U R D D R R D D R U U R R D D D D D D D 
82 49 7 200
710 379 252 668 862 461 741 
U D R D R R U U U R U R U U R R R U R U U U U R D D D D D R R D D D R L U U U L L U U U U U L L L R R D D D D L D L L L D D L D D D U U R U U U U U U U R R R R U U R U U R R R R R R W W W W W W W W W W W W W R D D D D L L L R R R U U U U U U D D L L L L L L L D D L D D L L L L D D D D D D D D D D R L U U U U U U U U R U U U R R U U R U U U U U R R L L D D D D D L D D L L D D D L D D D D D L L D D 
3 96 5 144
592 171 567 227 559 
D D L D U R U U U R D D D D D L D D D D D D R L L D L D L D R R R D D D D D D D D L R R R R L U U U U U U R U R R U U U R U R R L L D L D D D L L D L D D D D D D L L U U U U U U U U L L L U R U R U R U U U U U U R U U U U R R R R R L L L L L D D D D L L L R R R U U U U U U U R L D D L D 
93 31 1 62
871 
D D R R R R R R D D L L D U R R U U L L L L L U U U U U U U U U U L U R R R R R U D L L L L L D R D D D D D D D D D D L U U 
31 77 3 200
650 428 946 
D D D D D R R D D D D D D D D D L L L R R R U U U U U U U U D D D D D D R D R D D D U U L L L L U D R R R R U L U L U U U U U U U L L U U U U U D D D D D D D D R D R W W W W W W W W W W W W W W W W W R R R R R R R U U R U U R U R U R R R U U U R R U U U U U R U R U U D D D D R D D D R R U U U U U U U U R U U U U R R R R R R R L L L L L L L D D D D L D D D D D D D D L L U U U L U U L D L D D D D D 
42 32 2 200
813 421 
D D L D L L U U U U L L D D D D D D D D L L L D L L L L R R R R U R R R U U U U U U U U R R D D D D R R U R U U L D W W W W W W W W W W W W W W W W W W W W W W W W W W W W W W W W W W W W W W W W W W W W W W W W W W W W W W W W W W W W W W D D D D D D D D L L L D D D D D D D D D D D D D D D D R D D D D D D R U U U U R R R R R R U U R R R L L L D D L L L L L L D D D D L U U U U U U L U U U U U U U 
72 28 5 196
562 152 106 885 584 
R U D L D D D D U U U U U L R D R D D D R L L L L D L R U R R R U U U L D R D R R R D W W W W W W W W W W W W R D R R R R R R U U R R R R R R L D D D D D D D R L D L L D D U U R R U U U U U U U U L L L L L D D L L L L L L U L U U U U U U U U U U U R L D D D D D D D D D D D R D R R R R R R U U U U L U L L D D D U U U R R D R D D D D L L L L L L U L U L L L U L U U U L L L L L R R R R R D D 
75 49 5 200
293 836 913 617 682 
R R R R R U R U R R R U R L D D D U U L L L D L D D U L L L L U U U U U L U U U L L L L L L U L U L L U U U U U U R R R R R L L L L L L U L R D R D D D D D D R R D R D R R R R D L D D D D D D L D U R U U U U L L L L D U R R R R D R D D D D D D D D D R L U U U U U U U U U L U U U R U R R D D D R D D D D D L R R R R R U U R U U U U U R R U U R R R R U U U U R R R R R R R D D R R D U L L U U L L L L 
77 81 4 179
573 960 812 346 
U U U U U D D D D R R U U U U U U U U U U U U L L L L L L L U D R R R R R R R D D D D R R R L L L D D L L L L L L U L U U U U R R R W W W W W W W W W W W W W D U L L L D D D D R D R R R R R R D D D D D D L L D D D D D D L D D D D D D D D D L L L L D L L L D U R R R U R R R R U U U U U U U U U U D D D D L D D D D L D D L R U U R U U U U R U U U R U U U U U 
40 84 5 200
401 47 822 879 321 
D R D D D D L D U R U R R R L U U U U U U U U U U U U U U U U D D D D D D D D D D D D D D D D L L U U U U R R U R U U R U D L D D R R R R U U R U U L L U U U L U L L L L L L U L L L U L U L L L L L L L L L L L R R R R R R R U U U D D D L L D D D R D D R L U U L U U U R R R R L L L D L D D R R R D R R R L L L U L L L U U R U R R R R R D R R R R L L L D R R R D R R R R R R D R D D D R R D D L D D L 
22 10 5 200
924 720 332 91 787 
D D D D D R L D L L L R R U U U U L L D D U U L L L L L L L L L L L L U L L L R R R D R R R R D D D D R R D U R U D L L L U U U U R R R R R R R R R R D D D D R U U U U U U R R R R U U U U R W W W W W W W W W W W W W W U U U U R U U U R U U R U U U L L L L D L L L L D L D D D D L L L U U D D R R R U R R R R L L L L D L L D L D D D L L L D L D L D D U U L L L L L U L L L L D D D U U U R R R R D R R 
75 45 4 172
707 225 807 291 
D D D D R R R R R R L L L D D D D D U U U U U U U U U U L L L U L U U U L L R R D D D R D R D D D U U U U L U L U U U U U U U L R D D D D D D D R R R U U U U U U U L U U U L L L U D R R R D D D R D D D D D D D L L D D L D L D L R U R U U U U U U U U D D D D D R R R U U U U U U U L R D D D D D D D L L L D D R U R D R R D D D D D L L L U U U U 
81 3 5 94
205 686 62 86 990 
D D L R U U U U R U U U U U R R U R L D L L D D L L L L L L D D L D D D L L D L D D U U R R R R R R R R R R R R R R U D L L L L L L L L L L L L L U R R U U U R U U R R R R R R D D D L D D 
90 0 6 152
105 796 802 488 640 944 
U U R U D L D L R U U R R U U R R W W W W W W W W W W W W W W W W W W W W R L L L D D L R R D R R R R R R L L L L L L U L L L U U U U U U U U D D D U U R R R L L L D D D D D D D D D L L L L L L L L L L L W W W W W W W W W W W W W W W W W W W W U U U R U U R R R L L L D D L D D D R R R R R R R R R R R D 
91 13 4 114
265 356 77 185 
R R U U U R R R R R U U D D L D D L R D R L D D D D U U U U U U U L L U U U U D D D D R R D D D D D D D D D D R L U U U U U L L L L L L U L L D D L L L U L L U U D D R R D R R R U U R R D R R R R R R U U U U U L L L L D D D L L 
89 22 5 200
355 264 502 485 849 
L L L L R R R U U U U U U U U L L L L R R R R D D D D D D D D R U U R R R R R R R R R L L L L L L L L L D D D U D W W W W W W W W W W W R D D W W W W W W W W W W W W W W W W W W W W D D D D L L L D D L L L L D L D L L L L D D R D D R W W W W W W W W W W W W W W W W W D R R D R D D R R R R R R R U U U U R R R U U U U U U U U U R R L L D D D D D D D D D L L L D D D D L L L L L L L U U L U L L U L U 
46 18 3 108
37 971 143 
D D D D L R R L L D U R U U U U R R L L L L U U U U U U D D R R R R R R R R R R U U D D L L L L L L L L L L D D D D R R R R R R D D D D D R D D D D R R U U U U U R L D D D D D L L U U U U L U U U U U L L U U D D L L 
32 75 3 200
3 493 689 
R U U U L L L D L L L L L L L L L L L D L D D D D D D D U U U U U U U R U U D R D D U L D D D L L L D D U U U U L L L L L D D L L D L L L D L L R R U R R R U R R U U R R R R R D D D D D D D D D D L D L D D L L R R U U R U R U U U U U U U U R R R U U U R U R R R L L L D L L D L L U L L L L L L L L D D U U R R R R U U U U U U U D D D D D D D R R R R D R R U R R U R R R R R R R R R R U R R R D D D L 
39 81 5 166
481 956 137 414 38 
U U U U U U U U U U L U U U U R U R U R U D R R R D D R R D D D R D R L U L U U U L L U U L L L L D L D L D D D D L D D D U U U R R D D D D D D D D D D R R R D D D R D D D R D R R D R R U U D D L L U L L U U U U U U R R R U D L L L D D D D D L U U L L L D D D D D D L D L R U R U U U U U U R R R U L U U U R R R R R L L L L L L L L 
85 12 3 180
642 513 510 
L L U D R R R D D R R R R D D R D R D R R R D R R D D D D D U U U U U L L U L L L U L U L U U L L U D L L U U L W W W W W W W W W W W W W W W W W W W W W W W W W W L D L D R R R R R R D D D D D L L D L L L L D D L L L L U U R R U R L D L L D D R R R R R R R R L L L L U U R U U U L L U U U L L L R R R D D D R R D D D R R R U R R U U U U U L L L L L L U R U R 
32 64 2 92
281 848 
U L L D L D D D D D L L D L L L L L L L D D L L D D U U R R D R R R R D D R D R D D D L L L D L D U R U R R R U U U L U L U U L L L L U U L R U R R R R R R R U R R U U U U U R U R R D 
27 76 3 200
712 986 279 
D D D D D L L L L U D D L D L D L L L R R R U R U R U R R R R U R R D R R L L L L L L D L D D D D D D D D D D D L L L L L D L D D D D D L D D L D D D L D D D D D R R R R D R D D D D D D D D D L L L L L L L L U U L L L U L U U U L L L L D L D L D L L D D D D D D U U U U U U R R U R U R U R U D L D D D D D D L D L D L R D R D D D D D D R L U U U U U U L U U R U R U U U U U U R R R R D D D R D R R R 
81 75 6 200
558 380 58 323 887 611 
R U R R R R R R R R U U U U U U L U L L U U U U L U U U U D D D D L D D D D D L L D L R U R R U U U U U R R D D R R R R R L L L L U U L L L L L L L R R R R R R R D R R R U R R R U U L L U U L R D D R R D D L L L D D D D D D U U U U U L L L L L L L L L U U L U D R D D R R D D D D D D D U U U U U U L L L L L L L L D U R R R R R U U U U U U L U L U U U U L R D D D D R D R D D D D D D R R R U R R R R 
28 34 3 92
242 711 828 
R R R U U U U U U U R U U U U U R U U R U D L D D L D D D D L L L L L L D D D D L L L D D U U R R R U U U U R R D D D U L L L L L R R R R R U R R L L U R R R R D L D D D D D D D L L L 
56 89 6 175
23 441 547 72 371 66 
D D D D D D D D R R R R L L D D D D D U U U R R R R R U U R U U R R R R R D D D D D D D D L D D D D L R U U U U R U U U U U U U U L L L L L D D L D L L L U L U U L U U U U D D D D R D D R D R R R D L L L L L U L L L L U U R U U U U D D D D L D D R R R R U L L U U U U U U U U L W W W W W W W W W W W W W W W W W W W W W W W W W W W W W W W U L R D R 
73 10 8 200
823 170 992 832 865 130 231 569 
L U L L U U L L U D L L L L L U U U U R L U L L L L R R R R D D R R R R R R R W U D L L L L L L L D D D L L L L L D L L D D L D L D L L L L U U L R D D R R R R U U U U R U R U R R R R R R R L L L L L L L D L D L D D D R U R U U R R U R R R R R R R R U U U L L L L L U L W L L L L L L L D D D W W D D D D D L L D D D L D D L L L D L D U R U R R R U U U U L L U L U L U L R D R D R D R R D D R U U U R 
1 13 3 114
745 524 294 
R U U R D D D D D D D D D D U U U U U U U U U U R R R U D L L L L D D L D D D L R U R R R R R R R R R R R R R U U D D L L L L L L L L L L L L L D L R D R R R D R R R D D R R D D U U L L U U L L U U U L R D D D L U L L L U U U U 
19 34 6 200
256 774 930 479 965 396 
U L L L U L U L U U U L U U R U U U R L U L U U U U U U L U R R U U R U U U U D R L D D D L D L L R R D L L D R D D D D D D L D D U U R U U U U D D D D D L D D D D L D L L L L L W W W W W W W W W W W W W W W W W W W W W W W W W W W W W W W W W W W W W W W W W W W W W W W W W W W W W W W W W L L L D D D D L L L D D D D D D U U R D D D D R D D D D D D D D R R R R R R U U R U U R U R U R U D L D L D 
44 37 3 158
550 698 819 
L L L L L U L U U L U U D D L D L D L D D D D D L L L L L L L U L U U R U U U U U D R R L L D D D D L D D R D R R R R R R D D U U R U U U R R R L L L U U U L U U U U D D D D R D R R R D D D R D D D D D D R R R U R R U U U U U D D D D D L L D L L L U U U U U U L U L L L L R R R R U U L L U R U R R D D R D R R R R R 
93 95 7 200
480 833 734 197 466 873 102 
R R R R R R D U L L L L L L L L L L U U U U D D D D D R R R R R R R R R D U L L L L L L L L L U R R U U U U R R D R R R R D D D D D D D D D D L U U D D R U U U U U U U R R L L D D D D D D L L D D D U U U R R U U U U U U U U U L L L L U L L L L L L R R R R D D D R R R R R L L L L L L U U U L D D D D D D U U U L L L L L L L D D D L D U U U U U U D D D D D R D D D R D D L W W W L R R U U R R R R R R 
71 7 3 200
529 941 382 
L D L D D U U U L U U R R R R R R R D D D D R R D U L L U U U U L U U L R D D L L D D U U R R L L L L L L D D R D R U R L D D W W W W W R R R R U U R W W W W W W R U U U U U U U U U U U L U U U L L L U U U U L U U L L L U D D D D L L L D L D D L L L L D L L R R U R R R R U U R U R R R U U U R R R U U U U U U R L D D D D L L L L L L L L L R U U U U U U U U U R L D D D D D D D D D R R R R R R R R D 
19 98 4 160
341 797 853 533 
U L L L L L L L L R R R R D D D D D D D U U U U U R R R R R R R R U R R D D R D R R R D D U U L L L U L U U L L L U D R D L L L L L L D D D L R D R R D R R U R L D L L U L L U U U U R R R U U R R R L L L D D L L L D D D D R R D R R R D D D D R D D D D R D U L U U U U L U U U U L L L U L L L R U U U U L L U U R R R R D 
64 3 2 136
809 757 
L L L D L D D L L L L L L L L L L L U L U U U U U D D D D L L L R R R U U U U U U U U U U U U U R L D D D D D D D D D D D D D D R D R R R R R R R R U U U U U D D D D D L L L U U U U U U U L L U U L L U U D D R R D D R R D D D D D D D R R R R R R U U R R R D U L L U R R R 
94 47 7 166
577 302 468 925 903 842 589 
D R R U R L U U U U U U U U U L U L L U U U R R R L L L D D D R R R R R R U U U U U U L U U U U U U L L L L L L D U R R R R D D D D L L L L D D D D D D D D U U U U U U U U R R R R U U U U R R D D D D D D R D D D D D D L L L L D R D D D D D D U U D D L L L L L U U L U U U U R L D D D D R D D R R D D D D U U U U R R R D D D D L L U 
52 10 4 177
850 618 989 744 
U U U U U U U U U U R R R R U R U R R U U D D R R D U L L L L U U U U U U D D D D D D D D D D D D D R L U U U U U U L D L L L L D D D D D D D D D D W W W W W W W W W W W W W W W W W L W W W W W W W W W W W L W W W W W W W W W W W W W W W W W W W W W W W W W W W W W W W W W W W W W W W W W W W W W W W W W W W D L L L L D L D L L R R U R U R R R R U R R 
37 11 3 66
962 93 660 
R D R L U L U U U U U U U U R U R U U U L L L R R U U U U U U D D D D D D R D D D D D D D U U U U U U U D D D L D L D D D D D D D D 
33 83 4 156
866 675 705 81 
U R R R U U U U U U U U U L U U U R L L L L L L L L R R R D D D D D D R D U L U U U U U U R R R R R R R R D D D R D R R R D R R R D D D D D L R U U U U U L L L U L L L U L U U U L L L L D D D D D D D L L L R R R U U U U R D D D D D D D D R R R R R L L L L U U U U U D D L L L L L L R R R R R R D D D L D L L L D 
30 13 4 200
765 645 722 790 
D D D D D D D D D D D L L L D R L U U L U U U L L U D R R D D D R R R U U U U U U U U U U U R R R R U R U U U U U U U U U R U U U U U U U R U L L D D L L L L L U U U L L U L U U R R R R U L L L L L L L L L U U U U U R U R R U R R U R R D U L L D L L D L L D L D D D D D R R R R D D D D D R R D U L L U U U U U R R R R R D D D D R D R L U L U U U L L L L D D D D D D D D L L L D L D L L L D L L R R U 
34 77 5 200
736 283 393 779 216 
U U L L L L L L L L U L L U L L U U L U U U L U R U R L L L L L U L L R R R R R R R U L R D L L L L L D R D D D D D D D D D D D L L D L L L L L L L L D U R R R R R R R R U R R U R R R R R R R U D L L L L L L L D L L D L L L L L L L D L D D L L L D U R R R U U R U R R R R R R R U R R U U U U U U U U R L U U U R R R D L D R D D D R R R R R R R R R R R U R R R R R R R U U R R R L L L U U U U D D D D 
85 17 4 200
780 347 501 778 
U U R R L U U U U U U L L D D D D D D D L D D L L D L L L D D D D D R R R R D R R R R R R D D D R D U R R R R R R L L L L L L L L L L L L D U R R R R R U U U L L L L L L U L L L L U U U U U R R R U R R U U R U U U U U U U R R D D D D D D L D D U U U U U R U U U U U U L U U U L L U L L U U L U U R R R R R U U U U U U U L L L W W W W W W W W W W W W W W W L D D L D U L L L L L U U L U R R R U R U D 
