100
68 19 6 200
130 992 290 832 594 108 
R R D D L L L L L L R R R R R R R R D R R D D D L L L D D L L D L L L L L L L U U U U U U U U U U L U D D D U U L L L U U L L U U U U L U U U U U U R R D D D D R R L L U U U U L L D D D D D D D D D D D D D D D D D D D D D D D D D D D U U U U U U U U U U R L U U U U U U U U U U U R D D D D R R D D R R R R D D D D D D D D R R L L D D L L L D D D U U U U U U U L L U L U U L L U D R R D D R D R R D D 
92 78 6 136
599 177 864 925 361 839 
R R R D R D D R R R D D U L L L L R D D D D U U U U L L L L L D D D L L L L L D D L D R R R R U R U R R R R R R D U L L L L L L D L D L L L L U R U U R R R R R U U U R R R R R R R R U L U U U D D D D D D D D D D D D D D D D R L U U U U U U U U U U U U U L L U U L U L L L 
92 8 6 200
640 438 445 485 416 810 
L L U U U U U U U U U R U U U D D D R R R R R D R D D D D D D R R L U U U U U U U U U U U U U U U U L U L L L L L L L L U D R R R R R D D D L D U L L L L R R R R R U U U R R R D R D D D D D L L L L L L L L L D D D L R U U U R R R R R R U U U U D D D D L L L L D L L D D D D D L L R R U U U U R R R R L L L L U R U U U U U U U U U U U D L L L R R R D D D D D D D R R R R L L L L D D D R U R R R R R R 
45 4 8 191
405 403 744 865 989 877 809 979 
D D L L L L U U U L L U L L U U U U D D D R R U R R D R R R R R R R U R U U U W W W R R R R R U R U R U U U R R U U R L D D D U L L L L L L R R R R D D D L D L D L L L L L D U U U L R D D D D D L D D U L L L L L L L U L L D L L D R R D R R D D D R R R R U U U U U R U U U R U U U U R R U D L L D D D D L D D D L L R R R R R R R R R R R U R L D L L L L L L L D D D U U U L L L D D D 
29 78 3 200
208 489 725 
U U U L U U U U U U L R D D D R L D L R U U R R R R R R R L L L L L L L L L L R R R R R R R D D D R R R L L L U U U L L L L D D D L L L L L L L L L R R R R R R R R U U D D R D R D D D D D D D D D D D D D D D D D D D D D D D R D D D R D L L D D D D D D D D D D D D R D D D D D D D D D D D D D R D R D R D U L U L U L U U U U U U U U U U U U U L U U U U U U U U U U U U R R U L U U U L U U U U U U U U 
70 89 4 200
518 580 491 383 
L L L L L U U U L U L U U L D D D D D L R R D D R D R D D D D D R L D D D D D D D D L D L R U U U L L D U R R D D D D D L D L L D U R R U R U U U R U U U U U U U U U U U U U L U L U U L U U U U U R D D R D R D D D R R R R R L L L L L L U U U W W U L D D L U L U U L L L L L L L L L D L L L L D L L D W W W W W W W W W W W W W W W W W W L L L U L L L U L L D L D D D D D D R R R R R R R R R D R R D U 
69 48 5 114
400 983 540 653 549 
D D D L L L L D L L L L U U U U U D D D D D R R R D D D D R R R R R R U U R U R D D D D L L L R R R U U U U L U U U U U U U U U L R D D D D D D D D D D D D R R R R D D U U L L L L U U L D D L L L L L L U U U U R U R R R R U U U 
60 9 4 200
456 757 22 794 
D R D D D D U R R U U U R R R U D L L L D D D L L L L L L L U U U L L L L L U U U L R D D D R R R R R D D D R R R R R D R D D R D U L U U L U U L L L L L R R R R R U U R R R R R R R R R U U D D L L L L L D D D D D D D U U U U U U R R R R D D D D D D D U U U U U U L L L L L L U L L D L L L U U U L U U U L L U U U U L L U U U R R R R R U U D D L L L L L D D D R R D D D D R R D D D R D D D R R R U R 
66 1 5 191
318 637 881 661 657 
D U R R U R U U R R L L D D L D L L D U U U U L L R R U U R R R L D D L D D D D L L L L L L U U U L L L L U L U U U U R L D D D D R D R R R R D D D R L U U U L L L R R R D D D R R R R R R U U U U R U U L L D D D D D W L L L U L L L L U L L L U U U L U U U L L R R D D D R D R R R R R R R L L L L L L L L L L L L L L L R R R R R D D D D D U U U U U R R R D D R R R D R R R R D R R R 
15 14 5 189
0 450 747 593 217 
L L L U L L R R D R R D D D U U U U U U U L L L L L L U U U U U U U U L L R R U U R R D R L U L L L L U U L U U L U U U U L L U U U U U U U U R L D D D D D L R D D D R R D D D D R W R U U U U L U L L L U U L U D R D D R R R D R D D D D L D D R D D R R U R U R R U U U D D D L L D L D D D D D D D D D D R U U R R U R U U U U U U D D D D D D L D L L D D L D R R R R R R D D D D R 
49 37 4 180
590 526 240 954 
L L D U U U U U U U U U L L L L R R U U R R L L D D L W W W W W W W W W W W W W W W W D D L L L L U U L L L L L L D L L L L L L U L L U L U L U U U U U R U R U U R U D L D D L D L D D D D D L D D U U R R D R D R R D R R R R R R U R R R R U U U U U U L L L L L L L U U L R D D R R D D U U R R R R R D D D D D D R R D R L D R R R R U U R R R D D D D D D D D R R 
42 91 5 200
481 352 371 72 307 
L L L L U U U U D D D D R D D D D D D D D U U U U R R R R R R R R R R U U U U L L L U L L R R D R R R R R R R R R R R R R R D D R D D D L D L D L L L L L R R R R U U U D D D D D L L L L D U R R R R U U R U R U R U U R R R R L L L L D L L D D D D D L D D L R U U R U U U R R R L L L U U U L U L U L L R R D R D R D R R D D R D D D D D D R R R R R D U L L L L L U U U U U U L U U U U L U U L L L L L L 
22 10 5 200
924 407 791 190 870 
D D D D D R U U U U U R R U U U U R U R R U U R R D D D R R D U L L U U U L L D L L R R U R R U L L L L U U L L R R R R R R L L L L D D R R R R D L L D D L L D L D D D D L L D D D D D L U U U U U R R U U U R R R R U U U U U R W W W W W R W W W W W W W W W W W W W W W W W W W W W W W W W W W W W W W W W W W W R R R R R D D D D D D D D D D R D R U U R U U U U U U U U U D D D D D D D R R R R R R L L 
95 15 5 54
811 265 29 77 209 
L L L L D U R U D R D L R D R R R D D D D R D R D D L D D R R D U L L U U R U U L U L U U U U L L L U U R R 
59 41 10 174
874 474 426 656 898 693 785 758 111 949 
U L U U U U U R L U U U U U U L L U L L L L L D D D U U U R R R R R D R R D D D D D D D D R U R U R U U D D D D U U R R R R R R U D L L L L D D D D D D D D D D D L L L U U L L L L R R R R D D W W W W W W W W W W W W W W W W W W W W W W W W W W W W W W W W W W W W W W W W W W W W W W L D D U U R R R R U U U U U U U U U U U L L L D L D L D D D R D 
13 77 5 142
478 559 528 350 939 
L D L L L L L R R R R R D D D D U U U U U U U U U U U U U U L R U U R U U U U U L U L U U L L L L L L L D L D L D L D U R U R U R U R U U U D D R R L L D R R R R D D D D D D D U U U U U U U L U L L U L L L D L L R R U R R R D R R D R R R D D R D R D D D D D L D D D D D D D D D D D R 
39 44 6 194
550 698 828 453 819 103 
L L D D D D D L D L L L L L L U L L U L U D R R L D R R D R R R D D D D D D D U U U U U U U L L U U U L R D D D R R R R R D D R L U U U U L U U U L L R R D D D R D R U U R R R R R W W R D D D D D D U U U U U U L L L L L L D D L L D L L D D R R R D D L R U U R R U R R U R U R U R D D D D D R R R R L L L L U L L L L R R R R U U U U L D L D L D L L D L L L L L U U R R U R R U U U U U R R 
7 21 6 200
574 524 745 294 112 906 
U D D D D D L D D D D D L D L L D L L L R R R U U U U U D D D D D D D D D D U U U U U U L R R R U R U R R R R R R R R L L L L L L L L L L L L D D L D L R D R R R R R R D D D R D R D U L U L U U U L L U U L R D D L L L L U U R U U U L R D R R R R D D D D D D D R D R L U L U U U U U U U U U U U R U U U U D D D D R R R R R D R D D D R R R U U U U U U U U U R R U U R R R U U U R U U U U U R L D D D D 
24 95 9 200
283 32 705 675 715 104 137 321 330 
D D D L L D D R R R R R D D U R R R R R L U U U U D L L L U U L R D D R R R U U R R R R U R R R R R R R R R R R R R R R R R D D D L L L L D D U U R R R R U U U L L L L L L L L L L L L L L L L L D D R D U L U U R R R R R L L L L L D L L L L D D D D D L L L L W W W W W D L D R R R R R R R R R D R D D D D D R R U R U U D D L D L L U U U U U L U L L L L L U U U U U U U R L D D D D D D D L L L L U R U 
10 85 6 200
434 503 277 576 230 961 
L L L L D L R D D D L D U R U U U U R U U U U U D D D D D D L U U L U U U U U U L L R R R R R R R R R L L L L L L L D D D D D D R D D R R R R D D D U U U L L L U U U U U D R R U U U U U U L L L U U D D R R R D D D D D D L L D D D R R R U R U U U U R U R U D L D L D D D D L D L W W W W W W W L D D D D D D D D D R R R R R R R U R R U U U U U U U U R U R R R R R U U U L L U U U D D D R R D D D L L L 
30 98 7 190
955 304 651 956 191 900 359 
R U D R R R D R R R R R R R R R R R R D R R D D D R R D R D R D R R D U L L U L U L U L L U U U L L U L U U R R R R R R R R R R L L L L D D D U L L L R R R U U L L L L L L D L L L L R R R R D D D R L L L L L D L D L R R R R D D U U L L L L L L R R R U R R R R R R R R R R R R R L L L L L L L L L L L L U R R R R D D D D D D R D U L U U U U U U U U L L L L L L L L L L L U L L L L 
68 82 5 184
404 412 887 19 957 
U U U L L L U D R R R D D R R R R R R R R R R L L L L L L U U U L U U U U L L U L U U L R R R R R R R D R D R D R D R R D R R R D D D D D D D D R R D U L L U U U U L L L L L L R R R R R R U U U U L L L U L L U L U L U L U L L L L L L L L L L L R R R R R R R U U R U D R D D R R R D U L L L U U L L U L L L L U D R R R R D D D L L D D R D R R D D D D R D D D L L L L D 
49 24 2 200
114 658 
U U U U L L L L L L R R D D D D D D D U U U U U U U R R R R D D D D U U U U W W W W W W W W W W W W W W W W W W W W W W W W W W W W W W W W W W W W W W W W W W W W W W W W W W W W W W W W W W W W W W W W W W W W W W W W W W W W W W W W W W W W W W W W W W W W W W W W W W W W W W W W W W W W U R R R R R D W W W W W W W W W W W W W W D U U L L L L L D D D U U U R R R R R R R D U L L L L L L L D D D 
61 99 6 169
883 1 894 158 799 876 
R D R R D D R R R L L L L L L D D D L D L L R R U R U U U R R R U U U R L D D D L L L L L D L L D U U U U L R D D D R R U R L L L L L L U U L U L R D R D D R R R R R R R R R R U U L L U L D D D D D D D R D R D R L U U W W W W W W W W W W W W W U D D L U L U U U U U U U L L L L L D L D L L L D D L D L L R R U R U U R R R U R U R R R R R 
85 57 13 200
293 379 252 461 903 842 302 719 468 306 613 589 119 
D D D D D D D D L R U R D U U U U R U U U U R U R R R D R D D R D D R R D D D R U U D U U U U U U U U U R R L L L R U U U U U U U R U U R L D D L L L L L U D R R R R D D D D D D D D D D D D D D D D D L U U U L L U U U U U U U R R U U D D L L D D D D D L D D L L L L D D D L R R R R D D D D L L L D U R R R U U U U L L L U U U R R R U U U D D D R D D D D D D D R L U U U U U U U U U U U L U L L L D L 
10 31 4 184
257 531 390 9 
L L L L U U L R R R U R U R R L L D L D L L D D D D D D U U U U R R R U U U U D D D D R R R R R L L L L L L D W W W W W W W W W W W W W W W W W W W W W W W W W W W W W W W W W W W W W W W W W W W W W W W W W W W W W W W W W W W W W W W W W W W W W W W W W W W W W W W W W W W W W W D D L L U L L L D U R R R D R R U U U R R U U D D D D L D L L L U U D D R R R U R U U 
50 67 7 180
141 462 748 206 387 699 612 
U U L L L U U D D R R R D D D D R D R D R R R R U R R R D D D R R D R R D D L L L L R R R R U U L L U L L U U U U U R R U R U U R R R U U U R U U U R U R L L L U D R R D L D D D L D D D L L L D D L D L L D D L L L D L L L L U L U L U U U U U U U R U U U U L U U U U U U R U U U R U R R R R D D R R L L U U L L L L D L D D D L D D D D D D R D D D D L D D D D D 
23 54 5 194
82 443 335 723 687 
U U U U L L R R U U R U U R R U U U L L L L L L L L L R R R R R R R R R R U U R R L L U U L D L L L D L D D L D D D D U U U U R U U R U U U U U U U U U U U R R R L L L D D D D D D D D D L L L L L L L R R R R R R R D R R R U R D D D D L D U U U U U U U U U U U U U R U R U R R D D D D D D D D D R L U U U U U U U U U L L D L D L D D D D D D D D D D D D D D D L D D U U L D D L D D D D D D 
61 84 9 164
441 733 775 806 936 268 897 632 547 
D D L D D D L L D D D U U U R R R R R L L D D D D D L L L L R U U U U U U L U U L L L L L U D R D D D D D D D D D D L D D D L D U R U U U R U U U U U U U U U U R R R R D D R D D R R L L L L L L L L L R R R R R R R D D D D R R R U U U R R R R R R R U U U U R L D D D D D D D D D D L R U U U U U U L L L L L L L U U L U U U R U U 
19 21 4 168
664 332 367 534 
D D D D D D L R D D D D D R D U L U U L D D D D D D R L U U L L L L L L L L L L L L L L U D R R R R R R R D D D D R R D U L L U U U U R R R R R R R U U U U R U U U U U U U U U D D D D D D D D D L D D D D L L L L L D D L L D D R R L L L L L L L L U U U U L L U D R R D D D D R R R R R R U U R R U U R R R R R U U U U R U U U U U U U U U 
40 84 3 200
401 66 592 
R D D D L D D D U U U R U U U R R R R U R R U R R R R R R R R L L L U U U R U R L D L D D D L L L L L D L L D L L L D D D D L L L L L L L L U L U L U U U L L L L L L L L L L D D L L D L D D D D D D D D D D L L L L L L L L L L L L L L L U U U U L U U U U U U U U U U U U L U U U U U U R R U U U D D D D D L D D R D D D D U U U U L U U R U U L L D D D D D D R D D D D D D D D D D D D R D D D D R R R R 
31 77 7 200
731 803 670 859 610 200 538 
U R R R R U U R L D D D D L D D D D D D D D D D D D R D D R D D L L L U U D D R R R U U L U U U U U U R U U D D D D D R D D R R L L U U R U R U U W R R R R R R R R R U U U U U U U U U L U U L U D L D D W W L L L L D U R R R R U U R R D D R D D D D D D D D D L L L D D D D W W W W W R R R R R R U U U U U R U U U R U R R R R U R R R R R R R R U U U U D L L L L U U L L U U U U U U U R U U D D L D D D 
38 4 5 200
107 421 951 237 167 
L L L L D L D D L D U L L L L R R R R R R R R R R R R R R R R R R U U U U L L L L R R R R R R U R U R R R R R R U W W W W R L D L L L L L L D L D D D D D D L R U U U U U R R U R R U U R R L L D D L L L R D L L L L D D D D L L L L L L U U U W R R R D D R R L L D D R R R R R R R U R L L U L L L L L U U U L L L U U U L U L R D R D D D R R R D D D R R R R R U U U R R U U U U U U U U D D D D D D D D L 
73 54 8 72
225 807 351 123 18 79 219 708 
U R L L L L L L L U L L L L L L L L L L L L L L L L U U D L L L L R R R R D R R R R R R R R D D L L D U R R U U R R R R R R R R D R R R R R R D 
81 9 7 200
686 467 510 62 513 40 172 
R D D R D R D D D D L L L L L U U U U U U U U D D D D D D D D R R R R R U U U U L U U U U D D D L D D R R R D R R D D D U U U L L U L L L U U U U L R R U U W W W W W W W W W W W W W W W W W W W W W W W W W W W W W W W W W W W W W W W W W W W W W W W W W W W W W W W W W W W W W W W W W W W W W W W W W W W W W W W W W W W W W W W W W W W W W W W W W W W W U L L U U L U D R D D R R U U U R U D L D D 
14 3 5 200
674 765 962 600 692 
D R D R R R R R R R R R R R R R L L U U U U L L U U R R R R R R R R R R U R R R U U R R L U U U U U U U U L U D R D D D D D D R R R L L L D D L D D L L L D L L L L L L L L L L D D D L L D L L D L L R R U R R U R R U R R R R R R R R R R U U U U U U R U R U U R L D D L D L D D D L L L L L L U L U L R R R R U U R R R R U U U U U D D D D D L L L L D D L L L D R D R R R R R R D D D L L L L L L L L D D 
0 8 5 200
195 70 627 433 945 
D D D D D D R L U U U U D D D U R R R R R R R R L L L L L L L L D R R R R R D R L U L L L L L U U U U U U W W W W W W W W W W W W W W W W W W W W W W W U W W W W W W W W W W W W W W W W W W W W W W W W W W W W W W W W W W R U U L U D R D D D D D R D D D D U U U U U U U U U U U U U U U U U U U U U R L D D D D D D D D R U R U U U R U D L L L L L R D D D L R U U U R R R U R L D D D D L D L D D D D D 
39 81 2 200
875 47 
D D D D D L D U U U U U U L L L L L U R R U R L D L L D R R R R R D D D D D R U U U U U R W W W W W W W W W W W W W W W W W W R U U L W W W W W W W W W W W W W W W W W W W W W W W W W W W W W W W W W W W W W W W W W W W W W W W W W W W W W W W W W W W W W W W W W W W W W W W W W W W W W W W W W W W W W W W W W W W W W L U U R R R R R R D D R R R D D D L L L L R R R R U U U L L L U U L L L L L L D 
91 75 8 200
835 51 982 197 739 817 641 873 
U U U U R R R R R R U U U U L L U L R R R U D L L D R R U U U U U U U U U R R U U U D D D L L D D D D D D L L R R U U U U U R U R U U U L L L L R R R R D D D D D D D D D D D D D D D D D U U U U U U U U U U U U U U L U U U U U U L L L L L D D R D D D D D D D D L L D L D D U U R U R R U U U U L L L L L U D R R D D D D D D D D D D D L L L L L L L L L U U U U L U U U L U U U U R L D D D D R D D D R D 
40 30 5 200
813 2 11 353 852 
L U L U L U D D D D D D L L L D D D L L L L R R R R U U U R R R U U U U U R D R D R D R D D U U U U U U R R R R D D D U U U L L L L D D D D L D L R U U U U U U U R R U U U U U R U R L D L L L L L R R R R D D D D D R R R R R L L L L L L L D D D D D L D D D D D L L L L D D L L D W W W W W W W W W W W W W W W W W W W W W W W W W W W W W W W W W W W W W W W W L L D D D R R R R R D D D D R D U L U U U 
80 58 9 200
597 224 647 300 761 57 862 682 665 
L L L D U U U U U U R L L L L L L U U U L U L U U U D D L R D L L L L D L L D D D L D U R U U U R R U U U U D D D R R R D D D U U U L L U L L L R R R D R R R R D R D D D R R R R R D D D R R L L D D R R R R W W W W W W U R R R R D R R U R R R R R D R D D D D D R D D R L U U L U U U U U L U L L L R R R R R R R L U U U L L L L L L L L L L L L U D R R R R R R R R R R R R D D D L L L L L L L L D L L U 
39 47 4 200
888 557 68 583 
R R R U R U U R U U U U L L L U U L U L L U U U R R R L U U D D L L D D D D D L R U U R R D R D D R R R R L U D D D L L L L L L L L L U U D D R R R R R U U R U D R D U L L D D R R R R D D L D D L D L L L R U R R R R R R R R R U R R R R U R R R R R U U U U R R R R R U R U U U R R D D D D D D D D D D D D D D D D D D L D L D D L L L L L D D D D D L D U R U U U U U L L L L L L L U U L U U L L R R D D 
47 19 3 170
37 78 703 
D D D L D D L R U U U L U U L U U U U U U U U U U R R R R R R U U U U U R R R U R R R R R R R R R D D R R D R D D R R R R R R R R R D R D R D R D U L L L L L L U L R D R R R R R U L U L U L L L L L L U U U U L U L R D R D D D D L L L U U L U L L U U L L L L U D L L L L L D L L L D D D D D L L L L L L D D D D D D D D D D R D D R D R U U U 
86 46 10 200
385 907 643 654 624 577 840 33 46 115 
L D L L L R R D D D D D D R D R D D D D D D U U U R R R D R L U L U U U R R R U U U U U U D D D D D R R R R R R R U U R U U U U U L U L R D R D D D D D L D D L D D D D D R R L U U U U U U U U U U U L L U U U L L L L L W W W W W W W W W W W W W W W W W W U L L R R D R R R R R D D D R R D D R L L L L L D L D D L R U U R U R R R R D D D D D D D D D L U U U U U L L L L L L D L L L D D D L L U U U L U 
61 34 7 200
932 868 798 427 631 139 893 
L D D D D R R R D D D L D U R U R L U U L L L L L L L D D D D R D D D D D D D D D R R L L D L R U U U U U U U U U U L U U U U R R R R R R R D R R R D D D U U U R R R R R R W W W W W W W W W W U U L L L U U U W W W W W W L R D D D R R R D D L L L L L L L L L D D D L L L L U D L D W W W W W W W W W W W W W W W W W W W W W W W W W W W W W W W W L L L U L U D D D L D U R U U R D R R R U R R R U D R R 
94 97 4 200
626 85 480 99 
L L L L L D L D L L R R D D D U L R U R R R R R R R R R R R L L L L U U U U U L L L L L L R R R R R R D D D D D L L L L L L R R L L L U U R U R R R R R R D D R D D W W W W W D D D L D D D D D D L L D D D D L L L D D D D D D D D D D D R R R R R R R D D D D D D D D D D D D D D D D D D D D L L L D L D L D D L L D L D D L R U U R U R R U U R U R U R R R U U U D D D D D D D D L L L L D L D L L D D L D 
32 77 4 200
650 428 607 446 
R D D D D D D D D D D D D L L D D L R U U R R U U U U U U D D D D D D D D R D D R L U U L L L U D R R R L U U U U U U U U U U U U U U L R D D D D D D D D D D D D D D R D R R R R R R R R R D R R R D R D R R D D D D D R R R R U U R U D L D D L L L L U U U U U L L U L U U U U U U D D D D D D D L R U U L L L U L L L L L L L L L U L U U U U U U U U U U U U U L L L U U U L L D D D D D D D U U U U U U U 
74 76 6 200
65 184 680 504 148 495 
U U U U L U L L L R R D D D D D D D D D U R D D D D D D D D R R R R R D R D D R D D D R D D D U U U R R R U U U U R L D D D U U R U W W W R U U R R U D L L D D L D L U U U L U L L L U L R D R R R D R D D D D D D L L L L U U U L U U L U L L L L L U U L L L L L U D R R R R R U U U U U U R U U R R R U U R U R R U U R U U U U D D D D R R R R D R R R R D U L L L L U L L L L L D D L L D L D D L L L L U 
66 33 5 161
129 544 419 298 878 
R L L U U U U U U L L L L L L L L L D R R R R R R R D D U U L L L L L L L U U D R R R R R R R R R D R R R R D D D D D D U U U U U U R R U R R R D D R R U U U U L U U L U L U D R D R D D R D D D D L L U U L L L D L D D D D D D R W W W D R R R R D D U U L L L L U L U U U U U U L L L L L U U U U U D D D D D R L D D D D D R 
0 79 9 200
964 52 772 493 440 860 891 270 451 
D D D D D D R D D L R D R R D U R U D D D D D R D R D R D R R D R R R U U R R D D R R U R R R D U R U U U R U L L L L L L L L L L L U U L L U D R R D D R R R R R R R R R R R D L D D D L L L L D L L D D D D D D D U U U U U U U U U R R L U U U U U U R R R R R R R R R R L L L L L L L L L L D D D D D D L D D D D D D U U U U U U L L D D L L L U L L U L U L L L D L D L R U R U R R U L U U U U L L L U U 
1 26 6 178
808 163 349 706 952 996 
D D U U R R L L U U U U L U R R D D D D D D D D L L D U R R U U U U U R L U U U L L D R U U U U L U U U U U U U U U U U U U U U U U U U R R R U R U U U U U U U U L U U U L L L D D D U U U R R R D D D R D D R R R R R R D D D R R D L L D U L L L R R R R R U L L U U U L L L L L L D D D D D D L D L L L D D D D D D D D D D D D D D D D D D D R D D D D D D D D 
32 67 3 200
986 913 561 
U U U U L R D D D D D L W W W W W W W W W D W W W W W W W W W W W W W W W W W W W W W W W W W W D D D D R D R D R R D D D L D D D W W W W W R D R R R R U U U U R R R D R D R R D D D D D R R R U R R R R U R R R U U U R R U U U U R U U U U R U R R U R U U R R D D D D D D R R R R R R D D R D R R D R D D D D L D L D L D U R U R U R U U U U R R U R R U U L L L U L U L R D R D R R R D D L L D L L L U L 
66 32 4 200
413 327 517 845 
L L U D R R D R R U U U U U U U U U U U D D D L L R R R R R U U R U R R U D L L D L D D L L L D D D D D D D D R R R R R R R R R R D U L L L L L L L L L L L L U D W W W W W W W W W W W W W W W W W W W W W W W W W W W W W W W W W W W W W L L U U U L U L L L W W W W W W W W W W W W W W W W W W W W W W W W W W W W W W W W W W W W W W W W W W W W W W W W W W W W L D L D D L D D D D D D L R U U U U U U 
11 24 2 200
889 980 
U R U R R U R U R U U U U R D D D D D D D R D R R R D D R R L L U U L L L U L U U U U U D D D D R R R R R R R L L L L L L L U U U U U U L D D D D L D L D L L D L D W W W W W W D L L D W W W W W W W W W W W W W W W W W W W W W W W W W W W W W W W W W W W W W W W W W W W W W W W W W W W W W W W W L L L L L D D D D D L R U U U U U R R R R R U R R U U U U D D D L D L D L L L D D D L R U U U R R R U R 
80 3 4 200
205 105 566 16 
D D U U U U U U U U U R R U R R R R D R D D D R R D D D D R R L L U U U U L L U U U L U L L L L L L U U L L U L U L U L U U L L L L U U L L L L D D R D R L U L U U R R R R U U U U R R D D D R D R R D R L U L L U L U U U L L D D D L L L L L L L R R R R R R R R U R L U U L U L L U L U U U U L U D R D D D D R D R R D R D D D R R L L L U U L U L L U U L L R R D D R R D R D D D D D R R R R D D R D R D 
0 59 4 200
570 165 30 310 
D D D D R R R D D U U U U U R U U U U R L D D D D D R D D D U U U L U L U L U U U U U L R D D D D D R D D D D L L L U U U U R U U U R W W W W W W W W W W W W W W W W W W W W W W W W W W W W W W W W W R R R R R D W W W W W W W W W W W W W W W W W W W W W W W W W W W W W W D D D D R L U U U U U L L L L L L D D D R R R R R R R R R R R R D R D D R R R D D D R D R D D D U L L L L R R R R U U L U L U U 
82 13 5 200
669 311 502 261 697 
U U U U U U L U U U R U U U U U U U L U U U U U U L L L L R R R R D D D D D R R R L L U U U U U U U U U U U L U U U U L U U U U U U U U R U R D D D R D D R R R R R R R R R R R R R R U U U U U D D D D D L L L L L L L U U U U U U D D D D D D R R R R L L L L L L L L L L L U U L U U U L D L D D D D D L L L L L L U U U R U D L D L U U L U U L U L L L R R R D R D D R D R L L L L L L R R R R R D R D D R 
32 21 4 196
146 469 89 322 
R R L L D D L D D D D D U U U U U R U U R R R R R R U D L L L L L R R R R U U U U U R R R R R U U U R U U D D L D D D L L L L L D D D D D L L L L L R R R R R R R U U R U U U U U U R U U R R R R R U R U R U R U U R U U U U L L R R D D D R R R R R R R R R D D D L D D D D U U U U R U U U L L L L L L L L L D L L L L L L R R R R R D D L D L D L D L L L L L D D L D D D D D D L D D L L L L L L L 
54 67 6 173
788 981 176 818 25 71 
R L D D D L U U U U U U U U U U L L L L L D L L U L L U D R R D R R U R R R R R D D D R R R R R R R U U R R U D L L D D L L L L L L L D L U L L R R R R R R U U U L U U L U L R D R D D R D D D R R D D R R D D U U L L U U L L L U U U U U D D D D D L L L D D D D D L L D L L L W W W L R R R R U R R U U U U R U R R U R L D L L D D D D D D D R U U U 
33 45 5 200
242 151 776 43 328 
D D D L D U R U U U U U U R U D L L L L R R R R R U R R U R R L L L L L L L L L L L L U U U U R R U R R U U R U R R L L D L D D L L D L L D D D D R R R R R R R R R R D L L D L D D U U R R U R U D L D L L L D D D L L W W W D D D U U R R R R R L L L L L D D D D D D R D D D R R D D D D D D R D U L L D U R R D D L D D L D L D D L D D R R R R R L L L L L U U R U U R U R U U R U U R R U U U U R U R L D 
90 87 5 198
575 560 466 229 102 
U U R R R U U U R R R D D R R L D D D D U U U U L U U D D D U U U L L L L L L L L L U U U U U U U D R R R R R R R R D D R L U U L L L L L L U D R R R D D R R D D R D D R D U L U U L U U L L L L L L D D R L U U R R R R U U L L L L L D L U L L L L L R R R R R D R D D D D D R R R R R R D D D L L L D D D D D D D L L L L L L L U U U U L L U U D D R R D D D D R R R R R R R U U U U U U U U L R D D D 
91 9 4 134
802 796 990 642 
R R D R D D D R L L D D L L L L D D U U R R R R U U R L D D D L L L D L L L L U U D D R R R U U U U U U L L L L U U U U L U L U D R D R D D D D R R R R D D D D D D R U R R R U U U R R R R D D D D D U U U U U L L L U U L L L L L U U U L U D R D D D R R R R R U L U L L 
75 77 6 136
815 53 677 568 768 97 
R R R R R R D R D D D D D D R R D D D D D D R R D D D D R D R R R R R D R D R L U L U L L U D L L L U L U U R R R R D D D U U U L L L L U U L L U U U U U U U R U R R R L L L D L D L D D R D R R R R R D R L U L L L L L L L L R R R D U U L U U L U U U U U U L U L L L L L L 
22 87 6 200
393 736 797 341 953 320 
U U L U D D D L R U U R D L L L L L L U L U U U U U U U U R U R R U R R R R R D R R D D R D R R R D D U U L L L U L U U L L U L L L L L L L L L L L L R R R D D D D D D D D D D D D D D D R D R L L D L D D D R D W W W W W W W W R D D L L L L L U U U U U U U U L L U U U U L L L U D R R R D D D D R R D D D D D D D D R R R R R U U L U L U U U R U R U L U U U U U U U U U U U U U U U R R R R R R L L D L 
37 82 3 178
866 822 81 
U U U U U U U U U U U U U U L L L L L L L L L R R R R R R R R R R R R R R R L L L L L L D D D D D D D D D D D D D R R R R D D U U L L L L U U U U U U U U U U R R R R D R R R D D R D D U U L U U L L L U L L L L D D D D D D D R R R R R R R R L L L L L L L L U L L L L L U U D D R R R R R D D R R R R L L L L U U U U U D D L L L L L L R R R R R R D D D D D D 
79 98 4 107
536 659 773 611 
L L L L L L R R R R R D D D D R D D U L L D L D L L L R R R U R U R R U U R L D L U U U U R D L D U R U R R R R R R R D D L D D D D R D D R D D R D W W W W W D L L R R U U L U U L U U L U U U U R U U L L L L L L L 
86 14 6 200
591 415 830 169 885 297 
D R L U U U U U R R R R U U U U U R R R R R U U D D L L D D L R R R D R R D U U D L L D D L R U U R R L L U L L U U L L L U U L L L R R U D R D D D D D D L R D L L L L D D D D D D D D R W W W W W W W W W W W W W W W W W W W W W W W W W W W R R D D D R R R R R R R D R D D D L L D L L L L U L L L L L L L L D L L L L U U U U L L R R D D D D R R R R U R R R R U U U D D D R R R R D R R R R U R R U U U 
41 78 5 172
820 946 23 771 38 
D D U U R R U U R R U R R R R U U R U U R R R R R R R R U R U R U R U U D D L L L L L L L R R R R R R D L D L D L L L L L L L L D D D D D D D D D R D D D R R R R D U L L L L U U U L U U U U R R R L L L U U U U U U U U U U D D D D D D D L D D L L L L D L L D D L L L D D D D D D D D L L R R U U U U U U U U R R U R U U R R R R L L L L D D L D L 
17 58 6 138
5 113 41 905 930 749 
L D D D L L D L L D D L L L L D L D D L L L U U U L R U U U U D D D R R R R R R L U U U U U U D D D L L U U D D R R D D D L L L L L D D D D R R R U U R U R R R R U U R R U R U U U U D D D D R U U U U L U U U U R R R R D D D R R L U U U U D D D D L U U U L L L L D D D D R D R 
6 44 6 200
543 899 399 49 701 402 
R R D D D R R D R R D D D D D D D D D L R U U U U U L L L L L L L R R R R R R R D D D D R R R D D L D L L L D D L D D D D D U R R U R U R R U R U R R R L L L D L D L L D L D L L U U U U R U U R R R U R U U L L L U U U U U U U U L L U L L U L L R R D D D D D D R R D D R D D D D D D L D L L L L L L L U U U U U U U U U U U L L U U U D D D R R D U L U U U U D D D D R D D D D D D D D D D D R R R R R R 
89 72 3 200
558 833 210 
U U U U U U R L U U U L L U U U U L U U U U U U D D D D D L D D D D L D L L R R U R U U U U R D R R R R R R R R U U U U U U U U L U D R R R R R L L L L L L U U L L L R R R D D R R D D D D D D D D L L L L L L L D D D D R R D D D D D D D D D L L D D D D R R R R D D D L L L L L L L L L L L L L L L L L L D U R R R U U U U U U D D D D D D L L L L L L D D D L D U L U U L U U U U L L U U L L L R R R D D 
33 83 4 200
59 449 579 752 
U R R R U U L L L L L L U L L L L L L L U U D D D L L L L U L L L L L U U U U U D D D D D R R R D D D D D D D L L D D D D L L L D L L L U U L L L R R R U U U U U U D L L L U L L D U R R D R R R D D D D D D D R R R U R R R U U U U R R U U U U U U U R R D R R R R U R R R R R R R D R R R R R R D D L L L D U U U L L L L L L L R R R R R R R R W R U U U U U U U U L L U L L L L L L L L D D D D U U U U R 
67 98 7 200
228 422 125 380 886 323 145 
R R R U D R D R D R D D R L L L L L L L L D L R U R R R R R R R R R R D R R R R U R R U U U R R D D D D D D D D D R R D R D R R R R R R U U L R D D L L L L L L U L L D D D R D D D D U U U U U U R U U R U R U R R U D L L D D D D D D D D R D R L U L U L L L L L U U U U L U U U L L D U R R D D D R D D D D R R R R R U U U U U U L D L D D L D D L U U U R U L L U U U U U R U R R R D U L L L D L U U U U 
17 59 8 150
861 942 688 676 267 847 444 497 
U U U R R U R U D R D R L U L L D L D D D D D L D D D D D D D R R R R L L L D D L D D L L L D D D D D U U U U U R R R R R D R R R R L L U U L U U U D D D R D D L L U L L U U L U L L L U U L U D R D D R R R D R R U U L U D R D R U U U U U U R U D L D D D D D D L U L U U U U U U U R U U U U U L D D D 
76 4 4 96
86 529 941 585 
L L D D D L L D U U L L U L U U U U U U L R D D D D R R R R R R R R D U L L U U U U U L U L L D D D D U U R R L D D D R L U U U L U U R R D R D D D D D L L L L L L D D R D R R D R R U U U R R 
24 97 4 200
853 126 879 884 
L L U U D D L L L L L D D L D R R R R R R D L D D D D R R D R R R R R R R R R R R R D U L L L U U U U U D D D D D L L L L L L L L L U L L U U U U R U R U U R R R U U R R R U R R R L L L D L L L D D L L L D D L L D D D D D R R D R R R R R R R R R U U U D D D L L L L L L L L L U L L U U U U U R R U U R R R R R R R R R R R L L L L L L L L D D D D D U U U U U L L L D D L L L L L L L U R U U R R R R R 
44 46 3 138
729 974 80 
R U R R R R R R L L L L L L D L L L L D L R R D R L U L U R R R R U R R R R R D D R R R R R U R R U R U U R U U R U U R R R R R R D R R R D D D R D D R R D D D U U U U D L L U U L U U U L L L U L U U U U D D D D L L L L L D D L D D L D D L D L L D L L L L L U U L L L L L D L 
31 84 2 128
281 848 
L D D D D D D D D D D D D D D D R D D L D D D D L D D D D D L L L L D D D D L D L L L L L L U U U R R L L D D D R R R R D D D D D D U U U U U U U U L L U L U D R D R R D D R R U R U U U U R R R R U U U U U R U U U U R U U L U U U U U U U U U U U U U U U R 
17 3 6 166
720 498 93 539 636 222 
U R R R R U U U U U U U R R U U R L U U U U U L L R R U U U R R R R R R R R U R R R R R U U U U U U U R R L L D D L R R R R D R L D D D L D L D L R U R U R U U U R L U L L L D D D D D L L L L L D L D D D D D D L D D D D U U U U R U U U U U U U U U U U L R D D D D D L L L D U L L L L D D D D D D D D D D L L D D D D D D D L L L L D 
87 34 7 200
360 264 193 319 646 42 871 
D D D D D D R U R R D R R R R R R R R L L L L L L U U D D L L U R R R R U U R R U R U U R R U D L L D D L D L L D D L D U U R U U U U U U L R U U D D D D D D D D L D L L L L L D L U U U U U U R D R R R D R D D R D R R D R D R D U L U L U L U U R R R R R U U U U U U U W W W W W W W W W W W W W W W W W W W W W W W W W W W W W W W W W W W W L U U L L L L L R R R R R U D D D R D D D D D D D L L L L L 
73 38 5 200
454 60 117 185 501 
U U U R R R R L L L L D D D L D L L R R D D D D D R R R R R R R D D R D D D D R L U U U L D L D D D D D L L L L D R R R R D D D D D D D R R D R D D R R R U D D R D D D D D R R R R R R R D D D D R R R U R U R U U U U L U U U U U L L L U U D D R R R D D D D D R D D D D L D L D L L L U U U L L L R R R U R R R L L L L L L L L L L L L D U R R U U U U U L U L L L U U L U L L U U U U U U U L L L L U R R 
50 62 4 136
127 678 587 458 
R R R R R R D R D D D U L L L L L U L L L L L D L L L L D L R U R R R R U L U L L L L U U U U U L U L U U L L L L U U U L U U D D R D D D R R R R D D R D R D D D R R L L D D R R R R D R R R R D D D D D D D D D U U U U U U U U U L L R R R R D R R R R R U U L U L L L L L L 
78 34 2 118
778 707 
D L L U U U R R R R U U U U U U L L L U U L L L R R R U U R D D D R R R D D U U L L L U U U L D D D D R R R D D D D D D L L U U U U U U U U U U U L L L L U U U L L R R D D D R R D D D D U U U U R R D D D D D D D D D D D L L D D D R R U 
27 44 3 200
384 424 969 
L L D D L D D D D D D L R U U U U R R D D R R R D R D D U U L U L L L U U L L U L L D D D D D D D D D D D D D R R L L U U U U U U U U U U U U U R R U R U U R R L L L D L D L L U U U U U U U U U R R R U U R U R R R R R R R D R L U L L L L L L L D L D D L L L D D D D L L D L L L R R R U R R D D D D D R R U R R R L L D L L L U U U U U U U R R R U U U U U U R U U L U U R R L L D D R D D L D D D D D D 
38 54 6 200
837 754 259 248 649 299 
D L L L L L L L L L D D D D U U U U R R R R R R R U U U U U R U U U R D R D R R D D R R R R L L L L U U L U U U U U L L U D R R D D D D D D R D R R R R R D D D D D D D R R D R L U L U U U R U U D D L U U U U U L L L U L R D R R R D D D D D R R R U U U U U U L L L U U U R R U R R R R R R U U U U R U R R R U U U R R R R R R R R R R D D D D R R R R R R R U U D D L L L L L L L U U U U L L L L L L L L 
72 88 8 200
812 516 606 573 58 519 15 755 
U U U U R R R U U U U U U U D D D L U U U L R D D D R D D D D L L L D D D D R R R R D D R R R R R U D L D L L L L L D D R R R R R D D R D D D R D R D D U U R R R R R U U D D L L L L L D D D D D D U U U U U U L U L U U U L U L L L L L L L L L D D D D D D D L D D D D D R R D D R U U U U R R R R D D D R D R R R L L L U L U U U L L L L D D D D L U U L L U U U U U R U U U U U U U R R R R R R R R R U L 
6 74 5 200
567 227 777 779 260 
U U L U D D D D D D D U R R R R R R R R U U R U U R R U D L L D L L L L L L U D R R R R R R R R R R R R R R R R U U U U R U D L D D D D L L L L L L L L L L D L D D L L L L L L L L U U R R R R R R R R R R R U U R R U U U U U U U U U R U D L D D D D D D D D D L L L L L L L L L L L U U U U L U U U U U U R U U U R U U R U U U U U U R U U R R R W W W W W W W W W W W W W W W W W W R D D D D U U U U L L 
50 28 4 200
226 660 602 75 
D D D D R L D D D D D D D D D D D L D L L D L D L U U U L U U L L L U U U U U D D D D L L U U U U U U U D D D D D D D R R D R R R D D R D D D R U R U R R U R U U U U U U U U R R L L D D D L D L D D L L D L L U U U L U U L U L U D L L L L L L L L L L D D D D D D D D D D L L D L L L R R R U R R U U U U U U U U U U R R R R R R R R R R R U U U U R U D D D R R L L U U L D D D D D D D D D D L L D L D L 
75 49 5 200
710 836 795 296 8 
R R R R R R U R L D L D U L L L L U U U U U U U L U L U U U U U L L L L L U U L L U L R R R R R L L L L D R R D D R R R R R D D D D D R D R D R R R R L U R R R R U U R R R R U U L U L R D R D D L L L L D D D D D D W W W W W W W W W W W W W W W W W W W W W W W W W W W W W W D U U U U U L U U D L L L L U U D D R R R R D D R R D U L L U L L L U U U U R R R R R U R R R R R R R R R R L L L L L L L L L 
12 5 5 200
386 770 364 855 314 
R R R R R R R R U U L U U L U U U U D D D D R U U R U U U U U U U U R U U U U L R U R R R U R U U L L L L U L U L U U L U U L L L U U U L U U U U U U U U L L L L U L L L L L D D D R R D D D D D D U U U U U U L L U U U R R R R R D R R R R D D D D D D D D R D D D R R R D D R D D R D R D R R R R D D L D L L L D D D D D R L U U U U U R U U R R L L D D L D D R R R R R R R U U D D L L L L L L L D D D L 
43 47 2 200
309 834 
R U R R R R R R R R R R R U U U R L D D D L L L L D D D D D D D L L R R U U U U U U U R R R R U U R U R L D L D D L L L L L L L L L L L D L D L D L R U R U R W W W W W W W W W W W W W W W W W W W W W W W W W W W W W W W W W W W W W W W W W W W W W W W W W W W W W W W W W R R R R D D D D D D D D R R D W D D D U U U U L L U R D R D D D D D D D D L L L D L L L L D D R D D D D R D R R D R D R L U L U 
89 22 6 200
355 780 347 716 919 136 
L L L L R R D D D L U U U U U L U D L D D D D D D D D D D D D L L L U U U D D D R R R U U U U U U U U U U U U R U U U U U U U U U U U U U L U L U U U U U L U U U U U R R R R R D D D D D D D D D D D U U U U U U U U R R R R R D D R D D R D R R R L L L U L U U L U U L L L L L D D D D D L R U U U U U U U U R R R L L L L L L L L D D D D R L U U U R R R U R U R R R R R D D D D R R R R U R U U L L L D U 
75 25 6 200
562 152 106 671 274 617 
U U L U L U D D D D L D U U U L U U D D R D D R R L L L L L D L D D D L L L U U U U U D D D D D R R R U U U R U R R R R U U U R D R D D U L L L L L U L U W W W W W W W W W W W W W W W W W W W W W W W W W W W W W W W W W W W W W W W W W W W W W W U R R U R R U L L U L U U U U U U U U U U U U U U U U U U U L U L U D R R R R U R L D L L L D R D D D D D D D R R R R L L L L D D D D D D D D D D D D R D 
18 42 5 200
926 256 572 514 774 
R R D D D D D D D L L L L U U U U U U U U U U L W W W W W W W W W W W W W W W W W W W W W W W W W W W W W W W L U L U U L L L D D L L L L L L D D D D L D D D R D R D D D D D R D R L U L U U U U U R D R U U R R R L L L D D D D D D D D D D U U U U U U U L R U L U L L U L U U U R U U U U R R R R U U U U U D D D D D R R U U R R R D D R D R L L U L R D R R R D D D D D D D D D D R R R R U U U U U U U L 
69 12 7 200
823 170 850 618 927 154 162 
L U U D L L L L L U U U U U U U U L U U L L U L R D R D D U U U U U L L U U L L R R D D D D D L W W W W W W W L R R U U U R R R R R R D R D D D D D D D D R D D U U L U U U U U U U U L U L L L L D D D R D D R U U L L L L L L U U U U L L L D D D D D D D L D D D D D D D R D D D R R D D D U U U L L U U U L U U U U U U U R U U U U U U U R R R D D D D R R R R R R D D D D D D D D R R L L D D R R R R R D 
57 42 3 128
198 73 950 
L U L L U R U R R U D L L D L D L D L D D L D D L D D L L L D U L U U U U U U U U L L R R D D D D D D D D R R R R U U L R D D L D D D L L D L D D U U R U R R U U U R U U R U U R U R R D D R R R R R R R D D U U L L L L L L L U L L R R U L L U R U R R R D R 
22 23 6 200
880 55 711 645 722 530 
R R R R R U U U U U U U U U U U L U L U L L R R R R R D R R U U U U U L U L U D D D U L L L L L R R R R R U R D R D D D D D L D D D D D U U U U U U U R L U U L U U U U W W W W W W W W W W W W W W W W W W W W W W W W U U L L L L L L D D U U R R R R R R D D D D D D L L L L D L L L D D D D L D D L D D D R D D D L L U U U U U U U L L U D R R D D D D D D D R R U U U L U U U R U U R U U U U R R R U R R 
25 69 3 200
3 712 138 
L L L L L L L R U U U U U U U U U D D D R L U D D D D D L L L R R R R R R R R R R L L L U D L L L L D D L D U R R R R R R R U U U R R L L D D D L W W W W W W W W W W W W W W W W W W W W W W W W W W W W W W W W W W W W W W W W W W W W W W W W W W W W W W W W W W W W W W U L L L L L L L L L L L L L L L L L L L U L L U L U U U U U U U U U U U U U U U L L U U U U U U U U R R R R R D D R R R D U L L L 
35 75 3 122
247 662 496 
R D R R R R U R R U R R U R R R R R R R U U U R R R U D D D R R D D R L U U L L U U L L L D D L R D L L L L L D D D D D D L D D D D D U U U U U R R D D U U L U U U U U U L L L L L L U U R R L L D D R R R R D L L D L L D L L D D D U U U L L U L 
13 57 6 200
303 479 96 465 760 363 
L L L L L L L L L R R R R R R R R R U U U U U U U D D D D D D D D D L R U U U U U U U U D D R L D D D D D D L W W W W W W W W W W W W W W W W W W W W W W W W W W W W D L D D D D D L L D D L L R R U U R U U D D R U R R R R L L L L U U U U R U R U U D D L D L L L L L D L D D D D L D D L D R D R R R R R R D R R L L U L U U U R R R R U U U U U U R R L L D D D D D D L L L L L L L R R R U U U R U U D D 
