100
79 14 6 200
669 311 454 400 878 157 
U U U U R U R U U R U U U U U U U U U L U U U U U L L L L R U U U U L L L L L U U L U L U U U L L L R R R D D D R D R D D R R D D D D D D D D D D U U U U U U U U U U L L L L L L L U L U L L U U D D R D D D U U U R D R D R R R R R R R R R R D D D D R R R D D R R R R R U U U U U L U L R D R D D D D D L L L L L U U U L L U U U D D D R R D D D R R R R U U U U U U U L L U L R D R R D D D D D D D L L L 
32 39 4 159
242 128 63 828 
L U U R U U U U U R U U R U D L D D L D D D L L L L L L L U U D D L L L D D D D D L D D L L L D L D D L L R R U U R U U L L R R D R R R U U R U U U U U R R R R R R R R R R U U U R U U R R R U U U D D D L L L D D L D D D D L L L L L L D U R R R R R R D L W W W W W W W W W W W W W W W W W W W W W W W W W W W L R D D R 
90 36 4 160
193 319 646 46 
R D D D D D D D D R R R R R R R L L L L L L U U D D L L R U U R R R R R R R U U U U U R L D D D D D L L L L L D D U U L L U U U U U U R R U U U U U U U W W W W W W W W W W W W W W W W W W W W W W W W W W W W W W W W W W W W W W W W W W W W W W W W W W W W W W W W W W W W W W U L D D D D U U U U R D D D D D D D D L L L 
33 17 8 200
469 146 89 2 660 336 353 725 
U U R U U D D L D L L D D D D U U U U R R R R U U R R R U U D L L L L L R R R R R R R U U U U R U U U U R U R U D L D L D D D D L D D D D L D D D D D U U U U U U U L L L L L L L U L U U L U U U W W W R R R R R R R R W W W W W W W W U U U W W W W W W W W W W W W W W U R R R R R D R D D D R R D R R D U L L U L L U U U U U U R R R L L L D D D L U L L L L L D D D D L D D D D U L L L L R R R R U U U L 
18 14 9 188
364 924 720 765 190 473 664 770 367 
D R D D D D R R R D D R D D L L D L L R R R R R R R R D R D D U U L L R U L L L U U U U U U U R U U U D D D L D D D D D D D L L L U U U L L L L L L U L L U U L R R U U U U U U U U U L L L L L R R R R R D D R R R R R R R R U U U U R R R R R U D L L L L L D D D D L L L L D D U U L L L L D D D D D D D L D D R R D R R R R R R D D R R U U L U U L L L L L D L R U R R U U U U L U 
85 17 3 164
780 347 99 
R U R U L L L U U U U U R U D L D D D D D D D D L L L D U R R R U U U R R R D L D L U U U U U R U U U U U R U U U R R R U U U U U L U U R R U R U U U U U U U L L L L L D D D R L U U U R R R R R U U U U U U R R U R R R L L L D L L D D D D D D D D D D D D L L L R R R D L D L L D D R D D D D D L L L D D D L D D D D D L D D D D D 
43 9 6 200
744 403 107 490 420 159 
D D U U R R R R R R L L L L L L L D L L L L D U L L D D D D D D D D L L L L L L L U L R R R R R L L L L D R R R R R L L L L L U L L U U U L U U U U U U U U U U U L L L D D D D D D D U U U L U L L R R D R D D D R D D D D L L L L L L L L L L L L L U U U U R L D D D D R R R R R R R R R R R R R U U U U L U U U U U U U U L U U U D L L L L L L L L L D D D D D D D D D D U U U U U U U U U U R R R R R R R 
32 67 5 200
428 3 446 196 912 
D D R D D R U U U U U W W W W W W W W W W W U U U U L L L L L L D L L L L L L L L L L D D U U R U U U U U U U D D D R L U U L L L D D D D D D U U U U U U R R R D D D D D D R R R R R R R R R R R R R D R D U L U L L L L U R R R D D D U U U R R R D D D D D D D D D L U U L U U L L L D L R D R D D D D D R R R R R R W W W W W W W W W W W R R R U W W W W W W W W W R L D L L L L L L L L L U U U U U L U U 
96 26 3 200
415 445 810 
D D L L D L R U U U U D D D L D U R R R U U L L L L W W W W W W W W W W W W W W W W W W W W W W W W W W W W W W W W W W W W W W W W W W W W W W W W W L U L L U W W W W W W W W W W W W W W W W W W W W W W W W W W W W W W W W W W W W W W W W W W W W W W W W W W W W W W W W W W W U R R U U W L L D L L R D D D D R R D R R R D D R L L L D D U U R R U U L L L U L L U U U U R U R R D D L L D D R R D R R 
64 7 6 170
456 529 585 661 22 149 
D D L L L D U R R U U U R R R U D R R R D D D D U U R R R R R L L L L L L D D L L L D D D L D L L L L L U U U L R D D D R R R R L L L L U U L U U U L L U D R R D D D R D D R R R R R U R U U U R R R U U R U U U U R L D D L L L L D D D D D D D D R R R R L L L L L L L L L L L L U D R R R R R R R R U U U U U U U U U U R L D D L L D D D R U U 
10 31 3 164
257 390 531 
L L L U L L U R R R U R U R R L L D L D L L L D D D D L L D U R R U U U R R R R R U D L L L D D L R U R R R U U U U R W W W W W W W W W W W W U R R D D R D D D D L L W W W W W W W W W W W W D L W W W W W W W W W W W W W W W W D L L L L D L R U R R R R U R U R R U U U U L U U L L D L L R R R R R D D D D U U U U L L L L D D D D 
72 14 3 200
823 941 603 
L L L L D L D D D D R R R R R R R R R R D D D D D U U U U U L L L U U L R D D L L D D U U R R L L L L L L L U U U U R U R R R R U U L L U L L L R R R D R R D D L L L L D D W W W W W W W W W W W W W W W W W W W W W W W W W W W W W W W W W W W W W W W W W W W W W W W W W W W W W W W W W W W W W W W W W W W W W W W W W W W W W W W W W W L R U U R R R R U U U L L L L L L L L L L U L U U D D R D R R R 
71 15 5 188
130 992 832 865 726 
U L U L L L L L L L L L U L L R R D R R R R R R R R R D R D L L U L L D D W W W W W W W W W W W W W W W W W W W W W W W W W W W W W W W W W W W W W W W W W W W W W W W W W W W W W W W W W W W W W W W W W W W W W W W W W W W W W W W W W W W W W W W W W W W W W W W W W W W W W W W W L L D D D D U U U U R R U U R R D U L L L L L D L D D D D L D U R U U U U R U R R R R R D R R 
9 51 5 114
5 113 41 905 50 
U R R L L D L L L L D D L U U U L R U U U U D D D D D D D R U U R R R R U U R L U U U U U U D D D D L L L U U R U D L D D R R R D D D D L L L L U L U U U U L L L R R R U U R R U U U R U U D D L D D D L L D D D D D D R D R R R R 
92 78 7 200
599 835 51 982 864 361 987 
R R R R D U U R U U U U U L L L R R R U D D L R D D D D L D D D D D D D D D U U U U L L L L L L L L L L D L D D D D D R R R R R U U R R L L D D L L L L U D L U U U U U R U R R R L L L L D D D D L L D W W W W W W W W W W W W W W W W W W W W W W W W D D D D R D D L L L U D R R R U U L U U U U D D D D R D D D R R R D D D D R R L L U U U U L L L U U U L U U U U U R R U U U U U D R R R R R R R R R R R 
85 23 4 200
355 264 885 29 
D U R R U R U U U U D D R L D D D D D D D R L D D L D L R U R U U U U U U U L D L L U U U U U U U U R R R U W W W W W W W W W W W W W W U U U U U U U U U R U U U W W W W W W W W W W W W W W W W W W W W W W W W W W W W W W W W W W W W W W W W W W W W W W W W W W W W U R R R R R R D R R R R D L D D D D D D D D D D D D D R D D D D D D D D D D D L D D D D D D D L L D L L L L L L U U U R R L L D D D R 
23 44 2 102
976 847 
U U U L U D L L L D D D R D D D U U U L U U U U U L U D D L D D D L D U R U U U R U R R R U D L L D L L D D U U R R D D D D D D D L L L L L R R R R R U U U U U U R R R R D D L L U U L U U D D R D D R R D 
16 96 4 118
208 59 32 853 
R D R R R R D R R R D R R D D D R D D D D D D R R L L D U U R R R R R R R R L L L L L L L U U D D L U L L L L L L U U R R U D L L D D R R R R R R U U U U L U U U L L U L L U U U U U D D D D D L L L L L L R R R R R D R L U U L L L L U L 
19 64 10 184
861 942 688 676 267 440 860 443 270 749 
D R U D R D R L U L L L D L L L R R R R L U L U L U U R U R R R R R R R R R R L L L L L L L L L L D L D D D D L D D D D D D D L R U U U U U U U R U U R U U U R U R U R R R R U R R L L D L L L L D L D L D D D D D D D L D D L L R R U U R U U U R R U D D D R R D U L L U U U W W W W W W W W W W W W W W W W W W W W W W W W W W W W W W W W W W W W W W W W W W W W W W R L 
81 7 7 200
686 467 62 117 933 703 139 
R U D L L L U U U U U L U U U U U U U U U U U U R U R U R L U U U L D L D D D L D D L L D L R U U D R R U U D D D D D D D D D D D U U U U U U U U U L L L L U U U L L U U L R D D R R D D D R R R R U U U U U U U L L L L U L L L U U L L L U U L U L L L L L L L L R R R R R R R R D R D R L D R R R D D D D D D D D L L D L L L L L D L L L L L L U U U U R R L L D D D D R R R R R R U R R R R R U R R U U U 
3 46 8 200
96 465 930 479 760 952 926 965 
R R R U R R U R R R U U U U R U U U U U U R R U R R D U L L D L L D D D D D D L D L R D R R R R L L L L U U U L U U U U L L D L R U R R U D D D D D R D D D D D R R D D D D D D R R R D R R R R D U L L L L U L L L U U L R U U U U U U D D L L L L D D D D D D D D W W W W W W W W W W D D D D D D D L L L D D D L L D L L L U U R U U R U U U U U D D D D D L D D L D D R R R U R R U U U R R R U U U U U U U 
7 21 4 140
574 0 399 572 
U D D D D D R R D D R L U U L L U U U U U L L U U U U U U R U R R R R U R U U U U R U U U D D D L D D D U U U R U U L L L L L L L R R R R R R R D D D D R L U U L D D D D L L U U L L U U U L U L U U R R R R U R L D L L L L D D R D R D D D R R D D R D L L L L D L D D D D D D R R D 
52 10 6 200
877 631 927 671 246 365 
L L L U U U L R U U U U R R U U R R R U R R U R U U U U U D D D D D D D D D R R L L D L R U U U U U R R R U R R U R U R R R U U D D L L L D L L L L R R R R R R U U R L D D D D U U L L L D L L D L L L L L R D L L D L L L D D L L D D D L L L L L L R R R R R R D D D R R R R L L U U U U L U L L D L D D D L L L L D L L L L L D L L D L D L D D R D D D U U U L U U R U R U R R U R R R R R U R R R U U D D 
60 55 6 200
79 678 18 932 73 322 
L U U L L U L L L L L D L L U L U U D D L L L L L L L R R R R R D D D D D D D D D D R D D D D D D D D D R R D D D R D R D R R R R R R R R D D D D R R L L U U U U L L L L L L L L U L U L U U U L L L D D D D U U U U U U U U U L L L R R R D D D D D R R D U L L D D D L D D D D D D U U U U U U R U U U R U R D D R D R R D R D D R R R R D R D D D U U U L U L L L L U U L U L L U L U L L D D L D L L R R U 
51 2 5 200
405 421 951 569 600 
L L L L L L L L L L U U U L L L L U U U U U D D D D D R R R D D D D U U U U R R R R R R R R R U U R R R R R R U R L D L L L D D D D D D L L L L D L R U R R R R U U U U U U U R R L L D L L L D D L L L L L L L L D D D R R R R R R R R R R L L D L W W W W W W W W W D L L L L U U U U U U U R R R W W W W W W W W W W W W W R R R R L L L L L D D D D D U U U U U L U U U U D L L L L L U R U D L D R R R R R 
19 23 5 168
701 747 889 424 709 
U U U U L L L L L L L U U L D D D R L U U U R R R R U U R U R R R D D D R D D D D D R D D R R L L U U L U U U U U L U L L R R D R R D R R R D D U U L L L U L L U U U L L L U D D L D D L L L D L L L L L D D D L R U U U R R R R R R U R R R U U U U U U R R U U U R R R R U D L L L L D D D L L D D D D D D L L L D L D R R R R R R R D D D D 
40 46 5 200
550 813 453 645 722 
D D D D L L L D D D D D L L D L D D R R R D D L D L D D D D L D D D L L L L R R R R U U U R U U U U R U R U U L L L U U R U R U D L D L D D R D R D D D R R R D D D D L L L L L L L U L U U U L L R R D D D R D R R R R R R R U U U U L L L U U U L U L U U L L U L L R R D R R R U U U U U U U U U U L L L D L L L D L D L L L L L L R R R R R R U D L L L L D L D D L D D L D U R U U R U U R U R R R R U R U 
22 23 6 200
880 55 711 498 272 763 
R R R R R U U U U U U U U U U L U L L L U U R R R R R U U U U U U D D D L L L U L L R D D D L L D D D D R D D R R D D D D D D L D L L L D D D D D D D D D R D D R R L L U U L U U U U U U U U U R R R U R U U U U U U R L L L L L L L D L L R R D R D D D D D D R D D D L L L L L U U L U U L U L U L L U U U U U U R U R L D L D D D D D L L R R U U U U R R R R U U U R R R U R R R U D L L L D L L L D D D L 
33 45 5 200
698 539 93 222 819 
D D D D D R D D L L L L U U U L L L R R D D D D D D D D R R D R R D D D D D W W W W W W W R R R R R R R D L L L L D D D U U U R R R R U L L U U D D L L L L L U U U U L L L L L D D R D D D L D D D D D D L R U U U U U U R U U U L U U R R R R R U L L U L L U U U U R R R D R R R R R L L L L L U L L L U U U U R D D D R R R R U U L U U U D D D R D D D D R R R R R R R D R R L L U L L L L L L L L R U U U 
3 23 5 200
808 349 163 433 593 
L U L R U U R L U U U U L L U R L D D D D D D D D D U U U U U U U U R R D D R L U U L R D D D D D D R L D R R D D R L U U L L U U U U L L D D D D D D D U U U U U U U R R D D D D R R D D R D R R W W W W W W W W W W W W W W W W W W W W W W W W W W W W W W W W R U U U U U U U U L L L L L L L L U U U U U U U U R R U U U R R D D D U U U L W W W W W W W U U U U U D D D D D L L R D D D L L D D D D D D D 
84 34 5 188
502 360 836 317 327 
D D D D R R R D U L L L U U U U L L U U U U L U U U U U L U U U U U U U L L L U L U U U U U U L L L L L L L L U U U U U U U L U L R R R R R L L L L D R D D D D D R R R R R R R R R U D L L L L L L L L L L R D D R R R R R R R R D D D R R R R R R R L L L L L L L D D D R D R R R D D D D D D D R D D D D D R D D D D R R L L W W W W W W W W W W L L L D D D L D U R U U U R R R R R 
18 47 4 200
82 848 563 841 
D D D L D L L U U U R U U U U U U R R R U U U U U U R R R R R R R U U U U U U U L L L L L L L L L R R R R R R R R R U R R R U D L L L D D D D D D D D L L L U U W W W W W W W W W W W W W W W W W W W W W R R R R R R R R U U U U U U U D D D D D D L L R R D L L L L L L L L D D L L L L D L L L U D R R R R R R U U U U U R U U U R U D L D D D L D D D D D L L L D D D D D L L L D D D D D D L D D D R R U R 
35 35 6 200
590 638 526 972 75 852 
R R R R R R R R R R R U R U U U U U U U U U L L L L R R U U U U R U U D D D D R L U U L D D D D R R D D D D D D D D D L D L L L L L D D D D R L U U U U U U U U U R U U U U U D D D D D L D D D D D L L L D D D D U U U R L L D D D W W W D L L L L L L L L D D D D L D D R D R R D D D D D D D D R R R R R R R R R R R R R U R U U U U U U D D D D D D L D L L L L L L D D D U U L R U L L L L L L L U U U U U 
86 93 4 134
85 960 773 957 
R L L D L L L L L U U L L L L L L L U L R D R R R R R R R D D R R D D L L L L D L D L L L U U L U U L R D D R D R R U R U R R U D L L U D D L D L L U L U D R D R R U U U R U R R U U R L D D L L D L D D D L L D D D D L L D U R R U U U R R R U R U R R R R U U R R R U R 
91 16 4 200
811 849 916 989 
D D U U R L L D U R R R R R L L L L L L D L L L L D D L D L D D L D D D D L L L L L L U U U L U L U U U U L U U U U L L L L L L L U R U R U U U U R U U R U U D D L D D L D D D D L D L L L L L L L L L D D R R D R R R R R R D D D D L D D L L L L D D R L U U R R U U D D R R U U R U U U U L L L L L L L L D D L L L D L D D U U R U R R R U U L L L L L L R R R R R R R R U L L U U R R R R R R R R D R R R 
81 37 5 200
778 351 697 60 413 
L D U U U U L L L L L U U U U L R R R R U U L L L L U U L L L U U L U U U U U L L L L L L L U D L L D L L L L L L L U L U D R D R R R R R R R U R R R R R R R R R D D D D R R R R L L L L L L R R D R D D R R R D D R R R R D D L D D D U U U L L D D L L L L L L L L L L D D D D D R R R R R L L L L L D D D D L R U U U U U U U U U R R R D D D L L R R U U U R R R R R R U D D L D D L D D L L L L R R R R U 
88 60 5 155
677 53 296 568 97 
U U L L D D R D R R R R D D R R R L L L U U L U D L L L U D D L L L L D D D D D D D U U U U U U U L R R R R R U U L U U R R D D D W W W W W W W W W W W W W W W R R U U U U U U U U R U U R R U U L L L L L U D R R R R R D D L L D D L L L L L L L L U D R R R R R R R D L L L L L L R R R R R R D D D D D D D L L U 
82 42 7 200
385 293 710 668 461 466 229 
U U U U U U R U U R U U R L D D D U L L R R R R U U R U R R R U U U R R U U U D D D L L D D D L L L D L D D D U U U U R U U U R R U R U R U U U U U U U U R R R R U U U U R U U U R U U U U U U U U U U U U U U L U U U U U U U U U U L U L L L L U L L L L R R R R D R R R R D R D U U L L L L L U L L R R D R R R R R D D D D D D D L L U U U L L L L L U L U L U D R D R D R R R R R D D D R R D D D D R D D 
49 37 5 200
114 214 644 188 517 
D D D D D D D D D D U L L L L L L R R D D D D D D D U U U U U U L L L L L L L L L R R R R R R R R R R D D L D D D D D D D U U U U U U U U L U L U D R D R D R U R R R R R R D U R U D L L L L L L L L D U R U L U R R U U U U U D D D D D R R U R R D R U R U U U U R L D D D D L D L U L L L L W W W W W W W W W W L L U U D D R R R R U R R R R R R R R U R R R R R R R R L L L L L L L L D L L L L L L L L U 
3 61 4 200
165 570 279 737 
R U R L D D D L L L D D L D D R R R D D L D D D D D D D D L L D D D D D D D D D D D D D D D U U U U U U U U U U R R R R R L L D D D D D D D D D L L R R D D D D D D R D U L U U U U L R U U U U U U U U U U U R R R R U R R U R L D L L D D D D D D D D R L U U U U U U R R R R R L L L L L D D D D D L L L D D D L D L R U R U U U R R R U U U U U U L L L L L L L U U U U U R R U U U U U U U U R U U L L L U 
92 12 3 134
265 438 236 
U R U D R R R R U U U U U L L U L L L U L D D U U R D R R R D R R D D D D D D D R D R L U L U U U U U L U L L L L U U U U L U U U U U U L L U D R R D D D D D D R R R D D U U L L D D D D R R R R D R D D L L R R U U L L L L L U U L U D R D D R R R R R D D D L L L L L D 
47 88 3 94
137 946 771 
U U R U D D R D D D R D U R R R R U U R R R R R R U U R L D D L L L L L L D D L L D D D D D D R D D R R D D D D D D U U U U U U L L U U L U U U U U U L L U U U U D D D D L U U U L U L D D 
93 31 7 163
871 654 624 33 577 840 42 
R R R R R R D D D D L L D U R R U U U U L L L L L U U U U U U U U U L R R R R R U R U L L L L L L D U R R R R U U U U U D D D D D R R D L D L D D D D D D R R L L U U U U U U L L L U U U U L U W W W W W W W W W W W W W W W W W W W W W W W W W L L L L U U U U D D D D R R R R D R D R R R R R L L L L L D D D D D D D D D D D D L 
54 60 5 200
127 981 587 882 153 
U U L U U D L L L L D L L D D U U L L L L U L U L L U U U U U L U L L L U U U U L R D D D D R R R D R D D D D D D D U U L U U L R D D R R R R R R R R R R R R R R R D R D R D R R R D D R D D D R D D L L L L L L L L L L L D D D D L R U U U U R R R R R R R R R R R U U L U U U L U U L L L U L U L U L L L L L L L L L L L L D D D D L L D D D D L D D D D D R D D D R D R D R D R R U U U U U U U U U U U R 
57 93 4 120
422 799 690 1 
R R R R R R R R L L L L L L L L U U U U U U D D D D D R R R R R R R L L L L L U U U U R R R R R R R D R R R U R R R U R R L L D L L L D L L L U L L L L L L U D R R R R U R L D D D U U L L L L L D D D D L L U U U U L R D D R R R L L L D D D 
80 58 7 200
597 680 504 179 795 57 132 
L L D L R R R D R U U U U R R U R R U U D D L D U R U U U U R R U R D D U U U R R L D D D D D D D D D L D L L D L D L L L L L L U D R R R R R R U R U R R U R U U U U U U U U U L D L D L L D D D D R L L L D L L L L R R D D D D L U L L U R R L L L L U L U U L L D L L L L L L L L L L L L L L L L L U U U L L U L L U L L R R D R R D R D D D D L L R R U U U U R D D D R R R R R R R R R R R R R R R R R U 
57 48 8 200
426 693 540 609 225 807 378 617 
R D R L U L U U U U U U L L L L L R R R R R D D R D D R R R D D D D D D D D R D R D R L U L U L U U U U U R R R R R R D D D R D R R D U L L U L U U U U U U U U R U U R R R R U R R L L D L L L L D L L L L R R R R D R R R R R L L L L L U U R R R U R R U U U U R U D D R D D D R R R R R R R R R D D L R U U L L L L L L L L L U U U L U L D D D D L L D L L L D D R R R R U R D D D D D D R D D D U U U L U 
50 67 4 126
141 788 300 542 
U U L R D R R R R R D R R R R R R R R R U R R R R R R L L L L L L D L D D D D D U U U U U U R R R U U D D L L D D R R R R R R R R D D D D D D L L D U L U U U D D D R R R U U U U U U L L L L L L L L D L L D U R R U U U L D L L L L L L L L U L L L L L D 
90 87 7 200
575 380 560 26 15 184 665 
U U D D L L D U L R R R R R R U U R U U U D D R R R R L D D D D U U U U L U U D D L L D L L R D D R L L L L L L L L U U L U U L R D D D D D D D D D D D D D D L D L D D D D D W W W W W W W W W W W W W W W W W W W W W W W W W W W W W W W W W W W W W W W W W W W W W W W W W W W W W W W W W W W W W W W W W W W W W W W W W W W W W W W W W W W W W W W W W W W W W W D D D D D D R D D L L L L D U R R R R 
33 83 3 132
731 662 875 
D R R D D R R R R R U R U R U U R R R D R R R R R D D D D D L L L L L L L D D D D D D D D D R R D D D U U U R U U R D D U U L D D L L L U U U U U U L L L L L R R R R R U U U R R R R R R R U U U U U L L L L L U L L L D D L D L D L L L L L U U L L R R U R L D L L U 
60 95 6 200
883 651 894 876 191 822 
R U R R R R R R L D D D D L L L L L L L L L L L L L U U L L L U U L L U D R R D R R U U U U D D D D L L D L R R R R D D R R R R R R R R R R R R R U U U U L L L L L D L R U U W W W W W W W W U L L L U L L L L L L L L D L L D L L D L L L L D D L L D L R R R D R D U L U L L U R R U U R R R R D D D D R R R R R W R D D D L L D D L L L L D L D D L L L D D L D U R U U R R R U U U U D D R U R R R R U U R 
46 67 4 200
462 782 604 288 
U U U R U U R U D L D D L D D D R D R R R R R R D R D D R U U U R R R R R D R R D D D U U U L L U L L L L L D D D L U U L U L L L L L L U L L L L L L L L L L D D D D D D D R R L L U U U U U U U R R R R R R R R R U R R U U U U U U U U U R R L L D D D D D D D D D L L D D U L L R R U D L D W W W W W W W W W W W W W W W W W D L D L L L D D D W W W W W W W W W W W L L L D L R D D U U U R R R U U U R R 
44 83 5 200
47 496 820 200 324 
D D D L D L D D L D L L D D D D D L R U U U U U R R U R U U R U R R R L L L L D D D L D U R U U U R R U U U L D D D D L D D D W W W W W W W W W W W W W W W W W W W W D R R D D D R D D L L L L L L D L L D D D D R D D R R R D R D R R R R D U L L L L U L U L L L U U L U U R R R R R R D D R R R R R R R R R R L L L L L L L L L L U U L L L L L L D D R D D R D R D U L U L U U L U U U U R R U R R R R R R 
78 1 1 14
86 
L L D L L L L R R R R U R R 
75 90 7 132
812 536 516 228 659 125 606 
U U U L L L U L U U R R U U R R R R L L U L L L L L R R R R R D L D D D D U U U R R R R R R R R R U R R R R R R R D R R R D R D D D D D D D D L L R R U U U U U U U U L U L L L U L L L L L L L D L L L L L L L L D U L U L U D D D L L D D R D D D D U U U R R R D D D 
17 76 4 200
376 493 295 858 
D D D D D D L D L D D D D L L D D D L L L L U L U U U U U L L L U U U L R D D D R R R D D D D D R D R R R R U U U R R U U U U R U R R R R R R W W W W W W W W W W W W W W W W W W W W W R D D D D L D D L D L U U U U L L U U L L U L U U L U L U U D D D D D D D D U U U U U U R D R D D R D R R D D R R R R L L U L U L L L U L U L U U L R D D R D R D R R R D R D D D D D R U R U U R U U U U L L L L L L U 
93 20 4 182
830 169 995 485 
L U D R R R R D R L U L L L R U R R R L L L D L W W W W D D R R R R U U U R U U U U U U L L L L L L U L L U L L D D D L D R D R L U L U R U U U R R R R R R R R U U U D D D L L L L L L L L D D D D D D D D D D D D D L L L L L L L D U R R R R R R R U U U U U U U U R L U U U U U R R D R R D R R R R R R D D D D D D L L L L L L L L L R R R R R R R R D D D L L L L U U 
34 77 4 200
401 412 104 330 
R R R R R R U L L L L L L L U L U U U U U R R R R R R R U R R R R R U U U U U R U R R R R R R R R R R R R R D R R R R R R R D D D D R R R R R R R R R R R R D D R D U L L L L L L R R R R R U U L L L L L L L L L U U U U U L U U R R R R L L L L D D R D D D D D L L L U U U U L L L L L L L U L L L L L L U U U D D D L L L L D U L L L D L D D D D D L L L L L D L L L L L L L U U U U U U U U U U L R D D D 
83 93 6 190
626 197 833 611 323 145 
U R U R R R D R D D R R R R R U R R R R U U R R L D D D D D D D D L L L D U R R R U U U U U U U U L D L L L L R R R R D R L L L L L L L U L L U U L L L L L L L L L L L R R R R R R R R R R R D D R R D R R D L L D D D D D D L L L L L R R R R R U U U U U D D D D D D D D D D U U U U U U U U U L L L L L L L L L L D U R R R D U R U U U D D D R R R R R R U U L L L U U L U L L L D L D 
57 7 3 198
162 407 809 
L R U U R R U R U U R U R U U R R R L L L D D L D L L L L L L W W W W W W W W D D L D L L L L L L L L L L U U L U L L L L L L L L L U U L L L L U U U L R D D D R R D U L L L U L U L L R R U U R R L L L L L U U L R D D R R R D D D R D R R R R R D D R R R R R R R R R D R D D R R R R D D D D L D D D L L R R U U U R U U U U U U U U U R U D L D D D D D R R R R R R U R U U R R R R R D D L D L L D D 
79 0 7 147
205 640 990 77 209 944 501 
R U R R R U U U U U U U U R U R U D D R R R R R D L L L L D D D D D R R R D R R R R R R R W W W W W W W W W R U U U U R L D D D R R L L D L L L L L L L L U L L L U U U U U R R R R U U R R R L L L D L L L L L U L D L D D D D R R R R R R R R R R R U R L D L L L L L L L L L L L D D D D L L L D L 
18 96 7 200
341 528 576 961 935 463 884 
U U U L L L L L L L L L L L D D D L R U R R R D D D R R D D R U R R R R R R D R R R R R L L L L D D D D D D D R R R R R R R R R R U U U U R U U U U U U L U U L U L L L L L L R R R R R R D R D D R D D D R R U U U D D D L L D D L L L L R R R R D L D D D D L L L L L L L D D D D U U U U U U U U L U R R R R R R U D L L L L L L D R D D D D L L L U U U U U U D D D D R D R R U R U U U R R U D L L D D D L 
22 87 4 200
283 736 752 844 
U U U D D D L L R R U L L L L L L U L R D R R R R R R D R R D R R L L U U U U R U D L D D D L L W W W W W W W W W W W W W W W W U L U U U R R R R U W W W W W W R R R R R D W W W W W W W W W W W W W W W W W W W W W W W W W W R W W W W W W W W D D D D D D L D D D D L L L L D D U U R R R R U U U U R U U U U U U U U U U R R R L L L D D D D L D D D D D D D D D D D L D L D D D D L D D D L L D L L L R R 
32 62 4 148
803 670 859 781 
R R R U U U U U U U R U D R R D D D R D D D U L L R R U U L U U U L L L U U U U L L L L L L L L U L U U L U U L R R R U R R L L L L L L L L U L L U L L L L L L D L L L L L U U U U D D D D R R R R R U R R R R R R D R R D R R R R R R D L L D D R D D R D R R R R R R R R D D D D D D D D D D D L L L 
12 47 6 200
774 543 899 402 144 476 
D R L D D L L D D L L D R D R L U L U L L L L L D L L R R D D D D U U U U U L R R R R R R R R D D D D R D R R D R R D R L U L L U L L L L L D L D D U U R U R R R U L U U U U U U R R U U U D W W W W W W W W W W W W W W W W W R R U U U U U U U U U U U U R U U U U U U U L L L U U U L R D D D R R R D D D D D R R R R R D R L U L L L L L L U U L L L U U U L U U L U U U L U L U U D D R D R D D D R D D R 
38 89 4 144
481 691 321 216 
R U U L U U U U R R R R U D D D D R R R R R R U U U U D D D D L L L L L L L L D D D D L L L L L L D L D U R U R R R R R R U U U U R R R R R R R R U U U R L D D D L L L L L L L D D D D L L L L U L U U U D D D R D R R R R U U U U R U U U L L L L D D D D R D D R R R D D D U U U L L L U D L 
32 75 4 200
986 76 776 910 
D D D L D U L L L L R R R R R R R D D D L R U U U L L U U U L L U U U U U U D D D D D R R R R R R D D D D D D D D D D D D W W W W W W W W W W W W W W W W W W W W W W W W W W W W W W W W W R D D D D D D D D D D D D D D D D D L L D L R U R R U U U R L U U U U U U U U U L L L L L L L L L L L R R R R R R R R R R R D D D D R L U U U U U U L L L L L L U U U D D D R R R R R R U U U L U U U U U U U U U U 
0 18 6 188
745 195 70 674 696 112 
R D D D R R D D D D D D D D D D D D L L D U L U U U D D D R R R U R R R R R L L L L L L L L D R R R R R R D R R R R D R R R R R R R R U U R R U U D D L L D D L L L L L L L L U L L R R R R R R D D U U L L L L U U U U U U U U U U D D D D D D D D D D L L L L U L L L L L L U R R U U U U U U U U U U L R D D D D D D D D D D R U R R R R R L L L L L U U U U U U U U U U L L U U U L 
83 46 9 154
379 252 907 643 115 919 613 589 136 
U R R U U U D D D L D D D D D D D D D D D D R D D R D U R R R U R L L U U U U U U U R U U R R U D L L D D L D D D L L R R D D D D R D L L L L U U L U U U U U U U U U L R U U U U R R U R R D D D D U U U U U U U U R R U U U R D D D D D R R D D D D D U U U U U L L U U U U U L D D D L L D D D D L L D L L D L D 
94 3 5 200
105 802 796 958 488 
L L L R R R U U R L D D L L L L L D D U U R R R R R U U L L R R D D R R U W W W W W W W W W W W W W W W W W W W W W U U L U L U L U U L L U L U U U D D D R D R R D D D L L L L D U R R R R U R D R D R D D D L L R R R R R D U L L L U U U U U U L L L L U L L W W W W W W W W W W W W W W W W W W W W W W W W W W W W W W W W W W W W W W W W W W W W W W W W W W W W W W W W W W W W W W W W W W W W W W W U 
58 24 11 168
618 850 594 798 868 427 658 845 106 16 274 
L D U R R D D R R D U L L U U L U U U U L U U U U L R D D D D R R D D R R R U R U R L D L D L L L U U L D L L L L L L L L L D U R R R R R R R U D D U R R D R R R R R R R R R R R D D L D L D L D L L R R U R R R R R R R L L L U U U U U U U U L L L U D R R R D D D D D D D D R R R R D U L L L L L L L U R U R U U L L L L L L L L L L L D D 
27 44 5 200
754 151 497 425 256 
U U U U U U U R R D D D R R R U U R R R R R R R L L L L L L U U U U U U U U R L D D D D D L L L L L L L L L L L L L D D L L L R R D D U U R U U U U U U R R R R R R R R R R R R R L L L L L L L U U L L U D R R D D L L L L L L D D D D R R R R R R R R L L L L L L L D D D L L D D D D D R D R D D D D D L L L L L L L L U U L U U L U U D D R D D R D D R R R D D D D R L U U U U L U L U U U U U R L D D D D 
4 91 7 200
592 171 227 567 891 457 138 
L L U U U R R U U U D D D D D R D D D D D D L D D L L D L L R R D R D D D D D D D L R U U R R D D W W R R D D D D D R L U L L L L L L D L D D D D D D U U U U U U R U R R R U U U U U L L U U U U U L U U U U U U L U U U U U U U U R R R R R D R R D D R L U U L L U L L L L L D D D D D D D D R D D D D D D R D D D D D R R D D D D D R R R U U U U L L U U L L U U U U U L U U R R U U R U U U U U U L U U L 
6 87 5 136
434 559 350 362 579 
D D D L R U U R R R R R L L U U U U U U U U U U D L L L L L L L L D D D U U U R R R R U U U U D D D D R R R R D D D D D D U U U U L U U L L L L L L U L U D D D D D D D D D R R R D U L L L U U U U U U U U R D R R R R R R D D R D D D D D D D L L L D L D D L D U R U U R U U 
44 46 5 82
888 837 520 746 68 
U U U U U U L L L L U U U U U U U L L U R R R L U U D D L L D D D D L D D D R L D U U U U R U U U R R D D D D D R R U U U R L D D D D U L L D D R R R R D D D D D D 
99 65 9 200
719 468 925 306 903 842 302 238 817 
D D D D L D L L L R R R U U U U U U U U U L L L L L D L R U R R R D D D D D D D D D D D D D D L L L D U R R U U U U U U U D D D D D D D L L L D L D D L L D L L D R R R D D D R D U L U U U L L L U R R U R R U U R U U U D D R R R R D D D D D U U D U U U U U U U U U U U L L L R R R U U U U U U U R R D D D D D D D D L L L D D D D U U U U R R R R U U U U U U U U U U U U U U U U U D D D D D D D D D D D 
86 75 3 96
815 558 886 
L U L L L L R R R R R R R R R U U U U U U U L L U U L U L U U U U U D D D D D L L L D D D L D D U U R U U U R R R R D R R R R R L L L L D D L D D L D U R U U R R R D D D D D D D L L L L L D R 
18 92 5 200
393 449 939 728 953 
R R R D D U U L L L L L L L D D D D R D R R D D L L L L L D L L D D D L L D D D L L D D D R R R L L L U U U R R U U U R U U D D R U U U R R U R U U U D D D R R R R D R R R R R R R R R R R R R D D U L L L L L L L L L R R R R R R R R R U L L L L L L L L L L L L L U U U L L U L D D D D L L L L L U L L D L D D D D D R R R R R R R R R R R L U U U U D D D D L L L L L L L L L L U U U U U R U R R D R R R 
54 83 6 200
268 897 176 247 887 58 
L L D U R D D D D D D D D D U L L L L L U L L L L D U U D R R R R D R R R R R U U U U U U R D R D R D D D R L U W W W W W W W L L L D D L L L D L D D D W W W W W W W W W W W W W W W W D D D D D R R R R R R R R R R D D R R D R R U R R U R U R R R R R R D D D R R R R R R R U R U R R U U U U U U U U U U U U U U R R L L U U U U L L U L L L L R R R R U U R U U D D L D D D R R D D D D D D D D D D D D D 
12 3 5 200
91 386 332 164 534 
U R U R R R R R R R R R U D L L U U D L L L L L L L L L L L L L U U U L L L R R R D D D R R R R D D D D R R U D L L U U U U R R R R R R R R R D L L L L L L L D L D R W W W W W W W W W W W W W W W W W W W W W W W W W W W W W W W W W W W W W W W W W W W W W W W W W W W W U D L D L L L L L D L L L L L L U U L U U U U W W W W W W W W W W W W W W W W W W W W W W W W W W W W W W W W W R R U R U D L D L 
1 26 6 200
996 450 9 487 524 627 
U D D D D D R D D R D D D R D R D R R R D R R D R D R D R R L U U U U U U U L L L L L U U U U U U U U L L R R U R U R L L R D D D D D D D R R D W W W W W W W W W W W W W W W W W W W W W W W W W W D R R R D U L L L U U L L U U U U U U L D D D D L L R R D D D D D L D D L R U U R R R R R R D D D D D D D L L D D L D D D L D D L L L L L L L U U U L U U L U R U U L U D R D D L D R D D R D D D D U R R R 
56 47 10 200
198 474 983 785 874 974 298 219 708 80 
D D D L L R R U U R R D R R R D R L U L L L D D D U U U U L L U U U U U U U R R R R R R R R R D R R D D R D R R D D R R D D D U R L U U L L U U L L U L U U L L U L L L L L L L L R R R R R U U U R R R R D R L U L L L L D D D L L L L L L D D D D D D R R R D R R D R R R R R R R R R R R U U U D D D L L L L L L L L L L L U L L U L L L U U U U U U R R R R R R U U R U R R U D L L D L D D L L L L L L D D 
52 53 7 200
656 898 78 562 152 949 950 
L D D D D D D D D D D D D D D R R R D D D D R R R R R R R R R D D R D D R D R R R R R R D D D R R R R R R D U L L L L U U D D L D D D U U U L U U R R R D D D D U U U U L L L U L L L L L L U L U U L U U L L L L L L L U U U D D D R R R D U L L U U R R R R R U R L L L L L L U U U L L L R R R D D D R R R R R D L L L L L D D L L L U U U U R R R R D R R R D U L L L U L L L L L L U D L U U U U U U U U U 
7 52 7 198
30 964 52 772 706 303 249 
L U U L U U U U U U U U L L U L U L U U U U U U U L R D R R D U L L D D D D D D D D L R U U R D R D R R D D R R R R R D R R D D D U U U L L U L L L L L D D D L R R R U R R U R R R U R R U U L U U D D R D D L L D D D D D U U U U R R U U U U L R D D D L L L L L L L L L U U L L L D U R R R D D R R R R R R R R R D L L L L L L L L U U L U U U U U U D D D D D D R D D R R R D L L D L L D D D R D D R 
25 69 3 165
650 335 714 
R R R R R R R R U D L L D D D D L D D U U R U U U U U R R U D L L D D D D D D D D D R R R R L L L L U U U U U U U U L L L L L L D L D D D D D D L L L D U R R R U U U U U U U W W W W U U D D D R D D D R R D R D R D L D W W W W W W W W W W W W W W W W W W W W W D D D D L R U U U U U R U L U L U U U U U U U D D D D D D L L U U U U 
75 76 7 188
224 647 755 768 299 573 134 
D D D D D D R D D D D D D D R R L L U U U L L L L U U U U L L D L D U R U R R D D D D R D D R R R R R U U R R R U U D D L L L D D L L L L L U U R R R U U U D D D L L L D D R R R R R U U U U U U U U L U U U U U U U U L U U U L U U R R U D L L D D R D D D R R D D D U U U L L U U L U U U D D D R D D R D D D D D D D D R D D D D D D D D L L L L L U U R R R U U U U L U U U U U U 
47 93 4 200
304 956 372 518 
R R R R D D R D R D R L U L U L U U L L L L L L U U U U U U R R R R R R R R R R L L L L D D D U U U L L L L L L D L L L L R R R R D D D R L D D R R U U U R R R R R D R D D D R R R R R R R R R R R R R U U U R R U U U R R R R R D D L L R R R R R R R R L L L L L L D L D L L D D D D L D U R U U U U R R U R U U U L L L L L D D L L L L L D L R U R R R R R D L L D D D L L L L D D L R R L U U L L L L L L 
60 9 3 176
170 757 979 
R U U R U R U D L D L D D L D L L D D L D U L U U U U U L L L L L L R R R R R R D D D D D R R R R R D D D R D R D U L U L U U U L L L U U R R U D L D L D L L D D D D L D L L D L L L L L L L U L L L L L L U U U U U R R R U R L D L L L D D D D D R R R R R R D R R R R R R R U R R U R U U U U U U D D L L L L L L D D L L R R U U R R R R R R R R U R U R U 
85 12 3 200
185 642 154 
L U R R R R R R U R R U R L D L L D L L L L L L L R D R R D D R R R R R R R D D D D R R D R R D D D D D U U U U U L L U L L U U U U L L L L L U D L L U U L R D D R R W W W W W W W W W W W W W W W W W W D D L L D D L L W W L W W W W W W W W W W W W W W W W W W W W W W W W W W D L L L L L L L L L L L L U L L U U U L L U U U U U U D D D D D L L L L U L U L U L U U L U R U L L U U R U U R R R R L L L 
11 77 5 194
478 777 333 470 704 
L L L L D R R R D D R D R D L L L D D L L L L R R R R U U R R R U R R U U R D D D D U U U U L U L L U U L L L R R R D D R R D D D L L L D D D D D D D D D D D D R R L U U U U U D D D D D L U U U L L L L L L L D L L D U R R U R R R R R R R U U U U U U U U U U R R R R R U U U R R D D D D R U U U U R R U D L L D D D D L U U U U L L D L L L L U D R R R R D D L L L L L L U U L L L U R R R R 
58 73 7 140
806 775 733 491 818 699 387 
U L R R R U R U D R L D D D D D D U U L L L R R R U U U R D D R R R R U U U U L U D R D D D D L L L D D D U U U R R R U U U U U U U R U R U R U U U U L L L L L L L L L U L L L L R R R R D R R R R R R R R R D D D D L D D D D D U U U U L D L D D D D D D D L L L L U U L U L D L L D 
46 24 5 200
226 37 971 791 284 
R U R R R R D D D L L D D D D L D D D L D D D D L L D U U U U L U U U L L L U U U D D D R R R D D D R D D D R R U U U L L D U R R U R U U U U U U U L L U L U L L D D L D D D D D L L L L L L L D D L L L L U U U U U L R D D D D D R R R R U U R R R R R R R U U R R U D D D D D D D D L R U U U U U R R R R R L L L L L L L L L L R R R R R U U L L U U U R U U R R D R D R R D D D D R U U U U R R U U U L L 
38 90 8 200
866 675 705 715 955 126 879 135 
L U U U U U L U L L L L L L L L R R R D D D D D D D R L U U U U U L L L L R R R R U U U U U D D D R R R R D D D D D D D D D U U U U U U U U U L L L D D D U U U U U L U L L L L L L D D D U U U R R R R R R R L D R D D R R R D D D D D D L L U L R D R R U U U U U U L R R D R D D D D D R L L L D D D D D R W W W W W W W W W W W W W W W W W W W W W W W W W W W W W W D D D D L R U U U U U U R R R U R U R 
60 84 5 200
441 404 612 71 911 
D D D D D D D D L L R R U U U R R R L U U U U R R R R R R U D L L L L L L D D D D L L U U U U U L L D D D W D D D D D D L L L U D L D L L D L D L D D L D D D D L D L L R R U R U U U U R U R R R R R R U D L L L L L L U R U R U R R U R R R R U U U U U U U U U R R D R R R R R R R R R R R R R R R U U R R R R U U U U U U R R U R R R U R D R D D R R D U L L L L D D D D D D D L D D D L D U U L U U U D D 
80 3 2 48
637 318 
L L L L L L L L L U D L L D L D L D L L U U U U L R D D D D R R U R U R U R R R R R R R R R R R 
50 62 2 86
123 557 
D D D R D U L U U L L D D L L L L L L L D D R D R R R D D U L R U L L L U L U U U L L L L D D L D D D D L R U U U U R U U R R R R D D D D D U U U U R R R R R R R U U R R U 
66 32 5 200
129 544 419 500 794 
D R R U U L U U U U U L L U L L L L L L L L D L R R R R R R D D R L U U L L L L L U L U D R R R R R R R R R D R R D D D D D R D R L D L L U D W W W W W W W W W W W W W W W W W W W W W W D L L L L L L L D D L L L L D L L L L L D L L L L L L L U U U U L U L L L U U L R D D D D D D R D D D D D D D L D L L L R R D D D R R R R R W W W W W W W W W W R R R R U R R R R R R R R R R U U U R U D L D D D L L 
55 87 6 200
23 371 936 580 66 158 
R U D L D D D D D R R D D R D D R R R R R R U U U R R U D L L D D D D D D D D L R U U U U U L L L L L L U U L U U L L U U U U U U L U U D D R D R R R R R R R R R W W W W W W W W W W W W W W W W W W W W W W W W W W W W W W W W W W W W W W W W W W W W W W W W W W W W R R R R R R U R U R U R U U U R U U U U U U L L L L D L L D L L U U L L L L R R R R D D R D D D L D D D D L L R R U U U U R U U U R U 
93 95 4 200
480 873 739 610 
R R R R R R D U L L L L L L L L L U L U U U D D D D D R R L L D U U U L L L L L L L L D D D D U U U U R R R R R R R R R D R R R W W W W W W W W W W W W W W W W W W R R L L U U L L L L U L L L L L D L D L D L D D L L L L D L D D D L L L D D L L D L L D L L L L L L L L L L L L L L L L L D D D D D L D D D L L L D D D D D D D L D L L L D L L L L L D U R R R R R U R R R U R U U U U U U U R R R U U U R 
65 67 3 200
748 65 547 
D D D D L D D D L D D L L L L U U U U U U U D D D D D D D R R R R U U R U U U R U U U U R R U U U U R U U R U U U U U U U R U D R D D D D D R D D D U R U U U U R U R R D D D D D D D R D D D D D D L L L R R R U U U U U U L U U U U U U U L L U L U U L L L L R R R R D D R D D L D D D D L U U L U U U U U L L D D D D D L R D D L D D L U U U R R U U U U U U U L L L L L L L L L D U R R R R R R R R R D D 
