100
93 35 8 196
33 46 654 624 716 613 439 99 
U U U U U U D L R R R R R R R U U D D L L L L L L D D D L L L L L L R R R R R U U U U U U D D D R R R R R L L L L L L L L L L L R R R R U U U U U U U U D D D L L L D D L D U R U U R R R U U U U U U U R D D D D D D D R D D R L U U L U U U U U U U L D D D D D D D D D D W W W W W W L L R R U R R U R R R R U U U R R U U U U U L R D D D D D L L D D D L L L L D L L D D D L D U R R R D D D R D D 
17 91 6 124
208 59 32 752 884 463 
R R R R R R R R D R R D D D D D R R D L D L R U R U R R R R R R L L L L L L L U U D D L U U U L L L L U D R R R R D D L R U U U U L L U R R D D D D D D R D D D D L L L L L R R R R R U U U U L U U U U U L L L L L R R R R R U R L L L L L L L L L L L 
79 44 5 180
385 707 928 778 326 
R R R U D L D D D D D L L L D D D U U U U U U U U U U L U U L L L L U U L R D D R R R D D D D D U U U U U R R R R R R R L L L L L L D D D D D D U U U U R D D D D D D D R R D D D U U U U L L U U L L L U U L R R R U R U D L D L L D D R R R D D R R D R U U U U U L L L L L L D L L U U U U U D D D D D R R D D R R R R R R U U R U D L D D L L L L L L U U U R R R R 
79 80 6 200
815 558 886 380 739 887 
R D R D D D U R R R R R U R R R R L L L L U U U U U U U U U U U U U D D D D D L D D D D L L D L R U R R U U U U R D R R R R R R L L L L L L D D D D D U R R U U U U W W W W W W W W W W W W W W W W W W W W W W W W W W W W W U L U D R D R R R R U U U U U U U R R R U U U D D D L L L D D D D D D D L L L L D D D D L L D D L L L D L U U U L L L U U U L L L R R R D R R R U U U U L U D R D D D D L L L D D 
0 79 5 200
503 592 171 579 138 
R R R R R U R U U U U R U U U U U U D D D D D D L U U L U U U U U U L L R R R R R R R R R L L L L L L L L L L U U R U R U U D D L D L D D R D D D D D D R L U U U U U U R R D D D D D D R D D D L L L L L L R R R D D U U R R R D D D L D L L L D D D D U U U U U U R U R L D L D D L L U U U U U U U U U U D D D D D D R R R R R R U U U L U U U U U U L U U L U W W W W W W W W W L U U R R R D R R R D D D D 
51 2 3 200
405 237 278 
L L L L L L L L L U L U U U U U L U L L U L R D R R D R D D D D R R R U R R R U R R L L D L L L D L L L D R D R R R D D L L R R R R R U R R R L L L D L L L U U L L L U L U U U U U L U L R D R D D D D D R D R U U U U U L L U L U L W W W W W W W W W W W W W W W W L W W W W W W W W W W W W W W W W D D D L L D D U U L L U U U U U R U D L D D D D D R R R R U U U R R D R D R R D D D D D R R R R R R R R 
46 18 3 200
37 877 322 
D D D D L R D D R R R D D U U L U D L L U U U U U U U W W W W W W W W W W W W W W W W W W W W W W W W W W W W W W W W W W W W W W W W W W W W W W W W W W W W W W W W W W W W W W W W W W W W U L L U U U U U U U U U R R R R R R U R R R U U U L U U U U L U L L U U L R D D R R D R D D D D R D D D R R R R R L L L L L L L L L L U U L L L U U U U L R D D D D R R R D D R R D L L L L L L D D D D D D D D D 
20 96 5 142
797 866 853 341 955 
L D L L L L D D D U U U R R R R U R U R R R U R R R D R D R D D D R R R R R U R R U R U D L D L L D L L L L L U U U L U L U L L L L U L L L L D D L D D D L R R R R R D R L U L L L L U U U U U L L L L L L R R R R R R D D R U U R R R R D R R R R R U R R R R L L L L D L L L L D L L L D 
86 54 7 188
293 252 668 337 136 903 306 
D D L D D L D U R U R R R R U U R R U R U R R R U U U U L L L R R R D D D D D D R R D D D D R D D D D D L L D D D D U U U U R R U U U U U L U U U U L U U D D L L L L D D D D R D D U U R R R U R U U U U U U U L L L L L R R R R R D D D D D D D L D L L L L U U U U R U D R R U U U U U U U U U D D D D D D D L L L D L D L L D D L L D R D D D D R R R L L L U U U U L U L L U R U U 
22 23 10 200
880 55 469 93 791 2 500 660 725 222 
R R R R R U U D D R R R R R R D R D D D D D D D L D L L R R U R U U U U U U U R R R R L L U R R U U U U U U D D D D D D L L D L L L L L D D L R U U R R U U U U R R R R U R R R R R R D U L L L L L U U U U U U D D D D D D L D L D D D D D D D D R R D D R L U U L L U U U U U R R R L L L U U U L L L D D D L L L L L L L L L L L R R R R R W W U U R U R L L U U L L L L D D D L D L D D R R R R R R D D U U 
81 7 6 200
686 467 62 205 510 365 
R U D L L L U D D D D D D D R R R R U U U U U R R U U U U U D D D D D L D D D D U U U U L U L U L L U U L R D D R R D R D D D D D D L L L L U L L L L L D D L L L L L L L L L L L L L L L L L L L L L L L L L L L L L L L L L L U U U U U L U U U L U U R U R L D L D D D D L D D L L D U R R U U R U U R D D D R D D D D D R R R R R R R R R R R R U U U U U U U L U U U U L L U U U L L L R R R D D D R R D D 
40 46 8 178
550 242 776 43 828 453 954 103 
L L D D L D D L L L L L D U U U U U R U U U R D D D U U U R R R U D L L L L D D D L D D D D L D L R R R R R D D D R L U U U L L L L U R R R R U U U U L L U U U D D D R R D D D D R R U R R R R U D L L L L D D D D D D D D D L L R R U U U U U U R R R R R R R R R D D D D D R L U U U L L L L L L L D D U U R R R R R R R U U L L L L L L L L L U U U U R U U R R 
64 3 3 77
318 637 585 
D D D R R L U U R R R R R U U R L D D L L L L L D D R L L U U U U D R R R R R R U R R R R W W W W W W W W W W W W W W W W W U U D D L L L L D L L L L L L 
17 59 5 194
82 443 803 428 270 
R R R R D U R R R U U U R R U U U L L L L L L L L L R R R R R R R R R U U R R R L L R R R D D D D D R D R R U R U U U U U U U U R R L D D D D D D D D R R R U R L D L L L U U U U U U U U L D D D D D D D D L D L L U L U U U U U L L L L D D D D D L L D D D L L L L L L L L L D L D D D U U U R U U U U U U R R R U R R U R R R U U U U R R L L D D D D L L L D L L D L L L D D D D D D L R U R R 
25 48 4 104
754 151 406 259 
U U R U R R R D D D R U U R R R R R R R R R L L L L L L U U U U U U U U R L D D D D D D D D D D R L U U L L L U U L U L L L R R R R R R R U D L D D U U L L U U D D L D R D D D D L U U U U U D D L L L D L D D 
62 57 6 200
79 426 219 708 526 207 
L L D L D D L D L D D D D R D D R L U U L U U U U L L L L U L R D R R R R R U R U U R R R R R R D R R L L U L L L L L L D D D D D D L L L L L L L L L L D L L D D U R R R R R D D W W W W W W W W W W W W W W W W W L D L L D L D L R U R U R R U R U U L L L L L U R R U R R R R R R R U D R R R U U U U U U R R D R D D D D D D D D R D D D D D D D L L L D L L D D D L L D L R U R R U U U R R U R R R U U U 
64 86 5 200
518 422 412 611 229 
R R U U U R R R L L L U U U U L U L L U L D D D D D L R R L U U U U U R D R R D R D D D D D D D L R R R R R R R D R D R R R R D R L U L L L L L R U L U L L L L U U U U U U U L R R R R R U U R R R U R R R R R R R R R R R R D R D R D D D R R D D D D D L L U U L L L D D U U R R R D D R R U U U U U U U U U U U U R D D D D D D R D R R R L L L U L U U U U U U L D D D D D D D L L U U U L U L U U D L L L 
15 11 5 200
450 9 899 150 113 
L U U U U U U L U L L L L L U U U U U U U U L L R R U U R R L L D R R R R R R R R R U U U U U R U U U U U L U U L L L U L L L L R R R R R R R U U W W W W W U R R R R R U W W U U W W W W U U U U L L U U U L L U L L L L D L L L L L L L L D L D L D D D D D D L L L R U U U U U U U R U D L D D D D D D D R R U R R L L U U U U U R U R U R R R R U U U U U U L R D D D D D D R R R R U R R R R D R R D D D R 
24 95 6 200
715 675 321 705 330 844 
R R D R D D R R R R U D R R R R R R U U U U R R R D U L L L D D D D L L L L L D D D L L D D R R R R R R D R D R R D U L L U L U L L L L L L U U R R U U U L U U D D L L L L U U L U L L R R D R R D D R D D D D D D D D D L D D L D L D U R U R U U R U U U U U U U U U R U R U R R R U D L L L D L D D D D D D D D D D D D D D D D L L L L D L L D D D L D D L R U U R U U U R R U R R R R U U U U U U U U U U 
71 68 6 200
647 300 323 58 519 134 
L L R L L D L D D L L D D L D L R U R U U R U U U U U D L L L L L U U R U R R R R R R R U R U R U U U U U U R R R R R R R U R R R R U U R R U U U R R R R R R R U U U U U D D D D D R R D D D D L D L R U R U U U U L L L L L L L L L L L U L U U D D R D R R D D D L L L L U U D D R R D D L L L L D D D R D R D R R D R U R R R R U R U U D D L D L L L L D L U L L U L U L U U D D D U U U L L L U U U U U D 
86 47 6 200
379 907 445 67 643 298 
U L U D D D D D D D D L R D D D D D D D R D D U R R U R R D D D D R D R D D R R L D D D D U U R R R R R U U U U U U U U U U R L D D D D D D D D D D L L L L L U U L U U L U L U U D D D R D R R R L L L U L U U U U U L L U D D R R R R D R R R U U U U U R L D D D D D L L L U L L L L U U U U U U U U R U U U R R L L U L L U U U U L L L D L L L L L L L L L L L D D D U U U R R R R R R R R R R R U R R R D 
60 9 3 132
456 941 162 
D D D D D R R R U U R R U U U R R R D D D R R R R R D R R R R D U L L U U U U L U U L L D D D D U U U U R R D D R D D D D L L U L L L L L U U U L L L D D D L L D D L L L U U L L L L U D R R R R R D R R U U U U U U U U U U R R L L D D D D D D D D D D L L U L U U U 
52 79 5 200
268 897 81 135 920 
U U U U L L L L L U U U L L L L L L L L L L L L L L U L U U D D R D R R R R R R R R D U L L L U U L U U D D L L L L L L R R R R U D D D D D D D D U U U U U U U R R R R R U R R R R R D R D R R R D R D R R D R R R D R L U L L L U L L U L U L L L U L U L L L L L D L L D D R R R R R R R R R D D U R R R R R R D D D D R D R D R D R L U L U L U L U U U U L L L L L L L L L L U U L U L R D R D D R R R R D 
44 66 3 200
557 458 610 
D D D D D D D D D D D D R L U L L L L L L L L L D U R R R R R R R R R U U U U U U U U D D D D D R D R D R R R D R D D D D U U U U L U L U U U U D D D D L L U L U L U U U U U U U U L L L L L U U U L U U U U U U U U U U W W W W W W W W W W W W W W W W W W W W W W W W W W W W W W W W W W W W W W W W W W W W W W W W W W U U U R U R R D D D D R D R D D D D R R R D R D R L U L U L L L U U U U L U L U U 
33 16 6 200
498 190 487 945 112 534 
L D L L L L L L L L D D U U L L L U U U D D D R R R R D L L L L L L D L L U U L U U L U L R D R D D D D D D D L L D D L D L L D L L L D D L D D D L L L L L L U L U U U U U R U U R U U U U U U U U U U R U R U R U U R L D D L D L D L D D L L R R U U R U R R U D L L D L D D D D D L R D D D D D L D D L D D D D D R D R R R R R R U U U R U R R D R R R L L L U L L U R R U U L L L L L L L U D R R R R R R 
52 31 6 200
590 638 898 218 506 73 
L U U L L U L U U L U U U U U U U U U L L L L R R U U R U U U U D R R R R R U D L L L L L D D D L D D D D D D D D D U U U U U U U U U L R D D R R R R R U U R L D D L L L D D D D D D L R U U R R U R R U U R U R U U R U R R U R L D L L D L D D L D L D D L L D L L D D D D D D U U U U U U U U U L L L R R R D D D D D R R D U L L D L L L L D D D D D D D R R R D U L L L U U U U U U U R R R R D D R D D R 
48 88 5 200
137 481 282 691 104 
U U U D L L L L L L L L L U L U U U U D R R R R R D R D R R R R R R R U R R R R U R R U R U R R R R R R U U U D D D L L L L L L D D D D D D U U U U U L L L L L L L L L L L U L L L L L R R R R R R L L L L L L L L L L L D D D D L D L D L L D D D D U U U U R R U R U R U U U U R R R R R R R R R R D R R R R R D U R R R R R D L L D L L L L D L L L L L L L U L U L L L L L D D D R D R R R R R R R R R D D 
62 46 7 90
983 198 474 874 785 544 950 
D D L L L L L L L L R R R U U D R L D R D D U U U D L L D D D D D D U U U L L D D D D D D D R R R R R R U R U U D D L D L L L L L L U U U U U U L L R R U R R U U U R R R R R R U U 
74 76 5 200
65 653 80 807 665 
L U U U L U L U L R D R D D D D D D D D U R D D D D D R D D D U U U U R U U U R R D D D D D D L D D W W W L D L D D D D D D D D D D D D D D D D D D D R D D D D L L L L L L D U R R R R R R U U U U L U U U U U U U U L L L L R D D D D R R D D D D D D D R D D R D U L U U L U U U U U U U L L U U U U R U U L L L L L L L U U U D D D R R R R R R R D D R R U U U U U U U U U U U R U R R R R R R D R R L L U 
40 82 5 200
401 820 496 307 25 
D D D D D D R U R U U D D L D L D D D D L D L R D R R R R R R D R D R R R D D R R U U R R R R R R U U U R R R U U U U U U U L U U U U U U U U R R U R R R R U D L L L L D L L D D D D D D L L R R U U U U U R R R L L L U U U L L U U L L R R D D R R D D D D D D D D D D R R R R R R R R L L L L L L L D D D D D D D L L L L L L L L L L R R R U U U U U U D D D D D D R R R R D D D D R R R L L L U L L L L L 
95 4 8 196
802 796 488 640 501 513 958 209 
U D L L L D L L L D D U U R R R U R R U D L D D R R R R R R L L L L L L L L L L D L L L L U U U U R R U R R U R U U U U D D D D L D D U R R R R R R L L L L L L L L D L L L L U U U U U D D D D D L R R R D D D R R U R R R R U U R L U L L U U L U U L L U U U R R R R U D L L L L D D D R R D D R D D R R R R U R L D L L D D D L L L L D L L D R R R R U R R R R R R R R U R R L L D L L L L U U R R 
33 11 3 76
403 421 600 
R R R D D D D R R D D R D D D D R L U U U U L U U L L U U U U U R R R R R R D D D D D D D U U R R R R R R R L L L L L L L U U U U U L L L L L L D L L L 
99 65 7 200
719 53 296 795 238 817 119 
D D L D D D U L L L L L L L L L L L L D R D D R R R R R D R R L L U L L U U D D L L L U U D D D D L L D L L U U U D D D D D D D U U U U U U L U D L L D D U L R U R R R D D R R U R R U U U U L U L R R R R R R R R U R R R R U U R U D L D D L L L L D R R D D D D U U U U R R R U U R U U U U U U U U U U U U U U U D D D D D D D D D D D D D D L L L L L L L L L D D D D D D D R L U U U U U U U R R R R R R 
11 77 6 200
478 777 376 440 333 860 
L L L L D R D D D R D R R R L L L L L D D L L R R U U R R U R R R U R R U R R R D D D L L D D D D D D D D D D D D L L L U U L R D D R R R U U U U U U U U U U U U R R U U U L L L U L L U U L L L R R R D D R R D D L D D D D D D D D D D D D D U U U U U U R R R W W W W W W W W W W W W W W W W W W W W R R R R R R W W W W W W W W W W W W W W W W W R D D L L D D L L D U R R U U R R U U L L L L L L L L L 
84 8 8 200
185 265 811 849 172 780 885 236 
U U U U U R R R R R R U R R R U D L L R U U D L L R R U R R R L L L D D L L D L L L L L L D D L L U L U L U U R R R U R R R U U U W W W W W W W W W W W W W W W W W W W W W W W W W W W W W W W W W W W W W W W W W W W W W W W W W W W W W W W W W W W W W W W R R R R U U U U U L U U D D R D D D D D L L L L D D D R R R R U R R R R U U D D L D D D D R R U D L L U U U U L L U U D D L D L L L L L L L D L 
18 42 3 200
384 926 698 
D D D D R R R R R D D U U R U U D D R D R R D R D R R L L U L U L L U L U U U L L D D U L L R R U R R D D D L L L L L L U U U U D D D D R R R R R R W W W W W W W W W W W W W W W W W W W W W W W W W W W W W W W W W W W W W W W W W W W W W W W W W W W W W W W W W W W W W W W W W R W W W W W W W W D D D R D D R R R U U R R R U U R R U L L L U U L U L L L R R D U R D R D D R R R D L D D D D D D U U U 
64 25 5 200
868 114 594 48 75 
U U L D D D D L L U U U L L U U U L L L D L D L L L L L L L U L L L L L R R D D D D D D D U U U U U U U R R R D R R R R R R R U R U R R R U U L L U L R D R R D D D D D R R D D D R R U U U U R D D L D D L L U U U L L U W W W W W W W W W W W W W W W W W W W W W W W W W W W W W W W L L L L L L L L D D D L D L L L L D D U L R D R D R D D D L L L L W W W W W D D D D D L L L L L L R R R R R R U U U U U 
27 6 3 98
924 765 91 
L L L L D R R R R R R D D R D D L L U U L L L U L L L U U U R R L L D D D D D D L L U L L L L U U U L L R R D D D R R R R D R R U U U U U D D R R R D R R R D D R R U U L U U L L L L L L U R R R R 
9 7 3 200
0 420 505 
U U U U U U U U R D D D R D R D R R R R R R D D R R R U U U R L L U D R D D D L L L U U L L L L L L D L D D D U U R L U R U U L U L U U U L D D D D D D D D U D L L D D L D D D W W W W W W W W W W W W W W W W W W W W W W W W W W W W W W W W W W W W W W W W W W W W W W W W W W W W W W W W W W W W W W W W W W W W W W W W W W D R R R R R R R R R R R R R R R R R R R R R U D L L L L L L L L L L D U L L 
78 62 7 200
184 597 864 768 15 397 682 
R R L L D D D D L D U R U U U U R R R R R U R U U U R U R R R R R R R R U U R R U R L U L U L U U L L D D D L L L L L L D D D R R R R R U U R R L L D D L L L L L L D L L L R R U U U U U U U L U U L L U U D D R R D D R D D D D D D D R U R R R R R L L L L U U U R R R R R R U U U R R D D R D R D D L L D D L L L L L L L L D L D D D L D D D D D D D D R R R R R U R R R R R R U R U R U L L L L U L U U D 
61 59 3 200
748 351 617 
R R U D L L L D L U U U U U U U D D D D D D D R R R R R R R R R D R R D D U L L L L L L L R R R R R R R U L L U L L L L L L L L L L L L L L L D D U U R R R R R R R U R R D R D D D D D D R D D R R U U U R R D R W W W W W W R U U R R D R L U L L D D D D D D D D D D D R R D D D D D D R R R R R R R R U R R R U U U U U U U L L L U L U L L L L L D D D U U U R R R R R D R D R R R D D D D D D D L L L D L 
3 61 5 200
165 303 891 350 362 
R U R L D D D D D U U U U R U R U R R R R R R R U D L D D D D D D D D U U U U U U U U R D D R L U U L L L L L U U U U U U U D D D D D D D L L D L D L L W W W W W W W L L U U U U U W W W W W W W W W W W W W W W W W W W W W W W W W W U U U U U U U U R R U U U R U R R R R U U U U U U U U U U U R L L L U U U U U L U L U U L L L R D D D D D R D D R D D D U U U L U U L U U U U U R R D D R R R L L D R D 
23 39 1 200
83 
W W W W W W W W W W W W W W W W W W W W W W W W W W W W W W W W W W W W W W W W W W W L L L L U U R R U R R R U U U U L U U U U U U U L U W W W W W W W W W W W W W W W W W W W W W W W W W W W W W W W W L L L U U L U U R R R R R R R R R R R R D R D D D D D D D D D D L L D D D D L D L L D D D D D D D U R R R U U U U U U R U R R R R L L L L D L D D D D D D L L L U U U U U U R R U R U U U U R R U U U 
89 72 10 200
361 835 51 982 599 925 648 12 783 873 
L D D L D L R U R U U R U U U U R U R R R U R R U R R U U U L U L L U R R R U D L L L D R R D R D D D L D D D D D D D D D D U U U U U U U U U U L U U U U U U U U U R L D D D D D D D D L L L L L L U R U U R R U R R R D D U U L L U U U U U U U D D D D D D D L D L L D D L D R D U R R R R R D D L D D D D U U U U U U U U U U U U U R R R R U U U U U U L L L L L U L U L D D D D L L U U D L L L L L L L L 
29 78 7 200
731 3 688 676 267 470 704 
R R R R R U R R U D L L D L L L L L L L L L L L L L L L D D D D D L D D D D U U U U R U U U U U R D D D U L D D D D L D L L R D D D D R R R R D D D D D R L U U U L L L L D L D D L D D L L L U U U U U U D D D L L L L L L L L L L D U R R R R R R R R R R D D D R R R U U R U U R U R R R R U U L L L L U U U U R U R U U U U R U U R U U L L L L L L L L L D D D D L L R R U U U U R R R R R R R R R D D R R 
17 49 7 192
497 5 96 465 774 760 553 
U U D D R R U U U U U U U R L D D D D L L L L L L L L D L D L L L L L D L U U U L R U U U U D D D D D D D R D D R R R U R R R R R D D U U L L L L L D L L L U U U R R R R R U R R R R R D D L D D D L L D L L D L L D D L D D L R U U R U R R R L L L U R R U R R U R R U U U R U U L L L L U R R R R R R R R D D D D U L L L U U L L U L L L D D D D L L L D U R R R U U U U R R R D R R D D R 
50 62 6 200
127 981 309 656 123 913 
R R R U U D D L L D D D D D D D D D D R R R R R D D D L D D D D D D L L L L D D L L R R U U R R R R U U U U U U R U U R L U L L L L L U U U U U U U U U U L R D D D D D D D D R R D R D R R R D W W W W W W W W W W W W W W W W W W W W W W W W W W W W W W W W W W W W W W W W W W W W W W W D R R U U U U U U U U U U R U R R R U U U U R U D D D D D R D R D D R R D R R R R R L D D D D D D D L D U R U U U 
75 50 4 200
710 700 115 57 
R R R R R R R L L L L L L L U U U U U U U U U L L D D L D L R U R U U R R U U U R U R R U U R U U R U U R R R L L L U U U U U U U L L L L U U L L R R D D R R R D D D D D D D D U U U U U U U U R D D D D D D D D D L D D L D D L D D R D D D D D D R D D D D R R R D R R D R R R D D D D D D L D D D D D U U U U U R U U U U U U L L L U L L U L L L U U U U U U U U U D D D D D L U U U U U U L U U L D L D D 
43 9 2 62
744 951 
D D U U R R R R R R D R R R R R R R L L L L D D D D D D D L L L L D L R U R R R R U U U U U U U R R L L L L L U L L L L L L 
20 79 4 183
736 489 895 953 
U U U U U U U U U R R L L L L U L L L R R R D R R D D D R R R R R R D R R R D R R D R R R R L L L L U L L U L L L U L L L L L L D D D L R R R R R R U R U R L D L D L L L L L D D D L D D L D D L L U L U U U L U L L L U U L U L U U D D R D R D D R R R R R R L L L U U U U U L U L L U L L U W W W U D D R R D R R D R D D R R L L D D D D L R R D D D R D R R U U R U U R 
50 67 5 190
141 462 417 712 76 
U U L L L U U L L L L U U U U U U U U U U U U L L L L L D D D R L L L L L L L L D L D D L L L L L L D D D D L D D R R R L L L U L D D L L D L D L R U R U R R U R R R R R U D L L L L L U R U R U R R R R R R D D D R D D R R L L U U L U U U L L L L L L U U U R R R R R R U U U U D D R U R R R R D D D D L R U U U U R R R U U U R R R R R D D D D D D D D D D D D R R R R D D R R R D D 
31 77 4 200
875 429 793 314 
D R R R R R R R D U L U U U U U L U L L L R R R U D D D L R U R D D R R L L D D D L L L D D D U U U L L L U U R U R R R L L D D D D D D D D R R R D D D D D D D R R R R D D L D L L L L L D D D L D D D D D D D D D D D D R R D D D D D D D D D D L D L D D L D L L D D D D D D D D L L L L L L L L L D D D D D R L U U U U U R R R U U D D R R R R R R U U U U U U U U R R U R U U R U R U U U U U U U U U U L 
18 92 7 112
283 393 559 528 576 260 939 
L L D D R R R R R R L L L L L L L L D D D L L D L R U R U U U U U U U L L U U L L L L L L L D L L D L D D U U R U R R U R U U U D D R R L L D R R R D D D D D D U U U U U U R R R D D R R R L D D D D D D D R U U U R R U U R R 
81 28 7 200
917 669 311 584 454 129 878 
L U D R R R R R D D D D L L L U U L L U U U U R L U U L U U U L L R L U D R R D D D R D D D D D D D L D U R U U L L L L L L U U L L L L L L U L R U U U U U R U U U R R R U R L D L L L D D D L D D L R U U U R U U R U R U U U L L L L L L L D D D L L R R U U U R R R R R R R D D D L D L D D D D D D R D R D R R R R D U L L L L U L U L U U U U L U U U U U U L L L U D R D D D D U U U U R R D D D D D D D 
3 23 4 200
808 847 514 965 
L L U R U U R L U L U L U U U R L U U U U U R R R U R U R U R R R U U R U R R R U U R U R R U U U R R R R R U R U D L D L L L D D D D D L D L D L R U R U R U U R R R R R R L L U U U U L R D D D D L L L L U U U L L D D D L L D L D D L L L D L D D L L D D D U U U U U U R U U U U U U U U U R L D D D D D D R R R R R R R R L L L U D D U U R U U U U D D D D L D L L L L L D D D L D D D L D L L R D L D L 
62 6 3 124
170 301 989 
U U R U U U U U D D D D D L L U U L U U L U L U U L L L L L L L L U L U U U U L L L L D L L L L L L D D D U U U R R R R R R U R R R D D L D D R D R L U L U U R U U R D D D D R D R R R R R R R R L L L L L U L R D R R R R R D D R D R D D R D D R D D 
17 19 6 126
664 770 364 89 539 146 
D D R D D R D D D D D D R L U U U U L R D D D D U U U U U U R R R R R U R R R U R R R R U R U R U U R R R R R R U U U U R U U R U U U R R U D L L D D D L L L L L L R R R R R D D L D D D D L L L L L L D D L D L D L L L L D L L L D L L L L L L U U L U U 
2 34 3 200
257 531 543 
R R D R R R R U R U R R L L D L D L L D D D D D D U U U U U U R R R U U R R R R R D D D D U U U U L L L L L D D L L L L L U L L R R U U W W W W W W W W W W W W W W W W W W W W W W W W W W W W W W W W W W W W W W W W W W W W W W W W W W W W W W W W W W W W W W W W W W W W W W W W W W W W W W W W W W W W W W W W W W W W W W W W W W W W W W W W W W W W W W R U R U R U U U R L D D D L D L D L D D L L 
17 3 6 200
720 332 674 164 852 410 
R R U U U L L L L L L L L L L L L L L U L U U D D R D R R R R R R R R D D D D R R D U L L U U U U R R R W W D L L R R U R R R U U U R R R R U R U R U U R U R R R R R R R R R R R L L L L L R U R U U U U U R U U L L L L L L L L L L L L L W W W W W W W W W W W W W W W W W W W W W W W W W W W W W W W W W W W W W W W L U U R R W W W W R R L L U U U U U U U D D D D D D D L L D D R R R R R R R R R R R R 
0 18 5 200
349 163 572 144 256 
U U U U R R R R U U U U L U U U U L L R D U R D R R W R U U R U D R R D R R R R R R U U U U U U L L L L L L L L L U L R U R R R U R R R R D R R R D D D D D D D D D L L L L L L L L L R R R R R R R R R U U U U U U U U U L L L U L L L L D L L L D D R D D U U R R R R R R R R D R R L L L L U U U U U U U R U U R W W W W W W U D L D D L D D D D D D D R R D D D D D L L L L L L U L L L D D L L L D D D R D 
67 25 6 200
106 152 562 933 60 927 
R D R R R R L U U U U U D D D D R R R L U U U U D D D D R D R D R R U U D D D D D D D D D D D U U U U U U U U U U U U R D R D R R D D R R R R R U U U U U U U L L L L L L L L L U L U L L U L U L L L U U U U R R R R R R U U U R U D L D D D L L L L L L D D D D R R R D R D R R D R D R R R R R R R R R D D D D D D D L L L L L L L L L L L L L L L L L L L L L L L L L L L U D R R R R R R R U U U D D D R R 
39 47 2 200
888 628 
U U R R R R R U U U L L L L L L L U L L L U U U R U U U U R R R R R R L U U D D L L L D D D D D R R R R R R R R R R D R R D D R U U U U U U U U U L U U R R R D D D R D R R R R U R R R R R R R D R R D R D D R D D L L L L R D D D U U U R R R U U U U U R U R R L L D L D D D L U U L U L L U L L L L L L L D L L L L L D D D D R R D R R R D R D D U U L U L L L U L L U U U U R U L U U U L L L D D R D D D 
7 24 4 100
574 524 745 639 
D D L D D D D D D D D D D D L L L L D L L R R U R U U U U D D D D D D D D D D U U U U U U R R U U L U U U U U U D D D D D D R D D R U U U U U R R R R R D D D R R L L U U U L L L L L U U U U U U R U U 
59 72 6 170
775 806 176 47 936 10 
U U L L L L L L L L L L L D L L U L L U U U U U U D D D D D D R R D R R U R R R R R R R R R R U U U U D D D D L D D L L U L L L D L L L U U R R R R R R U R R R U R U D L D L L L D L L L L L L D L L L U L L U U U U U R U U U U U L L L L U L L D L R U R R D R R R R D D D D D R R L L L D D D D D R R D R R R D R R R U R R R D R R U U R R D D 
68 15 2 200
823 415 
D U W W W W W W W W W W W W W W W W W W W W W W W W W W W W W W W W W W W W W W W W W W W W W W W W W U W W W W W W W W W W W W W W L L U L L L W W W W W W W W W W W W W W W W L L L L L L L L L L L L D D R D R R D R R D R D D D D R R D D D R D R R R R U U R R R R U U U R R R R R R R R R U U U U U U U U U U R R R R R R U R U R R R U U R U U U U U U R R D R R D D R D D D U U U L U U L L U L L D D D 
69 99 8 150
536 516 228 372 659 799 690 158 
R R R R D R R R R L L U D L L U L L L R D D D D R R R D U L L L U R R R R R R R R L U D L L L L L L L L L L L L L D D L L D U L L L L U U U L L U U D D R R D D D R R R R R R U U R R R R R R U U U R R R L L L L L L D D L L L L L U L L L U D R R U D R D D D D R D D D D U U U U L U U U R R R R R U U R 
62 25 9 200
798 427 932 974 400 671 274 517 620 
U U U R R L L U U L U U U L U D D D D U U U R D D D R U U U R U U U U R U U U U U U U U U U U U L U U U U D D D D R D D R R R R R R R R D D D U L L L L R R R R U U L L L L L L L L D D D D D D D D D D L D D D D D D R D D D R D D D D D D D U U U U U U U L U U U W W W W W W R U U U U U U U U U U L U U U R R R D R R D D D R R D D D D R R R D D D D D D U U U U U U R R R R R R L L L L L L L L L U U U U 
10 31 2 198
399 737 
U U U R R U U U D D D L D D D U U U R U U L L L L L L L R R R R R R R D D D D R L U U L L D D D U L L L L L D D L L L D U R R R U U U U U U U W W W W W W W W W W W W W W W W W W W W W W W W W W W W W W W W W W W W W W W W W W W W W W W W W W W W W W W W W W R U R R U R U U U R L D D D L D L L D D D D D R R L L U U U U R R R R R R U U D D L L L L L L L D D D D D D L L L D U R R R U R R R R R D 
38 54 5 200
837 813 729 68 188 
D U R R R R R W W W W W W W R R D D D D D D L L L D D D D D D L L D D D D L D D D D D L L D D D D D D D D L L L D L L L L R R R R U R R R U U U U U U U U R R U U U U U R U U U U R R U U U R R R R R R R R U R U D L D L L L L L L L L L L R R D R L U U U U R R R U U U U U U L L L D U L L L L R R R R R R R D D R R D D R R D D D R D D D D D D D D D R D D D D R D R R L D D D L L L L L L U L L R R D R R 
66 1 4 200
86 529 438 181 
R R R R R R D U U U U U L L L D U R R R D D R R R R R R U U U U U U U U U U U U U U U R R R R R R U R U R R R R R R D D U U R U R R R R R R D D D D D D D D D D D R L U U U U U U U U U U U L L L L L L L U U U U U U L L U D R R D D D D D D R D L L L L L L L D L D L L L L L L D D D D D D D D D D R R R R R D R R R R U R R L L D L L L L L D L D L R U R U R R R U U U R U U U L L U D R R D D D L D D D L 
0 59 10 200
570 30 930 861 942 749 479 952 50 475 
D D D D R R R D D U R R L L U L L U U U U U U U U U D D D D D D D R R R R D D R R R R R D R R D U U R U R U U U R D R U U R R R U U U R U D D D D R L U U U U D L D D D L L L D D L U L D D D L D L D L L U L L L U R R U U R L D D L L D L L U U L L L L D R R R U U U U U R R U R U D L D L L D D D D D L L L D L U U U U D D R R U R R U R D D D D D D R D U U D D D D D D D D R R R U R R L L D L L L U U U 
92 12 3 200
356 29 250 
R R R R U R U U U U U R L D D D D L R D R L D D D D U U U U U U U U U U U L L D D D L D D L L D U R R U U R U U U W W W W W W W W W W W W W W W W W W W W W W W W W W W W W W W W W W W W W W W W W W W W W W W W W W W W W W W W W W W W W W W W W W W W W W W W W W W W W W W L U L U U L U U U U U L U L L L L U U U L L U D R R D D D R R R R D R D D D D D R D D R D R D D U U R R D D D D D D D L D L L L 
67 63 2 114
224 210 
R R R R R R R R R R R L L L L L L U U U U U U L U L R D R D D D D D R R R U U U U R U U U D D D L D D D D L L L L L R R D L L L D D U U U U U R R R U U U L L L U L L U L L L D L L R R U R R R D R R D R R R D D D L L L D D D L L 
93 52 7 200
842 302 577 663 862 589 963 
R R R D U U U U U U U U U D D D D D D D D D D D D D R D D D D D U U U U L L L L U L L U U L L D D D D D D U U U U U U R U U D D R D D R R D R R R R U L U U U U L R U U U U U L L L L L L U U L U D R D D R R R R R R D D D D D W W W W W W W W R D D D L L L L D D D L L L W W W L R R R U U U U U U U U R R R R U U U R U U U U L U D R D D D D L D D D L L L L D D U U L R D D D D D D D D R U U U R R R R U 
53 88 2 38
23 946 
R R R L L L D L L D D L R U U R R U R R R R U R R R R U D L L L L D L L L L 
84 56 7 200
504 677 480 833 734 197 97 
U U U U U U R U U U R U R R L L D D D D U U U R R R R R R R R R R U U U R U U U U U U U U U R U U U U R U U U U U U U U U U U U U U U U L U L L L L L L L L U L D D D D D R R R R R R R R D R L U L L L L L L L L U R L U U U U R D R R R R R R R D D D D D D D D D D L U U D D R U U U U U U U U U U R D R D D D D D D D D D D D L L L L D D D D D D D D D D D D L D L D L L L D L L L L L L D D D D D U U U U 
62 9 3 96
630 992 845 
U U U U U U U U U L R D R R R R R R R U R R L L D L L D D D D D D D L R U U U U U U R R R R R L L L L L U L L L L L L L L L L U U L U U U U U U U D D D D D D D R D D R R R R R D D D D D D D D 
25 73 6 176
650 446 986 335 563 196 
R R R R R R D D R R D D D D D D L L D D L R U U R R U U U U U U D D D D D D D D D D R R L L U U L L U D R R U U U U U U U U L L U L L L R R R D U U L L L L L L R R R D D D L D L D L D D L D L D D D L L D U R R U U U R U R U U R R R R D R R L L D D D D D D L L L D L L R R U R R R U U U U U U U U R R R R D D R L U U L L L L D L L L U R U R U U U L L L 
90 87 8 200
575 626 85 560 125 26 145 641 
U U U L L U U L U U L U R L D R D D R U L R D R R R R R R R R R R D D D D D L D U R U U U U U L L L L L L L L L L U U L L U U L L U L R D R R D D R R D D R R R R D D D R D L R U L D D R R L L U U U U U L L L L L L L L D D D D R D D D D D U U U U U L U U L L L R R R D U U U R U D R R R U D D D R R D R R R R R R R R R L L U U U L L L U U U D D D D D L L L L L D D D D R R D U L L U U U U R R R R R U 
4 6 3 182
195 70 627 
D D L L L D D U U L U U D D D U R R R R R R R R L L L L L L L D L R R R R R R D U L L L L L U R R R U U U U U L U U U U U U W W W W W W W W W W W W W W W W W W W W W W W W W W W W W W W W W W W W W W W W W W W W W W W W W W W W W W W W W W W W W W W W W W W W W W W W W W W W L L L D D D R D D D D D R D D D D U U U U L U U U U U L U U U R R R D D D D D D R D D D 
6 74 10 166
567 227 964 52 772 706 41 905 457 493 
U U U L D D D D D D L L L L L R D R R D D D D D L L L D D D U U U R R D D D D D D R R R R R R R R R R D D D L L L U U L L R R D D R R R U U U L L L L L L L L L L U U U U U U R U U U U U L L U R R R R D D L L D L L D L D D D U U U R U R R U R U U D D R D D R R D D R R R D D R D R L U L U U L L L U U L L U U U U U U U U U U R D D D 
92 35 5 194
193 319 871 840 42 
D D D D D D D L R R R R R R R L L L L L L U U D D L L R R U U U U U U R R R R R R U R L D L D D D D D D D D U U U U U L L L R R R U U U L L L U U U U U L U R R R R R U D L D D D D D D R R L L U U U U U U L L L L D R D D D D D L L U L U U U U L L U U U U U U U U U U D D D D D D D D D D R R D D D D R D R R U U U U R U R R U R U R U U L L L L L R R R R R D D L D L D L L D L D D D D L L U 
60 55 5 200
693 540 949 658 583 
D D D L L R R R D D D D D R R D D D D D D D R L L L L L L D L D L R D D D R R D U U U U R R R R L L L L D D D L L U U U U R U R R R R R U U U U U U U L L L L L D D L L L D L L D D D L L D D R R R D D D D D R D R R R R D D D D L L L D D L L L L L L D L R U R R R R R R U U R R R U U L L U L L L L U U U U L U L L U U U L U D R D D D R R D R D D D D R R R R D R R U U L L L L U L U U U U U L L L U U R 
56 1 3 200
661 757 246 
R U R U D R R R R R D D U U L L L L L L U U U U L U L U U L L L L U U L R D D R R R R D D R D R D D D D R R R R R R D U L L L L L L D L U U U U L U U U U L L U U U U L L L U W W U U U U R R R R R U U U D D D L L L L L D D L L L L L W W W W W W W W W W W W W W W W W W W W W W W W W W W W W W W W W W W W W W W W W W W W W W W W W W W W W W W L D D L R U U R R R R R R D D D R R R D D D D R R D D D D 
55 87 7 200
371 614 191 66 189 72 612 
D D D L L L L L L U U L R U U U U U L L L L L L U L U L L L R R R D R D R R R R R R D D D D D D D R R R R R R U U U L L L U L L L U U U R R R D R R U R R R R D R D R D D R D U L U U L L W W W W W W W W W W W W W W W W W W W W W W W W W W W W W D D D D D D D D D D D D R L U U U U U U U U U U D D D D L D L L L W W W W W W W W W W W W W W W D U R R R U R U U U U U U R U L U L L L L D L L U L L L D D 
64 14 2 200
413 290 
D D D R D W W W W W W W W W W W W W W W W W W W W W W W W W W W W W W R R R R R U U R U R R U U U U L L U L U L U U L U U L U L U U U U U L U U U L U R U U U U U U U U R R R U D L L D D U U R R R R R R R R U U D D L L L L L L D D D D U U U U L L L D D D D D D D D L D R D D D R D D D D D R D R D D R D D D D U U R D R D R R D D D R L U L U L U L L L L U L L L L L U L U U D D R D R R R R R D R R R R 
65 73 5 200
733 491 818 387 434 
L L U L U U L R D D D D D D L D U L L U L R R L D R R R U U U U R R R R U R R U D L L D L L L D R R R U U U R R W W W W W W W W W W W W W W W W W W W W W W U U U L U U U U L U U L L L U U U U U L L L U L U U L U U U L L L L L L L L L L U L L L L L L L L L L L L L L L L L D L L L L L L L L D D D D L L L L U L L L U L U L U U L U L L L L L L L L L L L L L D D D D D D R D D D R D D D D D R R R L L L 
19 23 6 196
701 747 281 722 424 906 
U U U U L L L L L L L L U U D D R R R R R R R R R U U U U U U U R R R U R U R U U U U U U U U U U U L U U U U U U U U R U U U R R L L D D D L L L L D L L L R R U U D D R D D R D D D D D U U U U U L U U U L U U L R D D R R R R D D D D D D D D R D D R R R D U L L L D D D D D D D D L L L L R R R R D L D D D D D D D D U U U U L L D D D D D U U U U U R R U U U L D L L L D D D D D D D L D D D D 
54 60 8 200
788 45 225 299 542 761 206 607 
U U U U U U R U D D D D D R L D D D L R U U U U U U U R R R R R R R R R D R D R D D R R R R L L L L U U L U L U U U D D D D D D R R R R R R R D R D D D D D R D U U U U U U U U U R U R U U U R U D L D D D L D L D D D D D D D D L U U U L L R R U U L U L L U D L L L L L U U L L R R R R R R R L L L L L U U U U D D L L L L L L L L L L D D D D D D D D D U U U U U U L U U L L L L L U L L D D D D D D D L 
47 93 6 200
304 894 956 876 126 216 
R R R D R D R D R R D U L L U L U L U L L L L U U L U U U U R R R R R R R R R R L L L L D D D U U U R L L L L L L L D L L L L R R R R D D D R D R R R L L L L U L L L L L L L W W W W W W W W W W W W W W W W W W W W W W W W W W W W W W W W W W W W W W W W W W W W W W W W W L D D D D D D L L D D U U L L U U L U U D D R D D R R R R D R R R D D R R L L U U L L L U U U U U R D D R D U L U U L U U R R R 
45 75 4 200
247 771 414 200 
U U L R R R R R R U R R R U U U R D D D R R R D D L L D W W W W W W W W W W W W W W W W D D D U U U U R R U U L L L U U U L D R R R U U U U U U U U L U L L L L L U D R R R R R D R D D D D D D D D L L L D D L L L L L U U L U U L U W W W W W W W W W W W W W W W W W W L U L L U L L L L L L U U U D D D R R R R R R D R R D R D R D D R D D R R D L L D D U U U U U L L L R R U D L L L D D D D L L L R R R 
45 60 5 94
587 670 859 882 18 
R R L L U U U U U U U L L L D D D U U U L L L L U U U L L U U L U U D D R D D R D D D D D D U U R R D R D D D U U U L U L L U U U U R D D D R R R R R R R D D D D D D D R D D R D U L U U L 
10 20 2 122
789 790 
R R U U R R R R R R U D D D R R U R U U U R R R R R U U U U U R R U U R R R R R U R U R U R U D L D L D L L L L L L L L L L L L R R R R R D U R R R R R R D L L L L L D D L L D D D D D L L L L L D D D L D L L U U L U U U D D D L L L L L D D L L 
35 7 2 189
107 962 
D D D D L L D D D L L L L U L R D R R R R U U U R R U U U U R R U U U W W W W W W W W W W W W W W W W W W W W W W W W W W W W W W W W W W W W W W W W W W W W W W W W W W W W W W W W W W W W W W W W W W W W W W W W W W W W W W W W W W W W W W W W W W W W W W W R R R R R U R R U U U U U U U L U L U U L L D L L L D U R R R U R R D D R D R D D D D D D D L L D L L L L L D D D L L 
94 3 4 200
77 105 990 642 
R R U R U U R L L L L L D L L D D L L L L L R R R R R U U R R U R R R R U U U U U U W W W W W W W W W W W W W W W W W W W W W W W W W W W W W W W W W W W W W W W W W W W R U U U U U U U U U L L L L D D L L L L L L L D D D D L L L D L D U R U R R R U U U U R R R R R R R U U R R R R D D D D D D D D D L D D D D D D D D D D D D U U U U L U U U L U L U U L L L U U L L D L R U R R D D R R R D D R D R D 
68 19 9 200
850 618 865 832 130 603 794 154 499 
L L L L L U L U L L L U U U D D D R R L U L U U U L U U U L D D D D D D D R R D D D R R R R R R R R R R D R L L L D D D D D U U U U U R R U L L L L L L L L U U D D L L U U U L D R R R D R D R R R R R R R D D D D L L U D R R U U U U L L L L L L L U L U L L L U L U U U U U U U R D D D R D D D R D R R R R R R R R D R D R R R R D U R R U R R R U R R R R U R R R R U U U U U U U L L L L L L L L L D L R 
70 79 6 200
441 404 580 573 957 911 
L L L L L U L L U L L L D D D L L D D U U R R U R R R L L L U U R R R R R R U U R R U D L L D D L L L D R R D R R R D D L L L L D D D L D U R U U U R R R R U U R R U U R R R R R U R U U U U R L D D L L L L R R R R D D L D L L L L L D D U U R U U U R R U U R R R R U U R R R U U R R R R R R R D R L L L D D D D D D D D D L L L D U R R R U U U U U U U U U R R U L L L L L L L D D D D R D D U U L U U L 
84 34 9 200
502 360 264 485 355 313 327 810 830 
D D D D R R R D R D D D D D R R R R R R R R R R L L L L L L L L D D D L L L L U L L L L L L L L U U U U L L L R R R D D D D R R R R R R R R D R R R R U U U L L U U U U U L U L L L U U U U L L L L L U L L L L L U L L R R D R R D D R D D R D U R R R R R R R R W W W W W W W W W W W W W W W W W W W W W W W W W W W W W W W W U R R R R D D L L L R R R R R R D D R D D D D D R D D L L L L R R R R D D R R 
21 2 4 200
386 367 226 972 
U U U L U U L L L U L R D R R R R W W W W W W W W W W W W W W W W W W W W W W U R R R R R U U R R U R R R R U U R R R R R R R R R R U U R U U R U U U R R R U R U U R R U R L D L L D D L D L L L D D D D D D D D D D R L U U U U U U U L L L U U U D D D L D L L L U U L U U U U R R R R U U U U U U U R U R U L U U U U U U U U R R U L U U U U U D D D D D L L D D D D D D D D L D L R U U U D D R U U U U U 
71 91 4 146
812 960 606 773 
R R R U R R U R R U R L L L L L L L U D R R R R R R D R R R D R D D L L L L L L D D U L L L L L U L U U R R U U R R R U U L U U U L R D D D R D D L L L D D L L D D R R L D R R R R R U R R R U U D L L U D R R D R R R U U L U L L L L L D L L D L R R R R R R U U U R U D L D D D L L L L L L L L 
