100
32 40 3 96
242 776 218 
U U U U U U R U U R U D D D U U R R R U U D D R D D D D D D D R D D R R R R R D R L U L L U U U U U U U U U R R D U L L D D D D D D D D D L L L U U L U U U U U U U L L L L L D D L D D D D D D 
26 47 4 200
754 259 240 83 
U R U U U R R D D U U U U D D L L D D L L L R R R U U U U U U U D D D D D D D D L D L D L D L R U R U R U U U U R R R U R U D L D L L L D D D D D W W W W W W W W W W W W W W W W W W W W W W W W W W W W W W W W W W W W W W W W W W W R D L D D L D L D D D D D R R D D U R R R U R R U U U W W W W W W W W W W W W W W W W W W W W W W W W W W W W W W W W U R R R U U D D L L L D D D D L L D L L L U L L U 
33 16 6 200
498 701 747 9 522 487 
L D L L L L L D L L L D U U L U U U L L U U U U U U U L L U U L U L L L U L L L L D D U U L L L D U R R R R R R R D D D D D D U U U U U U L L U L L L L L L U U L L D R D D D D L D D D D D D D D L R U U U U U U U U R U U U U L D D L D D U U R R R R R R R D D D D R D D D D D D R R D D R D D R D U L U U L U U L L U U U U L L L L L L R R R R R R U U L U U U U L L L L L L U U U R R D D R R R R R R D R 
79 26 5 200
917 907 115 716 663 
U U R U D D R R R R R L L U U U U U U U U U U U U U U R D D D D R D D D D D R R R R R U U D L L L L U U U U U D R D D R R R D R R R R U U U U U R R R R U U U L L L U L L L R R R D R R R D D L R D L L L L D D D D D L L L L U L L L U U L U U U D D D D D R R R D R R R R R U U R U R U R U R U U U L L L L U L U U L U L U U L R D D R D R D D R D R R R L L L L L U U U U U L L D L D D D U U U R U U U U U 
17 58 3 78
82 443 749 
R R R R U U R R R U U U R R U U L L L L L L L L L R R R R R R R R R R U U R R L L D D L D D L L D D D L L L R U U R U U L L L R R R D D L D D L D D L L L L 
9 66 7 200
165 706 41 905 113 451 470 
L D L D L L D D D D L D U U U L L L L R R R R D D R D R R R R R D R D D R L L L L L U U D D R R R D D D U U U R U U L U L L L L L U U U U U R U D L L L L L D U R R R R R R U R U R R R R L L L D L L D L L L L L D D R R R D D D R R R R R R W W W W W W W W W W W W W W W W W W W W W W W W W W W W W W W W W W W W W W W W R R U U U R R U U U U U U R R U U U U R R U D L L D D D D L L D D D D D D L L D D 
49 51 4 134
898 309 453 729 
R R R R R R R L L L L L D D D D D D D D D D L L R R U U U U U U U U R R R R U R U R L D L D L L L L D D D L D L L L L D D L L D L D D D D L L L L L L L R R R R R R R U U U U R U R R U U R R R R U R U D D L L L L L L L L L L L R R R D U R R R R R R R R U U U U U U L L 
43 9 4 200
744 877 450 827 
D D U U R R R R R R U U U U L R D D D D L L L L L L L U L L L L U U L L L L L L L L L L L L L L L L L L L L L L L L D U U U U L U U U L L L L L U U U U L L U U U U R U R R U R L D L L D L D D D D D D L L L L D R D R D R R D R D R R R D U L L L U U D L U L L U L U L U R R R R U U R R D D D D R L L L L L D L D L D D D D L D U R U U U U R U R U R R R R R R R R R D D D R D D D R R R R R R R R R R R R 
88 2 6 166
105 802 796 510 162 297 
R R R U U R U R R R L L L D L D D L L D U R U R U R R R U D L L L D L D L L L L L L L L L L L U U U U U U U U L L L U U L L L L L U U L L L L L L D L D L L L L D L D L L L D D D U U U R R R U R U R R R R U R U U D R R R R R R D D R R R R R D D R D D D D U U U U R R D D D D R R R R R R R R L L L L L L L L D D D D R R R R R R R R R 
75 50 5 200
710 385 296 928 369 
R R R R R R R L D D D R D D U U U R U U U U U U U U U U R R R R U U D D L L L L D D D D D D D U U U U U U L U D R D D D D D D D D D L D L L D D D D L L D L R U R R U U U U R U U U L L L L L L U L U U R R R U R U U R R R R U U U U U U R U R U U U U U U U U U U U L U U U L L L L L L U L L L D U R R R R R R U R R U U U U U U L L L U L L U D R R D R R R D D D D D D L L D L L L D R R R R R R D D D R D 
4 10 4 141
745 195 70 112 
U U U U U L D D D D D D D D D D D L L D D U U L U U D D D U R R R R R R R R L L L L L L L D L R R R R R R D U L L L L L U R R U U U U U U U U U U U R D D D D D R U U R U U U L L L D W W W W W W W L L R R D D D D D R D D R D D R R R L L L U U L U U L U U U U U U R R R D D D L D D L 
69 99 5 200
536 516 228 495 960 
R R R R D R R R R L L U D L L U L L L R D D R D D D R R D D D D D D D R D D R R R D R R R D D D D R R R R D R R R D R L U L L L U L L L L U L L L D L L L L L D D D D U U U U R R R R R U R R R U U U L L L U L L U U U U U U U U R R R U D L L L D D D D D D D D L U U L U U U U U U U L L U R R R D R R R R R D D D D R R L L U U U L L L D D D D L D U L L U L U L U D R D R D R R R U U U U R R R U L L L L 
29 78 6 200
208 330 705 752 884 126 
U U U L U L U U U U U D D D R R L L D R U R U R R R R R R R R R R D U L L L L L L L L L U U U U R W W W W W W W W R R U R R U U U U L L L L R R R R D D D D L L D L L L D D D L L L L L L U U U U R U R L D L D D D D R R R R R R R W W W W W W W W W W W W W W W W W W W W W W W W W W W W W W W W W W W W R R R R U D L L L L L L L L L L L U U U U R R R R U R U R U R R L L D L D L D L L L L D D D D R R R 
80 58 10 200
597 224 761 755 768 184 57 80 225 807 
L L L D U U U U U U R L L L L L L U U U U U U U L L D D D D L D D U U L L L L L U U D D R R R R R R U U U U R R D D D D D D R R R R R R R R U U R U U D D L D D D D D D L R U U U U L L L L L L L L D R R R R R D D D D D R R R U U U U U U U U U R U U R R D D D L D L D D D D D D D D L L L L L D L L D L L D D R D D D D D L R U U U U U L U U L L L L U U L L L R R R D D R R R R R R U R R U R R R R R U U 
32 55 4 200
888 520 828 673 
R R R R R R R R R R R R D D D U U U L L L L L L U U U U U R R R L U U D D L L D D D D D L D D D D R R R D D L L L L L L L L D D L D D D D D D L R U U U U U U R U U R R R R R R D D D D D D D D D U U U U U U U L L L L L L L L L L L D U R R R R R R R R R R R D D D D D D D L D U R U U U U U U U L L L D D L D L D D L L D L L L L L D D L R U U R R R R R U U U U D D D R R U U R U R U U R R R U U R R U U 
40 84 6 140
401 820 247 632 47 200 
R D D D L D D D D D R R R U R U U U U U R U U U R R D D R R D R R R R R D D R R D D D R D L L D L D D L D D D D D L L R R U U U U U R U U R U R R U R R U R L D L L L U L L L L L R R R R R U U L L U U L L L L L U L L U U L L D D D L D D R R L L D D D L D L L L U U U U U R U U U L 
61 62 4 70
748 206 775 818 
D D R R D L D L L L U U U U U U U U U U U U R U U U L U D R D D L L R R U U U R R L L D D D D L D D D D D D D D D D D D R R R U R U L L U U 
99 39 8 200
654 624 577 302 682 179 261 918 
U U U U U U U L U L U U U U L U U U U U U U U U D U L U L L L L U L L L U U U U R R U D L L D D D D D L D D D D D L U U L L D L D D D L R U U U R U R R D D R U U U U U R U R R R D R R R R D R D D D D D D R L D D D L L L L L U U U U L R D D D D R R R D D U L L L L L L L L L L L U L L L L L L L U L R R R R R R R U U R U U U R L D D D L D D L L L L L L D R R R R R R R D R R R R R R R R R R R U U U D 
32 64 3 200
428 650 329 
R R D U L U U U U U U D D D D D D L L L D U R R U U R U U U U U D D D D D R R R R R R D R D D D L D L L L L R R R R U R U U U L U L L L L L L L D D L R D R D D L L R R U U U U U U U U U L L U L L U U L L L D L D L D D D D L R U U U U R U R U R R R D D R R D R R D D D D D D D R R L L U U U U U U L U U L L L L U U L L D D D D D D R D D R D U L U U L U U U U U U R R D D R R R R D D R D D D D D D L U 
54 83 10 200
268 897 371 614 956 655 866 394 321 876 
L L D U R R U R L L L L L L L U U U L L U U L U U U L U L L L L L R R U U U U U D D D R R R R R L L L U U D D R R D D R D D D R R R D R R R L L L U L L L U U U L U U L L L L L L L L L U L L L L L L L L R R R R R R R R D R R R R R D R R R R R R R R R D R R D U L L U L L L L L L L L L D R R R D R D D D R D D U U U L L U U L L L L U L U L L U L U D R D D L D U R U R R U R R R D R R R R R R R L L L L 
97 41 8 126
33 46 193 646 643 919 136 42 
L L L L L D D D D D L D D D D D D D D R R R R R R R L L L L L L L U U U U U U U U R R L L D L L L R R R U U U U U U U U U L L L L L L L L R R R R U U U U U R R R R R R D D U U L L L L L L D D D D D R R R R D D D D D D D D R U U R R L L U U U R R R R R 
32 21 5 200
146 469 407 791 664 
R R D D D D D D D L L L R R R U U U U U U U R R R R U D L L L L L L D L D D D L L R R U R R R D D D D L D L R U R U U U U L L L L L L D L L D U R R U R R L L U U L L L L R R R R R R L L D D R R R U U R U R D D R D D D D D L L L L L D L L L L L L U L L L L U L U U U U U L L L L L W W W W W W W W W W W W W W W D L L L L L L L L L L D L D D R R R R R R R R U R U R R D D D R D D D R R D R D R R D R L 
66 34 5 200
129 544 419 327 620 
R D U L U U U L L U L U L L L L L L L D R R R R R R D R D U L U L L L L L L U U D R R R R R R R D R D R R D D D R D R R D U L L U L R R D R R D D D R R R R R R R D D D D W W W W W W W W W W W W W W W W W W W W W W W W W W W W W W W W W W W W W W W W W W W W W W W W W W W W W W W W W W W W W W W W D R U U U U U D D D D D L U U U U U L L L U U R R U U U R U R R R L L L D L D D D L L D D L L L L U U 
62 57 4 182
79 351 882 248 
L L L D R R R R R R R R D R R R L L L U L L L L L L L L U L U L L L L D L D L L L L L L L L L L L L L D L L U U U U U U U U U U R R D D D U U U L L U D D D D D D D D D R R R R R R R L L L L L L L U U U U U U U U D D D D D D D D D D R R R R R R D D R R D R D R D R D U L U L U U U U R L D D D L U L L U U L L L L U R R R R R R R R R R R R R U R U R R R R D R R R R 
79 98 7 200
626 85 560 575 125 833 323 
R R R R D D R R D R R D D R D U L R D R R R R R R R R D D R R L D D D D U U U U L U U L L L L L L D D D U U U L L U L U U L L U L L U R D R D R R D D D R R D D R D R R D R L U U U U U U R R R R R R D U L L L L L L L L U L R D R D D D U U U R D D D D D L L D L D L D D D D D D L L D W W W W W W W W W W W W W W W W W W W W W W W W W W D R R R U R R U D L L D L L L U U U U U L L U U L U U U U L L D U 
62 6 4 200
456 108 951 167 
D D L R U U R R R R U U U D D D L L L L L L L L D D L D L L L U U R U U U U U U U U U R U D R R R R R R D R D R L L L L D L D D D D U U U U R U R R R U L U L L L L L L L U U U U L R D D D D D D D D D D R L D D D L D D L L L L D L D D L L R R U U R U R R R R U U U U U D D D D D L L L L L L L L L L U D R R R D U R R R R U U U R R U U R U U L U L U U L R D D R D R D D L D D L L D D D R R R R R R U R 
34 57 4 183
803 670 151 649 
U L U U U U R R U U U R U U U U U D D D D D R R D R D U L L R U L L L D D D L L D D D D L L D D D D D D D D D L D U R U R R R R R R R R L L L L L L L L U U U U U U U U R R R D R R D R W W W W W W W W W W W W W W W W W W W W W W W W W W W W W W W W W W W W W W W W W W W W W W W W R D R D R R R R W W W R D R R R L L L U L U U U U U D D D D D L L L L U L U L L U L L 
12 97 5 200
838 797 715 528 853 
R U D R R R R R R R R D R R R R R R R D D D L L L L L D D D U U U L L U L L L L L L L L L L L L L L L L L R R R R R R R R R R R D W W W W W W D U U R R R R R R D R R R R R R R U U U L L L U U D D R R D D D R R L L U U U L L L L L L U L L L L L L L L L L L L L L R R R R R R W W W W W W W W W W W W W W W W W W W W W W W W W W W W W W W W U U R R R R R R R R R L L L L L D D D D D L R R R R R D R L U 
6 44 5 200
543 899 889 424 310 
R R D D D R R D D D D R R R D R D D R D D D D L D L L D D D U U U R R U R U U R R D D R R R D D D D R R D D R D D U U L U U L L U U U U L L L R R R R R R R D D D D U U U U L L L L L L L U U L L U U L U U L U L L L U U U U L L U U U L L U U U U U U U U U U U U U R R L L L L L U L L U D R R R R R R R R R R W W W W W W W R D D D D D D D D D R W W W W W W D D R R R D D R U U U R U U R D U L L L L R R 
54 42 9 189
198 474 874 785 693 653 454 298 207 
U U U U R R R R D D D D U U U U U U U U U U D D R R R R R R R R R R R R R D D D D D D D D D D L L D U R R U U U U U U U U U U L U U D D R D D D D D D D D D D R R R D R D U L L R U L U U U U W U D D D D D L L U U U U U U U U U U L L L L L L L L L L L L L D D D D L L L L D D D L L L L L L L R R R R R R R U U U U U U R R U U D D L L D D D D D D D D D D D D D R D U L U U U U U U 
62 97 6 180
422 883 799 894 1 863 
R D D D R R D U U U R R L L D D L L L L D L L D L R U R R R R L L U L L U U U U L U L L L L L L R R R R R R D R R R R R U W W W W W W W W W W W W W W W W W W W W W W W W R R L D D D R D D L D L L L L L L U L U U U L U D R D D D R D R R R R R R U R U U L U U U L D L L D D L R U U L L D D D D R R R R R R R L L L D D D D L L L L L D U R R R R R U U U U U U U L 
94 14 4 169
265 830 780 253 
L U U U U U L U U D D R R R R R L L L L D D D D D R U U U U U U U R R U U R R R U L L L L L L L L L L L D D D D D L R U U U U U R R R R R R R R R R R D L L L D D L L D D D D D D D U U R U U U R U W W W W W W W W W R R U U U U L L U L L L L L L L R R R R R R R R U U U U U R U U U U D D D D L D D D D D L D R R D D D D L L D L D D D L D D 
52 53 5 200
656 123 18 700 974 
L U U U U U D L L L L R R R R D D D D R R R R R R R R R R R R R R R R U R R R R R U U R U U U D D D L L R R R R R U R R R R R U U U U U U U U R U U R U U U U L U L L U U L L U U U U L L L L R R R R D D D D R D D D D D D U U U U U U R D D R R D R D D D D L D D L D D D D D D D D L L L L L D L L L L D D L L L L L D L L L L R R R D R D R D R R R D D D R D D D U U U L U U U L L L U L U L U L L L L L L 
17 76 5 174
376 493 393 736 704 
D D D D D D L D L D D L D D L L D D L D U U U U U L L L L L L L L U L L U U U R R R L L L D D D R R D R R R R R R R R D D D D R D U U U R R U U R U U R U R U U U U U U U U U U U R U U U U U R R U U U R U D L D D R U R L L L L L L L U D R R R R R R D D D D D D D D D D U U U U U U U U U L D L L D D D D D L D D D D D L L L L L U D L L R R R R R R R 
8 62 3 200
303 952 779 
L L D D D D L L D U R R U U R R R R R R U U R U U D D L D D D D D D D U U U U U U R U U D D R L L D D D D D D D L L U L L L U R R U R U D L D L L D R R R D R R U U U U U U U U U U U R R U U U U U U U U R U U R U D L L L L L L L L R R R R R R R R R R R R R R R R U U U U R L D D D D L L L L L L L L L D L L L L L L L L D D L L R R U U R R R R R R R R R R R U U U U U U R U U U U U D D D D D L D D D D 
61 84 7 186
441 936 946 23 189 612 72 
D D L D D D L D L D D U U R U R R R R L L L L L D U U U U L L L U U U L L L L L R R R R R R R U U U U U R R R R L L L L D D L L L R R R D D R R R R L L L D D U U L D L L D D D R R R D D D R D D U U U U U U U L U U U D D D D D D D D D D D L L L L L L L L D L L U U U U U R U R R R R R L L L L L D L D D D D D R R U R R R R R R R R U U U U U U U U R D D D D D R U U U R U U 
65 67 5 200
647 300 387 15 561 
R R R R U R L D L L L L D D D D D L L R R U U U U U U U U R U U R U U U R U D L D D D L D D L D D D R D R R R R R W W W R D W W W W W W W W W W W W W W W W W W W W W W W W W W W W W W W W W W W W D R U U U R U R U R R R U U W R R R W W W W W W R R L L L L L D D L L L D L D L D D D L U U L L L L L L U L R R R R R R R R R D D D R D D D D R R D R L U L L U L L D D D D D U U U U U R R U U U L U U U L 
7 69 9 200
891 772 964 52 777 567 449 227 171 
R U D L L L L L U L L L U D R R R R R R R U R U R R U R R R U R U R L L L L L L L L L R R R R R R R R R U U U U U U U U U U U U U U U U U L R D D D D D D D R R L L D D D D D D D D D D L L L L L L R R R R R D L D D D D D D D L L L L L L L L L L L L L U U U U R U U U U U R R U R R R U U R R U U R U U D D L D D L L D D L L L U U U L L L U U U D D R R R R R D D D D D L D L L R R U R U U U U U L L L L 
82 20 5 200
669 311 584 517 117 
U U U U L L L U L U U U U R R R U U U U U U L L L L R L U D R R R R D D D D D D L L L D D D D R D R U U D L L U U U U U U L L L L L L L U U U L U L L L L L D D D D D R R L L U U U U U R R R R R D R D D D R R R R R R R D D D D D D R R U R L D L L U U U U R L D D D D R R U R R R R R R R D D D D D D D D L D D D L D D R D D D D L L L D L L L U U U L U L U L L U U U U U L U U U L U D R D D D R D D D D 
54 60 9 200
127 981 788 806 65 299 251 815 699 
U U L U U R U U R U U U U U U U U R R U R R R U U R U U R U R R U R R R R R R D R D D D D D R D D D U R D D D D D D D D R U U U R R U D L L D D D L U U U U U U L L L L L L R R R R R R U R U U U R R U R R R R R R D D D U U U L L L L L L D L L D D D L U L U U L U U U U U L U L L L L L D D D D U U U U R R D D D D D D D D L D L D L D D L R U U R U R U R U U U U U U U U L L L U U U U L L U L L L L L L 
3 51 4 200
570 96 465 284 
L L L U U U U D D R R R R D D D R R D R D D U R R L L U L U L L U U U L L L L D D R R R W W W W W W W W W W W W U W W W W W W W W W W W W W W R U U L L L D D D D D D D D D D R R R D R D D D D D R D D R D D D R R D R R D R R R R R D D R R R R R R D R D D D D D R R D R R R R R R R R R R R D R R D R R D R R R R U D D D D D D D D L R U U U U U R R R R R L L L L L L L L L L R R R R R U U L L L L U L L 
57 62 5 186
678 492 604 324 132 
D D D D U L L L L L L L L U D L L L L L L L D U R R R R L L L L L L D L D D D D U U U U U U D D R U R R R R R R R R R U U U U U U U U U U U U U U U U R U U D D L D D D D D D D D D L L L L U L R U U U D D D D R R R R D D D D D D L L L R R R R U R U U U R U R L D L D D D L D L D L L L L L L L L U U L R D D R R R R R R R R U U U U U R U D L D D D D D R R R R R R R R U U U 
71 91 5 200
518 404 282 19 158 
L L D D U U L L L L L L U L U U U D D D D D L R R D D D D D R R R D R R L L U L L L U U U U U L U U L L L L L L L L L L U L R D R R R R R R R R R R R R U U R U U U L U U D D R D D D L D D L D D L L L L L R R R R R U R R R R R R R R L L L L L L U U L L R R R R R R R U R U U D D D R R R R D U L L L L U L L L U L U L U U L U L L L R R R D D D D D L D D D D U U U U R U U U U R D D R D R D R R D L L L 
37 75 4 200
731 463 283 844 
U U U U L U D L L L L D L L D L L L U U U U L U U U U U U U R U U D D L D D D D D D D L L L U U U U U U U L U U R R R R R U R L L L L L L L L R R R R R R R D L L L L L D D R D D D D D D D R R R D D U U R D D D D R R R U R R U U U U U U U U U L L U U U U R U U U R R R U D L L L D D D L D D D D R R D D D D D D D D D L L D L L L L L D L D L D D D D L R U U U U R U R U R R R R R U R R U R R R R R D D 
0 11 6 152
808 163 349 0 945 627 
U U U U U U R U U U U U U U R R U U U U U U L U L L R R D D L D L D D D D D D U U U U U U R U R U R D D L U U L R D D R D D D D L D D D R D D D R R D R R R R R D D U U L L L L L U L L U U U L U U U L D D D D D D D L R U U U U R R R R L L L L D D D D L D D D D D D D D R R D D D D D D U U U U U U L L U U 
84 34 6 200
502 360 264 871 319 209 
D D D D R R R D R D R R D R R R R R R R D U R R U U L U L U L L L U U U U U U U U L U R R R R R U D L L L L L D R D D D D D D D D D L L R R U R R R D R D R D D L L L L L L L L L U R R R R U R U U U R R U U U R R D D D D D D D D D D D D D D D D D D D D D D D L D D D D D D L D D R R D U L L U U R U U U U U U R U U U U U U U U U U U U U U U U U U U U U U U L L D D D L L D D D L D L L L L L L U L U L 
62 9 3 98
170 823 742 
U U U U R R R R R U R L D L L L L L D D D D L D L L L L L D D D D L R U U U U R R R R R U R U U U D D R R R R R R R R L L L L L L L L R R R R R D D D D R D D D D D U U U U U L U U U U L L L L L D 
56 57 3 174
426 542 708 
R D D D R D D D D D D D R L U U U U U U U L L L L L L R R R R R U U R R R R R R R R R R U R U R U R L U U U U U L L L L L L L R R R R R R R D D D D D D L D L D W W W W W W W W W W W W W W W W W W W W W W W W W W W W W W W W W W W W W W W W W W W W W W W W W W W W W W W W W W W W W W W W W W W W W W W W W W W W W W W W D U L L L L L L L L L L U L 
91 13 6 200
811 415 849 944 445 958 
U R U U U U L U U U U U R R L L D D D D D D L D D D D D R D R R R R U U U R R U U L L R R D D L L D D D L L D L L L L L L D D D L D L L L R R R U R U U U R R R R R R U U U U U U U R U U U U R R U U R U U U U L L L R R R D D D D L L L L R R R D D L L D D D D L D D D D D D L L U L L D D D D D R D D R R L L U U L U U U U U R U U D D L D D D D D D U U U U U U R R D R R D D D D R L U U U U L L U L U U 
12 3 8 200
91 924 386 770 367 332 164 696 
U R U R R R R R R R R R U D R L L L U U U U L L D L L R R D D R L U U L L L L L L L L L L L L L L U D R R R R R R R D D D D D D R R U D L L U U U U U U R R R R R R R U R R D D D D L L L L L L L D L D R U U R R R R R R R L L L L L L L U U U U U U U L L U L L L D D D D D D D D D D D U R R R D R R R D D U U L L L U L U U U U U U U U U D D D D D D D D D L L U U U U U U U U U U R R R D R R D D D D D D 
3 96 5 200
592 434 579 478 350 
D D L D U R U U U R L D L D D D D D D R D D D D R D D R L D D U U U U L U U U U U W W W W W W W W W W W W W W W W W W W W W W W W W W W W U R U R R R R R R R R R D D D D D D D D D D D D D D D L L L D L D L L L L L D L L D D D D D L D D R R R R R R R R R R U R U U U D D D L D L L L L L L L L L L U U R U U U U U R R U R R R R R U R U U U U U U U L U U U U U L L L L L L L L U U U U U U U U D D D D D 
98 82 6 162
982 51 835 599 666 842 
U L L R U U D D D D D D L R U U U U L L U L R R R L L D D D D D D D R L U L R U U U U U R R R U U L L U L L L R D D D D D D D D D D D D D D D D R D R R L L U L U U U U U U L R R R D D D D D R D D D D D D D L D D D D D D D D D D D D U U U U U U U U U U U U R U U U U U U U L U U U U U L L U U U U U U U U U U R R D R R D D D 
23 44 3 200
384 711 954 
D D D D R D D L D D U U R U U R R R D D R D D R R D U L L U U L U U L L L L U D L D D R D D U U R R R U R U R U U D D D U L D L D L L L L U U R U U U U U L U U U U R R R R R R R R R R R L L L L L L L L L L L D D D D D D D D D D D R D D D D R R R R D R R R R R R R R D R R D D R R U U U R U U U U U U U U U U U R L D D D D D D D D D D D L D D D L L U U L L U L L L L L L L L U L L L L U U U U L U U U 
96 0 4 164
77 356 990 488 
U U U U U U R R U U U U U U U U U U U U D D D D L L R R D D D D D L R U U U U U U U U U U U L L L R R D D D D D D L D D L D D D D D L L L L L L L D D L L D D U U R R U U R R R R R R R U U U U U R U U R U U U U U U R D D D D D D D D D D D D D D L D D R R D D U U L L U U L L L L L U L U L U U U D D D R D R D R R R R D D D D D D 
62 25 9 200
798 868 427 562 130 992 237 231 989 
U R U R U R R R R R R R U R R L L D L L L D D D D D D D R D D D D R L L L L L L L L L L L L L L U U L L L D D D D D D D D D D D D D L L L L L L D D L D D L D D L L R R R R R R U R R L L D L L L L U U L U U U U U L L U L L U L R D R R R R R R R R R U U D D L L L L L L L D R R D D D D D R R U U R U U R R R R R R U U U U U U R U U R R R R R R R R R L L L L L D D L R U U U D L L L L D D L U U U U L R 
65 20 7 200
671 850 794 274 927 188 609 
U U U L L L L L L U D R R D D U U U U U L L U L L U D R R D D D D D L D U R U U U U R R D D D R R R R U U U D D D L L L L L L R R R R R R U U R L D D D L L L L L L L L L U U U L U U U U U U L U U L L L D L L L L L L D U R R R R R R U U U U U U U U L U L L L L U U U R R R R R R U R U U U U U R U R U R R R R D D D D R D R R R R R R R R U U R R D D D D D D D U U U U U U U L L D D L L L L L L L L U L 
33 11 4 200
403 421 405 979 
R D R R D D D R R D D R D D D R D U R R U U U R R R R R U R R U D L L D L L L L D D D U U U L D D L U U L U L U U L L U U D D R R D D R D R D D R D L L L U U U L U U L L U U U L L U L R D R R R D R D D D R R R R R W W W W W W W W W W W W W W W W W W W W W W W W W W W W W W U R R R R R R U U R R R W W W W W W W W W W R R R D R L U L L L L L L D D L D D D U U U L L L L L D L L L L L U U U L U L L L 
62 1 4 140
318 637 661 22 
R R R D R R U U R R U R U R L D L D L L D D L L U U U U L L L L L L D L R R R D D D R R L L U U U L L U R R R R U U U L L L U W W W W L L L L D D U U R R R R R U U U R R R R U R R R U R R D D D U U U L L D L L L D L L L L D D D L D R R R D D D R R D D D D R R R R L L L L U L L L 
36 46 4 160
550 698 645 95 
D D D R D L L D D D D L L L L U L L L U U L R D R L D R D D L L L D D D D R R R R R D R D R L L L D L R U R R U L U L L L L L U U U U R R R R L U L L L L L L L U U U U U R R R R U U L L U U L U D R D D R R D D L L L L D D D D D R R R R R R R U R R D R R R R R L L L L D D L L D L R U R R U U R R R U U U U R R U L U U U 
25 89 4 193
32 59 935 623 
D R R R D U L L L U L L R R D W W W W W W W W W W W W W W W W W W W W W R R R R U U U U L L L L L R R R R R D D R R L L U U U U U U U U L L L L L L R R R R R R D D D D D D R R R R L L L U U U R R R L L L D D D L L L L L L D L D D D D D D D D R D R D R D D D U U U L U L U L U U U U U U U U R U R R R R R D D D R R R R R R R D R R L L L L L L L D U R R R R R U L L L L L L L D L L L L U 
77 81 4 200
573 412 957 345 
U U U U U L L L L L L L L L L L L R R R R R R R R R R R R D D D R L L L L L L U U U U L U U R U U U L L L U L L R R R R L L D R R R D D D L D D R D D D U U L L L L L L L U L L L L L U L L L L L L U L L L L L L L U U U R R R R R U R R U R L D L L D L L L L L D D D R R R R R R R D D D R D R R D D D D D D D D L L L L L L L U U U R R R D R R L L U L L L D D D R R R R R R R U U U U U U U U L L U L U U 
80 3 4 200
205 640 501 499 
D D U U U U R R R U U U U R U R U D R R R R D D R L D D D U R R R R R R L L L L L L U U U U L L L L L D L D D D D L L L D D U U W W W W W W W W W W W W W W W W W W W W W W W W W W W W W W W W W W W W W W W W W W W W W W W W W W W W W W W W W W W W W W W W W W W W W W W W W W W W W W W W W W W W W W W W U L L U U U L L L U L U U L U U U U U U U U U U U R R R R U U U U U L R D D D D D L L L L D D D 
56 31 7 200
594 631 865 832 618 845 852 
U D R R D D D R L U L L D D D R D D D D D D D R D R D D L L L R R R U U R R R R R U R R U U U U U U U D D D D D D D L L D L L L L L R R L L L U L U U U U U U U L R R R D D D R R R R R R R D D D D L L U L L L L L L L L L L L L D D D L L D D D L L D L D L L D L L L L L U L U L L U D R R D R D R R R R R U R R U R U R R U U U R R U U U R R R R R R R R R R R R D R R U U U U L L L L L L L U U U L L L U 
46 84 5 149
662 462 176 141 216 
D D R R D D D D R R L L D D D D D D D D D D L D D L L R R U U U U U D D U U D D D R U U U U U U R R R R R L L L L L U U L L L L D U R R R R U U U U U U L L U U D D D R D R D D D D D D D D D R D D U U L U U U U U U U U U L U L U U U L L L U U W W W W W W W L U U L L U U L R D D R R D D R D D R R R 
48 63 6 200
587 986 446 76 610 496 
D D L D U L L L L U L U U U U U L L U U U U U L U L U L L L D D D L L L L R R D D U U L L L L L U L R D R R R R R D D U U R R U U U R R R U U U U U U L L L L L L L L U D R R R R R R R R D D D D D D L L L L U U D D R R R R D R D D D D D W W W W W W W W W W W W W W D U U U U U R R R R R R R R R U U W W W W W U U L L L L L U L U U D D R D R R R R R D D D D L L L L L L L L D L L R R D D D D R R D D D 
85 97 3 116
480 734 229 
R D R R R R R R R R R R D D R R R L L L U U L L L L L L L U U U D D D D D R R L U R R U R R R R U R U D D D D D D D D D D L U U D D R U U U U U U U U U L L U L L L R R R D R D D D D D D U U U U U L L L L D L L D L U U L L U D L U L 
61 91 6 200
304 104 137 341 955 651 
L L L L L D L L L L R R D U L L U L L L L U U U U U U L U L U L R R R R R R R R R R L L L L D D D D D R L U U U U U L L L L L D R D R D D D D D D W W D U R R R R R R U R R U U U L L L L L L L L L L L L L U L L L L L L U L L L L L L L L U L L L L L L L L U L L L L L L L L L L R R R R R R R R R R D R R R R R R R R U R R R R R R R R R R R R D R R R R R R R D U L L L L L L L U L L L L L L L L L L L L 
3 23 4 200
531 279 574 396 
R U U R U U R U U U U U R R U U R U D R R R R D R D D U U L U L L L L L D D L L D L L L L L L D U U U U U U R R R R U U U R U D L D D D L L L L D D D D D R R R R R R D D D D L D D L D D W W W W W W W W W W W W W W W W W W W R R R W W W W W W W W W W W W W W W W W W W W W W W W W W D U L L L L U U U L U U U L U L R U U D D D R D D D D D D D D D U U R R R R R R R R R R R U U U U L U D R D D D D L L 
20 46 4 196
976 926 760 723 
U R U R L D L D L D D D D D R L U U U U U U U U U L D D L D D D L D R D R R D D R D U L U U L L U L U U U L U L L L L U L U U D R R R R R L L L L L U U L U U U U R U R R U U R U U U R U U R U R U U R R R U U U R U U R R R U R U R U U U U R L D D D D L D L D L L L D D L D L L L R R R D D L L L D D L D L D D L D D D L D D L L D L D D D D R D D D R D R R R R D R D D R U U U R U U R D D D D R 
19 34 5 200
256 774 965 150 854 
L L U L U U U U U U U U L U U U L L D D L R U U U U U U D D D D D L L L L L L L L L L L L L D D D D R D R D D R L U U L U L U U U U R R U U U U U U U U R L D D D D D D R R R R D U L L L L D D R R R R R R R R R D D D D D L L U U U U U U U U D D D D D D D D R R D D D D D R D D R D U R R R R R R R U U L U U L U U L R D D R D D R D D L L L L L L L L U U L U U U U U U U U U U R R U R R D D D R D D D D 
36 94 5 196
481 675 81 135 576 
R R D D D U U U U D L L L L L L L D U R R R R R D D D R R R D R R D D R R R R D D U U L L L L L L L L L L L L L U D R R R R R R R R R D D D U U U L L L L U U D D L L L L L L R R R R U D D D D D D D D U U U U U U U R R R R R R U U L L U L L L U U U L U U L L L L L L L L L L L L U L L L L L L L L L U L L L L L L L L D D U U R R R R R R R R D R R R R R R R R R D R R R R R R R R R R R R D D R 
69 48 5 200
400 983 540 998 60 
D D D L L L L L D L L U L U U U U D D D D R D R R D D D D L L L W W W W W W W W W W W W W W D D D R R R R R R R R R R R R R R R R R R D R R R U U U U L U U U D D D R D D D D L L L L L L L L D L L D U R R U R R R R R R R R U U U L U U U U R R R R R R D D D D D R D D R L U U L U U U U U L L L L L L D D L L L L R R R R D D R D D D L L L U L L L L L L L L L L L L L L L L L L U U U R R R U U U U U R R 
81 17 1 70
630 
L L L L L L L L L L L L L L L L L L L L U D R R R R R R R R R R U D D L D D D D D L D L L L R R R U R U U U U U R R L U R R R R R R R R R R 
69 23 4 200
106 152 878 703 
U R R R L U U U U U D D D D R R R U U U R U L L L L L L L L L L L L L U L L L U U U U L L L L U L U U U U U R U U U U U R R R R R R U U R R R U U R R R R R R D D D D D L L D L L L R D D D D D U U U U U R R U R R U U U U U L L L L L L D D L L L D D L L L L L L D D D D D L D D D D D R D R R R R D D D D R R R D R R R R R R R R D U L L L L U U L U U U U R L U L L L L L L L R R R R R R R D D D D D R D 
85 60 4 122
677 504 361 558 
R U U D D L L R U U U U R U U R R L L U U U U U U U U R U R R U R U U U U U U U U U U L U L U U U L L U D D D D D L D D L D L D D L R U U R U R U U R U U U U R R D D D R D R D R R L L D D D D D D D D D L D L L D L D D D D D D D D D D L D D D D 
47 75 5 200
875 417 191 429 959 
L D L L L L L L L U L U U U U U L U L L L L U R R U R L D L L D R R R R D R D D D D D R D R R R R L L L U L U U U U U W W W W W W W W W W W W W W W W W W W W W W W W W W W W W W W W W W L U U R U U U R R U R U U U R U U U L L L U L R D R R R D D D L D D D L D L L D D D L D D L L L R R R R D D D D D D L L L L L D U R R R R R U R R U U R U U U U U U U D D D D D D D L D D L D L L L L L L U U L L R R 
88 14 4 200
591 485 416 236 
D L U U U U U L R R R R U U U U U U R R U R R R L L L D L L L R R R R R R R R R L L L L L L L L D D D L R D D D L L L D D D D D L D D D L L D L D L L L U U R U U U U U U R U U U R U U U U U U U R R R R R R R R R R D R R L L U L L L L L L L L L L D D D D D D D L D D D L D D D D D D L D D R R R U R U R R U U U R U U U R U R U U R R R R R L D D D D D D R R U D L L U U U U U U L L L L D D L D L D D D 
73 10 6 200
86 529 941 585 881 149 
D D D D D D D D D D L U U L U U L L U U U U U L R R R U R U R R D R D D R D R D D D U U U L U L U U L U L L D D D D U U U U R R D D R D D D L R U U U L U U L L D L D L L D D D U U U U U W W W W W R U U L L L L L L D D L L L D D D R R R R D D R D D R D D U U L U U L U U L L L L L L L L R R R R D R R D D D D L L D D D R L L L L L U D R R R R U U U R R U U U U U R U R U R L D L D L D L L U U U U R R 
66 80 4 200
580 733 491 836 
U U D D D D D D D D L L D L L U U U L R D D D D D D D L R D D D D R R R R R R R R D D D R D D D D D L D L L D L L L L L D L L L L L L L L L L L L D D R R R R R R R R R R D R R R R R R R R R R R D R R D D R R R R R R L L L L L L U U L L U L L L L L L L L L L L U L L L L L L L L L L U U R R R R R R R R R R R R U R R R R R U R R U R R R R R L L L L U U U U U L U U U L L L L R R R R R L L L L L L L L 
81 37 3 128
778 707 326 
L D U U U U L L L U L U U L L U R R R U U R D D D D R R D R D D R D D D L L L L R R R R U U U L U U L U L L U U U U L U L L L U U U L L R R D D D R R R D D D L L L D R R L L U U L U U U D D D R D D R R D D R U R U R R U R R L L D L L D L D D R R R D D D R 
28 34 3 160
590 506 972 
R R R R R R R R R R R R R R U U R R R R R U U U U U U U U U L L L L R R R R R R R U U R L D D L L L D D D D D D L R U U R U U R U R R R U R U U R R U R U R L D L D L L D D L D L L L D L D D L D D D D D L L L L D D D D D L R U U U U U L U U U U U U U U U D D D D D D D D D D D L L L L D D D U U U R L L L L L L L L L L L 
78 92 7 193
812 773 659 58 611 886 887 
L L L R R R R L L L L L D L R U R R R R R U R U U U U L L R R D D D D D D D D D D R L U U U U U U L U U U L R D D D D D D D D D R R R R D R D W W R R U D L L D D D R R D D L L D U R R U U L L U U U U L U L L L L U L L W W W W W W W W W W W W W W W W W W W W W W W W W W W W W W W W W W W W W W W W W W W W W W W W W W W W W W W W W W W W W W W L D D D D U U U U R R R R R L L U U U U L 
49 46 3 200
526 557 834 
L U L U U U U U U U L L U W W W W W L L D L D D L L L L L U L L U D R R D R R R R R U U L U D R R U R R D R R D D D D D D D R D R L U U L L L L L L D D W W W W W W W W W W W W W W W W W W W W W W W W W W W W W W W W W W W W W W W W W W W W W W W W W W W D L R D D R D R R D D D R R R R R D D D D U U U U L L U D L L L D D D L L D D D D D D D R R R R R R D D D R D D D D D L R U U U U U L U U U L L L 
35 7 7 200
107 765 720 674 524 639 505 
D D D D D L D D L L L L L U L R R R R R L L L L L U U L L U U U L L U D D L D L L L L L L L D D L D L L L L L U U U U U U U U U U U L U U U U L L L L L L L D D D D D D L L R R U U U R R R L L L U U U R R U U U D D D R R R R R D D D R R R R L L L L D D D D D U U U U R D D D D D D D D D D D R R R R R R R R R R R R R R R R R U D L L L L L L L L L L D U L L U R U U R R R R R R R U R U R R D D D R R D 
85 57 9 200
293 379 252 668 589 613 461 119 864 
D D D D D D D D L R U U R U U R U U R U R U R R U U R L D D D D D D D D D D D D R R D L L L L L D U U L U L U D R D R D R R R R R U L L U U U U U U U U U U L U D R L L U U U U U U U L U L U U R R R R R R U U R R U R L U U U L U L L U U U R U U U U U U U U U L L L L D D D D D D D L L L D L D D D D D D D D D D U U U U U U U U U U R U R R R U U U U U U U R R R R D D D D D D D D D L D D D R D D L D D 
28 28 3 80
880 55 813 
D D D D L D U U U U U U R R R R R R R R U U U U R R L L D D D D D D D L D D L L L L R R R R U U R U U U U U R R U D L L D D L L L L L L L L D D D D D R U U U U 
48 38 4 154
114 336 2 436 
D D D D D D D D D D D R L U L L L L L R R D D D D D D D U U U U U U U R R R D U U U U U U U U L L L L D D D D D L D L D D L U U L L U U U U L L L L L L L L L L L L U L U U R U R R L L D L D D R D R R R R R R R R R R R R D D D D R D D D D D D U U U U U U R D D R U U R U R U U U R R R L L L U U R R R R U U U 
21 56 4 184
848 3 712 196 
R R U R R U U U R U R U U R R U U R U R U U U L U L L L L L L L L L L L L D U R U U U U U U U U D D D R L U L U L L D D D D D D U U U U U U R R D R D D D D D R R R R R R R L L L U D L L L L D D L D U R U R R R R R R R R U U D D R R R D R D D D L D L D D L L D D D D R R R R R R R R R U U U L U U U U U L R D D D D D R D D D L L L L L L L L L U U L D L D D D L L D L L 
41 53 7 200
68 837 746 914 638 859 617 
R L L L L R R U W W W W W W W W W W W W W W U U U R R R L L D U L D D D D L L D R R R R D D D R R R D D D D L R U U U U U R U D L D L L L U U U L L L L U R R R U L L W W W W W W W W W W W W W W W W W W W W W W W W W W W W W W W W W W U L U U U U U U U U U U U D D D D D D D D D D D R D R R D D R R R R D R R D R R R U U U R U R R R R R R R R R R R R R R R R R D U R R R R D R D D D D D D D R D D U U 
99 65 8 200
719 468 925 177 26 380 466 197 
D D D D D L L L L R R R U U U U U U U U U L L L L L L D U R R R R R R U U U U R L L U L L R R U U U U U U R U R U U U U U L L U L L L L U L U D R D R L L L U L L U L L L L L U U D D R R R D D D D D D L L R R U U U R L U U U R R D R R R R R R R U U U U U U U L U L L L L L L U U L U L R D R D D R R R R R R R L L L L U L U L U L R D R D R D R R R D R R R R L L L D D D D D D D L L L L L D R R R R D U 
3 61 4 133
475 5 50 30 
L D D L D D U R R W R R U D D D D D R D D U U D D D R D R R D R D R D U U U U U D D D D L U L L L L L L U U U L R U U U U L L L R R R D D D D D D D R R R R R U L L U L U U U L U U U U U U U U U R R L L D D D D D D D D D U U U U L L L L U U U U U U D D D D D R U U R 
16 96 2 182
503 559 
L D L L L L L L L L L L L U U L L L D D D D D D D D D D D D D D D D R R R R D U R U U U U R U U U U U D D D D D L D U U L U U U U U U L L R R R R R R R R R L D D D D D D U U U U U U L L L L L L D D D D D D R D D D D D L L L L L U U U U U U U U U U U U U U U U R R R D R R R R R L L L L L U L L L D D D D D U U U U U R R R U U R L D D D D R R R R R R R R R R R U R 
2 34 5 162
257 402 988 433 996 
R R D R R R U U U R R R D R L U L L L U U U U L U U L L L L D L R D D D D R L U U U U U R D U R R R D D R D D D D D D D D U L L U U U U L L L L U U L D D D D D D D D D D R D D R D D R D U R W W W W W W W W W W R D D D D U U U U L L L L L D D D D D U U U U U R R U U L U U L U U U U U U U U U U R D D R R R R D D D D L U L L 
32 62 3 200
281 912 43 
L L L L D D D L D D L D D L L L L L L L L D U R R U D R R D D D D D D D D U U U U U U U U L L U U L R R R U U R U R U U R R U U R U R U D L D L D D L L D D L D L D D L L D D R R R R R R U U R U U R U R R R R R R R R U R U U U U U U R R D D D D D D R L U U U U U U L L D D D D D D L D L L L L L L L L U U R R R R R R D D W W W W D D L L L D D D D R D D R D R R D R R L L L D D D L L D D D D D L R U U 
66 32 2 78
932 78 
L L L U L L L U D D D D R R L L U U U L L L L U L U L R D R D R R R R R R R R L D R R R D R R D R R R R R R R R D D D R D U L U U U L L L L L L L L U L L U 
19 64 11 200
861 942 688 676 267 440 860 335 357 406 563 
D R U D R D R L U L L L L L L D R R R R R R U U W W W W W U U U R R R U R R U D L L D L L L D D D D D D U L L L L L L U R R R R U U R R R R R D D W W W D D D D D L L D L L D D R R R R R R U U U U D D D D R R R R R D R R R D D D D D D U U U U U L L L L L L L L R R R R R R R R U L L D D D U U U L U L L L L L L L L L L L U U R R U R R U U U U U U U R R R R R R R U U D D L L D D D D U L L L L D L D U 
94 58 4 143
903 862 53 621 
L L D D D D D R R D R D D R L U U U U U U U U U L U L L L L L D U U L L L D U R R R D R R R R R D R D D L R U U L L L L U L R D R R R R D D D D D D D L U U R U U U U U W W W W W W W W W W W W W R L U U L U U L U L U L L U L L R R D R R D R D R D D R D D D D D D D L D L L U U U U U R R 
52 31 5 200
226 37 600 971 725 
D D D D D D D L D D D D L D D L L L D D D D L L D D D D U U U U L U L U L U L U U U D D D R D R D R D R D D L L L L R R R R U U R R L L D U R R U U U U R U U U U U U U U U U L L L D D D D L R U U U U R R R D D D D D D D D D D R R U U R U U U U R U U U U U U U D D D L D D D D D D D D L L L L U L L L L L U U L L L L L U U U L L L L R R R R D D D R R R R R D D R R R R R D R R R R U U U U U U U U R U 
13 57 5 200
479 930 214 93 539 
D D D L D U R U U U R U R U D R D D D D R D D R R R D D D D R D D D D D D D D D D D D D D D D D R R R R D D D D D D D R D R R R U R U U U R R R R R R R R D D D D R D D R R R R R D R R U U R U U U U L R D D D D L D D L D D U U L U L U U U U U U U D D D D D D D L L L L U U L L L R R U U U U U U D D L L L R R R R D R L U L L L L L L L L L D D D L D L L L U L U U U U U U U L L L L U U U U U U U U U U 
81 9 6 200
686 467 62 347 355 933 
R D D U L L L R R R U U R U R U U U U U U U R U R U U U U U U L L D D D D L D D D D L D L D U R U R U U U U R U R L D D D W W W W W W W W W W W W W W W W W W W W W W W W W W W W W W W W W W W W W W W W W W W W W W W W W W W W W W W W W W W W W W W W W W W W W L L L L L L L L U L U U U U D R R U U D D L L D D D R D R R R R R R D D D L L L L D L D U R U R R R R U U U R R U U U U U U R R D D D D D D 
