100
23 61 8 200
688 861 942 440 860 706 113 493 
U L L U L U D L L L L L D R R R R L L L L U R U U U R U R R R R R R U U L U L U L L L L L L L D D D L D L D L D L L L L L L L L L D L L D D R D D D R R D R R R R R R U R D D R R D L L D D D U U U R R U L L U U L D L L L L L L U L L U U U L U U R U U U U U U R R U R L D L L D D D D D D R R R R R R R R D R D R R L L U L U L L L L L L L U R R R R R R R R R U R U R U R U U U R R R R R R R D R D R D D 
77 34 5 200
311 907 643 998 67 
U R R R R R U U U U U U R R D D D D D R D D R D D U R R U R R L L U U U U U U U U R U R R U L L L L L L L D L L L R R R U R R R R R R R D L L D L D D D D D D D D D L L L L L L L D L L L L L L L L L U U D D R R R R R R R R R U R R R R R U U R R R U D R R U R R R R R R R R D L L D L D D L L L L L L R R R R D D D D U U U U R R U U R U R R U L L L L L L L L D L L L R R R U R R R U R R L L D L L L D L 
45 15 5 182
37 744 877 757 365 
D D D D D D D L D L R U R U R R R R U U U L U D R D D D R R R R R R R D D D R D U L U U U L L L L L L U U D D R R R R R R R D R D D R D D D D R R R R D U L L L L U U U U L U U L U L L L L L L L L L L L L U U L L L L L R R R R R D D D D D R D D D D D L L L L L L L L L L U L U D R D R R R R R R R R R R U U U U U U U U U U U U U D D D D D D D D L U U U U U U U U U 
75 90 6 200
812 536 516 228 189 571 
U U D D L L W W W W U U U U U U U U R R R R L L U L L L L L R R R R R D L D D D D U U U U L D D D D L L L L L L L L L L L D D D D D D D D L R D R R R R R R R D D D D L L L L L L L L L L L U U U D D D R R R R R R R D D D D D D D R D D L L L L L U U L U U L U D R D D R D D R R R R R U U R R R R R R L L L L L D D D D D L L L L L L L L L D D D D D L L L D U R R R U U U R R R R R U R L D L L L L L U U 
60 25 5 200
798 427 301 284 75 
R U R U U R R L U U U U U L U U L L L L L D D D L L D D D D D D D D D D D D D D D D D R L U U L L L L L L L L L L L L L L U U L L D D D R R R R R R R R R R D U L L L L L L L L L L U U U R R R R R U D L L L D D R D D D D D R L U U U U U R R R R R R R L L L L L L L L L L R R R R R R U U U W W W W W W W W W W W W U U D D D D D D L D D D D D D D D D D D L L L D D L L L L U U U U U U U R U U D D L D D 
71 15 8 186
130 992 671 106 653 454 60 290 
U U L L L L L L L U U U U R U U R R U R R U U R U U U U U U U U U U U U U U D L R U U U U U U U U U U U U U D D D D R D D D D D D R D D D R R R D U L L R R R U R U D L D L L L L U U U L U U U U U U L D D D D D D D D D D D D D D D D D D D D D D L D D L L D L L D D L D D D D R R R R R R R D D R R R D U L L L U L L L L L L L L U L U U L U U D D R D D R D R R R R R R R R D 
57 93 3 84
104 137 282 
L L L L U L D D L D L L L D U R R R U U U U R R R R R U U R R U R R R R U R R L L D L L L L D L L D D L L L L L D D D R R R D R R R R D U L L L L U L L U U R D R R R R 
14 28 5 190
701 531 257 593 390 
R R D R R R L L L U L L L L L U L L D D L L L U U U U U U L U U U R R R R D D D D R R D R R R L L L U L L U U U U L L L L D D D R R R R R U R U D L D L L L L D D D D D R R L L U U U U U U L L U U U U L U L U U L L U U U R R R L L L D D D R D D D D D R D R D D D D D D R L D U U U U U U U L U L U U U U U R D D R D R D D D D R R D R R R R L L L L D D D D D D R R R U U R R D R R R 
92 22 5 136
415 445 871 319 810 
R U U U R U U D D L D D R R U U R R U R R U U U L L L L U L U U U U U U U U U U L R R R R R U D L L L L D D D D D D D D D D L L L L D D U U R R R R R U U U R R U R R U D L L D L L D L L L L D L L L D L R U R R R U R R R R D D D R R R R D D D L L D L L D D L L D L D L R U 
82 89 6 200
626 85 380 873 573 173 
R R U R U U U U U R R D D R D U L R D D D D D D D U L R U U U U U U R L L U U L L D D D L L L L R R R R D D L L L L L D L L D D D L W L L D D D D D D D D L L R R U U U U U U U U R R R U U U R R U R R R R U U U U U U U U U R R R R R R R R R R R D D D D D D D R R D D D D D D D D D D D D L L L D D D L L L L D D L L D D D L L D D D L L D L R U R R U U U R R U U U R R U R R L L D D L L R R U U U R R R 
43 53 2 93
557 248 
R R U U L L L L L L L L D L L R R U R R R R R R R R U U L L L L U U W U W W W W L L U U U U U L R D D D D D R R D D D R R R R D D D D R D R D R D R D U L U L U U R U U D D L D L U L L L 
83 91 4 166
518 422 606 960 
L L L L L L D D L L L L L U L L L D U L U L L L U U U L L U L D D D D D L R R L U U U U U R D R R D D D R R R D R R R R D R R R R U U L U U U U U U U L L U D R R D D D D D D D R D D L L L L U D R R R R R U U R R U U U L L L L L U L L R R D R R R R R D D D R R R D L L L D L D L L L L L U L U U U D D D R D R R R R R U R U R R R U R 
24 56 3 200
848 303 497 
R U U L W W W W W W W W W W W W W W W W W L L L L L L D L L L U L L L L L L L L L D L L R R U R R R R R R R U U U U U U D D D D D D L D D D U U U R U U U U U D D R L D D D R R D R R D D D D D D U U R R R R R R R U R R R R R R W W W W W W W W W W W W W W W W W W W W W W W W W W W W W W W W R D D L L D D L L D L L L L L L L L R R R R R R R R U R R U U R R U U L L L L L L L U L L L L U D R R R R D D 
22 23 4 136
880 645 754 711 
R R R R R U U U U U U U R R U U U U R R U U U L U U L U L L U L U L L L L U R R U U R R R R U U R U U U U D D D D L D D L L L L D D L L D D D D D D D R L U U U U U U R R R R R R L L D R D R D U L L L L L R R R R R R D R D D R D D D L L D D D D L L D D D D D D D L L L L L 
18 14 6 200
364 924 720 813 698 314 
D D D D D R D R R R D R D D D L L L L R R U U U L L L L U U U U U U U U R U U U U U U U U U R R D R D R R R R R R R U U U U U R R R R R U U U U U R R U R R L L D D D D D D D D D L L L L L R R R R R U U U U U U U U R R L L L L U U U U U U R L L L U U U L L L L R R D U R R D D D R R D D D D D D D D D D D L L L L L D D D D D L L L L L L D D D U U U R U U U U R R D R D R R L L U L U L L D D D D L L U 
79 26 6 200
917 264 360 347 355 250 
U U U R R R R R R D D U R R R L U D L D D D D D D D D D U U U U U U L D L D D D D D D D D L L D L R U R R U U U U U U R L U U R U R U U R R R R R D R L U L L L L L U L U U U U W W W W W W W W W W W W W W W W W W W W W W W W W W W W W U D D D D D D D D D R D D D D D D R D D D R R D D D D D D D D R R R R U U R U U U R R R U U U U L L U U D D R R D D D D L L L D D D L D D L L L L U U U U U U U U L L 
60 49 7 196
426 656 898 123 974 609 80 
D D L L R U U U U U U L L L L L L U L L D D D U U U U U U U D D D D R R D R R R R R R R R R R R R R D R R R R R R R D W W W W W W W W W W W W W W W W D D D L D D D D U U U U R U U L L L L L L L L L D L L L D D R R R R D R D R D R D R R D U U U U U R U R L D L D D D D L L U L U L U L U L L L L U U R R R U R R R R R R R R R U U L L L L L L L U L U U U U D D D D L L L L L L D D D D D D R U U 
1 13 4 200
745 70 279 396 
U U R R D D D D D D D D D D U U L L L D D D D R R R R R R D U L L L L L L U U U U R U U U U U L U U U U U R U U U U U L U U U U U U U U U R U R U R U R U U U U U U R L D D D D D D L D L D L D R D D D D D D R R D U L L U U U U U U L L D U U R D D D D R D D D D D D D D U U U U U U R R R R R R R R R R U D L L L L L L L L L L U U L U U U U L D D D D D D D D D D R D D D D D L D D D D D R D D D D D R R 
75 49 3 170
293 963 296 
R R R R R U U R R U R R R L D D D U L L L D D D R R R D D R R R R R L U U U U U R R R R R R U U U U U U U L U U R R U U R L D D L L D D R D D D D D D L L L U U D D R R R D L L L L L L D D D D D L L L L U U L L L U U U R R R U U U U U R R R U U U U U D D L L L L R R R R D D D L L L D D D L D U L U U U U U U D D D D D D D L L D D L L L L L 
57 13 3 104
170 456 751 
R R R R R R L L D D D D D D D D D U R R U U U U R R R L L L D D D D L L U U U L L R R R R R R D D D D R R D D R D U L U U L L U U U U L L L L U U U L L L L L L L L L L R R R R R R R D D U U R R R U U L L L L 
93 52 5 186
842 862 568 504 306 
R R R L D U L L U U L U U L U L U U L R D D R W W W W W W R U U U R U R U R R U U L L U L L U U U L U L U U L L U D L D D D L L L L R R R R D R D R R L L L L D L D D D L D D U U R U U U R U R R U L U U U U R R R D D R D R D D D R R D R R D D L L D L D L D D D L D R D D R U U U U U U U R R U D L L D D D D D D D D D L L L L L D L D U R U R R R D D D D D D U U U U U U R R 
17 76 3 168
208 705 964 
R R U R R U U U R R U R U U R R U U U U R R R D D D D L L R R U U R R R R R R L L L L L U U U U R R L L D D D D L L D D D D L D D D D L L L D L D D L L L L L L D L L L L L L D L D L L L L L L L L L L R R R R R R R R R R U R U R R R R R R U R R R R R R U U R U R R R U U U U R U U U U R U U L L L D D D D L L D D L D L L D D D L L D L L 
45 73 2 50
462 662 
D D R R R R R U R U U U U L U U D D R D D D D L D L L L L L D D D D D U U U U U R R D D U U L L U U 
62 97 3 116
883 863 1 
R R R R D R L L L L L L D D D D L L L R U U U U D D D D R R U U U U R R R R R D D U U L L L L L D D D L D L D D D L R U U U R U R U U U U U R R R R U D L L L L D D R R R L L L L L L L D D U U U U L R D D R R R R R R R R R U L L L L 
78 92 2 104
773 125 
R L L L U L L D D L R U U R R R R U R R U R R U U R R U R R U R R R R R R R R D R D D R D D R D D D L L D D L L D L R U R R U U R R U U U L U U L U U L U L L L L L L L L D L L D L L D D L L D L L D L L D R R 
65 73 7 138
733 775 491 647 699 72 580 
L L U L U L U D L L D U R R R D D D D D D L R R R R R R D R R L L U L U U U U U U U U L R D D D D D D D D L L L L U U U U U U U L U L U L L L L U U U U U U U U R U R L D L D D D D L L D U R R U R R R R R R R R R R D U L L L L L L L L L L D D D D D R R R R D R D R D D R D R R 
81 75 3 60
815 224 755 
U D D D D D D D D D D L D L L D D U L L L L L L U U U U U L U L R D R D D D D D R R R R R R U R R U R U U U U U U U U U 
15 14 4 200
0 524 639 722 
L L L U L L L L U L L L L L L L L D D D D R D D L R U U L U U U U R R R R D D D R L U U U U U U D D D R R R R D R R R R D R D U R R L L L L U U L L L U L U U W W W W R R R R R R R D R R U U U U U U U R R R U R U U U U U U U U U U U U U U U U U R R R R U U U U U U R R D R D R D D D U U U L U L U L L D D D D D D L L L D D D D D D U U U U U U L D D D D D D D D D D D D D D D D D L D L L L D D D D D D 
82 13 5 114
185 265 811 849 642 
R R R R R R R U R R R R U D L L R U U D L L R R R R U R L D L L D L L L D L L L L L L R R R R R R U R U R R R R U R R R D D D D D D D D D D D D D D D D U U U U U U U U U U U U U U U U L L L D L L L L D L D L D D U U L L L L L L 
94 58 5 200
719 302 577 985 903 
R R U U R R L L D D D D D D D D D U U U U U U U U U D D D D D D D D D D D D D R U U U U U U U U U U U U U U U U U U L L U U U U U U U L U U U R U U U R U U R R L L D L L L L L D L R D D R D D R D D L L L R R R U U L U U L U U U R R R R R D D D D R D D R D D D R L U U U L U U L U U U L D D D L D D D R D D D D D D D R R D D D D D D L L L L D D L R U U R R R R D D D D D D D D D D D D L U U U U U U U 
12 5 4 192
91 386 332 512 
R R R R R R R R R R U D L L U U D L L L L L L L L L L L L U L L L L U U D D R R R R D R R R D D R R D U R R R R R R D R R R D R R R R R R R R R R R R R D D U U L L U D R R R D R R R R R R R R R R U U U U L R D D D D L L L L L L L L L L U L L U U U U U U U U U U U R R L L D D D D D D D D D D D L L L L L L L L L L L L U L L L U L L L L L L L L U U R R R R R R R R R D L L L L L L L L 
35 35 5 134
590 218 526 73 336 
R R R R R R R R R R R R U U U U U U U U U U L L L L R R D D D D D D D U U U U U U U U U L R R R L L D D R R D D D D D D D D D D L L U U U U U U U U U L R D D D D D D D D R R R R R U U L R D D L L L L D D D D D D R R D D D U U U L L U U U U U U L D L L L L L L L L L L 
46 84 1 50
247 
D D D D D D D L L R R U U U U R R R R R R R R D D D D R R D R L U L L U U U U L L L L L L L L U U U 
94 14 4 200
830 501 640 944 
U U U U U U U L L R R D D R R R L L L D D D D D L D D D D L L L D D D L D D U R R R R R R L L L L L L L L L D L L L R R R U R R R U R U U U R R R U U U U R L D D D D U U U R R R W W W W W W W W W W W W W W W W W W W W W W W W W W W W W W W W W W W W W W W W W W W W W W W W W W W W W W W W W W W W W W W W W W W W W W W W W W W W W W W W W W W W W W W R D D D D L L L D D L D L L L L L L L L L L R R 
66 32 5 200
129 544 950 644 878 
D R R U U L U U U U U L L U L L L L L L L L D L U L L U U D D R R D R R R R R D U L L L L U L L L L L U D D D D D D D R D D D L D D D D D U U R L D L L L L L L L D U R R R R R R R U U U U R U U U L L L L L L R R R R R R D D D D L D U R U U U U L U U U U U U R R R R R R R R R R R R R D R R D D D D D R D D R R R R R R D R D U L U L L L L L L U U U U U U U U U U L U U L L R D D D D D U U U U U R D D 
16 86 3 200
736 939 457 
R U R R R R U R L L L L L L U L L D L R U R R D R R R R R D L L L L D L L U L U U U L W W W W W W W W W W W W W W W W W W W W W W W W W W W W W W W W W W W W W W W W W W W W W W W W W W W W W W W W W W W W W W W W W W W W W W L L L W W W W W W W W W W W W W W W W W W W W W W W W W W L L D D D D D D D D D D D L D D L D D L D D D D L L D L L D D D L D D D U U U R U U U R R U R R U U U U R U U R U U 
95 63 5 192
677 53 179 682 589 
L L L L L D L L L L R D D L R U R R R R D D D R D R R L L U L U U L R U L L L L U R U U R R R U U U L R D D D L L L D D D L D D D L D D U U R U U U R U R R U R R R R R L L L L D D D D D W W L D D D R D D R D D R R U U U U U L U U U R R R L L L D D D R D D D D D L L U U L U U L U U U R U U U U D D D D D D D D D R R R D D D D D L D D U U R U U U U U L L L U U U U U U U U U U R R R R 
1 26 4 106
808 349 574 980 
D D U U R R L L U U U U U L R D D D D D D D D D L R U U U U U U R R L L U U D D D D D D R D D R R R R R L L L L D D D D D U U U U U R U R U U R R R R R U U R L D D L L L L L D D D D D D U U U U L D L L U U L U U 
38 4 6 200
403 962 93 469 448 214 
U U U U R U U U U U U U L U U U L U U L U U U U U U U U R R U D L L D D D D D D D L L D D D D D D L L D L R U R R U U U U U U R R R R U D R D R R R D R R L L U L L L U L L L D R D D D D D D D D L D U R U U U U U U L L U L L L L U U U R R R R R U R R R U R U U R R R R R R D R D R D D R R R L L L U U L U L U L L L L L L L L L L U D R R R R R R R R R R L D D D D D D D D U U U U U U U U L L U U D D L 
42 99 3 200
956 866 831 
L D D R D R R D R R L L U L L L L L L L L L L L L L L L L R R R R R R R R R R R R R R U L U U R L L L L L L L L L L L L L L L L L D L L L D L L L L L L L L D D U U U L L L L L L L L L L L L L L D D D D D R R D R L U L L U U U U U R R R R R D D D R R D D D R D R D D R D D D U U U L U U L U L U U U L L U U U L L L L L D D D D D U U U U U R R R R R R R R R R R R R R D R R R R R R R R U R R R U R R R 
13 77 6 200
478 777 567 227 350 895 
D L L L L L L R R R R R D D D D L L L D L L L L D U R R R R U R R R U U U R R R L L L U L L L L L D L U U L R U U R R U U U U U U U U U U R L U L U L U L L U U U U U L L L R R R D D D D D R R D R D R D D D D D D D D D D D L L D D D D R D D R D R U R U R R R R R R U U L U U L L L U U U L L L U U U U D D D D R R R D R R R R R L L L L L L L U L U U U U U U U U D D D D D D D D R D R R D D R R R D D R 
98 5 5 200
77 356 169 780 438 
U U U U U U U U U U U U U D D D D L L R R D D D D D L R U U U U U U U U U U U L L L R R W W W W W W W W W W W W W W W W W W W W W W W W W W W U D L L D D L R U U R R D L L L L L D D D W W W W W W D L L U U U U L U L U U U U U L D D D D D D U U U U U U R D D D D D R R R D D U U L L D R D D D D R R U U U U R R R R R U R D D D D D D D D D D R L U U U U U U U U U U U L L L U U L U U U U L L L L L U D 
51 90 4 200
304 894 655 321 
R R D R L L L L L L L U U U L U U R U U L U U U L R R R R R R R R R R L L L L D D D U U U R L L L L L L D D L L L R R R D R D D L D D R D D D R R R R R L L L L U L L L U L U L U U L U L L L U L L L R R R D R R R D R D D R D R D R R R D R D D L L L L L L L L L L L U W W W W W W W W W W L U U U U L R D D D D R D R R R R R R R R R R R U U U U L L L L L U L U L U L U L R D R D R D R D R R R R R D D R 
54 42 3 181
198 309 506 
U U R R U U R L L U U U U U R L D D D D D L L D D D D L L D L L R R U R R U U U U R R U U U R U R U D L D L D D L L L L D D D D D D D D D D D D L L L W W W W W W W W W W W W W W W W W W W W W W W U U L U U L R D D R D R R U U U U U U U U U U U U R R R R R U R R L L D L L L L L D D D D D D D D D D D D L L D R R R U U U U U U U U U U U U R R R R D R D D L L D D 
62 24 4 200
868 703 602 89 
R U U U R R R R R R U R L L L L U L U U U U U U R L U L L L L L L L L L D D L D L D D D D D D D D D D D L D L L L L L L L L L L L L L U U L L L L D L L L L L D D D D D D D D D D D D L L L D L L R R U R R R U U U U U U U U U U U U R R R R R U R R R R R R R U U D D L L L D D L L L L L L L R R R R R R R R R R R R R R R R R R R U U U L U L L U U U L L U U U L L L L R R R R D D D R R D D D R R D R D D 
47 88 4 200
481 675 779 489 
L L L L U U L L L L U L U U U U L L L L L L L D D D L L L D L D D D L L D D D L L L L L L D D L D D L D D D D L D D D L L L L L L L U L R D R R R R R R R U R R R R R R U U R U R U R L D L D L D D L L L L L L D L L L L L L D L D L L L L R R R R U R U R R R R R R U U U R U U U U R U U R U U R R R R R R U U U R R R R R R R D R D R R D D D D L L L L L U L L L L L L L L D L L L R R R U R R R R R U D R 
28 80 6 200
731 429 986 670 550 752 
R R R R R R R R L R R R R D L L L L L D L D D D D R D L L D L D U R R R D D D D D D R D D R R L L D W W W W W W W W W D D D D D D D D D D D D D D D D D D D D D R R L L U U U U U U U U U U U U U U U U U U U U U U U U L U U U U U U L L U R R U L U U U U R U R R R R R U L L L L L L L L L L L L L U L W W W W W W W L L L L L L L U U R R R W W W W W W W W W W W W W W W W U R R R R U U R L U U L U U R U 
16 96 2 200
797 345 
D D D D L R U U U U R U R R R R R R U R R R R D D D R R D D U U L L U U U L L L L D L L L L L L D L R D R R R R R R U R R R R R R R R R R R R U R R R R R R R R D R R R R D D R R R R D D D R R R R R D R D D R R L L U U L U L U U U D D D R D R D D D D D L L L D L D D D D R D R L U L U U U U R U R R R U U U U U L U L L L L L U U U L L L L U U L L L L U L L L L L L L L D L L L L L L L L L L L L D L L 
52 31 4 200
114 242 828 244 
L D D D D L L L U L L L L L R R D D D D D D D U U U U U U U L L L L U U U U L L U L U L L L L U U U U U U L U L U U U U U U U R R U D L L D D D D D D D L L R R R D R D D D D D D R R R R D R D R R D D D D R R R R R R R D R R R U U U U R L L L L U L U L L R R R R R U R R U U U U U R U R R U U D D L L D L D D D D W L L U U U U U U L L U R U R U U R U U U U R R U R R L L D L L D D D D L D D L D L D R 
48 38 5 200
888 837 746 638 207 
U U U U U U U U U U U L L L U L U U L L L L U U U U U U U L U L R R R L U U D D L D D D D L L D D D R L U U U R R U U U R D D D D D R R U U U R L D D D L L D D R R R R D D R D R R R D D D D L L L L R R R R U U U U L L U U D D R R D D D D D D D D D D D U L U U U U U U R U U U U R R W W W W W U R R U R R R R D D R R D D D D D D D D D L D L D D L D D U U R U U R U R U U U U U U U U U L L U U L L L L 
72 88 4 182
65 299 251 412 
D D D D D D L D L R D D D D D D R D D D U R D D D D D D D D R U U U R U R L D L D D D L U U U U U U L L L L L L R R R R R R U R U U R U R R R U R R R R D D D U U U L L L L D L L L D L D D L U L U U L U U U U U U U R U U U U L L L L L L L R R R R R R R R R R R D D R R D U L L L L L L R R R R U U L L L L U U L U U L U U L L L U R R R R L L L L D R R R D D R D D R 
90 93 4 200
575 560 739 839 
D D D D U U U R R R R R R D D R R L D D D D U U U U L U U L U U U D D D L L L L L U R D R D D D W W W W W W W W W W D R W W W W W W W W W W W W W W W W W W W W W W W W W W W W W W W W W W W W W W W W W W W W W W W W R D D D D D D D L D L L L L D L L L L L L L L L U U L L D D D D D D R R D D R R D D D D D D R R R R R R R U U R U U U U R U R U R R R U U R U R R L D D D D D D D D D D D D D D D R R D 
79 44 4 174
385 836 210 542 
U R R R L L U U U L L L L L L U U U U U U U U U R L U U U U L U L U L U L L L L U L R R R R R R R D U U U U U U R R R U D L L L D D D D D L L L L L L D R R R D D L D U U L U L L U U L L U U L U U L R D D R D D R R D D R R D R D D D D R L U U U U U L L L L L L L R R R R R R R D D R U U R D R D R D R D D D D D D D D D D D D D R R R R R R D D D L D 
76 4 5 200
637 318 86 885 152 
L L L L L D D L L D D L L L L U U U U L R D D D D R R R R R R R U U R R R U R R U U U R U U U R U U R U U R U R R R U R U R U U U U U U U U R U R R U D L D D D D D R D U L U U U U U L D L D D D D D D D D L L L U U U U U L L L U L L U L L L L U U U U R U U L L L L D D D D R D U L U U U U R R R R D D L D D D D R R R R D R R D R R R D D D D D R R D L D L L L D L D D L D D L D D D L D D D L L D L L L 
82 49 7 138
710 379 252 795 680 461 928 
U D R D R R U U R U U U L L U U L L L L L U R R U U U R R R U U R R L L D D L L L D D D U U U U U U R R R U R L D L L L D D D D D D L L D R R R R R D D R R D D D D U U U U R U R U U U U R R L L D D D D L D L D D D L D D L L D L D D D L L D L L D L R U R R U R R U U U R U U L 
91 16 3 86
193 646 485 
U U U U U U U U U U U U R R R R R R R L L L L L L L U U U U U U U U R R L L D D D D D D D D D D D D L L R R D D D R R R R R R R U U U D D D L L L L L L L L L R R D D D D D 
19 21 4 200
664 765 490 410 
D D D D D D L R D D D D D R D R R R R D D D D D D R R D D R R L L U U L L U U U U R R D D D R R D R R R D R R R D D U U L L L U L L L U L L U U U L L U L R U L L L L U L U U U U U U U U U U U R D D R D R D D D D D R D R R R R R R R R U R U U L U U U L U U U U U R R R U U U R U R U U U U U U L L L L L L L L D D D D D L L D D D D U U U U U U U L L R R D D D R R U U U U U R R R R R R R R D D D D D D 
55 87 5 200
23 371 66 324 414 
R U D L D D D U U U U U U L D D D D L D L L L L L L L L D D D D D D D L D L D D D D D R D D R D D R R R R D D D D D D L L L D D U U R R R U U U R R R R L L L L D D D L L L L L D L L L L R R R R U R R R R R U U U U U U L L L L U U L U U L U U U U U R U U U L U L U U L L L L U L U U U U D D D D R D R R R R D D R D R D D R R D R D R D U L U L U L U U U R R L L U U U U R R R R R R R R U R U U U U R D 
63 75 3 200
936 547 158 
U U U L L L L L R R R R R R R R R R R U U U D D D L D D D D D D L D U R U U U U U U L L L L U U L L L L R R R R D D L D D D U U L U L U L U L L L U U W W W W W W W W W W W W W W W W W W W W W W W W R R W W W W W W W W W W W W W W W U U U U U U U U R U U R U U U U U U R U D R R R D R R R R R R R R D R D R D D D R D D D D L L D L L L L L L L L L L U U U D D D R R R R R R R R R R U R R U U U U L U U 
19 34 2 154
384 150 
R R R R U U R U U U U D D D D R R R R R R D U L L L L L L U U U U L U D L D U R R D D D D L D D L L L L D L D L L L L U U U L U U U U U U L U L L L U L U L U L L L L L L R U U U U U U U R U D R D D D D D D R R L L U U U U U U L L D D D D D D D R R R R R D R D R D R R R D R D D D D D D R D D D R R R R U R U 
34 77 7 180
401 820 496 875 47 859 882 
R R U R R R R D D R U R U U D D L D L D D D D D L L U U U U D D D D R R U U U U U U U U R U U U U L L L L L D L L L R R R U R R R R R D D D R R R L L L D L D L L D D D D D D D D D D D D D W W W W W W W W W W W W W W W W W W W W W W W W R W W W W W W W W W W W W W W W W W W W W W W W W W W W W W W W W W W R D D D U U U L L U U U U U U U U U U U U U L L D L L 
69 12 3 78
823 850 927 
U U L L L L U L L U U U U U U U U L L U L L R R D D D U U U L L U U U L U L R D R D D D D U R R D R R R U R U R L D L D L D D D D D D D D R R D R R R R D D 
54 67 4 200
788 981 806 632 
R L D D D L R U U U U U U U R U R U U R L D D L D L D D D D L L L U U L U L L W W W W W W L U L L U W W W W W W W W W W W W W W W W W W W W W W W W W W W W W W W W W W W W W W W W W W W W W W W W W W W W W W W W W W W W W W W W W W W W L L U U U U U R R W W W W W W W W W W W W W W W W W W W W W W W W W W W W W W W W W W W W W W W W W W W W R R R R R R R R R R R R R U R R L L L L L L L L L R R R R 
6 44 5 200
543 899 399 402 475 
D D R R D R R D R R D D D D D D D D L D U L U L U L L L U U L R D D R R R D R D R R R L U U U U U U U U L L U L L U L L L L L L D L R D R D D D U U U L U U R R R R U U L L D L L W W W W W W W W W W W W W W W W W W W W W W W W W U L U U U U L U U U U U U U R U U R R R R R R R R R U U U L L L L L D U R R R R R D D D L L L L D D D D D U U D L D D D D R R R R R R D D U U L L L L L L U U U U R U U U U 
99 65 3 200
864 177 716 
L U U U U L L U U U U U L L L L L D D D D D L L D L L L L R R R R U R R U R L U U U U R R R R R D R R R L L L L U D R D D D D R R D D D D D D D D D D D D D D D D D D D D D D D L L D L D L L L L D L D D D D L L L D D U U R R R U U U U R R D D R R R D R R L L L L L L L L L L L R R R R U U U U U U U U D D D D D D D D R R R R R U L L L U U L U R R R R U R U R R U U U U U U U U U U U U U U U U U U U R 
61 34 1 14
932 
L D D D D R R L L U U U U R 
27 76 4 200
650 428 446 673 
R D D D R D D R D R R R L L D D D D D L D D U U R U U U U U R U R D D D D D D R D D D R D U L U L L L U D R R R U U L U U U U U U L D L L U L U L R R D R R R D D D D D D D D D D D D D D D R D D D D D D D D D D D D D D D R R R D R L U L L L U U U L L L L L L U L U D R D R R R R R R D D D R R R D D U U L L L U L L L L L L L L L L L L D D D D R R U R L D L L U U U U R R R R R R R R R U U U D D D R R 
13 57 5 158
479 5 570 240 930 
D D D L D D L L L L D L L D L D L U U U L R U U U U D L L L L R R R D D U U R D D D D D D R U R R R R R R R R R R R R R R R R R R D R U U U U U R R R U U D D L L L D D D D D L D D D D U U U U U R R R U U R U R R R L L L D L D D L L L L L L L L L L L L L L L L L L L L U R R U R R R R U U R U U U U R R U D R L L L D 
4 10 3 124
450 487 367 
R R R R R R R R R R U U R R U U U L L L U U U L L L L L U U U U U U U U L L R R R R U U D D D D D R D D R R D R D D U U L U L L U U L U U U L L D D D L L R R D D D D D R R R R R D D D R R R D D D D D L D D R L U U R U U L L D D L L L L L L L L L L 
56 31 5 200
594 618 865 832 554 
U D R R D R D D U L L L D D D R D D D D D D R D D R R R D D R D D D D D R D R R R D D D R R D D R R R R R R R R U U U U U U U L L L L U L R R R U R R U U R U U R L D D L D D L L D L L D R R R R D D D D D D D L L L L L L L L D D D D D L L R R U U U U U U L R D R R R R R R R R U U U U U U U U U U U U L U U U U U L L U U U U U U R L D D D D D D R R D D D D D R D D D D D D D D D D D D L L L L L L L L 
75 25 5 200
562 973 933 313 584 
U U L U L U L R D R D D D D D D D D D D D L D L D U R U R U U U U U U R R R R R R U U U R R L L D D D L L L L L U D R R U U D D D D D D R R D D D L D L D U R U R U U U L L U U U U L L L U U U U R D R U R R U U U R R R R U U R R W W U D L L L L L L L L U U U L L U L L R R R R R L L L D R R D D D R R R R R R D D L L L L D D D D D D R U R U D L D L U U U L L U U L L L L L L L L L U D R R R R R R R R 
0 79 6 200
503 592 434 171 362 138 
R R R R R U U R U U U U U R U U U U D D D D L D D U U L U U U U U U L L R R R R R R R R R L L L L L L L D D L L U L L L U U R R U U R R U U D D L L D D L L D D R R R D R D D D D D D R L L L L D L R R D D R L U U L U R R R U U U U U U R D D D D R D D D D D L D D L L L D D D D U U U U U U U U U U R U U R U U R U U U U R U R U D L D L D D D D L L L L L R R R R R R U R U R U D L D L D L L D D L D D L 
48 67 3 185
587 803 381 
D D D L D D D D U U U U L L L L L L L U U U L L L U U L L U U U U U D D D D D R R D D R D W W W D D D L D L L L L R R R R U R U U U U L U U L U D R D D R R D D D D L L D D D D L D W W W W W W W W W W L D D D U U U R U R U U U U R R U U U U R U U U U U U U U U R U R U R U D L D L D L D D D D D D D D D D D D R R R R R D U U U U L L U U U U D D D D R R D D D R R R U U U 
58 55 4 200
79 678 729 972 
R U U L U L L L L L U U L L L L L L D L L L L D L R R R R R R D R D D D D R D D D D D D R L U U U U U U L U U U U L U L L L L L U L L U L L L D D L D L D D D D D D D D D R R D D R D R R R D R L D L D D D L L D L D L L L D D L D D R R R R D R R D R D R L U L U L L U L L L L U U R U U R R R U R U R R R L U U U R U U L L L L D D L D D D D D D L L L D D D R R R D R D D U U R U D L L U L L L U U U R R 
60 62 5 200
748 351 225 913 697 
D R R R D D D L L L L U U U U U U U D D D D D D D R R R R D D R D R R R R R R L L L L L L U L D L D L L L L L L L L U U L R D D R R R R R R R R U R R R R R R R R R R R L L L L L L L L L L U U U U U U L L L U D R R R R U U L L L U U R R R U D L L L D D R R R D D R R R R R D R R R R D D D D D L D D R W W W W W W W W W W W W W W D D D L L D U L L U U L U U U D D D R D D R R R R U R L L L L L L R R R 
75 50 7 200
597 184 361 369 58 495 148 
U U U U U U R U R U U U R R U R U U U R U R U U U U R R R R L L L U U U U U U U U L L U L L L L L L L D U R R U U U U U U U U U R L D D R R R R U R U D D D D R R R R R D D D D R R R D U L L L U U U U L L L L L U U U L D L L L L D D D D D D D L L D L D U R U R R R R R R R D R R D D D D D D D D L D D D D R R D D D R L U U U L L L U U L L L L L L L L L L L L L U R U R R R R U R R U R R U U U U D D D 
20 46 3 198
976 847 259 
U R U R L D L D L D D D D D R L U U U U U U U U L U D D L L D D D D U U U U R R U R R U R L D L D D D L L D D L L L D D D U U U R R R U R R R R R R L L U U U U L R D D D D L L L L U R R R R R R W W W W W W W W W W W W W W W W W W W W W W W W W W W W W W W W W W W W W W W W W W W W W W W W W W W W W W W W R R R R U R U U R L D L L W W W W U U U U R U R R L L D L D D D D R R D L D L L L L L L L 
94 97 3 169
480 734 229 
D R R D R D R R L L U L U L L U L L L U L L U D D D D D R R L U D L W D D D D D R D W W W W W W W W W W W W W W W W W W W W W W W W W W R D R R R U R R U R U R U U U U U U U U L R D D D D D D D D L D L D U U D D L L D L L L U L U L U U U U U U U U U R R R L D R R R D D D D D D R R L L U U U L L L L L U U L L U D R R D D R R R R R U U U 
24 99 2 56
853 341 
L L L L L L L L L D D D D R D R R R R R R D U L L L L L L U L U U U U R R L L L L L L R R R R R R R R R R R R R 
88 80 2 64
835 197 
R R R R R R R R D U R L L L U U U U R R R L U U U U R U R U U U U U R U D L D D D D D L D L D D L R D D L L D D D D L L L L L L 
79 80 2 80
558 886 
R R R R R R D R D R R R R L L L L U U U U U U U U U U U U U D D D D D L D D D D D L L L R R R U U U U U R D R R R R R R L L L L L L D D D D D D L U L L L L L L 
17 36 6 200
256 774 128 96 124 952 
D U U U U U L U L U U U U L L U D R R D D R R R R R R U R U R R R L L L D L D L L D D D D D D D D L L D D L L U U U U U U U L U U U L L L U U L U U L L L L U L U U U U U U L L L L L D U R R R R R D D D D D D R D R L U L U U U U U R R R R L L L L L L L L D D U U R R R R D D D D D R D R R R D D D U U U R D D R R R U U U U U U U U U L L L U L L L U R R U U R L D D L L D R R R D R R R D D D D D D D D 
53 88 4 200
268 81 135 38 
D L D D D D D U U U U L L L L L L L L L L L L L L L L L L L U U U L R D D D R R R R R R R R D U L L L L U U U U D D L L L L L L R R R R U D D D D D D D D U U U U U U U R R R R R R U D L L L L D D R R R R R R R R R R R R R R R U R U D L L D L L L L L L L L L L D L L L W W W W W W W W W W W W W W D D D D D R D R D D D D D D D D D D L L U D R R U U U U U U U U R R U R R U U U R R R L L L D D D L L D 
47 75 4 190
176 25 300 818 
R R R R R D R L U L L L L L L U L L D D R R D D R R R R D R R R U U U U U U D D R R R R R D R D R D D D D D D U U U U R R R R R R R R D R D D R L U U L U L L L L L L L L L L L D D D D D D L D D D D R R R U U R R R R D U L L L L D D L L L U U U U R U U U U U U R R R R R R R D R R L L U L L L L L L R R U U R R U D L L L U L U L L L L L D D D D L L L U L L L L U U L L U U R R D R 
25 73 2 192
82 969 
D D L D D D D D D D D D D D D L D L L R R U R U U U U U U R R L L L L L L L L L R R R R R R R U U R R R R R U U R R D D D D D D D D D D D D D D D R R D D D D L L D D D L L D D L L L L L L L D L L L L L L U U D D R R R R R R D R R R R L L L L U U R R R R R R R U U R R U U U R R U U U U L L U U U U U U U U U U U U U U U L L D D L L L D D D D D D D D U U U U U U U U L L U U U U R U U 
99 39 6 192
654 624 33 46 840 663 
U U U L L L L L D L L D U R R U R R R R R D D D D D D L L D D R R L L U U R R U U U U U U L U L L U U L U L L U U L L L L U D R R R R D D R R D R D D R R R L L L L L R R R D U R D D D D L L L L L L D L L L L D D L L U U U L U U R R U U U U U U U U R R R R D D U U L L D D D D D D U U U U U U U R U D L D L L D D D D D D D D L L D D R D D D R R U U R R R R U R R R R R R U U U R D D D 
57 62 3 200
127 45 914 
L L L L R R R D D L D L R U R U U R R U U U U R R R D R R R D D R R D R R R R L L L L U L L U U U U U D D D D D D R R R R L L L L U U U L L L U L L L D D D D W W W W W W W W W W W W W W W W W W W W W W W W W W W W W W W W W W W W R D D R D D D D R D D L L L L L L U L L U U L L U L L L L L L L L L L D D L L D D D D D R R D R D R R D R D U L U L L U L U L L U U U U U R R U U R R R R R R R R R R D R 
30 68 2 200
281 772 
D D L D D D D L D D D L D D L D D L L L L L L L L D U R R U D R R D D D D D D D D U U U U U U U U U U L L L R R R D D R R R R U U R U U R U U U R U U U U R U U W W W W W W W W W W W W W W W W W W W W W W W W W W W W W W W W W W W W W W W W W W W W W W W W W W W W W W W W W W W W W W W W W W W W W W W W W W W W W W W W W U L L L L U U U U U L L D L D L L L L L L L L L L D L D L L L L L L L L D L R 
29 16 3 138
498 407 222 
D D D L L L L L U U L U U U L L R R D R R R R R R R D D R D R D U L U L U U L L L L D U R R R R U L L L L L U U L R R R R R U U U U W W W W W W W W W W W W W W W W W W W W W W W W W W W W R U U L R D D L D D D D L L L L D D R R R R R D L L L L L L L D D R D D R R R R R U U U 
15 19 3 200
889 572 163 
U U U L U L U U U L R R R U U U U U R R U D D D D D R R D R D D D R D R R L L U L U U U L U L L U U U R R R R D D D R D R R L L U L U U U L L L L U L L L L U L L L L L L R R R R R U U U U L L L L L L L U U R R R R U R L D L L L L D D R R R R R R R D D D D L L L D D L D L R U R U U R R U U L L L L U L L U U U U L L D D D D D D D D D L D U R U U U U U U U U U R R D D D D R R D R R R R D D R R D R R 
1 6 4 200
195 107 661 951 
R D D D L D U U L U U D D D U R D R U R R R R R R R D R R D R R R R R R D R R R R R R R R R R R R R R R D U L L L L R R R R R R D W W W W W W W W W W W W W R R R R R R R R R R R R R R R R R R R U R U R R R U R L D D D R R R R R R L L L L L L U U L U U U U U U D D D D D D L L D L D L L L L L L R R R R U R U U U U U R R U U D D L L D D D D D L D L L L L L L L L L L L L L L L L L U L L L L L L L L L 
81 37 3 200
778 707 668 
L D U U U U L L L L L L U U U U R R R U R U D D D R R R D D U U L L L U U L D L L L D D D D R R R R D D D D U U U U U U U U U L L U L U L L U U U L R D D D R R D R D D D U U R R D D D D D R R D D D R U U U U U U R R U R U U U U U U U R R U U R U R U U U U U R U U U R U U R R R R R R D D D D L L U L D L D U R U R D R R U U U U L L L L L L D D L D D D L D D D D D L D L D D L L D D D D D D D L D L L 
24 95 6 200
283 393 32 559 961 59 
D D L D L D D L R R D R D R R R L L L D D L L L L L L D L L L L U L L L R U U U U U R U U L L L L U U U D D D L L L L L D L L L R R R U R U U U U U U D D D D D D R R R R R R R R D R R R R U R R D R R L L U L L D L L L L D L D D D D D R R D R R R R U R R R R R R U U U L U L U U R U R U U D L L L D D D D D L L D D D L D D R R R R R R R R U U R R U D L L D D L L L L L L L L U U R U U U R R R R L L U 
22 68 2 68
376 165 
L U L L L U L U U D D D D L L D D L D L L D L D D U L L L L L D L D D L D U R U U R U R R R R R U R U R R U R U U R R U U R D R R R D R 
68 11 3 200
529 941 603 
D D D D D D D R L U U U U U D R D D R R R R R R R R D D U U L L U U U U U L L L D D D D U U R R L L U U R R R D D D D D L L L L L L U U L U U U R R U U R W W W W W W W W W W W W W W W R R R R U U U L L L U U L U U U U U U W W W W W W W W W W W W W W W W W W W W W W W W W W W W W U U L L D L D L L L L D D D D D D D R R R R R R L L L L L L U U L L D D R D D D D D R R R R L L L L U U U U U L U U U L 
87 80 6 200
599 982 51 323 887 102 
D R R R R R R R D R D R L U U U U U U R R R U U L R D D L L L D D D D D L U L L L L L L L U U R R R R R R U U U U U U L L U U U U D D D D R R D D D D D D L L U U R R U U U L L L L L L L L L L L U U L U D R D D R R D D D D D D D U U U L L L L L L L U L W W W W W W W W W W W W W W W W W W W W U R U R U R R U U R L L L U U U R U U U U U U R R U D D D D D D D D D D R R R R R R U U R R L L D D L L L L 
61 41 8 168
983 474 874 785 693 540 400 153 
U U R U L L L L U D D D U U U U U U U U U U D D D D D D R R R U U U D D D D R R D D R D D D U U U R R R U R U D L D L L L L U U L L U L L L U U U U L L L L L L L L L R U U U L U U U L L U L L L U L L L D D L L D D D D D R D D D U U U L U U U U U R R U U R R R D R R D U R D R R D D D R D D D R R R R R R R R D D D D D D R R R R D L D D 
61 91 2 74
441 404 
L D D D D D D L D D R D D L L L D D D D R D U L U U R R R R R R L L L L L L U U R R R U U R R R R R R R R U D L L L L L L L L L U U R U U U U U U R 
95 4 6 88
802 796 105 205 686 62 
U D L L L L D D D L L R R U U U R R R U D L L D L L L L L L L L L L D L L D U L U U U U U U R R R U R U R R U D L L D L D L L L D D D D D D R R R U R R R R R R R R R R U R R R 
45 4 5 200
405 421 278 600 809 
D D L L L L U L L L L U U U U U U U D D D D D D D R R R D D U U R R U U R R R R R R R U U D D L L L L L L L D D L D R R L L L L L L U U L U U U U U U L U U D D R D D D D D D R D R R U R U R U U U R U U L W W W W W W W W U U U U W R R U U R R R D R D D D D D D D D D R L U U U U U U U U U L U L L L D D L L D D D D R D D L D D D L D L D L L D R R R R R R R R U U U R R U U U U U U U U U U R R L L D D 
