100
21 2 4 200
386 789 790 645 
L U U U U U D D R R R U U U U U U L L U U U U L U U U U U L L U U U U R R R R R R R R U U U U R U R U R R R R U U U U R R R R U D L L L L D D L L L L L L L L L L R R R R R D U R R R R R D D L L L L D L D L D D D L L L L L L L L L R R R R U U U U U U U U R R R D D D R R R R R L L L U U U U U U R R R U R L L L L L U U L U U U U L L R R D D D D R D D R R R R D L L L D D D D D D L L U U U L L L D D D 
89 72 5 200
361 504 148 680 783 
D L D L D L D D D D D D L D D L D U R U U R U U U R R L L D D D L D U L L L L L U U L U U U U U U U U U L L L L L L L L L D D D L D D D L R U U U R U U U R R R R R R R U D R R D D D D D D D D D R D D R R R R R R D D D R D D L L L D L L D L R U R R U R R R U U L U U U L R U U U U U U R U R U R U L L U U U U U R R R U U D D L L L D D D D D D D D D R R D D D R R U U U U U U R R U U R W W W W W W U D 
95 4 4 160
802 77 105 488 
U D L L L D L R U R R R U U R R R L L L D D L L L D L R R D R R R W W W W W W W W W W W W W W W W W W W W W W W W W W W W W W W W W W W W R R R L L L U U U U U U U L U L L W W W W W W W W W W W W W W W W W W W W W W W W W W W W W W W W W W W W W W W W W W W W W W U L L L R R R D R R D R D D D D D D D L L L U L U R R R 
49 51 6 200
898 557 68 550 453 906 
R R L L L L U L U U L U W W W W W W W L L L L L L D D L L U L L R R D R R U U R R R D D D L D D L D L D L D D D D D D L D D D L D U R U U U R U U U U U U R U R U R U U R U U U R R R D R D D R D R R L L L L L L L D L L L D D L D D D D D D D L D D D D L D D D D D D L D D L L D L L D L L L L L L L L L R U U U U U D D D D D R R R R R R R R U R R U R R U U R U U U U U U R U U U U R U U U U U U U R U U 
75 49 6 200
293 795 184 57 560 817 
R U U R R R R R R R R U R L D D D U U L L L L U U U U L U U U U R R U R R R U R R L L L L U L L D L D L D D D D D L L U U U U U U U U U U L L U U L U U U U U U U R R R U U R R R R D D R R R R R U U U U U R R R R U R R R R R R R R R R U U U U U U U U L U U U L L L L U D R R R R D D D D D L U U U U U L U D R D D D D D R U U R D D D D D D D D D D U U L L L L L L L L L L D L L L L D D D D D L L L L L 
4 80 6 200
434 579 449 567 736 559 
U U U U R L D D L L U U U L U U U U U U U U U R R R R R R R R R R R R R D D D D R R D D D R D D D D D D D D D D L L D L L L L L D L L L U U L R U U R U U U U R L D D D D L D D D D L R R R R U R R R R R U R R U U U U U U U U U U R R R R U R L D L L L L L U U L D D L D D D L L U U L R D D R R U U U R U U R U L L U U U U L L L L L U U D D L L L L L L L L D D U U U U R U U R U R R L L D L D D L D D D 
18 96 6 200
208 59 283 393 463 879 
D R R R D D D D R D D R R D R R D R D D R R D D L L R R U U R R R R R R L L L L L L L U U D D L U U L U L L U L L U L R D D R R R R R U U D D L L L L D D D D D D D U U U U U U U L U U R R D D R R R U R U U D D L D L L L U U L L U L L R U U U U L L L U R D R R R R U R R U U U R R R R R R R L L L L L L L D D D L L D D R R R R R R R R R R D D D L R U U U U R U D L D L L L L L L L L L L U L L L L U L 
92 78 5 200
599 177 864 568 302 
R R R D R D D R D R R D U L L L L R D D D D U U U U L L L L L L L L D D L L D D L D D U U R U U R R U R R D R R D D D D D D D D D D D D D L L R R U U U U U U U U U U U U U L L U L L D L D L L L L D D D U U U R R R R U R U R R D D D D D D D R R R R R D D R D D D D L D D D D D D L D D D D D R R R U U L R D D L L L U U U U U R U U U U U U R U U U U L U U L L L L L U U U U U U U L L U R R R R R R R R 
67 32 7 200
129 544 949 419 517 188 447 
U U U L L U U U U L L L L L L L L D L R D D D R R D U U R U R U R R D D U U L L D L D L D L L U U U U U L R D R R R R R R R R D D D D R R D D D R R L L D L L R R U D L L D D L L W W W W W W W W W W W W W W W W W W W W W W W W W W W W W W W W W W W W W W W W L L U L L L L L L U U L U L L L L L L L L D D L R R R R D R L L L L L L L D L D D D D R D D D D R D D D D U U U U L U U U U L U U U U R U R R 
40 7 4 122
403 744 237 421 
L L R R R R R R R R R R R U U D D D D L L L D D D L D L L D R R R R R R R U R L U U U U U U U L L L L L L L L L L L U D R R R R R R R R R R R D D D D D D D D L L L L L L L U L L L R R R R R U R U U U L L L L R R R R R R R U U L L L L L L L L L 
81 46 5 114
385 716 613 115 919 
R D R R D D R D D D D R D D R R R R U U R U U U U R R R D D R R D R L U L L U U L L L D D D L L L L L R R R R U U U U U U U U D D D L L R R D D D D D R D L D D L L L L U U L U U U U L U L R U R R R U U U U D D D D L L L L L U L 
91 75 5 200
835 337 862 903 621 
U U U U R R R R R R U U U U U L L L R R R D D D D D R D D D D D D D D D D D D D D D D D R D D D L L L D L R D D D D D D D D D D D D D D D D D D U U U U U U U U U U U U U U U D D L D L D D D L D U R U U R L U U U U L L L U L U U L U D R D R R L L D R D R R R D D D R D D R L U U W W W W W W W W W W W W W W W W W W W W W L R U R U U U U U U L U U D D L L L L L L L L U U U U U U U R L D D D D D D D R 
69 95 7 200
536 516 228 282 799 158 19 
R R R R U U U R R R R L L U L L L L L R R R R R D L D D D D L L L L L L U U U L L L L U L L L L L L L L L L L D D D L D D L R U U R U U U R R R R R R R R R R R U D L L L L L D D D D D D L D D U U R U R R R R L L L L U U U U U L L U D R R R R R U D L L L D D D D R R R D D R R D D U U L U D L U U L L L U U U U R R R R R D R R R R D R R R L L L D D R R R R R R D D R L U U L L L L L L U U U L L R R D 
28 80 6 200
731 662 417 47 200 507 
R R R R R R R R L L L L U U U U R R R R R R R D R R D R R R R D R R R D D D R R L L L L L L D D L D D D D D D D D R R D D U U U U R R U D D U L L D D L L U U U U U U U U L L U L U U U L R R R R R R R L L L L L L D D D R D R R R U U R R R R U U U L L L U L L D D D D D D D R D R R D R R U R R U R U R R U R U R R U U U U L U U U U L U L L U L L U U L L R R D D R R D R R D R D D D D R D D D D L L D L 
23 3 6 200
924 765 469 600 852 725 
U U D D R R R R R D D U U L L L L U U U U U U U U U R R R R R U U R U U U U U R R R R U U D D L L L D D D D D U U U U U R R R U R R R R U U D D L L L L D L L L L D D D D D L D D L L L L L D D D D D D D D D L U R R R U U U R R U U U U R U U U U R U R U U R R R R D R R D D D R D R R R D U L L L U L U U U L L U L L L L U R R R U U U U L U U U D D D R D D D D L L L D D D L D L D D D D L D D D D L L D 
66 32 7 200
932 868 798 427 562 703 413 
L L L L L L U U D D D D R R D D D R L D U U R R R R R R R R R U R R L L D L U U U U U U L U U L L L W W W W W W W W W W W W W W W W W W D U L L L L L L L L R R R R R R R R R R R D D R D D D D D D L L L L L L L L U U L L U U R R R R R R L L L U R L U U U U U L U U U U U R R R R R R D D D L D L R U R U U U R R R R R W W W W W W W W W W W W W W W W R L L L L L L D D D D D D U U U U U U L L L L L L D 
69 53 4 52
351 79 219 708 
R U U L L L L L L U L L L L L L L L L L L R R R R R R L L D D D U U U R R R R R R R D R R R R R R D D L 
85 17 4 198
780 355 347 116 
U U R R L L U U U D D D R U U U U U U L D L D D D D D D D L L D L D U R U R R U U U U U U U R U R D D D D D D L D D U R U D L D D D D D R D D D D R R D W W W W W W W W W W W W W W W W W W W W W R R R D R W W W W W W R D D L L D D D R D R R R R R U U W W W W W W W W W U U U U U U U L U R U U U L L R R D D D L D R D D D D D D D D D L L L L L U L U U U R R U U L L U L L L U L L U U U U L U U U U 
0 59 5 200
570 30 279 390 511 
D D D D R R R D D U U U U R R D D D U U U L L L L U U U U U U U D D D D D D D R R D D L L L D D D D D D D D D D D D D D D D D D D D D D D D D U U U U U U U U U U R R R R R L L L L L D D D D D D D D D R R R D R D D D D D D U U U U U D L R U U U R R R R U R U R L D L D L L D U L L D L U L L L U U U U U U U U R R L L U U U U U U U U U R L D D D D D D D D D D D D D D R D R R D U L L U L U U U U U U U 
2 2 3 144
195 70 294 
L U L U U U D D D R R R R R R U R R L L D L L L L L L R D R R R R R L L L L U U U U U U U U U D D D D D D D R R U R U U U R U U U U R R R R R R R U R L D L L L L L L L D D D D L D D D L D L L U U U U U L L U D R R D D D D D R R R R R R R L L L L U U U U U U U L R D D D D D D D L L L D D 
84 75 3 120
815 548 887 
L L U L R U U U U U U R L U U U L U U L L L U U D D R R R D D R R R R R R R R R R R L L D D D D D D D D D U U U U U U U U U L L L L L U U U D D D L D D D D D D U U U U U U L L D L L L L L L R R R R R U U U U D D D D R D D D D D D D D D R R 
23 54 5 200
82 443 848 335 425 
U U U U L L R R U U R U U U R R U U L L L L L L L L L R R R R R R R R R R R R U U L L R R D D L L L D D L D D D D D U U U U U U U U U U R U D L D D D D D L D D D L L U L R D R D D R R R R R R D R R R R L L L L U L L L L L U U D D R R R R R D R R R R D D D L L L L D L R U R R R R U U U L L L L U L L L L L L D D D D L D L D D D L L D L D L L L L D D D L L L R R R U U U R R R R U R U R R U U U R U R 
56 89 6 200
23 304 894 955 853 394 
D U L L L L U D R R U U L L L L U U U U U U U L L L U L L R R R R R R R R R R L L L L D D D U U U R L L L L L D L L L L L L U L L L L L L L L L L L L L L L L W W W W W W W W W W W W W W W D L L L U D L L D L L L D D D L R U U U R R R R D R D D D U U U L U L U R R R R R U R R R R R R R R R R R R R R R R D R R R R R R R R R D D D D D D R R L L D L L L D D L D D U U U L U U L U U L L L L L L U L L U 
48 52 5 200
656 123 18 813 729 
R R R U U U U U U D L L L L R R R R D D D D D L D D L L L L L L L D L L D D D D D D D D D D D D D D D L L L D L D D D D D D L L D D D L L L L L R R R R R U U U R R U U U U U U R U R R R U U U U U U U U U U U U U U U R R R R R R R R D D R R L L U U L L L L L L L L D D D D L R D D D D D D D D D R R R R R U U U U U L U U L L U D R R D D R D D D D D L L L L L U U U U U U U U U U U U U R R U R R R R R 
87 34 4 200
360 502 319 306 
D D D D D U L L L R R R R R R R R L L D D U U U R R U R R U U R U R R R R L L L L D L D D L L D L L D L L L U U U U R W W W W W W W W W W W W W W W W W W W W W W W W W W W W W W W W W W W W W U U U U U U L L U U U U U L L L L U U U R U U U R U U R U U R U R R R R R R D R D U U U U U U R U U R L D D L D D D D D L U L L L L L L D L D D L D D L D D D L D D D R R R R R U U U U U D D D D R R R R L L L 
48 67 9 200
462 141 788 127 981 882 429 546 723 
U U U U L R D D R R R R D R R R D D L L D D D D U U U L L L L L L L L L L L L L D D D L L U U U U D D D D R R U U U U U U U U U U U U U L L U U U U L L U L R D R R R L D D D D D L L L L D U U L D D L L L L L L D D L L L L D L L U U U U U L U U R U D L D D D D L R D D D D R R R D R D R D D D L R U U U L U L U L L L U U U U U U U U U R U U D D R R R R R L L L L L L D D D D D D L D D L L D L R U R R 
2 69 7 200
772 964 52 777 493 310 760 
R L U U L L R D U R D R R R R R R R R R R R R U U U R U U D D L D D L L L L L L L L L L R R R R R R R R R R D L L D D D D D D D D U L L L D D D L D D D U U U L U U U U U U U L L D D D L D L D L D D D L R D D D D R R R R R R D D R D R R R R R R R R D R D R D U L L L L L L L L L U D R R R R R R R R U L U L L L L L L L L U L U U L L L L L L U U U U U U U R U R U R U U U R R D D D D D D D R R U U U R 
0 11 6 200
808 349 163 112 9 433 
U U U U U U R U U U U U U U R R U U U U L U L L U U R L D D D D D D D D D U U U U U U U R R D R U L L U D R R D D D D D L L D D D D D D D D D D R R R D R R R R R D D D D D L D D D U U U R U U U U U R R R R R R W W W W W W W R U U U L U U L U L U U L L L L U L U U U U U U D D D L L L L L D R D D R D L L L L D L R U R R R R U L U U L U R R R R R D D D R D R R R R D D R D R D D R D D D L L L L L L L 
9 51 8 200
5 543 899 96 465 774 150 216 
R R U D L L L L L L D D L U U U L R U U U U D D D D D D D R D D D R D R D D D R D R D R L U L U L U U U U U R R U R R R R D D U U L L L L D L L D D L L L L L L R U U U U U U U U R L D D D D D D D D R R R R U L U U U U U U L L L U L U U U U U U U U U U U U U U U U U U R R U R U R R R R U R R R R R R R R U U U R R U R U U R U U R R U U R R R R U R U R R R R R R R R R R R R R R R L L L U U U U D D D 
17 36 5 200
256 399 593 402 965 
D U U U U U U U U U U L L D D D D D D D L L L D D D D D D D L R U U U U U L L L L L L L R R R R R R R D D D D R R R R D D D D D L L L U L L L L L R R R R R D R R R U U U U U L L L L U U U U L L L L L L L L U U U U L U U U U D D D D L D L R U R R R U U R L L L L D L R D D D R D U L U U U U R R R R R R R R R R U U L L U U U U R R U U R L D D L L D D D D L L L D L L L D L D D D D U U U U R U R R R U 
60 97 4 200
518 580 387 147 
R D R R R R R R D D R D D D D D R L U U U U U L L L L L L U D D D D D L R R L U U U U R R R R D D D D D D D D D D D D R D R D R D D D D D D D L L L U L L D L R U R R U R R U D L L D D R R D D D U U U R U U U U U U U L U L U L U U U U U L L L L L L L L W W W W W W W W W W W W W W W W L D D D D D D R R D D D R R R R R R R U R R D D D R D R D R L L L L L L L L D L D L D D L R U U R U R U R R R R R R 
28 34 5 180
384 926 711 722 95 
L L U U L L L R U U U U D D D D R R R R D R R L L U L L U U U U L L L U D L D U L L R R D D D D R L U U U U R R R R U U R R L L D D D R R L L U L L L R R R U U U R R U D L L D D D D D D L L L L L R R R R R U U U U U U U U U L L U U L R D D R R D D D D D D D D D D D D R R D R R D D D R R R R U U U U U U U R U R L D L D D D D D D D L L L L U U U L U U D D L U 
93 20 3 153
415 264 356 
U U U L L L L U U U L U U D D R D D D R R R R D D D L W W W W W W W W W W W W W W W D D L L W W W W W W W W W W W W W W W W W W W W W W W W W W W W W W W W W W W W W W L D D D D D D R R D R R R R R U U U R R U U U U D D D D L L D R R L D D D D U U U U L D D L L L L L U L L U U U U U U R R R U U R R R L L 
47 75 3 200
247 189 844 
L U L U L R R R R R R R R U R U U U R D R R R D D D D U R R U U U U U U U U U R R L L D D L R D D D D D D D L L U U U L L L U L L L L L U L U L L L U L L L L U L L L L L L L L L L L L D D L L D L D D D U U U R U R R U U R U U U U R R R R U R U U U U L U D R D D D D L D L L L L D D D D L L D D L L D D D D D D L D L D D L D D L D U R U U R U U R U R U U U U U U R R U U R R R R R R R R R R R R R D R 
0 79 6 194
503 320 341 528 576 171 
R R R R R U R U U U U U U R U U U U D D D D L D D U L U U U U U U U L L R R R R R R R R R L L L L L L L D D D D D D D R D D D D D L D L L L L L U U U U U U U U U U U U U U U U R R R R R R R R R R R R R U U R U R U R R R R R L L L L L L L L L L L L L D D D L R U U U R R R R R R R R D L D L D D L L L L L L L L L L L L L D D D D D D D D D D D D D D R R R L D D D D D D U U U U U U L L D D 
74 8 4 44
637 318 529 585 
D D D L D L L L L D D D L D L L L U U U U L R D D D D R R R U R U U U R R R R U R U U U 
13 0 5 200
674 450 747 487 332 
R R U L L L L U U U U U U R U U R U U R U R R U U U L L L U U U L L L L L U U U U U U U L U L R R R R U U D R D D R D D D D R R D D D U U U L L U U U U L U U L D L L L D L D D U U R R D D D D D D D R R R R R D D D R R R D D D L L D L D D L D D L D D D R R R R R R R U U R L D D L L L L L L L L L L L U U U U U U U U L L L L D D D R L U U U R R R R D D D D D D D D R R R R U U D D R R D U L L D D D R 
82 49 4 200
710 836 542 928 
U D L L D L L L L L L U U U U U U U U R U L L L U U U L U U L L L L L U U U R R R R R L L L L L D D D R R R R R D D L D U R U U L L U U L L L L L L L R R R R R R R D D R R D D R D D D R R R D L D D D D D D D D R R R R R R R R R L L L L L L L L L U U U U U U U U U L L L L L L L L D L L D D D D D D D D D R R D R R R R R D R D R R D R D R R L L U L U L L U L U L L L L L U L L U U U U U U U U U R R U 
28 52 8 174
754 242 776 837 520 240 406 259 
R D D D D D D R D D D R D R D U U U U U U U R R U D D D U U R U U R R U U R U D L L L L L L L L U L L L D D D D L L L R R R U U U U U U U D D D L L D L D D D D D L D D U U R U U U U U R U R R R R R D R R R R R R R D D L L D D L L L D D D D D D L U L U U U L U U U U U U L L L U R R R R R R U R L D D D U U L L U U D D L D D D D U U U U L L L D R R 
79 14 2 58
669 311 
U U U U U U U R R U U R U U U U U U U L U U U U L L U L L R R D R R D D D D R D D D D D D D L D D L L D D D D D D D 
93 35 9 186
33 46 654 624 577 42 646 842 136 
U U U U U U D L R D R R R R R U R U U U U U L U U L R D D R D D D D D L D L L L L D U L D D D D D L D D D D R W W W W W W W W W W W D W W W W W W W W W W W D U U L U U U U R U U D U U U W W W W W W W W W W W U R R R U R R R U U W W W W W W W W W W W W W U U U U U U U U U U L L L R R D D D D L L L L L D U R R R R R U U U U R D D D D D D D D D D D D L L L D L L L D D D D 
61 15 3 200
170 823 108 
R R D D U U R R R D D W W W W W W W W W W W W W W W W W W W W W W W W W W W W W W W W W W W W W W R R U D L L U U L L L L L R U U W W W W W W W W W W W W W W W W U U W W L L L D D D D D D D D D L L D L D D L D D U U R U U U U U U U U U U U U U R R R R R R R D D D D D D D D R L U U U U U U U U L L L L L L L D D D D D D D D D D D R R D D R L U U L U L U U U U U U U L L U D R R D D D D D D D R R R U 
89 70 6 167
677 179 296 918 119 166 
D D D D D L D L D D L R U U R U R U U R L D D D D L D L D D D D D D L R U U U U D D L L L L D D D D D D D U U U U U U U L R R D U R R R U U U R R D D D R R R D D D D D R R L L U U U U L R U L L L U U U L L U W W W W W W W W W W W W W W W W W W W W W W W W W W W W W L L L L U L L U L R D R R D R R R R U U D D R D U U R U U U U U U U 
29 16 9 200
498 880 55 222 791 146 89 500 314 
L L L D D L L D U L L U U L U U U U U R R U R R R R U U U R U R L D L D D D D D R R R R R R U R L U L L L L U U L U U R R R R R U U U R U U R R W W W W W W W W W W W W W W R R R R R R R D D D D D U U U U U L L L L L U U D D L L L L D D L D D D D D D R D D D D R R L L L L L L L L L D L L L L L U D R R R R R U R R R R R R R U U U U L U U U L L L L L L L L L R R R R D D R D D R R R R D D L L L L L L 
63 75 5 94
733 775 491 931 818 
L L U D L L D U R R R D D D D D L D U R U U R R R R R R R U U R R R R R U D L L L L L D D L L L L L L L L L D L L D D D L D D U U R U U U R R U R R U U R L D D D L L L L R R R R U U U U R 
47 46 9 200
526 198 474 874 785 698 828 43 424 
U D R D R R R R R D R U R U R R R D D D D U U U U L L L L L L U U L U U U U U L L L U L U L U L L L L L L L D D D D D L D D L D D L L D D D D D D L D D D U U U L L L L L L L R R D D D R R R R D D D D D D D U U U U U U U L L L L U U U R R R R R R U U U U U U R R U U U D L D L D D D D D L L L L D R R D D R R R D D L D L D D D D D D D L L L L L L L D L L D L R U R R U R R R R R R R U U U U U U U R U 
78 73 7 168
224 299 597 15 768 97 665 
D D D D D D D D D D U U U L L L L L L U U U L L U D R R R R R R L L L L D D D R R R R R D D D D D D D D D U U U U U U U U U R U U U U U U U D W W W W W W W W W W W W W W W W W W W R R R R R W W W W W W W W W D L L D D D D R R R D D D D W W W W W W W W W W W W W W W W W W W W W W W W W W W W L R U U U U L L L U U U U R R U L L L L L U 
37 71 10 200
875 401 820 496 428 986 793 196 563 357 
R U U U U U U U U U L U L U L L L R R R U D D R D R D D R R D D R R U U U D D D L L U U L L D D D D D D D L L L D L D D D D D D D U U U U U U U U U L L L D U R R U U U U U U U R R L L D D D D D D D D D D L L R R D R D U L L L D D R R R D D D L L L D L D L R U R U R R R U U U L L L U U U L L L L L U L L D D R D D D D L D D D D D R R L L U U U U R R R R R R R D D R D R D W W D D D D D D D D R L U U 
17 3 4 164
720 107 692 354 
R R U D D D R R R R R R R R R R D R R R L L L U L R R R R R L L L L L L L L L L L L L L U L R D R R R R R R R U R U U U R R R U U U R U U R R R U R U U U R R L D D U U L D D D L D L L L L L L L L R R R R R R U U R R U U U U U D D D D D L L D D L D D L D D D L L D D D D U U U U L D D D L D L L L L L L L U U U U U R L D D D L L 
47 34 4 184
590 73 539 353 
U U U U U U U U U U U L L L L R R R R D D D D D D D D D D U U U U U U U U L U L L R R D R D D D D R R D U L L D D D D D D D L D D L D D D L L L L D L L L L L L U D R R R R R R U R R R R U U U R U U R U U U D W W W W W W W W W W W W W W W W W W W W W W W W W W W W W W W W W W W W W W W W W L L L L L L L D D L L L D D D W D D D D U U U U U U U R R R U U R R R R R R R 
88 60 4 124
53 719 925 84 
L L R R R R R R R D D D R L U U U L L L R R R R R R R R L L U U U U U U U U U D D D D D D D D L L L L L L L R R R R R R R D L L L L L L L L D D D D L L L D L L L U L R D R R R U R R R R R R D U L L L L L L D D L L L D D U U R R R U U R R R U U U U 
96 26 4 200
193 445 810 253 
L L L L U L U R R R R R R R L L L L D U L L L D R D R D D D U U U R R R U L L U L L L L W W W W W W W W W W W W W W W W W W W U U U D L L L R R R D D R R R R D D D D D L D D L L R R U U R U U U U R R D L L W W W W W W W W W W W W W W W W W W W W W W W W W W W W W D L L L L L L D D D D D R R R W W W W W R U R R R U R U R R U U U U U U U U U U U D D D D D D D D D D D L L D L D L L L D L L L L U U U 
98 82 6 200
51 982 380 648 886 316 
U U U L L L L L D D R R R L L L U U U L L L L L U L R D R R R R R R U U R R L L D D L D D D D L L D W W W W W W W W L L L L L D U R R R R R U R R U U U R R R R R D D D L L L L L U U U L L L U L U U L L L U W W W W W W W W W W W W W W W W W W W W W W W W W W W W W W W W L U U U U U U U R R U U U R R R D R R R R R R R R D D R L D D D L L R R U U U U U L L L L L L L L U L L L D D D L L D D D D D D D 
3 93 6 186
592 277 227 953 939 362 
L R R U U U U D D D D L L D D D D D D R D R L U L U U U U U U R R R R R R R R R R R D D D D D D D D L D L D L D D U U U L U U U U U L L D D D L D D D D D D D D L D U R U U U U R R R R R R R R R R U D L L L D D D U U U L L L L L L L U U U U R U U U R R D D D D D R D R U R U R U U U U U U L L L L L L D L L L D D D U U U R R R U R R R R R R U U L L L L L L U U D D L L L L 
54 72 4 180
806 176 547 307 
R R U U R L L L L L L L L D L L L U L L U D R R D R R R U R R R R R R R R R U R R U R R R R R R R U U U R U U R L D D D D D D D L D D D U U U R U U U U U L L L U L L L L L R R R R R U U U U U U U U D D D D D D D D L L L L L L L L R R R R R U U U U U L L L U L L U U U U L L R R D D D D R R D R R R D D D D D R R R D R R D D D L L L L L L L D L L D L L D D L L 
92 12 6 200
811 265 29 185 209 944 
U U L R U U D D R L D D L L L L D D L L U U U L L R R D D D R R U U R R R R R U U U D D R R U W W W W W W W W W W W W W W W W W W W W W W W W W W W W W W W W W W W W W W W W W W W W W W W W W W W W W W W W W W W W W W W W W W W R R R D D D D D D L D D D D R D R L U L U U U U R U U U U U U L L L D L L D L R W W W W W D D D D R D D D D L D D W L L L U U L L L L L L U U W W W W L R D D R R R R R R D 
70 61 4 200
748 803 28 174 
L L L L L L D L D D L L L L U U U U U U U D D D D D D D L L L L L L L L L L L L L L D L L L L L L L L U L L L U U U R U L L R R U U U U U U U R U D D R D R R D D D D U U U U L L U L U L D D D D D D D D L D D D R R R D R R R L L L L L U L L L L L U L L U L L L U U R R R R U R U R U R R L L L U L L L U L U D R D D D D U U U R R R D R D L D L D L L L L D D R R R D R R D R R R R R D D D D U U U R R R 
86 93 5 200
85 480 197 833 911 
R L D D D R R R R R R R R R R R R R U U U U L L L L L L L L L L U U U U U D D D D D R R R R R R R R R R U D D D D D L L L L D D D D U U U U L L U U U U D R R R R R L L L L L U L L L L U D R R R R D D D D L L L L L L L U U U D D D R D R R R R D D D R R R R R D D D R R W W W W W W W W W W W W W W W W W W W W W W W W W W W W W W W W W W R D D L L W W W W D L L L L L L L D L L L L L L L L U U U L U U 
76 24 6 200
933 927 658 845 366 48 
L R R U D D D D D D D D D D D U U U U U U U L L L L L L L L U L L L L L L L L L U L R R R R R R U U R L U L L L L L L L L L L U L L L D L L L R R R U R R R R U D L D R L L L L L D L D D D D D D L D D L D U R U U R U U U U U U R U R R R R R R R R R R R U U U D D D L L L L L L L L L L U U U D D D R R R R R R R R R D D U U L L L U L L L L L L L D D D D L D L L L D L R U R R R U R U U U U R R R R R R 
32 56 3 200
888 128 281 
R R R R R R R R R R R R D D D D U U U U L L L L L L U U U U R R R L U U D D L L D D D D L D U L L L L L L L L L U L L L D D L D D L D D D L D D D D D D D R R U U R L D D L L D D D D D L L L L D D D L D D L L R R U U R U U U R R R R U U U U U U U U U U U U R U U U R U U R U U R R R D R R R U L L U L L L L L L L L L D D L L D D U U R R D R R R R D D D D D D D D L L R R U U U U U U U U L L L L U U L 
77 34 5 200
778 60 878 620 239 
L U U R R R R U U U U L L L L L U L U U U R R R U R U D L D D D D U U U L L L D D D D D D D L L L L R R R R D D D D D D D D R L U U U U U U U U U U U U L L L L L L L U U L L R R D D R R R R R R R D D D D L L L L L L L L U D R R R R R R R R U U U U R D R R R R R D D D D L D D D D L L D L D L L R R U R U R R U U U U R L D D D D D D D D D L L L L L L D D L D D U U R U U R R R R R R U U U U R R L L U 
43 13 6 162
37 877 971 2 800 660 
R U R R R R D D R D D U U L U U L L L D U R U U R U R U D L D L D D L L U U U U U U U U U U L L L U U U D D D D L D D D D W W W W W W W W W W W W W W L D D D D D D D D R R R D D U U L L L U U U U U U U U U U U U L U L U L L L U D R R R D R D R D D D D D D D U U U U U U U D D D D R U U U U R U R R R D D D D D D D D D D D L 
42 91 6 200
481 866 321 797 191 260 
L L L L U U U U U L L L L L L L L L L R R R R R R R D D D D R L U U U U R R R D R R L L L L L U L L L L L L L D D L L L L L U U L U L L L L L D D D D L D L R U R U U U U R R R R R R U R R L L D L D R D D R R R R R R D U L U U R R R R R R R D R R R D D R R R R R D D U U L L L L L D D L L D D D W W W D L L L L L L L L L L L L L D L L L L L L U L L L L L L U L L U U L R D D R R D R R R U U U U U U U 
91 9 4 187
640 501 172 595 
D L D D D L R U R R R R R L L L L L L L L L L L L D U U U U U U U L L U L U U D R R U R R U D L L D L L D R D R R D D D D D D R R R R R R R U U R U W W W W W W W W W W W W W W W W W W W W W W W W W W W U R W W W W W W W W W W W W W W W W W W W W W W W W W W W W W W W W W W W U R R R W W W W W W W W W W W W W R L L L L D L D L U U L U U U U U W W U R L D D D D D D R D D R 
66 33 5 159
850 618 594 139 78 
L L U L L U L L D D L D D D D D D D D D D D D R R L L U U U U U U U L L D D D D D U U U U U U U U W W W U L R D D D D R R U U U U U R U U R R D R R D R R R U R L D L L L L L L L L D D D D D D U U U U U U L L L L U L U D R D R R R R R R R R R R R R R R R D D D R R D R D R D R R D R L U L L U L U L U L L U U U L L L L 
54 83 5 198
268 897 614 81 920 
D L L U R U R R L L L L L L L U U L L L L U U U U U U L L L L U L R D R R R R D D D D D D R L L L L L L L L L L U L U U L L R R D D R D R R R R R R D U L L L U U L U U D D L L L L L L R R R R R R R D D R R R R R R R R R R D D R R R R R R R R D U L L L L L L L L L R U D R R R R R R R R D D D D D D R L U U U U U U L L L L L L L L U L L L U U L L U L L R R D R R D D R R R D R R R R R D L D R R U 
87 12 5 200
591 438 885 416 236 
U U U U U U L R R R U R R R R R U R U U U U U D D D D L L L L D U R R R R D L D L L L D U L L D D D D D D D R D R R R R R R D R R R L L L U L L L L L L U L U U U U U U L U U U U U U U R U U U D D D L D D D D D D R L D L D D L R U U R U U U U U R R U R R R U R R L L D L L L D L L D D D D D L D D D U U U U R R R R R R R R U R R R D D D D D L D L L R R U R U U U U U L L L D L L L L L L L L D D D D D 
16 53 6 165
479 930 440 860 712 3 
L L L U L D U R U U R U U U R D R L U U U U R R R R U R U W U U U R U U R R R U R U R L L L U D L L L D D D L L R R U U U R R R R R R U R L D L D L D L L L L L L R U U U U U U U U U D D D R L U D D D D D D D R R D D L D D D D L D L L L L D D L L U U U U U U U U R U U R R U D L L D D L D D D D D D D D R R D L D D D L D D D R R R 
24 95 7 200
675 715 946 137 691 876 956 
R R R R D D R R R L L L U L R U L U U U R R D R R R R R R R R R R R R R R R R R R R D D R D D D D D D D D R D D U U R R R R U R R R R U R R U R L D L L D L L L L D L L L L L U U U U L U U U L L L L U U L L R R D D R R R R D D D R U U U U L U L L D D D L D D L D L L L L L D D L D L L L D L L R R U R R R U R U U R R R R R U R U U R U U R R R D U U U U L L L L L L L L R R R R R R R R D D D L L L U R 
76 95 6 190
812 125 575 26 323 372 
D D D L R U U U R R R U R U R R R D R D D D D D D D R R R R R R R R D R L U L L R R D D R R L L U U L L L L L L L L U U D D R R D D D D D D L R U U U U U U L U U U U U R R R D D D R R R L L L U U U L L L D D D D D D D R D D R R D D D D R R R L L L U U U U L L U U L U U L U L L L D U R R R U U U U U U L U L L L L L L L U L U L L L D L D D U U R U R R R D R D R R R R D L D L L L 
81 3 4 200
205 686 467 343 
D D L R U U U U U R U R U U R U U R L D D L D L R D L D L D D D U L U U U U U U U U L L U U U U U U U U U U R U U U R R U U R U U U U U U U U U U U U L U U L L U U L L U U U L L L L L U L L L L U L L L U U U U U L L U U L U L L L L L L L L L L D L D U R U R R R R R U D R R R R R D R D D R R D R R R R R R R U U L U U L L R R D D R D D L L L L L L L D D D D R R R D R R R R D R R R R R D D D R R D D 
17 76 4 186
376 303 457 749 
D D D D D D D L L D D D D L D D L L D L D D D D L D D D L L L L L U U L R D D R R R R R U U U R U U U U R U R U D D D D L D D D D D U U U U U R U U U R D D U U U U R U U U U R R U U U L L L L L L L L L L L L D L L L L D D D D L D D D U U U R U U U U R R R R U R R R R R R R R R R R R D D D D D D D D D D D R D R R R L U U U U D D D D L L U L U U U U U U U U U U U U U U U 
15 14 6 142
0 524 745 639 574 996 
L L L L L U L L L L U D D D L L L D D L D L L R R U R U U U U D D D D D D D D D D U U U U U U U U R R L U U U U U U D D D D D D R R U U R R R R D R R R D U L L L L U U L U L U U L U U U R L D D D D L L U U U U L L U U U U U L R D D D D D R R D D D D R R U R D D R D R D D R R R R R R 
75 77 3 104
412 404 957 
U U L U L L L L U U U L U U L L L U L R D R R R D D R R R R R R R R R L L L L L L U U U L U U U U L U L U U L L R R R R L L D D D L D D D D D D U U U U U U R U R D R D D D D R D D D L L D D D R R R R D R D D 
73 38 4 132
454 426 309 540 
U L L L L L L L U L L U U L L U L U L U U U L L R U U L L U U U L U L L L U L R D R R R D D U R D D D R D D L D L D D D L L L D L D L L L R R R U R U R R R U U U R U R U U L L L R R U U D R R R R D U L L L L D R R D D R D D D R D R D R R D D R R D R R R R R R R D 
73 54 5 200
225 907 643 250 485 
U D D D D D D D D R R R R R R D R D D R R D R D R D D D D R D D D D D D R U U U R R R D R L U L R R R U U U R U U U U U U L R D D D D D D L D D D D D D D D D D D R D U L U U U U U U U U L L L L L D D D L U R R R D R D D R R D D R R R R R R D D D D D L D D D D L D U R U U U U L L L L L L L U D R R R R R R R R U R L L L L L L D L D D L L R R U U R U R R R R R U U U U L L L L L L U U L L U U L U L L 
75 45 4 78
400 80 974 298 
L L L L L L L R R R R U U U L U U R U U U U L U U L L L L L L U D R R R R R R D D R D D L L L L L L L L L U D R R R R R R R R R D D L D D R D D D D U R R R 
44 37 4 200
218 322 276 583 
R U U U L L L U U U U U U U U R R D R D D R R D R D D D D R R D D D D R R D D R R D D R R R R D D U U L L L L U U L L U U L L L L L L L L R R R R R R U U U U U R R R R R U D R R R D R R R R D L L L L L D D L L L D U R R R U U R R R R R U L L L L U L L L L L L L L D L L D L D D L D D D D U U U U R U U R U U R R R R R R D D D D D R D R D D D R R D U L L U U U L U L U U U U U L L L L L L U U U L U L 
45 4 6 200
405 962 93 636 162 989 
D L D L L L U U L L U L U L U U U U R R L U U U U U U U U U L R R U U U U L L L R R U U U U U U D D D D D D L D D L R U U R R U R U U D D L D D D D D L D L L L L L L L D D D D D D L D L R U R U U U U U U R R R R R R R D D D D D D D D R R R R R R R R R R R R D R R R R D R R D D R R R R U U R U U R U U U U R U R R L L U U U U U L L L L L D D D D D U U U U L L L L L L D D D U U U R R R R R R U R R R 
6 66 6 116
165 905 41 113 706 952 
D D D L D D D L D R R R D D D R R D D R D U L U U U U U U U U U U L U U U L L L L L L D L L D D D D U U U U R R U R R R R R R D D D R D D D D D R R D R D D L L D U R R U U L U L L D D D L L U U R R R L L L U L L L U R U U U R U U U 
83 46 6 194
379 252 668 589 840 99 
R R U U U U R U R R R R U U U R U U R U U U D D D L D D D D D D D D D R D R D D R D D D D R D D D D D D R R R R L L L L U U U U U U L U U U U L U U L U L U U L L R R D R D D R R R R R R D R D D L L L L L L U L U D L L L D D L R U U R R R R D R R R R R R U U L U L U U U U U U D D D D D D L L L L L D D D D D D D L L L R R R U U U U U U U U U L U U U U U U L D D D L L L L D L D D D D L L 
91 13 4 180
849 169 871 830 
L U U U U R R R R D R U R U U U R U D L D D L L R R R U U R U U U U U U U R U U L L L L L L L L L L L L D D D D U U U U R R R R R R R R R R D D D U U U L L L U U U U U U U U U U L U R R R R R U D L L L L L D R D D D D D D D D D D R R R R R D D L D D D D D D D L D D L D L D L U L L L L L U R R R U U U D D D R R D R R R U U D D L L L U L L L L L D R D D D D R 
88 2 4 200
990 796 642 551 
L U L R D R D R U U U R R U R R R L U U U U L U L L L D L L L U U U U L L L R R R D D D D R R R U R R R D R D D D D R R R R D D D D D U U U U U L L L L U U U U L U L L L U L R D D D D D D U U U U U R R R D R R L D D D D L L D L L D L L L L L L D L L L L U U U U U U U U U L L U U U U L U U D D R D D D D R R D D D D D D D D D R R R R U U U U U U U U U U U R U D L D D D D D D D D D D R R R R R R D D 
62 6 4 136
456 86 881 661 
D D L R U U R R R U U U R R R R R R R R R R D D D D D D L D D L L D U L U L U L L U U U R L D D D D L L L L L L L L U U U U U L U L L R R D R D D D D D R D D R L U U L L L U D R R R R R D D U U R R R R R U R R D R D R R R U U R U U U U U U L L L L L L L L L L D D D L L L 
1 35 6 200
257 531 701 980 763 144 
R R D R R D U R R R R R R U D L L L L L D D D D D D D U U U U U U U R R R U D R R D D D R R R D R D D D R R R R L L L L U U L L L L L L L L D D L D L D D D D D D D L D D L R U U R U U U U U U U R U R R R R R L L L L D L L D D D D D D D U U U U U U U R R U U U R R R R R R R R U L U L U U D D L L D D D D L L R R U U U U U U U R R U R R R R D U R R R R U D L L L L L L L L D L L L L L L L L L L U L L 
65 67 4 145
647 300 571 761 
R R R R U R L D L L L L D D D D L L D U R R U U U U U U U R R W W W W W W W W W W W W W W W W W W W W W W W W W W W W W W W W W W W W W U U L L L R R R R R R R R U U D D L L L L L D D L L D D D L L L L L L L L D D D L D L R U R U U U R R R R R R R U D R R R R D D D R L U U U L L L L U D R 
31 84 3 148
650 446 76 
D D D L L L L D D D D R D D D D D R R D D R R R L L D D D D L D D D U U U R U U U U U R R D D D D D D D D D R R D U L L U L L U D R R U U U U U U U U L L D L U U L L L R R R D R D R R D U L L U L U L L U U U U U L U U U U R R R L L L D D R R R R R D R D D R L U U L U L L L L L U U R R R R U U U 
60 55 5 200
693 983 609 758 612 
L D L D D R R D R D D D D D D R D U L U U R R R R R R D R D D D R D R L U L U U U L U L L L L L L U U D D D D U U U U U U L U L L U U R U R R W W W W W W W W W W W W W W W W W W W W W W W W W W W W W W W W W W W W W W W W W W W W W W W W W W W W W W W W W W W W W W W W W W W W U R R U R R U U R R U R R R R U U U U U U U R U U U U U U U U U U U L L L U U U L L L L L L L L U U L L L U D R R R D D R 
23 61 9 200
688 861 942 847 497 841 267 676 249 
U L L L U U D D D D D D D D D D D D D R D L L L D D L D D L L L D D D D D U U U U U R R R R D R R R R R L L U U L U U D D R D D L L L U L U U R U U L U D R R D U R R U L U U U U U U U U R R R L L L U L L L L D D U U R R R R U U R R R U U U R U D L D L L D D U U R R D D D L D D L L L D L D L D D D D R D L L L L L L L L L L U L L L U L L L U U U U U U U D D R R R R R R R R L L L L L U U U U U U U U 
61 59 5 200
678 670 859 25 909 
R U U U U L U U L U L L D D D D D L D D D U L L L L U L L L L L L D L L L L L D U L L L L L U U U U U U U R D D D D R R R R R R R R R R R U R R R R R U U R R U U U U L L U L L U L L R R R U U U U U U D D D D D D R R R R D D R D R R W W W W D U L L U L U U L L L L L L L L L L L L L U L R D R R R R R R R R D R R D R R D D D D D D D U U U U U U U L L U L L U L L L L L L L L L R R R R D D D D D U U U 
88 97 4 170
626 229 734 739 
L D L D R R D D D U U U L L U R U R U W W W W W W W W W W W W W W W W W W W R R R R L L L D D D D D D R R R R R R D R L U L L L L L L U U U U L L U D R R R D U R R R R R R R U U D D L L L D D D W W W W W W W W W W W W W W W W W W W W W W W W W W W W W W W W W W W W W D D D R R D D U U L U U U U U D D D D D L U U U U U U L L L L L U U L D 
64 14 3 200
992 226 246 
U U U D D D R D D D D W W W W W W W W W W W W W W W W W W W W W W W W W W W W W W W W W W R R R R R R R U R U U U U U U L U L U L U L L U L L L L L L L L L L L L L L L L L U U U D D D D D D L D D D L D D D L L L L D D U U L L L U U U U U L U U U D D D R D D D D D R R R R R R R U U U R U U U R U U U R R R R L L L L L L L D D D D D D L L D L D D L L L U U R L D D R R R R D R R R R R R R L L L L L L 
82 4 4 92
510 62 513 297 
D D R R L L L L L U U U U U U U U D D U U R R R R L L L L D D D D D D D D R R R U U U D D R R D R R R L L L L L L L L U U U U L L R R D D D D R R R R R U U R U R U R L D L D L D L L U 
45 15 4 200
114 336 950 214 
U U U U R U U R U R U U U U U R L U L L L L L R R D D D D D D D U U U U U U U R R R D U L L U L U U U U U U L R D D D D D D R R U U R U U R U U R R U U R U U R U R U D D R R R R R R R D D U U L L L L L L L U L L R D L D D L D D L L D D L D D L D D L D L L L L L L L L L L D R R R R R R R R R R D U L L L L L L L L L L U R R R R R R R R R R R R D D D D D D L D L D D L D U U U U U U U L U L U U D D R 
64 3 5 200
630 130 603 832 512 
L L L U U U U U U U U U U U L U U R U U R R R R D U R R R R R R L L L L D D D D D D D D L R U U U U U U R R R R R L L U D L L L U D D D D D U U U U U U L L L L L L U U D D D D L D D R D D D D D D D D D D D L L L L L L L L L L L L L L D L D L L L L L L L L L L L D U L U L U D R D R R R R R R R R R R R R U U U U L R D D D D L L L L L L U L U L L U U L U U U U U U U U D D D D D D D D R D D R R D R D 
83 91 8 200
773 606 573 58 134 659 611 102 
L L L U L D L L U D L L L L R R R R R R U R U U U D L L L L L U U U U U L L R R D D D D D D L D D D L L R R D D R D R R D U R R R R L L L D D D D D D D D D D U U U U U U U U L L L R R R U U L L L U L U U U U U R U U U U R R R D U L L L D D D R R R R R D D D D D D R R D R R R R D U L L L L U L L U U U R R R L U U U U U U U L D D D D D D D D D D U U U U U U U U U U R R R R R D W R D D D D D R D D R 
78 34 5 162
117 106 152 327 549 
D R D R D D D D D R D U L U U L L L L D D D L L D D D D U U L L L L L R R R U U U L U U D D R D D D R R U U R R U U U R R U D R R U U U L U L U D L L L U U U U U U D D D L L L L L L L L L L U U L U L U U W W W W W W W W W W W W W W W W U R R R R R R U U U D D D L L L L L L D D D R D R D D R R R R R R R R R R D D D R R R U 
26 89 7 200
32 705 935 752 884 126 961 
R D U R R R R R L L L L L L U L L U U D D R R R R R R R L L L L L U U U L L U L U U U U D D D D R D R R D R R R R R R R U U U D D D L L L L D D D D D D L L L R R R U U U U U U L L L D L R U R R R R R R R R W W W W W W W W W W W W W W W W W W W W W W W W W W W W R D D D D W W W W W W W W W W W W W D U U U U U L L L U L L L L L L L L L L L U L L L L U L L L L D D D U U U R R R R D R R R R D D U R R 
12 5 8 200
91 770 364 367 664 164 530 49 
R R R R R R R U U U R R D D R L U U L L U U U U L U D R D D D D L L L R U U U U U U U R R D D D D D D R L U U U U U U L L D D D D D D D R R D D D L L L L L U R U U U U R R U U U U U U U L U U U U U U U U U U U R U U R U R L D D D D D R L U U U U L U L L U L U U R R L L D D R D D D L L D D D L D D D L L D U R R U U U R U U U R R U U R R D D D L D D D D D D D D D D D R D D D D D D D L L D D D D L D 
55 81 6 124
371 441 936 422 72 345 
U U U D D D R R R R R L L D D D D D U U U R R R R R L L L L L D U U U L U U U U R U U R R R R R R U R U U U U U D D D D D L D L L L L L L D D L D D D D L L L R U U U U R U U R R U R L L U U L U L U U U D D D R D R D D R D L L D D L D D D D D D U U 
