100
82 89 6 200
626 85 575 26 14 911 
R U R U U U U U R R R D D R D U L U L L D D D D D R R R R R R R R R D D U U L L L L L L L L L U U U U U R R U L L L D D D D D D D D D D D D R L U U U U U U U L L L U U U L L L U L L L U U L L R R D D R D D U U R R D R R R D D D R R D D D D D R D D U U L U U U U L L L D D R R R R R U W W W W W W W W W W W W W W W W W W W W R R R U D L L L D D D D D D D W W W W W W W W W R D L L L L D U U U U L U D 
66 80 6 200
518 422 812 404 833 102 
U U U U U U U U U R R R L L L U U U U U L L L L U D D D D D L R R U U R U R L D L D D L U U U U R R R R R R R R R R R R R D D U U L L L L L L L L L D D D D D D D D D D R R L L U U U U U U U U U U R R R R R R R D R R R R R R R R R D R R U R U R R R R R R R R R R R R D R L U L L L L L L L L U L L U U U L L L L L L R R R R R R D D D R R D L D D D D L D L L L L D L L R R U R R R R U R R L U U U U L L 
90 0 6 200
105 802 796 77 990 551 
R U U U R R U R U R L D L D L L D D L L R R R R U U U R U R R R U R L D L L L D L D L L L L L L L R R R R R R R D D L L D L U L U U U U R R R R R R R W W W W W W W W W W W W W W W W W W W W W W W W W W W W W W W R U U U L U L L D D L L L L L L L D L L L D D L D L D L L L U U U U U L U U U U U L L U U U U U D D D D R R R R U R R R R L L L L D L L L L D R R D D D D D R D D D D D R R R U R U R U U R 
13 0 5 200
91 720 692 636 410 
U U U U U R R R R R R R R R U D L L L D D D L R U U U U R R R U U R U R R R R R R R R U U U R R R U U R R R L D D U U L L D D L L L D D L L L L L R R R R R U U R U R U R U U U R U U R U U U U U R R R R U U D D L L L L D D D D D L D D L D D D L D L D L D L L R R U R U U D D L D D D L L L L L L L L D L D L L L L L U U U U U U U U U U U R U U R R U R U R R R U R U U U U L L U U U U D D D D R R D D D 
0 79 4 200
503 434 150 113 
R R R R R U U R U U U U U R U U U U D D D D L D D L U U U U U U U U L L R R R R R R R R R L L L L L L L D D D D D D D D R D D D L D D L L L L L D D D D D R D D D D D D D D D D D D D D D D L D D D D D D D D D D D D D R L U U U U U U U U U U U R R R D D D R D D D D D D R R D U L U U U U U U R R W W W W W W R R R L L L L L U U U U R R R R R D R R R R R R R R U U U U L L L L L L L L L D U R R R R R R 
66 11 5 200
170 456 757 22 149 
L L U L U D D D D D L L D D D D U R R U R R U U U R L D D D L L D L L L L L L L L L L U U L L U U U U L R D D D D R R D D R R R R R R R R D D D R R D U L L U U U U U U L L U L L L D D D U U U R R R D R R R R D D R D R D R R D D D D R R U U U U U U U R U U U D D D L D D D D D D D L L L L U D R R R R L L L L L L L L L L L L U D R R R R R R R R R R U U U U L U U U U U U D D D D D D L U L U L U U U U 
21 56 6 200
82 443 860 267 749 329 
U U U U U U R R U R R U R U L L L L L L L L L R R R R R R R R R R R R U U L L R R D D L L L D L D L L D L L L L R R U U U U U D D D D D D D U U U U L D D D D D D D D L D R R R U U U U R R R R R R R U R U R L D L L L L L L L L U U R U U U U U R R R R R U R U R R D D D D D D R R R R L L L L U U U U U U L L D L D D D D U U L R U L L L L L D D D D D L D D R R R R R R R D L L L L L L L D D D D L L L U 
79 79 5 200
815 835 864 361 621 
R D R D D U U R R U R R R R R R R R R R R R R R U L L U U U L U R R R L L L D R D D D R R D L L L L D D D D D L L D D R D D R R R R L L L L U U L U U R L D L L L D D D L L D D L R R R R U R U R R L L D L D L L L U U R R U U U R R R U R R R D D D D D R D D D D D R D R D D D L D D D D D L D D D L R U U U R U U U U U L U D R R U U U L U L U U U U U L U U U U U L L L D D D D D D D L D L L R R U R U U 
1 6 3 200
195 627 827 
R D D D L D U L U U U D D D R R U R R R R R R L L L L L L U U L W W W W W W W W W W W W W W U U U R U W W W W W W W W W W W W W W W W W W W W W W W W U W W W W W W U U U L L D U R R D D D D D D D D D D D U U U U U U L D D D U U U U U U R U U U U U U U D D D D D D D R R R R R R R R U U U U L U W W W W W W W W W W W W W W W W W W W W W W W W W W W W L L R R U D D R D D D D L L L L L L L L L D D D D 
89 22 5 160
415 445 485 116 591 
R U R R R U U U U R L D D D D L L L U L R R R R R R R R R L L L L L L L L D D L D U D D D D D D D D W W W W W W W W W W W W W W W W W W D L L U U L U U U U D D D D R D D R R D D R R R R R R R L U U U D D D L L L L L L U U L L U U L U U U D D D R D D R R U U U U U U R U U U U R R R R R U U D D L L L L L D D D D L U U U 
71 53 7 200
351 79 540 400 974 80 617 
U U L L L L L L L L U L L L L L L L L L L R R R R R R R R D D D D D D D R R D D D D D D D D D R U U U R R U U R R L L U U U U U L U U L L U D R R D R R R R W W R R R R W W W W W W W W W W D D D D L D D D U U U U D R U U U U L U U U U U W W W W W W W L L L L L L L U D R R R R R R R D D D D L L L L U D R R R R R U D L D L L D D D R R R D R D D D U U U L U L L L U U U L L L L L D R D D D D D D D L L 
72 14 8 200
823 992 832 865 226 962 660 932 
L L L L L U L U U L L L L L U L L U U U U L L L L U U L L L L L D L L L L L L L L D D L L D L L D D D D D D R D D D D R R R R R R L L L L U U U U U U U U U U D D D D D D D D D D L L U U U U L U U U U U L R D D D R L U U U U R U U U D D D R U R R U U R R R R R R R R U R R R R R R R U U U R R U U U R U R U R U L L U D R R D L D L D R R L L L D D D L L D D D L L D D R R R R D D D D R R D R R R R R D 
27 76 3 116
208 803 859 
U U U U U U U U U U U D D D R R L L D R R U U R R R R R R L L L L L L D D L L D D D D D D D R R D D D R R R R D R D D D D D D D D D D L R U U U U U U U U R R D D R R R D D D D D U U U L R U U L L L U U L L U U L U L L L L U U U L L 
6 87 3 196
797 838 260 
U U U U R R R R R R R R R U R U R R R U R R R U R U U U R R R R D D D D D R R L L U U U U U L L L L D L L L L L L L L U L L R R D R R R R R R R R U R R R R D D R D D D U U U L U U L L L L D D D L D L L L D D D D R R R R L L L L U U U L U L L L L L L L L L L L L L L R D D D D D D D D R R U U U U R L D D D D L L U U U U U U U U R R R R R R R R R R R R R D L L D L D L L L L L L L L L D D D D 
97 41 8 200
654 624 577 840 902 963 589 57 
R R U U U U U L U L R D R D D D D D L L D D D D D D D R R L L U U U U U U U U U L U U L L U L U L U L U L L R R D R D R D R D R R D D R R R L L L L L D D U U L L U U L W W W W W W W L L L L L D L L D D D D D D U U U U U U R R U R R R R R R U U U U U U U U R R U U U R U U U U U R L D D D D D L D D D L L D D U U L U U U D D D R D D D D D D D R L L L L U U U L U L L L U U U U U L L U U U U L L U L L 
70 79 4 154
65 53 677 148 
U U D D D D D D D D D R R R U D D D D D D D R D U U U U U U R U R R D D D D R D R R R D D R R R D D D R R R D D L R D R R R R D D R R R L L L U U L U D L L L U U U L L L U U U L L L U U L L L U L U U U U L L D L D D D D D L U L L L L U L R D R R R R U U U U U R R U R R U U D D L L D L L L L L U U U U U U U 
86 93 5 181
560 323 58 197 873 
D D D R R R R R R U R R U D R R R D R L D D D D U U U U U L U D L L L L L R D L L L L L L W D D D D D R D R R D D R D R L U L L L L L L L U L U U U U L U U D D R D D D D R D R R R R R R U U R R R R R R U U R U R U U U U U U U U R R L L D D D D D D D D L D L D D L L L L L L U U U U U U U U U D D D D D D D D D L L U L U U U U U L L L L U L U D R D R R R R U U U 
79 80 4 194
960 573 886 484 
U U U U U U U U U U U U U U L L L L L L L U D R R R R R R R D D D D R R R L L L D D L L L U L L U U U L L R R D D D R R D R D D U U R R D D D D D D D D R R R R R R R U R R R R R R R R R U R R U R U U U U U U U U U R U L R D D D D U U U L D D D D D D D D D L L L L L R R R U U U U L L D L D U R U R R D D D D R D D D D D D D R R D U L L U U U U U U L L D L L L L L L L L L D L L L L L L L 
77 56 5 200
597 224 210 542 913 
U U U U U U U R L L L L L U U L U L L U U U U D D D D R R D R D R R U U U U U U R U D L D D D D D D L L L L L D L D D U U U L L L L L U U L U U U U L R D D D D R D D R R R R R D D D D D R L U U U U L U L L L L L L R R R R R R D R R U R R R D R R R R D D D D D D D L L U L L L U U U L L L U L U U U L U L L L U D R R R D R D D D R D R R R D D D R R D D D D D D D L L L D U R R R U U U U U U U R D R R 
82 42 5 200
385 379 461 836 700 
U U U U U R U R R U R U U R U U U R U U U R R U D L L D D D L D D D L D D L D L L L L L U U L L U L L L U U U U U U D D R R R U U U U R U U U U U L L L L U L L L L L L L L L R R R R R R R R R D R R R R D D D D D L D D D D L L L U U L L U U D D L L D U R R R R D D R R R U U U U U U R U U U R U U U R U R U W W W W W W W R L U U L U L U U L U U L L L U U L L R R D D R R R D D D D D D D D U U U U U U 
57 63 9 178
127 981 788 806 775 936 441 189 25 
L L L D L U U R R U U U U U U U U R R U U R R L U U U U U U U R R L L D D D D D R R R U U U R R L U U U U U U U L L L D D L R D D D D D D D L L D L D D D L L L D L D L L R R R L U R U U U U U D D D D R R R U U U R U R R U U U U U U U U U R R R D D D D D D D L D D D L D D D D D D D D D U U U U U U U U U L L D D L D D L L D D D D D D D D L L D D R U R R R 
56 31 4 200
594 618 93 114 
U D R R D D D R L U L L D D D D D D R L U U L L L W W W W W W W W W W W W W W W W W W W W W W W L L L L L W W W W W W W W W W W W W W W W W W W W W W W W W W W W L L L L L D L L L D L L L L R R R R U R R R U R U U U U L L L L L L R R R R R R D R R R R D R L U L L L L L L L L D D D D L L D D D D D R R R R R R U U R L D D L L L L L L U U U U U R R U U U U R R R R D D D R R R R R R R R R R R R U U U 
10 85 3 72
736 939 752 
U R R R R R U R R R R R U R R L L L L L L L U D L L R R R R R R R R R R D R R D R L U L U U U U R L D D D D L U L L L D L L L L L D L L L L L D 
4 6 5 200
450 747 531 487 639 
R R R U R U U R R U U R R R R L U U U U U U U L L L L L U U U U U L L U U U U U R R R R R D U L L L L L D U R R U U U U U U R U D D D D D D R D R D R R R R U U L U U D D R D D L L L L D D R D D D D D D R R D U L L U U U U U U L U U U L U L U U U U U L D D D D D D L L D D D D D R R D D D D D D D D D D L L L L U U U U U U D D D D D D R R R R U U U U U R R R R R D D D D D D D L L L D D L L D D L D L 
1 43 4 156
543 402 279 965 
R R R R R R R D D U L L L L L D L L R R D D D D U U U U U L D D D D D L D L D D D D D D U U U U U U R U R U U U R R R L L D D D D D D D D L D L R R R D D D D D D D U U U U U U U L L U R U U U U U U U U L U U R R R R R R U R R U R R R R U U U U U U L R D D D D D D L L L L D L L L L L L L D D D D D U U U U U L L 
6 74 8 200
567 227 964 52 772 457 171 930 
U U U L D D D D D L L L D L L R D R R D U R R U D L L L L L D D D D D D U U U U U U R U R R R L L U R R R U U U U U R U U U R R U U U U U L L L L L L L L D D R R R D D U U L L L U U R R R R R R R R D D D D D L L D D D D D L L L L R D D D D D D D D D D D D D L D D D D D R R D R R D R R D D R R R R L L L L U U L L U L L U U R R R R R R R R R U R R L D R R L L U L D L L L L L L L L L D L L U U U U U 
94 58 5 200
719 337 177 925 682 
R U R U R R L L D L D D D D D D D D D D R D D D D D D D D D U U U U U U U U U U U U U U U D D D D D D L L L D U R R U U U U U U U U U U U U R U U U U U U U U R U U U U R R L L U L L R R D D D D D L D D D D D D D D L D D D L U W W W W W W W W W W W W W W W W W W W W W W W W W W W W W W R W W W W W W W W W W W W W R D D R D D D D D D D D L L L L U U L U U U U U L U U U U U U D D D D D D R D D D D D 
75 1 2 122
86 301 
D L L L U U U U U U U U U U U L U L U L L L L U L U L L L U L L L L L L D U L L L L L L L L L L U L L U U L L L L L D D D U U U R R R R R D D R R D R R R D U R R R R R R R R R R R R R D R R R D R D R R R R D R D R D D D D D D D D D D D R R R U 
47 75 6 200
662 462 141 587 882 632 
U R U U R R L L D D L D L D D D D D D D L D D U U R U U U R D D U U R R D D R R D D R R D R D L L D L D D D L L L L D U L L L L D L L L L U U R U U R R L L U U U U U L L U U U L L U L U D R D R R D D D R R D D D D D D D L U U U U L R D D D D D D R R R R U R R R R R R R R U U U R U R R U L U L L U U R U U U R U U R R U R R U U R R R U L L L L L L L L L R R R R R R R R R D L L L D D L L D L L D D L 
48 88 11 200
137 946 23 72 268 897 371 66 614 191 691 
U U U D D D D R D R D U R R R R R R R R U U R R R U W W W W W U D D L L L L L L L R R R R D D L L L D D D D L D U L L U D R R R U U U U L U U U U D D D D D R D U L U L L L L L L R U L U U L L L L W L L L L U U U U L R D R R R D U L U U U U R R R R R R L L L L L L D D D D L L D D D D W W W W W W W W W W W W W W W W W W W D L L L L L L L D U R R R R R R R U U R R R R R R R R U U U U U U R L D D D D 
32 40 3 200
242 729 790 
U U U U U U U U R R U D R R R R R R R R R R R R R R R R R D U L L L L L L L L L L D D D L R R D R L U L U U U L L L L L L L L L D D D D D D D D U R U U U R R D D R R R D D W W W W W W W W W W W W W W W W W W W W L L D D L D D L D D L L L L D D L L D L R U R R R R L L L L L L L L L L L L L L L D L D D D D D D R L U U U U U U R U R R R R R R R R R R R R R U U R R R R U U R U U R U U R R U U L L L U 
32 17 3 173
498 75 600 
L L D D L D L L L D L L U U U U L L U L R D R R D D D D R R U R R R U R U U R R D W W W W W W W W W W W W D R W W W W W W W W W W W W W W W W W W W W W W W W W W W W W W W W W W W W W W W W W W W W W W W W W W W W W W W W W W W W W W W W W R R R R R R R R R R U U U R U U U U R L D D D D L D D D L L L L L D D D R R R L L L U U U L L L L L L U U 
92 12 3 98
811 849 438 
U U L R U U D L L R R U R R R L L L U L U U U D D U U U U U R R R R D R D R R D D D D D D D D D D D R L U U U U U U U U U U U L L U L U L L L L L U L U U U U D D D D R D R D D D D D D R D D D D D 
60 97 3 200
883 412 987 
R D R R R R R R L L L L L L D D D L L D L R D D R D W W W W W W W R R D R R R D D D D D D D D D R R R R U R R R R R R R R R U U U L L L L L L U U U U L U U U L L U L L U U R R R R L L L L D D R R D R R D D D R D D D D R R R R R R D D D D D D R R R R R R R R R R D D D R L L L D L D D D D D D D D L L L L D U R R U U U U D D D D R R D D R D R D D D R R D U L L U U U L U L U U U U U U U U U U U U D D 
7 69 2 200
891 493 
U R L D D D W W W W W W W W W W W W W W W W W W W W W W W W W W W W W W W W W W W W W W W W W W W W W W W W W W W W W W W W W W W W W W W W W W W W W W W W W W W W W W W W W W W W W W W W W W W W D R D R R R R R R W R R D D D R D D L D D L D L D L L L L L L U L L U L L U U U U U U U U U U U U U D D D D D D D D D D D D D R R D R R D R R R R R R U R U R U U R U U L U L L L D L R U R R R U U L L L L 
28 80 4 154
731 429 546 793 
R R R R R R R R L L L L L L D D D D D D R R R R R R R R U U U U R U D L D D D D L L L L D U L L L L U U U L L L L L U L L L L D L D D D D L R R D D R D R D D D D R D D U U L U U U U L U L U U L U U U U R U U U D D R R R R D R R R R R U U R R R R R L L L L L D D D D D D D D R R R L L L U U U U U U U U U L L 
24 97 7 200
59 283 393 32 463 47 496 
D R D R D D D R D D D D D R L U L L L U L U L L R R D R D R R R U U D D D D D D L L D L L D D U U R R U R R U U U U U U U U L L L L D D L R U U R R R D R R L L U L L L L L L D R R R R R R D R D D D R D R D R R R D D D R R R R U R R D D D D D D D D D D R D D D R R R D D D D D R R R U U U U U U U L U U U U U U U U D L L R R D D D D D D D R D D D D D D D L L L U U U U U L L L U L R U U L U U U U U U 
26 47 5 200
754 698 711 828 776 
R R U R U U U D D D D D D D R D D R D D D D R R R L L L U U U L L L L R R R R D D L L U D L L L L D L L L L D D D D D D D R R R R R R R R R R R R L L L L L L L L L L U U U U U D D D D D L L U U U U U U U R R R R U R R R U U U D D D L L L L U L R R R R R R U R L D L L L L L D R R R R R R R U U U L U U L U U U U L D L L R R R R R R R R D U L L L L L L U W U U W W W W W W R R R R R R R R R L L L L L 
9 7 2 200
789 889 
R U R U R U R R R R U U U U U U U U U U U U R U R U R R R R R R R R U U U U R U R U R R R R R R U U R R U U U D D D L L L L L L L L L L L L L L R R R R R R R R R R R R D D L L L L L L D L D L D D L L L L L L L L L L L L L L R R R R R U U U U U U D D D D D D R R R R R R R R R D D L L L D D U U L L L L L U U U U U L U D R D D D R R R R R R L L L L L L D D D L D L D D D D D D D D D D D D L L L L D L 
52 32 5 185
590 218 526 506 7 
L L L L U U U U L U U U U U U U U U L L L L R R D D D D D D D U U U U U U U U U L R R R R R R R L L L L L L D D R D D D D D D U U U U U U R D D R R R R R W R R U U U U U R R U R R U U U L U L U D R D R D D D L L D L L D D D D D L L L L L L L D D D D D D D R R R R R L L L L D D D L L L U L L U U U U U U U U R R U U U R L D D D L L D D D D D D D D R R D R R R D R R R R 
69 12 4 164
637 529 318 742 
D R D D D D D D D R L D L D D L D L L L U U U U L R R R R R L L L L D D D D R R R U R U U R U U U U U U U U L U L L L L U L L L L L L L D D D L L L D D D D D D U U U U U U R R R U U R R R R L L L L U R R R R R R R D R R R R D R D U L U L L L L U L L L D D D U U U R R R D R R D D D D D R D D D D D D U U U U U U L U U U U U R R 
12 5 2 38
924 386 
U R R R R R U R R R R R R D D U L D L L R R U R U L L L L L L D L L L L L D 
82 4 7 134
686 467 185 265 944 640 642 
U U U U D U U R R U U U U R R R R R D R D R R R U U U U D D D D D L L L D D L L L D L L L D L R U R R R U R R R U U R R R U L L L U L U L L L L L L R D D D D R R R R R D R R D R R R R D R R D D D D D D U U U U U U L L U L L L L U L L U L U U D D L L L L L L D D D D D 
30 68 5 181
986 912 688 841 28 
U U R U D L D D L L D D U U R R D D D D L D D R D R R R R D R R R U R R W R L L L D L L L U L L L L U L L L L L L L L D D D R L D D D D L L L L U L L U U D D R R D R R R R U U U U U U U R R U U U U D D D D R R R R R R R D D D D D D D D R R R R U R R R U U R R L L D D L L L D L L L L U U U U U U U U L L L L L L R R R R U U R U R R R L L L U U U L L L L R R R R 
33 9 4 200
403 765 881 490 
R R R D R R D L D D D L D D L D L D L L L U L L L U U L L U U U L U L R D R D D D R R D D R R R D R R R R R R R R R R R R R R R R R R R R R R R R R R R R R R R R R U U R R R R U U R U U D D L D D L L L L D D L L L L L U U U U U U L U U L R D D R D D D D D D R R R L L L L L L L L L L L L L L L L L L L L L L L L L L L L U L L L L L U U L U L L U L L U L U U D D R D R R D R R D R D D R R R R R R U R 
50 73 3 192
176 324 920 
R R U R L L L U L L U L L L L D D D D R D D L D D D R D D D D D R D D U U R R R U U R R R U R L D L L L D D L L L L L L L D L L R R U R R R U U U U U L U U U R U U L U U U U R R R R U U U U U R R R R R U R R U R L D L L L L L L L L U U U R L D D D R R R R R R D D R R R R D D U U L L L L U L L L L L U L L U L U L L U U L U U L R D D R D D R R D R D R R D D D D D D D R R D R R D L L 
66 33 9 154
129 983 474 874 785 544 653 454 60 
R L L U U U U U U L L L U U U U U L L L L U D D D U U U D D D D D D L D L R U R U U U U U R R R R D D D D D R R R R R R R U R L D U U U U U U U R U U U U U U D D D D R D D D D D D R D R D D R R D U L L U U R R R R L L L L L D D D L D L R U R U U U U L U U U U U U L D D L D D D D D D D L L L L D D D D D D R 
32 56 3 174
888 336 68 
R R R R R R R R R R D D D D R R L L U U U U L L L L U U U U R R R L U U D D L L D D D D L D U L L L L L R R R R U R U R R R R R R R D L L L D R D D D D R D R D R R D D D R R D D D L L D D D D D D D D D D D D D D D D R R D U L L U U U U U U U L L R R U U U U U U U U U R R U U U L L U U U L L U L U L U U U U L U R R R U L L L L L L L D L D L L L L 
51 2 7 200
405 421 877 231 162 661 951 
L L L L L L L L L U L U U L L U U U U L L U D R R D D D D R D D D D U U U U R R R R R R R R U R U R U U U L U U U L R D D D R R U R R R U R R U U R R R R R R R L L L L L L L D D R L L D D D D D R U U R U R R R R U U U U R R U R R L L D L L D D D D L L L D D D D D D D R R R R R D D D U U U L L L L L U U U U U U U L D L D D L D D D L D D D L L L L L L D L R U R R R R R R U U U U U U U D D D D R U U 
90 93 4 192
480 229 734 466 
R R R R R R R R R U L L L L L L L U U U L U L L U D D D D D R R L L U U U U R R R L D D D L D L D D R R R R R R D R L U L L L L L L U U L U L U U D D R D R R U R U U R U R R R R R L L L L L D D D D R R R R R R R D L L L D D D D D U U D U U U R R R U U L U L L L L U L L L U U L L L L U D R R R R D D R R R R R L L L L L U U L U L R D R D D R R R D R R R R D R D D L L L U L L L L L L 
68 15 4 100
130 290 671 566 
R U U R L D R R R R R D D U U L L L L L L U L U L L L L L U U U L R R R R R R R R D D D D U U U U R R U R U R U D D D D R R D R R L L U L L U U U L D L D L L L L L L L L L D D D R R R R R D R D R D L 
23 44 3 200
976 847 406 
U U U U L D D D L L D L R D D D U U U U L U U U U U L D D L D L D D D U U U R U R U U R R R L L D D L L D D U U R R D D D D D D D L L L L L R R R R R U U U U R R R U U U R D D D L L L L U U U U R L D D D D R R R R D W W W W W W W W W W W W W W W W W W W W W W D D R R D R D L L D R R R R R R R U U U U R U U U R U U R L D D L L L L L L L L U L U U U U U U R R U R R R R R R R L D D D U U U L L U D L 
44 66 5 200
670 428 247 417 288 
L L L L L L D D L L L L D U R R R R U U R R R R R U U U U U U U U U U U R R R R R R R R R U R U R U U D D D R D D R R L L U U L U L D L D L L L L L L L L L D D D L L L L U U U U U U D D D D D D R R R R D D D D D D D D R U U W W W W W W W W W W W W W W W W W W W W W W W W W W W W W W W W W W W W W W W W W W W W W W W W W W W W W W W W W W W W W W R R L L D D L L L L L L D D D D D L D R D D U U L U 
22 23 3 58
880 469 146 
R R R R R R R R R R R D D R D D D D D D L L D L R U R R U U U U U U R R R R U D L L L L L U U L L L L L L L L L L L 
21 76 4 200
650 446 712 76 
R R R R R D R D D D R R R R R D D R L D D L D D D D D L R U U U U U R U U U R D D D D D D D D D R R D U L L U L L U D R R U U U U U U U U L U L L L L L D L L L L U D R R R R U U U U L U L L L L L W W L U L L L L W W W W W W W W W W W W W W W W W W W W D D D R D D D D R D D U U U U R U R R U R R R R R D D R R R R R R D D R D U L U U L L U U U U U U U U U D D D D D R R R R L L L L D D D D L L L L U 
33 11 5 200
107 744 37 448 971 
L D D D D D D D D D D D U L L L L R R R R R L U U U U U U U U U R R R R R R D R R D R R D R R R R R R U R U L U U L U L U L U L U L U U U U R L D D D D R D R D R D R D R D D R D L D L L L L L L U L L U L L U L L U D R D R R D R R R U U U U U U R R U U R U R R R R U U U R R U U D D L L D D D L L D D D L L D U R R U U U U R U U L U U U L L U L R D R R D D D R D D L D L L D L D D L L D D D D D D L L 
80 33 6 200
311 907 707 225 807 778 
L U U L R D D L L L U U U U R R R U R R R U R U R U D D D D D D R D R D D U R R R U R L D L L L U L U L U U U U U L L U L R D R D L D L L L D L D U U U U U U U U U U L L L U U L U U L L R R D D R D D R D D D U U U U L U L U U U U U U U L R D D D D D D D R D R D R R D D D D D D D D D L L D D D D R R R R U U W W W W W W W U U U U U U U U L L L L L U L R R R U R U D L D L L D R R R R R D D D D D D D 
75 25 3 200
669 917 973 
R R R R D R R R U U U U U U L U U U U U L U L L L D U R R R D R D D D D D L D U R R D D D R R R L L L D D D L L L U L L L L W W W W W W W W W W W W W W W W W W W W W W W W W W W W W W W W W W W W W W W W W W W W W U L L U U U L R D D D L L L L L L L D D D D R R D R R R R R R D D D D D L D L U L L L U U L L U U L U L U U U U U U R R R R R R R R R R R R R R R R R D U L L L L L L L L L L L L L L L L 
7 14 5 200
0 257 572 574 904 
R R R U L U L U L U U L U L U U U U U U U U U U U U U R R R R U U R R L L D D L L D U L L U U U U U R R R R U R L D L L D D D D D D D D D U U U U U U U U U L L D D D D D D D D D D D D D D D D R R L L D D R D R D D R D R D R D L L L U L U U U U L L R U U U U U U U U U R R D D R R R R R U U U U U W U D D D D D D L L L L L U U L L D D D D D D D R L L L U L U U U U U U U U U U U R U U U U R R R R U R 
20 46 3 144
384 128 722 
R U U U R R R D D D D D D D D D D D L D D U U R U U R R R R R R D D D D D U U U U U L L L L L L U L D L D U R U R U U U U R L D D L L D D D L L D D L D D D L L D D L L R R U U R R U U U R U U R R U U U R R R R R R U D L L L L L D D L D D D D L R U U U U R U U R U U U U U U L L L D D D L 
12 97 3 200
528 579 728 
L L L L L L L L D D L D L L D D D D D D D R D D R D D D R L U U U L U U L U U U U U U U R R U R U U R R R R R R R R R R W W W W W R R R R R R R D D L W W W W W W W W W W W W W W W W W W W W W W W W W W D L W W W W W W W W W W W W W W D D D D R R R R R D D D R R D D R R D D R R D U L L U U L L L L L L D D L R U U R U U U L L L L L L L L L R R R R R R R R R D D D L L L L D D L D D D L D U R U U U R 
0 11 4 200
808 349 163 774 
U U U U R U U U U U U U U U R R U U U U U U L L U L R D D D D L D D D D D U U U U U R U U U R R D D U U L L R D U R D D D D D D L L D D D D D D D D D L D D D D U W W W W W W W U U R U U U U U L U U U U U U U U U U U U U U U U U U U U U U U U U U U U U U R D R D D D R R R R R R R R R R U R L D L L L L L L L L L L U U U L U L D D D D D D D D D D D D D D D D D D D D D D D D D D D D D D R D D D D D L 
86 54 10 194
293 252 710 795 184 299 504 179 668 862 
D D L D D L D U R L L L U U U U U L L U L R U R U R R U R U U R R L L L L L U L U U U L L U L U L U U D D R D R D R R D D D R D R R R D D D R R R R R R R U U U U U L L L U U U D D R U R U U D D L D L D R R R D D D D D L L L L L D D U U L L U L D L L D L D D R R D D D D D R R R U R L U R U U U U R R R R U U U R R L D D D D D R D D D R R R L L L U U U L U U U U U L L R D D D L L L L D D 
20 96 3 200
341 81 321 
L U L L U U L L L L L L R R R R R R D D R R D R L D L L L L L L L L L L U L L L L W W W W W W W W L U R R R R U U R R R R R R R R R R R R R R D W W W W W W W W W W W W W W W W W W W W W W R R R R R R R D D R R R R D R R D D R R D R D R D D D D R R R R R R D U L L L L L L U L L L L U L L L R R R D R R R R D R R D D U U L L U L L U U D D L L L L L L R R R R R U U U U D D D D R R R U U U R U U U U D 
32 39 4 200
550 813 83 444 
R R R U U R R U D D D D D D D D D D D L D D L L L D D L L L L L D D D R R R R R R L L L L L L U U U R R R R R U U R R R U U R U U L L L L L L L L L L U L U U R R R L L L D D R D R R R R R R R R R R U U U U U U U U L L L U U D D R D D L L L D L L L L L L L L L L U U U U U U U U U U L U L U D D D L D D D D D D L L L L L U U U U U U U U U L L U U D D R R D D D D D D D D D R R R R R U U U U U U R U U 
92 73 7 200
599 982 51 380 306 903 665 
R R U U U R R U R R U U U U L U U L R R U U L L L L L L L L L U L L U D R R D R R R R R R R R R D D L D D R D D D D L L D L L D D D L D D D D D D D D D D D D D D D D D D D U U U U U U U U R R L L D D D D L D L D D D L L L D D D L D R D R R R D D D U U U L L L U L U R U U U R R R U U U R R R R D L D D R R D D D D U U U U L L U U R U L L L U U U U U U L L L L D D L L U L U L L R R D R D R R U U R R 
32 77 4 150
875 401 820 489 
D R R R R R R D U L U U U U U L L L U L R R U R R R D D D R R D D W W L D D R R L L U U R U U L L U U U L L L D L L L L L U L L L L U U L R D D R R R R D R R R R R L D L L L L L L L L L L L L L L L U R R R R R R U R U R L D L D L L L L L L D R R R R R R R R R R R R R R R R R R D D D D D L L L L L U 
3 46 4 200
96 570 706 144 
R R R U R L L L L U U L U U U U U L L U D R R D R L U U U U U U U U L U L R D R D D D D R W W W R R R R R R R U U D D R D W W W W W W W W W W W W W W R L U L L L L L L L L L D D D D D D D D R D D R R R D L L L R R W W W W W W W W W W W W W W W W W W W W W W W W W W W W W W R R R R R W W W W W W W D D D D D D D D D R R R R R D D R U U R R R R R R D D D D L L L L D L L L L L L L L L U U L L R R D D 
4 41 5 190
899 399 701 854 763 
R R R D R R R R D R D D D D D D D D L R U U U U U L L L L L L L R R R R R R R D D D D R D D D R R R D R D R R L L U L U L L L L L R R U U U L U U U U U U U L U L L U U U U U U U U D D D D D D D D D D D D D R D D R R D R U U R R R U U U U R U D L D D D D L L L D D L L D D L D D L D U R U U R U U R U R R R R U R R U R R R U D L L L D L L D L L L L L L U U L U U U U U L L U L L L 
18 14 4 200
364 770 479 259 
D D D D D R L U U U U U D D D D D R L U U U U U D D D D D R W W W D R R U U U R R R R R R R U U R U R U U U R W W W W W W U R R R U U R U U L U U L L L L L L U U R R R U U R R U R R U R R R U U U U U U U U U R U R R U R U U R R U U L U L U U U L L L L L L L L L L L L L L L L L U L L L L U L L L L U L L U U L L L R R R D D R R D R R R R D R R R R D R R R R U U U U D D D D R R R R R R R R R R R R R 
57 48 5 200
426 123 18 950 607 
R D R L U L U U L U L U L U L U L U U U L U D L L L L R R R R R D D D R D R D R D R D R D D W W W W W W W W W W W W D D D D D L D D L L D D R R R R R R R D D U U L L L L L L L U L L R R U R R U U R U U U U U W U U U U L L U U U L U U L L L L L L L L U L U L L L L L L L U U L U U U U U U R R R D D D R R R R R R U U D D L L L L L L U U U L L L D D D D D D R D D R R R R R R R D R D R R R R R R R R D 
94 22 5 200
830 356 302 842 169 
L D L R R R D R D R R D D D D L D L R R D D D D L D U R U U U U L U R U U U U L L U L L D D D D R R R D D D D R U U U U U U U U U U U U U U U U U U U U U U U U U U U U U U U U U U U U U U L U L U U U U U U U U U D D D D D D D D D R D R D D D D D D D D D D D D D D D D D D D D D D D D D D D D D L R D D D D D D D D D L U U U U L L L U U U U R R R L L L D L L L D L L L U U U U U L U U D D R D D D D D 
22 87 2 192
303 478 
L D L L L L D L L D D L D D D L D D L D D D D L D D L D D D L L D D D L D D D D L D D L D D L D U R U U R U U R U U R R R R R R L D D D D D D D D D U U U U U U U U R D D R L U U L U L L L L L U U R U U U R R U U U R U U R U U U U U U U U U U U U L L L D D D D D L D L D D D D U U U U R U R U U U U U R R R D D D D D D D D D D D D D D U U U U U U R U U R U U U R U U R R U R R R R U R 
67 63 6 200
748 206 678 492 520 699 
D D L L L D L D D L L L L U U U U U U U U D D D D D D D D L L L L L U L L L U L L L D L L L L L D L R U R R R L L L L L L L L L L L L L L L L D D D D D D R R R R D R R R R R U U U U D D D D L L L L L U L L L L U U U U U U R R R R R R R R R R R R R R R R R R U R R R R U R R R R R R U R U U R U R U R U U U U U U U U R R R U U U D D D L L D D D D D U U U U U L U U U U U L U U L L U U L U L L U U D D 
67 25 4 122
106 152 347 933 
R R D R R R L U U U U U D D D D R R R D R D R R R R R R R R D D D R D R R L L U U U U U R U D L D D D D L D D D D D L L R R U U U U U U U U L L L L L L L L U D R R U U D D D D D R D D D L D D D U U U R U U U L U U U L L U L U L L L D L L U L L 
23 54 4 122
848 151 746 914 
U U U R U R R R D D D D R D R D R D D D D U U R R R R R R R R R R R U R U U U U U L U L L L L L L U L R D R R R R R D D D U U U R R R L L D R D D D D D D R D R D D R L U U L U L U L D L L L L L L L L L L L U U L U L U L U U U U L L L D L D D D 
67 98 1 20
536 
R R R R R R R R R R L L L L L L L L L L 
34 83 5 199
481 675 705 201 330 
U R R U U U U U R U U R U U U U L L L L L D D L L R D D D D D D D D D D D D D R R L L U U U U U U U U U U U U U L R R U U R R R R R D D D D R D D D D D D R R D D D D D D R D D L L R R U U L U U U U U U L L U U U U U U L L D D L D L L L L R R R R D D D D R R R D R R R R D R L U L L L L U L L L L L U L W W W W W W W W W W W W W W W W W W W U L U L L U U U U U U U R L D D D D D D D R R D R D R D D 
43 53 6 200
656 898 198 693 309 949 
R R R R R R R R D D R R D D D D D D D R U U R R R U R U U U U U L U L L W W L D R D R L U L U R R R D R D D D D D L D L L L D D L D D D L L L L R R R R U U U U U U U U R R U U R R L L D D L L D L D D D D L W W W W W W W W W W W W W W D D D D D R R R R R D U L L L L L L L L L D D R D R R R R R D D R R R R R R L L L L L L U U L L L L L U L U U R R R R R R R R R R R U U U R R R R D D D D R L U U U U 
93 31 5 200
193 319 67 646 483 
D D D L L R R R R R R R L L L L L U U L L L D D U U R R R U R R R U U R R R U U D D L L L D L L L L L L R R D D R D D R L U U L U U U U L U L L L R R R D R R R U U U R R L L D D D L L D D D D D D R L U U U U R R U U U U L R D D D D R R D L L L L L L D L R D R R D R D R R R R D D D D U U R D D R D D D D D D D D D D L W L L R R R U U U U U U U U U U L U L L D U R R U L U U L L L L U L U L L U U R R 
69 99 5 200
516 739 125 228 611 
R R R R R R L L L L L L R R R R R R R R D R D R R R R R U R R R R R U R R R R R R R D D D D U U U U L L L L L L L D L L L L L D R D D R D R R D R R D R R R D D D D R L U U U U L L L U L L U L L U L U U L L L L L L U L U L L L L L L L D R R R R R R R R D R D R R R R R D D L L L L L L L L L L R R R R R R R R R R U U L L L L L L R R R R R R R R R R R D D D D D R D D D L D L L D L R U R R U R U U U L 
81 9 6 200
62 205 501 510 327 941 
L D L D D D D D D R D U R R R U R R U U U U U U U U D D D D D D R R R R R R R U R R R L L L D L L L L L L L L L R R D D L D U L D L L L L U U U U U U U U R R R R U U U R R U U L U U U U U U U U U U U U U L L U L L L L U D R R R R D R D D D D D D L D L D L L L D L L L D D D D D L L D L L L D D L D D L R R R R R R R R R D D D D D U U U U U L L L U U L R D D L L D D U U R R L L L L L U U R U U R R R 
66 34 2 200
413 419 
R R D D D L L L U L U D R D R R R U U U U U U U U U U U D D D L L R R R R U R R U U R R U D L L D D L L D L L D D D D D L L R R D D W W W W W W W W W W W W W W W W W W W W W W W W W W W W W W W W W W W W W W W W W W W W W W W W W W W W W W W W W W W W W W W W W W W W W W W W W W W W W W W D L L L U L L U U U U L U U U U U U L L L L D D L L R R U U R R R R D D D D D D R D D D D R R D R R R U R L U 
22 68 5 150
3 861 942 295 858 
L L U L L R U U U U U U U U U D D D R L U D D D D D L L L R R R D D R D D D D D D U D U U U U U U U U U L L L L U U U U L L D L D D D D D D D D U U U U U U U U R U R R D D D D R R R R D D D D R R D U U U L U U U L U L L L U L U L L D D L D U R U U R R D R D R R R D D D D D D U U U U U R D D D R D D 
42 99 5 200
956 866 822 394 216 
L D R R R D D R D R L U L L L L L L L L L L L L L L L L L R R R R R R R R R R R R R R R D D D D D D D D D D D D D D L D L R U R U U U U U U R R R U U U R R R R R R U D L L L L L L D D D D U L L L U U U U U U U U L L L L L L L R R R R R R R R U U L L L U R R D D D D D D D D D L L W W W W W W W W W W W W W W W W W W W W W W W W W W W W W W W W W W W W W W W W W D D D D R L U L L L U R U U D D L D R 
20 22 2 116
664 407 
D D L D L D D D D R D D D D D R D U U U U U U U U U U R R R D R R R R R D R U R R R R R D D D L L D D U U R R U U U L L L L L D L L D L R U R U R R L L L L L U U L R D D L L U L L L D D D D D D D D D L U U U U U L U U U U R U R U U 
29 25 2 70
214 539 
R R R R R R U U R R R R R R R R R R R D L D D D D D D D D U U U U U U U U R U L L L U D L L L L L L L L D R R R R R L L L L L D L L L L L L 
68 69 7 200
647 761 733 491 818 300 843 
R D D D D D U U U U L L L L L U U U U L U L U L U U D R L D D D D D D U U L L L R R R U U U R D R D R D D D D R R R R R R L U L U U L L L L L L L D D R D D D D R D D D U U U L U U U U L U U R R R R R D U U U U U U U U L L U U U U U U U L U U L L L U L L L L L L D L L L L L L L L L L L R R R R R R R R R R R D D D R D D R D D D D U U U U L U U L U U U U R R R R L L L U L L L L L U D R R R R R D R R 
69 23 4 134
850 927 115 117 
L L L L L L L L L L U D R R D D U U L L U U L U L U U D D R D R D D R R R R R R R U U U R R R R R R R R R R R R U U U R R R R R R U R R U U U U U U U U D D D D D D D D L L D L L D D D L R U U U L L L L D D D L L L L L L L L L L L L D D D R R R R R R D R R L L U L L L 
18 47 4 186
5 30 475 760 
D D L D D L L U U U U U U U U L L L U L L L L D L L D L L D U U U L R U U U U D D R L D D D D R R D D R D D D L L L L L U L U U U U U U U U U U U U U U U U U U D D D D D D D R U R U R R D D D D D D D R U U D D L U U U U U U U L L D L D L D D D D D D D D D D D R D R R R R R U U R R R R L U U U U D D D D L L L U L U U U R R U R R R R D R R R D D D D D D D D R R U U R U U 
88 14 6 200
780 355 264 360 250 998 
U U L U U U U U L L U R U U U U R R U U L U R U R U R D D D R R D D U U L L U U U L L L U L L U D R R D R R D R D D D D D R R R D R R R D D D D D D L R U U U U U U L L L U L L L U U U U U L L U U U U U U U U L U L L D D L L U U L U U L U U D D R D D D D D D D D L D L L L L L L U L L U L R D R R D R R R R R R U R U U U U U U R D D R R U U R R D R D D R L D D D D D D D L D R D D L L D D D D L D R R 
34 57 3 200
557 837 196 
L L L D D D R R R R R D R R R D R R R U U R R R L U D L L D D L L L U L L L U L R D R R R U R R U D L L D L L L U L L L L L U U U R R R R U W W W W W W W W W W W W W W W W W W W W W W W W W W W W W W W W W W W W W W W W W W W W W W U U R U U W W W W W W W W W W W W W W W W W W W W W W W W W W W W W W W W W W W W W W W W W W W W W W W W W W W W W W W W R U U L L U L L L L U U U U D R R R D U L L L 
60 25 6 200
798 868 427 562 644 620 
R U R R U R U R R R R R R R U R R L L L L L L L L U L L L U L L L U L L L L L L D D L D D D D D U U R L L L D L L L D L L R U U U U U R U U U D D D L D D D D D R U R R R U R R U U U R U U R R R R R R D R R R D R R R D R R R R R R R R U R L L W W W W W W W W W W W W W W W W W W W W U U U U R D R R D R R R R R R U U U U L R D D D D L L L L L L U L L U L D D D D R D L L D L L L L L L L D L D L L D L 
83 95 5 200
304 104 282 799 158 
L L L L L L U L U L L L L L L L L L L L U L L L L L L D D L L D L D D D L L D D L L R R D U U U L U L L L L U L L U U L U L U U R R R R R R R R R R L L L L D D D D D R L U U U U U L L L L L L D D R D R D D R D D D D U U U U R D R R R R D R R R U U U R U R R U U R R R R R U D L L L L L D D D D L D D D D U U U U R U U U U R R R R D D D D D U U U U U L L L L L L U D R R R R R U D R D D D D D D D D R 
11 85 4 200
165 777 440 333 
D D D D D D D L L D L D D L D D D D L D D D L D D D D D D L D D D U U U R U U U U U U U U D D D D D D D D D R R D D D R R R R W W W W W W W W W W W W W W R R R U R U U U U U U U U U U U U U U U U D D D D D D D D D D D D D D D D L D L L L L L L L U U U L L U U U U U U U R U U U R R R R R R R R R L L L L L L L L U U U U R U U R U R D D D D D D R D R R R R R D D D D R D D D D D L L L D L R U R R R U 
49 37 4 200
78 313 199 353 
R R R R R D D R R R R R R D D R R R R D D R R R R R R R D R R R D D R D R R D L L R R U U U U U R R R R U R R R U D L L L L L L L L L U U L L U U L R D D R R D D R R R R R R U U U L U U U D D D R D D D D L L L L D D D D L L U L U U L L L U L L L L R R R R R R R R R R U D L L L L L L L L L L L L L U U L L L L U U U U U U U D D D D D L L L L L L L L L L L L L L L L L D D D D D L D L L L L D L D D D 
3 93 3 106
592 362 350 
L R R U U U U D D D D L L D D D D D R D R D U L U L U U U U U R R R R U R U D L D L L L R R R R R D L L L D D D D D D R R R U U R U D L D D L L L U U U U U U L L L U U U L U U D D R D D D R R R R R R U L L L L L 
90 36 6 200
33 46 716 613 643 919 
R U R R U U U U D L D D L L D L L L R R R U R R U U U U U D D D R D R R R R U L L L L L L L L L L L R R R R U U U U U U U U D D D L L R D D D D D D D D D D L R U U U U U U U U U U R D R L D D D D L L L L L W W W W W W W W W W W W W W W W W W W W W W W W W W W W W W W W W W W W W W W W W W W W W W W W W W W W W W W W W W W W W W W W W W W D D D L L U U U U U U U U R U R U U R U R L D L D D L D L D 
22 10 2 40
420 367 
U L L U D R D D D L L L L L L L L D L L D U R U D R U R R R R R R R R U U U R D 
3 23 5 200
745 70 524 112 390 
D D D D D D D D D D D D D D D D D D U U L L L D D D D R R R R D R R L L U L L L L U U U U R R R U U U U U U U U U R R R L L L D D D D L D L D L R U R U U U L R D D R D D D D D D D R R R R R L L L L L U U U U U U U U U U U U U U U U U U U U U R U U U D L R U U U U U U R U U R R R W W W W W W W W W W W W W W W W W W W W W W W W W W W W W W W W W W W W W W W W R D R D D U U L U L L L D D D D D D U U 
