100
50 28 3 200
114 214 143 
D L U L L L L L L R R D D D D D D D U U U U U U L L L L L L L L L R R R R R R R R R D R L D D D D D D D D U U U U U U U U U U L L R R R R R R D R U D D R R R D R D U L U L L L L L L W W W W W W W W W W W W W W W W W W W W W W W W W W W W W W W W W W W W W W W W W D D D L L L D U R R R R R R R R D D D D D L D D L D D W W W W W W W W W W R R R R L L L L U U R U U R U U U U U L L L L D D D U U U L U 
40 7 5 200
403 410 789 906 314 
L L L L U U U L U U L L U U L D D L L L L U U U U U U U L L L U U U U U U U U U U U U L L R R D D D D D D D D D D L L L L U U L U L L D U R R D R D D R R R R U U U R U U U U U U R R R U R U U R R R U R R R U D L L L D L L L D L L L L L L L L D D D D D U U U U U R D D D D D D D D D D D D D L R U U U U U U U R L U U U U U U R R R R R R R D L D L L D D D D D D R L U U U U U U L D D D D D D L D D D D 
35 75 4 186
731 650 803 610 
U U U U R U D L D D D D D D D D D L L D D L L D D D D L D U R U U U U R R U U U D R R D D D D D D D D D U L L U L L U D R R D R R U U U U U U U U R D D R D R D D D R W W W W W W D U L U U U L U L U U L U U U U U D D D D D D D D R R R R U U U U U U U U U U R U U R R D D D D R D R R R D R D R L U L U L L L U L U U U U L L D D L D D D D D D D D D D L L L L U U U U U U U U 
71 85 5 200
404 304 72 189 372 
L L D L L L L L L L U L L L U L L L U U L U L L L U D R R U U U U L L U U U L L U U U L L L L L R R R R R R R R R R L L L L L D D D R R D D D R R D D D D R D R D R R L L D D D D D L L D U R R U U U U R R R R R L L D L D D D D D D D R D U L U U U U U U U R R R R R R R R R R U R R R R U R U U U U U U U U L U L R R R R R R R R L L L L L L L D R D D D D D D D D L D L L L L D L L L L L L D R R R R R R 
24 19 3 200
498 701 757 
D D D D D D U U U U U L L L U U U U U U U L L U U L L L L L L U U L L R R D D R R R R R R D D R R D D D D D D D R R R R D D D D D R R D D R D R R D D R D R R D R R R R R D R D R D D R R R R R R R R R R D R R U R R R R R R R R R R R R R U U L L L L U L L L L L L U U U L U U U L L L L R R R R D D D R D D D R R R R R R D R R R R D D L L D U L L L L L L L L L L L D L L U L L L L L L L L L L U U L U L 
69 48 5 200
400 309 474 758 453 
D D L D L L L L L L L L L L U U U U L L U U D D R R D D D D L D D L L L L L D D L L L R R R U U R R R R R U U R U U U U L L L R R U U D D R D D D D R R R R R U U L W W W L U U D D R R D D L L R R R D W D D D D D D W W W W W W W W W W W W W W W W W W W W W W D D L L D L L D D L L L L D L D L L D L L L L U L U L L L L D D L L L D L L L L U U U U U U U U L U D R D D D D D D D D R R R R U R R R U U R 
18 14 6 200
364 924 770 696 164 988 
D D D R D D R R R D D D D R L U U U U L L L R R D R R D D D L L L L L L L L L L D L L L D L L D R R R R R D R D U L U L L L L L U R R U U U U U U U U U D D D D D D D D R R R U R R R L L R R R R R R R R R U U U L L U L L U U L U U U D L L L L U U U U L L U U L L L U U U L U U U L U U U U U U U U L U U U U U U L U L L U D R R D R D D D D D D R D L L L L U U U L U U L U U L R D D R D D R D D D R R R 
91 75 7 182
599 177 864 925 361 15 839 
R R R U R R U D R D R R D D U L L L L R D D D D U U U U L L L L L D D L D L L L L D L D D R R R R R R R U U D R R R R L L L L D L L L L L L U D L U U U L L R R D R U R R R R U R U U R R R R R R R R U L L U L L L D L L L D D D L D U R U U U R R R R R R U U R U D L D D L L L L L L D D D D D D D D R R D R D D R R R D D R R L L U U L L L U U L U L L U U U U U U U U 
23 44 1 48
384 
D D D D R D D D D L R U U U U D D R D R R R R R D D U U L L L L L U L U U L U D L D U R U U U U 
16 9 6 200
367 386 720 91 674 534 
D R R R D D D R U U D D L D U L L L L L R R R R R U R R R L L L U U L L L U D D L D L W W W W W W L L U U U U L U U W W W W W W W W W W W W W W W W W W W W W W W W W W W W W W W W W W W W W W W W W W W W W W W W W W W W W W W W W W W W U L L D D D D D L D W W W W W W W W W W W W W W W W W W W W W W D D D D D R R R R R R R D U L L U U D D L L L L L U U U U U U L L L L L U D R R R R R R U U U U U R 
84 78 8 200
815 835 51 982 380 323 145 911 
L L D L D R D R D R R R R R U R R U R U R R R R U R U R U U U L L U U L R R R U D L D U L L U U L L L L L L L U R U R R U R U U D D L D L L D L D R R R R R R D D L D D L D U R U U R U U L L L L D L D L L D D L L U U U U U U U U L L L D U R R R D D D D D R R R U U U U U L U U L U D R R R U D D D D U U U L L D D D D L D D L L D D D D D D L W W W W W W W W W W D U U U U L U D R D D D R U U U U U U R 
77 56 7 179
597 795 677 504 179 680 292 
U D R R D R L U R R U U R U U U R R R R U D L L D U U U R R U U U R R D D U U R R U D L L L L D D D L L D D D D D R R D D U U L L U U U L L D D D L D D U U U U R R U R R W W W W W W W W W W W W W W W W W W W W W W W W W W W W W W W W W W W W W W W W W W W W W W W W W W W W W W W W W W W W W W W W W W W R U U L D U R D D L L D D U U L D L L D D D D L L L L 
5 82 13 200
434 227 567 964 52 772 706 952 479 96 50 451 579 
U U D D D D D D D R D D L L L L D D D L D L R D R R D D D D D D D L L D L R R R R D D R R R R R R D R R D D D L L D U U U L L U L L D D D R L U U U R R D R R D D R R D D D D D L L D L D L D L D U L U U L U L U U U U L L L U D R R R D D D D R D R D D R R U R U R U R R U U U U U U U U L L U L L L U U U L U U D D R D D D L L L U U L L L U R R U U U U U U U L L U U R U U U R U U U U U U U R L D D D D 
72 49 7 166
351 79 974 298 80 708 225 
U L L U U U U U L L L L L L L U L L L L L L L L L L R R R R R R R R R R D D D R D R D R D R R R D R D R R D D D D U R L U U U L L U L U L L L U L U L U L U U R R U U D D R R R R R D R W W W W W W W W W W W W W W W W W W W W W W W W W W W W W W W W W W W W W W W W W W W W W W W W W W R W W W W W W W W W W U R L D L L D D D D R R D 
28 28 5 200
880 55 813 222 83 
D D D D D L U U U U U U R R R R R R R U U U U R R R L L D D D D D D D D D L L L L L R R R R R U U U U U U U U R R L L U L D D D D L L L L L D D D R D D D D L L D L D U R U R R U U U U L U U U L L D D D D D D R U U U U U R R U U W W W W W W W W W W W W W W W W W W W R U U U L L L L L U U U R R R L L L U U W W W W W W W W W W W W W W W W W W W W W U U U R U R R R U U U U R R D D R D R L U L U U L L 
62 46 7 200
983 426 693 219 540 874 678 
D D U U L L U L L R U U U U U L U L L L L L U L R D R R R R R D U L R U R U U R R R R L L D D D D D D D U U U U U U U L L D D L D D L L D D D D L D D R R D D R D R R R D R D D R R L L U U L L L L R R R U L L L U L U U L L U U R U U U U R R R D D D D D R D R R U U U U L U L L L U L U U U U U U D D D D D D L L L L L L L L U L L U U U U U U U U R R D U L L D D D L L L L L R R R R R D D D D D R R D R 
32 67 5 174
428 662 462 986 196 
R D D D R D U L U U U L W W W W W W W W W W W W W W W W W W W W W W L U U U U U U U R R U U R R R U U U R R R R R R R R R R R R D R R L L L L L L L D D D D D D D D D D R R D D U U U R U U R D D U U L D D L D L L U U U U U U U U U U R R R R R U L L L L L L L L L L L L D D D L L L D D L L D D D D D R U U U R R D D D D D U U U U U L L D D D L D D R 
75 77 5 200
518 422 412 957 397 
U U U U U U L U U L U L L L L U L U U R L U U U L U L L U L L U L D D D D D L R R L U U U U U R D R R D D D D D D D D U U U U U U U R R D R D D D D D R D R R R R D R D D R R R R L L L L L U L U U L U U U U L U U L L U L R R R R L L L D R R D D R D D D D R D D R D R R D D D D D D R R R U R W W W W W W W W W W W W W W W W W W W W W W W W W W W W W W W W R D D D D R D R R R R R D D D D D R R R L L L 
79 14 4 130
669 311 917 810 
U U U U U U U U R U R R U U U U U U U L U U U U L L U L L R R D D D D D R D U L U U U U R R D D D D R D D D R R R R R R U R U R U U D L L L R R R D D D R R D R R D D D L L L D D U U R R R U U U L L U L L U U L D L D L L L L L L D D D D L L D L D D D D D D D D 
51 90 7 200
104 137 268 897 47 493 429 
U U U R U D L D D D L L L U D R R R D D D D D D D R D U L L L L L L L D D D L L L L L L L L L L L L L L L L D L D L D L D L L D D L D D D L L D D D L L L L L L D D L L D D D D D L L L U U U U U U L L L U L U U L L U D R R D D R D R R R D D D D D D R R U D R U U U U U R R U U R R R R R R U U U R R U U U R U U R R U R U R U R U R R R R R R R R R R D L L D D L L D L D D D U U U R U R R U U R R U R R 
84 75 2 198
558 987 
R U R R R R U R U U U U U U U U L L U L U L U U U U D D D D D L D D D D D L L L R R R U U U U U R U R D R D R R R R L L D D D D D D L L L L L L L L L D L D D D D D R R R R R R R R R U D L L L L L L L D D D D D W W W W W W W W D D D L D U R U U U U R L D D L D D D D R R D R R R D D R D R D R L U L U L U U L L L U L L U U U U R U U U U U U L L U U U U U R U R R R R R R R R R D D L D L L L L D L 
1 13 5 194
745 195 639 294 627 
R R U U D D D D D D D D D D D D L L D U U L U U D D D U R D R R U R R R R R L L L U U U U U U U U U R U U L U U U U L R D D D D R D D R R R R R R R L L L L L L L L D D D D D D D D D L L U U U U U U U L R U U R R R R R R R R R R R L L L L L L L L L L L L L D D D L R R R D R R D D R D R R D R D U L U L L U L U U U U L R D D L L U L L U U U L R D D D D D R D D D D D U U U U U L U U U U U 
62 6 3 200
456 108 979 
D L D U R U R R R U U R U D L D D L L L L L L L L L L D U R U U U U U U U U U D D D R R R R R R R R L L L L L D D D D D U U U U U L L L U U U L L U U U D D D L L L D D D W W W W W W W W W W W W W W W W W W W W W W W W W W W W W W W W W W W W W W W W W W W W W W W W W W W W W W W W W W D L D D D D L L L L L L R R R R R R U U U U R U U U U R R R R R D D D D D D D D D L L L L L L D L D L R U R U R R 
16 61 5 200
440 303 749 270 295 
U L L D L D L D L D L L L D L L L L R R R R U R R R U R U R U U U U D D D D D D L D D D U U U R U U U U U D D R R D R R R R R R R U U R U U L L L R R R D D L D D L L L L L L L L D D D D D U U U U U R U L U R R U U R U R R R R R U U R U U U R R L L D D D L D D L L L L L D L D D D L D L D D U U R U R R R R U R U L L L L U U L U U U U U U L L W W W W W W U U U U D D D D D D D D U U U U R R D D D D D 
39 44 4 198
550 698 645 673 
D D L L D D L D D L L L L L L L L U U L U D R R L D D R R R R R D D D D D D D L L L D L R U U U U U U U D D D D D D R R R U U U U U U U R U U U U U U U U L L L L L L L L L L D L L D D U U R R U R R R R R R R R R R D D D D D D D D R R U U R R L U U U L L L L U L U L L L L L U D R R R R R D R D R R R R D D D D U U U L L L L L L L L D D D L L L L R R R R U U U R R U U U D D D R R R R R R R R U U 
6 87 2 198
208 895 
R R R R R R R R R R R R R R R D R R R R U R R D R R D D D L L R R U U R R R R R R L L L L L L U L L D L L L L L L L L L D D D D D D D D D D L L U L U U U U U L L L L R U U U U U L L L D U R R R D D D D D R R R D R R L L D D D D R D R R U U U U U U U U U U R R R R R R R R R U U L L U L U L L L L L L L L L L L L L L L R R R R R R R R R R R R R R R D R D D L L L L U L L L L L L L L L L L L L L L 
89 55 5 162
293 379 252 918 306 
D D L L L D L D D D L R U U U R U R R R U U L U U U L L L L D U R R R R D R R R R R D R D D D U L R U U L U L L L L L L U U U L U U L L U L L L U U U U R R R R R R R R R R D D D R R D D R R L L U U L L U U U L L L L L L L L L L D D D D R R R D R R D D R D D D R D D R R D D D D D L L L R R R D D R D D U U L U U U U U U U L 
31 84 2 104
875 489 
R D D R R R R D R R D D D D D D U U U U U U L L U L L L R R U R L D L L L U U L L L L U L L L R R R D R R R R R R R D D L L L L U L L L L L L L L L L L L D U R R R R R R R R U D R R R R D R R R R U U L L L L 
62 57 3 152
748 542 950 
U U U R D U L D D L L L U U U U U U U D D D D D R R R R R R R R R R D R L U U U U D L L L L L U U L L R R D D R R R R R D D L L L L L L L L L L D D D D D D L D L L L D L D D D D D D D D D L D D R D D R R R R R R R D D U U L L L L L L L U L L R R U L U U R U U U U U U U U U R U R R R U R U U U U R R R D 
82 20 5 76
355 780 347 62 172 
U R R R U D D D R R L U U U U U U L R D D D D D D L L D D L L D L D D D D D D L D D L R U U R U R R L L U U U U L R U R R R L L U R R U U R U U L L L D 
8 35 6 156
543 899 399 747 763 424 
U U U U U U D R R R D R D D D D D D D L D U L L L L U U U U L L R R D D D D R R R R R R L L L L D D D D D R R L L U U U U U R R R U R L L L L D D D D D D U U U U U R R D U R R R R R U U R U R R R R U D D D D D D D R R R D U L L L U U U U U U L L L L D L D D L L L L L L L U R R R U U U U U U L U L L L D D D D D 
77 34 5 132
778 60 454 549 609 
L U U R R R R U U U U L L L L U L L U U U R R R U U R L D D D D D U U U L L L D D D L L L D D D D L R U U R R R R L L L L U U U U U L L U R U U U U L L L L L L L D L L D U R R U R R R R R R R D D D D L D R D D U U R D D D R R R R R D R R R R D D D D L L L L D D R 
99 65 4 138
719 53 568 468 
D D L D D D U L L L L L L L L L L L D L R D R R R R R R D D R L U U L L L U D L L L U U U U U U L L L U U U U U U R U R R R L L L D L D D D L R D D R R R R R R L L L L L L D R R R D D D D R R R R R R R R D U R R R U U U U U U U U L L L L L L D U R R R R R R D D D D D D R U U 
61 68 6 70
788 127 981 123 18 132 
L L L L L D L D L L D D D D U U D D D D D L L D L L L L D U R R U U U U U U U R L D D D D D D D R R U R R U U U U U U U R R U R U R R R R R 
62 24 5 142
868 927 865 989 312 
R U U U D D D L L L D L R U R R R R R R U D L L L L D L L D D D D D L D D L D U L U U L L U L L D D D L R U U U R R D R R D D R R D D D R R D R R U U D D L L U L L U U U U U R U U U R R R R R R D R R R R R R U U U U D D D D L L L L L L U L L L L L L U U L L L L L U D R R R R R R R U 
49 51 6 191
898 656 729 638 914 7 
R R U U D D D D D D U L L L L L L L L L D L D D L R D R R R U D L L L U U U R U R R R R U U U L L L L U U U L U U D D R D D D R R R D D D D U U U U R D D D R R R R R U U U L L R R R R U U R U R R L L D L D D L L L L D L L L D L D L L L D D D D D D R D D R R R W W W W W W W W W R D D D R D R R R R L L L L U L U U U L U U U U U D D D D D L L L U U L U U U U U U R R R U R U R R R U 
26 0 5 200
765 420 593 531 664 
R U R L U U L U U U U L L U U L U U L L L U U U L U L L D L D L L D D D L D D D D L L R U U D D R U U U U R U U U R R U U U U U U U L L L L L U L U U U L U U L U U L L U U U U U U U U L L R U U L L U U U U U U D D D D D L L R R D R R D D R D D D D D D D D D U R R U U U U U U R U D R D R D R R D R L U L L U L U L L D D D D D D D D R D D R D D D R D R R R R R D D D D D D R U R R D R D D D D D U U R 
46 24 5 200
226 37 971 828 48 
D R R R R U R L D L L D D D D D D D D D D D L D L L D U U L U U U L L U L U U U U D D D D R D R R D R R R L L D U L D D R D R R U R U U U U U U U U U U U L L U L L L L L L L L L L L D D D L D L L L U U U U U U U U U U U U U U U U U U L U U U D D D R D D D D D D D D D R R R R R D R R R R R R R R R R R R U R R R R R R R R D R D R L L L L L L L R R D D D D D D D D D L L L L D L L L L U U R U U D D L 
12 96 3 200
592 362 953 
L D L L L D L L L L L L D U R R U U U D D D R D D D D D D D L D U R U U U U U U U R R U D R U R R R U R D L L D L L L D L D D D D L L D D D W W W W W W W W W W W W W W D R R D D D D D D D R D D D D D L D L L W W W W D D D R U U R R D R R R R D D D D D R U U U U U U U R R R U R U U U U R U U U U L U U D D L L D L D U R U R R R D D D D L D D D D L D L L L D D D D D D D L U U U U U L L L L U L L D D 
74 76 6 164
65 184 768 299 755 134 
U U U U L L L U L R D R D D D D D D D D U R D D D D D D D D R R R R D D R R D R U U U U U R L L L L L U U D D R R R R D D D D D L U L L U U L L L L U U U U U L L R R R R R R R R D D R R L L U U U U U U U U U L U U U D D D U U U U U U U L L U L R D R R D D D D D D D R D D D D D D D L L L L L L U U U L U U U U U U U R R D D D D 
37 82 3 200
481 3 704 
U U U U U U U U U R U U U U D D D D L D D D D D D D D D D L L L L L L L L L L D L L D L D L D D L D D L D D L D D D L L R U U U U U U U U U D D D R L U D D D D D L L L R R R U U U R U U U U R L D L W W W W W W W W W W W W W W W W W W W W W L U U U U U L U U L L D L L D L D D D D D D L L R R U U U U U U R U R R U R R D D R D D D D D R R D D D L D D D D D R U U U R U U R U U R U U R U R U R R U R R 
69 12 4 200
823 170 162 554 
L U U D L L L L L L L L L L D D D D D L L D U R R U U U U U R R R R R R R U U D D R R R R R R L L L D W W W W W W W W W W W W W W W W L D W W D R R R R U U R R R R U R R R U U U U U D D D D D L D D D D D D D D D D L L L L D L L L L D D L L L R U U U L U U U R L U U U U L U U R U R R R R R R R U U U U U U U U U U U U U U U R L D D D D D D D D D D D D D D D L L L L L L L D L D D R D D D D D D D R D 
88 97 7 146
626 85 560 197 739 817 229 
L D L D R D D D R L U R R D R R R R R R R R R D D D D L D D U U R U U U U L L U R R U R U D L D L L D L D D D D D D U U U U U U U U U D D D D D D D D R R R R D D D D D D D D D U U U U U U U U U L L L L U U U U U L L L U U U U U U D D D D D D R R R R D U L L L L L L L U U D L L U U L U R U R 
71 15 5 200
130 290 832 603 246 
U U L L R R D D R R R D U L L L L L U L L L L L L U U U L U U L D D D U U U R D D R D D R R R R R R R L L L L L L L D D D D R D R R R L L L U L U U U U U U L L U D R R D D D R R R R R R D R R D L L L L L L D L L L L L U U L L L U U U U L U U L D D D D D L W W W W W W W W W W W W W W W W W W W W W W W W W W W W W W W W W W W W W W W W W W W W W D D L L L L L L L L L L L R R R R R R R R R R D D D U 
62 25 5 200
798 427 631 274 885 
U U U R R L L D D L L L L L R R D D D D D D D D D L L L D U R R R U U U U U U U U U R R R R R R R L L L D W W W W W W W W W W W W W W W W W W W W W W W W W W W W W D R R R R D D D R R R R U U U U U U U U R R R R D D L D D D D D D D D D D D D D R R R R D R R U R R R R R U U R U U U U R R U U U U R U U D D L D D D D R D U L L L D D D D L D D L L L L L D L L U L L L L U U U U U U U U U U U U U R U U 
1 43 5 200
570 165 30 150 249 
U U U U U U U U U U U U L R D D R R U U U U U U R U U U R L D D D D D R D D D U U U L U U L L U L U L U U U R L D D D R D R D R D D D D D D L L D D D D D D D D U U U U U U U R R U D L D D D D R R D R D R L U L U L L U U U U U U U U U U U U U D D D D D D D R R R R R R R R R R U U U U U L L U U U U U U U U L L L L L R R R R R D D D D D D D D R R D D D D D L L L L L L L L L L D D L D D D D D D D D D 
66 80 4 200
580 936 818 606 
U U D D D D D D D D L L D L U L U L L L L U U U D D D R R D D D D L L R R U U U U R R D R D R U R R U U U U U U D D D D D D L L D L L L L D D L L L L L L L U U L U U L U U U U U U U R U U U W W W W W W W W W W W W W W W W W W W W U U R R U R R R R R R R R R R U U R U R R U U U R R R U R U R R R R L L L L D L D L L U U U U R R U R R R L L L D L L D D D D R R R R D D D D U U U U L L L L L D D D L L 
60 29 7 200
932 594 845 658 850 517 566 
U U U U U D D D D R R L L L L L U U L R D D R R D D L L L D D U L L L L L D L L R R U R R R R R U R R R D D D D U U R R U R R R R R D D L D L L D D L D L R U R U U R R U R U U L L L L L D L L U U L L R R U U R D U R R R R U W W W W W W W W W W W R L D L L L L D L D W W W W W W W W W W W W W W W W W W W D D D D D R D R R R R R D R D D D D R R R U R R U R U U U R U U D D D D D R R R R L L L L U U U 
10 85 5 200
478 376 891 777 277 
D D D D D D D L D L D L R D R D R R D R D R R R R R L L L L L D D D D D D D L D D D U U U U U U U U L L L L U L L W W W W W W W W W W W W W W W W W W W W W W W W W W W W W W W W W W W W W W W W W W W W W W W W W W W W W D U R R D R R R R D D D D D R U U U U U U U U U R R R U D L L L D L U L L U L U U R U R U U U U U U U D D D D U U U L L L U W W W W W W W W W W W W W W W W W W W U L L U U R R U D 
60 97 6 180
883 228 812 863 799 1 
R D R R R R R R L L L L L L D D D L D L L R R U R U U U R R R R R R R U R U R U D L D L D D D R R R R R R D D R L U U L L L L L L U U L L L L L L L L L R R R R R R R D D D D L L D L D L D L L L L R R R R U R U U U L L L L U U U U U U L L R R D R R R R R R U D L L L L L L D D D D D R R R R D D R U R R U U U U L L L L L L L L L D D U U U U L R D D R R R R U L 
75 45 4 200
385 291 807 378 
R U U R R R R R R D D U U L L L L L L U L L U U U U U U U U U U U L R D D D D D D D D D D D D D D L L D U R R U U U U U U U U R U U R L L R D D L D D D D D R R U R R R R R D D L D D D D L L L L L L L L U U L U U L U U L U U L L U L L U L R D R R D R R D D R D R R W W W R U U U U D D D D L L L U L U U U L U L L L L U U U U U R R R R R R R R U R R U D D D D D R R R R R R R R D R D U L U L L L L L L 
25 51 7 200
754 259 240 68 402 465 760 
R R R R D D U U U U D D L L L L D D L R U U U U U U U R R L L D D D D D D D L D D D D L R U U U U R U U R R R R R U U D D R R R R R R R R R R U R R U D L L D L L L L L L L L L L L L L U U U U U U U U U U L L L U L L D D D D D D D L D L D D L L L L L D D L L D L L L D L D L D D D L D L D L L L L D L L D D D D R R R L L L U U U U R R U R R R R U R U R U U U R U R U U U D D R R R U R R U U R R R R R 
23 39 5 200
976 926 89 776 954 
D L L U U U U U U U U R U U D D L D D L L R D D D U U U L U U U U U U L D D L D L D D D R R D R D R D D U U L U L U L L U U U R U R U U R D R R R R R R R R R R R R R R R R D D D D R R R R R D D D D D D L D D L D D D D D D L D L D L D D D D L D D L D D U U R U U R U U U U R U R U R R R R R R L L L L L U U U U U U R U U R U U U U U U L L L L L U L R U U U R U R L D L L L R D R D R R R D R D R D R L 
3 96 5 200
797 715 884 260 138 
U U R R R R R R R R R R D D D D R R D D U U R R R R R R R R R R U U U U D D D D R R R R D U L L L D D D U U U L L L L L L L L L L L L L L L D D L D D L L R R U U R U U R R R L U U U U L L L L L L L L L D D D D D D L D L D L L D U R R U R U R U U U U U U R R R R R R R R R D D D D L L W W W W W W W W W W W W W W W W W W W W W W W W W W W W W W W W W W W W W W W W W W W W W D L L L D U R R R U R R U 
79 26 4 200
117 933 313 157 
R R L L U U U D D D D D L L D L D L L R U U D D R U R U U D D D D D D D D D D D U U U U U U U U U L L U L U U R L D D R D R R U R R U U U U U R R R R U R U U U D L L L L L L L L L U U U L L L U R R R U R R R L L L D L L L D R R R D D R R R R U R R R R U R R R U L U U U L R D D D R D L L L D L L L L D L L L L U U U U R R R R U U D D L L L L D D D D R R R R U R R U U R U U U U U D D D D D L D D L L 
5 14 6 184
0 524 70 279 433 945 
U R R R R R L L L L U D L D L L L L L D D R D D L R D D D L D D D D R R R R R R D U L L L L L L U U U U R U U U U U L U U R U U U U U U U U U L U U U U U U U U R R R U U U U U U U R U U R L D D L D D D D D D D L L R R D D D D D D D R L R D D D R L U U U L U U U U U U U L L L D D D D D D D D D D D U U U R D D D D D D L R R R R R U U U U D D D D L L L L D D D R R R R 
20 93 7 200
283 705 32 282 894 394 900 
R D R D D R R R R R R R D R R R L L L L L D R R R D R R R R R R R R D D D D R R R U R R R R U R R R U U R U U U R U U U R L U U L U R U R R R R R R R R U R R R R R U R L D L L L L L D D D D D D D D U U U U U U U L L L L L L U U D D D D D D D U U U U U L L D L D D D D D L D D L L D D U L L L L L L L L L U U U U U U U U L R D D D R R R R R R D U L L L L L L D D D D D R R R R R R R R R U R R U U R U 
75 50 5 200
710 461 589 261 296 
R R R R R R R R D D R R R U U U R R R U R U U U U U U D D R D D D D D R D D D D D R L U U U U U L U U U U U L D D D L L L L L L U L L R R D R R R R R R D R D R R R R R U U U R L D D D L L L L L U L U U U D D D R D D D R R R L L L U U U L L L L L L L L L L L L L L L L R R R R R R R R R R R R U U U U U U U U D D L L L L D D D R D D D L D U R U U U L U U U L R R R R R D D D D D D R R D L L L D D D L 
96 0 8 200
802 796 105 990 265 944 40 488 
U U U U U L L D L D L L L D L D U R U R R R U R U L L L D D L L L L L R R R R R U U R R U U U U U U U U U D D D D D D D D L L L L L L L L L L R R R R D D D D D U U U U U R R R R R R D R R R D D D D D U U W W W W W W W W W W W W W W W W W W W W W W W W W W W W W W W W W W W W W W W W W W W W W W W W W W W W W W W W W W W W W W W W W W W W W W W W W W W W R R R L L L U U U U L L U U L U L U L U L R 
27 44 5 200
242 128 711 722 357 
R D D D R R R R U U U U U U U R R U D L L D D D L L L L L L L D D D D D D D D L L L L L L L D D L D D L L R R U U R U R R R R R L L L L L U R R R R R R R U U U U U U U U R R R R R R R D D D D L L L L U D D D U L L L L L R R R R R U U U U L L L L D D D D D D D L L L L U U U U U U L L U U U L U U R U U R R R R R U U U R U U R U U U U R L D D D D L D D D D D R R R R R R R R R R U D L L L L L L L L L 
47 46 4 196
526 198 78 949 
U D R D R R R R R D R R U U R R L L D D L L L L L L L D D D D R D D R R D R R D R D R R R R R R R R D R R D D R D R R D D D D D R D D D D R R U U U U U U U U R R R R R R D D D R D U L U U U L L L L L L D D D D D D D D L L U U U U L U U U U U L L U L U U L L U L L L L L L U U U D D D D R R R U U R U U R R R L L L D D L D D L L L U L L U L U L L U L L U U L U U U U R R R R R U L L L L L U L 
67 5 3 72
529 941 585 
R R D U L U U U U D D D D R R R R R R R R R D U L L U U U U U U L L L D D D D U U R R L D D D R L U U U L U U R R R D D D D D D L L L L L L L L 
41 78 7 200
401 820 496 670 859 793 882 
L R D D U U R U D L D D D L L D L D D D D D D D D D D L R U U U U U U U U U U R U R R U U U D D D D D D D D L D D D D W W W W W W W W W W W W W W W W W W W W W W W W W W W W W W W W W D D D D L L U L U L U L U L L L L L U L U U U U U U U U R U U U R R R R R U D L L L L L D D D L D D D D D D D D R D R R R U U U U U D D D D D R R D R D R D R D R R U U U D D D U U U U L L R R U U U U R U U U U U U U 
59 72 6 144
775 806 176 66 23 345 
U U L L L L L L L L L L D L L L U L L U D R R D R R R U R R R R R R R R R R D D L L U U L L U U U U L L U U U U U U R U R U L L L U U U U U U U R R D D D D D R R R R R L L L L U U U U U U D D D D D D L U U U U U L L D D D D D D D R R R D L D L D D D D D R R L L D R R D D D D R R D D R R 
43 13 7 182
600 744 618 794 644 188 877 
L D L R D D D D R D U R R R R R R U U U U U U U U U U R R U U U R U R R U R R R R D D U U L L L L L U L U U U R L D D L L L L L L L U U L L L U U R R R U R U U U R D D R R R D R R D D U U R U U U R L D D D L L L U L L L U U L D D L R D L D L L L D D R R R D D R R R R R R R D R D R D L L D L D D D L L D D D D D D D D U U U L R D D D D D L L L L L L L U U U U U R 
79 0 8 200
86 205 686 467 513 510 501 642 
L L L L L L L R R R R R R R U R R U R U R U U U U U U R R U U D D L L D L D U R U U D D D D D L R D D R R R D R L L L R R U L L L U U L U U U U U L L L R R R D D D D D R D D D R R D D R R R U R U U U U D D D D L D L L U U U U U U U R R R R R R R R R D U L L L L L L L L L D D L L L U U U U U U U U D D D D D D D D R R R R R R R R R R R R R R D D D D D U U U U U L L L L L L L L L U U U U U U D D D D 
23 54 3 162
82 443 425 
U U U U L L R R U U R U U U R U R U L L L L L L L L L R R R R R R R R R R U R U R L L R D L D L D L D L D D D D D D R R R R R R R R R L L L L L L L L L U U U D D D R D D D R D R R L L L L L D D D L L L U L L L L D D L L D L L L D L D D R L U U R U R R R U R R U U R R R R D R R R U U U R R R U L U U U L U U U L D D D D D D 
93 52 8 164
842 302 903 136 862 621 97 682 
R R R D U U U U U U U U U D D D D L L L L U D R R R R D D D D D D L L D D L D U R U U R U D R U U L U U U U U U U L L L L L L R R R R R R D D D D D D D L L R U U U U R U U U R L L U L W W W W W W W W U R U R D U L L U U U L U L L L L L L L L R R R R R R R R D R D D D R D R D R D U L U L L L L U D R R D R D R D D D L D D D D L 
70 84 4 200
441 612 836 387 
D L L L L L L L L D L D L D D D D L D L R U R U U R R R L L L U U L U U U L R D D D R R U R U R R R R R R R D D D D D D D D D D L D D D L L D L L L D D D R R R R R R D R D D D R D D D D D D D R D D D D R D D D D D R D D R R R R U U U U R R L L D D D D L L L L U U L U U U U U L U U U U R U U R R L L D D L L U U U U U U U L U U U L L L L R R R R R L L U L L L L L L U U U R R R U R R U U U U U U D D 
86 47 4 128
907 360 998 919 
L D D D L D D D D D D D D D R D D D R R R U U R R L L D D L D D D U U U L L U U U L U U U U U U U U L L L D D D D R D D D L D L D L D L L L L L U L L R R D R R R R R U R U R U R R R R R R R R L L L L L L L U U U L U U U U R R U D R U R U U U R R U U D D L 
45 75 3 200
247 371 782 
U L U R R R R R R R R R R U U U U D D D D D R R R L U U U U U U U U L R D D D D D D D D L L U L L L L L L L L L L D R D U R R R D D D W W W W W W W W W W W W W W W W W W W W W W W W W W W W W W W W W W W W W W W W W W W W W W W W W W W W R D D L L D D L D L W W W W D D R R R R R R R R R R D D D D L D L D D D W W W W W W W W W W W W W W W W W W W W W W W D R R U R R R R R R R U U U U D D D D L L L 
24 95 3 200
341 831 34 
L U L U U U L L L L L L L L L L L R R R D D D D U U U U L L L L L L L L L L L L D D D D D D D R R U U U U U R L D D D D D L D D D D D D D R R R R R U R R L L D L L L L L U U U U U U U L U L L R R U U U U U U R R R R R R R R R R R R R R R R R R R R D D D R D R U L L U L L U U L L L L L L L L L L L L L L L L L L D D D D R R D D D L R U U U U R L D L L U U U U R R R R R R R R R R R R R R R R R R D D 
70 79 6 200
300 761 647 224 57 665 
D D D D D D D D D D D L L L D D D D L L D D L L R R U U R U U U U U U D D D D D D R R R L L U U U U L L L R R R R R R D R D R D D R R R R R R D U L L L L L L U U L U L U U U D D D R R D D D D R R D D R R R D R R U U R R R W W W W W W W W W W W W W W W W W W W W W W W W W W W W W W W W W W W W W W W W W W W W W W W W W W W W W W W W U R L D L L L D D L L U L L L U U L L U U U U L L U U U U U U U U 
94 47 9 200
577 654 624 33 46 115 613 99 166 
D R R U R D D D R D D D R U D L U L L L L L D L D L L L L L L D D U U R U U U U R U R R R R L L L D D D L R U U U R R U U R R U R R U U R R U U D D L L D D L L D L L D D L L L D L D D D D R R D U R R R U U U U W W U U U U W W W U U U U L U U U U L U U W W W W W W W W W W W W W W W W W W W W L U U U U L L U U L L L D L L L L U D R R R R U R R R D D R D U R D D D D R D D R D D D D R D D D D D D D D 
87 34 6 200
193 264 502 646 643 319 
U R R R R D D D D D D D R R R R R R R L L L L L L L L L L L L L L U U D D R R R R R R R R R L L U U U U U U U U R R L L D L L L R R R U U L L L L L U U U U U U U U R U R W W W W W W W W W W W W W W W W W W R D R D R L U L U L L D L D D D D D D D D R R R R R D D L L L L D D R R D R D D R R L L D D U U U U L U L L U U L L L L U U U U R R R R R R R R R U R R R R R D D D D R D R L U L U U U U L L L L 
69 95 8 200
536 659 125 575 26 611 102 873 
U R U R U R R R R R R R D R R R R R R D D D D D R R R R D R D R R D D R R L L U L R R R D R D U L U L L U L L L L L U L L R D D D D D D D D U U U U U U U U R D R R R U L U L L L L U U U U L L L L L L R R R R R R D D D D D R D D D D D R L U U U U U L U U U U U U L L L U D D D D D D D D D D U U U U U U R R R R R R R R D D D D U U U L D L L L L L L L R R R R R R R U R U L L L L L L L L U U U L L L U 
75 25 6 200
562 152 878 785 139 327 
U U L U U L D D D D L D U U L U U U D D D R D R R L U U U U R R L D D R D D R R R U U U U U L U L L L L L L U U U L L U U U L U L U U U U L U L R D D D D D U U U U L L U L L U L L L U L R D R R R D R R D R R R D D D D R D D D D U U U R D D D R D D D D D D D D D D D D L L U U U U L L U L L L L L D L L U D R R U R R R R R D R R D D D D R R U U U U U U U U U U U U R D D D R R R R R R D R D D D D D L 
91 9 6 196
640 591 415 445 416 438 
L D U U U L L U U L U U L U U U R R R R U U U R U U R R U R R U D L L D U U U R U D L D D D L L D D L D D D L L R U R U U R R R U U R U U R L D D L D D L L L D D L D L L L D D D R R R R U U R R R U U L L U D D U R R D D L L L D D L L L D D R D D R R D R R R R R R R R R L L L L L L L L L U U U L L L U U R R U U U R U U U U U U L U U U U D D D D R D D D D D D L D D D L L D D R R R D D D D R 
21 56 6 200
5 113 41 905 930 858 
L L L L L L L L D D L D L D L L L D L L L L D D U U U L R U U U U D D D R R R R R R L U U U U U U D D D U L L U D R R D D D D L L L L L D D R R R R U R R R U R U R U U R R U U U D R L D D R R R R R R U U U U U U U U R R U U W W W W W W W W W W W W W W W U L L L L L L L W W W W U U U U U R U U U R U W W W W W W W W W W W W W W W W W U L L L D D L D D L R U U R U U R R R D D D D D D D D D R R U U R 
98 5 3 64
77 356 209 
U U U U U U U U U U U U U D D D D L L R R D D D D D L U U U U U U U U U U U L L R R D D D D D D D D D D D R D D D D D D R L U U 
22 87 7 200
393 59 939 528 576 994 230 
U U L U D R D R R R R R R D U L L L L L U D L L L L L L L L L L L L L L L L L U U U U U U U U U R L D D D D D D D D D L D D R R W W W W W W W W W W W W W W W W W D D L D U R U U L L U U R R R U D W W W W W W W W W W W W W W W W W W W W W W W W W W W W W W W W W W W W W W W W W W W W W W W W W W W W W W W W W W W W W W W W W W W W W W W W W W W W W W W W L L L D D R R R D R L U L L L U U R R R R R 
76 4 3 104
637 318 742 
L L L L L L D L L D D D L L L U U U U L R D D D D R L U U U U L L L L L L L L L L R R R R R R R R U U U U U U U L U D R D R R R R R R R L L L L L L L L R D D D D D D R R D D D D R R R U U U R R U R R R R R R 
38 54 7 200
837 520 151 848 446 912 324 
D D L L L D D L L L L D D L R U U R R R R R R R R L L L L U U U U U U U U L L L L L L L L L L R R R R R U U U U U U U U R R R U U U D D D L L L U L U U L U U U D D D D D D U U U R D D R D D D D D D D R R R R R R R R R R U L L L L L L L L L U L R D R R R R R R R R R R U U U U U U R U R R U R U D L D L D D D R R R D D D D D U U U U U R R R R R R R L L L L L L L L L L U U U L D L D D D D D D L D L L 
65 73 5 161
733 491 288 604 141 
D L L L U U U U L R D D D D L D D D L L L L L L L L L L L L L D L L R D D D L L L L L L L D D L L L D D D D D R R U W W W W W W W W W W W W W W W W W W W U D D L L U U U U U R R R U U R R R R R R R U U U R U R U U U U U R U U U D D D L D D D D D L D L D D L L U L R D R R U U R U R R R R R R R R R R R R R U U U R R R R U 
63 75 5 200
888 492 746 458 206 
R R U U U U U U R R D D D D D D D D D D L L L L L D D D D L L D L L D D D D D D L L D L D L D L L L L L L D L D D D L L D L U U U U L U L L L U U U L L R R R L U U D D D D D L L L D D U U R R R R R R R U R U R L D L D L D L L D L D L U U D D R U R U R R U U U U U U U R L D D D D D D D R D D D D R U R R R R D R D U L U L L U U U R U U U U D D D R R R R R R U R U R U R R U U U U U U R R U R R U U U 
27 6 4 200
107 889 530 272 
D D R D D D R D R R R L L L U L R R R R R L L L L L U U U U U U U U L U L U U L L L L L U U U L U U U L U L U U L U U U U U L L L L L U U L L U U R R R R R R R U U D D R R D R D D R R D D R D D D U U U L U U L L U U L U L L R R R D D D D R R R R L L L L U U U U L U D L D D D R D U L U U U L L U U U U D D D D R R R R R R R U R R R L L L D L L L L L L L L L L L L U U D D L D D R R D D R R R R R D D 
38 90 2 102
866 81 
R R U U U U U U L L L L L L L L L L L L R R R R R R R R R R R R D D D D D D D D D R R R R D R L U L L L L U L L L L L L U L L R R D R R R R R R D D D R L U U U U U L L L L L L L L L D D U U R R R R R R R 
88 14 6 200
811 849 871 840 902 42 
R R R R U U D L L R R R R U R L U U U U U R U U R U U R U R R U U U L L L L U L U U U U U U U U U U L R R R R R U D L D D D D D D R R L U U U U U U R U U U U U L U U U L L L L L D D D L L L L U U U U D D D D R R R R U U U R R R R R D D D R D D U U U U U L L L L L L D D D D R D U L U U U U R R R R R R D D D D D D D D L D D D D D D L U U U U U U L L L U D D D L L L L L L L L L L R R R R R R R R R R 
64 3 7 198
405 962 146 791 448 660 661 
L L L L L L L L L L L L L L L L L L L L L D U L L U U U U U L L U U L L R R U U U U U L U U L U U L U L U L D L L L L R R R R U R D R D R R R R R R R R L L L L L L L D D D D D D L D D U U R U U U U R R R R R R R R R R R U U R R U U U R L D D D L L D D L L L L L L L L L D U U U U U U U D D D D D D L D D R D D D D D D D R R D D D D D R R R R R R R R R R R R R R R R R R R R R R R D D D L R U U U 
40 98 7 168
956 822 321 330 216 191 651 
R R D R R D R R D U L L L D D D D D D D D D D D L L D D D D U U U U R R U U U R R L L U U L L U L L L L U L R R U R R U U D D L L D L D R R R R D D D D D D L L D U U U U U U U L U U U U L L L L U L L D D L R U U R R D R R R R D D D D R D D D D D D R R U R L U U U U L L R U U U L R D D D R R R U U U U U U R U R R R R L L L L L L U L L 
17 36 6 200
256 774 257 572 144 49 
D U U L U U U U U U L U U L U L D D D L L L L L D L D D D D D L L D D D D U R R R R U R R L L D L L D D U U L L U U U R U D R D D D R R U U U U R U D L D D D D L L D D D D D U U U U U U U U U U U U R R R R R D R D D R D D R R D U L L U U L U U L U L L L L L D D D D D D D U U U U U U U U R U R R R R R U U U R D R D D R D D D D D D R D D D D L L D D W W W D U U L L L L L L D D D L D D D R D D D R D 
52 32 3 152
590 218 972 
L L L U L U U L U U U U U U U U U U L L L L R R D D D D D D D U U U U U U U U U L R D D D D D D D D D D D D D D L L D D L R U U U U U U U U L U U U U U U D D D D D D D D D D L D D D L L L D U R U U D D R R U U U R U U U U R D D D D D D R R U U U U U U U U U U U U R R D D D D D D D D D D R D D R D R R R 
22 63 10 200
688 861 942 267 676 860 712 335 74 28 
D U L L U D R D L L U L L L U U U U R R R R R R R R U U U R R U L L L U D L D D L D L L L R R R U R U U R R R R U R L D D D U L L D D D L L L L L L L L D D D D R R R D R R D U U R R R R R D R R D R D D D D D D R D D D D D R R R R R R D D D U U U R U R R U U U U U U R L D D D D D D L L D L L L L L L L U U U U U L U U U U U U L U L L L R U R R R R R R R U U L U L L U L U L L L R R R D R D R R D R D 
87 80 5 130
886 960 773 573 58 
L L L L L L U U U U U U U U U U U L U L U U L L L L L L U L R D R R R R R R D D R D R D R L D D L L L L L L L U U L U U L R D R R R R R R U D L L U D L L L L R R R R R R U U R U U D D L D D L L L L L L D R D D R R R D D U U R R R R D D D D D D D D R R R R R R 
43 20 6 124
469 93 539 2 75 852 
U L L L L L L L L L L D L D L D D D D D U U U U U R U R U R R R R R U L L U U U U U R U U R L D D L L R D R R R R R U D D D D D R R R R L L L L U U U U L L L L L D D D D D D D D D D D D L D R R R D U L U D L L U R U U U U U U U U R R D R R R R R D 
15 19 7 200
487 574 808 349 163 996 9 
D L L L L L L L L L U U U U U D R L L L L L U U L R U U R L U U U U L L U R L D D D D D D D D D U U U U U U U U R R D D R L U L U D R D D L R D D D D D R R R R D D D D R R R R R R R R R U L L W W W W W W W W W W W W W W W W W W W W W W W W W W W W W W W W W W W W W W W W W W W W W W W W W W W W W W W W W W W W W W W W W W W W W W W W W W W W W W W W W U U U U U U L L U L U L L U D R R D R D R R D 
69 23 5 148
106 703 544 129 419 
U U U U U R L U U U U U L L U U L L U L L L L L L L L U L U D R D R R R R R R R R D R R D D U U L L U L U L U L U D R D D U L W W W W W W W W W W W W W W W W W W W W W W W W W W W W W W W W W W W W W W W W W W W W W W L U U L L L L L U D R R R R R D D R R R D R D R R D D R R D D D D D D D D D D 
24 99 4 200
675 935 955 533 
R R D D D R D R R R D D R L D L L L L L L R R R R R R D D R L U U U U U L L L U L U U L L L R R R D D D R R R R D D D R R R U U U D D D L L L U U U U R U U U D D D L D L L L L U U U U L L L R R D D D D D L L L L L L D L L L L L L L L L L D D L L D D D L L D D R R R R R R R R R R D R R R R R R R R R D D U U L L L L L L L L L U L L L L L L L L L L U U R R U U U R R U U R R R R R R R R R R U R R R R 
78 99 5 188
516 480 734 833 466 
L L L R R R R R R R D R R R R R R R R R R R R R R D D R R D D R L U U L L U U L L L L L L L U D D D D D R R L U R U R R R R U U R R L D D D D D D D D D D U U U U U U L L L R R R R R D U L L U U U U L D D L L L L D L D L U U U U R R R D D R R D D R R R D D D L D D U U R U U U L L L U U L L U U L L L L L U D R R R R R R R R R D D U U L L L L L L L U D L L L L L L L U L L L L 
65 20 4 158
671 992 630 154 
U D D D D L U U U L U U L L L D D D D R L U U U U R R R D D R D D D R U R R R R R R R D D D R D D D L L D L L D L L L R R R U R R U R R U U U L U U U L L L L L L L U U L L W W W W W W W W W W W W W W W W W W W W W W W W W W W W W W W W W W W W U L L L D D D D R D R D R R R R R L L L L L U L U L U U U U R R R D R R 
