99
24 19 3 74
498 701 747 
D D D D D D U U U U U L L L U U U U U U L L U U U D D D L L L L L L D L L L U U U U R U U D D L D D D D R R R U R R R R R R R R D D D D D D R R R U 
28 52 6 188
754 259 240 446 986 281 
R D D D U U U U D L L L L L D D D U U U R R R U U U U D D D D D D D D D D L L L L D U R R R R U U U U U U R R R U L L U L L L U L L U U U R U U U R U R U R U R R U R U U R U U R R L L U U L U L L R R D R D D D D L D D L D L L D D D D D D U U U U U L D L D L D D D L D D D L L L L L D U R R U D R R D D D D D D D D U U U U U U U U U U L L L R R R D D R R R D R R R D R R D L L 
94 58 4 104
719 468 925 238 
R U R U R R L L L R U U U U U U U R U U R L L L L L D L R U R R R L D D D D D L D D L R U U R U U U U U R R D D D D R L U U L D D D D D D D D L D D U U U U U R R U U U U U R R U D L L D D D D D L L D D D D L 
81 37 5 200
311 778 707 60 199 
L L D D L R U R L U R U U U L L L L L U U U U L R R R U R U D R R R D D D D D R D D D D L L L L R R R R U U U U L U U U U U L L L L U L L U U L U L U L R D R D R D D R R D D L D D D R L U U U L D D D D D D D D W W W W W W W W W W L L U L L L R R R D R R U U U U R R R R R D D D R L U D L L D L L L L L D D D L D L D L L L L R R R R U R R R R R R L L L L L U L L U U U U U U L L L L L L L L L L U D R 
50 62 4 200
127 45 557 882 
R R R R R R L D D D L R R R R D R R R R R U R R R R R U R U U R L L L L U U U U U U L L R R D D D D D D R R R D D L D L L L L L D L L L L L U L L L L L L D D D D D L L L L L L L U L L L U U L L L L D L L D D L R U U R R U R R R D D U U R D D R R R R R U U R R U U U U L L L L L L L L U L U U U D D D U U U L U L R D R D D D R D R R R R R R R R D D D D L L D D L L D R R R R R R R U U U U U R R R U U 
40 30 6 200
590 638 898 218 73 89 
R R R U U R U R U U R R U U U U U U U U U U L L L L R R U U U U U R U D R R R R U R L D L L L L L D D D D D D D D D D D D U U U U U U U U U L R D D R R D D D D D D D D D D L L U U U U U U U U U L R D D D D D R R R R D U L L L D D D D D D D D D U U U U U U U U U L D D D L L L D L D L L D D L D D D D D D D L L D D L D D L L R R U U R U U R R U U U U U U U R U U R R U R U R R R D D D L D L D D L L L 
61 91 5 200
422 799 1 894 655 
R R R U R U L L R R U U U L U U L L L L L L L U D R R R R R R R R U D L D D L L L L L L D L D U U U U L R D D D R U R R L L L L U U U L L L L R R R R D D D R R R R R D D D L D L D L L L L L L L L L L L L L U U U L L L U U U D D D R R R D D D R R R R R R D D U U L L L L L L U U U L U L L U U L L L L L L L D U R R R R R R R D D R R D R D D D R R R R R R R R R R R R R U R U R U U U R R R R D D D D L 
86 59 4 200
677 53 296 149 
U U U D D D R R R R R R D R D R L U L U L L U D L L L U D L L L D L D D D D D D D U U U U U U U L R D D D D D D D D D D D L D D D L D D D D D D R D D D D D D D R D D D D D D D D L L D D L D D D D D L D L L D L L D D L D L L L L D L D D D D D D L L L L L L L L L D D D D L L L U D R R R U U U U R R R R R R R R U U L L U U U U D D D D R R D D R U U U U U U R U R R R R U R U U R R U R R U R U U U U U 
3 60 5 200
165 706 41 905 722 
R U U R L D D D U U U L L L L R R R R D D R R R R R R D D D R D W W W W R L L L U U L L R R D D R R U L U U U L L L L L L L R R R R R R R R D D D D L D D R D D D D D L D D L L L L L L L L L D D L W W W W W W W W W W W W D D D D D D D D D D D R D R D R R D D R R D R R D R D D D R D D R R R U R U U U R U R R U R U U R R U U U U U U R U U R U U R R R R U R R U U D D L L D L L L L D D L D D L D D D D 
83 91 7 194
626 85 125 575 323 611 145 
U R U U R R U R D D R D U L U U L L U L L U D R R D R D L D D D D D R R R R R D R R R L L L U U U R L D D L L L L L W W L D D D D D D D D D D R R R R R U R R U D L L D L L L L L U U U U U U U U U L L L U D R R R U R U U U U U L U U L L L L L L R R R R R R D D D D D D D D D D R R L L U U U U L L L R R R D U U U R U U U U R U U R R R D W W D D L D D U U R U U U L L L D D L D D D D L L D 
34 57 4 140
428 151 406 196 
U U U U U U D D D D D D D D D L D L D D D D L D L R U R U R R R R R R R L L L L U U U U U U U U L R D D D D D D D D L D D U U L L U L L L L L U L U D R D R R R R R U U R U D D L D U U L U U L R D D R D R U U R U U U L U U U U U U U U U U U L L U D R R D R L D D D D D D D D D D R 
56 31 5 200
594 932 631 499 327 
U D R R D D R D U U U U U U R D D D D R R D D D L D L L L L R R D D D D D D D D D L L L D U R R R U U U U U U U U U R R U R R R R D R L D D L D D D D D D D R R R D D D R R U R U R R R U U D D L L L D L D L L U U U L L L U U U U U U U R U U U R R R R R R R R R R R U L L L W U R R R R R W W W W W W W W W W W W W W W W W W W W W W W U D L L L L L D R R R D L L L L L L L L L L L L L L U U U L L U U U 
17 91 3 84
208 736 393 
R R R R D D D R R R D R R R D D R R D D L L R R U U R R R R R R L L L L L L L L U L L L L L L U L R D R R R R R R U L L L U L L L U L L L L L L R R R R R R U U L L L L 
98 82 8 200
982 51 835 380 886 369 573 495 
L L U R U U D D L D L D D R D U R L L U U U U L R R R L L L L L L L L U L U L U D D D D L D D D U R R R W W W W W W W W W W W W W W W W W W W W W W W W W W W W W W W D D D L L D L L L L D D D U U U L L U L U U U L L D L L L L D L D D R L U U R U R R U U U U U U R U D D D R R R R L L L L U U L D D D D D D R R U R R D D D R D R R R R R R U R R U L L L L L L D L L L L L L L L L L D D U U R R R R R R 
97 41 9 200
654 624 577 306 461 903 842 302 439 
R R U U U U L U U L U U U U U L L U L L U U U U U U U U R R U D L L D D D D D D D D L L L L L L D D D R D R D D R D R L U L U U L L L R R U L U U U R R R U U U U U D R R L L D D D D R R R R R D R D D U U D U U U U U U U U U D D D D D D D D D D D D D D L L L U U U L L L D D D L D D D D L L L R R R U U U U R U U U R U U U D D D R R D D D D D D U U U R R R U U U U U U R D D D D D R D D R D D D D L L 
19 64 5 157
861 440 3 860 563 
D R L L L L L D U R U U U R U U U R U U U U U U U R U U D D D R L U L D D D D D L L D D D D L D D D D D R R R R L L L L U U U U U R U U U U R R D D R R D D R L U U L L L D D D L D D D R R R U U R R R W W W W W W W W W R R R R R R U R U R R L L D D D D D D L L L D L L R R U R R R U U U U U L D L L L L L L L L L D 
2 2 2 38
195 70 
L U U L U U D D D U R R R R R R R R L L L L L L L D L R D R R R R R L L L L 
69 99 7 200
536 516 659 739 229 833 466 
R R R R D R R R R L L U D R R R D U L L L L L U L L L L R R R R R D R R R R D R R R R R U R U R R R R R R R D R R R R D D D U U U L L L R R R D D D R D D D D U U U L L L L L L L L L U U U D D D R R R R R R R R R R R D U L L L L L L L L L U D R R R R R R R D D D D R R D L L R R U L L U U U U U L U U U L L L L U L L L L R R R R R R R R D D D R L U U U L L L L L L L L L L L D L D L L L L L U L L L L 
86 93 4 198
560 26 911 641 
D D D R R R U U R R R R R R D R D R R L D D D D U U U U L U U D L D L L L D R R D D L L L D L L U L U L L L L U U U D D D R D D D D D U U U U U R R R U D D L L D D L D D D D D D L L L U U U U U L R D D D D D R R R U U U U U U R U U R R R D R R U R R R U U R R R R R L L L L L L L U R R R U U L L L L L L U L U U U R R R R R R D U L L L L L L D D D R D D D D D D D R D R L U L U U U U L L L U U U 
38 90 7 200
481 866 675 955 321 352 66 
U U U U U L U L L L L L L L L L R R R D D D U U U U U U D D D R R R R D D D R D U L U U U R R D R R R L L D D D D D W W W W W W W W W W W W W W W W W W W W W W R D D D D D D W W W W W W D U U U U U L L L L L U R R R U U U U U U U R R R R R D D D D R D R D R R R D R R D U L L U L L L U U D R D R R R D R R R D R D R D R D D U U R L U U U U D D D D L U L U L U L L L U L L L U L L U L U U U U L L L L 
89 72 4 200
361 504 836 300 
L L D D D L D D D D D D D L D L D U R U R U U U U R R L L L L L L L L D D L D D D L D L D D L D D D D D D D D R D D R R R L L L U U L U U U U U U U L D D L L L L L U U U U U R U U U U L L L U L L R R R R R L U U U D D D L L D L L D D L L L R R R U U R R R R R D D D D L D D D D D R R R R R U U R U R U U R U R U U U R U U R R R R U U U U U U U L U U U L L L L L D L D D D L L L L L L L L L D D L L R 
41 9 7 148
403 962 93 539 2 660 284 
L L D L D U R U U U U U U U U U U U U U U U L L D D D D U U U U L R R U U U U U U D D D L L L U D R R R R R R U D L L L D D D R D D D D D D D U U U U U U U D D D D D D R R R R R R R R U R U U L L L L R R R R D D L D D D D D D L L L L R R R R U U U U U R R L L L L L L L L L L D D D D D D D D R R 
81 7 7 162
686 467 62 205 185 944 181 
R U D L L U L D D D D D D R D U R R U R U U U U U U U R U R L U U D D D R D R R R R R U U R R R U U U U D D D D D U L L L D D L L L L L U L L D D D D D D D L D L L L U U U U U U U L U U R R R R R R D R D R D R R R L L L U L U L U L L L L L L D D R D R D D D U U U U L L U U R R R U R R U R U D L D L L D L L L D D R R D D R 
9 7 4 192
450 531 574 473 
R R R R U U R U U U U U U U U L U L L L L L U U U U L L U U U U R R U U R R L L D L L R R U U U U U U R U U D D R R D D R R R L L L U U L L L D D D D D D D L L D D D D R R D D D D R R R R R D R D D D D D D D D L D D L L L L R U R R U U U U U U U U L L U U L U D R D D R R D R R R R R R R U R R U U R R U U R R R R U U D D L L L L D D L L D D L L D L L L L L L L D D D D D D D L L D L 
11 24 4 156
889 424 530 774 
U U R U U R U R U R U U R R R R D D R R R D R D D D D D D D U U U U U U U L U L L L L L R R R D D R D R R R D U U D L L L U L U U L U D D L D D D R L U U U U D R U U U L L L U U D D L D D L D L D L D D L D D R U R U U U U U R U U U U U U U U U U U U U U U U L R D D D D D D D D D D D D D D D D L D D D D D L D L 
81 28 8 156
917 264 360 502 117 106 671 566 
L U D R R R R R D U R R R L U L L L U D R R R D L L L L L L D D D L L L U U U U R L D D D D D D L L L L D U U U U L L L D D L L L D D D L L L R R R U U U R R R U U R R R D D D R R R R U U R R R U U U D D D L L L L D D L L L L L L D D D L D D D L R U U U R U U U R R U D R R R R D D D D U U U U U U R R R R U U U 
33 16 5 200
410 880 55 222 877 
L D D U U L L U L U U U L L L U U U U L U U U U U U L L U D R R D D D D D D R D R U U R U R L D L D D L D D D R R R D D D R D R R R D D D D L D L D D D D D D D D D R R D R R R R R R R R R R U R R R U U U U R U U R R U U D D L L D D L D D D D L L L D L L L L L L L L L L U L L U U U U U U U U U R U R U U U U R R U U R R R R U R R D R D R R R R R D R D D D U U U L U L L L L L U L U L L D L L L L D D 
64 95 1 26
883 
R R U R L D L L L L L D L L D D L R U U R R U R R R 
25 89 5 198
32 59 489 610 417 
D R R R D U L L L U L L R R D R R R R R D R R D R W W W W W W W W W W R R R D D L L L L D L L L L L L L U U D D R R R R R R R D R R R L L L U L L L L L L L L L L L L L D U R R R R R R R R U D R R R R R D R R R D R R R D R D D D D D D D D D D D D D U U U U U U U U U R R R R R R R R R D D D D U U U U L L L L L D D U U L L L L U U U U L U L L L U L L L U U R R R R U U L L L L U L L U L L L L L U 
20 93 5 188
283 935 715 884 341 
R D R D D U U R R R R R R R R D D R L U U L L L L L L L U U U U U U D D D D D D R R R R R R R R R R U U U D D D L L L L L L U U D D L D U L L L L L U L W W U U L L L U W W W W W W W W W W W W W W W W W W W W W W W W W W W W W W W W W W W W W W W W W W W W W W W W W W W W W W W W W W W W W W W W W W W W W W W W W W W W W W W W U U U L L L L L L R R R R R R D D D D R R R D D 
1 13 5 200
745 639 0 279 827 
R R U U D D D D D D D D D D U U U U U U U U R R L U U U U U U D D D D D D R R R R R R R R R L L L U U L L L U U U U U L U L U U U U U U U U L U U L L L L D U U U U U U U U U U U U U U R R D D D D R R R L L L U U U U L L D D D D D D D D D D D D D R R R R D D D D D D D D D D D L L D U R R U U U U U U U U U R D D D D D D D D R D R D D D D D R R R D L L U U U L R U R L D D D L L L L L L L L D D D R D 
1 5 6 200
808 349 163 524 112 945 
R U U L U U U U U L U U U U U R U U U U U U U R U R U U L L U U U U L R D D D D L D D D D D U U U U U R R R U U L U L R D R D D D D L D D D D D D R D R R D D R L U U L L U L U U U U U L D D D D D D D L D D D D D R D D L R U U L U U R L D D R D D D D D R D D R R R R R R L L L L L L L R U U U R U U U R R R R R R U R R U U U U L U U U L L L L L L L L L D D L R U U R R R R U U D D R R R R R D D D R D 
28 34 5 200
384 926 711 828 645 
L L L L L U U U U R U U D D R R R R D D D R R L L U U U L L L L U U L U D L D U L L R R R R D D L D D R R R R U U R U U U U D D D L L U L L L R R R R R R U R L D L L L D R R D L D D L L L L D D R R R R R R R U U U L L L L L L L L D D D D D D D D D D D R R R D R D R R U U U R U U U D D D L D D D L L U L U L L L U U U U U U U U U U U R R R R R R R R U U U U U U L L L L L D L L L U D R R R U R R R R 
55 87 8 200
23 371 614 191 72 58 580 699 
U R L D D D D U U L L L L L L L L U L U U L U U U U L L L L L L R R R R D D U U R R D D D D R D D R D R R R R R R R R U R R R L L L D D D D D L D U R U U U U U R R R R R R R R R R R R R R R R R R R R R U R R R D R R L L U L L L D L L L L L L L L L L D D D D D D L D D D D D L D D D L R U U U R U D D L D D D D D D L R U U U U U U U U U U U U U U L L L L L L U L U U L R D D R D R R R R R R D D D D D 
58 55 7 200
79 678 18 656 123 974 628 
R U L U L U L L L L L U L L U L L L L D L L L L D R R R D R R D D D R R R R D U U U U U D D D D L L L L U U U L L U L L L U R R R R U R R R R D R R D R R R R R D R D R R R R D D D R R R D R R D D D R R R R D D R D D D U U U L U U L L L L U U U L L U L L U U U U U U U D D D D D D R D D D R R R R R U R U U R U U U U U U D D D D D D L D D L D L L L L L L L L L L L R R R R R R U U U L D L U U U L L L 
79 26 4 146
669 454 653 584 
R D R D R L U L U U U U R U L L L L U L U U U U R L U U U U L L L L L L U D L R U U U U U U U U U U U U U D D D D R L D D D D D D D D D R R R R R D U R D D D R L D D D D D R D D D D D D D R R L L U U U U U U R R R R D L D D D L U U L U L L L L L L L L L L L U D R R R R R R R R R R R D R D D 
8 62 3 200
303 457 953 
L D D D L D L L D U R R U R U U U R R R R R U U R L D D D D D D D D D U U U U U U U U R D D R U U U U U W W W W W W W W W W W W R U R U U U U R R R R U U U U U U L U U U U U U U R U U L L L D D D L L L D D D D L D L D D D D L L L L L D D L D L L L L D L D D L D D D D U U U U R U U R U R R R R U R U U R R R R R U U U U R U R U U U U R R D D L L L D D U U R R R U U R U U U R R R D D L D D D D D D D 
4 80 5 179
434 227 797 939 961 
U U U U R L D D D D D D D R U U R R U R U R R R U U U R U U U U U U U U R R R R R U R R U R R U U R R R R U U D D R R D R D R D U L U L U L L L L L L D D L L D L L D L L L L D D D D U U U U R R D D R R R R R U R W W W W W W W W W W W W W W W W W W W W W W W W W W W W W W W W W U D L D L L L L L U U L L L D D D D D D D D L D D D L L L D L D L L D D L U U U 
88 43 8 200
613 379 252 907 643 862 115 668 
U U U U U L L L U U D D D D D D D D D L R D D D D D D D D R D U R R R R U L L U U U U U W W W W W W W W U U R U U R U R L U U U L U U R R R R R U U R L L L L L L L U U U U U U U U R L D D D D D D D D R R R R R R D D L L L L L D D R D D D D L D D L D D D L L R R D D D D R R D L L L L L U U U U U U U U U U U U U U U R U U U D R R R R R R R R R U U U U U U U L L L U U D D R R R D D D D D D D L L L L 
27 8 5 200
924 720 674 108 951 
L D D L L D L L L D L L L D D L L L D R R R R R R R R R R R R R R R D R R R R R R R R R R R R R R R R R R R R R R R R U U R U U U U U U U U U U U R U U D D D R R R R R R R R L L L L L D D D D D U U U U U L L L U L U U U U L U D R D D D D D D D D D R L D D D D D D L D D L L L L L L L R U U R U U R R U R R U U R U D L D D L L D L L D D L D D L L L L L L L L L L L L L L L L L L U L L L L L L L L L L 
53 28 4 200
114 618 865 336 
L L D L L U L L L L L L R R D D D D D D D U U R R R R R R R R R R R R D D D D D R W W W W W W W W W R L L U U U U U L L L L L L L L L L L L U U U U U R R R R D R R U R R L L D L L L U L L D L D D D D D D D L W W W W W W W W W W W W W W W W W W W W W W W W W W W W W W W W W W W W W W W W W W W W W W W W W W W W W W W W W W W W W W W W D L L U U U U U L U U U U L L U U U R U U R R U R R U D L L D L 
10 20 7 190
664 770 364 367 789 487 996 
R R D R R D R D R D R R D R D D D D D D R L U U U U L R D D D D L L D L R U R R U U U U U U L U U U U U U U U D D D D D D R R R R R R R U U U U U U U R U U U U U U R R R R R R R R U R U U U R U D L D D D L D L L L L L L L L L L L L U U D D R R R R D D D D D D L D D D D D D D L L L L L L L D L L U L U L U L L U L L U U L L U L L U U U U L L L L L R R R R R D D D D R R D R R D D 
37 46 5 186
550 698 790 314 83 
D D D D L L L D D D D L L L U L L U U L L R R D D R R D R R D D D D D D D L L L L L L R R R R R U L L L L L L L L L U L L D D D D R R R R D D D D L L L L L L L L R R R R D D D R D D D U U U L U U U R R R U D R U U U U L L L L U U U U R R D R R R R D D D D D D D R D U L U U U U U U U U U L U U R R R L L L D D R D D R R R R R D R U U U U U U U R U U U U U D R R R U U U U 
94 14 8 114
265 802 796 105 990 640 77 958 
L R D D D D D D D D R D L L L D L D D D L L R R U U U R U R R L L L D D L L L L L R R R R U U U U U D D D D D R U U R R R R U R R R L L L L L D L R U U U U U U U U L U L L R R D R D D D D D D D L L L L R R R R R U U U U U U U U 
3 93 4 200
592 138 320 853 
L R U U R U U D D L D D D D D D D D R D U L U U L L L R R R U U U R R R R R L L L D D D D D D D D D L D D W L D D D D D R R R R R R U R U U U R R U U U R U U U R R U R U R R R R R R U R R U R R R R R R R R R R R U U U U U L U L L L L L U U L L L L L L L U L L L L L L L L D U R R R R R R R R D R R R R D D D D D L L L L L D L L U L L L U D R R R D R R U R R R R R U U U U U R R R D D R R R R R D R D 
17 58 6 124
82 443 712 688 676 335 
R R R R U U R U U R R U R U U R L L L L L L L L L R R R R R R R R R R R U U R L L U U U U L L L L U D L L L L D D D L R U U U R R R R R R R R U D D D D D R D D L L L D D L D L L L R R U U U R R U U R U U D D L D D L L D D D L D L R D L D D L L L L 
99 39 6 200
33 46 716 510 513 501 
L U L L U L L L D L L L D D D L L L R R R U U U R R U U U D D D R U R R R D R L L L L L L L L L L L R R R R R R U U U U U U U U L L R D D D D D D D D D D D D D D D D R R R D R R D R R D D D D D D D D D D D D D L L D L L D L D D D D L D L L D D D D D L L D L L D D L L U U U U U L U U U L L L L R R R R D D D D L D U R U R D D D D D R R R L U U R R U R R U R R R R R L L L L L L L L L L L D L R U R R 
61 59 5 200
748 206 429 38 25 
R R U D L L L L D U U U U U U U U D L L L L L L U U U U U U U U U U U U U L L L L L L L L L L U L L L L U L L L L R R R R D U L L L L L D D L D D D R D D U U L U U U R U U R R R R R D R D D L D D D D D D D L R U U U U U U U R R R U D L L U U R R R R R U U L R R R L L D D L L D R R R R R R R R D D D D D D D L R U U U U U U U R R D D D D D D D U U U U U U D D D D D D D D D D D R R R R R R R U D L L 
94 22 4 170
415 438 356 169 
U L D W W W W D L L D D D R R R R D R R D D D D D R D D R L U U U U U U U U U U U U U U U U U L L L L L L L L L U D R R R R R R R R R D D D D D D D D D D D D D D D L U U L R R D D D L D D U U R U U U L U U U L L U U U R R U D L L D D L R R U R U L U U U L U L L L L L L L U L R D R R R R R R R D R D D D R D L D L L L L L U U U R R U U R D 
39 44 6 200
888 837 520 492 729 353 
U R R U R U U U R U U U R L L L L U U L U U U L U U U R R R L U U D D L L D D D D L D D D R L D U U U U R U R R R R R R U R R W W W U D L L D L L L L L D D D U U D D R D D R R R D D D R R R R R R R D D R L U U L L L L L L L L D D D L D L R R D R R D R D D R R W W W W W W W W W W W W D D D D D D U U U L L L L L D L D L D L L D D L D D D D D D D D U U U U U U U U R U U R R U R U R U R R R R R U U U 
63 75 5 200
733 491 700 15 768 
L L U D R D D D D D D L R D W W W W W W W W W W W W W W W W W W W W W W W W W W W W W W W W W W W W W W W W W W W W W W W W W W W W W W W W W W W W W W D D R R R R U U R R R U U U R R D D R D D R D D D D D D D D D D L L D U R R U U U U U U U U U U R R R R R R R R U R R U U U L U L U L U U L U L U U L L L L R R R R D D R D D D D D D D D U U U U U U U R D D R D R D R D D D L L D L L L L L L L L L U 
22 63 6 146
267 942 5 150 930 749 
L U L D D D L L L D L L D D D L D L D D L D D L R D D D R D D D L D L L L L L L L L U U U U U U U L R U U U U D D D D D D D D D D D L L L R R R U U U U U U U L U D R D D D D D D R R L L D R R R R R R R R U R U U U L U U U U U R U U R U R U U R D U L U R R R R R R L L L L U R R R U U U R D R 
45 73 4 200
462 141 275 896 
R D D R D R R D U L L U L U L L L L D D D D D D D D D D D D L D D L L W W W W L L D U R R R R U U R U U R R R R R R R U R U U R U U U U R U U U U U U U U D D D D D D D D L D D D D L D D L D L D D D D D D D U U U U U U U R U R R R R R R R D D D D D L D D D D D R D D R D D R D D D D D L L D L L L D L L D D D L D D D U U U U U L L U L L U U L U L L U D R R D R D D R R D R R D D R U U U R R U R R R U 
32 40 6 200
242 128 256 144 479 444 
U U U U U U U U R R U D L L D D D L L L L L L L L D D L L L L D D L D L D D D D D L D D L L R R U U L U U U U U L W W W W W W U U U U U D D D D D R D D D D D L D D L D D L L L U L L U U L L R R D D R R D R R R U U R U U U U U U U U U U U U U U U U L L L U U U U U D D D D R R R R R R R R L L L L L L L L U U D D D R R R D D D D D D D D D D D D D D R R R U U U U U R U R U U R R R R U U R R R R R R R 
60 84 4 136
441 404 189 299 
D D D D D D D L D L R U R U U R R R U R U U U R R R U R L L L L U L U L L L L D D L R D D D D D D D R R R R R R R R R R R D D D D D R R D D R R D R R L L U L L U U L L U U U U U L L L L L L L L L L L U U U U U U U U U R R R R D R D R R R D L L L D D D L D L L L U U U U U 
52 32 3 170
78 413 703 
U U R U R R R R R R R R R D D R R D D R R R R R R D R R R R R R D R D D D U U U L U L L L L L L U L L L L L L U U R D D R R R U U U U U U U U U U U D D D L L R R U R U U R R R R U R L D L L L L D D L D D D D D D D D D L L D D D R R R R L L L L U U U L U U U U R L D L L U U L L L L L R R R R R D D R R D L L L U U L L L L L L L L L D L D D 
47 46 8 200
526 198 474 874 785 309 68 153 
U D R D R R R R R D R R U R U R D R D D D U U U U U U U L U L U D R D R D D D D L D D L D D L L L L L L L R R R R R R R U U R U U U L L U U U U U R R L L L L L L U U L L L L L L L U L L D U R R D R R R R R R R D D D D L L W W W W W W W W W W W W W W W W W W W W W W W W W W W W W W W W W W W W W W W W W W W W W W W W W W W W W W U D L L L L L L L L L D U U U U U U U U U U R R R R R R D D U U L L L 
60 27 8 200
868 850 845 658 544 950 758 609 
R R R L L L L D D D D R D D R L U U L U U U U L U L L D D U L L L L D L L L R R R U R R R R U U U L L L L L U U U U U U R R R R R U U U L L U U D D R R D D R R R R R L L L L L L L U U L U L R R R U R R R U R U U U U U R U R U D D D D U U U R R R R R R R U R R R U U U R R R R R R R R D D D R D D D D D D L L L L L D L L L L L R R R R R U R R R R R U U U U U U L U U U L L L L L L L L D D D L L L D L 
67 5 7 200
529 456 170 992 162 726 657 
R R D U L L L L L L L D L R U R U U U U R R R L U U U U L L U U U U R L D D D D R R D D D D L L D D L L L D L L L L U D R R R R U R R R U R U R U U U U U U D D D D D U U U R R R R R U W W W W W W W W U L R D D L L L L L D D D L L L L L L L L L L L L D U R R R R R R R R R R R R D L D L D D D L L U L U U L U L L L L L L L D D L L L D L D U R U R R R U U R R R D D D D D D D L D D L R U U R U U U U U 
97 22 2 200
830 985 
L L D L L L R R R D R D R L U L U U R R U U L U W W W W W W W W W W W W W W W W W W W W W W W W W W W L L L U L L L L L L L L U L U U U U U L U U U U U U U U U U U R U U U U U U U U U U R U U U R U U R U U U U R R U U U U U U U R U U U U U U U U R R R U U U R R R R R L L L L L D L L D L R U R R D D D D D D D U U U U U L L L D D D D D U U R R R R R R R D R D D D R L U U U L U L L L L L L L D D D D 
47 74 3 190
176 288 738 
R R R R R R L L L L L L L L L U D R R R D D D D D D L R U U U U U U L L L L L L D D D D D D D D D D D D D D L L L L R D D L D L L D D W W W W W W W W W W W W W W W W W W W W W W W W W W W W W W W W W W W W W W D U U U R R U R R R R R R R D U L L L L L L U U L L L R R R R R R U U U U U U U U U U U U U U R R R R R R D D D L D L L D L D D D D R D R L U L U U U U R U R R U R U U U 
3 51 3 124
570 50 470 
L L U L U U U D D R R R L L U U U U U U U U U R R R R R U R R R R R U U U R L D D D L L L L L D L L L L R R R R U R R R R U U R U U R R R U U U R U U R U R R R L L L D L D D L D D D L L L D D L D D L L L L D L L L L L D D D D D D D D D L D R D R R 
7 83 6 200
559 528 576 350 838 260 
U U U R R R R L L U U U U U U U U U U D D L L L L L L L D D L R U U R R R U U U U U D D R R L D U L D D D R R R R D D D D D U U L U L L U L U U U U L L L L R R R R D D D R R R R U R U U R U R R D R R R R R R R R R R D R R D R R R D D L L D L D L L D U U L L L L U U L R D D R R R R D R R U R U R R U U L L L U L L U L L L L L L L L L L U L L D L D D L D L L L L L R D R D R R D D U R R R R R R U U U 
67 63 6 200
224 542 708 219 225 697 
R R R R R R R R R R R L L L L L L U U U L L U U U U D D D D R R D D D L D D D L D U R U U U L L L L U L L L L L R R R R R D D D D D D D D D U U U L L L L L L L L L L D D D D D U U U U U R R R R R R D D U U R R R R U U U U U R R R D W W W W W W W W W W W W W W W W R R D D D D D D R W W D U L U U U U U U L L U L L L R D D D D D D D D R R R R R R R R R R R D D R D D L L L L L L L L U L L L D L R U R 
35 75 6 181
731 401 496 875 47 76 
U U U U R U D R R D R R U R R L L D L L D D D D D D D U U U U D L L L D D L L L L U U U U L U U R R U R U U W W W W W W W W W W W W W W W U R R U R R R R R R D D D R R R L L L U U U L L L L L L D L L D D D L D L L D D D D L D L L D U R R U R U U R D D D D R R D D D U U U U U U U U U U U L L U L R D R R D D D D R L D D D D R R U U R R R U U U U U L L L D D D D 
40 7 3 200
744 809 214 
R R R R U R R U R R R L D D D D L D L D D L R U U R U R U U U U U U R U U U U R R R U U R U U R R R D D R R R R U U U U L U U U U L U L L L U U U L L L L L L L L L L L L L L L L U L L D L D D U U R U R R D R R R R R R R R R R R R R R R D D L L D L L L L L L R R R R R R U R R U U L L L L L L L L L L D D D D D D D D L L D D R R D R L U L L U U R U U U U U U U D D D D D D D R U U U U U U U U R R R R 
60 95 4 192
104 137 956 282 
L L L L L L L L D L L L L D D D D U U U U R R R R U R R R R R R R R D L L D D L L L L L U L U U L L L L U L U U W W W W W W W W W W W W W W W W W W W W U L L L L D L L R R R R R D D D U U U L L L U R R R R D D D R D R R R R D D R D R R R R R U U R R U L L L D L D L L L L L R R R R R U R U R U U U U R R W W W W D R R U R R L L D L L U L L D D D D D D D W W W W W W D D U U U U U R R 
92 12 6 200
811 849 347 355 172 116 
U U L R U U D L L R R R R U R L D L L D D D L L L D L D L L U U U L U U R U U U U U U U U U U L D L D D D D D D L L D D D L R U U U R R U U U U R L D D D D D D D D D D L D U L L U U U L R D D D R R R U U U U U U U U U U U U R U R D D D D D D D D D D L L L L L L D D L D L L D D D D D D D D D D R R R R R D R R R R R R R R R R R R R U R U U U U U U U U U U U U L R D D D D D D D D D D D D L D L L L L 
4 41 5 178
543 899 399 497 965 
R R R R R D R R R D D D D D D D D D L R U U U U U L L L L L L L R R R R R R R D D D D R U U U U U U U U U U U U R U U U U U U U R R R R D D R U U U U U R U U D D L D D D D D L U U L L L L D D D D D D D L L R R U U U U U U L R D D D D D D L D D L L L L L L L L L L D D D D U U U U R R R R R R R R R R D D D D D D D D D D L U U U U U U U U L L L U L L L L L 
62 25 6 200
798 427 630 832 154 620 
U R R U U D D L D D D D D D D L L D R R R R D U R R R R R R L L L L D D D D D D D D L R U U U U R R U R U R R L L D L D L L U U U U L L L L L L R D R D R R R D W W W W W W W W W W W W W W W W W W W W W W W W W R L U L L L U L U L U R R U U R R R D R R R R R R R R D R D R R R U U U U U U R R R R U U U U U U L L L L L L L L R R R R R U U U U U U R L D D D D D D R R R D D D D D D L L L L D D D D D D 
36 63 4 200
670 859 604 458 
R U U R U D D D D D R W W W W W W W W W W W W W W W W W W W W W W W W W D U R U U U U U U U U U U U U U U U R R R R R R U R R R R D D R D D D D L D D D L D D L L L L U L R D R D D D L L R R U U U R R R U U R U U U R U U U U L U U L L L L D L L L L L L D D D D D D D D D D D D D D D D D D D D D D D D R R R R R R R D D R R R U D L L L U U L L L L L L L U U U U U U U R R R R R R R R U D L L L L L L L 
92 35 5 160
193 646 319 42 209 
D D D D D D L D R R R R R R R L L L L L R U U U U U U U U L R D D D D D D D D L L L U R U D D L L R R U U U U U U R R R R R R R U L L L U U L U L R D R D D R R R D D D D D D D D D D D D D D D D D D D D D D D L D D D D D D L D D R R D U L L U U R U U U U U U R U U U U U U U U U U U U U U U U U U U U U U L L L L L L L U 
67 98 6 200
960 812 773 873 14 387 
R R R R D R R R R R R D D D R R L L L L L L U L R D R R R R R R R D R D R D D L L L D D L L L U U U U L L L L R R R R D R R R U D L L U D L L L L R R R D D D R R R U U R R R U U L U L U U R R U R R R R D D R D R R L L U L U U L L L L D L D D D U U U L D L L L U U L L L L R R R R D D R R D D D L L L U D R R R D D D D R D D R R D R R D L L L L L L L D L D D L L L D L L D L L D D L R U U R R U R R U 
0 72 6 152
964 52 478 567 171 362 
D R D U U U U R R R U R R U R D D R R R D D R R L L U U L L L U U L D L L L L U L U U U U U U L U D R D R R L L D D D D D R D U U U U U U U U U U R R U U U U L U U L U U L L U U U U U R R R R R R D D R D U L U U L L L L L L D D D D D R R D D R D D R D D D D L L D D D D D D D D D D R R D L L L D D D L U 
3 61 6 127
475 96 465 113 952 30 
L D D D L D U R R W R R U D D D D D R D D U U D D D D D R D R D R R R L L L L R U R U U R U U U L U L U U U L L U U R R R D D D D R L U U U U L L L D D R D U R R R U D L L D D D R D R D D D L D D L L U L U U U U U L U U U U L L L U U U U L U U D D R D R 
87 12 4 132
591 416 780 29 
U U U U U U L R R R U R U U U U R R U R R U R L D L L D L L D D D D L D L R U U U R U U U R U R R R R L L L L D L D D D L D D D L L D D D U U U U R U R R U U U R R U R R R D D D L D D L R U U R U U U L L L D L L D D D L L D L D D D D R R R R R D U L L L L L D D D 
43 20 2 80
226 37 
R R R U U R R R R U U R L D D L L D D D D D D D D D L L D D L D U U U U L U U L U L L U U U D D D R R D R D D R D D D R U U R R U U U U U U U U U L L D D L L L 
58 73 6 200
806 775 936 247 705 920 
U L R R L U L U U R U L L L L L L L L L L L L L D L R U R R R R R R R R R U U U D D D R R R R D L D L L U L U U L U U U U U L L L L L U U U L L L U L U L L U L U U U U U U L L L L D D D D D D D L L L L L R R R R R U U U U U U U R R R R D D D D D D R D R R D R D R R R D D D R R R R R R R R D U L L L L L L L L L R U D R R R R R D D D D D R D R R R L L L U U L L L L U L U L L L L L L U L U L U U U U 
2 69 4 142
772 777 779 891 
R R R U R R R R R R R U R U R U U U R R U D L L L L L L L L R R R R R R R R R R R R R R R R U U R U U D D L D D L L L L L L L L L L D D D L D L L L L L L L L U D R R R R R R R R U U U U U R R R U R U U U U U R U U U R L D D D L D D D D D L D L L L D D D D D L D L L L L L L L D L L L 
79 14 5 187
637 318 86 881 661 
L D L L D D D L D L L D L D D D D L L D L L D L D D L L U U U U L R D D D D R R R R R R R L L L L L U U R U R U U U D D D L D L L L L L L L L L L U U U U U U L R D D D D D D R R R D D R L U U U W W W W W W W W W W W W W W W W W W W W W W W W W W W W W W W W W W W W W W W W W W W W W W W W W L L L R R R D R R D D U U R R R R R U R R U R R U U U U R U R R U R U U U R R U R 
33 4 4 200
107 421 278 231 
D L D D D U L L L L R R R R R R R R R R R R R R U U U U R R R U R R R U R L D L L L D L L D D D U U U L D D D D L L L L L L L L L L U U U U U U U U U R R R R D D D D D D U U U U U U L U U D D L L L D D D D D D D R U L U U U U U U R R R R D D R D R R D R R R R R R R R U R U R U U R U R R R R U R R R R R R R R R U U D D L L L L L L L L L D L L L L D L D D L D L D L L L L L L L L U L L U L U U L L L 
39 47 4 200
813 453 776 841 
D L D D D D D D D D D D D D L D D D D D D D D L L D L D L L L L R R R R U R U R R U U U U U U U U U U U U L R D D D D R U U U U U U U U U U U U U L L L L D U R R R U U U L L L L L L L L L L L L L U U L U L U U U U U U R L D D L L L L L L U D R R R R R R D D D D R D R R R D R R R R R R R R U R U U U U U U U U U U U U U U U U U U U L L L U U L L L L L L D L D L D D D D D U U U U U R U R U R R R R R 
26 47 3 200
976 847 270 
L L L U L D D L D D L L R D D D U U U U L U U U U U L D D L D D D D L R U U U U R U U R R R L L D D D D L L D D D D D L L L R R R U U U U U R R D R D R U R R L L U U U U L R D D D R U U R D R R R L D L L L L U U U U U L U L U L L U L L L U U U U R R U L U U U U U R L D D D D R R R R R R R R R U U U R U U U U R U U U L R D D D L D D D D L D D D L L L L L L L L L D R D L L D D D D R R R D R R D R D 
33 9 3 126
405 600 167 
D D D D R D D D R R R R R R R R R L L U L L U U U L L U U U U D D R R R R R U U U L U D R D D D L L L L L D D R R D D R R R R R D R R R D U R U R R U U R U U U U U U U D D D D D D D L D D L L D L L L L U L L L L L D R R D L L L L L L L U U U L U U U U 
79 44 5 170
385 293 710 928 878 
R R U R U U R U U U U U R R L D D D U U U L D D L R D D D L D D L D L L L D L D U R U R W W W W W W W W W W W W W W W W W W W W U U U L L U L U U U L L D W W D D D D D D W W W W W W D D D D D D D D D D D D R D D D U U U L U U U U U U U U U U U L L L L L L L L L R D D D D D U U U U U R R R R R R R R U U U U U U U U R R D D D R D R R D D D 
12 3 5 200
91 386 164 534 103 
R U U R R R R R R R U R R L L D U U D D L L L L L L L D L L L L L L L L U U U U L U L R D R D D D D R R R R R R R R D L U R R R R R U R R R U R U R U R R R U R U R R U U U U U R R U R U U U U U U U U U U U U U R U R R U R U U U R U U R U R R R U R R R U U R R R R D D D D D U U U U U L L L L D D L L L D L D U L U U U U U U U D D D D D D D L D L D D L D D D L D L L D L D D D D D D D D D D D D D L D 
82 64 8 164
184 597 795 680 665 80 57 807 
L D L D D D L D L D D L R D R R D U L R R U U U U U R R R R R L L L L L D D D D D U U U R U R U R U R U L L R R D L D L D L D L D D D L L L D L L D L L D L D D D D D L R U U U U U L U L L L L L L U U L U D R D D R R R R R R D R R U R R U R R U U U U R U D D D D D D L L L L L W W W W W W U D R R R R R U U U U U U R U U U R U R 
54 67 4 162
788 981 931 547 
R L D D D L R U U U R R U U U R R R R R U U U U U U R R R R R R R R D D D U U R R R R R L L L L L L D D L D D D L L D L D D L L L L L L D L R U R R R R R U U U U U U U D D D D D D D R U U R U R R U U U R U U R U U U U U U D D D D D L D D D L D D U U R U U U L L L L L L L U U U L U D R D D D D D D D D D L L L L L D D D L L 
78 92 3 200
304 946 863 
U L L L L L L L L D L D L L L L D L L L L L L L L L L L L L R R D L L L L L L L U U U L U U U U U U L U R R R R R R R R R R L L L L D D D U U U L L L L L L D R D D D D D D R D D D R R R D D D D U U U U R R R R U R R R R R R R L L L L L L L D D U U R R R R R R R R R R R U R U U U U U U L L U L L L L L D D U U R R R R R D R R D D D D D D L D L L L L L L D L R U R R R R R R U R R R R U R U R R R R R 
29 16 4 200
190 420 696 332 
L L L L D D D L L D L D U L L R D D D D L L D L L L D L L L L L L L L U U R R R R L L L L D D R R R R R R R R R R R R D U L L L L L L L L L L L L U L U U L U U L L L D L D D R D D D R D D R R R R D R R R R R R D D U U L L L L L L U L L L L U U L U U U L U U R U R R R R U R R R L L L D L D D R D D R D R R R R R R R R R R R L L L L L L L L L L L L L L U U L U D R D D R R R R R R D D D D R R U D L L 
32 17 5 164
469 146 791 972 636 
U R R U U U D D D D D D L D L L R R U R U U U R R R R U U U U D L L L L L D L L L R R R U R R U U U U U U U U U R U R R R R R R L U U U U U U U U U R U U U U U D D D D D L D D D D D D D D D L L L R U U U D D D L L L D L D D D D D D D D D R R R R R U U U U U D D D D D L L D D D L L L L L L D D D L D L L D D D U U U R R U R U U 
67 32 7 168
129 983 426 693 540 400 419 
U U U U L L U L L U L U U U U U U U L L U L U L R U U U U U U U L L L L L L L R R R R R R D D U U R D D D D R R D R D D R D D D D D R D D U U U U R R R R U D L L L L D D L U U U U U L U U L U L L D D D D R D R R D D D D D D D R D D U L L L L U L L L U U D D R R R D R R R R R R R R U R R D D D D D D U U U U U U L L D L L D R R D D D D 
24 56 4 200
848 803 650 820 
U R U R R R R R R R R U U U U U U U U U R U U R R U D R R R D D D D D D U U U U U U L L L L L L U D L L D D D D D D L R U U U U U U R R U U D D R D D D D D D D D R L U U U U U U L D D L L D U R R D D D D D D D L L L L L L L L D L D U R R U R R U R R U U U U U U U U L L L D L W W W W W W W W W W W W W W W W W W W W W W W W W W W W L D L L U U U U U U U U U R R R R R R R R R R R R R R R R R U U R L 
68 15 7 200
823 130 152 562 973 290 603 
D U U R U R R R U U U U U U U U U U L U U D D R D D R R L U U U U L R D D D D D D D D D D R L D D D D L R U U U U U U R R R R R R U R U U R R U U D D L L D D L D L L L L L L U U U U L D D D D D D D D L L L D R R R D R D R L U L U L L L L L L L L L U L L U U U U D D D D R R R R R R R R R L L L R R D D D D L L D U L L L L L U U U U U U U L R D D D D D D D R R R R R R R U U U U L L L L L L D R R R R 
52 79 5 178
268 897 81 216 200 
U U U U L L L L L U U L L U L L L L L L L L L L L U L U L U D R D R D R R R R R R R D U L L L U L U U U D D L L L L L L R R R R R R D R D R R R R U L U U L U L R D R D D R D R R R D R R D D R R R R R D D D D L L W W W W W W W W W W W W W W W W W W W W W W W W W W W W W W W W W W W W W W W W D L L U L L U D L L L D D D L L R R U U U R R R R R D R R U R R 
96 81 5 200
599 480 734 197 484 
D D D D U U U U R R R U U U U U U U U U U U U U L L L L L L L U U U L L U L U D D D D D R R L U D L U U U U R D R R D D D R R R R R U U U U D D D D D D D D L D D U U R U U U U R R U D D D D D D D D D L L L L R R R R U U W W W W W W W W W W W W W W W W W W W W W W W U U U U U L R D D D D D D D D D D D D L L L L L L U U D D R R R R R R U U L L L U U L L L R R R D D R R R D D D D D D D D U U U U U U 
92 73 5 194
177 864 682 589 963 
R R R R R R R L L L L U D D D D R L U U U L L L U D L L L L L L D D D L D D U U R U U U R R R R R R D D D D D D D D D D D D D D D D R R D R R U U U D D D L L U L L U U U U U L D D D D D D R R D R D D D R D D D D L L D D U U U L L L D D D L D U R U U U R R R D R R U U U U U U U U U U U U U R L D D D D D D D D D L D L L U U L R D D R R U U U U L U L L U U U U U U R U U U U U U U U U U U 
33 11 2 146
765 365 
L D D D D L L D L L D D D D D U U L L R R U U U U U U L L L D D L R U U R R R D D D R R U R R U U U U R R U U R R R R D D D D D R R R R U U L U L R D R D D L L L L D L D D D D L L R R U U U U R U R R R R U U U U U U U R U R R R D D U U L L L D L D D D D D D D L L L L U U U U U L L L L D D L 
1 43 3 161
257 572 402 
D D D D D D D R D R D D R R R R R R R U U R L D D L L L D U L L U U U U R U R R R R U D L L L D D D D D D D D D U U U U U U U U U L U L L L W W W W W W W W W W W W W W W W W W W W W W W W W W W W W W W W W U U U R R R L L L D D D R R R D D L D D D D L L U U L U L U U U U U D D D D R R L U U U U U D D D D D L U U U U U U 
