100
65 67 5 198
748 700 755 768 561 
D D D D D D D L L D D L L L L U U U U U U U D D D D D D D R R R R U R R R R R R R R R R L L D D D R R R R R D R R U U U U U R U U U U U U U R U R R R U L L L U U U U L U L U U L L U U L L R R D D R R D D R D D D D D D U U L L L L L L L L R R R R R R R R U U U R D D D D R R R D L L D U L D L D D D D D D D L D D D D D L L U L L L U U U U U D D D D D L L U U U L L L L L L L L U R R U U U U U U U 
68 15 5 200
823 637 318 742 22 
D R R D D D D D D D D D D R L D D L D L L D L L U U U U L R D D D D R L U U U U U U U U U L L U L L L L L L L D D D D L D D U U R U U U U R R R R R R U U D D R D R R D D D D D D D D D R R U R R U R U U U U U U U U L L L L L L L L R R R R R R D D D D D D D D D U U U L L L L L L L L L L L U L U D R D R R R R R R R R R R R U U U U U U R R D L L L D L D D D D D D L D D R R R R L L L L U U R U U U U U 
93 20 4 126
415 445 117 933 
U U U U U U R U D L D D D D D D L L L L L U U U L L U L L D D D D L D L L U U U U U U U L U L U U D D L D D D D L L L D L R U U D R R U U D D D D D D D D D D D U U U U U U U U U R U U U U R R D R D D D D D D D R R U R U U U U R R D R R D D D R R R R R 
48 67 4 200
462 247 662 132 
U L U U U U U L U L L L U U U R U U R U R R R R R R U R R R D D D R R R D D U U L L L L L L L R R R R U U U L L L D L L L L L L D L D D L D D D R D D D D D D D R D U L U U U U U U U R R D R D D D D D R D R U U U U U R R U R W W W W W W W W W W W W W W W W W W W U R R R D D D R R R D R D D D D D R R R R D D D D L L L L L L L L U U L U L L L U L R D R R R D R D D D D L L R R U U R R R R R R R R U U 
84 75 4 200
815 412 985 783 
L L U L L L U U L U L U L L U L U L L L L U L L U U L U L L R R D R D D R R R R R R R R R R L L L L L L U U U U L U U U L L L U U U L R R R R R D D D R D R R R R R D R R D R R R R R R R D D D R R R R R R R R R R R D R D D D L D D D D D L L L L L L D L L U U U U D D D D R R R D D U U L L L D D U U R R R R R D R D D R R D R L U L L U U L U L L L U U L U U U L R D D D R D R R D U R R R R U U U U U R 
33 45 5 200
242 776 425 847 259 
D D D D L R U U U U U U U R U D D D U U R R U U R L L L L L L L L L L U U U R R R R U U U U R R L L L L L L L L L U U U D D D R R R R R R R D D D D L L L L D D D L L L L L L L L L L L D L L L L L D L D D D R L U U U R U R R R R R U R R R R R L L L L L D D R D D D D D D D L L L R R R U U U U R R R R R R L L L L U U U U R L D D D D L L U U U L U U R R R R R R R R R R R R R D U U U U D D D R R R R R 
0 8 7 190
195 70 674 164 696 112 627 
D D D D D D R L U U U U D D D U R R R R R R R R L L L L L L L L D R R R R R R D R R R R R R R R R D U U U U R L L R R R R R R L L L L L D D D L L L L L L L R R R R R R D D U U L L L L U U U U U U U U U U D D L L L L L U L L U U U L L R R D D D R R D R R R D D D D D U U U L L L L L L U U U U L L U D R R D D D D R R R R R R U U R R D D D D D D D D L L L L U L L L L L L U U U U U 
69 99 9 200
536 516 228 372 659 125 229 734 739 
R D R R R R R R R L L U D L L L L L U D D D D D R R R R L L L U U R R R R R R R R L U R R R R R U R R U R R R W W W W W W R R D D R R D D D D R R D D R R D D D D D D L L L U U U L R D D D R R R U U U U U U L L U U L L U U U U U D R D R D R R D D D D U U U L L L L L L L U U U U L L D U R R D D D R L D R R R R R R R U U U R U D D D D R D D D D L L D D U U R R U U U U L U U U L D D L L U L U L L L U 
41 9 7 200
403 962 93 539 469 301 660 
L L D D L R U U U U U U U U U U U L U L U U L U U R U U R U U U U D D L L L R R R D R R L L D L D D L D D L L D D D D D D D D L L L U U U U U U U R R U U R R R R R L L L L L D D L L D D D D D D D R R R U U U U U U U U R R R D D R D R D D R R R R R R R R R R R R R R R R R D U L L L L L L L L L L L L L L L L L U U U R L D D D R R R R R R R R D R R L L U L L L L L L L L R R U U U U U L U L U D R D R 
57 48 4 176
426 45 761 309 
R D R L U L U U U U L U U L L L L U U U R R R U U U U R U D L D D L R U U U U U R R U U R R R R U R U R R R R D R R D D R R D D D U U U L L U U L L U L L R R D D D D D D R R U R U D L D L L U U U U U U L L L L D L D L L L L D D L L D D D D D D D L L L D D D R R R R D D D D D L D D D D D D D D L L L L L L R R R R R R U U U U U U U U R U U U R D D D D 
93 33 3 148
193 306 115 
L D D D D D L R R R R R R R L L L L L L U U U U U R L L L L L L L U U U U U U U U U U U U R U U R R U R R U U U U R U R U U U U U U R U U U R L D D D L D D D D D D L D L D D D D L L D L L D D L L L U U U U U R R R L L L D D D D D R R R R R R R U D L L L L L D D D D D D D D D D D D R R R R R R R 
43 9 6 200
744 809 989 794 877 154 
D D U U R R R R R R L D D D D D D L L L D U R R R U U U U U U R U U U U U U R R R R R R R R R L L L L L L U R U U U R R R U U R R L L D D L L L D D D L D L L L D D D D D D L L U U U U R L D D D D L L L L U U R R R R U U W W W W W W W W W W W W W W W W W W W W W W W W W W W W W W W L U R R R R U U U U U R R U R U U R U U R R U R R U R R R R U R R R R D D D D D D D R D D D D D U U U U L L L U L U D 
17 91 5 200
208 59 283 295 953 
R R R R R R D D R D D R R R D D D R R L L D U U R R R R R R R R L L L L L L L U U D D L U U L L L U U L U L R D W W W W W W W W W W W W W W W W W W W W W W W W W W W W W W W W W W W W W W W W W W R D D D D L D L L L L D D L D D L D L L D D D D L D D D D D D D D R R D D R R R R D D U U L L L L U U L L U U U U U U U U L D D D D D D D D U U U U U U U U R R U U U U R U U U U D D D D L L L R R R R U R 
65 20 6 188
671 798 927 130 322 274 
U U U U U U L L L R D D D D D D L L L L U U U R U R U U R U R R R R D D D D D D R D R R D R D D U U L U L L U L U U U U U U L L L L U U U L L L L U L U L L L L U U U U U L L L U U U L L R R D D D R R R D D D D D R R R R D R D L L L L L L L L L U U L L U L U U U L L R R D D D R D R R D D R R R R R R R R R R R R R D D D D L D D L D L D D D R R R R U U U U U U R R D D D D D D 
40 7 4 174
405 421 852 246 
R D D R D D D R L U L U L U U L L L U U U U D D D D R R R D D D D D U U U R D R U U R R R R R U R R U L L L L L L U L L L L L U U U U L U U D D R D D D D R R R R R R R R R R U R U U U U R U U R U R U U U R U R R U D L L D L D D D L D L D L L L L L L L R R R R R R R D L D D R R R R L L L L D D L D L L L L L D R R R R R R D L L D L L L L L L U U L 
0 18 6 160
349 163 808 851 945 996 
U U U U R U R U R U U U U U U L L R D D D D D L D U R U U U U U R D D D D U L L U L U U U R L D D D R D R R D D D L D L D L D D D R R R R R R R R L L L U U U U U U U U R R U D L L D D D D D D D D L D D D D D D D R R R D U L L L U U U U U L L L L R R R R U U U R U L L L U U U U U U L R D D D D D D R R R D L D L L L L D 
36 94 3 156
866 935 126 
U U L L L L L L L L L L L L L D D D R D R R D D R R R R R L L L L L U U L L U L U U U U U D D R R R R R R R R R R D D D D U U U L W W W W W W W W W W W W W W W W W W W W W W W W W W W W W W W W W W W W W W W W W W W W W W W W W W W W W W W W W W W W W W D D D D D R R D R D D U U L U L L U U U U U R U R R R D D 
85 23 5 94
355 780 347 172 585 
D D D D R R L L U U U U U U D D D D D D D L D D D L L L R R D D D D U U U U L L L R R R R U L L L L L D L D D D D D D D D L L L D L R U R R R U U U U U U U U R U R R R R R U U R U U U U U 
87 11 5 200
811 849 265 29 668 
R U U R U R R R U U D L L R R R R U R L D L D U L D L L L D L D D L R R U U R U U R R U R R U R R U U L U W W W W W W W W W W W W W W W W W W W W W W W W W W W U U U U U L U L U U L L L L U U U U L L L L U U U U U U U U U U U U L U U U L L L L L L L L L L L U U U U U R U R R R U R R U U U U U R U U U U U U R R U U R R R R R R R D D D D L D L D D D D D D D D D L D D U U R U U U U U R R R R R U D L 
75 49 10 200
293 252 710 795 504 680 665 97 589 918 
R R R R R R U R R R R U U D D L D U R L L L L U U U U L U U L R R U U U U R U R R R R L L D U U U R U R R R U U D D L L L D L D D L L D L D D D D R R U U U R U U U R U L L R U U U D D D R D L D D D L D D D D D D D R D R D R R U R U U U R R U R U D D D D D D D D R D D R L U U L U U U U U U U L D L L D D D L D L L U L U L U U U U U R L D D D D D D R R D R R R R R R R R R U U U D D D L L L L L L L L 
33 9 6 200
107 490 407 685 146 410 
D D D D L D D D D D U L L L L R R R R R R D U L L U U U L L L L L U L U U L U L L R R U U U U R U U U R U R U R R D D D R D R L U L U U U L L D L L R R U R R U L L L U U L L L R D D D L L D D D D D D D D D R D U L U U U U U U U U U R R U U U R R D R R R R U R R R R U R R R L L L D L D D D D D L R U U U U U U U U D D D D D D D D L L D U R R U U U U U L L L D L L L U U U L U U L L U U U U U L U U L 
96 15 5 200
830 501 185 944 551 
U U U U L L L L U U D D R R R R R L D D D D D L D L D D D D L D D L L L L D D U R R R R R R L L L L L L L L L L D L L U U U U U U U R U D L D D D D D D D R R U R R R R U R R R R U U U U U U U U D D D D D D D D L L L L L L L L L L D R R R R D R R L L U L L L L U R R R R R R R R R R U U R D L D L L L L L L U L L U U L L U U L L U U U L L L U U L L R R D D R R R D R R R L L L D D R R D D R R D D R R 
47 93 6 194
137 946 23 66 612 158 
R D D D D R D D D D R R R R R R R R R R U R R U U U U D D L L L L L L L R R D D L L U U U U D D D D R R U U R R R R R D D L L D L D U L L L L L L L L L U U U U L U U U U L W W W W W W W W W W W W W W U U R R R R R R R R R R R R D R R U U U U R U D L D D D D L L U L L L L L L L L L L L L D D D D D D R R R R R U R R R R R D R R R R R R R U D L L L L L L L U L L L L L D L L L L L U U U U 
22 10 6 196
924 720 765 91 190 222 
D D D D D R L L L L D R R R R R R R D D R D R L U L U U L L U U U D D D L L L L L U L L L L L R R R R R R R R U U U U U U R U U R R U D L L D D L D U U U U U W W W W W W W W W W W W W W W W W W W W W W W W W W W W W W W W W W W W W W W W W W W W W W W W W W W W W W W W W W W W W W W W U R U R W W W W W W R R U U U U R R R U U R U U U L R D D D L D D L L D U L D D D D L L L D L D D D D D D 
67 98 4 171
883 863 282 518 
D D L L L L L D D L L D L L D U R R U R U U L L R R D D R U U R R R R D D L L D D L D D L L L L L W W W D U R R R R R U U R U U R U U W W L L L D D L L L L L L L L L L D L R U R R R R R R R R R R U U R R U U U D D D R D D L D D D L D L L L L L R R R R R U R R D D R R R R L L L L U U L U U U L L U D D D D D L R R L U U U U R R R R U U R U U 
86 46 4 157
379 461 296 261 
L U U U R R R R R U U U U U U U U U L L U L U D D L L L L D D D D D D D U U U U U U U L D D D D U U U U R R R R R U R D R R R R U W W W W W W W W W W W R R R D D R D R D D U U L U L U U L L L D L L D D D D D D D D D R R R R L L L L L L L L L D L L L L L L L L L L L U U U R U D L D D D R R R R R R R R R R R D D R 
57 42 8 197
874 474 198 693 974 80 758 625 
R U U U D L L L L R R R U U U R U U U U U R R R R U R R R R R D R D D D R R D R R D D D D U U U U L L U L L U U U L U L L U U U U D D D D L L L D L L D D R D D D D D U U U U U L U U L L D D D D D D D R R R D R L U L L L U U L D D D L D D D W W W W W W W W W W W W W W W D D D D L L L L L U L L U L L U U U U U U R R R R U R L D L L L L D D D D D D R R D R R D R R R R R U U U U U U U R R D D L 
47 34 6 178
590 638 218 526 73 188 
U U U U U U U U U U U L L L L R R U U U U U U R L D D D D D D D D D D D D D U U U U U U U U U L R R R L L D D R R D D D D D D D D D D U U L U U U L U L U U U D D D R D R D R R R D U L L L D L L L D D D D R D D R D R D U L U L U U L U U U U R R R D R D D D R R R R R R D R L U L L L L L L U U U L U L L L D D D D D D R R D U L L U U U U U U R R R D R D D D 
82 42 4 200
385 707 653 549 
U U U D D D L D D D L L D L D D U U U U U U U U U L L U L U U L U U L L R R D D R D D R D D D U L W W W W W W W W W W W W W W W W W W W W W W L L L L D D D D L R U U U U R R R R D D D D D L L U L D L L L R U U U U U U U U U U U U U D D D D R L D D D D D D D D D R R U R D R R D U U U L L L L L W W W W W W W W W W W W W W W W W W W W W W U U U L U D R D D D R R R R R U U U R U R R D D D D D D D R U 
74 76 5 200
65 299 404 387 468 
L U U U U U L L L R R D D D D D D D D D U R D D D D D D D D R U U R U U R L D D L D D L U U U U U U U U L U U U U U U U U L L L U U U L R D D D D D D L D D U U R U U U R R R R D D D D D R W W W W W W W W W W W W W W W W U L L D D D D D D L D R R R R R R R R U U U R D D R D R D R D R R R R R R R R R R D R D R R R D D D D D L L D U R R U U U U U U U U R L D D D L L L U L U L L L L L L L L L L U L U 
96 0 6 128
802 796 105 990 209 297 
U U U U U L L L D D L L L L D D U U R R R R U U R L L L D D L L L L L R R R R R U U R R R R R D D R R R L L L D D D L L U L L L L L L L L L L L U L L L L L L U U U U R R R R R R R R R R L L L L L L L L L L D D D D R R R R R R D R R R R R R R R R R R D R R 
24 72 4 200
82 443 712 723 
D D D D D D D D D D D D L D L L D U R R U R U U U U U R R L L L L L L L L L R R R R R R R U U R R R R R L L L L L U U U U R R L L U L D D D L L L L L D U R R R R R U U U R R R R L L L U U U U U U R R L L D D D D D D W W W W W W W W W W W W W W W W W W W W W W W W W W W W W W W W W W W W W W W W W W W W W W W W W W W W W W W W W W W W W W W W W W W W W W W W W W W W W W W L D D D L L L L L L L R R 
67 90 3 200
422 307 57 
U U L U L D D D D D L L D D D D D L L L L D D D L L R R U U U R R R U U U U U U L L L L L U L L R R D R R R R R D D D D D D R R R R D D R D D D U U U L U U L L L U U U U U R R U U U U U R D R D D W W W W W W W W W W W W W W W W W W W W W W W W W W W W W W W W W W W W W W W W D R D D D R D D D D D D D D D D R D D D D D D D R R R R R R R D D D D D R D R D D D U U U L U L U U U U U L L L L L L L U U 
23 61 8 66
688 861 942 267 440 376 860 676 
L U L L U U D R L D L L L L L R U U U U U U U R U U U D D D L D D D D D D D L L L L L R R R R R R R R R R U U U U U D D D D D R D R 
19 28 8 200
701 747 889 424 906 49 433 980 
D U L L U L L L L L L D D R D U L U U R R R R R R U U U D D D D R R D D D D R D R D R R L L U L U L U U U U L U U L R D D R R R R D R R D U U D L L U U R U U U D D L L L L L L L L L D L D D D D L L L D D D U U U L L L L L L D L R D D D R L L L D L L R R U R R U R R D D D D L L L D U R R R U U U U L L U U U R R R R R R R U U D D L D D L L L D L D D D L R U U U R U R R R U U R R R U U U U R U R R R 
28 52 5 144
754 888 746 848 520 
D R R R R R R R R R R R R R R R R U L L L L U U U U U U L L U U R R R L U U D D L L D D D D D L R U U U R R D D D D U U U U U R D D R R L L U U L D D D D D D D L L L L L L L L L L L U U U L L L U U L U D R D D R R R D D D R R R R R R R R R R R R R R R D L L L L L L L L L L L L L L L L U 
64 14 5 200
170 162 278 365 75 
L D L L D D D L L L L L D D D U U U R R R R R U U U R R U R R U D L L L L L D D L D L L L L D L D L D L L L D D D L L D L L D L L L D U L L L L L L U L U U U U U U U U L R D D D D R R R R R R U U L U L R D R D D L L L L L L D D D D D L R U R U U U U R R R R R U U U U R R R R U U D D L L L L D D D D L L L L L U L L U U U U U U U R R U U R R U R R U U R U R R R L L L D L D D L L D L D D D D D D U U 
23 44 5 194
976 763 926 711 722 
U U U U L D D D D L L L R D D D U U U L U U U U L U U D D L D D D D L D D D D D D D D L L D L D D R D D L L L D L D L D D U U R U R U R R R U U R R U R R U R R U R L U U U U D D D D R R R L L L D L L D L L D L L L U U R U R R U U U U U U U U R U U U U R R D D D D R R R U U U U R D D D D R D R R R R D D D D U L L L L L R R R R R U U U U D L L L L D D D D D L L D L R U R R U U U U U U L 
50 67 5 200
141 176 25 912 610 
U U L R U U U R U U R R L L L L U L U L L L L D U R R R R D R D R R D D L D R R R U U U U U U D D D D D D D D D R R R R R R D R L U L L L L L L L L D D L L L L L D L L L L L U L L U L L L L L L D L L L L L R R R R R R D R D D D D D R U R R R R L L L L D L U U U L L L L L D U R R R R R U U L U L U R R R R R R R R R U R R R R U U U R R U D L L D D D L L L L D L L L D R R D R R R R R U R R R R R U U 
84 34 4 71
502 360 264 485 
D D D D R R R D D R D D R D D U U R R R R U R R R R R W W W D D D U U U L L L L L D L L L D D D D D L R U U U U U L L U U L U U L L L U U U U 
54 83 6 178
268 897 371 614 752 216 
L L D U R R R U L L L L L L L U U L L L L L L U L U U U U L U U L R D D R D D D D R R R R R U U U L U U U L L U U L L L L L U U L L L L L L L L L D L L L L L L D D R D D D D D D R R D D U U L L U U U R L U U U L U U R R R R R R U R R R R R R R R R D D R R R R R D D R R D D D R D D D L L L L D U U L L L U U D D R R R D D R R R R R R D D R R R R R R R D L 
92 73 6 180
599 177 864 361 15 495 
U R R U U U R R R D D R D D R L U L L L R D D D D U U U U R R U L U U L L L D D D L L D D L D L L L D L D L D L R R R R R R R U U D D L L L L L L U L L U L U R R R R U U U U U L U U U U L L U L L L U U U D D D R R R D R R D D R R R L L L D D R D D D L L L L U L L L L L L L L L U L U D R D R R R R R R R R R D R R R R D D L L L L D R D R R R U R U R R R U R U 
29 82 4 200
731 429 875 196 
R R R R R R R D D L R R R R D L L L L L L L L L D D D R R R D R D D U U U R R R R D U L L L L D L U L L L U U U R R R R R R R R R U L L L U U L L L R R U R L D L L L L L L D D D L D D D D R R R W W W W W W W W W W W W W W W W W W W W W W W W W W W W W W U R R R R R U R R R U R U R R U U U R R W W W W W W R R D D D D D D D D L L D L D L D D L L L D L L L L L L L L R R R D D U U R R R R R U R R R U 
54 60 6 200
127 678 492 837 738 357 
U U L R D D D D R R R L L L U U L L L L L L L D L L L L L D U R R R R L L L U L L L L L L W W W W W W W W W W W W W W D D D D L D D R D R R U U U D D D L L U L U U U L D D D U R R R R U R U R R R R L L L L D L D L L L L U U U U W W W W W W W W W W W W W W U U R R R R R R R R R U U R U D L D D L L L L L L L L L D D D D D L D D L L L U U L L L L U U L U D R D D R R R R D D R R R D D D U U U U U R U 
14 77 11 200
478 964 52 772 457 567 227 171 579 952 50 
D L L L L L L L R R R R R D D D D L L L L L L L L L L L D L R D R R D U R U R L D L L L D D D L D D D U U U R U U U U R R R L L L U R R R R U U U R L U U U U U U L U L U L L L R R R D D D D D D D D L R U U U U U U U R D R D D D D D D D D D D D D D D D D D D D D L D D D D D D D D D D R R R R U R U U R U L L U L R U R R U D L L D D R R D L D D L D L L L L U U U U U L L L R R R U U U U U R U U R R L 
99 11 5 200
77 871 42 136 488 
L D D D D D U U U U U R U U U U U U U U U U U U U U U L L R R U U U L L L L L U U U U U U U U U U U L R R R R R U D L L L L D D U U U U U U U U L U D R D D D D D D D D D D D D D D D D D R R R R R D D D D D D D D D D D D D D D D D D U U U U U U L U U U L D D D D D D D D D D D D D D D D D D R R L L U U U U L L L L L L L L L L L L L L L U U L L U U U U U U W W U R R R R R D D R D D D R R R R U D L L 
99 39 9 200
654 624 577 302 719 842 903 963 119 
U U U U U U U U L L U U U L U U U U U U U U U U R R L L D D D D D D D D U U L L U U U W W W W W W W W W W W W W W W W W W W W W W W W W W W W W W W W W W W L L R R D D D R R D D D D R D D D R R D D D D D D D D L L L L U U U U L U L L L L L W W W W W W U R R R R R R R U U U U U U U U U R U U U U U U W W W W W W W W W W W W W W W W W W U L D D D D L L L D D D L D D D U U L U U U U D D D D R U R U U 
54 67 5 170
788 981 324 882 782 
R L D D D L L L L L L L L L U U U U U U D D D D D D R D D D D U U U U R R R R R R R U D L L L L L L L L L L L L D L D D U U U U D D D U L L U U U D D D R R R U R R R R R R R R R R R R R U U U U R U U U U U L L U L L L L L D D D D D D L L R R U U U U U U R R R R R D R R D D D D D D D D D D U R R R R R R R D D U U L L L L L L L U U U U L D 
61 34 3 200
932 244 583 
L D D D D R R L L U U U L L L L L L L L L L L L L L L R R R R R R R R R U U U U U U U U R U D L L L L L L U L R U U U R R R U R U U U U R R L L D D D D L D L L L D D D D R R R R R D D D D D D D D R R R R R R U R L L D D L W D U U U L L U U R U U R R U R W W W W W W W W W W W W U U U U U U L U U U U U U U U L L L L L D D D D D D D D L L D L L D D D L R U U U R R U R R U U U U U U U U R R R R R D D 
12 96 5 102
592 362 528 138 576 
L L L L L L L L D L L D D U U R R U U D R D D D D D D D L D D D U U U R U U U U U U R R L L U R R U D D D D D W W W W W W W W W W W W W W L L L L L L L D D D U U U R R R R R R R R L U U U U L R R R R R R 
31 77 4 132
401 820 3 793 
U R R R R R R R R R D D R L D D L L D L D L L L L U L L L L L L L U L L L L L L L D D D D D L R U U U U U U U U U D D D R L U D D L L D L D D U U R U R R R R R R R R R D R R R R R R R D R R R R U R U R R U U U U L L L L L U D L L D D D D D D D U U U U U U U L L D 
12 47 8 168
774 543 899 256 402 96 465 965 
D R L D D D D D L L L L R R D R D D R D R R R D R D R L U L U U U U U U U U U D D D D D D D D L L L U L U U L U L L L L U L L L D L L R R D D D D U U U U U L R R R R U R U U U U R R W W W W U D L L D D D D L D D R R R R R R U U U U U U D D D U U U U R U U D D L D L L L L L D D D D D L D D L D L L D U R R U R U U R U U U U U R R R R R 
24 95 7 200
675 705 32 797 715 884 394 
R R R R R R R D D R D D D D L L L L L D U R R R R R U U U U L L L L L L L D L L L L L L U L L L L D U R R R R D R R R R U U U U R R U U D D L L D D D D R R U R R R R U L L D D L D U R U U R R D R R U U L L L L L L L L U R R U R R U R U R R R R R R R R R R R R R D R R R R R R R R R D D D R D D D R L U L L L U L L D D D D D D D U U U U U U U L L L L L L L L L U L U D R D R R R R R R R R R R R D R R 
98 5 2 142
356 483 
L U U U U U U U U U U R U U U D D D L D L R D R L D D D D U U U U U U U U U R U U L L L R U U U U R U U U L L L L U U U L U L U L L D D U U R R D R D R D D D R R R R D D D D U L D D D D R R D D L D D D D D L R U U U U U U U U R U U U D L L R R D D L D D D D D D D D D D D D D D D D R 
13 57 5 200
479 930 497 214 2 
D D L D D U U R U U U R U R R D D D D D R D D D R R D D U U U U U U U R L D D D D D L L L L L L L D L L L L L L L L D D D D D L L L D L D D D D D D D D D D D D R R R R R R R R R R R D R R R R R R R R R U U R R R R R R R R D D D D R R R R R R R D R D R R R R R R R R R R D L D D D D L L L D D D R R R D U L L L U U U R R R U U U U R U L L L U D L L L L L L L U L U L L L L L L L U U U U L L L L L L L 
69 23 6 200
106 703 152 917 620 517 
U U U R U U U U U U U L L L U U L L U L L L L L L L R R R R R R R D R R D D R R R D D D D D D D R D D R L U U U U U D D D D R R R U R R U R U R R R U L L L L L L L L L U U U U L U U U U R R R R R R R R R R D D R R D D D D R D D D R D R L U L U U U L U U U U L L D L D L L D L L L D D U U R R R U R R U R U U U L L L L L L L L L L D D D D D D L L L L L R R R R R U U R D D D D R R R R R R R R R D L L 
91 75 4 114
835 51 982 666 
U U R R U R R U R R U U U L L U L U R R R U D L D U L L D R D R R D D D L L D L U U U U R U R U U R R L L L L L U D R R R D D R D D D D D D D D D D D D D D U U U U U U U L L L L R R R R U U U U U U U L L D L D D D D L D L L D D 
40 46 3 200
550 673 729 
D L L L D D D D D R L U U U U L L L L L L L L L U U L R D D R R R R R R R R R D D D D D U U L L L L L L L L L L L L D D U U R R R R R R U U U U D D D D D D D D R R R R R R R R R R U U U R U R R U R R R U R U U R R U R U D L D L L D D L D L L L D L L D L D D D L L L L L L L L L L U U U U R R R R R R U U U U R R R L L L D D L L L L D D L L D D D R D R R R R R R R R R U U U U U U R U R L D L D D D D 
61 28 6 200
868 427 594 645 128 144 
R D R R U D L L U L L L U U U L L U L R D R R D D D L U L L L L L L L L L L L L L L L L L U U U L U U L L L L L D D D D L L L L L L R U U U U U U U L L L L L L L L U L U U U U U R L D D D D D R R R R R R R R U U U U U U L U L L L R R R D R D D D D D D L L L L L L L D L L D L D L L L L D D U U R L L L D L L L L L L R R R R R R U R R R R R R U R U R R R R R R R R R R D D D D D D D R R R R R U U U U 
6 66 6 200
165 905 777 891 470 546 
D D L D D D D D L R R R D U L L U U U U U U U U U U U R R R R R R R U R U U U U R R L L D D D D L D L L L L D R D R R D D R L U U L L U L U L L L D D D D D D L D D L L R R U U R R R R R R R R R R R R D R D R R R D R D R R R U U U U U U U U U U U L U L L U L L R U U U U R U D L D D D D L R R D R R D R D D D D D D D U U U U U U U L U U U U U U U L U U L R D D R D D D D D D D R D D D D D D D D D D D 
40 30 1 44
813 
L L U U U L D D D D D D L D D L D L L L L L R R R R R U R U U R U U U U U U R D D D R R 
69 48 6 182
400 983 785 540 544 419 
D D L D L L L L D L L L L L U L R U R R U U U D D D L L D D R R R R R D D D D D L L L L L L D L L R R U R R R R R R U U U U R R R R R D D D W W W W W W W W W W W W W W W W W W W W W W W W W W W W W W W W D D D D L L L L L L R R R R R R U U U U L L L L L L L L L L L L L R R R R R R R R R R R R R D D D D D D D D U U U U U U U U U U U L L L L L U U R R R R U R U U 
71 53 8 187
351 79 219 708 225 807 609 617 
U U L L L L L L L U L L L L L L L L L L L R R R R R R D D D L L R R U U U R R R R R D R R R R R R R R R R L L L D L L L L L D D D L L L L L D D D D U U U U R R R R R U U U R R R R R D D D D D W W W W W W W W W W W W W W W W W W W W W W W W W D D D D D D D L U U U U U U U L U U U L U U R R R R D R L U L L L L D D R D D D R D D D D D D D R U U R R R L L L U U U U U U U U U 
88 43 6 200
613 33 46 643 99 67 
U U D D R R R R R D D L D D D D L D D L L L U U U U U U L U U U R R R R R U D L L L L L D D R L U U R R R R R U U U U U U R R R U U W W W W W W W W W W W W W W W W W W W W W W W R R L L D D L L L D D D D D D L L L L L D D D R D D R L D D D D R R R U R R R R R R R R D L L D L L L D D L L L L R R R R D D D D U U U U U U L L L L L U L R D R R R R R R R R U R R U L L L U D L L L L L U R U U U U R U U 
77 56 6 190
597 224 647 547 699 580 
U U U U U U U R L L L L L L U U U L L U U U U D D L U U U U U U U U U U U U U D D D D D D L D D D D L U U U U U U L L U U U L L L L L R R R R R D D D D D D L D D D D L D U R U U U U U U U U U U L U L U U U U L L L L L L U D R R R R R R D D R R R R D U L L L L D D R D R D D D D D D D L R U R U U U R R D D D D D D R U U U U R D D D D D D D R D D R R D D D R R R R R D D D D D D D 
8 62 5 200
5 570 113 41 978 
R D D D D D D D D D R R D L L L D L L L L D D U U U L R U U U U D L L L L R R R D D U U R D D D D R R R R U R R R U L L U U U U U U D D D D D L D D D L L L L U U U U U U U U U U U U U U U R U R R R R R D D R R L L U U L L L L U U U U D D D D L D L D D D D D D D D D D D D D D D R R R R U U U R U U U U U U R R R R R R R R R R R D R R R R R R R L L L L L L L D D L D U R U U U L L L L L L L L L L L U 
76 95 3 92
812 960 773 
D D L D U R U R R R L L L U L L L L R R R R D D D D R R R R R D R L L L L D L D L L L U U U U L L R R D D D D R R R U R U R R R U L L U D L L U D L L L L R R R U U U U R R R R L L L L 
88 97 6 185
626 575 560 197 323 316 
D D L L R R D D D D D R D R R R R R U U U D D R R R R L D D D D U U U U L U U R R R U W W W U U D D D L L L D D L D D D D U U U U L L L U L R D R R D L L L D D D D D D D D U U U U U U U L L L L L L L L L L U D R R R R R R R R R R D D D R U U U U U U R R U R R R U U U U L L U U L L R R D D R R R R L L D D D L R D L L L D L L D D D D D D L U U U U L L U L U U U U U U U 
16 9 9 200
367 386 770 364 450 9 487 574 159 
D R R R D R D D U U L U U U U U L U D R D D D L L U L L L U U U U U U U L U U U L L U L L D L D D U U U U U L L U U U R R R R U U L L R R D D D D D D R R R D R D D D U U U L U L L L U U U U L L L L D D D R D U R D R R R R R R R D R D R R R R R R R R R D D D D D D L D L D D U U U U U L R D D D R U R U U U U U U L L L D U L L L L L L U L U L L L L L L L D D R U R R D R R D D D D D D D D D D D D U U 
11 85 5 200
434 503 350 34 831 
D L L L L L L R D D D L D U R U U U U L U U U R U U R L D D L D D D R D L L L U U U U U U U U D D D D D D D R R U U U R R R R U R R U U R U D L D D L L L L L L L U L L U U U U U U U L R D D R R D D D L R U U U R U U U U D D D D R R R R R R R R R L L L L L L L L L L D D D L R U U U U R U D R R D D R D D R D D R D D D D U U U U L U U L U U L U U L L L D L L D D L L R R D D D R R D R R R R R D L L L 
6 87 5 200
736 939 341 320 559 
R R R R R R R R R R R R R R R U R L L L L L L L U D L L U U U U U U U U U R U R R R U L L L L L L L L L L D L D D D D D D D D L D U R U U U U U U U U R U R R R R R R R R R R D L L L R R U R R R R L L L L D L L D L D D D D D D D D D R R R R R R R R D L L L L L L L L L L L L L L L R R R W W W W W W W W W W W W W W W W W W R D R L U U U U U U U U U L U D L L L L L L L D D D L R U U U R R R U U U U D 
57 7 6 200
456 529 881 661 149 603 
R R D D R D R U R R U R R R U U U D D D R R R D D U U L D D D L D U R U U U L L L L L U L L U L L L L R R R R D R R D D D D D D D L L U L L U L U D R D R R D R R L L L L L L U D R R R R R R U U U U U U U U U R R R W W W W W W W W W W W W U D L L L D D D D L L D L U L U U L L R R R R U R R R R U U U U R R U U U U U R R R L L L D D D D D L U U U U U U L L L U L U L R D R D R R R D D D D D D L D D D 
43 20 5 200
226 37 600 971 448 
U R R R U U R R R R U R L D L L D D D D D D D D D D D D D L L L L L L U U U U U U L U U U U D D D D R D D R R R L L L D D L R R R R R R U U D L L R R D L L L L L D D R R R R R R U U U U U U U U D L L L L L L U L U U U U U R R R U D L L L D D D D D R R R W W W W W W W W W W W W W W W W W W W W W W W W W W U D L L D L L W W L L D D D D D L L D U R R U U U U U R R R R R R R R R R U U U U U R R R L L 
38 89 5 200
481 321 822 191 876 
R U U L U U U U D D D L L R R U U R U R R R R U D L L L L D L D D D R D D D D D D R R D D D D U U U U L L U U U U U U L U U U R R R D D R R D D D R R D U L L U U U L L U L L R R D R R D U L L U U L L L D D D R D D L L U U U L W W W W W W W W W W W W W W W W W W W W W L L L D W W W W W D L L U U U U U U U R R R R R R R D D R R R R R R R R R R R D U L L L L L L L L L L L U U L L L L L L L D D D D D 
50 12 6 184
630 992 832 865 631 726 
R R R R R R R R U R U U U U U R R R R R D R R R R R R R U D L L L L D D D D D D D L R U U U U U U R R R R R L L L L L U L L L U L L L L L L U U U U L U U U U D D D D R D D D D R D D L L L R R R R R R R R R U U R U U U U U U U U D D D D D D D D L D D D D D D D D U U U U U U R R R R D U L L L L D D D L L D D D L R U U U R R U U U L L L L L L D D D L D L L L L L L L L 
75 1 4 200
86 413 129 566 
L L D L U U U U U U U U U U U U R U U U U U U L U L U U L L U L U U U U U U U U L U L L L U U L U L U L L L L L U U R R R R U R R R R R R U U U R U D L D D L R R R R R R U R R U U U D D D L L D L L L L D D U U L D L L L L L L D L L L L D D R R R R R D R R R U R R D D U U L L U U L L U L U D R D R R D D D L L D R D D R R R D R D D D D D D D D R D D D D D U U U U R R U R U R U D R R D D R D D R L U 
82 89 6 194
58 573 480 85 873 145 
L D D L L L D L R U R R R U U R R R R U U U R R U U U U U U R R R R R R R R R D R D D D R R L L U U U L U L L L L L L L U D D D D D R R L L U U U U L L D D D D D U U U U U R R D D D D D U U U U U L L D D D D D D L L L L L L R R R R D D D L L L U L R D R R U U U U R D R R W W W W W W W W W W W W W W W W W W W W W W W W W W W W W W W W W W W W W W W W W W W W R U D L L L U L D D D D L L 
49 51 7 200
898 656 123 18 557 153 343 
R R U U U U U U U D L L L L D D L L D U L L L U L U U U L L W W W W W W W W W W W W W L L D L D D D D L R U U U U R U R R R R D D D D U R D R R R R R D D D D R D R L L L D L L L L L D L R U R R R R R U U U U U U U D D D D D D R R U L U U U U U U R R R R D D D R R R R R R R R R R R R R R D U L L L L L L L L L L L L L L R R R R R R U U U D R R R R R R R R R R R R L L L L L L L L L L L L D D L L L L 
81 3 7 197
205 686 467 62 510 513 327 
D L D U R U U U U R U U U R R R U U D D L L L D D U L L L D D D D D D R R R R R L L L L L U U U U U U U U R R R R L L L L D D R R R D D D U L D D D R R R R R R D U L L L L L L U U L L W W W W W W W W W U U U U U U U U L U L U U L L U U R R R R R R R U R U U U U U U U U U U U U U L L L D D L L R R U U R R R D D D D D D D D D D D D D L D L L L L L L L D D R R D D R D R D D D D D D D D R R D D 
22 23 5 170
880 55 789 314 725 
R R R R R U U D L L L L L L L L L D U R R R R R R R R R U U U U U U R R R R R R R U U U U R R U D L L D D D D L L L L L L L L L L L U L U D R D R R D D D D D D L L L L D D D D D R L U U U U U R R R U U D D L L L D D R R R R R R R U U U U U R R R R R D U L L L L L D D D D D L L L L L L L U U R R R R U U U U U U R R D D D D D D D L L L L L 
24 19 4 200
498 664 332 951 
D D D D D D U U U U U L L L L L D D L D R D D D D R D D D D D L L L L L L L L L L L L L L U L U U L R D D R D R R R R R R R D D D U U R R R R R R R R R R D R D R R R R R R R R R R D R R R R R R R R R R R R R R R R U R U U U R R U R U R R L L D L D L L D D D L D L L D D L R U U R R U U R U R U U R R U D L L D D L D L D D L L L L L L L L L L L L L L L L U L L L L L L L L L L U L U L L L L L L L L L 
64 95 5 152
304 894 956 104 799 
L D D L L D L D L L L L L L L D L R D R L U U L L L L U U U L L L L U U U U U R R R R R R R R R R L L L L D D D U U U R L L L L L L L D L L L L R R R R D D D R R R R R R R W W D U L L L L L L L D R R R D D D D U U U U R D D D R R R R R R R R R R R U R U R R U U U L L U U L L L L U D R R R R D D R R D R 
82 20 7 182
669 311 60 454 562 313 239 
U U U U U U U U U L U U U U U L L U L L R U L U U U U U D D D D L L L L L L L R R R R U U L R D D D D D D D D D D L R D R D D U U L U U U U U U U U U R R R D R D R D R R D R R R L L L U L L U L L L L L L L U R R R R R R R L L L L L L L D R R R R R R R D R R D D D D D R D D L L L L D L D D D L L L L L R R R R R U U U R U R R R R U U U L U D R D D D D D D D D D D 
79 80 5 200
558 380 886 369 817 
R R R D R R R R R D R R R L L L U L U U U U U U U U U U U U D D D D D L L L D D D D D L R U U U U U R R R D R R R R R R L L L L U U L R D D L L D D D D D D L D D D D D L L L L L U L W W W W W W W W W W L U U L U L L L D U R R R D R D D R R D R R R R R U U U U U L L L U L L L U U U U U U U L L R R D D D D D D D R R R R R D R R R R D D D R D D R R R R D R R R R R U R U U U U D D D D L D L L L L L U 
88 60 6 174
677 53 238 925 337 862 
L L U U D D R R R D R R D D R R R L L L U U L U R R U R U U U R R U R R R L L D D D D L D D D D U U U U R U U U U R R U U R U L L L U D R R R D L D D L L D D D D D D D W W W W W W W W L D D D D D D D D D R D D D D D D D D D U U U U U U U U U L U U U U U U R L D D D D D D D L L R R U U U U U U U U U U R U U U U U U U L D L L D D D L D L L D L U L 
83 46 3 100
907 778 298 
D D D D R D D D D D R D D D R D D U R R U R R L L D L L U L U U L L L L L R R R R R U L U U U U U L U L L L D D D U U U U U L U L L L L L D D U U R R R R L L L L L D U R R R R R R D R D D R R R U U U 
20 46 5 200
384 68 914 43 954 
U U R U R R R D D D D D D D D D D D D D L R U U U U R R R R D R R D D D D U U U U L L U L L L L U L L D D U U R R U U U U U R R R R R R R R D D R R U R U U R R U R U R R U R R R R R U U U U L L L D U U U L R D D R R R D D D D D W W W W W W W D D U U U L L L L L L L L R R R D L L D L D L L D D L D L L D D L R U U U U U U U R L D D D D D R R U U R U R R R U R R R D D D D U U U U L L L D L L L D L D 
60 95 4 200
651 1 955 383 
L L L L L L L L L L L U U L R D D R R R R R R R R R R R U R U U R R R U R L D D D L L D L D L L L L U U U U L R D D D D R R R R U R U R R U U L L L D D L L L L L L L L L L L L L L L L L L L L L L U U U L L L L L L L L R R R R R R R R D D D R R R R R R R R R R R R R R R R R R R R R D L D L L L R R R D D D R D R W W R U R R R D D D L L L L L L L L L L L D L L L L L D L D D U U R U R R R R R U R R R 
46 24 5 200
850 618 845 658 791 
R R U R R R R R R R R R R R D R D R D D U U L U L U L L U U U D D D D D U U L U L L U D L L L L L R R R R R R R U U D D D L L L L L L L L D L L U W W W W W W W W W W W W W W W W W W W W W W W W W W W W W W W W W W W W W W W W W W W W W W W W W W W W W W W W W W W W W W W W W W W W W W W W W W W W W W W W W W W W W W W W W W W L L L L L L L L L L L L L D L D D L L D D U U R R U U R U R R R R R R R 
61 68 4 103
733 491 818 71 
U U U U U U U U D R L D D D D D D U L L L U R R U U U R R L L D D D L L U L L U U L U U D D L W W W L L L D D L L D D D D D D L L L D U R R R U U U U U U R R U U R R R R R D D D L L R R U R R D D R R R D D 
34 57 4 196
428 803 329 28 
U U U U U U D L R D D R R U U R U U U U U U U U L R D D D D D D D R R L L D L D D L L L L L U L L L L L L U U L L U U U U D D D D R R R R R R R R R R R R L L L L L L L U U L U D R D D L L L D D R R R R R R D R R R D D D D D R R R R R U R U D L D L L L L L U U L L L L L L U U U L L L U U R R R U R U R R U R R L L L L L L L U U U D D D R R R R R D L L D L D L L L D D R R R D D D R R R R R R 
91 9 4 138
640 591 250 885 
D L L L U U L L U U U R U U U U U L R R R U R R R R R U U R U U U U L L L W W W W W W U U U L U L U U L L L L L U U D D R R R R R D D R D R D D D R R R D D D D L D D D R L U U U L U U L L U L U L U D R D R D R R D D R D D L L L L L D L L D D L R D D D L D D D R R D D R R R U 
58 73 5 200
806 775 936 441 844 
U L R R L U U U U R R U U U D D D L L D D R R U U R R U R L L L L U U L U L L L L L L L L L U L L U U L L L L L L L L L D L L L L L L D L L L L D D L D D L R U U R U U R R R R U R R R R U U U U U U U L U U U U L D L L D D L D D L D D D U U U R U U R U U R R U R D D D D R D D D D D D D L L L L D L L L L L L L L L L L D L D D L D L D L D L D D D L D D D D R R R R R R U R L D L L L L L L U U U U R U 
44 83 6 91
47 496 859 670 986 417 
D D D L L D D D D D D L D L L D L D D D D D D W W W W W W W L D D U U L L U L U U U L L L U D R R R D D D R D R R R U U U U U U R U R R U R U R D U L U U U U U L L L R R R R R U U U 
10 20 6 196
0 524 745 639 505 534 
D D D D D U L L L L D D D D D L L L D L L L R R R U U U U U D D D D D D D D D D U U U U U U R R U U L U U U U U U D D D D D D R D D R U U R R R R R R R L L L L D D D D D U U U U U R R D D D D D D D D D R R R R R R R R R R R D D R R R R R L L L L L D L L L D L L R R U R R R U U U L L L L L L L L L L L U U U U U U U L L L L L L L L D D U U R R R R R R R R U U L L L L L U U U R R R R U U U U 
24 99 5 200
853 449 285 805 393 
L L D D D L D L L L L L D R R R R R R D U L L L L L L L L D D D R R D R R R R R D R D R D D L L L L L L D L L L L D L D L L D D D D D D D D L L L U U L R U R U R U U U U D L L L U L L L L D D D U U U R R R R D R R L L U L L L L L L U D R R R R R R D R R R D D D L D L D D D L L L L D U U U U U U U R L D D D D D L L L R R R D R R R R R R R U U U U U U U U R R U R U R R R R U R R R R R R U U L U L U 
32 40 4 146
828 698 453 161 
L U L R D R R D R D U L U L L U L L L L R R D U R R D R R D D D D D D D D D U U U U U U U R R R R R R R U U U U U U R U U R U U R R R R R R R R U R U R U R R R R D D D L D D D D D D D D D U U U U U U U U U R U U U L L L L D L D L D L L L L L L L L D D L D D L D D D D D D L L L L L L L U U L 
7 52 3 144
30 706 303 
L L U U U U U L L L U L U U U U U U D D L R R R R R R R U R R R D D D D D D R R D U L L U U U U U U L L L D L L L L L L D D D D R D R R R U R U U U U R U R R R R R U R L D L L D D D D D D R D R D U L U L U U U U U U R R R L L L D D R R R R L L L L U U L L L D L D D D D L D D D D D D R R 
25 69 4 190
650 446 959 200 
R R R R R R U R R L L D D D D D D L D U R U U U U U R R U U D D D D D R D R D D D D U U U U L L L L D U R R R U L U U U L L L L L U U U D D R R R R R R R R R R U U R U R R U U R U U U R R R U U U U U U L L L D L L L L D D L L L L L L L L D D D D D R R L L U U U U U R R R R R R R R U U R R R R U R R R D D D D R L D D L L L D D L R D L D D L L D L D D L L L L L L L L L L D L L L 
1 35 3 172
257 399 854 
D D R R R R R R R R R R U U U U R L D D D D D D U U L L L L L L U U U D D D R R R R R R R D R L U L L L L L L L L L L L U U R R R R R R U U U U R R U L L L L L L U U U U R R U R U U U R R R L L L D D D L D L L D D D D R R R R R R D D D D D R R D R D D R U U U U U U R U R R R L L L D L D D D D D D L U U L U L L U U U U L L D D D D L L L L L L 
