99
37 75 7 200
401 820 429 986 275 882 496 
U R U R U R D D R L U U L L L L U L U D R R R R L L L D D D L L D D D D D D L L L U D R R R U U R R R R R R R R L L D D D D D D D D D D L L D D D D D L R U U U U U R R R R R U U U U U R R U U R R U U R R R R U U U U U U R L D D D D D D L L L L D D L L D D L L D D D D D L L L U U U D D D U U U U L L R R U U U U U U L L U U U R R D R R U U U U U D D D D D L L D D D L L R R U U U U L L D D D L L L L 
30 13 7 188
498 880 93 2 222 190 407 
L L L L L L U U U U U L L L R R R R U U U U U R R R R R R R R R R R U U R U U R U U D D R R R L L L L D D L D D L L L L L L U U U L R D D D L L L D D D D D D L D D D L R U U U R R R L L U U U U U U L L D D D D D L D D D D D R R R R R R W W W W W W W W W W W W W W W W W W W W W W W W W W R R L L L U L L U U L R U R R R U L L L L U U L L R R D D R R R R D L L L D D D R R D R 
84 75 4 194
815 558 323 495 
L L U L R R R R R R R R U R U L L L L U U U U U U U U U U U U U D D D D D L L L D L D D D D U U U U R U R R R D R R R R R R L U U U U U U D D D D D D D D D D U U U U L L L L L D D D L L L L U L L L U U U U U U R R D D D D D U U U U U L L D D D D D D R R R D R R R R D D D D R R R L L L L D L L L L L L L L L U L L L D D U U R R R D R R R R R R R R R U R R R R R D L D L L L L L L L D R R 
92 8 8 144
640 105 802 796 501 510 513 990 
L L R D D D D D U U R R R R L L L L D D D D L L R R U U U U R R R L L L L L R R U R R R R L L L L L L L D L D D L D L L L L L L L U U R R U R R L L D L L D D R R R R R L L L L L U U U U U U U U D D D D R R R U U U U R L D D D D D U L L L D D D D R R R R R R R R L U R U U R U R R R U U R 
63 75 7 200
733 775 491 647 251 210 761 
L U L L D L D U R U R R D R D D D D L D L D R R R R R D R R R L L U U U R R R R R U R R R R R R R R R R U D L L L L L L L L L L D L L L L L D D D D D D R R R R R D R L U L L L L L U U U U U R R R R R R R R U R L D L L L L L L L L D D D D R R R D D D L D D U U R U U U L L L U U L U L L L L L U R U R U U U U D L D D R R R R R R R D R R D R D D D R D D R R R R D L L L L L L L L U U L L L U U L L R R 
91 13 6 200
811 265 185 595 488 944 
U R U U D D R L L D L L L L L L L R R R R R R R R U R U D D R R R D D L L L D L L L D U U U U U U U U D D D D D D D R R R D D D D D D D D R R R R R R L L L L L L U U U U U U U U U L L L R R R R R R U U L L L U L D L R R D D W W W W W W W W W W W W W W W W W W W W W W W W W D D D D D D D D D L L L D L L L L L L L L U L L L U U U R R R R U D L L L L D D D R R R D R R R R R R R R U R R R U U U U U U 
62 24 5 200
868 850 989 162 726 
R U U U D D D L L L L R R D D D U U U U U L L U L U L R D D W W W W W W W W W W W W W W W W W W W W W W W W W W W W L L D D D D D D D D D D R R D U L L U U U L L L L D D D U U U R R R R D D D D D D D D W W W W W W W W W W W W W W W W W D D L D D W W W W W R U R R U R U U R R U R R R R U U U D D D D W W W W W W W W W W W W D U U R R R U U R U D L D D L L L L L L D D U U L D L L D D L D L L D L U U 
93 35 5 200
33 46 654 624 197 
U U U U U U D L R D R R R R U R U R U D L D L D L L U U U W W W W W W W W W W W W W W W W W W W W W W W W W W W W W W W W W W W W W W W W W W W W W W W W W W W W W W W W W W W U U L L U U L U U U U U U U U U U U U U U U U U U U U U U U U U U R R U U U U R U U U R R U U U U R U U U U U U U R U U U U U D D D D D L D D D D L L L R R R D D D L D D D D L L D D D L D D D D L L D D D D D D D D D D D D D 
4 80 8 170
434 362 528 320 341 350 44 579 
U U U U R U U U L R U U U U U U U U R R U U D D L L D D D D D D U U R R R R R R R R U U U U U U R U R R R U R R R L L L L L L L L L R R R R R R D L L L D L D D D D D D L L L L D D U U L L L L U L L L U U U U U L R D D D D D R R R D D D D D D D D R R L L U U U U U U U U U U U U R U U D D L D D D D L L L D U R R R D D D D D D D D L D D D D 
99 5 2 62
77 356 
U L U U U U U U U U U U U U D D D D L L R R D D D D D L R U U U U U U U U U U U L L L R R R D D D D D D D D D D D D D D R D 
37 11 5 200
403 962 490 512 870 
D D R D D U U R U U U U U U U L U U L U D D D D D D D L D D D D D D D D D D D L L D U U L L L U U L L L L L L L U L U U U D D D R D R R R R R R R D D R R R D R D U L U U L R D D R R R R R R D R R R R R R R R U U U U U L L L R R R D D D D D L L L L L L L L U L L L L U U U U U U U U U U U U D R U U U U U U R D D R D D D D D D D L L D D U U U U U U U U U U R U D D D R D R D D R D R R R L L L U L U U 
56 55 8 200
79 693 474 400 785 758 609 7 
R U R R D D D D L D D D D D D D R R R R R R R R R R L L L L L L L L L L U U U R R R U D D D D U U U R R R R U R U W W W R R R D R R D R R D D D D D L L D L R U R R U U U U U L L U L L U L L L D L D L L L L L L L U U U U R U U U U L L D L D U U L U U L L L L W W W W W L D D D D D D D R D D L L L L L L D L L L D D R D R R R R D D R R D R D R R R D D L D D D U U U R U U L L L U L U L L U U L L L L U 
67 5 5 200
529 456 881 661 154 
R R D U L L L L L L L L D U R R U R R U U R U D L D D L L D R R R R R R U D L L D D D U U U L L L L U U L L U L L W W W W W W W W W W W W W W W W W W W W W W W W W W W W W W W W W W W W W W W W W W W W W W W W W W W W W W W W W L L R R R R D R R D D R R D D D D D L L L L L U U L L U D R R D D R R R R R U U U U U R R U U U U W U U W W W W W W W W W W W U U U U L L U U U W W W W W L U U U L R D D D 
66 32 6 200
129 544 264 502 620 871 
D R R U U L U U U U L U L L U L L D L L L L L L R R R R R R U R R R R R R R R R R R R D D D D R R D D D R D R R R R D R R R R D R D R R L L U L U L L L L L L L L L L L R R R R R R R U U U U L U U D D R D D D R R R R R R R R R R D R R R R R D D R D D U U L U U L L U U U U L L L U U U U U U R R L L D D D D D D R R R R R U U U U U R U R U D L D L D D D D D L L D D D D L L L U L L L L L L L L L L L L 
11 24 4 200
808 163 639 146 
L L L U L L L L L D L L R R U U U U U U U L L L R R D D D D D D D D D D D D D D D D R D R D R L U U U U U U D D D D D D R D D D R D R R D D D R R U U U U U U R U R R L L D L D D D D D D L L U U U U U U U U U U U L U U R R R R R R U U U U R U U U U R R U U U R R R W W W W W W W W D R R R R R R R R R R D D D R D D R R D R D D R L U U L U L L U U L U U U L L L L L L L L L L U L L L D D D L L D D D D 
24 95 4 200
208 59 752 623 
D D D D D D D R R D R D R R D D D L L R R U U R R R R R R L L L L L L U L U D L U L U L L U L R D D D R R L L U U U U U R L U U U U L L D L L L L L L D D D D D R R D D D D D D D D D D R D R R R W W W W W W W W W W W W W W W W W W W W W W R R R U R D U R R R U R W W W W W W W W W W W W W W W W W W W W W W W W W W W W W W U U U U U U U U U R R R R R R R D R L U L L L L L L L D D R L D D D D D D D L 
88 14 4 195
591 360 885 181 
L D U U U U L U R R R R U U U U U U R U R R R R L L L L L L U U U U L L R R D D D D D D L D D D D R L U U U U R U U R R D L D D D D D D L L L L D D U R D D D R L D L D D D R R D D R L U U L L U U U L W W W W W W W W W W W W W W W W W W W W W W W W W W W W W W W W W W W W W W W W W W W W W W W W W W W W W W W W W W W W W W W L L D D D D D D L D D L L R R U U R U U U U U U R U D R R R U R 
83 99 5 200
626 85 125 739 102 
D R D D R D R R D D D R L U U U L L U L U L R U R R R R W W W W W W W W W W W W W W W W W W R D D R D R R D D D D D D D R L U U U U U U U L L U L U U L L L L L L U R R R R R R R R R R R D R D D D U U U L U L L L L L L L L L L L L L D D L L L L D D D L D D D L L L L U L U L L U L L L U L U L L D D D D R R R D D D D D R R R R R R R R R R R R R R R U R R R R R R R R U U D D L L L L L L L L D L L L L 
55 81 5 200
268 897 946 404 655 
L L U L U U U L L R R R U R U U U U R R R R R R W W W W W W W W W W W W W W W W R L L L L L L L D D D D L D L D D D R D R R W W W W W W W W W W W D R R R R R R U U U R R U U U U R R D R R D D R L U U L L U L L D D D D L L D D D L L L L L L U U L L U L U U U L L U U U U U L U L U U L U U L L U L L R R D R R D D R D D R D R D D R R L L L U U U U U L L L L L L L L L L L D L L L U U R U D L D D R R R 
32 55 4 195
754 259 813 638 
L D L L D D D D D U U U U R R R R R R D D D D D D D D D R D D D D D D D D D D D R L D D D D D D D L L D D L L L L R R R R U U R R U U U U U U R L U U U U U U U U U U U U L U U U U U U U U U L L L L L L U R R U R R U U U U U U U U U R W R R R R D R D D R R D D D D D D D R D D D D D D D D R D R L U L U U U U U R R R R L L L L U U U L U U U U U U U L L U U L U L L L L L D D D D D D D D D L 
49 46 6 200
198 983 874 974 928 439 
R R R R R D D U U R R R D D R R R R R L L L L D D U U R R R R R R R R R R R U U U L U U L U U L L L L U U D D R R R R D D R D D R R R R D D D L L D L D D R R R R U R U U U U R U W W W W W W W W W W W W W W W W U R R R R R R R R L L L L L L L L D D L D D D D R R R L L L L U U U U U R R R R R R D D R R R R D D R R D R R R R U U U U U R R U U U U U D D D D D D D D D R R L L U U U U L L D D D D D L L 
56 47 4 174
426 309 219 80 
R R R L L L U U U U U U L L U L L R R D R R D D D D D D L L L L L L L L D D R D R D D R D L L R R U L U U L U L U U R R R R R R R U U R R U U U U L U L U U U U R R D R R R D R R R L L L U L L L U L L D D D D R D R D D D R R R R R R R R R R R R R R D D R L U U L U U U U L U L U L L L U D R R R D R D R D D D D L L L L L L L L L L L L L D L L D D R 
17 3 4 44
720 386 91 164 
R U R R U U U D D L L L L L L R R R R R R R R U D L L L L L L L L R R R R R R D L L D L 
64 95 4 200
422 883 1 316 
D D R U U U R R L L L L L L D D L D L D L R U R U R U U R R R R U U U D D D L L L D L D L L L L R R R R U U L L U L L L U D R R R D R R D R U R R R D D D L U U D R D W W W W W R R D D R D R R R D R R R R R R R U R R R R R R R D R R R D D D R R D R R L L U L L U U U U U U L U U U L U U U R R R R R R R D D R D D R R R R U R U D L D L L D U L L U U L U U L L L L L L L D D D R D D D R D D D L L L U L 
34 93 5 62
675 705 32 126 321 
L L L R D D D D L L L L L D R R R R R R R R D U L L L L L L L L U R R R R R U U U U R R R R D U R U R R R U D L L L D L L L 
20 46 4 168
976 760 475 497 
R R U U D D L L L D D D D D R L U U U U U U U U U L D D L D D L D D L L L L L L U U U U U U U D R R R R R L L L L L D D D L L L L U U U U U U U U L U U L L L L R R R R U U D D D D R D D D U U D D D D D D D R R R R R U R R U R R R U R U D L D L L L D L L D L D D D R R R R R R U U R U U R U U R D U U U U U U U R L D D D D D D D D D D R 
90 93 6 159
575 380 480 873 145 886 
D D D D L D D D L U L R U U U U R U U U R R R R R R R R R R L L L L L L L L L L U U U U U D D D D D R R L L D D D L D D D D D R U U U R U U U U L L L D L L L L L L D D R R D R L U L L U U R R R R U D R R U R R R R D R D D D R D D D D D L L L L L L L D W W W W W W W D D D U U U U R R R R R R R U U U U U L U U U L U L 
31 84 5 164
731 481 822 81 216 
D D R R R R D R D U U U U U U U U R U U U R U U U U R R R R R U D L L L L L D D D D R D D D D D D D D R R D D U U R R U U R U R U U D D L D L D D L L L L U U U U U U U U L L D D L L L L L R R R R R D D D R R D R R L L U L L U U U U D D L L L L L L R R R R R D D R R R R R R L L L U U U U D D D D L L L D D D D D L U L L L L U U 
73 54 8 200
225 807 597 680 504 361 148 665 
U R U R R U R R R R R D U R U U U U R U R U R L D D D U U U R R R U U R U U U L L U D R R D D D L D D L L D U L D L D L D D L W W W W W W W W W W W W W W W W W W W W W W W W W W W W W W W W W W W W W W W W L U U L U U U U U U L L L L L L L L L L L U D R R R R R R R R R R R D D D D R R R R R U U U U U U U U U U U L L L L L U L L R R D R R R R R D D D D D D D D D D D L L L L L D D R D D R R D D L L 
79 80 4 156
518 799 863 134 
L L L U L L L L U L L L U U U L U U U U R L L L U U L U L L U L U U D D D D D L R R L U U U R D R R R U U U U U L L L U L L L U L L L R R D D D U U U R D R R R D R R R D D D D D L D L L D L L L L L D U R R R R R U R R R D D R R D D D D R D D D R R R D R R R R D R R D D D U U U U U U L U L L U D R R D R D D D R 
60 95 4 200
104 137 282 307 
L L L L L L L L D D D L L D L L D U R R U R U D R U U U R R R R R R R U U U R R R R U R L D L L L L D D D L L L D D D R D D R L U U L U U U R R R R D D D R R D W W W W W W W W W W W W W W W W W W W W W W W W W W W R R R D D D D L L D D D D L L L D D D L L L R R R U U U R R U U L L U L L L U U U U L L R R D D D D R R R D R R D D R U U U U R R D R D R D D D D D D D U U U U U U U L U L U U U U U L L 
49 51 6 188
898 587 492 746 18 607 
R R L L L L U U U U U U U U U U L L L L U U L U U L U L U U U U U L U L L U L U L R D R D R R D R D D D D D R D R D D R D D R R R D D L L L L L D D L D D D L U U D D R U U U R R R L L U U R R R R R U U R D D D D L L D D D D D D D D R R R R R R U U U U U U U U R R R L L L D D D D D D D D L L L L L L U U U U U U U U R U U U U U U U U U D D D D D D D L R D D R D D D D D D R R 
40 30 5 182
590 526 244 729 950 
R R R R R U U U U R U U R U U U U U U U U U L L L L R R U U R R L L D D R R D D D D D D D D D L D D L D U U U U R R U U R R R U R R R R U R U D L L L L L L L U U U U U U R R R R U R U U R R L L D D L D L L L L D D L L L L L L L L R R R D U R R R R R D D D D R R R R R R D R D L R R R R R R D R D U L U L L L L L U L L L L L D L L L D D L L D D D D D D D L L L L L 
40 7 5 200
744 877 757 979 167 
R R R R R R R U U R R U U U L U D R D D D R D D R D R R R R D R R L L U L L L L U L U U U U D D R R R R D D R R D D D R R D R R R D R R D U L L U L L L U L L U U U L L U U L L L L L L L D D L L L R R R R R R R R R R R R U D L L L L L L L L D D D U U U L L L L L L L L R R R D D D R U R R R U W W W W W W W W W W W W W W W W R D D L D W W W D U U R U U R R R U U U U U U U D D D D D D D L L L L D L L 
82 89 4 114
58 573 960 887 
D D L L L D L L R R U U U U U U U U L L L L U L L L R R R D R R R R D D D D R R R L L L D D L L L U U U L L L L U D R R R R D D D R R R D R R R D D D D D D D R R D U L L U U U U L L L L L L R R R R R U U U U D D D D R U U U U U 
49 79 5 173
662 462 141 200 610 
R D D D D D L D D L L L D L D D D D D U U U U U R R D D U U R R D D U U L L L U U U U U U U U U D D D D D D L L L L U L U L W W W W W W W W W W W W W W W W W W W W W W W W W W W W W W W W W U U U L L L L L D L L D D D D D D D R R R D D R R R D D U U L L L U U L L L U U U U U U U R R U R R R R R D D D R D R D R R R R D D R R R U U R U U U U U L 
40 98 4 200
956 449 277 260 
R D R D R D R R R L L L U L L L L L L D L L L L L L D L D D L L L L U U U L U L L L L D L L L L L L D L D D D D D D R R R D D D L L L D L D D L L D D D D L D L D D U U L L L R R R U U U U U U D D R L D D D D R U R U U U U R R U U U U L L L U L L U L U U R L D D R D R R D R R R D D R U R R R U U U L L L U U U U U U R U R R R R R R U R R R R D R D D D R R R R U U R U R R R R R R U R R R R R U L U L 
69 53 4 160
748 57 542 628 
L L L U U L U U U U U L L D D L L L L U U U U U U U D D D D R R R R R R R R R R D R R R R R R R R R R L L L L L L L L L D U L U U U D D L L L L L L L U U U D D D L L L D D D R R R R U U R D D D D D D D D R D U L U U U U U U U U R R R R R R R L L L L L L D D D D D L L L D L L D D L D L R U R U U R R U R R R R D D R R R 
7 52 5 200
5 96 465 689 333 
R R R R L L L L D D L L L D U U U L R U U U U D D D D D D R R R D D D U R R L U U U U R R R R R R R R R U U U U U R U U U U L U U U U U L U U U U R R R U U R R U U R R U U U L L L L L L L L U L L L D D D L D L L L U U U U U U U U U U R R R R D U L L L L D D D D D D D D D D R R R R R R D D R D U L U U L L L U L U U U L R D D D R R D D D D D D D D D D D D D D R L U U U U U U U U U U U U U U U U U R 
88 80 7 200
835 51 982 466 229 833 734 
R R R R R R R R D U R L L L U U U U R R R U D L D U L L U U U R R U U U U U U U U L U L L L L U L U U L L L R R R D D R D R R R R R L L L U U U L L L L R R R D U R D D D R R D R D D D D L L U U L U L L L L U U L L U D R R D D R R R R D R D R R R R U D L L L L L U U L L L U L R D R R R D D R R R R U R W W R U W W W W W W W W W U U U L L U D R R D D D D L L D L L L D R R D D D U U D D D L L D D D D 
69 95 4 114
536 812 14 773 
R U R R U R U R R R R L L L L D L D L L D L R R U R R D R R D D D U U U L L U D R D R D R D R D R R R R R D R D D D D D D D R L U U U U U U U L U L L L U D L L U L L D L L R R U R U R R R R U U D D L L L L L U L U L U L L D L L 
73 38 4 68
454 917 780 327 
U D D D D D D D D D R R R R R R R D R R R R D R D R R D D D D D D D D U U U U U U U U L L U L U L L L L U L L L L L L L U U U U U U U U 
62 25 6 200
798 427 630 130 603 149 
U U U R R L D D D D D D D L D D D L R D R D R R U R R R R R U R L D L L L D D D D D D D L R U U U U U U R R R R R L L U D L L L U R R D D D D L L D U R R U U U U L L L L D L L U L U U U L R U R U U U U U U U L U L U L L D D L L D L L D D D D D D D D D D D D D D D D D L D D D D R R D D R D D D D R L U U U U R R R U R R R U R R R U U U U D D D D L L L D L L L D L L L L U U L L U U U U R U U U U U U 
1 6 3 200
195 674 365 
R D D L D D U U L U U D D D U R R R R R R R R D D R R R R R R R D U L L L L L L L U U L L L L L L U U L R R D R R R D D R R R D R R R R R R R R R R R U R R U R R R R R R R R U U U U U R R U U U R R R U U U U U U U R R R R D D R D D D D D D U U U U U U L U U L L L L D D D D D D D L D D D D D D D D R D U L U U U U U U U U U U U U U U R U R R R R R U U R R D D D D D D D D D R R R R U U D D L L L L U 
55 87 5 90
23 371 614 191 66 
R U D L D D D D D R D D L L L L U L U L L U L U U U U L L U U U L U U L L L L L U L R D R R R D U R R D D R D D D R R D D D D R D R R D R D R R R R U U L U U U U U U U U L R D D D 
19 23 4 200
701 711 314 410 
U U U U L L L L L L L U U L R D D R R R R R R D D D D D D D R R R R R R U U U U U R U U U U U U U U U U U L L R R U U U R U U R U R D D D U U U L D L D L L L R R R D L D D D D D D D D D D D D D D L D D D D D L L D U U R U U U U U R R D R D R R D D R R D D R D D D D D R D U L U U U U U L U U L L U U L L L R R R D R R D D R D R R R R U U U U L L U L U U U U U L L L L L L L L L U D R R R R R R R R R 
7 21 4 184
574 889 450 747 
U R R R R R U U U U L U L U U U R R R R R U U R R R R D R D D R D D D D D D D R R L L U U U U U U U L U L L L R R R D R R R D D D R L U U U L L L L L L D D D L D D D D D D D D D D D D D D D D L L U D R R U U U U U U U U L L L L L L L L R R R R R R R R U U U U U U U U R U U U R R R U U L U L L L L D D L L L L L D D D L L L L D U R R R R U D R D R D D D D L L L L L D 
22 68 4 200
82 443 196 959 
D D D D L D D D D D D U U U U U U R U R R R R L L L L L L L L L R R R R R U U R R R R R R R L L L L L L L U R U U R R R R U R U R R D R D D R R R D D U U L L L U U L U U U U U U U R R U R R W W W W W W W W W W W W W W W W W W W W W W W W W W W W W W W W W W W W W W W W W W W W W W W W W W W W W W W W W W W W W U R R R R D R R D D R D D U U L U U U U R U U R U D L D D L D D L L L L L D L L D D L R 
52 79 4 200
936 412 65 580 
R R R R D R R L D D D R R R U R R U U R R U U U U U U U R U D D R D D D R R D R R R R R R R D R R R D R R U U U U L L U L L L L L U L U U U L U U U L L L U L U U R R R R L L L L D D R D R R R D D D R D D D R D R R R R R D R R D D D D L L U L L L U L L L L L U D R D D D D D R D D D U R D D D D D D R D D U U L U U U U U U L U U L U U U U U L L L U L L U D L D D D D D L D D D L R U U U R U U U U U R 
48 52 4 200
656 123 458 507 
R R U R U U U U U U U L L U U L L L U L L R R D R R R D D R R D D D D D D D L D D U L L U U U U U U U U U U R U R U U R U R U U U U U U U U U U R U U L L U U U L U U L U U L U U L L U U L L L L U L L U U U L L D L L L L L L L D L L D D D D D D D L D D D R R R R R R D R R R R R R U R R U R L D L L D L L L L L L U L L L L L L U U U R U U U U U U U R R U R R R R R R R U R R D D D R R R R R R R R L L 
53 88 2 70
304 894 
U U L R D R L L L L L L L U U U R U U U U U U U L L L R R R R R R R R R R L L L L D D D U U U R L L L L D D D D D D D L D D D R R R R R R D 
81 3 4 178
205 347 355 642 
D L D U R U R R R R U U U U U U U U L U U U U U U U U R R U U U U U U L L D D D D D L D D L D D L D U R U U R U U R U U R L D D L D D D D D D D U U U U U U U R U U U U U R R D D D D D D R R D D R D D D D D D D R R R R D D R R R D D R D D D D D D U U U U U U L U U L L L U U L L L L U L R U U U U U U L U U L L L L D D D D D D D D R D D D D D D D D L L L L 
44 46 6 200
888 557 68 914 218 768 
U U U U U U U U U U U L L L U U L U L L R R R L U U D D D L L L D D D D U U U U R R R R D D R R R D D D R L U L L L L L L L L L D U R R R R R R R D D U U U L R D R R D D D D D D D D R D D D D D D D D D U U U U U U U U U L R R R R R R U R R U U R R R U R R U U R R U U U R R R R U R U U U U R R U U U U U R R R R R R D D R R R R R R U U U R R R L L L D D D L L L L L L U U L L L L L L D D D D D L L D 
61 34 3 94
932 594 631 
L D D D D R R L L U U L L L L R R R D D D D U L L L D D R D L D D D D D D D D D R R R L L L D U U U U U U U U U U R U L U U R R R U R R D R R R R R D D D U U U L L L L L U L L U U R U U R 
92 22 5 200
415 193 445 152 995 
R U R R R R U U U U L L L L L L U R R R R R R R L L L L L L L D R R R R R R D D D D L L L L D L D D L W W W W W W W W W W W W W W W L L L U U U U L U U U L L U L U L L L L L L L L D D L D L L D L D U U L U U U D D D R D R R L U R R U R U U R R R R R R R R D R D R R D D D R R U U U U R U R R R R R U U U R L D D D L L L L L D L D D D D L D D D D L L L L L D D D D D L L R R U U U U U R R R R R R R R 
22 10 3 94
924 332 534 
D D D D D R L U U U L L L D D L L L L L L L L L L L L L U L L U U D D R R D R R R R R R R D D D U L L U L L L L U U U L L U L L R R D R R D D D R R R R D R R U U R R R R R R U U R R R U U 
17 58 4 140
303 567 227 171 
L L L L L L L L L L L D L L R R U R R R R R R R U U U U U U D D D D D D L D D D U U U R U U U U U D D R L U U U U U U U U U U L L L L U L L U U U L L U U L U U L U U U L U L L R R D R D D D D D D L D U R U U U R D D R D D R R D D D R R D R R R R D D D D D D D D D D D D D R R R R 
14 77 2 68
478 3 
D L L L L L L L R R R R R D D D D U U U U R R R R D D R D R D D D D U U U U U U U R U U D D D R L U L D D D L D L D U R U U L U U L L U 
77 34 6 200
311 907 810 643 778 902 
U R R U U U U R R R U R R U D D D D D R D D D D R R R U U R R D D D L L L D R R R D D D R R D R D R D D U L L D L D D U U R U R R U L U L U L L U U U L L L U R R R U U U L L U U U U U U U R U U R U R L D L D D L D D D D D D D D D L L L U U U U L L L L L R R R R U U U U L L L L U U U L L L L U L L R R U U R R L L D D D R R R R D D R R R R R R R R R R R R R R L L L L L L L L L L D D D U U U L L L L 
47 1 3 200
421 108 809 
L L L L L L L R R U U U U R R R R R R R U U D D R R R R R W W W W W W R L L L L L L L L L L L L L U L L L U U R R R R R R U R U R R R R U R U R R R R R U U U D D D R R R R R R R R L L L L L L L L L L L D D R R R R D D R D R L U L U U L L L L U U U U U U U U R L D D D D D D L L D L D L L D D D D D D L D L D L R U R U R U U U U U U U U R U U U D D D L D D L L D L D L L L L L L D D R R R D D D D D R 
9 7 3 177
0 487 636 
U U U U U U U U R U U U R R R R L L L L U L U L L L U U U D D D R R R D R D D D D R R R R D D D L L D L D D D D W R R U R R R R U U R R R U R R R R R R R R R R U R U U U U U U R U U R R U R R R U U R R R U U U D D D L L L D D L L L D L L D D L D D D D D D L D L L L L L L L L L L D L L L D D L L L L D L L U U U U R U R R U U U L L L L L D D D D D D D D 
56 89 4 144
441 189 72 158 
R D D D R D R D D D D R L D D D D D L R U U U R R R R L U U U U U U U L R D D D D D D D L L L U U U U U L R D D D D D D D U U U U U U U U L U U D L D D D D L L L D U R R R U U U U U U U U U R U U U U U U U R R R R U D L L L L D D D D D D D L D D D R R R R R R R U U D D L L L L L L L U L 
81 9 6 200
686 467 62 86 117 672 
D R D U L L L L L L D L L D D D D L D D L D U R U U R U U U U R R U R R R R U U U U U U U U U U U U U U U U U U R L U U L U D L D D D L D D L L D L L L L U U U L U U U U U R U U R U U R R R L L L D D L D D L D D D D D R D D D R R R R U R R U U R U D L D D L L L L U L U U U R U U R R U R R R R R R R R R L L L L L L L L L U U L U D R D D D L L D D L D D D R D R R R R U U R U U U R R D D D D D D D D 
27 44 4 200
242 128 144 645 
D R R D D R R R U U U U U U U R R U D L L D D D L L L L L L L R R U U U U L L L D D L L D D D D D L D D D L D D D L L D L L L D D U U R L L L U L L L L L L D D U U R R R R R R D R R R R R R R D R R R D R R D R R R D D R L U U L L L U L L U L L L U L L U R R U U U R U U U R U U U U U R R U U R R R D D D D R R R R R D D D D L L D D D D U U U U L U U L L U U U U U U L L L D D L L D D D D U U U U R R 
60 25 7 200
618 865 170 832 823 927 290 
L L L D D D D D D D R R R D R D R D D R D U L U U L U U D L U L L L U U U U U U U R R R D D D D D D D R D D R D R R R R R D R L U L L L L L U L U U L U U U U U L R D D D D R D D D R U U R R U U U U R U R U U D D L D L D D D D R R D R R R L L L U L L U U U U U U R R U U R R R R R D D D R D R D D R D D D D D D U U U U U U L U U L U L U U U L L L L L D D L L D D D L L L R R R D D D L L D D L U U U L 
88 43 6 200
613 385 379 461 987 397 
U U L L L L L L R R R U U U U R R R U U R R U U U U U U U R U U U U U U U U U U U U U U L U L U D L L L L D D D D D L D L L L D D D U U U R R U U D D R U R U U U U U R R R R R D R D D D D D D D D D D D D D D L L R R U U U U U U U U U U U U L U L L L U L U U L U D R R R R U R U R U U U L L L L L L L L L L D L R U R R R R R R R R R R D D D L D L D L L L D D R D D D D R R L L U U U R R R D R D D D D 
16 96 4 200
797 939 138 961 
D D D D L R U U U U U R R R R R R R U R R R R D D D D R R D U L L U U U U L L L L D L L L L L L L D L L D W W W W W W W W W W W W W W W W W W W W W W W W W W W L D D D D D D D U U U U U U U U U U L L L L U L L L L L L D L L L D D D D D D D D D U U U U U U U U U R R R U R R R R R R D R R R R D D D D D D D L L L L U L R D R R R R U U U U R R R R R R R R U R R R R D D L L D L D L R U R U R R U U L L 
36 63 4 140
670 859 803 288 
U R U U R L D D L D D D D L L U L U D R D R R U U U U U U U U U U D D D D D D D R R R L L L D D D D D D D R R W W W W W W W W W W W W W W W W W W W W W W U R U R U U R U R R R U R R U R U U U U U L R D D D D D L D L L D L L L D L L L L R D D U U R R D D L D L D L L U U U U U U U 
50 28 4 200
114 469 37 569 
L D U L L L L L L R R D D D D D D D L L L L L L L L L L L D D D D D D L L D L R U R R U U U U U U R R R R U D R R R R R R D D D D D D D R L U U U U U U U R U U U U U U U R R R R R L L D D D D D D D W W W W W W W W W W W W W W W W W W W W W W W W W W W W W W W W W W W W W D D D D D W W W W W W R R D D R D D D D D D D D D D D L L L D L L R R U R R R U U U U U U U U U U U L U U L L D D D L D D L L R 
69 99 5 164
516 228 611 606 19 
R R R R R R L L L L L L D L D D D D R R R R R R L L L L L L U U U R R R R R R R R D R R R R R D R D R R D D D D R D D D R D U L U U U L U U U U L L U L U L L L L L L R U L L L U U D D L L L L L D D D R R R R D D D D U U U U L L L L U U L L L L L D D D U U U R R R R R R R R R R D D R R D D U U L L U U L L L L L U L L R R U R U 
35 35 3 200
698 150 965 
L U U U L L L U U L L L L U D R R R R D D R R D D D D D D D U U U U U U U R U U U U U U U U L L L U L L L U U U L L L L L D D L L D D D D L L L D L L L L L L L L L L L L L L L L U L U U U U U U U R U U R R D D D D D D D R R R R R U U U R R R U R R D D L L L D L D D D R R L L U U U R U R R R U U L L D L L L D D D L L L L L U U U U U U U L L D D L D D D D D D D R D R D D D D D U U U U U R R R R R R 
57 62 6 184
127 981 788 45 300 206 
L L L L U U R R U U U D D D L L D D R R R D D L D L R U R U U R R U U U U R R R R R R R R R D R D R D D R L U U L U L U L L L U U D D D D D R R D R R L L U L U U U R U W W W W W W W W W W W W W W W W W W W W W W W W W W W W W W W W W W W W W W W W W W W W W W W W W W W W W W R R U R R L L D L L D L D D D L D L R U U U U U U R R U U D D L L D D L L L L L L D D D D L 
25 48 4 200
384 539 214 828 
D D L D D D D D D D D L D D U U R U U R R R R R D D R D D D U U U L U U L L L L L U L L D D U U R R U R R W W W W W W W W W W W W W W W W W W W W R D D R R D D D D R D R D R R D D D D D D D R R R U R R R R R R D D L L R R U U L L L L L L D R R R R R R R R R D R L L L D D D D D R D D D R L U U U L U U U U U R R U L L U D L L L L L L L L L L U U U U U U U L L U L U U U U U U D D D D D L U U U U L L 
47 34 4 134
78 562 703 949 
R R R R R R R U R R R R R R R R D R R D D D R D R R R R R R R D R D R R R D R D U L U L L L U L U L L D D U U L L L L L U U U U U R L U L L L L L L L U U L L R R D D R R R R R R R D D D D D L U U U L L U L L L D U U U R R R U R L D L L L D D L L L L L D L L L L L L L 
1 5 4 198
70 531 112 627 
W W W W W W W W W W W W L W W D D R R R R D R R L L U L L L L U U U U R R U U U U U U U L U U U U U L U U U U U U U U U U U U U R R R R D D D D R R D U U R U U R R U R R D R R R U U U L L U L L L R R R D R R D D D L L L U L L D L L D D L D L L U U U U L L L L D D D D D D D D D D D D D R D D D D D R D D D D D D D R R R D R R D R L U L L U L L L L U U U U U L U D R D D D D D L D D R D R D U L U 
3 93 3 170
592 503 559 
L R U U R U U D D L D D D D D D D D D R L D D D D D D D R R U R U U U U U R U U U U U D D D D D L D D D D D L D L L U U U U U U U U U U U U U U R U U U U R U R R R D D R R D R R D D D U L L L L L D D D D R R D D R D R L U L U U L L U U U U R R R R R U U L L U L L U U L L L L L L L L D D D D D R D U L U U U U U R R R R R U D D L D D D D L 
99 65 9 200
719 337 577 302 238 177 599 925 842 
L D D D D D D L D L L R D D D D D D D D D D D D D D D D D D U U U U U U U U U U U U U U U D D D L D D L D L D R R R R D U L U U U D D D L L L U R U R U U R U U U U U U U U U U L L L R R R D D D D R U R U U U U U U D D D L D L D D L D D U U R U U R U R U U U R U U U U U U U U L L L L U R U U U D D D L D R D D D D D D D D D D D D D D D D D D D D D U U U U U U U U U U U U U U U U U U U U U R R R D D 
54 72 4 164
806 818 678 153 
R R U U R D D R D R R U U R U R L D L D D L L D D D D L D D D L D D D D D D R L U L L L L L L U L R D D D D D D D D D D L L L L U U U U U U U U L L L L R R R R D D D D D D D D R R R L L L L L L L L L D D U U R R R R R R U U U U U U D D D D D D R R R R U U U U U U U U U R R R R R R U U U U U R U U U R U U U U U L U U L D D L L 
2 34 7 200
257 899 543 399 402 766 763 
R R R D U R R R R R U R L U U U U U L L U D R R D D D R R L D D D D D D U U U U U U L D L L L L L R R R R R D D R D R D R L U L U L L L L L U U U U U U U U L L L L D L R D D D D R L U U U U U R R R R D R R R R R R R R R R D D D D D D R D R D R R R R R D R R L L U R R R R U L U U U R R U D L L D D D R D L L L L L L L L L L L L L L L L D D D L L D D D U U U R R U U U R R R R R R R U L U R R R R U D 
37 71 3 176
650 428 563 
L L L L D D D L L D D D D L D U R U U U U R R U U U R R D D D D D D D D D D U U L L L L U D R R R R U U U U U U U U R R D W W W W W W W W W W W W W W W W W W W W W W W W W W W W W W W W W W W W W W W W W W W W W W W W W W W W W W W W W W W W W W W W W W D L D L D D L L L L U D L L D D D D D L L L D L L R R U R R R U U U U U R R R R R R U U R U R U U 
16 53 9 189
479 30 165 113 41 952 249 376 930 
L L L L U L L L L L L L U U W U U U L L L U U L U U U D D R R R R L L L L D R D D R R R D D D D D R R R R R D U U U L U U U D D D R D L L U L R R R U U L L L U L U L L D L L U U D D R R U R R D R R R R R U U U U U U U U L L L L L L R R R R R R U U R R R R U U U R R L L D D D L L L L D D D D D D D D D D L L L L D R R R D D L L D R R D R R D R R R U U U U U U D R L D D D D D R 
48 38 3 200
707 115 60 
R R R R U R R R R R R R R R U R R R R R R R R R R R R R R R R R R R R U D L L L D D D D U U U U U U U U U U U L L L U L U U L L R R D D R D R D D D D U U U U R R D D D D D D R R R R R R R R D D D U U U L L L L L L L L L R D L L L L L L L L L L L L L L L L L D L L L L L L L L L D L L L L D D D L L D D R R R R R R R R R R R R R R R D D R D R R R R R R R U U U U U U U R L D D D D D D D L L L L L L L 
45 75 5 200
417 47 793 201 875 
L L D U U L U U U L U L L R R R R R L L L L L L L L L D D L L D D D D D D D U U U U U U U R U U L L L U L U U U U U U U R U U U U U D D D D D L D D D D D D D R D R R R D D R U R R R R R D D U U L L L L L U L L L L U L U U U U U U R R U D L L D D D D D D R D R R R R R R R R R R R R U R U D L D L L D R D D D D D L L U L L R R D R R U U R U U U U U U U U U L L L L L L D L D L D L L R R U R U R U R R 
30 98 3 200
955 866 879 
R U D R R R R D D R L L L L L L L L R R R R R R R U U L L L L L L D D L L L W W W W W W W W W W W W W W W W W W W W W W W W W W W W W W W W W W W W W W W W W W W W W W W W W W W W W W W W W W W W W W W W W W W W W W W W W W W W W W W W W W W W W W W W W W W W W W W W W W W W W W W W W W W W W W W W W W W W W W W W W W W W W W W W W W W W W L R R R R U U R R U R D D D D D D D D U U U U U R R L L U 
0 59 5 200
570 706 50 988 926 
D D D D R R D R D U L U L L U U U U U U U U U U R R R R R R R R R R D D D D D D D D R D R L U L U U U L L L L L L D L L D D D L R U U U R R U R R R U U U D L L L L L L D D D D D D D D D D L D D D D D D D D D D R D R R L L D D D D D L D D R D R R R R R R D U L L L L L L U L U U U U U D D D R U R R R U U U R U U R R R R R R R R R R R R D R D R R L L U L U L L L L L L L L L L L L D D L D D D L L L U 
0 11 2 44
745 524 
R U R U R U U D D D D D D D D D D U U U U U U U U U U R R U R L D L L D D L D L D L D U 
0 79 7 200
964 52 772 777 493 891 869 
D D D D D D R D D L R D R R D U R R R R R R R R R R U U U U U R R L L D D D D L L L L L L L L L R R R R R R R R R D L D D D D D D D D U U U U U U U U L L L L L L L L L L L U U U L U U U U U U R R W W W W W W W R R R U U R U R W W W W W W W W W W W W W W W W R U U U U U U U U L U U U U U U U R U R R R R R R L L L D D D D D D R D R D D D R R R R D D U U L L L L U L L L L R R R R U U U U U U U U R R 
17 19 6 198
664 770 364 367 420 622 
D D D D R R D D D D D D R L U U U U L R D D D D L D L L R R U R U U R R R L L U D L L L L D L L L L D D D D L R U U U U R R R R U R R R U U U U L L U U U D R D R D R D R R R D D R R R R R R W W W W W W W W W W W W W W W W W W W W W W W W W W W W W W W W W W R R U U L U L L L R R R D R D D L D D L L L L D D D R R D D R L U U L L U U U R R R R U U L L L L L L L U L L R R U L L L U L U L U L U U 
82 64 5 166
184 224 755 299 700 
D L D L L U L L L L L U U U L L U L L U U U R R R R R R R R R R R D D U L L L L L R R R R R U L L L L L L L L L L L D D D R R D R R D D D R R R R R D R D D D L L L L L L L D D L D L R U R U U R R R R R R R U U U R U R U U U U R U U U U U U U L L L L L L L U U U U L L R R D D D D R R R R R R R D D D D D D L L L L R R R R D L D D D 
88 60 6 200
677 53 568 179 795 296 
U U L L D D R D R R R R R D D R R L L U U L L U D U U U U U U U U U U U U L L U D L L L L L D D D U U U R R R R R R R D D D D D D D L L R R U U U D D D D D D D D L L L D D D L L D L L L L L L U R R R R U U U U R U R L D L D D D D L L L L D R R R R R R U R R U U U U L U U R R D D L D D L L L L D D D D D D D U U U U U U U W W W W W W W W W W W W W W W W W W W W W W W W W W W W W W W W W W W W L R R 
95 15 5 200
830 840 319 169 485 
U L L U U U L U U D D R R R R R L L L U U R R R R U U U U R U U U U L L U U U U U R R L L L L L L L L U U U U U U U U U U U U U U U L L R R D D D D D D R R R R R R R R L L L L L L L L D D D D D D D D D R D D D D D L L D U R R U U U U U R R R R R R R U D L L D D D D D R R D D D D L D D D D L L L L D D D U R R R U U L U L U L L L L U L L L L U D R R R R R R R R R R R L L L L L L L D D L D L R U R U 
79 14 3 110
637 318 941 
L L L L D D D D L D L D D L D L D D D D L L D L L D L L U U U U L R D D D D R R U R U U U U U U U U D D D D D D D D R U R R U R R R R R R U D L L L L L L U U U R U R U U R U U L R D D L L D D U U R R U R U U U U R R R R 
28 0 4 197
765 107 354 278 
U U L U L U L U L U U D D R D R D R D R D D R R R R L L L L U R R R R R L L L L L L L L L L U L U L L U U U D D D R R D R D R R R R R D R R R R R R W W W W W W W R R R R R W W W W W W W W W W W W W W W W W W W W W W W W W W W W W W W W W W W W W W W W W W R R R R R R R R R U U L L L L L R R R R R D D L L L L L L L L L L L L U U U U U U U U U U U L U D R D D D D D D D D D D D L L L L L L L L 
32 64 4 200
425 774 151 954 
U W W W W W W W W W W W W W W W W W L L D D D D D D D R R D R L U L L U U L L L L L L R R R R D D D D D D D L L L L D L D L D L L U L L L L D D D D L D L L L D L R U R R R U R U U U U R R R R D R R U R U R R R R D R R D D D R U U U R U U R U R R R R U R R R D D D D D U U U U U L L L L U U U L R D D D R D L L L D D D D D U U U U U R R R R U R R D D D R R D D D D D D D D U U U U U U U U L L U U U L 
65 20 4 200
671 992 916 742 
U D D D L D U R U R U U U R U U R R R U U U U D D D D D D D R R D D R D D D D D D D L D D L L L L L L L D L L D L R U U U U D L L L L L L L L L R R R R D D W W W W W W W W W W W W W W W W W W W W W W W W W W W W W W W W W W W W W W L D L D D D D L R U U U U R U R U U R R R R U D R D D R R U R R R R R L L L L L L L L R R R R R R D D D D D D D D D U U U U U U U U U R R R R U U R U U U U U U U L U U 
38 54 7 200
837 520 550 226 600 971 658 
D L D D D R D D D D D D L D D D D D D D D D D R D D D R D D R R R R R R R R R R R R D D D D D D D D D L D L D D D D L D L D D D L L D U L L L L U U U U U U U U U D D D D D D D D D R R R R R R U U U U U L L L D D D R L U U U R R R U U R U U L U L U U L U L R D R D D R D R D D L D D D D R U R U U U U R U R U U U U U U U R R R L L L L D L R U R R R R U R R L L D L L L U U L L L L L L L L L L L L U U 
18 92 5 156
283 393 736 712 463 
R R R R D D L D D L D U R R L U L L L L L L R R R R R R D D D D D D D D D D R R D R R R D D D D D D D L L L U D L D L D D L L L R R R U U R U R R R R U R L U U U U U U U U U U U U U U U R U U U D D D L D D D D D D L L L R R R D D D L L L U L L U U U U U U U U U U U R U R R R R R R L L L L L L L L R R U L L L L 
89 55 6 200
293 252 710 351 836 697 
D D L L D L L D D L D U R L L L L L L L U L L L L U L U L U U L L D D D L L L L L U L U U L U L L U L L L U L L L D D L L R R U U R R R D R R R D R R D R D D R D R R R R R R D R D R D R D R R R R R R L L L L L L U L U L U L U L U U U R R U R U R R L L U U U U U L L L L U L U U L L R R R R R L L L D D D D D D D D D D U U U U U U U U R D R R R R D D D D D D L D D D R D R D L L L L L L R R R R R R R 
21 56 11 168
848 688 861 942 267 440 860 446 329 335 749 
U R U R R R L L L U U U U D L L U U U D R L D L L L L L R R R R R U U U U R U D R R R R R R R R R R U U R R U L L L U U U L L R R D D D R R R D D D D D D D D L L R R U U U U U U U L L D L L L L L L L L R R R R R R R R D R R D R R D D U U L L U L L L L L D D U U L L U U U D D D L L L L L L D D D D D R D U U U U L R D D D R D D D D L D 
