100
33 11 7 200
403 405 407 190 791 75 93 
D R R R R D D D R D D R D R R D D R R L L U U L L U L U U L U U U L L L L U L L L U L U L U U U U R L D D D D R D R R R U D L L L U L U U U L L R R U R R U L L L L U U L L R D D D D D D U U U U U U R R R R R U U R U R R U R R R R R R R R R R R R D D L L L L D L D L L D D D D D D D D U U U U U U U U R R U R U R R R R U U L L L L L L L L L D U L L L U U U R R R R R U U D D L L L L L D D D D L L D L 
34 93 8 200
675 705 414 47 936 189 72 66 
L L L R D D D D R R R R D R R R R D R R D D R R R R R D D D D D D D R D D D U U U L U U L L R R U L L D L R R D R R D R R R R R R R R R R L L L L L L L L L L U U U U R R R R R R R R R U R R U U R U R L D L D L R D R D R D R R D L L D L L D D U U R R U R R U L L U L U L L U U U U D D D D L D L L L D U R U U W W W W W W W W W W W W W U U L U U U U D D D D R D D D D L L L L L L L D D D L L U L U R R 
52 32 4 172
590 638 729 7 
L L L U U U L L U U U U U U U U U U L L L L R R U U U U R U U D D R R R R D D R L U U L L L L L L L L L D D D D L R U U U U R R R R D D D D L D L R U R R R D R R R R R R R R R R U U R U U U U U U L L U U D D R R D D D D D D L D D L L L L L L L L L L D D D D D D D D R R R R R L L L L L U U U U U U U U U L R D D D D D D D D D D R R D D D R R R 
2 69 6 136
772 964 52 592 171 528 
R L U U L L R D U R U U U U U U U U U U U U U U U U U U U U U U U R U R U U D D L D L D D D D D D D D R R L L D D D L L R R D D R L D D D D D D U U U U U U U U U L U U U U U U U U U U U U U R R R R R R L L L L L L D D D D D D D D D D D D D R D D D D D D D D D D D D D D D 
27 76 3 200
208 76 388 
U U U U U U U U U U U D D D R R L L D R R U U R R R R R R L L L L L L D D L L D D D D D D D D D D D R R R R R R R D D D L R U U U L L L L U U U U U U U U U D D D D D D D D D R R R R R U R U U U L L R R D D D L D L L L L L L L L U U U U L D L R D D R R R D R R L L U L L L U U U U U U U U U U U L L U U U U L L L U L L L L L L L L U D R R R R R R R R D D D D D D D D D R L D D L L D L D D L D L D L R 
40 98 3 200
956 946 191 
R R R R R R D D D L L D L D L L D D D R R R R R R R R D R D D D D U U U U R R R R R U R R R R R R L L L L L L D L D U L L L L L U L L L L L L L L U U U R R U R U R R U U U L L L L L L L L W W W W W W W W W W W W W W W W W W W W W W W W W W W W W W W W W W W W W W W W W W W W W W W W W W W W W W W W W W W W W W W W W W W W W W W W W W W W W W W W W W W W W W W W W W D D D D D R R R D D D R R U D L 
56 31 7 124
594 631 927 865 832 618 845 
U D R R D D R D U L L L L L L L D D R R R D R R D D D D D D D D R R D L L D L R U R R U U R R U U R U U R R R U U U R L D D D L L L L L L R R R R R U R U R L D L D L L D D L D D L L D R R L L L L U U U U U U U U L L U L L L U U R R R R R R U U L L 
28 34 4 200
384 926 711 531 
L L L L U U L R U U U U D D D D R R R R R R D U L L L L L L U U U U L U D L D U L L R R D D R D D U U L U U R R R R R U U R D D D U U U L D D L L L L R D D D D D D R R R R L L L L L L L W W W W W W W W W W W W W W W W W W W W W W W W W W W W W W W W W W W W W W W W W W W W W W W W L D L L L L L L L D D L D D D L L L L L D L R U R R U U U U U U U D D D D D D D R R R U U U R R L U U R R R R R R R U 
82 64 6 200
184 504 795 665 57 595 
L D L D D D R R R R U R R R U R U U U U D D D D L D L L L D L L L D D D L D D U L R U R U U U R U R R R R L L L U U D D L D L L L R R D D D R R D D D R D D L L L D L D D L D L D L L L L D D D D D D D R R D R D R D D D R D R R R D R D D D D R R U R R R R R R D R D R D D R R D R R R R D D D D D D D D D D D D D L D L L R U U U U U L L L L D D D D D D L L L D U U U U U U U U D D D D D D D R R R U U U 
74 8 4 200
637 318 661 312 
D D D L L D L D D L L D L L D L L U U U U L R D D D D R L L L L L L L U U U L R D D D R R R R R R R R U R R U R R U U R U R R U U U D D D D L D L D D D L L L L L L L L L L L L L L L U U L U L U U U U U U U U U U L U L U U U U U R R D D R R R R R R D R D R D U R R R R U R R R R U U U U U U R U U D D L D D D D D D L L L L D L L L L L U L U L L L L L L U U U U U U U D D D D D L L D D D D D R D R D D 
60 25 6 200
798 427 932 949 950 382 
R U R U U R R L L U U L L U U U U D D D D R R U U L L U L L U U L L U U U D D D R R D R L U L U U R R R R R R U D L L L L L L L L L U U U U D D D D R R R R R R R L L L L L L L U U U L L R R D D D R R R D D R D D R R D R R D D D D R R R R R R L L L L L L D D L D L D D D D D L L R R U U U U U U R R U U U U U R R R R R R U U R R R R L L L L D D L L L L L L D D U U U U U R U U R U U D D L D D L D D D 
64 95 6 200
422 883 863 282 158 345 
R D D U U U R R L L L L L L L L L D D D D U U U U R R R R R R R D D R L D D D L D D L L L L L L R R U L L L L U L L U U L L L R R R D D R R D R R R R D R R R R U U R U U U U L U U U U D D D D D D D D D D L L L L L L U D R R R R R R U U U U U U U U U L L U D R R D D D D D D D D D L L L L L D U L L U U U L U L U D D D D L D D D D D R L U U U U U R U U U R D R D D D D D D D D D D D D D L L R R U U U 
86 14 5 176
185 265 811 849 642 
L D L R U R U R R R R R R R D L L R R U L U D L L R R R R U R U U U R W W W W W W W W W W W W W W W W W W W W W W W W W W W W R U U L L L L L D L L L D L L L L L D D D D D L D U R U U U U U R R R R R U R R R U R R R R R D D D D D D D D D D D D D D D D D D D D D U U U U U U U U U U U U U U U U U U U L L D D D L D L L L L L D D D D L R U U U U L L L D 
62 24 6 200
868 703 129 544 419 139 
R U U U R R R R R R R U U U U L U U L L U U L U L L L L L L L L R R R R R R R R D R D D U U L U L U U L U L L L L L D L L L R R R R R R R D D U U L L L L U L L U L R D R R R R R R R D R D D R D R D D R R D W W W W W W W W W W W W W W W W W W W W W W W W W W W W W W W W W W W W W W W W W W W W W W W W W W W W W W W W W W W W W W W W W W U L U D R D D R D D D D L L L L L L L D D D L L L L U U U D D 
23 61 9 200
688 861 942 267 860 650 329 563 443 
U L L U L U D R D L L L L L U U U U R U R R R R R R R R R R U R R U R U R R R L L D D D D D D L D U R U U U U U U R R U D L L D D D D D D D D D R R R R L L L L U U U D D D U U U U U U U U U L D L D L L D L L L L R R R R R R R D R R R R D R D D L L L L L L L U U U L R D D D R R R R R R R U U L U L L L U D L D L D D D D L L L L L D U R R R R R U U U U R U U L L L L L L L L L L L L L D L D D D D R R 
13 77 8 200
478 567 227 434 579 457 891 475 
L D L L L L L R R R R R D D D D U U U L L L L L L U U L U U U U L U U R U D L D D R D D D D D D D D D D L L D D D L L D L D D D U U U R U R R U U U R R R R R W W W W W W W W W W W W W W W W W D U L L L U U U U U U R D D R R R R R R U U R D L L L L L L L D L D D D D D L L D D D D D D L D D D D D D D L R U U R R R D D D D D D R D U U D L D D D R R R R R R D D D U U U L L L L L L U U U U U U U U U L 
60 95 4 200
518 799 394 104 
R R D R R D D R R R R R D D D U U U L L L L L U U L L U D D D D D L R R U U U U U U L L L L U U L U L L D L L L L D D D L L D D D R R D D R R W W W W W W W W W W W W W W W W W R D D R D D L L L L L L L L L L U L L U L L L U L U U U U U U L L U L L R R D R R D D D D D D R D R R R D R R D R R R R R R R R R R U U L U U L L L U U U U D D L L L D L D U R U R U U U R R U U U R R R R U R R D R D D R R R 
33 45 7 190
242 550 151 153 746 776 43 
D D D D L R U U U U U U U R U D D R D D D R D R D U L U L U U U L U L L L L R R R R R R R U R R U U U R U U U U U U L L L L L L R R R R R R D D D D D D R R R R R R R D D R R L L L L L L L L D D L R U U R R R R R R U U L L L L L L L U U U U U R R R R R R D U L L L L L L D D D U U R R U R L D L L D D D D L D D D L L D L L L D D U U R R R U U D D L L L L D D D D D D L L R R U U U 
68 82 4 155
404 412 606 573 
U U U U L L L R R R D D D R R R R R R R R R R L L L L L L U U U L U U U U L U U L L L U R R R R R R R R U U U U U U L L R R D D D D D D L L L L L L L L D R R R D D R R L D D D D R W W W W W W W W W W W W W W W W W W W W W W W W W W W W W W W W W W W W W W W W W W W W W W W R R R R R L L L L L D D D L L L L D 
23 44 3 180
976 497 847 
U U U U L D D D L L D L R D D D U U U U L U U U U L U D D L D D L D D U U U U U U U R L D D D D D R U U R U R U U U U U U R U D D D D D D R L U U U U U L D D D D D D D L L D D U U R R D D D R D D D D D D D D D D D D L L D L L L L U U U U U U U U U D D D D D D D D D R R R R U R R U U U U U U U U U U U U R R U U U R D D D L L L L U U U U R L D D D D R R R R D 
49 24 5 200
114 214 336 880 856 
U U U L U L L L L L R R D D D D D D D U U U U U U L L L L L L L L L R R R R R R R R R D R L D D D D D D D D U U U U U U U U U U L L R R R R R D U U U L U L L U L U U U D D D D D L D L L D D L L L L L L L L L D L L D D L L L D U R R R U U R R U R R R R R U U U D D D R R R R U U R R R R R R L D D D D R D D D D R R D R D U L U L L U U U U L U U L L L R R R U U L L L U R U U R D R R D R D D D R D D D 
51 70 5 200
462 662 141 610 632 
L U L L L R R U U U R U U U U D D D D L D D D D D L D L L L D D U U R R U U U D D D R U R U U L L L L L L D D D L L L L D U R R R R U U U R R R R R U D R R D R W W W W W W W W W W W W W W W W W W W W W W W W W W W W W W W W W W W W W W W W W W W W W W W W W W W W W W W W W W W W W W W W W W W W W W W W D D U U U U U R R R R U R R U R R R U U U D D L L L L L L L U L U L R D R D R R R R R R R D L L 
2 34 5 200
257 899 572 980 272 
R R R D U R R R R R U R L U U U U U D D D D D D L L L D D U U L L U U U R U R R R U R L D L L D D D D D D D D D U U U U U U U U U L D L D D D L L L R R D D R D D D D D D D R R R D R D D D D D L L L L L L D D U U R R R R R R U U U U U U R U U R L D D L D D D D D D L L L L R R R R U U U U U U R R R R R R R R R R R R U U U R R U U R U R R L L D L L L L L L L L L L L D D L U U L U U D D R D D R U U R 
34 83 3 144
731 330 201 
D D D R R L L U U U D R R D R R U U U R L U L L U L L U L L L U U U U U U U D D D D D D D R D D D D D R D R D U L U L U U U U U L U U U U U U D D D D D D R R R D R R D R R D D D D D D R D R D U L U L U U L L U L L U U U U U L L U D R R D D D D R R R R R R R R R D R L U L L L L L L L L L 
32 62 5 79
428 670 859 803 882 
R R U U R R R U R U D L D L L L D D L U U U R U R U U U U R D D D D D R R D D R R U U D D W W W W W W W D U L L U U U D L L U U U U U L D D D D L D L D D D L 
47 46 6 200
526 198 309 761 571 206 
U D R D R R R D R R R R U R U R L L U U U U U R L D D D D D R D L D L L L L D D D L L R R U U U U R R U U R U U R R R U U L L U U U U U U U U U U U U U U R U R U R R R R R R R D D R R D R R R L L L U L L U U U L U L L U U R R R U R R R R R R R R U U D D L L L L L L L L D L L L D D R R D R D L L L L L L L D L D L D D U R R R U U R R R R U R R U D L L D L L L L D D L L L D D D D D D D D D D D D D R 
79 79 4 200
815 835 829 911 
R D D D R L D D R R R R R R R R U R R U U U U R R R R R R R U U U L L U U L R R R L L D D R R D D D L L L L D D L R U U L L L D D D D L L D L L L L L L L L U U U R R U U R R R L L L D D L L D D D R R R R R R R R R U U R U R U U R U U U U U R U U U U L L L L D L U U D D R U R R D D D L L L L L D L D D L L D D D L U U U U U L R D D D D D R U U U R R U U R U R R R R R U U U R R D D D D L D D D D D L 
82 89 7 132
626 85 380 51 323 58 873 
R U R U U U U R R U R D D R D U L R D D D D D D D U L R R D R R R R R R R R D U L L L L L L L L U U U U U R R L L D D D D D R R R R D D L D L D D U U R U R U U L L L L U L U L L L L L L L U D D U R R R R R R R U U U U U R L L U U L D L L D D L L L R R R D D L D L 
28 0 4 200
765 107 951 569 
U U L U L U U L L U U D D R R D D R D R D D R R R R L L L L U R R R R R L L L L L D R R R R R R R R R R R R R R R R R U R U R R R R U U U R R U R R R R U U D D L L L L D L L D D D L L D D L R U U R R U U U R U R U R R U D L L L R D L D L D D D L L L L U R U R R U U U U R U U U R U U U U L U L L D L D D D L L D U R R U U U R U R R D R D D D D L D D D L D D D D L L D L D D L D L L L L L L L L L L L 
17 91 5 188
283 393 463 277 350 
R R R R R D L R R R R R R L L L L L D L D D D D D D R R D D U U L L U U U U U U R U U R R R R R R L L L L L L L L L L L D L L D L D D D D L D D L D L D L U U U L U U U L L U U D D R R D D D R D D D R U R U R U U R U U U U R U R R U D L L L L L L L L D U R R R R R R R R U R R U U U U L L L L L L L L L L L L L L L L L U U L R D D R R R R R R R R R R R R R R R R R D D D D L L 
14 77 5 200
503 320 341 831 138 
U L L L L L L L L U U L R U U U U U R U U U U U D D D D D L D U L U U U U U U U L L R R R R R R R R R L L L L L L L D D D L L L U U U U U U R R R R R R R R R R R U R U U R R R U R R R L L L L L L L L L R R R R R R D L L L D D D U L D L L L L L L L L L L L D D D R L U U R U R R U U D D L L D L D D D D D R R R D D D R R R R R L L L L L U U L L U U U L L U U L D D D D U U U U R D R R R R R R R L L L 
50 28 6 200
226 37 971 284 600 800 
D R D D D D D D D D D L D L D D L D D D L L D D L U U U U L L L L U U U U U U D D D D D D R R R R R R L L D R U U U U R U R U U L L L U L U U U D D D D D D D D D D D D L R U U U U U U U U U R D R R R D D L D L D D D D L D D D R U U R R U U U R U U L L L L L L L L L L R R D D D D D U U U U L L R R D D D D D D R D U L U U U U U U U R R R R U U R U U U U R U U L L L L L L L L L L L L L U D R R R R R 
90 87 4 200
575 560 982 238 
U U R R U U R U R D R D R R R L D D D D U U U U L U U D D D R D D R D D D D L L R R U U U U L U U L U L U L U L D L D D L L D D W W W W W W W W W W W W W W W W W W W D L L L L L L L L D L L D L L D D D D L D L L L D R R R D D D R D R D R R R R R R R R R D D R R D D D D R R D D R D D D U U U R R R R R D D D D D D L L L D D U U R R R U U U U U U U U U R L D D D L L L L L L U U L L U U U U L L U U L 
68 19 5 190
130 106 671 878 16 
D R D R U U U U U U U L L L D L D L D U R U R U R R R U U R U R R U R U R L L L U U U U L L U U L U L L U U U L L U U U U D D D D R D U R D D D R R D R D D R R D D D D R R D L D L L D L D D D D D L L L L L L R R R R R R U U R U U R R D D D U U U L L U U U U U U U L U L L D D L R U U R R D R D D D D D D D D D R D D R R L L U U L L U L L U U L L R R D D R R D D D D D D D L U L U 
89 72 5 200
361 480 833 734 739 
L D D L D L R U R U U R R R R R U R U U U R U U R R R U U U R U U U U U U U U U U U U U L L L L L U U L L L U L U L U D D D D D R R R R D R R R R R L L L L L U L L L L U R L U U U R D R R R U R R R R L L L L D L L D R R R D D R R R D D D D D D L U U U U U U W W W W W W W W W W W W W W W W W W W W W W W W W W W W W W W W W W W U L R D D D D D D D R U U U U U U R R D D D D D D D D D D D D D L D D D 
75 49 3 96
293 710 291 
R R R R U R R R R R U U R L D D D U L L L L L D L L L L D U R U U U U U U U U U L L U L R D R R D D D D D D D D D L L D L D D L D D U U R U U R U U U U U D D D D R R U U U U U U D D D D D D L 
3 46 5 200
96 543 889 701 593 
R R R R U D D D D D D R R R R D D D D D D D D D D D D D R D D U U U R R R R R U U U D D D D D D R R D R D D R D R R L L U L U U L U L L U U U U D R R R R R D R R D D U L L L L L R R R R R U L L U L L L L L L L L L L D L U U U U U U U U L L L L D D D D D D R D W W W W W W W W W W W W W W W W W W W W W W W W W W W W W W W W W W W W D U U L U U U U U U L L L U U U U L U U U U D D D D L D L R U R R D 
71 7 3 149
529 205 513 
L L D D D U U U L U L U W W W W W W W W W W W W W W W W W W W W W W W W W W W W W W W U U U R U R R R R R R R D R D D R D D D D D R D R D D D R R R U U R U U U U U U U R R U D L L D D D D D L R D D R R R R D U L L L L L D D L L L U U U L U L U U U U U L U U L U L L L L L L L D L D D D D R D R R R 
93 33 6 200
193 646 33 46 716 902 
L D D D D D L R R R R R R R L L L L L L U U U U U L U U U R R L U U U U U R L D U U U U W W W W W W W W W W W W W W W W W W W W W W W W W W W W W W W W W W W W W W W W W W W W W U L L D D L D D D L D D D L R U U U R U U U R U U R R D D U R R R D D D R D R L U L U U U L L L U L L D D L D L L L D D U U R R R U R U U U U U D D D R R D D D D R R L L D D D L L L L L L L L R R R R R R R R D D L D D D R 
18 47 3 200
5 279 514 
D D L D D L L U U U U U L U U L L L U U D D L L L L L L D L U U U L R U U U U D D D D L L D D D D D D D D D D D D D D D D L L D D D D D D U U U U U U R R U U U U R R R L L L D D L D L D D D D D R D R R R D D D D D D D U U U U U U U L L L U L U U U U R R R R R R L L L L L L U R U R U U U U U U U U U U U U U U R R D R R R R L L L L D D R U R R R R R R R R R D D R D D D U L L L R R R D D D R R U U R 
73 54 4 161
225 807 748 378 
U R L L U L L L U U L U L U L L L L D D L L L L U U U U U U U D D D D D D D R R R R U U R R R R D R D R D D R R R D D D D L W L L L L L L L U D R R R R R R R R R L L L L L U D R R R R D D R D D R R R R U U U U U U R U U U L U L U L U L R D R D R D R D D D R R R R D R L U L L L L L D D D D D D L L L L U U L U U U U U R D 
27 44 5 174
754 698 790 83 259 
U U U U U U U R R D D D D R R D R D D D R D D D D R D U L U U L L L L L L R R D D D D D D D D R R D D R R L L L L L L R R R R U R L U L L L L L L L L L L D D D R R D R R D D D D L L L L L L L L R R R R R R R R U U U U L L U L L U U U R R R R R R R R U U U L L L D U R R R U U U U U R R R R U U R L L U U U L U L L U U U U U U D D L L D D D D D D D 
71 53 4 170
351 79 45 697 
U U L L L L L L L L U L L L L L L L L L L R R R R R R L U U L U U L U U D D D L L R R U R U R U U U U U R R R R R D R R R R R R R D D D U U U L L L L L L U U U D D D L L L D D R R R R R D R R L L U L L L L L U U R R U L L L L L D D D D D L D D D R D D R R R R R D R R R R R R R R U R R R D D D D D U U U U U L L L D D D L D L L D U R R U R 
81 46 7 200
385 379 252 461 589 842 663 
R D U U R U R R U U D R U U U U R U U U U R R U R D D R D D D D D D D R D D D R U U R R U R R U U U L R D D D L D D D L D W W W W W W W W W W W W W W W W W W W W W W W W W W W W W W W W W W W W W W W W W W W W W W W W W W W W W W W W W W W W W W W W W W W W W W W W W D D R D R L U L U U U R U U U L D L L D D L U L R U U L L L D D D D D D U U U U U U R U U D D R U U U U U U U L U U L D L L D D D D 
3 61 5 200
165 777 493 470 689 
U R R L D D D U U U U U U U U R U U U R R R R R R R R U U U U R R U D L L D D D L L L L L L L L L R R R R R R R R R D L L L D D D D D D D D D R R U U U U U D D D D D L L U U U U U U U U U L L L L L D D D L D D D D D L L R U R U U R U U R R R R R R R R U U U U R R R R U R U R L D L D L D U R U U R R U U R U U R R R L L L D D L D D L L D L L L L L L L L U L U R R R R U R R R U U U U U U U L L U L R 
76 4 1 16
86 
L L D D L L D D U U R R U U R R 
17 59 4 124
82 848 749 841 
R R D R R R R U U R U U R U U U R L L L L L L L L L R R R R R R R R R R U R U R L D L D L L D D D D D D D U U U U L D D L L L R R R U U U L U L L L R R R D R D D D L D D L L L L U L L L D U R R R R R U R R R U U U U U U D D D D D D L L L D L L L L 
87 12 2 86
591 356 
U L W W L U U U R U U R R R R U R R R R U R U U U U U D D D D D R R D D R L D D D D L R R D D D D L D U R U U U U L U U U U U U L L L D L L L L D L L L L D D L D D D R R D 
41 9 5 156
744 237 962 809 877 
R D D R R R U U R R R R R D D D L D D L D L L L D D D L L R R R R R R R R U D L L L L L L U U L L L L U U U U U U L U L U U U U U L U L U U U U D D D D R D R D D D D D R D R D D R R R R R R R L L L L L L L D D D D R R R R U R R R U R U U R U U U L U U U U U U D D D D D U U U L R D D D D L L L L D D L L L U U L 
92 22 5 184
415 445 778 360 485 
U R U U U U R L D D D D L U U U L U U L L U L L L L L L U U U U L U L L U U U U U U L L L L L L U U U U U U R R R R L L L L D D D D D D R R R R R R D D D D D D R R D R D D D D R R R R R R D D D D D U U U U R R D D R D D W W W W W W W W W W W W W W W W W W W W W W W W W W R R R R R W W W W W W W W W W W W W W W W W W W W W W W W W W R L L L L L L D D L D L L R R U R 
89 22 5 200
355 780 264 810 885 
L L L L R R D D D U U U R U U U U U U D D D D D D R D R R R R U U U U U U L U U L L U U D L L L R R R D R R D D R D D D D R L D D L L L L U L U U U U W W W W W W W W W W W W W W W W W W W W W W W W W W R D D D R D W W W W W W W W W W W W W W W W W W W W W W W W W W W W W W W W W W W W W W W W W W W W W W W W W W W W W W W W W W W W W W W W W W W W W W W W W W D R R R R D D L L L L W L D D L D L L 
68 11 4 200
823 941 726 989 
U U U D D D D D R R R R R R R D D D R R D D U U L L U U U L U U L R D D L L D D U U R R L L D D D L L L L L L U U U L U U U U U R R R R U D L L L L D D D D L L L R R R U U U U R R R R U W W W W W W W W W W W W W W W W W W W W W W W W W W W W W W W W W W W W W W W W W W W W W W W W W W W W W W W W W W W W W W W W W W U L L L L L L W W L L L D L L U U L L U U U U U U U U L L D D D L D L D D D D D U 
33 9 5 200
498 664 164 685 146 
L L L L U L U U L U L L L U U U U U L L L D D L L D L R D D D D D R D R D D D D L L L L L L L R R R R R R R U U U U U U U U U U R U R D D D D D D D D D R L U U U U U U U U U L D L D D D D D D L U L U U U U U U R R U U R R R D D D D D R R R D R D D R R R R R R U U U U U U U U U U R U U U R R R R D D L R U U L L L L D D D L D D D D D L R U U U U U U U U D D D D D D D D D D D D D L L L L L D R R R R 
13 57 6 200
479 41 113 905 952 604 
D D D L L L U U L R D D D U L U L U U U U R L D L R D D D R R L L L U R U R U R L D L D L D R R D R R R R U U U R R R R R R R R R R R R R R R R R R U R R U R R R R R R U U U R R R R R R R R R R U U U U U U R R U R U U U U R R R U U R R R U U L L L L L L L L R R R R R R R R D D L L L D D L L L D D D D L D L L D D L L L L U L R D R R R R D D D D L L L L L L L L L L D D D L L L L L L D L L D L L L L 
34 28 5 200
539 2 813 89 530 
D R R R R R R D U R L L L L U U U U U U D D D D D D L L L D D D L L L L R R R R U U U U U U R U R U R L L U L U U U R R R R R D D D D D D D D D D D L D L L L L L D D D U U U R R R R R U R U U U U U U R R R R L L L L U U U U U L L L L L D D D L L L L L L L L L L L L L D L L D D R D D D D L L U U U U D D D D R R U U U U L U U R R U R R R R R R R R U U L U L L L L L L L L L L D L D L R U R U R R R R 
81 9 6 200
686 467 62 347 327 219 
D R D U L L L R R U U U U U U R U U U U R U R R R U U U U U U L R D D D D D D L L L D L D D D L R R U U U U U U U U U U U U U L U U L L L L R R R R D D R D D D D D D D D D D D D D L D L D D D D D U U U U U R U U R U U U U U U U U U U U L U U U L L L L U U U L L U U U U L U L U L U U L L U U U U U U L L L L L L L L U L U U L L L L U U U L R R R U R U U R R L L D D L D L L D D D R R R R D D R D R R 
7 21 7 200
574 808 163 349 487 112 827 
U L L L L L L U U U R R U U U U U U L L L R R D D D D L L D D D D D U U U U U R R U U U U R D D D U U L L D D L D D D D D D D R R R R R D R R R R D R R R R R D U L L L L L U L U U U L L R R D D D L L L L L L D D D D D L D R D D R R R D R D R D D D D D R L U U U U U L U L U L L L U U L U R U U U U R R D R R R R D R D R D D U U L U L L R U R L L L L L D D D D D L L D L D U R U R R U U U U U U L L U 
49 51 4 121
898 426 557 68 
R R R R R R R R R D D D D R L U U U U L L L L L U U U L R D D L L L U L L L L L U U L L L U L U U U U U W L L L L L D D L L L D D D D D R R L L U U U U U R R R U U R R R R R D D D D D D D R D U L U U R D R R R D D R R R R R D R R R D L L L L 
89 70 5 200
677 296 680 862 948 
D D L L L D D D D D D U U U U U R R R D D D D D D D D L L U D D L L L L D D D D D D D U U U U U U U L D L D U R U R R R R R U U U U L L U D R R D D D R R R R D R D D D R R D D D D R L U U U U L L U U U L U L L U U U U U U L R D D D D R D D R D D R D D R R D D D D U U U U U R R U R R U R U U W W W W W W W W W W W W W W W W W W W W W W L R D D L D L L D L L D L L U U L U U L U U L U U U U U U L L L 
72 14 4 200
669 311 933 973 
R R U U R U R R U U U U R U R U R U R R U U U U U U L U U L L U U U L L R R D D D R R D D R D D D D D D L L D L L L L L U D R R U U D D R R D L D L D D D D D D D U U U L L D L D D L L R U U U U R U U R U U U L U U U L U U U L R D D D R D D D R D D D L D D L D D D L R U U U U U R R U U U U L U U U U U U U L U U W W W W W W W W W W L U R R R D D R R D D D D R D R R D R R L L U L L U L U U U U L L U 
14 7 5 192
91 386 367 789 314 
D D U R R R R R R R R L L D U U L L L U L R U U U U U U U U U U R U U U U U D D D R R R R R U R U U R R U U U U U U U R R R R D D R D R R R R R U R R U U U U U U U L L R R D D D D D D D L L D L L L L L U L U U L L L L L L U L L U D R R D R R D D D D D D D L L D D L D L D U U R U U U U R U D R R R D R L U L L L L D D D D L D L L L L D D L D D D D D D D D D D D R R R D L L L L L L U 
54 67 10 200
788 127 981 441 733 775 806 491 132 145 
R L D D D L D D U U R U U U U U U U R U R R U U R R U U U U U U U R L D D D D D L R U U R R U R R L L D D D U U L L D D D D L L R R U R R R L L L D L L D D D D D R R R R L L L L L D L D D L L L L L D R D D R D D R D D U U L U U L U U L U R R R R R U U R U R U U R R R U R U R U U U R R R R U R R R R R R U U R U U U U U U R R R R R U U R R U U U R D D R R R U R U U U U D R R R U D L L L D D D L D L 
94 68 4 76
925 599 177 864 
R R U U U U U U U U U D D D D R R R L L L U L R D D D D L L L L U L L L L U U R R U R R L L D L L D D L L D D L D U R U U R R R R R R D R R R R D D L L 
88 43 6 200
613 907 643 115 502 621 
U U D D L L L D D L R D D D D D D D D R D U R R R R U L L U U R U U R U U R U U U U D D D D L D D L D D L L L U U D D R R D D R R D L L L L L L D D D U U U R U U U U U U U U U U R R R L L L D D D D R R W W W W W R R R U U R U U U W W W W W W W W W W W W W W W W W W W W W W W W W W W W W W W W W W W W W W W W W W W W W W W W W W U U U R U U U R R U U U U R U U U U U R L U U L L L L L L U L U U U U 
53 28 3 200
850 218 244 
R R R R R D D R D D D D R D R L U L U U U U L U U L R R U U U U L L L L L L D D L L U L L L U L L U L U U U U U U U L U U L U L U U U U U R R D U L L D D D D D R D R D D R D D D D D D D R D R R D R R R D R R U U U U U U U L U U L U U R R R R U D L L L L L L U L R D R R D D R D D R D D D D D D D L L L L U L U U L L U U U U U L L U U L U L U U U U U U U R R R R R R R R R R U U R R R L L L D D L L L 
67 5 5 185
456 170 992 757 162 
L L L L L L D U R R U U U R U R R L L U L U U U U U R U U D D L D D D D D R D D L D D D L L L L L L L L L L U L U L U U U L U D R D D D R D R D R R R R R R R R R R D D D D U U U L L L L L L L W W W W W W W W W W W W W W W W W W W W W W W W W W W W W W W U U U D D D R R R R R R R U U U U U U U U U U W W W W W W W W W W W W W W W W U R R L L D D D D D D D D D D R R R R 
20 46 5 200
888 837 520 722 144 
R U U U R R R R R U U U U R R R R R R R R R R R R R D R R R R R L L L L L U U U U U U U U L R R R L U U D D L D D D D D L L R R D D L L D U L L L L L L L L L L L D D D D L L D D D D R D R D R R U D L L L L L L D D D D L D D W W W W W W W W W W W W W W W W W W W W W W W W W W W W W W W W L L L L L D D U U U U U L U L L L U U U L U L U U L L L L L L L L D D D D D L L D D D D D R D R D R R R D R R L 
75 45 3 200
707 919 23 
D D D D R R R R R R L L L D D D D D U U U U U U U U U L L U L U L U U U L L R R D D D R D R D D D U U R R R R R R R D U R R R R U U U U D D D D L L L L L L L L L D D D D L L L U U U U R R U R R U R R U U U R R R U R U U U U U R U U L L U U U U U U U U U U U U U L L L L L L L L L L L L L L L L L L L L L L L D L L L D D D L D L L L L U U L U L L U U L U U U U R U U U U R U R R R R R U U U U U U U U 
17 58 3 200
303 930 444 
L L L L L L L L L L L L L D U R R R R R R R R R U U U U U U D D D D D D L D D D U U U R U U U U U D D R L D D D L D D D D D U U U U U R R R U D R R R W W W W W W W W W W W W W W R R R R R R R R R R R R U R U R R R R R U U R U U U U U L L U U L L L L L L L L L U L L L L L L L L L D D L D L D D D D L D D L L D D L D D D L D D R R R R R R R R D D D R D R L U L U L L L L L L R R R R R R U U L L L L L 
3 51 4 126
570 128 774 465 
L U U L L U U D D R R R L D D R D D D R D R R R R D R D R R R D R D R D R R R D R R R R R R R U U U R U D L D D D L L L L L L D D D D D D L D D L L R R U U R U U U U U U L U L L L U L U U U U U L L L L R R R R D D D D L U L L L U L U L L L L U L U U U 
16 78 5 200
736 939 376 476 895 
R R U U U U U U R R U U U U R R L L L L L L L U D L L R R D D D D D D D D D D D D R D D D D R L L L D D D D D L D D D L D L D U R U R U U U L L U D R R R D D D D D D D R R R R R R R D L R U L L L L L L L U U U U U U U U U U U U L L L L L L L U D R R R R R R R R R U U U U L U U U U U L L L L L L U U U U D D D D R R R R R R R R D U L L U U U U U U U L L L L L L U D R R R R R R R R R R R D D D D L L 
67 98 6 200
536 516 228 812 307 197 
R R R R R R R R R R L L U L L L L L R R R R R D L D D D D D D R L U U L L L L L L L L D D D D D L D L L D L D D D D L L L L D L D D U U R U R R R R U U U U L L L L L U L L U U D D R R D R R R R R R D D D R D D R D R R D D D U U U U U U U U R R U R U R U U R U U R R R R U R R R R R U R R R R R R R R R R R R R R U R R R R L L L L D D D D D D D D D U U U U U U U U L L L L L L L L L L L L L L D L L L 
75 25 4 200
562 152 483 830 
L L U U U U D D D D L D U U U L U U D D R D D R R R R W W W W W W W W W W W W W W W W W W W W W W W W W W W W W W W W W W W W W W W R D R R D D D D D D D D D R D D D D D D D R R U U U R U R U U U U U U R U R R R R U R R R U R U U U U U U U U L L U L L R R D R R D D D D D D R R R R R D D D D D D D D D L L D U R R U U U U U U U U U U D L L L L L D D L D D R R R R R L L L L L U L L L D L L L L D L D 
14 3 9 200
674 720 924 770 364 195 70 505 354 
D D R R R R U R U U R R R U R L U L U U L L U L U U U U D D D D R D R R D D R D D L L L D D L D L L L L L L L L L L L L L L L L L U U U L U U D D D U R R R R R R R R L L L L L L L D L R R R R R R D U R R R U U U L U U R L D D R D D D L L L L L L L L D D R R R R R R R R R R R R R R R R R R R R R R R R R U R L D L L L L L L L L L D U R R R R R R R R R R R L L L L L L L L U U U U U D D D D D L L L L 
95 15 3 88
802 958 796 
D D D D D D D D D D L L L D D L R U U R U U U U U U L L U L U U D D L D D D D D D U U U U U U R R D R R D D D D R L D D L L L L D D D D U U U U R R R R R R U U U U U U U U U U 
96 0 7 168
77 488 640 105 990 501 510 
U U U U U U R R L D D D D R R L L U U U U L D D D D L L L L L L U U U U U U U U U D D D D D D D D R L L L L L R R R R D R R R R R R D D U L U L L U L U U L L L R R R R R R U D L L L L L L L L L L L L R R R R R R D D D D L L L L U L R D R R R R U U U U L L L L L L L L L U U L U U U D D D R D D R R R R R R R R R R R R D D R D R R D R D 
69 48 9 153
400 983 474 874 785 693 540 758 80 
D D D L L L L L L L D U L L L L D D D U U U U U U U U U U D D R R R D U L L L D D D D D R R R R R R D D D D D U U U U U U L U L U L U D D D D U U U R D R D R D R R R R R U U U W W W W W W W W W W W W W W W W W W W W W W W W W W W W W W W W W R R R L L L L L U U U U U U L U U L U D R D D R D D D D D D R R 
45 4 3 200
421 870 660 
L L D L L D D L R U U R U U R R R R U U R R R L L L D D L L L L D D R U R R L U L L W W W W W W W W W W W W W W W W W W W W W W W W W W W W W W W W W W W W W W W W W W W W W W W W W W W W W W W W W W W W U L L L L U L R R U U U U U U U L U U U U D D D D R D D D R R R R R L L L L L U U U U U D D D D D D L L L U U U U U U U U U U U R U U R R L L D D L D D D D D D D D D D D R R R D D D L D R R R R D 
49 79 6 200
268 897 371 614 547 458 
U R R U R U U U R R R L L L L L L L U U L L U U U L L L L L L U U U U L R D D D D R R R R R R D D D R R D D R R R R D D D R R D R R R R R R R R R R D D R D R R R R U U U U D D D D L D D D D D D L R U U U U U U L L L U L U U L L L L L L L L L L U L L L D L L D D L D D D D D L D D L L L D D D L D D D D D R L U U U U U R R R R R R R R D D D D D D R D D D D D D R D D D D D L L L U U U U U U L U U L U 
75 50 5 200
597 542 700 768 913 
U U U U U U U R R L L L L L L L U U U L U U U U L L L L L L L R R R R R R R D D D D R D R R R L L L L L D D D R R R L L L U U U R R R U R U R R R R R R R U U U U U R R U R R U U U U L L U L L U U U U L U L U L L L R R R D R D R D D D D D D D D U U U U R R D R R D D D D L L D L L D D D D D L L L L L L L D L L L U L U U U L U L L L U D R R R D R D D D R D R R D L D D R R R D D L D D D D D L D U R U 
45 73 4 200
417 496 176 959 
L L U U U L U U U L L L U D R R R D D D D L L D L D D L D U R R R R R R R R R R R R R R R U U D D L L L L L L L L L L L L L L U U R U R R U R D R L D D R R L U L L U L L L L U L U L L U L U U U L U L U U U W W W W W W W W W W W W W W W W W W W W W W W W W W W W W W W W W W W W W W W W W W W W W W U R R R R R R R R R D D R L U U L L L L L L L L L D D D D R D D D D D D L R U U U U U R D D D R D R R 
83 99 4 200
960 773 229 125 
L L D D L D L D D L L L L L L L U D R R R R R R R R D D D R D R L L L L L L D D U U U L L L L U D R R R R R R R U D L L U D L L L L R R R D R R R R R U L U U U U R R U R U R U R R U R R R R R D R L U L L L L D D D R D D R R R R R D R R R D D U U L L L U L L L L L U U L U U U L D L L D L D L D L L D L U U R U R U U R R D D D R R R R R R R R R R R D R R D D D D D D D D D D L L U U U L L R R D D D R 
78 62 5 168
224 647 300 818 210 
U L L L L L U U U L L L U U U U D D L R D D L L L L L L L D L L D D R R D U L L U U R R U R R R U U U U L L L L L L L L U R R U U U R R L L D D D L L D R R R R R R R R D D D D R R R R R R R D D U U U U U U U R R R L L L D D D D D D D L L L D D L D U U U U L U U L L U U L L U L L R R D R R D D R R D D R D D D R U U R R R D R R R R R D 
42 91 5 200
481 304 894 137 691 
L L L L U U U U D D D D R R R R R R R R R R R R R R D R R D U L L U L L L L U U U U U L U U U L L R R R R R R R R R R L L L L D D D U U U R L L L L L D D D R D D D D D L L L L L L U U U U U R R R R R R L L L L L L L L L U L L L L U U L L L L L L L L L L D R R R R D D R D R D D D D D D D D R D R L U L U U U U U U U U L U L U U L L L L U R R R R R R R R R R D D R R R R D R R R D R R R R R R R L L L 
16 61 4 200
440 3 752 492 
L U U U U U U U R R U R U U U U U R U U U U D D D R L U D D L D D D L L R R U U U R U U R U R U U U U U U U U U R R R R R L L U U U U U R L D D D D D L L L D D D D D D D D D L D L D D L D D D D D L D L L D D D D D D D D D L L D L D D R R R R R R R R D R R R R R R R R R R D R R R R R R R U R R U U U R R R U R R R R L L L L D L L L D D D D U U D L L D L L L L L L L U L L L L L L L L L L U L L L L L 
12 3 7 198
450 747 524 745 0 639 420 
R U U U U U U U U R L U U U U U U U L L L L L U U U U U U U L L U R R R U R U D R L L D L L L D R R D D D D D D D L L D D L L D D L L D D L D D L R U U R U U R U D D D D D D D D D D U U U U U U U U U R U R R R R R R L L L L D D L R U U L L U U U U D D D R R U U R R R R R R R D D D D D D D D D D D D D R R R R R R R R U U U U U U R L L U D R D D D D D D L L L L L L L L U L L R U U D D R D D D L 
40 82 4 182
401 247 986 793 
L L D D D D R R L L U U U U R R D R D R R D D D R R R D D D D R R U R R R R U R R U U U U U U D D D D D R R R L L L D L L D L L L L D L L D L L L L L L L L L L D L L L L L R R R R R U R R R R R R R R R R U U U U U L L L U U L L L L L L L L R R R R R R R R R R D R D D D D D D L L L L L L L L L L D L L L R R R U R R R R R R R R R R U U U U U U L U L L U L L U L U 
74 76 4 174
65 299 755 580 
L U U U U L U L L R R D D D D D D D D D U R D D D D D D R D D U U U U R R L L D D L U U U L L R R D D R D R R R R R R U R L D L L L L L L U L U U U U U L U U U U U U U R U U U U U U U U U U U U L L L L L D D D D L D D D D D D L R U U U U U U R U U U U R R R R R D D D D D D D D D D D D D D D D L L L L L L D L L D L L D U R R U R R U R R R R R R R 
41 78 3 78
820 875 429 
D D L L L D U L U L U L U L L U U U L U U R R R D R L U L L L D D R D D R R R D R R R L L L U L L L D D D D D D R D U L U U U U U R R D R D R D R R R R U U 
96 26 6 200
871 654 624 577 840 67 
R R U R U U L L U L L L U U U U U U U U L U U R R R R R U R U U U U U L L U D R R D D D D D L D L D D D D D D R R L L U U U U U U L L L L U U U U U L L U U L U U L R D D R D D R R D D R R R R R R L L L L L D D D R D R R R D D D D R L U U U U L L L U L U U U L D D D D D R D D D D D D L L L L R R R R D D D D U U L L U L L U U U U L L R R D D D R R R R U U U R U R U D L D L D D D L L L L D R R D R R 
81 75 2 84
558 886 
R U R R R R R U R U R R L L L L U U U U U U U U U U U U U D D D D D L D D D D D L L L R R R U U U U U R D R R R R R R L L L L L L D D D D D D D R R D L D L L L L L D L 
38 90 4 162
866 955 321 935 
L U U U U U L U L L L L L L L L R R R U U U D D D R R R R D D D D R L U U U U R D R R R R L L L L L U L L L L L U L U L L L D D D D W W W W W W W W W W W W W W W W W W D D L L R R U U U U U U R R R D R D R D D D D D D U U U U U U L L U U L L L L L L R R R R R R D D R R R R R R D D D D L L R R U U U L L R R R R D D D D D R 
81 28 5 186
117 653 454 974 609 
D D U U U L L D D L D L D D D D L L L R R R U U U U U U U U U U L L U L U L L U U L U U L U U D L R U U U U U U U U U U U U U D D D D R D D D D D R D D D R D R R D U L L U L U U U L U U U U U L U U L L L U L U U L L L R R R D D R D R R R D D D R R D D D U U U L L L L L L L L L L L R R R R R R R R R D D D D D D D D D R D D R D D R R D R D R R D D D D D D R U R U U R R D 
62 6 2 170
630 108 
U U L U U U U U L U U U U U R R R R R D R R R D R R R U U D D L L L L D D D D D D L R U U U U U U R R R R R L L L L U L L L U L L L L L D D D D D D L D D D D D D D L L L L R U U U U U U U U U U D R R R R R R D R D R L U L U L L L L L L D D D D D D D D D R R R U U U U U U U L L L U U L U L U U U D D D R D R D D R R R R U R D D D D D R D D 
28 97 4 136
715 59 32 844 
L D D D R R R D D D D D L L D D U L L L L L U D R R R R D D D L D D D D D D U U U U U U R U U U R U R R U U U U U U R R R R L L L L D D D D D D D D L L D D L L D D D D D D D D D D D L L D L D D L R U U R U R R U U U U U U U U U U U R R U U R R U U U U U U U L L L U U U R 
95 63 5 187
719 53 903 302 682 
D R R D D R L L L L L L L D L L L L U L R D R R R R R D D R R L L U U L U L R R D D D D D D D D D R R R D R U D L U L L L U U U U U U U U U R R R R W W W W W W W W W W W W W W W W W W W W W W W W W W W W W W W W W W W W W W W W W W W W W W W W W W W W W W W W W W W W W W W W W W W W W W W W W W W W W W W W W W W W W W W W W W W D U L L L U L L U D R R D R R R R U U L L U 
52 53 7 200
656 123 678 18 324 828 819 
L U U U U U R R R R R R L L L L L L L U U L L L L D L L D L L R R R R D R L U L L U U U U U U U R U U U U U D D D D D L D D D D D D R R U R R R R R U U U U U R R L L D D D D L L L L L L L L L L L R R R R R R R D D D D D D L L D D D L L D D D L L L D L L D D D D D L D L L L D D D D L L L U U L U D R D D R R R R D D R R L L U U L U U U U U L R D R R R D D D D R R R D R D R D R L U L L L L L L L L L 
6 87 4 200
797 838 961 853 
U U U U R R R R R R R R U R R R U R U R R U R R U U R U R R D D D D R D R R R L L L U L U U U U L L D L L L L L L L L L U L R D R R R R R R R R D D D R R D R R R R L L L L L D D D U U U R U L L U L L D L L L L L L L L L L L L L L L L R R R R R R R R R D D U U R R R R R D L D L D D R R R R U U R U U U U U U U R L D D D D D D D L D D L L L L U U U U D D D D R R R R R U U U R L D D D L L L L L U U L 
38 4 4 200
490 469 636 278 
L L L D L D D D U U U L L L L L L U L R U U U L L L U L L R R D R R R R R U R R R R R R R R U U U U U L U L L U U L U U U U U D D D D D D L L D L R U R R U R U U U R U U U R R L L D D R R R R U U U U U U D D D D D D L L L L D L D D D D D R R D R D D D D D L L L L L L L L L L U U U R L D D D R R D L L D D D D R R R R R R R U R R R R R R R D R D U L U L L L L L L U U U U U L U U U D D D R D D D D D 
9 51 4 120
30 706 760 50 
U U L L U L L U U U W W W W L L U U L U U U U L U D D L R U R D D D D R R R R R R R R R D D D R L L D D D D D R R R R R D U L L L L L U U U U U R U U U L L L L L L L L D D L D L R U R R R U U U U U R U R L D L D D D D D D D D R R D R R D D 
