100
65 67 6 200
748 206 647 761 542 913 
D D D D L D D L D D D L L L L U U U U U U U U R R R U R U R R R R R R D D D D U U U U L L L L L R R D D D D D D R R R D D D R L U U U U D L L L U U U U U U L L L D L D D D U U L L L D D D D D D D D R R R R U U U R U U R U U U U D L R R D R R D R R D R D R D D D D R D D L D L L L D L D L D L W W W W W W W W W W W W W W W W W W W W W W W W W W W L D D D R R R R R R L L L L L L U U U R R U R U R U R 
67 90 4 104
422 799 883 158 
U U L L U L L R D D D D L L L L L U U U U U U U U U L U L R D R R R R R R R R D R D L R U L U L L L L L L L D D D D D D L R D D D R R R R U U U U U U U U U W W U L R D D D D D D D D D D R U U U U R D R R D D 
89 72 5 200
361 179 862 238 864 
L D D L L D R D R D D D D U U U R R D D D D D R D D D D L L D L D L L R R U R R R R R D D D D R D R D U L U L U U U U L L L L U U D R R U U U U R R U U R R R R U R L D L D D D L D D D D U U U U R U U U U U R U U R R L L U U L L L U U U L U L L W W W W W W W W W W W W W L L D L L L D D L D D D U U U R U U R R R R D R D D R L U U L U L U R R R R D R D D D R R R D D D D L D D L L L D D L L L U U U U 
69 53 5 200
351 79 697 758 540 
U U R L L L L L L L U L L L L L L L L L L R R R R R R R R R R D R R R R R R D D D R R R R R D L L L L L L L L W W W W W W W W W W W W W W W W W W W W W W W W W W W W W W W W W W W W W W W W W W W W W W W W W W W W W W W D L L L L D L R U R R R R R R R R R R R D W W W W W D L L L D D L L L L L D L L L L R R U U U U L L R R D D D D L L L D D D D D R R R R L L L L U U U U U R R R R R U R R R R R U U 
60 55 10 136
693 656 123 18 219 225 807 597 184 57 
D D D L L L U L U L U L L L L D D U U U U U D L L L L R R R R D D R R R R D R D R R R U U U R R R R R U U R R D D D R R R R R R R R L L U U U W W U U R R R R R D D D U U U R R R U U D D L L L L L L L L D D D D D L L L L L L U U U L L D D L L L L L D D D L L D R R R U U U 
54 60 5 200
127 587 429 141 275 
U U L D L L L L L L D U L L L L L U U U U L L U U L L L L U U U U U U U L R U U U U U L U D R R R R L L L D D D D D D L L R R D D D D D D R R R R D D R R D R R R R R R U U R U U U D D D L D D L L L L L L D D L L L L L L L U U U U U U U U U U R R R R R R R L L L L L L L D D D D D D D D D D R R D D D D D U U U U U R R R R R R L D R R R R R R R R R R R U R U U U U R U U U U U U U U U L L L U U D D R 
48 88 5 186
137 247 946 66 614 
U U U D D D D D D D D D D D D D L D L L L R R R U R U U U R R R R R R D D D D D R R R L L L U U U U U L L L L U U U U R R R R R R U U R U U U L U U U U R R R D R D D D R L U U U L U L L L D D D D R D D D L D L L U U D D R R U U R U U L L L R R R D D L D D D L D U L L L L L D D D D L L U U U U U L L L L D L L U U U U U L U U U L L R R D D D R D D D D D R R U R R R R U U 
3 23 5 200
808 257 531 572 396 
L U L R U R U U L L L U U U U R R R R R U U R R R R R U U R L D D L L L L D D D D D D U U U U U U R R R U U D D R R D R D R R L L U L L L L L R R R R U L L L L L L U U U U R U R R R R U D L L L D D D D D D D D D U U U U U U U U U L D L D D D D D D L L L L L D U U R L D D D D D D D D D D D D R R R U R U U U U R U R R R R R R U R L D L L L L L L D L D D D D L D L L L U U U U U U U R R R D D L D D R 
78 73 6 200
815 707 385 928 768 755 
U U R R U R R D D D D D D R R D D D D L L L D D D D D D D D D D D D D D D D D D R D D D D L D D D L L D D L D D D U U U U U U U U U L L U L U U L U U L L R R D D R D D R D D D U U R R D D D D D D R U U R R U U U R U U U U R L L D L D D D D L D L L R R U R U U U U R U U U U U U U U U U U U U U U U U U U U L L L L L L L U U L L U L R D R R D R R R R R R R L L L L L L L D R R R R R R R D R R R U U U 
22 87 3 200
283 736 479 
U U U D D D L L R R U L L L L L L L U D R R R R R R R D R R W W W W W W W W W W W W W W W W W W W W W W W W W W W W W W W W W W W W W W W W W W W W W W W W W W U R R R R R R R R R R D R R D D W W W W W W W W W W W W W W W W W W W W W W W W W W W W W W W W W W W W W W W D L L L L D D R D D D D D D D D D D D R D D D D D D D D D D D L L D D L D L L L L L L L L L L L D D L L L L L L L L D U R R R R R 
3 51 7 176
570 475 465 113 41 310 760 
L L U U U L U D R D R R L L U U U U U U R R R R D D D D D D R D U U D R R R R D D D D R D D U L L R R U L U U U U L U U U U U U D D D L U D R D D D L L L L U U U U U U L L L L D D R R R R D D D R R D R R D R D R R R D R D R D D D R R R R U U U D D D L L L L U U U U D L U L U L L L R R R R R D U L L L L L U L U L L U L L U U U L L L L D D D D D D R R 
40 18 4 200
405 403 800 354 
D D D D D D D D D D R R D D D D R D D U L L L L U U L U U U L U U D D R D D D R D D R R R R U L U U U U L L U U U U U U U U L R D R D D D D D R D D D D L L L L U U U U U U L U U L U U U U U U U L U L U U U U D D D D R D D D D D D D D D D D D D L D D D D D D L L L L D D L L L L L U U U L U L L U L L R R D R R D R D D D R R R R R U U R R R R U U U U U U R U U U U U U U U U U U U R D D D D D D D R D 
76 4 2 40
637 318 
L L L L L D D L L D L D L L L U U U U L R D D D D R R R U R U R R U U R R R R R 
60 97 3 200
518 1 920 
R D R R R R D R R D R D D D D D R L U U U U U L L L L L U L D D D D D L R R L U U U U U R D R R R R U L L U U U U D D D L L L L L L L L D D U U U U L R D D R R R R U L L L D D W W W W D D D L D W W W W W W W W W W W W W W W W W W W W W W W W W W D D D L D D D D D U L L L D L L L L D D L U U L U U R L D D R D D R R R R R R D R R R D D U U L L L U L L L L L U U L L L L U L L L L U U U U D D D D R R 
99 5 5 200
77 488 944 501 642 
U L R D D D D L L L L L L L W W W W W W W W W L L L U U U L U U L L L L L U U R R R R R R R U U D R R R L L L D L L L L L L L D D D U R R R R R D D R R R R R R R U D L L L L L L L L L L L L U U U U U U U U D D D D D D D D R R R R R R R R R R R R R R L L L L L L L L D D D R R R R R R R R D D U U L L L L U L U L L L L L U L L L U L U U U R R U R R R U D L L L D L L D D D R D R R R D R R R R R D R D 
70 84 3 192
404 700 224 
L L R R U U R W W W W W W W W W W W W W W W W W W W W W W W W W W W W W W W W R D D D D D D D D L D D D D L D D D D D D D D D R D D D D D D R R L L D D D U U U U U U U U R R R R R R R U U R U R U R U R R L L U U L L L L U U U U U U L U L L R R D R D D D D D D R R D D D U U U R R D D D L D L D L D D D U L L L L L L U U D D L U L U U U U U U U U U R U U U U R U U U U U U U U L L D D 
84 56 5 200
293 306 439 589 115 
D R D D D L D D D U U U R U U U R R D R R R R R R U U U U U U U R U R L D L D D D D D D D L L L L L L D D D D D R R D D R R D L L L D D L D D L R U U R U U R R R U U U U U U L U U U R U W R R D D D R D D D D L D D D D D D U U U U U U R U U U U L U U U L L D D D R D D D D D D R D L L L L D L D L D D D D D D L R U U U U U U R U R U R R R R U L U U U U U U L U U L D D D R D D D D D L L U U L L U U U 
11 85 4 200
208 59 752 728 
R R R R R R R R R R R R R U R U R R R R D D D D L L R R U U R R R R R R L L L L L L U U L L L L D L L L L U U U R W W W W W W W W W W W W W W W W W W W W W W W W W R L L D D D R R R R R L L L L L U U U R R U R R U D L L D L L D D D R R R D R D R R R R D R D U L L L L L L L L L R R R R R R R R U L L L L U L L L L L L L L L L L U U U D D D R R R R R D R D D D R R D D D L L L U L L R R D R R R U U U 
18 47 6 200
976 930 905 952 444 402 
R R R U R L D L L D D D R D D D U U U L U U U L U U U D D D L L D D D U U U U U U U L L U L L U L U L U U U U R U R R R R R D U L L L L L L U L L D D L R U U R R D R D L D D D L L L U R U R U R L D L D L D R R R D R D R D R R D R R D R R R R L L L L U L L U L L R R D R R D D D L L L L L L L L L D D D D D L D R D R D R D D D L L D L L D L L U U L L L U U U U R L D D D D R R R U L L L U U R U R U D 
12 96 4 200
592 362 138 593 
L L L L L L L L D L L D D U U R R U U D R D D D D D D D D L D D U U R U U U U U U U R R L L L L L D D D D D L L D U R R U U R R R R R R L L L L L L D D D D D D D D D D D D L D D D D D D D D D L D D D D D D D D D D D R D D L D D D D D D D D R R D R D R D R D D D D D D R D D R R D D D R D D D D D D D D L R U U U U U U U U L U U U L L L D L D D U U U L U U U U U D D D D D L L R R R D R U R U U L U U 
61 68 6 130
788 806 775 733 936 547 
L L L L L L D U R R U U U U U U R R U U R R L L U U L R D D D D L L D D D D D D R R R R R U U U R U R R R U U U U U U R U R U R U D L D D D D D D D D D L R U U U U U U U U L D L D D D D D D L L L D L D D D L L U U U U U U U U U U U U D D D D D D D D D D D D R 
72 49 4 140
426 68 557 914 
L L L L L L L D L L L L L L L D R L U U L L U L U U L U L U L L L U L U L L U L L D D L L L D D U R R R L L L U R R L L L L U L L L L L D D U U R R R R R D R U D R R R R D D D D D D D D U U U U U U U U U U R R D R R D R D R R R D R D R D D R D R R D R R R R R R R U R R R R R R R 
81 9 3 138
686 630 941 
R D U L L L L L L L L L L L L L L L U U U U U U U U L U L L L L L R R R R D U R R R R R R L L L L L D R D D D D D D D L R R R R R U U R R U U U L U D R D D D L L D D L L L L D R R R R R R R R R R D D D D D U U U U U U L U L L L L D D D D U U R R L L U U R R R R D R D R R R R 
5 14 5 168
0 450 349 163 827 
U R R R R R R R R R D D D D U U U U L U U U L L L L L U U U U U U U L U L R R R R U U D D L L L D L D D L L D L L L L R R R R U U U U U U L L L U U D R L D R R R D D D D D D D L D D L R U U R U U R R U U R R D D D D D D D R R R R R D D D L L L D U L L L U U R U R L D L L L L L D L L D L D D D R D U L U U U R U R R U R R R R D D L L D 
79 26 3 200
917 117 778 
U U R U D D R R R R R L L L L D U L U L U D D D D D D L L L L L D U R R R R R U U U U U U R U R U U R R R R R R R R R R D W W W W W W W W W W W W D R R R D D D D L L L L L L D D D D L L L L L D L L L L L D L L L L L L U U U U U U U R U U U U U U L L U L U U R U R R R R R R R R D R U U U U D D L L L U U L U L U U U L U U R R R R L L L L D D R D D D R D R D D R R R D D L U L L L L L L L L D L D D R 
79 14 4 174
185 595 116 849 
R R R R R D U U R R R R R R R R R L L L L L L D D R R R D R D R R R R R L L L L L L D D U U R U L U L L L U U R R R U U D D L L L L L L D L L L L L U U R R R U U R U R R R R R R R R R R R D D D R R R D D D D D L U U U L D D D D L L L L U U L U U U D D D R D D R R R R U U U U R D D D R U U U U U L L L U U U L L L L L L L L L L L D L D D L L L D D 
13 0 6 200
674 765 420 367 505 534 
R U R R R R R R R R R R R R R R L L U U U U U U L L U U L U U L L U L D D D D L L L L L L L L L D W W W W W D U U R R R R R L L L L L L L R R R R R R R R R R R U U U U R D R R D D R D D R R D D D D D R L D L L L L L L L L L D U L L L D L W W W W W W W W W W W W W W W W W W R U R U U U L L L L L L L L L L W W W W W W W W W W W W W W W W W W W W W W W L U L U U U U D D D D R D R R R R R R R R R R R 
83 64 6 200
677 53 296 504 903 739 
R R R D D D D R D R R R R D R D R R L L U L U L U D L L L U D D L L L L D D D D D D D U U U U U U U L R R U U D D R R R U U U U U U U U R D D R D D D R R R R R W W W W W W W W W W W W W W W W W R D L L D D L D R R D D D R D D R D D U U U U U U U U U U U R U U U R U U U U U U U U L U U U L L U L U U L U L U U U U U R U U U U U U U U U U R R U D L L D D D D D D D D D D L D D D D D R D R D D R D R R 
38 54 6 200
837 888 520 43 776 738 
D R R D R R R R L L L L U L L U U U U U U U R R R L U U D D L L D D D D D L D D D D D L D L L W L L W W W W W W W W W W W W W W W W W W W W W W W W W W W W L D D D D D D D U U U U R R R L L L U U U R R R R R U R U U U U U R D U U L L U L D D D U U U R D R R R R R R U R R L L D L L L L L L L U U U W W W W W W W W W W W W W W W U R R R R R U R R R U U R R U D L L D D L L L D L L L L L D D D D R R R 
69 12 4 200
823 916 977 106 
U U L R U U L U W W W W W W W W W W W W W W W W W W W W W W W W W W W W W W W W W W W W W W W W U L L U U U U U U U U U R R R R U D L L L L D D D D D D D D D D D D D D D L D L D D D L L R U U U U D L L L L L L L L L R R R R R R R R R D D D R U U R R R R R L L L L L U R U R U U U U U U R D D D D D D D D R R R L L L L L L L L L R R R R U U U R U U U U U U U U U U U R R R L L L D D D D D D D D D D D 
77 81 6 200
573 560 575 911 58 519 
U U U U U D D D D D D D R D R R U U U U R R R U U U R U U U R R R R R R U R R R U U R U D R R R D R L D D D D U U U U U L U D L L L D D L L L L L R R D L L L L L L D D D L D D D L D D D U U U L U U U U U D D L R D D D R R R R R R R D R D D D D D L D L D L L L W W W W W W W W W W W W W W W W W W W W W W W W W W W W W L U U R R R R U U U R L D D D L L L L D D R R R R U R U R U U U U U L U L L L L L 
19 21 6 188
664 770 364 195 745 639 
D D D D D D L R D D D D D D R L U U U U L R D D D D U L L L L L L L L L L L L L L U L L D D D D D L D D D L D U L U U U D D D R R U R R R R R R L L L L L L U U R U U U U U U U U U D D D D D D D D D D U U U U U U U U R R R R R R R R R R U U L U U L L U U L L L L L L R R R R R R D D R R D D R D D L L L L L L L L L L D D R R D R R R R R R R R R R R R R R U U U U U U U U U U U 
24 19 4 154
498 880 407 490 
D D D D D D U U U U U L L L R R R U R U R U R U U D D D D D R R D R D D R R D D U U L L L L U L L R R D R R U U U D L U L L U U U L D L L R D D D D D D D D D D R R R R D D D D D R R R D D D R D R D U L U L U U L L L L L L U U L U U L L R R D D R D D R R R R R R U L L L U U U U U L L L L U U U U U U U U U L 
64 35 4 200
932 698 89 322 
L L L L D D D D D R R L L L L L L L L L L L L L L L L U L U L L U L U L L L L L U U L L U L U L L L L L L U U U L R D R L D D R R R R R D D D D D D D D D D D D D D D D D U U U U U U U U U U U U U U U U U R D R D R R D D R R R R R D R D D U R R D R D R R R R R R R U U U U U L U L U U U U L L L R R R D D D D R D R D D D D D R R R R R L L L L L L L L L L L U L U U U U L U L R D R D D D D R D R R R R 
99 65 5 200
719 337 302 665 680 
D D D D D L D L L D L R D D D D D D D D D D D D D D D D D D U U U U U U U U U U U U U U U D D D D D D D L L L R R R U U U U U U U U U U U U D R R U R U U U U U D D D D D D D D D D D D D D D D L W W W W W W W W W W W W W W W W W W W W W W W W W W W W W W W W W W W W W W W W W W W W W L L L L U U U U L U U U L L L L L L L U U L L L U U U U U D D D D D D D L L R R U U R U U U U R U D L D D D D R R D 
67 99 9 200
536 516 228 812 125 197 641 873 611 
R D R R R R R R R R R L L U L L L L L R R R R R D L D D D D D R D U R R R R R U R U U R R U D R D D D D R R R R R R R R R U R R R R D D D L L L D D L L R R U U R R R U U U R R U U D D L L L L D D D D D D D U U U R R R R L L L L U U U U L U U D D L D L D D D D D D D L R U U U U U U U L L L U D L L L L L L L L R R R U U U U L L L L L L R R R D D D D D D D D R D R D R R R L L L U L U L U U U U U U L 
76 24 5 200
669 311 502 327 300 
R R R R R R L L L L U U U U U U R R R L L U U U U U L L R R D D D D D R R R R R L L L L L L D D D D D D L L U U U U U R R U R U U U U R U W W W W W W W W W W W W W W W W W W W W W W W W W W W W W W W W W W W W W W W W W W W W W W W W W W W R R U U U L U U U L U U U U U U U U U U U U U L U U U U U U U U U L L L U L L U L L U L D L U U U L L L L L L D D D L D D D U U U R U U U R R U U D D R R R R D 
19 23 6 200
701 747 889 787 945 433 
U U U U L U L L U L L L L L D D D R L U U U R R R R R R U U U D D D R R R D D D D D D R D R R L L U L U U U U U U L L L U D R R R D D R R R R D U L L L L U U L L L L D R R D D D D D D U U U U U R D D D D R R D R R R R D U L L L L U L L L D D D D D D D D L L L L D D D L L L L L L L L L L R R R R R R R R R R U U U U U L U L L L L L L L L L L L D L L R R U R R R U U U U U L U L R D R D D D L L L L L 
96 81 8 200
982 51 835 599 666 177 925 484 
U U U U R L D D D D D D U R L U U U L U L R R R D D D D D D L D U L L R R R U U U U U U U R L L L L L U D R R R R D D D D D D D D D D D D D D D D U U U U U U U L L L L R R R R D D D R R L L U L L R D D D D D U U U U U R U U U U U U U U U U U U U U U U U U U R D R D D D D D D D D D D D L D L L L U U L L U U U D D D R R D D R R R D D R D D D U U U L U U U R U U U U U U U U U U U L U L D D D D D D D 
4 91 3 136
434 503 891 
D L D D D D D R D R L D D D R D U R U U U U R U U U U U D D D D D L D D D D L L U U U U L U U U U U U U D D D D D D D R R R R U U U U R R U U U R R R L L L D D D L D D D D D D D D D D D D D D D D D D D U U U U U U U U U U U U U U U U U U U L D D D D L L L L U U U U U R U 
17 76 9 142
376 440 861 942 688 676 267 860 858 
D D D D L L L D L D D D D D D D D L D L R R R R R R R R R U U D D R R L U D L L R U U U U U R R L L L L L U U U U R U U U U U U L L D D D L L D L R U R R U U U R R D D D D D D D D R R D U R U D L L L U U L D D D D R R R D D D D D L L L L L L L L U R U U U U U U U U R U R R R U U U U 
14 3 8 200
91 924 386 720 332 70 164 696 
U U R R R R R R R U R R D U L L D L U U D D L D U U L L L L L L L L L L L U L L L L U U D D R R R R D R R R R R D D D U L L L L D L L L L L L L L L R R R R R R D U R R R U R R R R U U R R R R R R D L L L L L D D R R U R R R U R L D L L L D L L L D L L L L L R R R R R D R D U L U L L L L L L L L L U L L L U L U U U R U U U U U W W R R R R R R R R R L L L L L L L L L D D D D D L D D D R D R R R D R 
24 95 4 100
675 705 935 884 
R R R R R R D D R D D D D R L U U U L L L L L L L R R R R R R R D D U U L L L L L L U L L L U U U U U R L D D D D D R R R D R R R R R R R R U U U D D D L L L L L L D L R U R R R R U L U U L L L L L L 
34 93 4 128
866 797 715 853 
R U U U R L L L L L L L L L L L L L U L L L L D D D D L L L L D U R R R R U U U U R R R R U R R L L D D D D R R R R R D R L U L L L L L U U U U U L L D L D L L L D D D L R U U U R R R R R D D D D U U U U L L U R U R R D D D R R R R R R R R R R R R D D D L 
64 25 5 186
868 427 301 989 951 
U U L R U D D D D D L L L L D D D D D D L L D D L L L L L L L L L L L L U U L U L L L L U L L D D D U U U R R D R R R R D R D R L D R R R R R R R R R R R R U L L L L L L R R R U U U L L L L D L D D D D D R D D D D R D R R R R L L L L D D D D L L D D D D L L L R R R U U U U R R U U U U R R L L U L U U U U L U U U U U R U R R R R D D D R R R U R R U U U U U U R R R R U U 
40 7 5 176
962 93 214 539 660 
L U U U U U U U U L U L U U U R U R U U U L L L R R U U U U U U D D D D D D L L L W W W W W W W W W W W W W W W W W W W W W W W W W W U U U R U D R R R R R R R R R R L D D D D D D D D U U U U U U U U L L L L L U U R R R L L L D L L L L L R R R R R D L L L L L D D D R R R R D D D L D L D D D R R L U U U U U U R U D L D D D D D D D R D D D D D D D D R 
94 97 7 200
626 85 480 833 734 229 102 
L L L D L L L L L D R D D R D U L U R R R R R R R R R R R R L L L L U U U U L L L L L U L R D R R R R R D D D D L L L L L L R R R R R R R R R D U L L L L L L L L L U R R R U R R R U R R U D L D D D D D D D D D U U U U U U U U U L U L L L R R R D D D D D D D R L U U U U U L L L D L L L D L L U L U R U U L L L L L L R R R R R D D D D L D D D D D D L L L L R R R R U U R R R R L L L L U U U U R U U U 
74 76 3 200
65 299 369 
L U L U U U U L L R R D D D D D D D D D U R D D D D D D D D R U U U U R R L L D D D D L U U U U U U U U L U U U U R D R D R R U W W W W W W W W W W W W W W W W W W W W W W W W W W W W W W W W W W W W W W W W W W W W W W W W W W W W W W W W W W W W W W W W W W W W W W W W W W W W W W W W W W W W U R R R R R R R D D D U U U L L L L L L L U L L D U R R U U U U U U U U U R L D D D D D D D D D D D D L 
45 73 3 200
462 662 288 
R R D D U U R U U U U R U R L D L D D D D L L L D D D D D D D U U U U U R R D D U U L L U U D D D D R D W W W W W W W W W W W W W W W W W W W W W W W W W W W W W W W W W W W W W W W W W W W W W W W W W W W W W W W W W W W W W W W W W R D D D L L L L U L L L U L U L U U U U L L D D D D D D D L D D D D D R W W R D D R L U U L L U U U U U R U U U U U U U R R D D D D R D R D R R R D R R R R U U U L U 
32 17 5 200
410 399 487 574 709 
D D D U U U U U L L U L U L U U U L L L U U U U L U U U L L L L L L U L L U U L L U L U L U D D D D D D L R U U U U U L L L L L L L R R R R R R R R D D D D D D D D D D D D D D R D D D D U U U U L U U U L L L L L D D L L R D U R U U R R R R R U U U U U U U U U U R D R R D D D D D D D D L L L L D L L L L L L R R R R R R U R R R R U U U U U U R R R R R R R R R R R R U R U U L U L L L L L U L U U D D 
69 88 2 194
412 753 
L L L L D D U R R R R R R R R R R R R R D D D D U U U U L L L L L L D D D U U U L U U U L U U U L L L R R R R L D D D R D D D R R D D D D D U U U U U L L L L L L L L D D D D D L D L D D D U U U R U R U U U U U R R R R R R R R D D D D D R R D R D D D D R R R R R R R D D D D U U U U L L L L L L L U U U U L U L L U U U U U L L L L L L L L L L L L L L D D D D U U U U R R R R R R U R R R R 
20 96 3 108
393 32 463 
R D D D D D D R R D D R R R R U U D D R R R R R R R R D D R D D L L L L D L L L L L D L L L L D U R R R R U R R R R R U R R R R U U L U U L L L L L L L L L L L L U U L R R R R R R U D L L L L L L L U L R U U U U U L 
93 31 8 93
193 646 33 46 654 624 577 842 
D D D L L R R R R R R R L L L L L U U U L U U U L U U R R L U U U U U R L D U R R R R U R R R D U L L U U U U U U U U U U W L R D D D D D D D D D D L D L L L L D D D D D L D D R D D D R 
29 25 5 200
645 384 711 55 500 
U U U U U U U U U U U R U L L L L U U L U L U U L U L D D D D D D D R L U U U U U U U R D R D D R D R D D R R R R D D U L L L L U U U L U L L U D L D D R D D U U L U U R R R R R U U R D D D U U U L D D L L L L R R D R D D D R R R D D D D D D D D D D D L L R R R R R R R R R U R R R R R R R L L L L L L L L L L L U L U U U U U U U U U R R R R R D R D D R L D D D D D D D D D D D D D W L D U R U U U U 
3 61 10 200
165 30 964 52 772 567 227 171 579 493 
R R U D L D D D D D D R D U L U U U U U U L U U L U L U U U U U U L U D R R R D U U U U U R U R R L U U L L U U L U U U L U L R D R D R L D D D D D D U U U U R U U U R L D D D D D R R D D L D L D D D D L L D D D D D D R D R D D U U U U U U U U U U R D D D D D D D D D R D R D R R R R R R R R D R D D R R R R U R R U R R R R D R R U U U U U U L U U U L L L L L L L L L L L D L D D D D L L R R U U U U 
64 14 5 200
170 992 757 162 751 
D L R U U U U D D D L L L L L L L L D L L D L D D R R R D D D D D R L U U U U U L L L U L L L R R R D D D D D R R R R R D R R D R R R D D D U U U L L L U L L U L L U D L L L U U U U U U R U R R U R R R R R R R R U R L D L D W W W W W W W W W W W W W W W W W W W W D D L L L L D D D R R R R R R R R R D R D D D D D D L R U U U U U U L U L L L L L L L L L U U U L L L L L L L L R R R R R R R D D U U R 
27 35 7 200
256 774 543 899 5 96 390 
L L L L L L L L L L L U U U U U U U U L U U L U L L D L L L D D D L D R R D U L L U R U U U R R R U R U U U L U U L U D R D D R D D D L D L L L L L U U U L L U L U U U L R U U U U D D D D D D D R D R R D D D R R R R D D D D D D D D D D D D D D D L D D D L L L L L U L U D L R R D R R R R R U U U R U U U L R D D D L D D L L L L U U D D R R R R U U R U U U U U U U U U U U U U U U R U R R D R D D R D 
60 27 6 200
798 413 129 419 139 48 
R D R U U U R U U R U U R U U U U U U U R U U R R L L D D D U R R R R R R R R U U U D D D L L L L L L D D D D D D D L R U U U U U U U L L L D L L L R D D D U U U L L L L L L L U D R R R R R R R R R D D D D R R D R D D W W R L U U L U L L D D L D D L D D L D D D L U L L R L W W W W W L U U L L L L L L W W W W W W W W W W W W W W W W W W W L D D U U L L L L L L L D L W W W D D D R D D R R D D U U L 
43 9 2 68
744 278 
D D U U R R R R R R L L L L L D D D D D D D L L L L L L L U U L U U U U U U L U U D D R D D D D D D R D D R R R R R R R U U U U U U U L 
37 71 7 118
875 731 401 820 47 200 670 
U U U R U U U U U U L U L L L U L R R U R L D L D R R D U R D R D D R R D D R L U U U R U R R R R R L L L L L D L D D R D U L U L L D D D D L D D D D D D D W W W W W W W W W W W W W W W W W W W W W W W W W W W W W W D D D U U U U U U U 
47 19 3 200
114 2 336 
U U U U U U U R R U L U L L L L L R R D D D D D D D U U U U U U L L L L R R R R U R R R D R D L L D D D D D D D U U U U U R U U U U L L L D L L L L W W W W W W W W W W W W W W W W W W W W W W W W W W W W W W W W W W W W W W U L U L L L L L L L L U U U U U U U U U W W W R R R R R D R R R R D D R R R L L L U U L L L L U L L L L L D D D D D D D D D R R R R R R R R D R D R R R R U R R R D D D D L D D 
57 62 5 200
678 859 754 492 248 
D D D D U L L L L L L L L U D L L L L L D L L U U L U U L L U U U L U D R D D D R D D D L L L L L L L D D D D D L D L D D L L R R U U R U R U U U U U R R R R R R R U U U R D D R D D R R U R R L L D D L L L L D D D L U U D D R U U U R R R R R L U U L L L L L U L U W W W W W W W W W W W W W W W W W W W W W W W W W W U U U U D D D D D R D R R R R R R R R D D D D D D D D D R R D U L L U U U U U R L U 
62 24 4 170
850 845 226 284 
L L L R R D D D U U U L L U U U U L L D D L R U U R R D D D D D L L L L L L L L U D D L D D L D D L D L W W W W W W W W W W L L D L D D L L D D R D R D R L U L U L U U U U L U U U U D R R R U D L L L D D D R D D D D R L U U R R U U R U R R R R L L L L L L L U L U L L D D U U R R D R D R R R R R R U R U U R U U R U R R R R R R R R U R R R 
88 14 2 68
356 811 
R R R R D R R R R R U U U R U U D D L D D L R D R L D D D D U U U U U U U U L U L U U D D R D R D D D D L L L L L U L R U U D D L L L L 
33 17 5 200
469 146 190 524 112 
U U U U R D D D D D D L L D L R U R R U U U U U U R R R R U D L L L L D D D D D D L L L D L L L L L L R R R R R R U R R R U U U U U U L D D D D R D D L L L L U U U L U L U L L L L L D D D D D L D D D L D D D L L L L D L L L L L L L L L L L L D D D L D L L U U U U U U U U U U U R R U R R L L D L L D D D D D L L R R U U U U L R D D D D D D D D D D R R U R R R R L L L U U U R R R R R R R R R R R R U 
68 11 4 200
130 290 832 108 
R R U U U U U U L R R R R R D D D U U U L L L W W W W W W W W W W W W W W W W W W W W W W U U U U U U U U U U U U L L L L D L L D D D D D D D L L L L D D D D D L L D L L L L L L D D L D D R D D D D D D R R L L U U U U U U L U U R U U R R R R R R R D R D R D R R L L L L L L L L L L L D D R R R R R D D D R L U U U L L L L L U U U U L U L U U R R R U D L L L D D R D R D D R R R R R R R R R U L U L U 
14 77 3 152
478 712 546 
D L L L L L L L R R R R R D D D D U U U U U U U R R R R U R R R R R D R D D D D R D D D D R R R L L L U L D D L L L L D D U U R R R R U R R R U R R L L D L L L U R U U U L U U U L L D D D D L D R D R R R D D D D D D D D R L U U U U U U U U L L L U L U R U U U U R R U L U L L L L L D L L L L D D D R R U 
96 26 5 200
415 445 885 810 717 
L D L D L D U R U U U D D D L D U U L L U L L R D D D D D D D L D D L D L L R R U R U U R U U U U U U U R R R R U U U U L L L L U D L L L R R R R R R R D D D D L L L D R R D R D L L L D D U U R R R U U R U R U U U U U U U U U U U U R R U U U U U U U R U U U D D D L D D D D D D D D D D D D R L D D D D D D D D L L L L L D U R R U U U U U U U L L L U L U U U U L U U U U U D D D D D R D D D D R D R R 
59 41 5 199
874 544 949 950 594 
U L D D L D D L R D D D R R D U U R R R R U U D D L L L L D L L U U U U U L L L U D D R R D R R R R R D U L L L L L U L L U L L R R R R R R U U R D L L L L D D L D D D R D D D D R U U U R R R U R R R R R R R R R D W W W W W W W R D D D D L L L D L L U L D L D D D D L L L L U U R L D D R R R R U U U U R U R D R R U R R R U U U U L U L L L L L L L L L D L L L D D D L U U U U L U U U R U U R R R R 
43 13 5 200
37 877 107 512 421 
R R U D D D R D R R R L U U U D D D L L D D D D D D D L D D L D L L L L L L L L L L L L L L U L L R R R R R L L L D R R R R R U U U L L R R R R R R R R R R R U U R L L L L L L L L U U U U L U U U U D D D D R D D D D R R R R R R R D D L L L L D D U U U R R U R U U U R U U U L L U U U R R R R D D R D D D D R D R L U L U U U U L U U L L L L D D D R R D D D L D D D L D L L D L L L L L D D D R R R R R 
79 0 3 164
86 418 510 
L L L L L L L R R R R R R R U U U U U U R R R U U U U U U L L L U L U U U U R R U R U U U U R U U U R R U R R U U L L U L R D R R R R R R R R L L L L L L D D L L D L L D D D L D D D L L L L L L L L L R R R R R R R R R D L D L L D D D D R D R R R D D D D D D D R D D R D U L U U L U U U U U L L L R R R D D D D L L L D D D D D D 
99 11 2 40
802 796 
D D D D L L L D D L L L L D L D D D L L R R U U U R U R R R R U U R R R U U U U 
19 98 6 200
341 528 281 848 841 749 
L L U L L L L L L L L L L D D U R R R R R R D D D D D D D D D D L D L L D L D D D D D D D D D D D D D D D D D D D R D D D D D D R R R R R D R R R R R R R R R R R D R D L L L L L L L L L D D D D U U R R D D D D D D D R R D D U U L L U U U U U U U L U D L U U R R R R R R R L U L L L D L L D L L L U D R R R U R R U R R R D R R R U L U L L U U U U U U D D D D D D L L L L U U U U D D D D L L L L L U L 
81 7 3 36
467 62 529 
R L L U L L L L D L L L D L L L D D L R U U R R R U R R R U R R R R D R 
62 6 4 172
456 881 661 22 
D D L R U U R R R U U U R L D D D L L L R R R R R R R L D D D D L U U L L L U L L L U L U L L U L R D R R D R D R R R D R D D L D D L L L U U L U L L R R D R D D R R U U U L L L L U L L U L U D R D R R D R R R R D D D R R R R U R R U U U U U U U U U R L D D D D D D D D D L L D L L U D R R R R L L L L L U U R U U R R D D R U U U U L L L L L L 
50 62 5 156
981 176 496 882 610 
R R U U R U U U U U U U U U U L L L L U L U L L L L D D R R D R D R D D D D L D D D L L L L U U L U U U U U U U U U U U U D D D D D D D D L L L L R R D D D D D D D D W W D U U U U L L R U D R U U U U U R R D D D D R D D R R R R U U U R U U U U L U L U L L U U R R R R D R D R R R R D D D D D D D D D D L D D L L 
25 69 2 56
82 443 
D D D D D D D D D D L L D L L R R U R R U U U U U U R L L L L L L L L L R R R R R R R R U U R R R R L L L L U U 
79 80 4 200
960 19 863 394 
U U U U U U U U U U U U U U L L L L L L L U D R R R R R R R D D D D R R R L L L D D L L L L L U U U U L L U U L L L L L L L L L D U R R R R R R R R U U D D R D D R R R L L U U L L L L L L L U U U D L L L L L L L R R R R R R R D D L L L L L L D D D D D L L R R U U U U U R U U U U L L L L L L D D L L D L D D D U U U L U U U L L L L L D D D D D D D D D D D U U U U U U U U U L L L L L L L L L L R R R 
32 40 6 197
242 550 746 722 828 673 
U U U U U U U U R R U D D D R D R D R D D U U U R U U U U U U U U R U R U U R R U R L D L L D D L D L D D D D D D D D L D L U L U L U U L L D D D D D D D L L U U L U L D L L L L L D D L L D D D D U U U U R R U U R R R R R U R D R D D R R D R R R R R R L L L L L L U U L L U U L U L L W W W W W U D R R D R D D R R D D R R R D R R L L U L L L L L L L L L L D U R R R R R R U U U U U D D D D D R 
94 14 3 137
265 830 172 
L R U U U L U U L U U R R R R R D D U U L L L L L D D R D D R D D D W W W W W W W W W W W W W W W W W W W W W D D D L L L U L L L D D L L U L L L R R R D R R U U R R R D R R U U U U U U U L L L L L L L D D L L L D L L L R R R U R R R U U R R R R R R R D D D D D D D R U U U 
58 24 5 200
618 865 813 972 658 
L D D D D R D R D U L U L U U U U L L L U L U L U U L U L L L L L L L L L U U L L U U L L L D D D D D D D D L D L L L L L L R R R R R R U R U U U U U U U U R R R D D R R L L L L L L L L D L U U U U U U U U R R R R R R R R U U R U U U U U D D D D D L D D L L L L L L L L D D D D D D D D R U R R R R R U U U D D D R R R D D R R R R R R R R R D R D R R L L D L L L R R R R R U U R R L L D D L D R D R R 
64 86 6 200
441 268 897 371 72 886 
L D D D L L L D D D D D L D D L R U U R U R R R L L L U U U L L L L L L L L U R U R R R R R U U U D D D L L L L L D L D R R D U R R R R R R U R R R U U U R D L L D D L L D L L U U U U U U R R R R R U R R R R R R U R R D R R D W W W W W W W W W W W W W W W W W W W W W W W W W W W W W W W W W W W W W W W W W W W W W W W W D D D D D D D D D D D D D D R R R R U U R U R R R R R R R U R U U D D L D L L 
22 68 2 80
650 446 
R R U U R R R R R R R R R L L D D D D D D D L R U U U U U U U R R U D D D D D D D D D R D R L U L U L L U D R R U U U U U U U L L L L L U U D D L L L L D D L L 
52 32 2 162
590 199 
L L L L U U U L U U U U U U U U U U L L L L R R R R D D R R R R R R R R R R R R R D D D R R U R R R R R R R D D D D D R R R R R R R R R R U R U D L D L L L L L L L L L L D D D D D L L R R U R R R R R R R R L L L L L L L L U U U U U U U U U L L L L L L L D L L U U U L L L L L L L L L L L L L D D D D D D D D R D D D R R R R 
61 41 5 189
983 400 60 454 291 
U U U R R R R R R U R R R R R R R D R D D R D R L D D L L L L D L L D U R R U R R R R U U U L U U L U L U U W W W W W W W W W W W W W W W W W W W W W W W W W W W W W W W W W W W W W W W W W W W W W W W U R R R U U U U U U U U U U U L L L R R R D D D D D D D D D D D L L L D D D L D U U R U R R R U U U U U U L L R R U U D D D D D D D D L L L D L D L L L L L D L L L L L L D D D 
84 8 3 184
640 871 485 
R R R R R R R D R R R U R R R R U U U U R U U U U U U U L U U U U U U L U R R U U U L L U U L L L U U U U U U U U U L R R R R R U D L L L L D D D D D D D D D R R R D D R R D D D L L D D L L D D D L L L D L L U U U U L R D D D D R R U R R R U U U R R U R D D D D L L L L L L D L L L U D R R R U R R R R R R D D R D D D D D D D L D D D D L L L L D L L L U L L L L L L L 
56 47 5 200
198 898 153 638 506 
L D L D D U U R R R L L U L U L U U L L U D L L L L L L L L L L L D D U U R R R R R R U U U U U U D D D D D D L L D L D L D D D R R L L U U U R U R U R R U D R R R R R R R D D R D R R L L L L L L L L L L L U L L L L L L L L D L L D W W W W W W W W W W W W W W W W W W W W W W W W W W W W W W W W W W W W W W W W D D D D D R R R R R R R R D R D R R R R R R R R R U U U U R U R R U R U U R U U L R D D 
80 3 2 46
205 513 
D D U U U U R R R U U U U U R R U D L L D D D D D L R R R D D R D R L U L U U L L L L L D D 
90 0 1 14
990 
U U U L L L L R R R R D D D 
86 54 9 200
379 252 710 907 643 613 963 99 902 
D D D D D L U D D L L U U L R D D R D D D D D D D D D D D D D R D D R D U R R U R R L L U U U U U U U U R U U R R L L U L R R R R U U U U U U U U U U U U U R U U R R U R L D L L D D L D D D D D D D U U L R D D D D D D D D L L L D D D L R U R R R D R R U U R U U R U U R U U U U D D D D L D D L D D L D D L L U L L L D D D D U U U U R R D R R R D U L L L U L L D L D D D D D D D D D L L L U U L U U U 
39 92 4 200
481 321 604 417 
D L U U U U D D D L L R R U R U R U D L D L D D L D D D D D D D W W W W W W W W W W W W W W W W W W W W W W W W W W W W W W W W L L L L L D D D D D D R D D D D D D D R D D D D D R R R D D R D D D D R L U U U U L U U L L L U U U U U L U U U U U U U L U U U U U U R R R R R D R R R R R R D R R R R D D D D R R D R L L L L L L L D D D D D D D D D R R D D R L U L R U L L U U U U U U U U U L U U L U L L 
13 77 3 200
3 986 295 
U R R D R R R D D D D D D D D U U U U U U U U U R R D D D U L D D D D D L L L R R R U U U U U R U U L L D L L L D D L L L L U L U U U U R R R R U R R R R R R R R R R R R D R D D D R D R D R D D D R D D D D D L D L L L L L L D L L L D L D U R U R R R U R R R R R R U R U U U U U L U U U L U L U L U U U L U L L L L L L L L L L L L D L L L L D D D D R D R R D D D D D D D D U U U U U U U U R R U U U L 
30 98 6 200
955 822 956 216 330 879 
U R R R R R R R R R R R D D R D R L D D D L D D D D D D D D D D D D U U U U U U U R R R R L L L L U U U U U R U U U U L U R D D R D R R R L L L D D D D D D D D D L L L U U U L U D D D D D D U U U U U R U U U U L L L D L L L L U L U L L L L U L U L L R R D R D R R R R D R D R R R R U R R R D D D D D D D R R R U U U U U U U U U U L U U L U L L L L L L L L L D D D D D D D D U U U U U R R L L U U U L 
55 87 5 175
23 304 894 282 104 
U R L U L L L U D R R L L L L U U U U U L U U U L L L L U U R R R R R R R R R R L L L L D D D U U U R L D D D D D D U U U U U U R R R R R R R R R D R R U R R L L D L L L L L L L D D D D D D D D W R R R L L L U U U U L L L R R R U U U U R R R R R U L L L L L L L L L L L L L L L D D R R R D D D D D D D U U U U U U U R D D D R D D D D D R R R R R D D 
62 46 6 186
474 729 218 526 785 926 
L L D L L L L L L L L L U U L L L L L L U L L L D L D D L R R D R D D D R D D D R L U U U L U U U L U L U U R U R R D U R D R R R R R R D D R R R R R R R R R U R R L L L L L L L L L L D L L L L L L L L L U L L D L L L L L L L U L L L L L L L L D L L L L D D D L L D D U U R R U U U R R R R U R R R R R R R R D R R R R R R R U R R D R R R R R R R R R U R R R R R R R R R R 
85 23 6 200
355 780 347 313 264 360 
D D R D D R L U U L U U U U D D D D D D D L D D L L L D U R R R U U R U U U U U U R R U U U R R R R R R U U L L L L L L L L L L D L D L D D L D D D L L L L D L L L U U U U U R R U U U U R R U R U U L L U U R U R R R R D D R D R R L L U L U U L L L L L L L L L R R R R R D L D D R R D D L D L L D D D D L L D D D D D R R R U R R R R U U U R U U R U R R R R R R L L L L L U R R R R R R R R R R D D L L 
20 46 4 174
151 240 259 406 
R R R R R R R U U R R R R U R R U R R R R R R L L L L U U U U U U U U L R D D D D D D D D L L D L L L L L L L L L R R R U U U U U U U D D D D D D D R R R R D L L L L D D L L L L D U U U R U U R R U U U R R R R L D D D D U U U U R R R D R R D D D D U U U U L L U L L L L L L R R R U R R R R L D D D U U U L L U D L D L L L D D D L L D D L D D L L L 
71 85 4 200
580 491 80 628 
D D L L L L L D D L D D L D D D D D D L U L U D D D L D D D U U U U U U U U U U U U L L D D D D D D L L D D D D D D D D D D D R D D D D D D D D L D D L D D D R R R R R R R R R D R R R R R R R R D D L R U U L L L L L L L L U U U U U U U U U L L U D R D D D D D U U U U U R D D D D D D D D U U U R U R R U R U U R U R U D L D L D D L D L L D L D D D L L L L L L L L L U U U R U U R U U U U U U U U L U 
95 4 2 200
105 958 
L L D L W W W W W W W W W W W W W W W W W W W W L R R U R R L L W W W W W W W W W W W W W W W W W W W W W W W W W W W W W W W W W W W W W W W W W W W W W W W W W W W W W W W W W W W W W W W W W W W W W W W W W W W W W W W W W W W W W W W W W W W W W W W W W U L R U R R R U R R R U U U W W W W W W W W W W W W W W W W W W W W W W W L L L L L L L U L U L U U D D D D D D D L D U R R R R R L L L L U U 
89 70 3 140
558 380 323 
R U U U U U U U U U U U U U L U U U U L L L U U U U D D D D D L D D D D L D L L R R U R U U U U R U R R R D D R R R L L L U L L U D R R R R U U U U U D D D D D D D D D D U U U U U U U U U L L L L L L L L L L D U R R R R R R R R R R D D D D L L D D D R D D D D D D D D D D D D D L 
