100
7 14 4 161
0 364 574 531 
R R U R D D D D R D R R R R R U U R U R D D D D R L U U U U L D L D D L L L L L U L U U U U L D L L U U U W W W W W W W W W W W W W L U U U U U R R R R R R R R R U U U U U U U L L L L L L L D L D L R U R U R U U U R U U U L R D D D R R R R D U L L L L L D D D R R R R R R D D D D D D D L L L L L L L L L D D D D D R D D D 
62 46 7 128
983 474 874 785 653 454 129 
D D U L L L L D D D U U U R R R R D D D D D D R R R U R R R R R L D U U U U U U U U R U U U U U D D D D R D D D D D R D D D D R R R D U L L L D L D D L D L D L L D U R R U R U R U U R U U U U U L U U U U U L D L D D D D D D D L L L L D L L L U U U U U U U 
66 80 3 136
518 799 863 
U U U U U R U R U U U R L U U U U L L U L L L L U D D D D D L R R U U U D D D L U U U U R R R R D D D D D D L L L L L L L L U U U U U U U U U L U U D D R D R R R R R R R D R D U L U L L L L L L L D D D D D D D D R R R R R R R R U U U U U R R D D D D D D D L D L D D D D D 
8 35 5 200
543 899 847 256 444 
U U U U U U D R R R R R R R R R U R R U R R U U U U U U U U D D D L L D L L D D D D L L D L R U R R U U U U R R U R R D D R R L L U U U U L R D D D D D D D L L D L D D D D D D L R U U U U U U L U L L U U U D D D R R D D L L L L L L L L L D D D D D U U U U L L L U U U L U U U U U L U U U L L L U U U R U R R R R R R R R R R R D D R D R R D R R R R R L L L L L U L L U L U U L L L L L L L L L L L D L 
65 73 4 102
733 936 491 818 
L L U L U U L L L W L U U D D R R R R D D D D D L D D U U U U U U L L L L L L L W W W W W W W W W W W D D R D R R D R L U U U R R D R D D U U L U L L D D L L U L U U R R R R R R R D D D D R U U U R D R R 
39 47 7 161
550 242 776 520 43 828 188 
D D L D D D L L L L L L D U U U U U U U R R U D D D U U U R R U R U U D D L D L L D L L D D D D D D L W W W W W W W W W W W W W W W W W W W W W W W W W W W D L R R R R R R R D D R R D D R R D D R D R R D R R R R R R R R R R L L L L L L L L L D D U U L U L L U L U U L L U U L L U U L L L L L L U R R R R R R R U U U R U U 
1 6 3 200
195 390 593 
L D D D D R L U U U U D D D U R R R R R R R R L L L L L L L L U U R L D D R D R U U U U U R R U R U U W W W U R W W W W W W W W W W W W W W W W W W W W W W W W W W W W W W W W U R R U U U R R R R U R R R U R U U U U U U U U U U U U U U L U L L L L L L L D D D D D L L U L L D L R U R R D R R U U U U U R R L L D D D D D L L U U D D R R U U U U U L L U L U L U U U U L U U U U U L L L D D D D R D U L 
66 1 3 94
318 637 205 
D U R R R R U U U R L D D D L L L L D U U U U L L R R D D D D R R R R R R R R R R U R U R R R D U R R R U U U U U U U R R U U D D L L D D D D D D D L L L L L L D L D L L L L L L L L L L U 
89 70 6 188
361 53 568 179 682 238 
L L D L D D L D D D D D D R D R D R R R R D R R D R L U L L U L U D L L L U L U L U U U U U U R U U R U R U U D D L L D L D L L R R U R U R R R D D D D R L D D L R U U U R R R R R D R R D D D D D D D D L D L L L L L L L L L D U R R R R R R R R R U R U U U U L L L L L R R R R R U U U R W W R L L D D D L D D D D D U U U U U R U U U U R U R R U D L L D L L L U L L L L L U U U 
88 14 5 196
811 415 438 849 595 
R R R U R U U U U U U R U U D D L D L D D U U R D D D D D D R D R R R R D D D R R L L U U U L L L L U L U U U U U U U L U U U U L U U L U D R D D R D D D D R D D D D D D L D L L L R R U U U U U R R U U R R D D D W W W W W W W W W W W W W W W W W W W W W W W W W W W W D R D R R D D D D L D D D L D L D L L L L U U D D R R R R U R U R U U U R U U U U L L U L U U U U L L D D L L D D D D D L L 
78 99 6 198
516 883 422 228 1 19 
L L L L L L D L D L L D L L L L L L L L D D L L D D L R D D R D R R R R R U U U U D D D D L L L L L U L U U U U R R U U R R R R R R R R U R U U D D R U R R R D D D D U U U U L L L L L L D L L L U U D D D L L L L L L D L D L U U U L U D R D D D R U R U R R R R D D D U U U R R R R R R R R L L L L L L U R R R U R R R R R R D D D D R D D U U L U U U U L L L L L L D L L R R U R R R R U R R R R R R 
75 90 6 200
812 480 873 611 911 145 
U U D R R R R R R R U R R U U U R U R R R R R R R R R R R D R R R D U L L L U L L L L L L L U U U D D D D D R R L L D U U U L L L L D L D D D L L L R D L L L L L L L U U U U U R R R L L L D D D D D R R R R R U R R R R U U R R R U R R D D D D D L D L D L D D U U R U R U R U U U U U L L D L L L D D L L L D D D D D R D D D D D D D D U U U U U L R U U U L U U U R R R D U U U U R U R R R D U L L L D L 
85 23 7 200
355 669 917 502 686 172 513 
D U L L U L U U U U U L U L L L L L U U U U U R L D D D D D R R R R D U R D R D D R R R L U U U D D D R R R D D D D D D D D L D L L D D D D D D D L D L D D U U R U L L U L U U U D D D R D R R R U U U U U U U R R U R U U U U U U U U L L L L L D D D R D R R D D D D D R D D D L D D L D L U U L L D D R D R D D D D D L D R R D R D R D R L U L U L U L L U R U U U U U L U L U U R R D D R U R U U R U U U 
70 84 7 200
404 304 894 104 66 23 282 
L L D L D D D D L L U U U U L L U U L L L L L U L L U U L U L L U L R D R L L U U L U U U L U U L U U U L L L L R R R R R R R R R R L L L L D D D U U U R D D D D D U U U U U L L L D D D D D D D D D L R U U U U U U R D D R D D D R D D R R R D R D D L R U U L U L U D R D R L U L L L U U L U U D D R D R R R R R R R R R D R R R R U U U U U U U U U U L R D D D D D D D D D D L L L L U L L L L L L L L L 
13 0 4 194
674 70 696 420 
R U R L L L L L L L L L L L L L L L U U R R R D R R R L L L U L L L D D R R R R R R R R R R R R R R R R R U R U U U R R L L D D D L D L L L L L L L L L U D R R R R R R D U R R R R U U U U U U U U L U L L L U L L U L L R R R R R R R R R R R R D U L L L L L L L L L L D R R D R D D D D D D D D L L L L U U U U U U R L D D D D D D R R R R U U U U U U U U R R D R D D D D D D D D L L L L D L 
28 34 2 131
384 711 
L L L L L U U U U R U U D D R R R R D D R R D U L L U U L L L L U U L U D L D U R R D D L D D R U U U U U U R U R R R W W W W W W W W W W W W W W W W W W W W W W W W W W W W W W W W W W W D L L D D D R R L L U U U R R U L L L D L D D L R D D D D L D D R R R R R 
50 62 5 200
127 981 210 206 632 
R R R U U R R R R R U U R R R R R R R D D R R R R R R R R R R U U U U U U U R L D D D D D D D L L L L L L D D D U U U L L L L U U L L L U U U U D D D D L L L L D D L L L L L D D L L L R R U R U U U U U U W W W W W W W W W W W W W W W W W W W W W W W W W W W W W W W W W W W W W W W W W W W W W W W W W W W W W W W L L D U R R R R R R U U U U U U U R U U R R L L L L L L L L L R R R R R R R D D L D D 
17 3 2 68
720 112 
R U R L D L L L D L L L L U L L U U L L U L U L U U U U L U U U U L L L D U R R R D D D D R D D D D R D R D R R D D R R D R R R R U R R 
75 77 6 200
815 560 575 323 58 134 
R R R R R D R U U U U U U U U U U U U U U R R R R R R R R U U R R R R R D R R D R R L D D D D U U U U L U U D L L L L D D L L R U U D D D D D D D D D D U U U U U U U U R U U R R U L L L L L D D L L L L L L L L D D D D L L L D L L D D D D D R W W W W W W W W W W W W W W W W W W W W W W W W W W W W W W W W W R L L U U U U U R R U R R R D D D D D D D D D D L U L L L L L U U U U U U U U D D D D D D D 
46 67 5 196
462 288 670 859 728 
R U U U U D D D L L L L L L L L L L D D D D D D D D D R D U L U U U U U U U R L U U U L U U U U R R U U U U U R U U R R U U U L L U U L L L L L L D L D D L L U L U L U L L L L L L D D L U U U L U L L L L L U L R D R R D D D D D D D D U U U U U U U U R R R D R D D D R U U R R R R R R D R D R D R R U U R U R R R R R R D D R R D D D L L D D L D D D D D L L D D D D R D R R R R R R R R R R D L 
69 88 4 200
536 81 216 268 
R R U U R U U U U U U U R U R R R R L L L L D D D D D D D D D D D D D D D D D L D L L L D L D L L L L L L L L L L L U U U L U L L L L L L L U U U L U L L L L L L L L L L L L L L L U L U U D D R D R R R R R R R R D U L L L U U L U U D D L L L L L L R R R R R R R D D R R R R L L L U U U U D D D D R R R R R R R R R D R D D D R R R R R R R D R D D D R R R R R R R R R R R U R U R R R U R U U U U U U U 
80 33 6 200
311 778 60 562 620 239 
U U L L R R U U U U U L L L L L L U U U U R R U U R R L L D D L D D D R R L L U U U L D D D D R R D D D L L L L L L R R R D D D D D D D D U R L U U U U U U U R R R U U U R R R R D D D D D D D U U L U D D D D D D W W W W W W W W W W W W W W W W W W W W W W W W W W W W W W W W W W W W W W W W W W W W W W W W W W W W W W W W W W W W W D D D L D D D D L L L L L L R R R R R R U U U U R U U U U R R L L 
88 69 6 200
677 337 862 166 504 795 
D D D L L D D D D R R R R R R R R D D R D D D D D D D D R D D D D D D D D D D D D U U U U U U U U U U U U U U U D D D L D D L D L D U R U R U U U U U U U U U L L L L L L D U U U L L L L L L U U L L L U D R R R D D R R R R R R D D R R R R R R U L U U L L L L L L L U U D D D R L L L L D U R R R U L U U U U R R D L D D D D D D D L L L D L D L L D L L U D R R U R R U R U R R R U U U L L R R U U U U R 
46 24 4 200
114 73 152 139 
U R U R U R L U L L L L L R R D D D D D D D U U U U U U U R U U U U U U U R L U U U U U U U L L U U D D R R D D D R R R D U L L L D D D D D D D D D D R R W W W W W W W W W U R R R R R R D R R R R R U R R R R D R D D R D R R R D D D D R R U R R U D L L D L L U U U U U U R U R R L L D L D D D D D D R R R R U R U U R L D D L D L L L L U U U U U U U U U U U U D D D D D D D D L L L L L L L L L U D R R 
44 83 6 200
47 496 417 38 200 959 
D D D L L D L L D D L D D D D L D D U U R U R R R R L L L L U U U U U U D D D R D D D D D D D L L R R U U U U U U U U U R R D U U R R U R R R L D L L L L D L L D D D R L U U U R R U R R R R U L L U U D D D D L L L L D D D D R L U U U U R R U U U U U U L L W W W W W W W W W W W W W W W W W W W W W W W W W W W W W W W L L L L L L L L D D D D D D R D D D L R U U U L U U U U U U R R R R R R R R R R D 
11 55 5 156
479 5 706 952 760 
R D L D D U L L L L L L D D L D D U U U L R U U U U U U U U U U U U U L L L L D D D U U U R R R R D D D D D D D D D D R R R R R R U U U U D D D R R L L D L L L U R R U U R L D D L L D L L L D D D D R U U R R R R R R U R U L D L D W W D D D D D D D D R R R U U R R U U U D D D L L D D L L L U U U U U U U U U R U 
68 11 6 200
823 170 865 226 301 231 
U U U D L L L L L L L L U U U U U L L L U L U U L L L U L U U L D D D D D D L D D L L D D L L L D D D D U U U U R U U L L L L L U U U U D D D D R R R R R D D R R U R R R R R R R R L L L L L L L L U L L L L L L L U U U L L D D D U U U R R D D D R R R R R R R R D D D D D D U R R R R U R L D L L L L U U U U U R U U R U U U U U U R D D R D R R R D D R D R R R D D D D R R R L L L D L L D L R U R R R R 
29 16 6 200
498 190 770 424 410 83 
L L L L D D D L U U U U U L L L R R R D D D D D R U L L L L D D D L D L D U R U R U U U R R R R U U R R R R R U U U U U U U U U U L L L U L L L U D R R R D R R R D D D D D D D D D D D R R D U L L U L U U U U U U L U L L L U D R R R R U R U U L L L U U U U L L U L L R R U U U U R L D D D D D R R D D D D R R R R R R R R R U U U U U L U L U L U U L U L L L R R R R U U U U U U U R L D D D D D D D L D 
0 18 6 200
349 163 945 980 396 433 
U U U U U U U R R U U U R L U L U D R D D D D L L D D D D D D D D U U U U U U U U U U U U U U U R R R R D D D D D D D D D R D D D D L D D L R U U R U U U U U U R R R R R R U U D D L L L L L L D D D D D D U U U U L U U U U U U U U U L L L L D D U R U D D D D R D D D D D D D D U U U U U U U R R R R R R R R R R L L L L L L L L L D D D R D D D R L U U U L U U U L U L U U U L D D D D D D D D D D D D D 
31 84 5 200
208 330 321 126 891 
L U L U L U L R D R D D L L D U R R U R R R R R R R R R R D U L L L L L L L L L U U U U U U U U U R D R D D D R R R R U U D R R R R U U U U D D D D L L L L D L L L L U U U L U L D D D D D D D R R R R R L L L L L U U U U U U R R L L D D D D D L L L L L L U U U U U L L L U L L L L L L L L L D D D D D D D D D D L L D D L D L D D L L D D L L D D D D R R D R D D R L U U L U L L U U U U R R U U R R U U 
17 91 7 188
283 393 736 939 961 797 953 
R R R R R D L D D L D U R R L U L L L L L L L L D U U U U R R R R U R R D R R L L U L L D L L U U U U U R R R R R R R R U R R L L D L L L L L L L L D D D D R R R R D R R R R D D D D R R R R U U U R R U U D D L L D D D L L L L L L L L L L L L D D D D D R L D D D D L L R R U U U U U U U U U R R R R R R R R U U U U L L L L U L L L L D L L D D D R R R R R R R R U R U L L L L L 
41 78 5 200
401 820 247 721 71 
L R D D U R R R R R R R R R R R U R U U R U D R D R D D R D U L U U L U L L D D L D L L L L D D D D D D D U R R R R D D D D D L L D D L L L L D L L D L D L D L L L U L R D R R R U R U R U R R U R R R R U U R R U U U U U L U U U U U U U U U U D D D D D D D D D D L L L U L R U U U R R R R R R R R U R R L L L R D L L L L L L L D D D D D D D D D L D L L R R U R U U U U U R R R R R R U R L D L L L L L 
32 56 4 164
754 259 673 151 
L D D D L D D L D D U U U U D D R D D D D D D D D D D R R R R R R R D R L U L L L L L L L U U U U U L L L R R R D D D D D R R R R R D D R R L L U U L L L L L U L L L L D D L D U R U U R R R R U U U R L U U U U U U U U R U U U R W W W W W W W W W W W W W W W W W W R R R R R D D D D R R D D U U L L U U U U L L U U L R D D L L L 
56 57 3 166
79 590 7 
R R D R L L L L L L L L L L D L L D D D D R D D D D D D L D D D D D D D D D U U U U U U U U U L L L L R R R R R U U U U U U L U U U U R R U R R R R R R R R D D L R U U L L L L L L L L L L D D D D D R D D R D R D D D D D D D D D R R D D D U U U L L U U U U U U L L L L R R R R U U U L U L U U L U U U U U R R R R R R R R R R R U L L 
43 9 4 200
744 809 989 212 
D D U U R R R R R R L D D D D D D D L L L R R R U U U U U U U U U U R U U U R R R R R R R R R L L L L L L U D L L L D D D L D D D L L L L L R R R U U U U R W W U U L W W W W W W W W W W W W W W W W W W W W W W W W W W W W W W W W W W W W W W W W W W W W U L L L L L L D D U U R R R R R R D R D D D D D D R R R D D D D U U U U L L L U U U U U U L R U R U U U U U R U R U U U R R R R R D R D U L U L L 
99 5 9 200
77 802 796 105 990 185 265 501 902 
U L L D L L L L L L D D D D L L R R U U U U R R R L L D L D L L L L L U U U U U U U U U U L L R R R R R D R D R R R U U U U D D D D L L L L D D D D D D U R R R R R R L L L L L L U U U U U R U L U L L L D D D D D D D D L L L R R R D D R R R R R U R U R R R R R U R R D U U U U L U U U U R U U U U U U U U U U U U U U U U U U U U U L U U U L U U L L L U U D D D L D L L D D L D L L U L L L L U U U D D 
19 28 5 200
701 747 763 926 124 
D U L L U L L L L L L D D U U R R U U U U D D D D D D L L L L R R U U U U U U U R R R R R R U R R U R R L U U U U D D D D L D L L D L L L L L L D D D D D D D R R U U R R R R D R R U U U U L U U U U U U U U R U U U L L L L L L L L L L L L L L U U U U U L U U U U U U L L L L D U R R R R D D D D D D R D R R U U U R U U R U L L L L L L L D D L R U U R R R R R R R D L D D D D D D D D R L U U U U U U L 
83 91 3 143
626 85 26 
R R U U U R U R D D R D U L U U L D L D D D L L R R R U R R U U W W W W W W W W W W W W W W W W W W W W W W W W W W W W R R R D R W W W W W W W W W W W W W W W W W W W W W W W W W W W D D D D L D D R R R L L L U U R U U U U L U L L L D D L L D L L D D D D D D D D R L U U U U U U U U L 
17 76 5 160
376 440 930 270 295 
D D D D D D D D D D D L D L D L L L D L R R R R L D D D D D D D D D L L R R U U U U U U R R D L L D D D U U U R R U L L U U U L L U R R R U R U R R R R R R R U U U U U R R L L D D D D D L L L L L L D D D D D L D D L L R R U U R U U U R R R L L L U U U U U U U U U U U U L L L L D D D D D D D D U U U U U U U U R R R R U 
0 59 5 188
570 30 50 475 113 
D D D D R R D R D U U U U R R D D D U U U L L U U L U U U U U L D D D D D D D D U U U U U U U U R D R R R R R L L L L L D D D D R D D D D D L U L L U U U U D D R U U R R R R R R R R R R D D D R R D D D L D L L L L D L L U D R R U R R R R U R U U U L L L D L D L L L R R R U R U R R R D D D D L L D D D D D U U U U U U L R D R R U U U U L L U U U L L L L L L L L L L D D L U U 
60 25 6 191
798 868 850 845 644 366 
R U R R U D L L D L L D R D D R D U L U U L U U U L L U D L D L L L D L R U W W W U D L L D L L L D L D L L U U D D R R U R U R U U U U U U U U L L R R D D D D R R D R L U L L D D D D R R U R D L L D D D D D D L D D L W W W W W W W W W W W W W W W W W W W W D U R U U R U U U U U U R R U R R R R U R R R D R R R U U U D D D L L L L L L L L L U L U U D D R D R R R R R R D R R D U L 
71 73 6 200
65 755 768 299 839 468 
U U U U U U U L U D R D D D D D D D R D U R D D D D D D D D R L U U U U U L L R R D D R D R R R R R R R U D L U U L L L L R R R R D R R R R U U R R R R U R R R R R D D R R D R R U U U U U R U U U U U D D D D D D D D D D D D D D D R D D D D D L D L L U L U U D D R D R R U R U U U U U L U U U U U U U U U U L D D D D D L L U L L L D U R U U L L L L L D L L L L D D L L L L D L L L L L L U L U U U U U 
46 18 6 200
37 877 971 453 447 75 
D D D D L R R D R D D D R L U U U L U L D L R U U U U U R R L L L L U U U U U U U U U U U U L U U U L U U L U L U L U L L L R R R D R D R D R D D R D D R R R R D R R R L L L U L L L L D D D D D D D D L D D D D D D R R L L U U U U U U R U U U U U U U R D D D D D D D D D D D D R R U U U U W W W W W W W W W W W W W W W W W W W W W W W W W W W W W L R D D D D D D D D L L L L D L L L L D U R R R R U R 
32 64 4 165
428 888 837 910 
R R D U L L W W W W W W W W W W W W W W W U L L D D D R D R D D D D R D R R D R D R D R R R D R R R R L L L L U L U U U U U U U L R R R L U U D D L D D D D D L L R R D D L D D D U U U L U L U L U L L U L U U L L L L L L R R R R R R D D R D R R R D R R L L U L L L U U U U U U U L L U D R R D D D D D D L U U U U L U L U U U R R D 
59 72 5 200
775 806 176 25 573 
U U L L L L L L L L L L D L L L U L L U D R R D R R R D R D R R R L L L U L U U R R R R U U U D D D R R R R R R D D D D D D R D U L U U U U R U U W W W W W W W W W W W W W W W W W W W W W W W W W W W W W W W W W W W W W W W W W W W W W W W W W W W W W W W W W W W W W W W W W W W W W W W W L U R R R U R R R R R R R U R R U U R R U R U U U U U U R R R L L L D D D D D D L D L L D D L L D L L L L L L 
12 3 5 160
91 386 164 534 473 
R U R U R R R R R R R R U D L L U U D D L L L L L L D L L L L U U L L U L U L U U U U L L D L D D U U R U R R D D D D R D R D R R D D R R R U U U U U L U L L L U U U U U U U U U D D D D R R R R R R R R R R R U U R R U R R R U U U R U R L D L D D D L L L D L L D D L L L L L L L L L L L D D D D D R R R D R D D D D D D L 
24 19 4 64
880 222 791 93 
R U R R U U U U U U R R L L D D D D D D R R R U U R R R R R R U U U U U U R U R L D L D D D D D D L L L L L L D D L L L L L D L 
14 28 2 94
450 487 
D D D D D D D D D D D D D D D D D U U U U U U U L L L L L L L L U U U U U U U U U R U R R R L L L D L D D D D D D D D D R R R R R R R R U U U U U L L L L L L L L R R R R R R R R U U U U U 
33 9 4 185
403 278 365 569 
R R R R R D D D D R D R D D R R W R L L L U L L L U L R D R R R U L U L U U U U L L L U U U D D D L L R U R U U U R U U R R D D R R D D D L L L L D D D D D D L D U R U U U U U U R R R R R R R R R U U U U R L D D D D L L L D D R R R D D R D R R R D R R U U U D D D L L L L L D D U U R R R U L L L U L U U L L L U U R R U R L D L L L L U U U L L U U L L D D L D D D L D L 
87 80 11 200
886 835 51 982 599 177 925 197 641 833 739 
L D D D D L D D R R R R R R R U U R U R U U R R U R L L U U L U U R R R U D L D R D D D D D D L R D D D R R D U L L L L R D D D D D U U U U U R U U U U U U U U U U U U U U R U U U U U U U R L D D D D D D D L D D L L R R R U R U U L L L L U U U U U U L D D D D L D D D D D L L W W W D U R R U U U U U U U U D D D R U U U U R D D D R R R U D L L L L L L L U U L L U D R R R R R R U D L L L L D D R R R 
26 0 3 200
765 698 214 
R U R L U L U U U L U L U D D D D D L D L L L U U R U U U R U U U R R R R R R R R U U R U U R R R U U U U R U R U R U R R R U U R U U U U U U U U U U U U L L L U U L U L L L U L L L L L U U U L L R R D D D R R R R D D D D D D D R R R D D D D U U U U L L L U U U U U U U R D R R R D R D D R R R D D D D D D D D R R R R R L D D D D D D D D U U U U U U U U L L U U D D L L D D D D L D D L L L D L D L D 
22 68 7 200
861 942 688 860 3 333 779 
D D L D D D L U D R D R L L L R R U U U U U L L U U L R U U U U U U U U U D D D R L U U L L L D D D D D D L R U U U U U U L U L L L L L L R R R R R R D R D D D D D D D D D D D D D L D L D D L R U U R U R U U U U U U U U U U U U L L L L L L D L L R R U R R R R R R U R R R R R U R R R U R L D L L L D L L L L L L D L L L L L L L L L L D D D D U U U U R R R R R R R R R R U R R R R U U U U U U U U D D 
1 13 2 50
745 627 
R U R U D D D D D D D D D D U U U U U U U U U L D L L R D R D D D D D D D D D U U U U U U U U U L U 
43 53 3 46
68 557 914 
L R R R U U L L L L L L L L L L D U R R R R R R U D R R R R D D D D D D D D U U U U U U L L 
68 69 6 200
647 300 225 807 326 680 
R D R L D D D L L L D L D L L D U R R U R U U U U U U D D D D D R R R R R W W W W W W W W W W W W W W D D D D R R R D D D D D L D R R U U U U U R R R R R D W W W W W W W W W W W W W W W W W R D D D D D D D D D R R D D D R D D D L D L L L L D L L L L U L U U U U L U D R D D D D R D R D U R R R U R R R U D R U R U U U L U U U L L U U U U U U U U U R R R U U U U R L D D D D L L L L U L L L L L D D D 
19 21 4 200
664 367 976 722 
D D D D D L D R D D D R D D D D L L L L R R R R U U U U L U U U L U U U U U U U U U U U U R R U U U U U U U U R R U U U L U U U R U U U U U U U U U L L L D D D D D D U U U U U U R R R D D D D D D D D D L L R R U U U U U U U U U L L L L D D L D L D D D U U U R U R U U R R R R D D D D D D D R R R R R R U D L L L L L L D D L D D D D U R D D D L L D D D D D D D D L L D D D D D D D D D D D R U U U U U 
69 23 6 200
106 703 419 327 199 949 
U U U U R U U U U L U U L L U U L L U L L L L L L L R R R R R L L L L L L U U U U L R D D D D R R R R R R R R D R R D D R R D D R D D D D R R R R R U U U R R R U U U R U U U U U U R D U L D D D D D D L D D L L L L L L L L L L L R R R R R R R R R R U U L U U U U U U L U U L U L L W W U L L L L D D L L D L L D L D L L U U L L L L L D D R R D D D R D U L U U U L L U U R R R R R D D R R U R U R R U R 
19 23 2 110
789 314 
L R R U R R R R R R U U U U U R R U R R R R U U U R R U R R U D L L D L L D L L L L L L L L L L R R R R R R R R R R D D L L L L D L L D D D D D L L L D D D D D L R U U U U U U U R R D R D R R L L U L U L L D D L L L D L 
54 42 3 110
198 544 628 
U U R U U R R L D D D D D D D D U U U U U U U U R U R U U U U R U R U R R R U U U U U U U D D D D D D R D D R D U R R U R U U U R U U U U R R L L D D D D L D D D L D L L L U U L D L L L D L D L D D D D L D L L D D L D D 
86 75 3 194
558 380 548 
R R R R U U U U U U U L U L U U U U L L U U U U D D D D L D L L L D D D D D U U U U U R R R U R R R D D R R R R L L L L U U L D D D D D L L L L U U U U U U U W W W W W W W W W W W W W W W W W W W W W W W W U L L L L L D U R R R R R D D D D D D D D R R R R U U U U U R D D R R R R L L L L D D R D R D D D D D D U U U U U U L L L U L U L U U U U D D D D R D R D R R R D D D D D D D L L L L 
27 76 3 200
875 489 704 
R R R R R R R R R R R D U L L L L L U U U U U U R R R U D L L L L U L L L L L U L L U D R R D R R R R R D R R R L L D L L L L L L L L L L L L L U L R R R R R R U R U R L D L D L L L L L D R R R R R R R R R R R R R D D D D D L L L L L L U U U U L L L L L D L W W W W W W W W W W W W W W W W W W W W D U U U U U U U U L L L D D D D D D D L D W W W W W W W W W W W W W W W W W W D L L U L L L D D L L R 
35 75 2 200
650 519 
D D D L L D D D D D D D L L D D L R U U R R U U U U U U D D D D D R R D D D D D U L L U L L U D R R D R R R D D D D R D R W W W W W W W W W W W W W W W W R R R R R R U R R R R R R R R R R R R R R R U U U U U R R U U R R U U U U U U U R R R U U R R R U R U R R U U R U R R R R R U U R U U U R U D L D D D L D D L L L L L D D D D R R R R R R R D R R U R U U U U U U R R R R R R D D L R U U L L L L L L 
64 3 4 200
456 661 149 726 
L L L U R R U U R R U R U U D D L D L L D D L L D L L L R R R R R D D D U U U R D D D L W W W W W W W W W W W W W W W W W W W W W W W W W W W W W W W W W W W W W W W W W W W W W W W W W W W W W W W W W W W W W W W W W W W W W W W W W W W W W W W W W W L L L L L L U U U R U R R R U W W U U U U U R R R R W W W W W W W W W W W W W W W W W W W R L R R R R U R U U U U L R D D D D L D L L L L L L L L D 
57 62 3 200
678 746 604 
D D D D U L L L L L L L U L L L D L L L L D L L L D D D D U U U R R R L L L U U W W W W W W W W W W W W W W W W W W W W W W W W W W W W W W W W W W W L W W W W W W W W W W U R R R U R R R R R R U R U U R U R U U U U R U R U R R R U R U U R R U U U L L L L L L L L L R R R R R R R R R D D D L L D D L D L L L D L D L D D D D L D L D D L D L L L L L L D L L L U U U U U U R R R R U R R D R L U L L D L 
28 28 3 200
539 813 406 
R R R D R R R R R R R R R D U L L L U U U U U U D D D D D D L L L D D D L L L L R R R R U U U R U U U U U R R L L D D L L L U U U U L U L L L U L U U W W W W W W W W W W W W W W W W W W W W W W W W W W W W U R R U U U R U R U R U U U U R R L L D D D D L L L U U U U U U L L U L U U D D R D R R D D D D D D R R R U U U U U U R U U U U D D D L R D L D D D D D D L L L U U U U U U U U U U U R L D D D D 
1 35 6 174
257 144 150 96 465 402 
D D R R R R R R R R R U U R R R R R R L L L L L L D L L L R R R D L L L L L L L L L U U U U U U U U U L U U U R U U U U U U U U R R L D D D R D D D R D R R U R R R U D L L L D L L U L L D D D D D D D D D D R R U R U U U U R L D D D D L D L L U U U U U U U U U U R U U U L U U U L D D D D D D D D L D D D R D D D D D R R L U U U U U D D D D D L D D 
24 56 8 200
848 281 749 267 443 335 841 712 
R U U R R L L D D L L L D L L L L D U R R U D R R D D D D D D D D U U U U U U U U U U L L L R R U U U U U L U U D R U R R R R U R R U U U U L R D D D D L L D L L L L D L D R D D D D D R D R R L U U U D D L L L L L L L W W U U U R U U R R R R R R U U U R U U U U U U R R L L L U D R D D D D D D L L L L L L L U U R U D L D D R R R R R R U U U U U R R U U R R L L D D L L D D D D D D D D L L L L L L D 
21 2 3 200
924 742 108 
R U U R U U U U R R R D R R D D D D D D R D R R R R R R R R R R R R R R R R R R R R R R R R R R U U U U U U U U U R R R R U R R U U R R R D R D R R R R R L L L L L L L L R R R R R D D D R D D D D D D U U U U U U L U U U L L U L U L L L D D L L D L L L L D D D D U U U U U U U U U R U D R R D R D R R R R R L L L L L D D D D D U U U U U U L U L L L U U U L U D R D D D D D D D D D D D D D D D D D L L 
0 72 10 164
964 52 772 165 905 41 777 493 457 579 
D D R R R D D D R R D D D D D D D D L R R R D R R D D U U L L U L L U U U U U U U U U U U R R R R R R R R U U R U U R U D L D D L D L L L L L L L L L R R R R R R R R R D L D D D D D D D D U U U U U U U U L L L L L L L U D D D D L L L L L D D D U U U R R R U U U U R L U U U U U U U U U U R U D L D D D D D D D D D D D L L L U U 
33 11 4 200
107 167 421 962 
L D D D D D D D D D D D U L L L L R R R R R R R R R R R R R R R U R U U D D R R R R R U R U U U R U U U U U U U D D D D D D D L D D D L D L L L L L L D L L L U U R R U U R R R R U R R R U D L L L D L L L L D D L L D D L L L L L L L L U U U U U U U U U U R D L D D R R R R R U R U R L L L U U R U U W W W W W W W W W W W W W W W W W W W W W W W W R U U U U U W W W W W W W W W W W W W W W W W L R D D 
87 34 6 200
360 264 485 780 885 416 
D D D D D R D D D R D D R R R R R R R R R L L L L L L L L D D D L D L L D U R R U R U U U L U U L D D D D D D R D D D L L L D U R R U D D D L D W W W W W W W W W W W W W W W W W W W W W W W W W W W W D R D D R R R R R U U U U U U R R U U U U U U U U D D D D D D D D L L D D D D D D L L L L L U U L U U D D R D R R R D R R U U U U U U U U D D D D D D D D L L U L L L U L U U R U U R U U U L U U U U U 
39 92 6 200
481 866 822 137 955 158 
L D U U U U L L U L L L L L L L L R R R R R R R R R R R R R R R L L D D D D D D D D D D D D D D D U U U U U U U R R R R U U U R R R L L L U U U U L U U L L L L L L L L L L L U U L L R R R R R R R R R R D R R R R R R R R R R R R R U R R R R D R R R R U D L L L D D D D D R D R R D D R R L L U U L L U L U U U U U L U L L L L D L L L L L L L L L L L L L U L L L L L L L L D D R R R R R R R R R R R D D 
51 70 3 93
141 788 324 
L D L R R R R D R R D U L L U L L L U L L L L L R R R R D D D D D D D D L L L D D U U R R R U U U R R R R L L L L L L L L L L L D D D L D W W W L R U R U U U R R R R R R R U U U U U R R 
49 51 4 197
898 656 78 413 
R R U U D D D D D D D D D D D D D R R R D D D D D R R R R R R R R R D R D D D D D D D R D R R R D D D D R R R U U U U U U U U D D D D R R R R R R L L L L L L D D D D L L L U U U U L L L U L U U U U U U U R U R U R R R R R U U U U U U U L L D L D D L D L R U R U U R U R R R R W R L L L D D D D D D L L L R R R D L L L L L D L D L L U L L L L L L L L L U U U U U L L L U U U U U U U U U U U L L 
4 91 7 194
592 478 567 227 171 277 44 
L L U U U R R U U U D D D D D R D D D D D L D D L D D D D D D R D D R R D R R R D R D R D R D U L U L U L L L L R R R U L L L U L L U U L U U U U L L L R R R D D D D D D D D L R U U U U R R R R R R U R U D L D L L L L L L U U U U U U R U U R U U R R L L L L D D D R D D R R R L L L U U L U U U L L U U U U U U U U R R R U R R L L D L L L D D D D D D D D R R R R U U U L U U L L D D D R R 
69 12 6 200
130 290 154 467 510 630 
R U U U U U L R D R R R R D D U U L L L L U U L L L U U L U L L L L L R R R R R D R D D D D D U U U L U U U L L L R R R D D D R R R R D D D D D D R R R R R R R R R D D D R D D D R R U D L L D L D D D R R R R R L L L L L U U U R U U U U L U U U L L L L L L L L L L U U L L L U L U U U L L L L R R R R D R R R R R R U D L D D D D D D L D L L L R R R U R U U U U U R R L L U L L L L L D D R D R R R D D 
93 31 10 172
193 871 654 624 577 302 719 903 842 646 
D D L D L R R R R R R R L D D U U L L L U U U U U U U U U U U L U D R R R R R U U R U U U U U L L U U U U L U R U U U U U U U U L U R R L L D D D D D L L L L U U D D R R R R U U U U R D D D D D D D D L D R R U U U L L D U R R D D D L D D D D R R D D D D D L D D L L L L D D D D D D D D D D D L R U U U U U U U U L R D D D D D D D D L L U R U U 
61 34 5 200
932 594 658 153 954 
L D D D D R R L L U U L L L L R R R D D D D U L L L L D D L L L L L L D U R R R R R R U R L U R R R R U U U L L U L L U L L U U U L L U U L U U U U U U U U L U U U D D D R D D D D D D D D R D D R R D D D L L L L L U L L L L L U U U U U U U L L U U U U U U L U U U U U U R U R R R R U R L D L L L L D L D D D D D L L L L L L L R R R R R R R D R D D D D D D R R D D D D D D D R R R R R D R R R R R R R 
89 55 6 200
293 252 224 296 668 948 
D D L L D L L D D L D U R U U L L U U U U U U U L L U U U U L L L L L L L L L W W W W W W W W W W W U U U L L U U U U D D D D R R D D D R R R R R R R R R D D R R R R R R D U L L L L L L D D R R D D D D D D D D U U U U U U U L R D D D D D D R R R D U R U R R U U U U U U R R R L L L U U U U U U L R D D D D D D D D R R R D D D D D D R R R R U R U U R U U U U U U L L L L L L L L U U U L R D D D R R R 
34 83 6 200
731 429 986 563 965 240 
R U R R R D D D L L D L R R R D R L L D D L D L L D D D L L D L D D D D D L L D D D D D D L L L L L D D D D R D D L L L L L L L L D D D L D D D D L L D D L L D D U U R U U U U D D D D L D L L L L L L L L L D D D D D D D U U U U U U U R R R R R R R R R U R R U U R R U U U R R R R R R R D R D U U U U R U R U U R L D D L D L D D D L D D D D D U U U U U U U R R U R R U U R U R R R D D L D U R U U L L 
56 47 2 200
426 700 
R R R L L L U U U U U U L U L L L R D D D D D D D D D D D D D R R U U R R R U U U R U U U U R R R R R R R U R R R R U U U U U U U U R R R L L D D D U U U L L L L L U U U U L U U U L U U U U R U R R U R U R R U R R R R R R R R R R R R R D D D D D U U U U U L L L L L L L L L L U U U R U D L D D D R D D D D R D D R R R R L L L L U U L U U U U L L L L D L L D L D L L D L D D D D R D D D R D D D D R R 
75 49 3 160
597 184 707 
R U U U U U U U U R U U R R R U U U D D D L D D D D D D D D D D D R R R D D D D R D D D L L R D D D D D L D D D D L L U U U L U D R D D D R R U U U U R U U U U U R U U U L U L L L L R U U L U L L L L U L U L R D R D R R R R D R D D L L D D L R U U R R R R R U U U L L L U U U U U U U U U U U L L D D L D D D D D D D D L 
82 42 6 185
385 710 928 117 933 499 
U U U U U U R U U L R D D L D D D D D D L L L L L R R R R W W W W W W W W W W W W W W W W W D D D D W W W W W W W W W W W W W W W W W W W W W W W W W W W W R D D D D D D D D L D L D D R D U L U U L D D L D D L D D L L L D U R U D R R U U D D D D D D L D L D D R R D D U U L L U U L L R R R U R U U U U U U U U U L R D D D R U U R U U R R U R U U U U U U U U L U U U U R 
26 89 8 183
32 59 752 715 853 341 138 362 
R D R W W W W W D U L L L L U L R D R R D D U U R U L U U L R U U U R L L L L U L U U U U D D D D L L L L L D L R R R R R D R L U L L L L U R R U U L U U L L L L L L L D D L L L L L L D L D L L L D D D D D D L R U U U U U U R R R R R R R D D D D D D D L L L L D U R R R R U U U U U U U L L L L U R U R R R R R R U U R R R R R R R D D R D D R R R R D R R R D D D D D 
86 46 6 200
379 907 319 445 250 253 
L U U U D D D D D D L D D D D D D D R D D D D R U U U R R D R R D D D D R R L L D D R D R R R R U U R U R U U U R U U R L D D L D D D L D L D D L L D D D D U U U L R U L L U L U U U U U U L L U L L D D D L U U U R R R D D R D D D D D R R D R R R R D D D D D D D D D U U U U U U U L L L L L L R R R R R R U U U U U U R R U R U U D D L D L L D D D D L L L L U L L U U U U U L U U L L L U L U U U U U U 
75 1 6 190
86 529 941 62 881 22 
L L L D U U U U U L L D L U U U U U L R D D D R R R R R R R R D D U U L L U U U U U L L L D D D D U U R R L L U U R R R D D D R R R R L L L L D D L L L L L L D D R U R R D D D D D L L L L L U U L U L U U U L L U U L L L L L L R R R R D D D D D D D D R L U U U U U U L L L L L R R R R R U U R R R R R R R R R U U D D L L L L L L L D D R R D D D D D U U R D R D D R R R R R U R R R 
60 84 4 96
441 371 897 956 
D D D D D D D L L D U R R U U R R R L L L U U U U U L L L L L L L L D U U L U U U L U U U U U L U L U U L L L L L L U L U D R D R R R R D U R R D D R D R D D D D D R D D D R D R R R R R R R R 
60 49 6 200
693 540 400 609 758 291 
U U U L L R R D D D R D D R R D D D D D D D R U R R R U U R U U D D L D D L L L D L U U U U U U U L L D D D D L D D D D D R R R R R R R R U R R U U U D D D L L D L L L L L L L L U U U U U R U U U U U U D D D D U U U U L R R R R R R R R R R R U R R R D D R L U U L L U U U U U U U U U R L D D D D D D D D D L D D D D R D D U U U U R U U U U U R R U R U D L D L L D D D D D L D D L U U U L L L L L L L 
32 21 5 200
146 469 636 89 972 
R R L L L D D D D D D D U U U U U U U R R R R R R R U D L L R U U R U U R U R L D L D D L D D L L L L L L D D D D D D D L L D D D U U U R R U U U U U U U R R U R U R R U U R U U U U U R R U R W W W W W W W W W W W W W W W W W W W W W W W W W W W W W W W W W W W W W W W W W W W W W W W W W W W W W W R R R L L U U U U U U U R U U L L U U U U U W W W R R L L D D D D D D D D L D L D D D D D U U U R L 
45 15 5 200
405 600 870 660 2 
L L L D D D D D D D D D R D D D D U L L U U U U U L U L U L L R R R R U U D D L L D D L L D U R U U U U U U U U U U D D D D D D D D D D R U R D R D D D D D R R U U U L U U U U U R R L L U U U U R R R L L L L W W W W W W W W W W W W W W W W W W W W W W W W W W W W W W W W W L L U R R R U U U R R U U U U U U W W W W W W W W W W W W W W W W W W W W W W R U U U U L L L D D L L D D D L D U R U U U R R 
65 20 7 200
671 992 832 618 927 347 919 
U D D D D L L L L U U L L L U U U U L R R R R R R U R R R U D D D R D R R R R R R R R R R R R R R R R R R D R D U U U U U L U D R D D D D L L D L D L D D L D U R U U R U R U R U L L L L L L L L L L L L L L L L L L U L U U L L L D L L L L L D D D D R R R D D R R R R U U U R R R R R R R R R R R D R U R U R U R U U U U U R R U U R U U U U U U U U U U U U U U U R U U U U R U U R R R U R D D L L R R U 
12 5 2 102
808 524 
L U U U L L L U U U L U U L U U U U L U U L U U U L L L U U R R U U U U U U U L L L R R R D D D D D D D L L D D R R R D D D R D D R D D D D L L L D L D D L L R R U U R U R R R R D D R D D D R R R D D D R 
2 34 4 168
514 774 572 988 
R R U U R R U U U U U R U U U U U U U U U U R D R R R R D D R D R R D D U L L L R R R U L L U L U U L L L L U L D D D D D D D D D D D D D D D D D D D U U U U U U U U U L D D D D L R U D D R D D R R U U U U U R L D D D D D L L D D D D D U U U U U U U L L L U U L U U U D D D R D D D D R R D R D U L U L L L L L L U U U U U D D D D D R R 
96 15 5 200
830 356 640 551 642 
U U U U L U U L L L R R R D D R R R D D D D D L L R R D D D W W W W W W W W W W W W D L D U R U U U U U U U U U L L U L R D D D D D D D L L D D D L L L L D D R D W W W W W W D D L L R R U U R R U R U D L D L L U L U U L L L L L L L U L U L U U U U L L U L L L R R R D R R D D R R R L D U L L D D R D R D R R R R R R R R R R R D D D R D R R D D D D D D U U U U U U L L U L U U U L L L L L L U D R R R 
78 92 4 200
773 125 734 316 
R L L U L L L L D D U U R R R R U U R R R R U R R U R U R R R R W W W W W W W W W W W W W W W W W W R R R R D D D D R D R R R R D D D L L L L D D L R U U R R R R U U U L L L L U L U L L R R U U U R R R R R L D D D D D D D D D D U U U U U U U U L L L L D D L D D D L D D L D D D R W W D D R R U D L L U U L U U U R U U R U U U R U U R R R R U U L L L R R D R R D R R L L D D D L R U U U U L L U L L L 
86 47 8 198
461 589 33 46 716 613 115 99 
U U R R R U U R U U U U U U U D D R D D D D D D D D D D R R D D D D D D L L L D D L L D L R U R R U U R R U U U D D D R R R R R L L L L L L L L L L L R R R R U U U U U U U U D D D L L L D D D D D D L D U R U U U U U U R R R R R L L D D D L L R R D D R R R U U U U U U U U U U U R R R R U D L L L L D D D D D L L D D D D D D L L D U R R U U U U U U U U U U U U U U U U L D D D D D L D D L L L D D 
58 55 3 200
748 219 343 
D R R R U U U U R U R U D L D L L L U U U U U U U D D D D D D D R R D D D D L L L D L R U U R U R R R R L L L L D L R U R R R R R R D D D U U U L L L L L L D L W W W L W W W W W W W W W W W W W W W W W W W W W W W W W W W W W W W W W W W W W W W W W W W W W W W W W W W W W W W W W W W W W W W W W W W W W W W W W W W W W W U L L D L L L L D U R R R R U R R U D R R R R R R R R R R R R L L L L L L L 
4 80 6 162
434 559 528 350 260 285 
U U U U R R R R R U U R R L L U U U U U U U U U U D L L L L L L L L D D D U U U R R R R U U U U D D R R L L D D R R R R D D D D D D U U L U U L L L U U L L L U U L R D D R R R D D R R R D D D U R U R R R U R R U D L L D L L L D D D D D D D D L L L L L D D D D L L R R R R U U R R L L U L L L L L L U D R R R R R R D D D L L 
46 46 6 168
526 638 18 123 322 218 
U R L D D L L R R U U U U U U U U U U U R U R R R R U D L L L L D L D D L L L L D W W W W W W W W W W W W D D D D D D D D D R R R R R R D D D D R D D R D D D D R R D R D R R D D R R R L L L U U L L U L U L L U U L L L L L L R U U D D R R R R R U U L U U L U U U U L L L U U U L R D D D L L L U U U U U U U U U U R R R R D D D D D D D D 
24 95 4 200
675 705 935 946 
R R R R D D R R R D D D R D U L U U L L L L L L L R R R R R R R D D U U U L L L U U L L L L U L U U D D R D R R R R R R R R R D D D U U U L L L L L L L L L R R R R R R R R D R D D R R R R D R R R D D D D R R R R R R R R R D R D U L U U U L L U U U R U U U U U R R R D D R D R R D R R D D R R D R R R L L L U L L U U L L U L L U L U U L L L D D D D D L D D D R R D D R R R R R U D L L L L L L L L L L 
