100
72 49 3 64
351 79 697 
U L L U U U U U L L L L L U L L L L L L L L L L L L R R R R R R R R R R R R D R R R R R D D D D R R R R L L L L L L R R D R R D 
38 54 5 200
837 242 645 711 790 
D L L D D D D D D L D D D D D L D L L U U U U U R U U R U D L D D L D D D D D R R D R D D D L D D D D D D D L L L L L R U U U U U U U L L L L U L L U U L U U U L D D D D D D D R L U U U U U U U R D R R R R R D D D U U U L L L L L D D R D D R R D D D D D D R D U L U U U U U R R R R D D D D D R R L L D D L L L L L L L L L L D D D L L D L D U R U R R U U U R R R R R R R R R R R R R R U U U U U U U R 
52 53 5 200
656 678 18 219 251 
L U U U U R R U R R R R L L L L D L L L U U U L L L D L L L L L D R R R D R R L L U L L L U R R R R R U R R R D D D R D D D D R R R R R R U R R R R R U R U D L D L L L L L D L L L L L R R U R R R R R R R U U R R U U U R R R R R R R R U R U R U R U U U U U U R U L L L L L L U L L U R R R R R R R U U U R R U U R R D D R D R D R R U D L L U L U L U U L L D D L L D D D L L L L L L L D R R D R R R R R 
41 9 6 200
403 962 93 539 237 660 
L L D L D U R U U U U U U U U L L U U U U U U U L R U U R U U U U D D D L L L U D R R R R R L L D L D D D D D D D D D R R D D D D D D D D D D D D D D R D R R D R R R R R R U U U U U U R L D D D D L L L R R R D D L L L L L R R R R R R U R R L L D L L L L L L L U L L U L U U U U U U U R R U L U U U U U L U D R R R R R U R R R R R R R R U U U U U U U U U U L L L L L L L L L L D D L L L D U R R R U U 
89 72 4 200
361 179 504 483 
L D D L D L R D D D D D R U U U R R D D D D D D R D D D L L L L D L D U U L U L U D R D R D R U R R R R U U U L U U U U U U L L D D D L U U U U U U R U U R R D D D D D R R D D D R D R D D R D R R R D R D D D D D D D D D D D D D D D D L D D D D L L D D D D D D D D L D L L L L L L R R R R R R D D R R D D D D D R D D D D D D D D L D L D U R U R U U U U U U U U U D L L R U U U U U L L U U U R U U U U 
55 87 6 167
23 304 894 104 137 66 
R U L U L L L U D R R L L L L L U U L U U U L U U U U U L L R R R R R R R R R R L L L L D D D U U U R D D D D D U U U U U L L L L L D D D D D R D D D D U R D D R R R R R R D R D L D U U U L W W W W W W W W W W W W W W W W W W W W W W W W W W W W W W W W W W W W W W W W W W W W W W W W W W W W W W W W W W W W W W W W W W W U D R D D 
76 4 7 200
637 318 529 881 661 22 149 
L L L L L D D L D L D L L L L U U U U L R D D D D R R R R U U U U U U D D D D D D L L U U L U L U U L U L U L L L L L U L R D R R R D D D D D D D R L U U U L L L R R R D D D R R L L U U U U U U L L L L L R R R R R U R R D R R R R R U U R U R U D L D L D D L L L L D R D D D D U U R D R D D R R L L L L L L L L L L L L U D R R R R R R R R R R R R U R U R U U R R R R U U U U U U U L L L L L L D L L L 
62 57 4 200
748 542 210 300 
U U U R D U L D D L L L U U U U U U U D D D D D R R R R R R R R R R R D U L U U U D D L L L L L L U U L U D R D D R R R R R R U R R R U R W W W W W W W W W W W W W W W W W W W W W W W W W W W W W W W W W W W W W W W W W W W W W W W U U U U U U R U R R U D L L D L D D D D D L L L R R R D L D L L L D U U U U U U U L L L U L L L L U D R R R R D R R R R L D D D D D D L L L L L L R R R U U U U U U U U 
73 10 4 200
823 941 951 162 
L L U U U L L L U D R R R D D D D L L L R R R D R R D R D R R D R D U L U L U U U U U L L R R D D D D D L U L L R U U R L D L L U U R R D D D D L D L L D D L L U L L U W W W W W W W W W W W W W W W W W W W W W W W W W W W W W W W W W W W W W W W W W W W W W W U L L L D L L L L U L U U L L L L L L L D D L D D L L D D D D L R U U U U R R U U R U U R R R R R D U R R R R R R R U R U R U U U U U D D D 
75 90 6 156
812 536 516 228 422 412 
U U U L L L L U U U R R U U R R R R L L U L L L L L R R R R R D L D D D D U U U U L D D L L D D D L L L L L L R R R R R R R R D W W W W W W D D D D D L L L L L L L L D R R R R R R R R R R R D D R D R L U L L L L L R R R R U U L L L L L L L L L L L U R R R R R R R R U U U U U U L L L L L L R R R R R R R R D D D 
0 79 6 186
503 592 434 138 277 171 
R R R R R U R U U U U U U R U U U U D D D D L D D U L U U U L L U U U U R R R R R R R R R L L L L L L L L L L U D R R U U U U U D D D D D L D D D D R D D D D R L U U U U L L L U L R D R R R R R U U U U R R D D D D D D D D D R D R D U L U L U U U U U U L R U U U L L D D D D L D D D L L L L L D D R R R D D U U L L L U U R R R R R R D D D D D L D L L L D D D D U U U U L L 
47 46 4 182
526 729 214 914 
U R R R R L L L L L L U L L L D D D L L R R D R L U U U U R R R R U R U U U L L L L D D L L L L L D D D D D L L D D D D D D D D D D D D D D D D D D U U U R R R D R R R R R R D D D R L D D D D D D D D U U U U U U U U U U L L R R U L L L L L L U L L L U U U U U U U U U U U U U U U R R U U U U U R R U U U U U U R L D D D D D D R R R U U R R R R D D D L D L D R R D 
68 15 4 165
130 106 117 726 
R U U R U U U U U U U L R D R R R R R R R R R U U R R U L U U L U D R D D R D L L D D L L L L L D U L L L L D D D D D D L D D L D L L D W W W W W W W W W W W W W W W W W W W W W W W W W W W W W W W W W W D L D W W W W W W W W W W W W W W W W W W W W W W W W W W W D U U R U U R R U R L L L L D D D D D L L L R R R U U U U U R R R 
32 62 3 200
428 396 574 
R R U D L L W W W W W W W W W W W W W W W W W W W W W W W W W W W W W W W W W W W W W W W W W W W W W W W W W R R W W W W W W D R R D L L L L L L L L L L L L L L L D L D L D D L L L D D L L L L D D D D D L L L D D D D D D D D D D D L L L D L D D D D L L L D D L L D U R U D L D D D D D D D D D R D R D U R R R U R R R R R R R U U U U U D D D D D L L L L L L L D L L L L U L U U U U U U U U U R R U U 
48 63 6 200
127 981 417 496 604 782 
R R R D R R U U L L L L L L L L L U L U U U U U U U U U U U L L U L L U U U D D D R R R U U D D L D D D D D L D L L R R D D D D D D D D D D D L R U U U U U U U U U U U U R U U U U R R R R R R U R R R L L D D D D D D D D D L D D L L U L R D R R U U R U U U U U D D D D D L L R R R D D R R R R R D D D R R U R R R R D R R D U L L U L L L L D L L U U U L L L L L U U L U U U U U U U U U L D L L L L D D 
79 79 5 200
815 560 466 125 323 
R D R D D U R R R R R R R R U R U U U R R U U R U U U U U U U U R U D R D R R R L D D D D U U U U L U U D D D U R R U U W R U U U L L L L U L L L L U L U L L L U D R R R D R D R R R R R L L L L L L U U U L L L L L L D D L R U U R R R R R R D D D R R R R R D R R R R D D D L D D L L L U L L D D D L U U L U D R D D R D D D D D L D D L L U U U U L U U U U U L L L L L L L L D U R R R R R R R R D D D D 
40 84 2 143
208 330 
L L L L L L L U L L L U L L U L R D R D D D L L R R U U U R D R R R R R L L D R R R R R R R U W W W W W W W W W W W W W W W W W W W W W W W W W W W W W W W W W W W W W W W W W W W W W W W W W W W U U U L L L U U U U U U U L L L U L L D D L R U U R R D R R R D D D D D D D R R R D D D D 
11 24 4 141
808 349 163 390 
L L L D L L L L U L L L R R U U U U U U L L U L R D D D L D D D D D D U U U U U U R U U R R D D U U L L R D U R D R L D D D D D R D R R R R U R R R U U U U W W W W W W W W W W W W W W W W W W W W W W W W W W W U U U U L U D L D D D D L L L U U D D R R R U U U U R R D D D D D D D D 
40 7 7 200
744 809 989 877 600 365 569 
R R R R R R U R R R U D L D D D D D L L L D U R R R U U U U U U U R U U U U U R R R R R R R R R L L L L L L U D L L L D D D D D L U U U D L L L L L L L D W W W W W W W W W W W W W W W W W W W W W W W W W W W W W W W W W W W W W W W W W L L L D D D D D D L D D L L R R U U R U U U U U U R R R U R R R R R U U D D R R D D D D L D D D D R R R U R U U D D L D L L L L D D U U R U U U U L L U U U D D D R 
59 41 4 177
874 983 778 400 
L U R R U R U R L D L D L L D L L U U U U W W W W W W W W W W W W W W W W W W W W W L U U U U U R R R R R R R D R D R R R D D R D R R D R R R D R R D D D R R R R D R D D D R U U U U L U L L L L U U U L R R R R U U D D L L L D D D R R R R D R D D D D L U U U L U L L L L U U U L L U L L L U L L U L U U L L L U L U L L L L L L L D D D D D R D D D D R R R 
39 44 4 200
550 813 89 336 
L D D L D D D D D D D D D D D D D D L L D D D D L L L L L R R R R R U U U U R R U U U U U R R R R R R R R R D W W W R D D D D R D D L D L W W W W W W W W W W W W W W W W W W W W W W W W W W W W W W W W W W W W W W L L U U L L L L L L L L D L D D D D D L L R R U U U U U R U R R R R R R R R R R U U U U L L L R R R D D D D L L D D R R R U R U U L U U U U L U L L U U D D L L L L L L L U U U U U U U U 
7 24 3 134
531 701 450 
U L U U R R U U U R U U U U U D D D R R D R R R L L L D D D D D R R R R R U R R R L L L D L L L L L U U U R D R D D D D D D D D D D D D D D R D D D U U U L U U U U L L L L L R R R R R U U U U U U U U U U L U L U U U L L D D L D D D L L D R R R U R U D L D L L L D R D 
94 3 3 200
105 796 944 
L L L D D L L R R U U R R R U U D D R W W W W W W W W W W W W W W W W W W W W W W W W W W W W W W W W W W W W W W W W W W W W W W W W W W R U W W W W W W W W W W W W W W W W W W W W W W W W W W W W W W W W W W W W W W W W W W W W W W W W W W W W W W W W W W W W W W W W W W W W W W W W W W W W W W W W W W W W W W W W W W W W W W U U U U L U L U W W W W W W W W W W W W L L L L L L L L D D D D L L L 
68 11 4 200
170 312 927 185 
U L L L U L L U U R R R R U U R U R U U U L U U U U R R R D R L U L L L D D L L L L L L L L U L U L L L D L R U R R R D R D L R R R R R R R U U D D R R D D R D D D L D L D D L L L L D D R R D R R R D U U W W W W W W W W W W W W W W W W W W W W W W W W W W W W W W W W W W W W W W W W W W W W W W W W W W W W W W W W W W W W R R R R R R R D R R R R R R R R R U U U U U U R R R R R R R D R D R D U L U 
61 15 6 200
832 865 618 594 631 246 
U U U L L U U U U U L L L L L U U U U U U U U R U R R D D D R D R L D D L R U U U L U U U L L D L D D D D D D D D R R R R R D D D D D D L L L D U U U U U U L U L U U U R R R R R R R R R R R R L L L L L L L L L L L L D D D R D R D D D D D R R R U R R D D D L L U U L U L U U U L L D D L L D D D D L L L L L L L D L L L R R R R R R R R D D R D R L U L U U L L L L L U R R R R R R R U U U U R R U U R R 
96 81 5 112
982 51 599 177 238 
U U R R U U L R D D L D D R D D D L L D R R D R D D D U L L L L R R D D D D D D D L D D L D L D L D U R U R U R R R L L D D D D D D L D D U U R U U U U U U U U R U R R L L U U U U U U R R U U L U L L U R R U U U L U U L D D 
93 33 4 200
193 646 264 250 
L D D D D D L R R R R R R R L L L L L L U U U U U L U U U R R L L D D D L D D D L D L D U R U R R D W W W W W W W W W W W W W W W D R D W W W W W W W W W W W W W W W W W W W W W W W W W W W W W W W W W W W W W W W W D U U L U U L U U U R R R U R U U U U U U L U L L L L U L L L L D D D D D D D D D D D D D R D R R U R R D D D D R D D D D R R R D D R D U L U U L L L U U U U L U U U U L L D L L U L U 
12 3 4 132
91 720 107 696 
R U U R R R R R R R R R U D L L L D R R D R D R D R R R R R R R R R D U L L L L R R R R R L L L L L L L L L L U L U L U L U D L L L L D L D L L L L L L L R R R R R R D D U U L L L U U U U U U U U U L U D R D D D D D D D D D R R R R U R U R R R U L L L L L L D D L 
28 80 4 200
731 3 712 689 
R R R R R R R R L L L L L L L L D D D D D D L L L L D L D D D L L L D L L R U U U U U U U U U D D D R L U D D D D D L L L R R R D D R U R R R U R R R L L L U L D D D L L L L D U R R R R U U R R R U R R L L D L L L L D L L L L L R R R R R U R U R U U U U U D D D D D L L L L D D L D D D L L D L L L L U U U U U U U U L L L L R R R R U U U U U U U U U D D D D D D D D D D D D D D D D D R R R R U R R U 
88 14 2 197
811 885 
R R R R U U D D L L L L W W W W W W W W W W W W W W W W W W W W W W W W W W W W W W W W W W W W W W W W W W W W W W W W W W W W W W W W W W W W W W W W W W W W W W W W W W W W W W W W W W W W W W W W W W W W W W W W W W W W W W W W W W W W W W W W W W W W W W W W W W W W W W W W W W W W W L D L L U U U R U R U U U U U U R U U U R L D D D D D R D D U U L U U L D D D D D D L D L D D D R R U R 
91 13 2 200
265 416 
R R U D L L R R U L L L L U U U L W W W W W W W W W W W W W W W W W W W W W W W W W W W W W W W W W W W W W W W W W W W W W W W W W W W W W W W W W W W W W W W W W W W W W W W W W W W W W W W W W W W W W W W W W W W W W W W W W W W W W W W W W W W W W W W W W W W W W W W W W W W U D R R R R R R R R U U U U U U U U L R D D D D D D D D L L L L L L L D D L L R R R R R R U U U U D D D D L L L L D R R 
42 91 5 181
481 935 675 321 820 
L L L L U U U U U L U L L L L L L L L U L L D D D D D L D L L R R R R R D D R R L L U U L L L U U L U U L L U U D D R R D D R D R R R R R D R R U U U D D D L L U D R R R R R L L L L L U L L L L U U U U U R R D R R R R R R R R D R D R R L L D D D D R R R R L L L L U L D D D D D D D D R D W D D D D D R D R R D U L L U L U U U U U U L U U U U U U U U R D R R R R 
6 44 10 200
543 96 570 706 952 964 772 227 457 50 
R R D D D U U U L U U U L L L L U U U L L L U U U U U D D R R R L L U U U U U U U U U L R R R R D D R R R R D R R D D R D R L L D U L L L R R R R U L U U L L U L L L L U U L L L L U U U U U U U U U D R R R D U U U R U U U U U R D D D D D D U U U U U U L D D D D D L D D L L L D D D D D D U U R R U R U U U U R L D D D D L D L L D D D D R D D D D D D R U R U R U U R U U U R R L L D D D L D D L D L D 
47 1 4 200
405 421 658 512 
L L L L U L L U L L L L U U U U U U U D D D D D D D R R R D D U U R R U U R R R R R U U R R R R R U R U U U U U U U U U U U U U U U U U U U R L D L L L L R R R R U R R R U D L L L D D D D D D D D D D D D D D D D D D D L D L L L L L D D L L L L L D D L D R R D D L L L L L L L L U U U L L R R R R R R R R R U U R R R L L L L L L U U U L L U L U U U U D D D D R D R R D D D R R R D D L L L L L L L D D 
59 72 8 200
775 733 491 818 699 189 632 47 
U U R U R U D R L D D D D D D U U L L L R R R U U U R R R R U U U D D D L L D D D D D U U U U U L L U L U L U U U U U U U U U U L L L R R R R R L L D D L R D D D D D D D D R D D L D D L L U L U U U L U L U U L U L L D D D D D D D D R D D D D L R U U U U L U U U U U U U U R R D R D D R D R D D D R D R R U U U U U R U D L D D D D D L L L U U U L U U U L U L U L L D D U U L L L L L L L R R R R R R R 
53 28 3 180
114 644 800 
L L D L L U L L L L L L R R D D D D D D D U U U U U R R R R R R R D U U R L D L L L L L L L D U U U R R U U U U U D D D D D R R D R R U R D W W W W W W W W W W D D D D D D D D D D L L L L D L L L L L L L L L R D D D D D D R R D U L L U U U U U U U L U U L U L U L U U U U L U L R D R D D D D R D R D R D D R D R R R R R R R R U R R R R U U U U U U U U U U U R 
83 93 6 156
626 85 575 197 833 102 
R R U R U R D D D R L U R D D D D R R U U R U R R U R R R R U U R R D D D D D D D D D L D L U L L R R D R U R U U U U U U U U U L L D L L L L R R R R D R L L L L L L L U L U L U U U L L L L L L L L R R R R R R R R D D D R D R D R R D L L D L D D L L L L L L L D L L R R U R R R R R U R L U U U L U U L D L D L L 
18 42 2 200
384 859 
R D D R R D R D R D D U U R U U D D R R R R R D D R D U L U U L L L L L U U L U D R D D L L U L U L L U U L D D D L L L L L L D D D R R D R R R R R U W W W W W W W W W W W W W W W W W W W W W W W W W W W W W W W W W W W W W W W W W W W W W W W W W W W W W W W W W W R R R U U U U U R R R D R R R D R R R D R R U U U U U R U U U U U U U U U U U R R U U U U R R U U R U R U U U U L L U D R R D D D D L 
0 18 5 188
745 524 827 112 534 
R R D D D R D D D D D D D D D D U U U U U U U U U U R U R R L L D L L D D D D D L L R R U U U U U U U U U D R R R R D R R R R D D D U U U L L L U R R L L D L D D L L D D D L L D L R U U U L R D D D D D D D D D D D L D D R R R R R R U U U R U D R R D R D R R R R U U L L R R D D L L L L U L U L L L D D D L L L L L L U U R U U U U U U R L U U U R R U U U R R U U U L L L L L L 
62 6 2 70
456 757 
D D L R U U R R R U U R U D L D D L L L L L L L L D U L W W L L L L U U L U U L U D R D D R D D R R R R R R R R R R D D D R D D U U L U U U 
37 46 3 200
888 557 222 
U U U U U R R R R R U R R L L U U U L L L L U U U U U R R R L U U D D L L D D D D D L R R R R R D R R R L U L L L L L L L L L D U R R R R R R R R R D L L D D D L L L L L D D D D D W W W W W W W W W W W W W W W W W W W W W W W W W W W W W W W W W W W W W W W W W W W W W W W W W W W D D D L D D D D D D D D D D D D L D D L L D L D L D L L L L L L L L L D D L D D D D R R R R R R L L L L L L U U U U R 
38 90 4 112
866 401 216 371 
L U U U U U L U L L L L L L L L R R R R R R R R D R D D D D D R R R R D R D D D D D D D D D L L D D U U R R U U U U U U U U U L U L L D R R R R R D D R D R R D R D R R R R R R R L L L L L L L U L U L L U L U U L L L L L U L 
87 80 3 200
886 558 946 
L R D R R R D U L L L U U U U U U U U U L U U U D D D D D L D D D L L D L D R R R R D D R R R U U U U R R U U R L D D L L D D D D L L L U U L L L L U L L L L L L L L L L L L L U U U L L L L L L U U U U L L U L L L U L L L L U L L L L L L L D D L D D D R R D R R D U L L U L L U U U R U U R R R R R R R D R R R R D R R R L L L U L L L U L L L L L L L L D D L D D D R R R R R R R R U D L L L L L L L L 
47 34 3 94
590 638 218 
U U U U U U U U U U U L L L L R D D L L L U U U U U U R R R R U R U D L D L L L L D D D D D D R R R D D D D D R L U U U U U U U L L U U U R R D U L L D D D R R R R R D D D D D D D D D D D 
90 36 7 200
33 46 907 360 115 682 668 
U U U R R U U R L D L L L L L U L L L R R D D D D D D D D D U R R R U R L D L L D D D D U U U U L U U U U U R D R D D D R D D W W W W W W W W W W W W W W W W W W W W W W W W W W W W W W W W W W W W W W W W W W W W W W W W W W W W W W R R R R R R U U U U U U U U U U U R R U R U U U U U U U U U U U U U U L L U L L L L U U L U D D D D D L D D D D D L L L L D U R R R R U U U U U R U U U U R D D R R R 
46 24 4 200
226 37 971 75 
R R U R R R D D D D D D D L L L D D D D D L D L L D D U U U U L U L L L U U U U U D D D D D R R R D R R R L L D D R R U R U U U U U L D L L L U U U U U U U D D W W W W W W W W W W W W W W W W W W W W W W W W R L L L L L L U L L U U U W W W W W W W W W W W W W W W W W W W L U L L L D D D D D D D D R D R D D D D R R D D R L U U L L U U U U L U L U U U U U U U U R R R D R D D D R R D R R R R R D D D 
95 47 7 200
577 302 719 306 903 842 862 
R R L U U U U U U U U U U U U U R R L L D D D D D D L L L R R U U U U U U U U D D D D D D D D L L L D L L L D D D L L R R D D R D R D U L U L U U U U U R R R U U U U D D D R R R R D D D D U U D D D D D L U U U U D D L L L L L D D L L L W W W W W W W W W W W W W W W W W W W W W W W W W W W W W W W W U L L L L L L U U U U U L L W W W W W W W W U U U R R R U U R R U U U R U R R R R D R D D L R U U L 
94 22 7 200
415 871 654 624 319 445 169 
L U R R R U U R U R R U U U L L L L U L U U U U U U U U U L U R R R R R U R U D L D L L L L L D R D D D D D D D D D L L D D L L R R U U R R R R R R U U U R U U D D L D D D L L L D D L D U R U R R R R D D D L L D L D D L L L D R R D W W W W W W W W W W W W W W W W W W W W W W W W W W W W W W W W W W W W W W W W W W W W W W W W R R L D D D D L L U D R R U U U R L U L U L U L L L L L L L U U D D R R 
56 47 2 200
198 986 
D D L L D U R R U R L U R D R R W W W W W W W W W W W W W W W W W W W W W W W W W W W W W W W W W W W W W W W W W W W W W W W W W W W W W W W W W W W W W W W W W W W W W W W W W W W W W W W W W W W W W W W W W W W W W W W W W W W W W W W W W R D D D D D D L L L L L U U U L U U U U U U U U U L L L U U U U U L U L U L L L L L L L L U U U U U U U L L U U L L U U L U L L L L L R R R R R D R D D R R D 
72 14 3 84
669 311 917 
R U U U R R R U U U R R R R U R U U R U U U U U U L U U U L L U U U L L R R D D D R D D D U U U R D D D R D D R R R L L L D D D D L D D L D L L L L D D D L L L D D D L 
24 56 4 132
848 688 698 828 
U R U U U U U L L L R R R D D D R R R R D R R R R R R D D L L D D D D D D L D D D L D D D D D D D D D R R R L L L U U U L L L L R R D R R D D D R D D D R D D D U U U L U U U L U U U L L U R R U U U U U U R U U U R U U U U U U R R U U L L L L L L U L L L L D D L D 
69 53 4 200
426 693 337 589 
L L L L L L L L L L D D D D D D L R U U U U U U L L L L L L U L R D R R R R R D R R R R R R R R R D D R R D R D R R R R R D R R R R R R R R R D R D R R D R R R R R R R R R R U U U U U U U U U U U L L U U U D D D R R D D D D D D D D D D D L D D D D U U U U U R U U U U U U U U U U L R D D D D D D D D D L L L L U U D D R R R U U U U U U U L L L L U U U L R D D D R R R R D D D D D D D L L L R R R R D 
29 78 4 200
875 670 853 793 
R R R R D D R R R R R D U L U U U U U L L L L U R R R U D L L L D R R R R D D D D D L L L D D D D D D D D R R R D D D D U U U U L L L U U U U U U U U L U U L U U U U U U U U U U L U L U L L L L U L L U L L U U U U U U U D D D D D L L L L L L R R R R R R D D R R D R R D R R R R D R D R D D D D D D D D D D L L L R U R R R R R L L D D D D D D D W W W W W W W W W W W W W W W W W W D U U U U U U U U L 
94 14 2 36
830 849 
U U U U U U U L L R R D D R R R L L L D D D D L L L L R R R R U R L D D 
16 61 6 200
440 861 942 860 912 260 
U L R R R U R R U D L D U L U L L U U R U R R R R R R R R R R R D U U U R R R D D D D L D D D D D R R R R R R R R R R U D L L L L L L L L L L U U U U U R U U U U L L L D D L L L L L L L L L L L D L D D R R D D L L D R U R U U L L L U L L L L U U U U U U U L U L L L U U U U U U U R U U U U U U U U U U U U L U L U U U R R R R R D R R D R L U L L U L L L L L D D D R D R D D D D D D D D D D D D L D D 
11 55 6 150
479 5 165 930 402 113 
R D D D L L L L D L L L D D L U U U L R U U U U U U U R U U U D D D L D D D D D D D D D D R U U R R R U R R R R U U U R U R U U U R R D U L L D D D L D L L L W W D D D D D L L D D D D D D D D L L L L L L L D D D D R R D U L L U U U U R R R R R R R U U U U U U U U R R U U U U U U U U L U D R D D D R 
34 57 2 162
281 722 
L L L L L L U L D D L L D L L L L D L L L R R U U D D R D D D D D D D R L U U U U U U U U L U U L R D D R R R R R U R R U U R D R R R R R R L L L D D D D D D D D D L D L D D L D U R U U R U R U U U U U U L L L D L D D D L L L D D D D D L L D L D D D D D D D U U U U U U U R U R R U U U U U R R R U U U R U R R R U U U R R R 
25 48 5 200
754 259 128 240 969 
U R U U R R R D D U U U U D D L L L D D L D D D D L L L D L L L L D L D D D D D D L D D R L D D L R U U U U R U U U U U U R U R R R R U R R U U U U U R R U U U U R U U D D L D D D D L L D D D D D L R R U U U U R R R U R U R U U D D L D L D L L L D R R U R U U R U U R R R R L L L L D D L D D L D L L D D D L L L D L L L L U L U L R D R D R R R R D R R R R U U U R U U U U U U U U U U U U U L R D D D 
57 63 4 128
788 176 462 25 
U U L L U U U U U U U U U L L U U U U U U L L L L L L L L D L D D D D D D D R R D R R R R R R R L L L L L L L U L L U U U U U U U R U R R R R R R R R D D D D D D R R D D D D D D D R W W W W W W W W W W W W W W W W W W W W W W R R R R L L L L L D D R R D D 
96 0 4 200
77 438 642 802 
U U U U U U R R U U U U U U R U U U U U U U U U L L L L L L L L D D D U U U R R R R R R R R D D D D D D D D D L D D R L D D D D L L D D D D L L L U U U U U U U U L L L L L L L U U U L U U R U U U U U U U U U U R U R U R U D L D L D L D D D D D D D D D D L D D L L R R R D D D R R R R R R R D D D D D R R R R D D D D D U U U U U L L L L U U U U U L L L L U L R D R R R R D D D D D R R L L D D L L R R 
58 73 5 186
806 936 614 920 247 
U L U U U U R L U U U U U L L U U U L L L L L L L L L L L U U L U U U U L L L U L R D R R R D D D D R D D R R R R R R R R R R R D D D R U L L L L L L L L L R U D R R R R R R R R D R D D D D D L U L U L U L L L L L L L L L L D L D D L D L L L U U L U U U R U R R U U U U U D D D D D L L D L D D D R D D R R R R R L L U R U U R U R R R R R R R R R R D R D R D R D D D D R D 
25 51 3 190
976 514 497 
L L D L D D R D D L L D L D L R D D D U U U U L U U U U L U D D L D D D L D U L U U L U L L L D L D D D D L L L L L D D D D D D D R L U U U U U U U R R R U U U U U U U U D D D D D D D D R R U U U U R U R R R D R D D U U L U L L L D L D D R R U D L L U U R U R R R R U R U R U D L D L D L D R D D R R U U U R U R U U U U U U R U D L D D D D D D D D D D R R U R R U U L U U R U R R 
80 3 3 54
205 686 513 
D D U U U R U U R R U U U R U R U D L D L D L R U U D D D D L D R R R R D D D R L U U U L L L L U L D D L D 
83 95 4 126
960 773 573 58 
L D L L L L L L L L U L L R R D R R R R R R R R D D D D L L L L L D D L L L U U U U L L R R D D D R R U U R R R U D L L U D L D D L L U U L R D D R R U U R R R R U U U U D D D D L L L L D D L L D R R R D D U R R R R L L L L U U U R R R R R U U U U U R 
95 4 1 68
356 
U U U U U U R U U R U U R U U U U D D D D L L R D R L D D D D U U U U U U U R U U U U L L L R R R D D D D L D D D D L D D L D D D D D D 
72 88 5 200
518 883 799 158 911 
U U L L L D U L U L L L L U L U U U L D D D D D L R R L U U U U U R U R R R R L L L L D D D D L L L L L R R R R R U U U U U U L L L L U L L R R D R R R U D R D D D D D D R D D U R R R R D R R R R D D L U U L L L U L L U U U R R R R R R R R R R D D D D D D D D D R R R R R R R U R U U U R R R R D D D D D D D D R D D L L L L L L L R R R R R R R U U L U U U U U U U U L L L L D D D L D L L D U L L L L 
20 79 6 177
736 939 559 528 350 362 
U U U U U U U U U R R L L L L L L L U D L L D D L L R R U U U U U U U L L U L U L U D L L L L L L D L L D D U U R R U R R U U U U D D R R L L D D R R R R D D D D D D U U U U U U L L L U L U W W W W W W W W W W W W W W W W W L L L L R D D D D D D D D D R R D U L L U U U U U U U U U R R R D R D R R R R D R D R R D D D D D R R R R R R R D D D D D D D D D 
42 99 2 177
956 822 
L D R D R R D R D R L U L L L L L U L U U L L L L L L L L L L L L L D L L W W W W W W W W W W W W W W W W W W W L D D D D R D R R D R R R R D R D R R D R D R R R D R R R D R D D D D D U U U U U L U L L L U L L L U L U L L U L U L L L L U L L U L U U U U R R R U R R R R R R R R R R R R R D D R D R R R R D D D R D D D D D U U U U U L U U U U L L U L U R 
8 35 3 200
257 889 159 
L D L D L R U R U R U R R D R D D R R D R R D D L D L L D D D U U U R R U R U U R R R R R R D D R D D D D R D D D D U U U U L U U U U L L L L L R R R R D D D R R D R L U L L U U U U U L L L L L L L L U L L U U L U L L D D R R R R R R D D D D R D D D D D D D R R R D D D R D R D D R R D D R D D D D U U U U L U U U U D D L L U U L U L L L L L D D L D D D D D D D D D D U U U U U U U U U U R U U R R R 
25 89 5 185
32 705 59 333 295 
D R R R R U R R R L L L D L W W W D U L L L U L L R R D R R R D R D D D R D D D L L L L D L D L L L D D L L L L L L D D D D D L D U U U L U L U L U U L L L R R R D D R D D D D D D D D D D D D D D D U U R R R R R R R L L L L L L L U U U U U U U U U U U U D D D D D D D D U U U U U U U U R D R D D R U U U U U R R R R R R U U R R R U R U R R R R U U U L U U U L U L L L U 
82 4 4 58
990 510 62 86 
R R R D R L D L L L L L L U U U U U U U U D D D D D D D D L L L L L L L D D U U R R R R R R R R R R R R R U U L L L 
17 58 3 180
82 30 303 
R R R R U U U U U U R U R R R R L L L L L L L L L R R R R R R R R R R R R U U D D L L L L L L L D L D D D D D D L L L L D L D L D L D L L L L L L L L L R R R R R R R R R U R U R U R U R U U L L L L L L L L U U L U L L L L L L L U L R D R R D D D D D D U U U U U U R R R R R R R R R U D L L L L D R D D R R D D D D D U U U U U R U U U D D R L D R R R R R D D L 
77 56 5 200
597 224 647 700 173 
U U U U U U U R L L L L L L U U U L U L U U U D D L R D R D R D D D R D D D D D D L L D U R R U U U U U U R R R R R R R R U U U U U R R U U U U U L U L L U U U L U L L L L L R R R R R D D D D D D D D D D U U U U U U U U U L L L U L L L R R R D R R R R D R R R R R R R R R R R R R U R U D L D L L L L L L L L L L L L L D D R R D R D D D D D U U U U U R R U R R U R U R R R R L L L L D D U L D L L D L 
60 27 6 159
868 427 932 703 562 152 
R R R R U U U L L L L U U U U D D D D R R R R D D R R R R R R D D R R R R D D R W W W W W W W D R R U U R U U U L L L L U L L U U L U L U U U L L L L U L L L L L L L L R R R R R R R R D R R R R D D D R D R D D R R D R R R R D D D L D D L L U L L L R R U U L L L U U U D D D R R R D U L L L L U U L L L L L L D L L L L 
53 38 4 200
544 950 640 933 
R D R R U U U L L U D D U R R D D D R R R R R L L L L L L L U L U U L R D D R D R R R R R R R R R R R R R R R R R R R R D D D D D D R R D D R R R D D R D D L D L D D L L L D L L L D L D D D D L D D D R R R R R R R R R R R D D D R R R R D R R R R R D U L L L L L U L L L L U U U L L L L L L L L L L L U U U R U U U U R U R R R U U U D R R U U D D L L D R R D D D D D D D D U U U U U U U U R U U R U R 
79 80 3 154
65 299 931 
L L L L L L L L U L R D R D D D D D D D D U R D D D D D D D D R R U R U U U D D D L D L L U U U U U L L L L L L L L L L L L R R R R R R R R U U U D D D R R R R U U U U R U D L D L D L L L L L L L L L L L L D D L D L L D D D U U U R R U R U U R R U U R L D D R R R R R R R R R R U U U U U U U U R R R R R R R 
86 59 4 198
677 53 184 148 
U U U D D D R R R R R R D R D R L U L U L L U L U L U L L L L L L L L R R R R R L D D D D D L D D L L D L L L L L D L L L L D L L U U U U R R R U R R U U U U U U U R R U R U R U D L D L D L L L L L L U L L L U U U D D D R R R D R R R R R R U U U U U U U U U U U D D D D D D D D D D D L L D D D D D D D L L D L L L D D D D R R U R R R R U R R R R R U R R U U R U U U U U R R R R D R D R D L L L L 
29 82 6 200
463 393 283 320 341 797 
L L L U U U U U L L U U U R R R L L L D D D D D D D D D L U U U U U U U L U U R R R R U R R L L L L L L L L R D U R R R R R D L L L L L L L L L L L U U L U U L U L L U L U L U L L L L L D D D D D D R D D D U U U L U U U U U U R R R R R R R R R R R R R U R R R L L L L L L L L L R R R R R R D L L L L L L L L D R D R D R R D R D D R R U R R R U R R R R R R U U U U D D D D R R R R D U L L L L L L L L 
45 60 4 200
587 882 458 135 
R R L L L L L U U U U U U L U L U U U U L U U U L L L L R R R R D D D R D D D D D D D D D U U U U L L R R U R D R D D D R R R R D D D R D D D D D R R D D D R D U L U U U L U U U U U D D D D D L U U U U U L U U U L L L L U U U U U U U U U U U L L L U L U U L U L U U U U U U U U U U L U D D D D D D D D U U U U U U U L U L L U L U U U L U U U U R R R R R R R R R R D R D D D R D R D D L L D U R R U U 
82 49 8 180
710 379 252 293 385 928 261 461 
U D R R R U U U D D D L L L D D D D U U U R L D D D L D D L L L L D U R R R R U U R U U U U U U U U U D R R R R R R U R R R U R R R R R R D U L L L L L L L R D L L L D D D D D D D D R D R R R U U U U R R L L D D D D L L L U L U U L L L L L L L L L L L L U U U U L R D D D D R R R R R R R R R R U D R R U U U U U U U U R U U R L D D L D D D L L L L L L D D D D 
71 53 6 200
225 795 296 680 734 739 
U U R R R R R R R R R L U R R R R U U U U R U R R D R L U L L D L D D D D D D D D D U U U U U L U U D D L U U U U U U R U R R R L L L D L D D D D D D L L D L L L L L L L L D D U R U R R R R R R U U R R R U U R R U U U U R U U U U U U R U U U R R R U R R R U R R R U R U U U U U U U U U U U U U U U U U L U L U L L L U R U R R U U R R R R L D D D D D D D D D D U U U U U U U L R U U U L L L D D L L D 
95 15 4 160
591 485 780 488 
D D L D L D L L L L U U L L U U U U U L R R R U R U U U R U R U R R R U D L L L L L L R R R D L D D R R R R R R R U U U D D D L L L L L L L U L D L L D D L R U U R R D D D D R R R R R R D R D D D D D D D D D D D D D R D R L U L U U U U U U U U U U U U U L U L L L L L L U U L D L L D D D D D R R D D R R R R U R U R U U 
68 19 3 200
992 742 108 
L L L D D L L L D D D L L L D D L L D D D D L L D D D D U U U U R R U U U U R R R R R R D R D R R R R R R L L L L L L L L R R R R R D D D D R D D D D D U U U U U L U U L L L L L L L L L L L D D L D U R U U U U U U U U U D D D D D D D R R R R R R R R R R R U U L L L U U D L L L D D D L L D U U U U L U U U U L L L U L U U D D R D R R R D D D D R D D D R R U U U R R U L L L L U U R R R U U U R R R U 
66 32 3 200
129 419 973 
D R R U U L U U L U L L U U L L U D R D D U U L L L U L L L U L R D R R R D R R R R D D R R D R D D R D R L D L L U W W W W W W W W W W W W W W W W W W W W W W W W W W W W W W W W W W W W W W W W W W W W W L U U U R R R R R D D D R R D D D U L L L L L L L L L L L L L D D D D R R R R R R R R R D D R R D D D D D W R R R R L L D D D D R R R R D D R R U U U U R U U U U U U R U R U U R L D D L D L D D 
7 81 5 122
478 376 493 777 567 
D D D D D D D R R R D R D R R R R R R L L L L L L D D D D D D D D D D U U U U U U U U U L L L L L L L R R R R R R R D D D D D D D D D R L U U U U U U U U L L L L L L R R R R R R U U U U U U R R R R D U L L L L D D D L U L L L U L R U U U U U U 
15 19 5 192
664 498 880 420 505 
D D D D R R R R D D D R D D D U U U R R R U R L U U U U U L L R R R R R U U U R U U D D L D D D L L L D D D D D D L D U L L L L D L D L L D D L L D L D L R U U D R D R R R R R R R D D D L D L L L D L L L L L L U U U U U U U L R D D D D D D D R R R R R R R R R R R R R R R R R U D L L L L L L L L L L D U L U R R R U R U U U L L L L L L L U U R R U U R R U R U R U U U L L L L U U U U 
94 68 2 108
835 864 
U U U U U U U U U U R U R R U L L U U L U U R R R L L L D D R D D R R D L L D L D D D D D D D D R R L L U U U L U L L L L L L D D D L D D L D U R U U R U U R R R R D R D D U U L U L L L L U R R R R R R D R D D D D D 
88 97 4 200
480 873 1 690 
R D R R R R R D R R R R D R L U L L L L U L L L L L U U U D D D D D R R L L D U U U L L L L L L L L D D D D U U U U R R R R R R R R U L L D L L L L L L L L L L L L L L L L L L L L U L U U L D D D L L L L L L L D L D U U U U L R D D D R U R R L L U U L R D D R R R R R D D R L U U R R U U U R D D R R R R R R R U U R L D D L L L L L L L L U L L L L L U D R R R R R D R R D R R R R R R R R R R R R R R 
25 73 4 196
650 803 28 446 
R R R R D D R R R D R L D L D D D D D D L R U U U U U U R U U R D D D D D D D R R D D D L L L L U U U D R R D U L L D D R R R R U R R R U U U U U U U L L U D R R D D D D D D R L L U U U U R R R D R D D D D D D D D L D U R U U U U U U U U L U L L L D D D D R D L L L U L L L L L L L L L L D U R R R R R R R R R R U L L U U L L L L L L L U U D D R R R R R R R U U U U U L L L L U L R U L L L L 
64 25 5 195
798 850 671 603 290 
L U L L D D L L R R D D D U U U U U L L L L U U D D R R R R R R D R R D W W W W W W W W W W W W W W W W W W W W W W W W W W W W W W W W W D D D U U R R R D R D D D D D R L L L L D L L L D D D R R D R R L L U L L U U U R R R U R R R U U U U L L L L L L L L D U R R R R R R R R D D D D D D D D W W W W R R R R R U D L L L L L U U U U U U U U L L L L L L L L R R R R R R R R U L U L L L U U L 
12 47 4 112
774 899 256 572 
R D D D D D L D L L D D D R D R R R R D R D R L U L U U U U U U U U U D D D D D D D D L L L L L L L L D D D D D U U U U U L L R U D R R R R R U L U D D L L L D D D D D D D D U U U U U U U U R R R U U U U R R U R U U U U U L 
70 79 4 200
441 580 404 72 
L L L L L U L L U L L L D D D D D L L R R U U U R R R L L L U U R R R R R U R L D L L D R D D D D D D D L R U U U U U U U R U R R U U R U D L D D L L D D R R R R R L D L L L D L D L D D D L W W W W W W W W W W W W W W W W W W W W W W W W W W W W W W W W W L D L D D L L L L L L L U L U L L U U U U U L L U L L L L L D L U U U U R R R R R R U R R R R R R U R U U U R R U D L L D D D L D L D U L L L L 
57 42 6 128
474 540 454 878 609 785 
U U R U R R U U U R U D D R R D D D D D D D R R R R R R R R R R D R D D D D D R D D D D D U U U U U L U U U U U L U L L L L L L L L U U U D D D D D R L U U L L U U U U U U U L L D D R R R R R D D R R R R D U L L L L U U L L L L L U U U L D D D L L D L D D 
50 62 2 98
123 45 
D R D D D U U U R R R U R R L D D D L R U U R R R U U U U U R R R R R R R R R R D R D R D D U U L U L U L L L L U U D D R R R D D R D D U U L U U L L L L L L L L L D D D D D L L L U L D L L L L U 
2 2 6 200
195 70 639 0 473 487 
L U U L U U D D D U R R R R R R R R L L L L L L L D L R D R R R R R L U U U U U U U U U U U L U U U U U U D D D D D D R R R R R R R R R L L L U U D D R D R D D U U L U L L U U U U U U R R R R R U R R R R R R R D R D U U R R U U R R R L L L D D L L D L U L L L L L L L D D U L U U U U U U U U U U U U U U L L L L L D D L L L D D D D D D D R D U L U U U U U U U R R R U U R R R R R D D D D D D D D D D 
16 9 6 200
367 770 924 765 410 118 
D U R R R D D R R R R D D R D D D R R D R R L L U U U U U L L U U U R R R U R R U R R R U U U U U L U U U U U U U U L L L L L L U U U U U U U L L R D D U U R D D D D D R R R R R R R D U L L L L L L L U L U U U U L U U L L L U U U U L L L L L U L L R R D R R R R R D D D D R R D D D D D U U U U U R D D R D D D D R D D D D L L D D L R U U R R U R R R R R R D D D D D D D D R D D D D D L L L D L L D L 
49 51 4 198
898 78 139 322 
R R L L D D D D L D D D D D D D R R D R D D R R D R D R R R R R R R R D R D R R D D D R R R R R R D D D R R R R D R R L L U L L L L U U U L L L U U U U D D D D L L L L L L L L L D D D U U U R R R R R R U U U L L U L U L L L L L L L L U L U L L U U L U L L R D R D D R R R D D R R R D R D D D D R L U U U U L U L L L U L L L L L L L L L R R R R R R R R R U L L L U U L U L U U U U U U U R U U U U 
52 79 3 200
268 662 771 
U U U D D D D L L D D D L D D D D D D D L L D D L L R R U U U U U D D D R R U U U U U U U R U U U R R U D D D D D D R R W W W W W W W W W W W W W W W W W W W W W W W W R D U L L U U U U U U U D D D D D D D R R D D R R R R W W W W W W W W W R U U R U U U U U U U U U U R U U U U L L U L U L L U L L L L U L L L D U R R R D R R R R D R R D R D R R D D D D L D D D D D D D D D D L D D L L L L L U U L L 
43 53 4 184
309 492 746 269 
R R R R R R R D R R R R R D R L D D D D D D D L L D D L L D L L R R U R R U U R R U U U U U U U R R L L U L L L L L U L L L L U U U U U U D D D L L L L L L D D L U U D D R U U R R R U D R R R D R R U U U U U U R U D D D D R D R R R R U U R R R U U R U U U U U R L D D D D D L D D L L L D D L L L L U L U U U L D D D D D D L L D D L L L L D L D U R U R R R R U D L L L 
81 17 3 174
347 355 995 
R R U R R U R U U U U U U L R D D D D D D L D L L D L L D D U U R U U R U U U R R L U U U R U R U U U U U U L U U U U U U U U U U R R R D R R R R R D D D D D R D D D D D D D L D D D L L L L D D U U R U U U D D D R R R U U U R U U U R R L L U U U U L U U U U U L L L L L U L L L D D D D D D D D D D R D D D D D D L D L D D D L D D D L D D L D D U U 
