100
52 32 4 200
590 638 73 153 
U U L L L U U L L U U U U U U U U U L L L L R R R R R U U U U U U L L R R D D D D D D L D D D D D D D D D D U U U U U L U U U L U L R D R D D D R D R R D U L L D D D L D D D D D D U U U U U U R R R D D R R R D D L U L U L L U L U U U L U U R U U U R U U U U U U U R L D D D D D D D L D L L L L L L L L L L U L U U L U U R R R U R R L L U U U U U L U U U U R R R R R R R R R D U L L L L L L L L L D D 
54 83 8 200
268 897 371 614 191 330 946 345 
D L L U R U R R L L L U L U L L L L U L U U U L L L L L U U L U L R D R R R D U L L D D R R R R R D D D D D L L L D L L D L L U U U L U U L U U U U U U U U L L L L L L D D U U R R R R R R D D D D D D D D R D D R D D D R R U R R U R R R R R R R L L L L U U R R R R R R R R U R U U R R R R R R L L L L L L D D L R R R R R L L L L U U U U U U D D D D D D L D D R D D D D R D D D L R U U U L U U U U L U 
60 84 6 162
441 404 883 863 580 612 
D D D D D D D L D L R U R U U R R R R R R R U U U U R U U U U U U U U L L U U U U U R L L L L U U L L L L D D D D D D L R U U U U U U R R R R D D R R R D D D D D D D D L L L L L L L L U D R R R R R R R R D D D D D D U U U U U U U U U R R D D D D D D D D L D D D D L L L D D D D D L D U R U U U U U L L L L U U U U U L L R R 
69 23 7 200
106 152 933 517 298 225 617 
U R R R L U U U U U D D D D R R R D R D R R U U D D D D D D D D D D D U U U U U U U U U L L U L U L L L U U L L L U U L U U L L R R D D R D D R R R D D D L L D U U U U U U U U U U L U U U U U U R R R R R R R U R R U R U U U U L L U L L L D D D L L L U U U U U U U U U R R U U U R L D D D L L L L U D R R R R U R L D L L D D D D D D D D D R R R U R L U U R R R D R R D D D D L D L L D L L L L L L L D 
0 18 4 84
349 163 279 996 
U U U U U U U U U U R R R L L U U D R L L U U U U U U U R R R U U U R R U D L L D D D L L L D D D D D R L D D R D L D D D D R R R R L L L L U U U R L D D D D D D D D D 
74 8 4 172
637 318 313 117 
L L D D L D D D D L D L D L L L L U U U U L R D D D D R R R R U R U R U U U U R U U R R U U U R U U R R R U U U U U U U U U U U U U L L L R U U U U U U U U U U R R R R R D R R D D R L U U L L U L L L L L L L L L R R R R D D D D D D D D D R R R R D R L U L U U D D L L L D L L D D D D U U U U R R R R D D D D D D D D D D D D D L L L D D L D D D 
20 96 5 200
208 32 853 939 138 
R D R D D D D R R D R R R D D D D D R R D D L L R R U U R R R R R R L L L L L L L L U U U U U L L L U L L U U U U U U U U D D D D L L L L L D L R R R R R R D U L L L L L D D L L L L D D D D D D D D D L D D D D D L L D L L D D D L D L L L L L L U U U U U U U U U U U U U U U L U R R R R U R R R U R U D L D L L L D L L L L D R D D D D D D D D D D D D D D D R R R R R R U R U U U R R U R R U U U U U R 
61 91 5 192
422 304 894 690 158 
R R R R U U D D L D D L L L L L U L L L L L L L R R D U U U L L U U L L U L L U U L L L U U R R R R R R R R R R L L L L D D D U U U R L L L L L L L D D R R R D D R R D R R D D R R D D R R R R R D R R R R R U U L U U U U U U U L L L L L L R R R R R R D D D D R R U U R U R R R U R R R R U R L D L L L L D L L L L L U L L L L U D R R U D R R D R R D L D D L D D D D U U U U L D D D L L 
8 61 5 200
165 570 475 30 470 
L U L L D D L D L L L D D D L D D R D R R L L U L U U R U U U R R R R D D D D D D R D U U D D D R D R R R R D D D U U U L L L L U L U U L U R R R R R R R R U R U U U U U U U U U U L L L L U U L L L L L D L D D L L L R R R U U R U R R R R R D R R L L U L L L L U U U U L L D D D L L L D D L D D D D R R L L U U U U R U U R R R U U U R R R R R R R R R R R R R R U U R L D D L L L L L L L L L L L L D D 
87 12 6 200
811 265 29 944 849 119 
R R U U R R R U U D D R L R D D D D D D D L L L L L L L L L L D U R R R R R R R R R R U U U U U U U L L L U R R R U R R L L D L L L D L D D L L R R U U W W W W W W W W W W W W W W W W W W W W W W W W W W W W W W W W W W W W W W W W W W W W W W W W W R R R R U R U R R U U U U U U L U U U R R U R U U U U U U U U U U U L U L U U U L L L L U U U R R R R R R U U U U U U U U U U U U L U L L L L L L R R 
10 20 7 200
0 531 572 144 49 433 945 
D D D D D U U U U U L L L L L U U U U U U U R U U U U U U U R R R U D R R R D D R R D U L L L L L L L R R R R R U U L L L L L U U U L L R U R R R U R L D D D D D D D D D D L L R R U U U U U U R R R R R R R L L L L L L L U U U L L L D R D D D D D R D R D R R R R R R L L L L L D D D D D D D D U U U U U U U U L U L U L U U L D D D D D D D L D D D L L R R D D D D L L L L L R D D D L R U U U R R R R U 
93 52 9 200
842 302 719 306 577 862 589 136 810 
R R R D U U U U U U U U U R R L L D D D D D D L L L R R U U U U U U U U D D D D D D D D L L L L L D D L D L L D R R R R D D D D R R R R R R U U U U L L U R R U U U U L L L U L L L L U L U U D D R D R R R R D R R R D D D D L L D R R D D D D L L L L U D L L L L L L D D D D D D L D D D D D D D R D R R R D L L L D R R D R R R D D R D D R D D L D D L L R R U U R U U L U U L U U L L L U L L U R R R U L 
29 16 4 200
498 190 240 259 
L L L D L D D L L L U U U U L U D R D D D D R R R U U R R R R R R R R R R R U U R U R W W W W R U U U R U U U R U W W W W W W W W W W W W W W W W W W W W W W W W W W W W W W W W R R R R R R R R R U U R U U L L L L L L U U L U U U U L U L L L L U U U L U L U L L L L L L L L L U L L U U U L U U L U U R U R U U U U U U R L D D D D D D L D L D D L D D U U R U U U R R R R U R U R U D L D D D U U U U D 
20 79 3 200
736 3 533 
U U U U U U U U R U R L L L L U L L L R R R D D D D D D D D D D D D D D D D D D D D U U U U U U U U U R D R D D U L L D L L D D D D U U U U U U R U U U U U U U U U U U U R R R R R U R U U U U U U U U U D D D D D D D D D R R R R D D D L L D L D D D U U U R U R R U U U L L L L U U U U U L U U L L L L L L L D D D D R L U U U U R R R R R R R D D R D D D D D L D L L L L L D D D D D D D D D D D D L D D 
29 25 7 200
880 55 645 546 860 267 676 
D D L L U U R U R U U U U U U U U R R U U U L L L U U U L U L L U L L L U W W W W W W W W W W W W W W W W W W W W W W W W W W W W W W W W W W W U U U U U U U U U U U U U U U U U U L U U U L U U U U U U U U U U R U R U U U L R D D D L D L D L R D D D D D D D D D R R R R L L L U L U U U U U U U U R U R U U U U U L U D R D D D D D L D L D D D D D D D D D D D L R U U U R U U D D D D D D R D D D D D D 
86 47 6 182
379 385 907 646 250 885 
U U L D D D D L L L R R D D D D D D D D D R D D D D R R R R R U U D D D D D D R R R L L U U U U U U U U R R L L D D D D D D D D D D R L U U L U U U U L L L L L U D D D D R R R D R D D D D D R R D D R R R R D D D U U U L L L L U U L L U U U D D R D D D D D L L L D D L D U R U U R R R U U U U U L U U U U L U L L L U U U U U U U L U U U U U U U U U R U U U U R D D 
77 81 6 200
573 412 228 14 58 659 
U U U U U L L L L L L L L L L L L R R R R R R R R R R R R D D D R L L L L L L U U U L U U U U L U U L L U L R R R R L U U U U U U D D D D D D L L D R R D D R R U R U R U U L U U D D R D D R R L L L D L D L L U U U U U U R U W W W W W W W W W W W W W W W W W W W W W W W W W W W W W W W W W W W W W U R R R R R R R D R R D D D D D D D D D R D D D R R R D D U U L L L U U U L U U U U U U U U U L L U L 
66 11 5 198
170 865 309 506 794 
U U L L L U U U L L L L U U U U U L L L L U L L U L U U U U U U R U U U U U U U U L U U U U U U U U U U R R U R U R U U D D L D L D L L D D D D D D L L L R R R U U U U U U R R R U U U U R R L L D D D D L L L L D D D D D L L D D L L D L R U R R U U R R U U U U U R R R U R R U R L D L L D L L D D D D D D D D D D R D D D D D D D D L D D D D D D R D R R D R R R R D D D D D R R R R D D D R R R D D 
99 39 7 146
654 624 33 46 716 613 840 
U U U L L L L L L D D L L L D L L L D D U U R R R U R R U U U D D D R R R R R L L L L L L L L L L L R R R R U U U U U U U U D D D L L R R D D D D D R R R R R R D R D D D D D R R L L U U U U U L U L L L U U U U L L L U U L U U U D D D R D D R R R D R R R R R R L L L L L L D R R R R R R D D D 
27 8 4 40
924 720 386 164 
L L L L D D D L L L L D U R U U D D L L L L L L R R R R R R R R R U U U R R R R 
37 46 7 152
550 242 776 520 43 746 492 
D D D D L L L L L D U U U U U U R U U R D D D U U U R R U R U U D D L D L L L D D L D D D D D L R R R R R R U U U U D R D D R R R U U U U U U U U U L U U D D D L U U U U L U U R U U R U R U R D D D R D U R R U R L D L L L U U U L D L D L D D L D D R D U U D D D D D R U R D D D D D D D D D L L L U U L U 
64 3 3 158
456 162 22 
L L L U R R U U R R R U U U D L L L D L L L L L D L L U D R R U R R R R R U R R R D D D D R R U U U U R U R U U U U L L L U L L U D R R D R R R D D D D L D L D D D D L L U U L L L D L L L L L L L U D R R R R R R R D R R R R R U R U U U U R U D L D D D D L D D D D D L L L U D R R R R L U U U U L L L L L L L D R R R 
66 1 3 164
529 585 757 
R U R R U U D D L L D L R U R R W W W W W W W W W W W W W W W W W W R R R U U R U U R L D D L D D L L L L L L L L L L L L L U U L L U D L L D D L L L D L L L L U L L L L L L L L U U U U R R R R R R U U R R U U R R U D L L D D L L D D L L L L L L D D D D R R R R R R R R D R R R R U R R R U U R R R R D D R R R R D U R R R R D L 
47 88 6 197
137 104 822 481 216 507 
U R U U R R R R U U U D D D L L L L D L U U L L U L L U U U D D L L L L L D D D R D D D D R D D R D D D D U U U U U R R U R R U D L L D L L D L U U L U U U U L U U U U D R R R D D D D D D D D R L U U U U L L R W W W W W W W W W W W W W W W W W W W W W W W W W W W W W W W W W W W W W W W W W W W W W W W D D D D L D D D R R R R D U L L L L U U U R U U U U R U U U U R R D R R D R R D D R D L D 
14 7 3 58
91 770 332 
D D U R R R R R R R R L L L U U U D D D L L L L L L L L L L L L L L U U U L R D D D R R R R R R R R D D D U U U R U 
63 75 6 91
733 775 936 176 47 387 
L L U D L L D U L W U U U D D D L L L L L D U U U L U L U U L L L D D D D L L L L D U U U U U D D D D R R R R U U U U R R R D D R D R D D R R R R R R R R R R R R U R R R L L L D L L 
1 6 3 200
195 674 112 
R D D L D D U U L U U D D D U R R R R R R R R R D R R D R D R R R L L L U L U L L U L L L L L L L U U L R D D R R R R D R R R R U U R U R R R R R R U R R W W W W W W W W W W W W W W W W W W W W W W W W W W W W W W W W W W W W W W W W W W U U U U U U U U U L U U U U L L D D D L L L L L L L L L L L L L L D L D D U U R R R R R D D D L L L D D D D D R R D R R D D R L U U L L U L L U U U U U R R R U U 
68 15 5 189
823 992 832 603 499 
D U U L L U L L L U L L R R D R R R R R R R L L L L D R D D D D U U U U L L U L L U L L U U D D R R D R R D R R R D R R U U R R W W W W W W W W W W W W W W W W W W W W W W W W W W W W W W W W W W W W W W W W W W W W U R L U U U U W W W W W W W W W W W W W W W W W W W W W W W W W W W W W R U W W W W W W W W W W W W W W U U U U R R U R L D L L D D D D D L D D D D D L L D D L L 
61 28 5 160
868 798 427 413 874 
R D R L D U U R R U U U U U L L L L L L U L U U U R R R U U R U R R R R R R U R U D L D L D U R R R R R U R R R U U D D L L L D L L L D D D U U U L L L L L L L D L D D L L L D D D R D R R R R R R D D D D D L L L R U U R U U U R U R U U U U R U U U U L L L L L L L L R R R R R R R R D D D D L D D D D L D L D D D L D D L 
9 66 4 200
303 376 493 50 
D D D D D D L L L D D L L D U R R U U R R R U U U U R R R R L D D D D D D D D D U U U U U U U U R D R D U U U U U U U R R R U U U U D D D D L L L D D D D D D L L L R R U L U L L L U U L D L L D L W W W W W W W W W W W W W W W W W W W D L L L L L U U U R R U R R U U U U D D D D L L D L L D D D R R R R R R R R R R R R D U L L L L L L L L L D L D D D D D D L R U U U U U U R U R R R R L L U R U R R U 
25 89 5 200
283 82 443 200 496 
L L U L R D D D D D D D D D D D D D D D D D D D D D D D D D D D D L D D D D L R U U U U R U U U R R R L L L L L L L L L R R R R R R U U R R R R R R L L L L L L U U U U U U U U U U U U U U U U U U U U U U R W W W W W W W W W W W W W W W W W W W W W W W W W W W W W W W W W W U U U R R R R R D D R D D R R D R R R R D D R D R D D D D R R R R R R R R L L L L D D D D L R U U U D D D D L D L L L D D D U 
43 13 6 200
37 744 877 600 284 226 
R R U D L D D D D D D L R U U R R R R R U U U U L R D D D D L L L L L U U U U L D W W W W W W W W W W W W W W W W W W W W W W W W W W W W W W W W W W W W W W W W W W L L R R U R U U W U U U U U D D D D D D D L D U U U U R R R R R R U L L L L L L L L L L R R R R R R R R R R U U U U U R U U R L D D L D D D D D D L L L D D D D D D L L L L U U U U U L U U U U U D D D D D R D D D D D R R R R U U U U U 
94 68 7 200
925 599 177 982 833 985 911 
R R U U U U U U U U U D D D D R R R L L L L U R U U U R U R U U U R U U L L L R R R U U U L U U U U U U L U L L L U L R D R R R R L L U L L L L U L L L R R R D R R R R D R D R D D D D D D R D D D D D L D D L L L L L L L L D R D R R R D D D L D D L L L R R R D D D D D R R R R R U U R U U U U U U U U U U U L L U U L L L L U L U L L U U L U U L U D L L D D D D D D D D L L D L L U U U U L U D R D D D 
1 43 8 200
543 899 5 96 465 150 760 124 
R R R R R D D R R R R D U U U U U U U U U R U U U D D D L L L L L L L U U U L R U U U U D D D D D D D R R R D D U R R L L L D L L D D L L L R U U U U U U U R U D L D D D D D D D R R U R R L L U R R U R U R R R U U D R R R R R L L L L L D D D L L L U U U U L U U L L L L L L R R R R R R D D R D D D D R U U U U U R U L L L L L L L D D L R D R R D R R D R D D R R D D U U L L U U L U L L U L L U U U R 
99 5 5 155
77 501 513 209 958 
U L L L L L L L L L D L R U R R R R R L L L L L L L L L L L D L U U U U U D D D D D L R R D R D D R R U R R R R R R W D R R R R U R R L L L U U L L L L R R R R D D R D L L L L U L L L L L L D L L U U L U U R R R R R R R R R R U U U U U U U L L U L L R R D R R D D D D D D D L L L L L R R R R R U D R R R R R D 
28 97 8 200
675 866 715 956 23 691 876 900 
R R R D D D D U U U R R R R R L L L L L L L L D D L R U U R R R U R R R R R R R R R R U D R R R D R R D D R R R D R R D D R D D R R D R R L L U L L U U L U U L L U L L L U U L L L L R R R R R R L L L L U L L L L L L L L L L L L L L D D D D D D D D D D D R R R L L L U U U U U U U U U U U R R R R R R R R R R R R R R R R R D R D R D U L U L L L L L L L L L D D R D D R R R L L L U L L L R R R U L U U 
91 9 6 174
640 669 311 347 172 642 
D L L L L L U L U U L L U U U U U U U U U U U U U L L L U U U U U U R L U L U U U U L L R R D D D D R D D D D D D D R R R D D D D D R R R U U U U U L U D R D D D D D L L L D D D D L L R R D D D D U U U L L L U R R U R R L L D L L D R R R D D D R R D D R D R R D D D R R R R R R R R R D D D D D U U U U U L L L L L L L L L U U U U U U D D D R R R U 
17 36 8 200
256 774 930 479 41 905 965 854 
D U U U U U U U L L U U U L L U U U U U U U U L R U R U U U U U R D R L U L D D D D D L L L L U L U U U L L R R D D D R D R R R D D D D D D D D D D L R U U U U U U D D D D D D D D L L D D L L L L L L L L D D U U R R R R R R R R U U R R U U U R R U U U R U U U L L L L L L U L L D D D D R L U U U U R R D R R R R R R D D D L D D D D D D D D D D D D D D D D L L R R U U U U U U U U U U R R D D D D D D 
90 0 7 144
105 802 796 990 488 297 40 
U U R U U R U R R R L L L D L D D L D L R U U R R R U R U D L D L L L L L L L R R R R D R R R R R R R R R L L L L L L L L L D L L L L L L U U L U U U U R R R R R R R R R R U U U U L L L R R R D D D D L L L L L L L L L L D L L L L L L R R R R R R R R R R L L L L D D D R D D R R R R R R D 
86 14 5 200
591 415 780 355 620 
R D U L U U U U R R R R U U U U U R R R R U R U D L D L L L L D D D D L L L L U U U L R D D D R R R R D L L L L D D D D U L L W W W W W W W W W W W W W W W W W W W W W W W W W W W W W W W W W W W W W W W W W W W W W W W U U W W W W W W W W W W W W W W W W W W W W W W W W W W W W W W W W W W W W W W W U U U L U U L U U L U U U L L U U L L L U L L R R R R U U R U U U U R L D D D D L D D L L D R R R 
50 28 4 162
114 214 2 89 
L D U L L L L L L R R D D D D D D D U U U U U U U L U U L U U U L L L U L L L L D D D D D D D U U U R R R D D D R R R R R R R D L L L D L D D D D D D R R R D U L L L U U U U U U R U R R R U L L L U D L L L L L L L D L D D D R D L L L D U R R R U L U U U R U R R R U U U L L L U U U U R R R R D R R R D D D R D D R R R R R R 
49 79 4 104
662 141 417 462 
R D D D D D L D D D D D L D L D D L L R R U U U U U D D D R U R U U L W W W W W W W W W W W W W W W W W W W W W W L L L L L U U U L L U U L U U U U L R D D D D R D D R R D D D R R R R R R U U U R U U U U U L 
99 11 3 154
356 445 483 
L U U U U U U U D D D D L L R R D D D L D D U U U U U U U U L U U L U D R R R U U U R U U U U U L L L L L D D D D L U U U U L U U L U W W W W W W L L R R D R D D R D D D D R R R R L L L U U U U R R R R R D D D D D L D D D L L D D R D D D D L R U U U U U U R U U U U U D L L R R D D D D L D D D D D D D D R R 
60 62 4 192
748 206 351 699 
D R R R D D D L L L L U U U U U U U U D D D D D D D D R R R R R R R R D R D D R R L L U L L L L L L L L L L L L L L L R R R R R R R R R R R R R R R U L U L L L L U U U U U U U L L U U L U U U U U U U R R U U R R U R L D L L D D L L D D D D D D D R R R U U D D L L L U U U U U U U U U U U L U U L U U U L U U U L R D D D R D D D R D D R D D D D D D D D D D D R D D R R D D D D L L L U 
20 93 6 200
393 449 478 567 953 704 
R D D D L L L L L L U L U D D D D D D D R R R L L L D D D D D D D L L D D D L L L L L L U U R R U U U U U U R L D D D D D D L D U L D D R R R R R R D D D U U U L L L L L L R R R R R R U U U R R U U U U U R R L L D D L D D U U R U U U U U U U U U U R D R R R R R R U U U L L D D L D L L D D L D D D D D D D D D D D D D D R R R R R U R R U U U L R D D D L L D L L L L L U U L L L U D L L R R R R R U U 
60 97 6 200
518 799 651 66 394 321 
D R D R D R R R R D R R R D D D D U U U U L L L U L L L L U L D D D L D D R R R L L L U U R U R R L L L D D L L L U L U U U U U U U R L D D L L L L L L L W W L R R R R R R D D D D D D D D D D D R L U U U U U U L L L L L L U U L L L L U L L L L D L L D D D L D D D R R R U R R R R R R D D U U L L L L L L D L L L U U U U U U U L U D R D D D L R D R U U U R R U R R R R D R R R R D D R R R R R R U U U 
89 55 9 200
293 252 710 836 184 680 179 665 8 
D D L L L L D D D L D U R L L L L D D L U U L U L U U L U L U L U U L L L U L L U L U L L U L U U U U R R R R R R R R R R R R R D D D R R D D D D D D U U R R R R R R U U U U L L U R R U R R R U U U D D D L L L D L L D R R D D D D L D D U U L L L U U U U U D D D D D L L U L L L R R R D D D R R D R D U R U R U U R U R R W W W W W W W W W W W W W W W W W W R R R R R W W W W W W W W U U D D L L L L L 
86 75 4 200
815 835 666 948 
L U L L L L R R R R R R R R R R R R R R U U R U R U U U L L L U U R R R L L L D D D D D D U U U U R U U R R R U D L L L L L U U D D R R D D R R D D D L D L D D L L D D D D D D D D D R R R R U U D D L L L L U U U U U U U U U L L L L L L D D D D D D D D D D R D R R R D D R D D D D L L D D D R R R R R D R R D D D D L L L R R R U U U U L L U L L L L L U U U R R U R R R R R R L L L L L L U U U L L L R 
62 57 6 200
79 678 18 882 708 607 
L L L D U L L U L L L L U L L L L U D L L L L L L D L R R R R D R L U L L L U U U U U L L U U L D D D U U U L U U U U L L L D R D R D U L U L U R R R D D D D R R D D R R D D D D R R R R R R R R R R D R R R R D R R R R R R R R R D R D U L L L L L L L L L L L L U L U U L U U U U U U U U U L L L L D D D L L L U D R R R U U U R R R R D D D D D D D D D L L L L L L L L R R R R R R R R R D D R D R R R R 
26 0 5 200
765 976 926 497 444 
U R R L L U U U U U U L L R R R R U U L L L L L U U L U L L U U U U U U U R U U U U U U U U U U U U U U U U U U U U U U U U U R U U U U D D D D L L L R D D D U U U L U U U U U L U D D L D D D D L R R D R D D R D U L U U L U L U U U U R U U U L R D D R U U U U U U R U D D D D D D U U U U U L D D D L L L L L L L R R R R R R R D D D D D D D D R R D D D D D D D D D D D D D D D D D D D D D D D D D L D 
81 28 6 200
917 264 360 502 485 919 
L U D R R R R R D U R R R L U L L L U D R R R D D R D R D D U U R R R R R R U R R D D D R L U U U L L D L L L L L L L D D D D D R L U U U U U U L U L L L L L L U U U U U R U W W W W W W R U U U U U U U U U U D D D D D D D D D D D D D D D D D D D R D D D D R D R W W W W W W W W W W W W W W W W W D R R R R U U U U U U U U L U L U L L L U U U U U U U U U U U U U U U U U U U R U R L D L D D D D D D D 
61 68 4 126
788 981 931 491 
L L L L L L D D D D L L R R U U U U R R R R R R U U R R R R U R U U R R R R U R R R R U D L L L L D L L L L D D L D L L L L D D L L L L D D U U R R R R U U R U R U U U W W W W W W W W W W W W W W W W W W W W W W W W W W W W W W L U D R D D D L D L D D 
16 61 8 200
440 861 942 281 295 759 749 335 
L U R R R R U R U D D D D D D D R R R R R R R U D L L L L L L L D D D L L R R U U D D D D D D D D D R R L L U U U U U U U U U U L R U U U U U U L L U U L U U L U U L U U U U U U L L D D D D D D D D U U U U U U U L L L L R R R R U R R D D D D D D R D D R D D R D D R D D R D R L U U U U D D D L U L L L L D R U U U U U U R U R U U R U W W W R R R R D R R R D D L L L D D D D D D L W W L D U R R U U U 
34 77 5 200
731 429 670 844 912 
R R U U U L R D R R R L L L D D L L D D D D D D D D D D D R R D D R L U U L L U U U U U U U U U U U L U L U L L L L L L R R R R U U U U U U U U U R U U R R R R U U U U U L R D D D D D L L L L D D L D D D D D D D D D L L L L D D D D D D R R R D D R D D R D D D L L L L L L L L L L U U U R U U D D L D D D R R R R R R R R R D D D D D D R R R R R R R R R R U D L L L L L L L L L L U U U U U U R U U U L 
72 14 2 200
130 116 
U U U L L R R D D D W W W W W W W W W W W W W W W W W W W W W W W W W W W W W W W W W W W W W W W W W W W W W W W W W W W W W W W W W W W W W W W W W W W W W W W W W W W W W W W W W W W W W W W W W W W W W W W W W W W W W W W W W D D D D D R D D R R U U R R R R U U U U R U R U R U U R U R R R U D L L L D D D D D D D R R D D R D R D R R R R R R U U R U U R R L U U U D D D L D D L D D L L L L L L U 
40 30 1 44
813 
U U L U L L D D D D D D D D L L D L L L L L R R R R R U R R U U U U U U U U R R D R D D 
46 84 4 184
247 189 72 920 
D D D D D L L D D U U R R U U R R R R R R R R D D D D R R D R U U U U U U U U U U R R R R L L L D D D D D D D D R D U L U U U U U U U U U D L D D D D D D D D D D L U L L U U U U D R R U U U D D D L L U L L L L L L L U U U R W W W W W W W W W W W W U D R R R D D D R R R D R D R R D U L L U L U L L L U U U L L L L U L L L L L L U U U D D D R R R R R R D D D D L U U U 
37 75 7 200
401 820 875 705 288 859 793 
R R U U R U D R D U L L D D L L U L L U U U U U U L L R R R U U U U U U L L U L L R R D R R D D D D D D D R D D D R D D R D D R D R D R D D R R R D R D U L U L L L U U L U L U L U U L U U L U U U L U L D D D D D D L D D D D D D D D D D R D R R D R R R D D L D L L D D D R L U U U R R U R U U L L U U D D L U L L U L U U U U U U U U U U R R R D U L U U L U D D D L D D D D D W W W W L R U U U U U R U 
33 17 3 160
469 453 500 
R U U U U D D D D D D L L D L R U R R U U U U R R R R U U U D D L L L L L L L U U U U U U U U U U U U R U U U R U R R U R U D L D L L D L D D D L D D D D D D D D D D D D R R R R R R R D L L L L D D L R U R U R R R U U U R U U U U R R R R L U U U U L U U L L U L R D R R D D R D D D D L L L D D D D L D D D L L L D L D L 
26 47 6 199
754 151 848 688 357 406 
U R U R R U U D D R D U R R U R R R R R R R L L L L U U U U U U U U L L L L L L L L L L U U U U L L L R R R D D D R L D R R R R R R R R D D D D D D D R L U U U U U U U R R D D D D D D D D L D D U U L L U U U U L L L L L D W W W W W W W W W W W W W W W W W W W W W W W W W W W W W W W W W W W W W W W W W W W W W W W W W W W W W L R U R R R R R R L D D D U U U L U L R D R D D D D D L L L L L D L D 
67 5 3 200
301 989 108 
U U U U U L L L L L U U U U L L U L L L L L L L L L L U L L L L L L L L L U U U L L D D D U U U R R D D D R R R R R R R R D U R D R R R R R R R R L L L L U L L R R D R R R R R R D R R D D D D R D D D L L L L L D L L L D U R R R U R R R R R U U U L U U U L L U L L L L U D R R R R D R R D R R L L D D R D D D L L L L R R R R U U U U U L L U L U U L L L U L L L U U D D R R R D R R R D D R D R R D D R 
27 76 4 200
650 428 986 910 
R R D D R R R D D D R D D D D D L L D D D L R U U U R R U U U U U D D D D D D R D R D D D U U L L L L U D R R R R U L U L U U U U U U L L R U U U L L L U U L L R D D R R R R D D R D D D D D D D D D R D R R D D D D D D D D R D D D D R L U U U U L U U U U U L L L L L L L L L L R R R R R R R R R R D D D R D R L U L U U U U U L L L L L U U U D D D R R R R R U L L U L U U U U U U U U U L U U L L L L U 
72 28 5 200
562 703 974 807 928 
R U U L L L D D U U U U U U L U L L L L D L L L U L L L L U D R R R R D R R R U R R R R R U R W W U R R R R R U R U R U R U U W W W W W W W W W W W W W W W R U U U L U U U U L L U L U L L L L L L L L L L L L L U U D D R R R R R R R R D D D D R D D D U U U L U U U U R R R U U U U D D D D R R D R D R R D D R R R U R L D L L L L L L L L L L D D D D R R R R R D U L L L L L U U U U R R R R R R R D D R 
50 73 4 200
806 818 782 909 
R R R R R R U R D D D R R R U U R R U D L L D D L L L L L L L D D L L L D L D D L L L L U U R U U R U U R U D L D D L D D L D D R R R R U U R R R R D D D D D R R R U R R R R R R D D U U L L L L L L D L L L U U U U U L L L U L L L L U U U L L L R R R D D D R R R R R R R R D R D D D D D D R L U U U U U U L U L L L L U L L L L U L L L R R R D R D D D D U U U U R R R D R R R U U R R R R U U U L D L L 
85 60 6 142
677 53 296 597 795 682 
R U U D D R D R R R R D R D R R L L U L U L U D L L L U D D L L L L D D D D D D D U U U U U U U L D L L L L L R R R D D U L R U R R U R R R R R U U L L U R L D R U W W W W W W W W W W W W W W W W W W W W W W W W W W W W W W R R R R D R R R R R D R L U L L L L U U D D L U L L L L D L 
78 92 4 52
812 536 516 606 
L L L U U L U U L U U R R R R L L U D D D U U L L U D D D D D D D D L D U R U U U U U R D D R D D R R R 
38 54 4 106
837 557 803 74 
D U R R R R R R R L U D L L L L L L L L L R R R R R R U D L L L L L U U U U U L U L U L U R R R R R U U U U U U L L U U D D R R D D D D D R L D L L L L L D R D R D R D D D D D D D D D D D D U U U U R L U U U R R 
93 31 7 200
193 319 115 67 42 643 99 
D D D L L R R R R R R R L L L L L U U L L L D D U U R R R U R R R R U R U R U U L L L L L U U L L L L L U L L L R R R D R R R R R D D R R R R R D D L D L L L L L L L L R R D D R D R D U L U L U U U L L L U L U R R R U U R R R R R L L U D L L L D D L L L U U U U U U U R U U R R U R L D L L D D L R R U U U R R U U U U U R R U R R R U D L L L D L L D D D D D L L D D D L D D D U U U L D D D D D D D D 
32 21 8 200
791 146 93 539 725 906 424 272 
L L D U R R R R R R U U R R U U U U U U D D D D D L L L U U U D R R R R R L L L L L L L R R D D R R R D L L D D L L L L W W W W W W W W W W W W W W W W W W W W W W W W L L L W W W W W W W W W W W W W W W W W W W W W W W W W W W W W W W W W U L L L U U L L L U U U L R U U U U U D D D D R L D D D D R R R D D R R R D R R R L L L L L L U U U U U U U U U U D L L L L W W W W W L L L L L L L L L L U L U 
46 46 6 200
526 729 218 758 540 609 
U R R R R R L L L L L L L U L L D D D L L R R D R D D D D D R R D U L L U U U U U L U U U U R R D R R U U U U U W W W W W W W W W W W W W W W W W W W W W W W W W W W W W W W W W W W W W W W W W W W W W W W W W W W W W W W W W W W W W W R U U U U R R R R R D R R R D R R D R R R D D R D D D D D D U U U U D D D D D R D D R D R D U L U L U U L U U U R R R R R D D D R R D D R R L L U U L L U U U L L L 
50 67 5 200
127 587 752 59 884 
R R D D D D D R L L D L L L L D U L L U L U U L L U U U L L U U U L U U L L L U L U D R D R R R D R R W W W W W W W W W W W W W W W W W W W W W W W W W W W W W W W W R U U L L U L U U L U U L U L U U U L L L L L U L L L U L U L U R R U U U U U L L L R R R D D D D L L L L L U U D R R R R U U L U D R D D L L L L D R R R R R D L L D R D R D R R R D R R R R R D D D R D R D D R D D R D R R D D L L L D 
85 12 4 172
185 830 169 416 
L U R R R U U U R U R R R R R D D U U L U U U U R R R R D R D U U D L U L L D D D U U U R R D R L U L L L L D L L L L L U U U U U D D D D D R D D U U R R R R D D D R R R W W W W W W W W W W W W W W W W W W W W W W W W W W W W W W R U U U U U L U U U D D D R D D D D D L L L L L L L L D L D R R R R R U U U R U D L D D D L L L L L D D L L L D R 
4 10 2 52
745 534 
U U U U L U D D D D D D D D D D R R R R R R R R D R R L L U L L L L L L L L U U U U U U U U U R D D D D 
5 14 4 130
524 70 827 627 
U U R L D L L L D D D D D L L R D D D L D D D D R R R R R R D U L L L L L L U U U U R U U U R U U U U U U U U U D D D D R R R R R R R R D U L L L U U R R U D L L D D L L L L L D D D L D U L U D R D D D D D L D D D D R R L L U U U U R U U U U U R U U U R R R D 
1 26 5 200
808 257 706 952 399 
D D U U R R R U U U U L L U L L R R U R U R R U U R U R R R R R D U L L L L L L L U L L U L L U U U U U U U U U U U U U U U U R U U U U U U L U U R R R U R R R R R R D D D D R D D R D R L L D U L L L R R R R U L U U L U U U U L L L L L L D L L L D D R D D D D D D L D D D D D D D D D D D D D D D D R R D R R R R R R R R R R L D D D D D D U U U U U U L L L L L L L D R R R R R D D D D R R R R L L L L 
33 16 3 200
384 636 962 
L L U U L L L U U U U L L U U L U L U U U U U U U U U U U L R U U U U D D D D R R R R R D R L U L L L L L U U U U L U D L D U R R D D D D D D D D D D D D D D D R D R D D R R R R R R R R R R D U U U U R R U R R L L D L L D D D L L L L L L L L D D D D L D L L D D D D R R R R D D U R R R R R R R R R D D R L U U L L L L L L L L L U L L L L U U U U R R U R R R R R R U R U R R R D U L L L D L D L L D D 
58 55 6 200
693 426 656 898 123 960 
D D D D D D D D R L U U U U U U U L L L L L L L D D D U U U U U U U D D D D R R R R R R R R R R R R R R R R R R U U U U L U L L L U U U U U U L U U U U R U U U R U U U R R R R R U R U R U R R U U R R R U U U U U U U U U U U R U U U U U U L L L L L L L D D U U R R R R R R R D D D D D D R D R R L L U L L D D D L L R R U U R U U U U U U L L L U L L L L D D D D D U U U U U R R R R D R R R D D D D D D 
41 9 3 100
403 278 365 
L D L D L U U U U U L L D D D D D D D R D D R D R R R R R L L L L L U L U L R U L U U U U U U U L R R R D R R L L D D D D L D D D L L D U R R U U U R R U R U R R U R R R R U U U U D D D D L L L L D L 
24 97 4 192
935 797 955 879 
D R D D D L D R R R R R R D D R L U U L L L L L L U U L U U U U D D D D R D R R R R R D R R R R U U U D D D L L L L U L L L L U U U L U L L L L L L L L L D D D D D U U U U U R R R R R R R R R R U D D R D D D R R R L L U U U U U U R R R R L L L L D D D D D D L U U U L U U R R R R U R R R L L L D L L D D R R D R D D D R D R U U U U U R R L L D D D D D L U L U U U L U L L U U L L D L 
86 59 7 200
504 361 558 26 886 380 397 
L L U U U U U U R U R R R L L U U U U U U U L L L U U U U R R R R R R U R L U U U U U U U L U U L L U U U U D D D D D L D D L D D D L L R R U U U R U U R U R R D D R R R R R U R U U U L L R R D D D L D L L L L L L U U U U U L L L U D R D D D D D D D D D D R L U U U U U U U U U U R R D D D D R L U D D R R D D D D D D D D L L L L L L L L L U D R R R R R R R R D D D D D D R R D D D L R U U U L L U U 
7 81 5 200
434 320 341 831 350 
L U U U L U U U U U D D D D D R R R R R R R U U U U U U U U U U U R U U U R R R R R U R R L L L L L L L L L R R R R R R R D L L L L D D D U U U L L L L L L L L L D L D D D D D L R U U U U U R L D D D D D L D D D D D D D R R R R R R U R L D L L L L L L U U U U U U U L U L L R R D R R U R R R R R D D D D U U U U L L L L L U U U U L L L R R R R U R R R R R R R R D D D L D D D D D D D D D D D L L L L 
15 19 6 200
487 574 450 9 530 396 
D L L L U U U L L L U L L L U D R R R D R R R D D D R R D D D D D D D U U U U U U U L L L L L L R R R U U U L U U U U L L L U L R U R R U R L L R R R R R U R R R R U R U R L D D D D D R L U U U U L U L U U U D D D R D D L L L L D L L L L D L L D D R R R D D D D R D D L L L L L L L U U U L L U L L U U U U U U U U U R L D D D D D D D D D R R D D D U U R R D D D R R R R R R R U U U U R U U U U D D D 
85 97 8 200
626 85 480 873 125 323 145 739 
R D D R D D D R L U U R R R R R R R R R R R R L L L L L L L L L L U U U U U D D D D D R R L L D L L D L L L L L L R U U U U R U D L D D D D R R R R R R D D D D D D R R R U R R U L R D L L D L L U U U U U R R L L D D D D D R D D D D D R L U U U U U L L U U U U U U L L L L L L L D W W W W W W W W D D U R R D R L U L L U U R R R R U D R R U R R U U U U R R R R U R R R R R D R D L L D D D D L L U U U 
62 9 4 200
405 421 809 979 
D L L L L L L L L L L L D D D D D L L L L L L L L D U L L U U L L L U L U U U U D D D D R D R R D D D D U U U U R W W W W W W W W W W W W W W W W W W W R R R R R R R R U U D L R D L L L L L L L L D D R R R R W W W W W W W W W W W W W W W W W W W W W W W W W W W W D U R R R R U U U U U U U U U U U U D D D D D D D D L L L L L R R R R R D D D D R R U U U U U R R R R R L L L D L L D L D D L L R R U U 
65 20 5 200
671 927 139 566 878 
U U L L U L L L L R R R R U R R R U U U U U U R U R U U U D D D L D L D D D D L L L L L L L U U U L L L D D D D R D D R R R D D D R R R D D R R R D R R R L L L U L L L U U L L L U U U L L L U U L U U U U R R R D D D R R R R R R R D D R R D D R R U R R U R D D D R R D R D R L U L U L L U U U U U U R U R U D L D L D D D L D L L D L L U U L L L U U U U U U U U U U U U U U U U U U U D D D D D R L D D 
71 7 3 122
290 850 154 
U U U U U U U L U U L U D R D D R D R R U R L U U U U L L L L L L U L L L U U L L L U U L U L R D R D D U U U L L U L U U L U D R D D R D R R D D D R R R D D R R R D D D D U U U L L L U U L U D R D D R R R R R R R R R D D D D D L L D D D D D D 
60 29 4 200
932 707 949 950 
U U U U U D D D D R R L L L L U U W W W L U L U U U U U R U R U U U R R R R R R R R R R R R R R R U U R R R R D R R R D D R L D D D L L D D U U R R U U U U U L L U U U L L L U L U U L U L R D R D D R D R R R D D D L L R U L L L L D D L L L L L L L L L L L L L L L D D D L D L D D D D R R R U U U R R R U R L D L L L L L L L L U U U U D D D D R R R R R R R L L L L L L L U U U L L R R D D D R R R R R 
64 35 3 68
129 60 454 
R R R D D U U L L L U L U L U U D D R D R R R R R R U R R R U U U R R R R R U D L L L L L D D D L L U U R R R L L L D D L D L L L L L D 
90 87 8 200
575 560 51 197 12 734 641 316 
U U R U R U U R R R R D D R R L D D D D U U U U L U U D D D D D D D R U U U U U U U U U R R U D L L D D D D D D D D D L U L D L W W W D D R D U L U U U U U U U L U D R D D D D D R U R U U U U U U L L L L U U U L L R R U R R R U R R U D L D D D D D D D D D U U R R R D U L L L U U U U U L L D D D D D D D D D L D L L R R U R U U U U U U U U U R R U U L U L L R R D D R R R R L L L D D D U U U L L L L 
11 85 6 143
559 528 592 362 576 230 
U U U U U U U U U U L L U D L L L L L L L D D D L R U U U R R R U U U U D D R R L L D D L L D L D U R U R U U D D R D D D D D D D D L D U R U U U U U U U U R R L U D R R R D D D D D D D D W W W W W W W W W W W W W W W W W W W W W W W W W D D U U U U U U U U U U R R D D D D D D D D D D 
58 1 2 134
661 512 
U U D D R D R R R R L L L L L L L L L L L L L L L L L L L L L L L L L L L L L U U L U R U U U U U U U U U U R R R R R R R R D D D D D D D D R R R L L L U U U U U U U U L L L L L L L L D D D D D D D D D D L D R D D R R R R R R R R R R R R R R R R R R R R R R R R R U L 
15 11 4 156
364 367 639 294 
R R U U R D D D D R L D L L L L L L L L L L L L U U U L U U R U U U U U L U L R D R D D D D D R R R R R R R L L L L L L L L D D L L L R R R R R R R U U R R R R R L L L L L D D L L L L L L L D L L R R D D D R R R R R R D D D R L U U U L L L L L L U U U U R R R R D D D R R R R R R R R R R R R U U U U U L D D L L 
81 9 6 130
686 467 62 86 510 327 
D R D U L L L L L L D L D D D D D L L D L D U R U R R R R R R R R R R R L L L L L U U U R R U R U U U U L L L R U U U U U U U U U U U U U U U U U U U U L L R R D D D D D D D D D D D D D D D D D D D D R R D D D D L D L L D D D L L L L U U U U U R U R R R R R U 
28 0 5 200
107 971 75 852 800 
R R R R L L L L U R R R R R L U U U U U U U U U U U R U U R R R R R R R R R R R R R R L L D U L L L L L U U R R R R R R R R U U U U L L L L U U U U D D R L D D R R R R D D D D L L L L L L L L D D L L D D U U L R R U U D D D R D D R R D D U U L L U U L U L L L L L L D D L D D L L L L U L L U L L U U U U U U R R U R R U R R R R R U U U U U U R L D D D D D D L L L L L D L L D L L D D D D D D R R D R 
17 19 4 152
664 701 747 696 
D D D D R R D D D D D R D U L U U U U U L U U U U U U U U U U U U R L L L L L L U U L L D D U U R R D D R R R R R D D D D D D D D D D D D R D D D D D D D R D D D D D L D L L L L L L L L L L L R R R R R R D D U U R R R R R U R U U U U U L U U U U U U U L L D L D D L L L L L L R R R R R R U U R U U U U U 
41 53 4 116
68 888 954 914 
R D R R R U R U U L U L L L L L U L L U U U R R R L U U D D L L D D D D D L R R D D D D L D L L D L L L R R R D R D R D R D R D R L U L U L U L U L U U R R U R U U U U L U U R R D R R R R R D R D D L D D D D D D U U U U U L L L U L 
55 38 8 200
544 198 474 983 785 400 248 896 
R L U U U U U U L R U R U R R D R R R R D U L L L L R R R R R R R R R R L L L L L L L L L L U U U U U U U L L L L L L L L L U L L U U U U L L L L L U U U U L U L U U L L U D R R D D R D R D D D D R R R R R D D D D D D R D R D U L U L U U R U U D R R R R R R D R R L L U L L L L L L D R D R D D D D D D D D D D D D D D D D U U U U U U U U U L L L L L L L U D R R R R R R R U U U U U U U R R R R R R R 
53 28 4 133
618 594 845 274 
D D D D R R R D R U U U U U U U U U L R D D D D R R L L D D L R D D D L U L L L U U U U R U U R R R W W W W W W W W W W W W W W W W W W W W W W W W W W W W W W W W W W W W W W W W W W W W W W W W W W W W W D R R D D D R R R R R R L L L L L L U U U L L U L L L D D L 
5 82 11 200
579 227 964 52 772 777 891 457 171 277 260 
L R D D D D D D D D L L L D D D L L R D R R D U R R R R R R R R R R R R U U U U U D D D D D L L L L L L L L L L U D L L L L D D L D D D D U U U U R U U U R R R L L U U U U U U U U U U L U L U D R D R R L D D D D D D D R R R U U U U U U R R R U R R L L D L L L U U U U U R R U U U U R U D D R R U U U U U U L L L L U L W W W W L L L U L L U U R R R R U R R R R R R R R R R D D D D D U U U U U L L L L 
81 75 9 200
224 647 300 251 15 768 97 755 299 
D D D D D L L D L D D D D D D U U U L L L L L L L L U U U U D D L R D D L L L L L D D L D D L R U U R U U R U U U U R U R R R R R R R U R U R U R U R U R R R R D D D D R D D D L L D D R R R D U L L L U U R R U U U L U U U U L L L L D L D L D L D L D L L L D U R R R R R R U U U U R R U R R R D D D D D D D L D U R U U U U U U U L L L D L L D D D D L D D U U L L L L L L L L L D L D D D D R R R R R R 
